[2024-05-03T21:03:25.751-0300] {local_task_job_runner.py:120} INFO - ::group::Pre task execution logs
[2024-05-03T21:03:25.778-0300] {taskinstance.py:2073} INFO - Dependencies all met for dep_context=non-requeueable deps ti=<TaskInstance: a_primeira_DAG_v2.hello scheduled__2024-02-01T00:00:00+00:00 [queued]>
[2024-05-03T21:03:25.796-0300] {taskinstance.py:2073} INFO - Dependencies all met for dep_context=requeueable deps ti=<TaskInstance: a_primeira_DAG_v2.hello scheduled__2024-02-01T00:00:00+00:00 [queued]>
[2024-05-03T21:03:25.797-0300] {taskinstance.py:2303} INFO - Starting attempt 1 of 1
[2024-05-03T21:03:25.836-0300] {taskinstance.py:2327} INFO - Executing <Task(BashOperator): hello> on 2024-02-01 00:00:00+00:00
[2024-05-03T21:03:25.838-0300] {standard_task_runner.py:63} INFO - Started process 16487 to run task
[2024-05-03T21:03:25.840-0300] {standard_task_runner.py:90} INFO - Running: ['airflow', 'tasks', 'run', 'a_primeira_DAG_v2', 'hello', 'scheduled__2024-02-01T00:00:00+00:00', '--job-id', '772', '--raw', '--subdir', 'DAGS_FOLDER/primeira_dag_v2.py', '--cfg-path', '/tmp/tmp9gu4_jmk']
[2024-05-03T21:03:25.841-0300] {standard_task_runner.py:91} INFO - Job 772: Subtask hello
[2024-05-03T21:03:25.920-0300] {task_command.py:426} INFO - Running <TaskInstance: a_primeira_DAG_v2.hello scheduled__2024-02-01T00:00:00+00:00 [running]> on host PC-Tilto.
[2024-05-03T21:03:26.161-0300] {taskinstance.py:2644} INFO - Exporting env vars: AIRFLOW_CTX_DAG_OWNER='airflow' AIRFLOW_CTX_DAG_ID='a_primeira_DAG_v2' AIRFLOW_CTX_TASK_ID='hello' AIRFLOW_CTX_EXECUTION_DATE='2024-02-01T00:00:00+00:00' AIRFLOW_CTX_TRY_NUMBER='1' AIRFLOW_CTX_DAG_RUN_ID='scheduled__2024-02-01T00:00:00+00:00'
[2024-05-03T21:03:26.162-0300] {taskinstance.py:430} INFO - ::endgroup::
[2024-05-03T21:03:26.163-0300] {subprocess.py:63} INFO - Tmp dir root location: /tmp
[2024-05-03T21:03:26.164-0300] {subprocess.py:75} INFO - Running command: ['/usr/bin/bash', '-c', 'echo hello world']
[2024-05-03T21:03:26.169-0300] {subprocess.py:86} INFO - Output:
[2024-05-03T21:03:26.170-0300] {subprocess.py:93} INFO - hello world
[2024-05-03T21:03:26.171-0300] {subprocess.py:97} INFO - Command exited with return code 0
[2024-05-03T21:03:26.171-0300] {taskinstance.py:441} INFO - ::group::Post task execution logs
[2024-05-03T21:03:26.221-0300] {taskinstance.py:1205} INFO - Marking task as SUCCESS. dag_id=a_primeira_DAG_v2, task_id=hello, execution_date=20240201T000000, start_date=20240504T000325, end_date=20240504T000326
[2024-05-03T21:03:26.294-0300] {local_task_job_runner.py:240} INFO - Task exited with return code 0
[2024-05-03T21:03:26.328-0300] {taskinstance.py:3482} INFO - 0 downstream tasks scheduled from follow-on schedule check
[2024-05-03T21:03:26.331-0300] {local_task_job_runner.py:222} INFO - ::endgroup::
