[2024-05-01T18:38:42.857-0300] {local_task_job_runner.py:120} INFO - ::group::Pre task execution logs
[2024-05-01T18:38:42.884-0300] {taskinstance.py:2073} INFO - Dependencies all met for dep_context=non-requeueable deps ti=<TaskInstance: a_primeira_DAG_v0.hello scheduled__2023-06-30T00:00:00+00:00 [queued]>
[2024-05-01T18:38:42.900-0300] {taskinstance.py:2073} INFO - Dependencies all met for dep_context=requeueable deps ti=<TaskInstance: a_primeira_DAG_v0.hello scheduled__2023-06-30T00:00:00+00:00 [queued]>
[2024-05-01T18:38:42.900-0300] {taskinstance.py:2303} INFO - Starting attempt 1 of 1
[2024-05-01T18:38:43.012-0300] {taskinstance.py:2327} INFO - Executing <Task(BashOperator): hello> on 2023-06-30 00:00:00+00:00
[2024-05-01T18:38:43.014-0300] {standard_task_runner.py:63} INFO - Started process 4655 to run task
[2024-05-01T18:38:43.017-0300] {standard_task_runner.py:90} INFO - Running: ['airflow', 'tasks', 'run', 'a_primeira_DAG_v0', 'hello', 'scheduled__2023-06-30T00:00:00+00:00', '--job-id', '101', '--raw', '--subdir', 'DAGS_FOLDER/primeira_dag.py', '--cfg-path', '/tmp/tmpvwp6nw6k']
[2024-05-01T18:38:43.018-0300] {standard_task_runner.py:91} INFO - Job 101: Subtask hello
[2024-05-01T18:38:43.116-0300] {task_command.py:426} INFO - Running <TaskInstance: a_primeira_DAG_v0.hello scheduled__2023-06-30T00:00:00+00:00 [running]> on host PC-Tilto.
[2024-05-01T18:38:43.270-0300] {taskinstance.py:2644} INFO - Exporting env vars: AIRFLOW_CTX_DAG_OWNER='airflow' AIRFLOW_CTX_DAG_ID='a_primeira_DAG_v0' AIRFLOW_CTX_TASK_ID='hello' AIRFLOW_CTX_EXECUTION_DATE='2023-06-30T00:00:00+00:00' AIRFLOW_CTX_TRY_NUMBER='1' AIRFLOW_CTX_DAG_RUN_ID='scheduled__2023-06-30T00:00:00+00:00'
[2024-05-01T18:38:43.271-0300] {taskinstance.py:430} INFO - ::endgroup::
[2024-05-01T18:38:43.282-0300] {subprocess.py:63} INFO - Tmp dir root location: /tmp
[2024-05-01T18:38:43.283-0300] {subprocess.py:75} INFO - Running command: ['/usr/bin/bash', '-c', 'echo hello world']
[2024-05-01T18:38:43.287-0300] {subprocess.py:86} INFO - Output:
[2024-05-01T18:38:43.289-0300] {subprocess.py:93} INFO - hello world
[2024-05-01T18:38:43.289-0300] {subprocess.py:97} INFO - Command exited with return code 0
[2024-05-01T18:38:43.290-0300] {taskinstance.py:441} INFO - ::group::Post task execution logs
[2024-05-01T18:38:43.337-0300] {taskinstance.py:1205} INFO - Marking task as SUCCESS. dag_id=a_primeira_DAG_v0, task_id=hello, execution_date=20230630T000000, start_date=20240501T213842, end_date=20240501T213843
[2024-05-01T18:38:43.390-0300] {local_task_job_runner.py:240} INFO - Task exited with return code 0
[2024-05-01T18:38:43.418-0300] {taskinstance.py:3482} INFO - 0 downstream tasks scheduled from follow-on schedule check
[2024-05-01T18:38:43.420-0300] {local_task_job_runner.py:222} INFO - ::endgroup::
