[2024-05-03T21:30:21.301-0300] {local_task_job_runner.py:120} INFO - ::group::Pre task execution logs
[2024-05-03T21:30:21.325-0300] {taskinstance.py:2073} INFO - Dependencies all met for dep_context=non-requeueable deps ti=<TaskInstance: a_primeira_DAG_v0.hello scheduled__2024-04-27T00:00:00+00:00 [queued]>
[2024-05-03T21:30:21.341-0300] {taskinstance.py:2073} INFO - Dependencies all met for dep_context=requeueable deps ti=<TaskInstance: a_primeira_DAG_v0.hello scheduled__2024-04-27T00:00:00+00:00 [queued]>
[2024-05-03T21:30:21.341-0300] {taskinstance.py:2303} INFO - Starting attempt 1 of 1
[2024-05-03T21:30:21.374-0300] {taskinstance.py:2327} INFO - Executing <Task(BashOperator): hello> on 2024-04-27 00:00:00+00:00
[2024-05-03T21:30:21.376-0300] {standard_task_runner.py:63} INFO - Started process 2711 to run task
[2024-05-03T21:30:21.378-0300] {standard_task_runner.py:90} INFO - Running: ['airflow', 'tasks', 'run', 'a_primeira_DAG_v0', 'hello', 'scheduled__2024-04-27T00:00:00+00:00', '--job-id', '1056', '--raw', '--subdir', 'DAGS_FOLDER/primeira_dag.py', '--cfg-path', '/tmp/tmp_l74_41t']
[2024-05-03T21:30:21.379-0300] {standard_task_runner.py:91} INFO - Job 1056: Subtask hello
[2024-05-03T21:30:21.460-0300] {task_command.py:426} INFO - Running <TaskInstance: a_primeira_DAG_v0.hello scheduled__2024-04-27T00:00:00+00:00 [running]> on host PC-Tilto.
[2024-05-03T21:30:21.676-0300] {taskinstance.py:2644} INFO - Exporting env vars: AIRFLOW_CTX_DAG_OWNER='airflow' AIRFLOW_CTX_DAG_ID='a_primeira_DAG_v0' AIRFLOW_CTX_TASK_ID='hello' AIRFLOW_CTX_EXECUTION_DATE='2024-04-27T00:00:00+00:00' AIRFLOW_CTX_TRY_NUMBER='1' AIRFLOW_CTX_DAG_RUN_ID='scheduled__2024-04-27T00:00:00+00:00'
[2024-05-03T21:30:21.677-0300] {taskinstance.py:430} INFO - ::endgroup::
[2024-05-03T21:30:21.689-0300] {subprocess.py:63} INFO - Tmp dir root location: /tmp
[2024-05-03T21:30:21.689-0300] {subprocess.py:75} INFO - Running command: ['/usr/bin/bash', '-c', 'echo hello world']
[2024-05-03T21:30:21.694-0300] {subprocess.py:86} INFO - Output:
[2024-05-03T21:30:21.695-0300] {subprocess.py:93} INFO - hello world
[2024-05-03T21:30:21.695-0300] {subprocess.py:97} INFO - Command exited with return code 0
[2024-05-03T21:30:21.696-0300] {taskinstance.py:441} INFO - ::group::Post task execution logs
[2024-05-03T21:30:21.743-0300] {taskinstance.py:1205} INFO - Marking task as SUCCESS. dag_id=a_primeira_DAG_v0, task_id=hello, execution_date=20240427T000000, start_date=20240504T003021, end_date=20240504T003021
[2024-05-03T21:30:21.791-0300] {local_task_job_runner.py:240} INFO - Task exited with return code 0
[2024-05-03T21:30:21.812-0300] {taskinstance.py:3482} INFO - 0 downstream tasks scheduled from follow-on schedule check
[2024-05-03T21:30:21.814-0300] {local_task_job_runner.py:222} INFO - ::endgroup::
