[2024-05-03T21:00:11.900-0300] {local_task_job_runner.py:120} INFO - ::group::Pre task execution logs
[2024-05-03T21:00:11.923-0300] {taskinstance.py:2073} INFO - Dependencies all met for dep_context=non-requeueable deps ti=<TaskInstance: a_primeira_DAG_v0.hello scheduled__2024-01-08T00:00:00+00:00 [queued]>
[2024-05-03T21:00:11.939-0300] {taskinstance.py:2073} INFO - Dependencies all met for dep_context=requeueable deps ti=<TaskInstance: a_primeira_DAG_v0.hello scheduled__2024-01-08T00:00:00+00:00 [queued]>
[2024-05-03T21:00:11.939-0300] {taskinstance.py:2303} INFO - Starting attempt 1 of 1
[2024-05-03T21:00:11.975-0300] {taskinstance.py:2327} INFO - Executing <Task(BashOperator): hello> on 2024-01-08 00:00:00+00:00
[2024-05-03T21:00:11.977-0300] {standard_task_runner.py:63} INFO - Started process 15478 to run task
[2024-05-03T21:00:11.979-0300] {standard_task_runner.py:90} INFO - Running: ['airflow', 'tasks', 'run', 'a_primeira_DAG_v0', 'hello', 'scheduled__2024-01-08T00:00:00+00:00', '--job-id', '703', '--raw', '--subdir', 'DAGS_FOLDER/primeira_dag.py', '--cfg-path', '/tmp/tmp6hpa73j5']
[2024-05-03T21:00:11.981-0300] {standard_task_runner.py:91} INFO - Job 703: Subtask hello
[2024-05-03T21:00:12.063-0300] {task_command.py:426} INFO - Running <TaskInstance: a_primeira_DAG_v0.hello scheduled__2024-01-08T00:00:00+00:00 [running]> on host PC-Tilto.
[2024-05-03T21:00:12.228-0300] {taskinstance.py:2644} INFO - Exporting env vars: AIRFLOW_CTX_DAG_OWNER='airflow' AIRFLOW_CTX_DAG_ID='a_primeira_DAG_v0' AIRFLOW_CTX_TASK_ID='hello' AIRFLOW_CTX_EXECUTION_DATE='2024-01-08T00:00:00+00:00' AIRFLOW_CTX_TRY_NUMBER='1' AIRFLOW_CTX_DAG_RUN_ID='scheduled__2024-01-08T00:00:00+00:00'
[2024-05-03T21:00:12.229-0300] {taskinstance.py:430} INFO - ::endgroup::
[2024-05-03T21:00:12.241-0300] {subprocess.py:63} INFO - Tmp dir root location: /tmp
[2024-05-03T21:00:12.242-0300] {subprocess.py:75} INFO - Running command: ['/usr/bin/bash', '-c', 'echo hello world']
[2024-05-03T21:00:12.246-0300] {subprocess.py:86} INFO - Output:
[2024-05-03T21:00:12.247-0300] {subprocess.py:93} INFO - hello world
[2024-05-03T21:00:12.247-0300] {subprocess.py:97} INFO - Command exited with return code 0
[2024-05-03T21:00:12.248-0300] {taskinstance.py:441} INFO - ::group::Post task execution logs
[2024-05-03T21:00:12.352-0300] {taskinstance.py:1205} INFO - Marking task as SUCCESS. dag_id=a_primeira_DAG_v0, task_id=hello, execution_date=20240108T000000, start_date=20240504T000011, end_date=20240504T000012
[2024-05-03T21:00:12.473-0300] {local_task_job_runner.py:240} INFO - Task exited with return code 0
[2024-05-03T21:00:12.494-0300] {taskinstance.py:3482} INFO - 0 downstream tasks scheduled from follow-on schedule check
[2024-05-03T21:00:12.496-0300] {local_task_job_runner.py:222} INFO - ::endgroup::
