[2024-05-03T20:52:26.231-0300] {local_task_job_runner.py:120} INFO - ::group::Pre task execution logs
[2024-05-03T20:52:26.258-0300] {taskinstance.py:2073} INFO - Dependencies all met for dep_context=non-requeueable deps ti=<TaskInstance: a_primeira_DAG_v1.hello scheduled__2023-11-16T00:00:00+00:00 [queued]>
[2024-05-03T20:52:26.290-0300] {taskinstance.py:2073} INFO - Dependencies all met for dep_context=requeueable deps ti=<TaskInstance: a_primeira_DAG_v1.hello scheduled__2023-11-16T00:00:00+00:00 [queued]>
[2024-05-03T20:52:26.290-0300] {taskinstance.py:2303} INFO - Starting attempt 1 of 1
[2024-05-03T20:52:26.333-0300] {taskinstance.py:2327} INFO - Executing <Task(BashOperator): hello> on 2023-11-16 00:00:00+00:00
[2024-05-03T20:52:26.338-0300] {standard_task_runner.py:63} INFO - Started process 13061 to run task
[2024-05-03T20:52:26.342-0300] {standard_task_runner.py:90} INFO - Running: ['airflow', 'tasks', 'run', 'a_primeira_DAG_v1', 'hello', 'scheduled__2023-11-16T00:00:00+00:00', '--job-id', '541', '--raw', '--subdir', 'DAGS_FOLDER/primeira_dagv1.py', '--cfg-path', '/tmp/tmpimlg931k']
[2024-05-03T20:52:26.344-0300] {standard_task_runner.py:91} INFO - Job 541: Subtask hello
[2024-05-03T20:52:26.464-0300] {task_command.py:426} INFO - Running <TaskInstance: a_primeira_DAG_v1.hello scheduled__2023-11-16T00:00:00+00:00 [running]> on host PC-Tilto.
[2024-05-03T20:52:26.765-0300] {taskinstance.py:2644} INFO - Exporting env vars: AIRFLOW_CTX_DAG_OWNER='airflow' AIRFLOW_CTX_DAG_ID='a_primeira_DAG_v1' AIRFLOW_CTX_TASK_ID='hello' AIRFLOW_CTX_EXECUTION_DATE='2023-11-16T00:00:00+00:00' AIRFLOW_CTX_TRY_NUMBER='1' AIRFLOW_CTX_DAG_RUN_ID='scheduled__2023-11-16T00:00:00+00:00'
[2024-05-03T20:52:26.766-0300] {taskinstance.py:430} INFO - ::endgroup::
[2024-05-03T20:52:26.780-0300] {subprocess.py:63} INFO - Tmp dir root location: /tmp
[2024-05-03T20:52:26.783-0300] {subprocess.py:75} INFO - Running command: ['/usr/bin/bash', '-c', 'echo hello world']
[2024-05-03T20:52:26.788-0300] {subprocess.py:86} INFO - Output:
[2024-05-03T20:52:26.790-0300] {subprocess.py:93} INFO - hello world
[2024-05-03T20:52:26.790-0300] {subprocess.py:97} INFO - Command exited with return code 0
[2024-05-03T20:52:26.791-0300] {taskinstance.py:441} INFO - ::group::Post task execution logs
[2024-05-03T20:52:26.852-0300] {taskinstance.py:1205} INFO - Marking task as SUCCESS. dag_id=a_primeira_DAG_v1, task_id=hello, execution_date=20231116T000000, start_date=20240503T235226, end_date=20240503T235226
[2024-05-03T20:52:26.915-0300] {local_task_job_runner.py:240} INFO - Task exited with return code 0
[2024-05-03T20:52:26.941-0300] {taskinstance.py:3482} INFO - 0 downstream tasks scheduled from follow-on schedule check
[2024-05-03T20:52:26.943-0300] {local_task_job_runner.py:222} INFO - ::endgroup::
