[2024-05-03T22:38:53.694-0300] {local_task_job_runner.py:120} INFO - ::group::Pre task execution logs
[2024-05-03T22:38:53.720-0300] {taskinstance.py:2073} INFO - Dependencies all met for dep_context=non-requeueable deps ti=<TaskInstance: a_primeira_DAG_v1.hello scheduled__2024-05-03T00:00:00+00:00 [queued]>
[2024-05-03T22:38:53.740-0300] {taskinstance.py:2073} INFO - Dependencies all met for dep_context=requeueable deps ti=<TaskInstance: a_primeira_DAG_v1.hello scheduled__2024-05-03T00:00:00+00:00 [queued]>
[2024-05-03T22:38:53.741-0300] {taskinstance.py:2303} INFO - Starting attempt 2 of 2
[2024-05-03T22:38:53.793-0300] {taskinstance.py:2327} INFO - Executing <Task(BashOperator): hello> on 2024-05-03 00:00:00+00:00
[2024-05-03T22:38:53.795-0300] {standard_task_runner.py:63} INFO - Started process 17074 to run task
[2024-05-03T22:38:53.799-0300] {standard_task_runner.py:90} INFO - Running: ['airflow', 'tasks', 'run', 'a_primeira_DAG_v1', 'hello', 'scheduled__2024-05-03T00:00:00+00:00', '--job-id', '1108', '--raw', '--subdir', 'DAGS_FOLDER/primeira_dagv1.py', '--cfg-path', '/tmp/tmprzpajrf7']
[2024-05-03T22:38:53.800-0300] {standard_task_runner.py:91} INFO - Job 1108: Subtask hello
[2024-05-03T22:38:53.885-0300] {task_command.py:426} INFO - Running <TaskInstance: a_primeira_DAG_v1.hello scheduled__2024-05-03T00:00:00+00:00 [running]> on host PC-Tilto.
[2024-05-03T22:38:54.097-0300] {taskinstance.py:2644} INFO - Exporting env vars: AIRFLOW_CTX_DAG_OWNER='airflow' AIRFLOW_CTX_DAG_ID='a_primeira_DAG_v1' AIRFLOW_CTX_TASK_ID='hello' AIRFLOW_CTX_EXECUTION_DATE='2024-05-03T00:00:00+00:00' AIRFLOW_CTX_TRY_NUMBER='2' AIRFLOW_CTX_DAG_RUN_ID='scheduled__2024-05-03T00:00:00+00:00'
[2024-05-03T22:38:54.098-0300] {taskinstance.py:430} INFO - ::endgroup::
[2024-05-03T22:38:54.109-0300] {subprocess.py:63} INFO - Tmp dir root location: /tmp
[2024-05-03T22:38:54.115-0300] {subprocess.py:75} INFO - Running command: ['/usr/bin/bash', '-c', 'echo hello world']
[2024-05-03T22:38:54.120-0300] {subprocess.py:86} INFO - Output:
[2024-05-03T22:38:54.121-0300] {subprocess.py:93} INFO - hello world
[2024-05-03T22:38:54.121-0300] {subprocess.py:97} INFO - Command exited with return code 0
[2024-05-03T22:38:54.122-0300] {taskinstance.py:441} INFO - ::group::Post task execution logs
[2024-05-03T22:38:54.173-0300] {taskinstance.py:1205} INFO - Marking task as SUCCESS. dag_id=a_primeira_DAG_v1, task_id=hello, execution_date=20240503T000000, start_date=20240504T013853, end_date=20240504T013854
[2024-05-03T22:38:54.332-0300] {local_task_job_runner.py:240} INFO - Task exited with return code 0
[2024-05-03T22:38:54.354-0300] {taskinstance.py:3482} INFO - 0 downstream tasks scheduled from follow-on schedule check
[2024-05-03T22:38:54.356-0300] {local_task_job_runner.py:222} INFO - ::endgroup::
