[2024-05-01T18:43:06.921-0300] {local_task_job_runner.py:120} INFO - ::group::Pre task execution logs
[2024-05-01T18:43:06.946-0300] {taskinstance.py:2073} INFO - Dependencies all met for dep_context=non-requeueable deps ti=<TaskInstance: a_primeira_DAG_v0.hello scheduled__2023-07-18T00:00:00+00:00 [queued]>
[2024-05-01T18:43:06.960-0300] {taskinstance.py:2073} INFO - Dependencies all met for dep_context=requeueable deps ti=<TaskInstance: a_primeira_DAG_v0.hello scheduled__2023-07-18T00:00:00+00:00 [queued]>
[2024-05-01T18:43:06.960-0300] {taskinstance.py:2303} INFO - Starting attempt 1 of 1
[2024-05-01T18:43:07.000-0300] {taskinstance.py:2327} INFO - Executing <Task(BashOperator): hello> on 2023-07-18 00:00:00+00:00
[2024-05-01T18:43:07.002-0300] {standard_task_runner.py:63} INFO - Started process 5990 to run task
[2024-05-01T18:43:07.004-0300] {standard_task_runner.py:90} INFO - Running: ['airflow', 'tasks', 'run', 'a_primeira_DAG_v0', 'hello', 'scheduled__2023-07-18T00:00:00+00:00', '--job-id', '161', '--raw', '--subdir', 'DAGS_FOLDER/primeira_dag.py', '--cfg-path', '/tmp/tmp2p_j1uvm']
[2024-05-01T18:43:07.006-0300] {standard_task_runner.py:91} INFO - Job 161: Subtask hello
[2024-05-01T18:43:07.097-0300] {task_command.py:426} INFO - Running <TaskInstance: a_primeira_DAG_v0.hello scheduled__2023-07-18T00:00:00+00:00 [running]> on host PC-Tilto.
[2024-05-01T18:43:07.275-0300] {taskinstance.py:2644} INFO - Exporting env vars: AIRFLOW_CTX_DAG_OWNER='airflow' AIRFLOW_CTX_DAG_ID='a_primeira_DAG_v0' AIRFLOW_CTX_TASK_ID='hello' AIRFLOW_CTX_EXECUTION_DATE='2023-07-18T00:00:00+00:00' AIRFLOW_CTX_TRY_NUMBER='1' AIRFLOW_CTX_DAG_RUN_ID='scheduled__2023-07-18T00:00:00+00:00'
[2024-05-01T18:43:07.276-0300] {taskinstance.py:430} INFO - ::endgroup::
[2024-05-01T18:43:07.289-0300] {subprocess.py:63} INFO - Tmp dir root location: /tmp
[2024-05-01T18:43:07.290-0300] {subprocess.py:75} INFO - Running command: ['/usr/bin/bash', '-c', 'echo hello world']
[2024-05-01T18:43:07.296-0300] {subprocess.py:86} INFO - Output:
[2024-05-01T18:43:07.297-0300] {subprocess.py:93} INFO - hello world
[2024-05-01T18:43:07.298-0300] {subprocess.py:97} INFO - Command exited with return code 0
[2024-05-01T18:43:07.298-0300] {taskinstance.py:441} INFO - ::group::Post task execution logs
[2024-05-01T18:43:07.345-0300] {taskinstance.py:1205} INFO - Marking task as SUCCESS. dag_id=a_primeira_DAG_v0, task_id=hello, execution_date=20230718T000000, start_date=20240501T214306, end_date=20240501T214307
[2024-05-01T18:43:07.419-0300] {local_task_job_runner.py:240} INFO - Task exited with return code 0
[2024-05-01T18:43:07.441-0300] {taskinstance.py:3482} INFO - 0 downstream tasks scheduled from follow-on schedule check
[2024-05-01T18:43:07.443-0300] {local_task_job_runner.py:222} INFO - ::endgroup::
