[2024-05-07T18:53:41.622-0300] {local_task_job_runner.py:120} INFO - ::group::Pre task execution logs
[2024-05-07T18:53:41.650-0300] {taskinstance.py:2073} INFO - Dependencies all met for dep_context=non-requeueable deps ti=<TaskInstance: xcom_dag.read_players manual__2024-05-07T21:53:38.242783+00:00 [queued]>
[2024-05-07T18:53:41.665-0300] {taskinstance.py:2073} INFO - Dependencies all met for dep_context=requeueable deps ti=<TaskInstance: xcom_dag.read_players manual__2024-05-07T21:53:38.242783+00:00 [queued]>
[2024-05-07T18:53:41.666-0300] {taskinstance.py:2303} INFO - Starting attempt 1 of 1
[2024-05-07T18:53:41.705-0300] {taskinstance.py:2327} INFO - Executing <Task(PythonOperator): read_players> on 2024-05-07 21:53:38.242783+00:00
[2024-05-07T18:53:41.709-0300] {standard_task_runner.py:63} INFO - Started process 15249 to run task
[2024-05-07T18:53:41.712-0300] {standard_task_runner.py:90} INFO - Running: ['airflow', 'tasks', 'run', 'xcom_dag', 'read_players', 'manual__2024-05-07T21:53:38.242783+00:00', '--job-id', '1199', '--raw', '--subdir', 'DAGS_FOLDER/xcom_dag.py', '--cfg-path', '/tmp/tmpo7fryfz8']
[2024-05-07T18:53:41.714-0300] {standard_task_runner.py:91} INFO - Job 1199: Subtask read_players
[2024-05-07T18:53:41.793-0300] {task_command.py:426} INFO - Running <TaskInstance: xcom_dag.read_players manual__2024-05-07T21:53:38.242783+00:00 [running]> on host PC-Tilto.
[2024-05-07T18:53:42.204-0300] {taskinstance.py:2644} INFO - Exporting env vars: AIRFLOW_CTX_DAG_OWNER='airflow' AIRFLOW_CTX_DAG_ID='xcom_dag' AIRFLOW_CTX_TASK_ID='read_players' AIRFLOW_CTX_EXECUTION_DATE='2024-05-07T21:53:38.242783+00:00' AIRFLOW_CTX_TRY_NUMBER='1' AIRFLOW_CTX_DAG_RUN_ID='manual__2024-05-07T21:53:38.242783+00:00'
[2024-05-07T18:53:42.205-0300] {taskinstance.py:430} INFO - ::endgroup::
[2024-05-07T18:53:42.216-0300] {postgres.py:175} INFO - Running copy expert: COPY (SELECT * FROM players) TO stdout WITH CSV HEADER, filename: /mnt/c/Users/Tilto/Desktop/Work/Airflow/data/data/players.csv
[2024-05-07T18:53:42.218-0300] {taskinstance.py:441} INFO - ::group::Post task execution logs
[2024-05-07T18:53:42.219-0300] {taskinstance.py:2890} ERROR - Task failed with exception
Traceback (most recent call last):
  File "/usr/local/lib/python3.10/dist-packages/airflow/models/taskinstance.py", line 465, in _execute_task
    result = _execute_callable(context=context, **execute_callable_kwargs)
  File "/usr/local/lib/python3.10/dist-packages/airflow/models/taskinstance.py", line 432, in _execute_callable
    return execute_callable(context=context, **execute_callable_kwargs)
  File "/usr/local/lib/python3.10/dist-packages/airflow/models/baseoperator.py", line 400, in wrapper
    return func(self, *args, **kwargs)
  File "/usr/local/lib/python3.10/dist-packages/airflow/operators/python.py", line 235, in execute
    return_value = self.execute_callable()
  File "/usr/local/lib/python3.10/dist-packages/airflow/operators/python.py", line 252, in execute_callable
    return self.python_callable(*self.op_args, **self.op_kwargs)
  File "/mnt/c/Users/Tilto/Desktop/Work/Airflow/dags/xcom_dag.py", line 12, in read_players
    pghook.copy_expert(
  File "/usr/local/lib/python3.10/dist-packages/airflow/providers/postgres/hooks/postgres.py", line 177, in copy_expert
    with open(filename, "w"):
FileNotFoundError: [Errno 2] No such file or directory: '/mnt/c/Users/Tilto/Desktop/Work/Airflow/data/data/players.csv'
[2024-05-07T18:53:42.237-0300] {taskinstance.py:1205} INFO - Marking task as FAILED. dag_id=xcom_dag, task_id=read_players, execution_date=20240507T215338, start_date=20240507T215341, end_date=20240507T215342
[2024-05-07T18:53:42.274-0300] {standard_task_runner.py:110} ERROR - Failed to execute job 1199 for task read_players ([Errno 2] No such file or directory: '/mnt/c/Users/Tilto/Desktop/Work/Airflow/data/data/players.csv'; 15249)
[2024-05-07T18:53:42.287-0300] {local_task_job_runner.py:240} INFO - Task exited with return code 1
[2024-05-07T18:53:42.306-0300] {logging_mixin.py:188} WARNING - /usr/local/lib/python3.10/dist-packages/airflow/models/baseoperator.py:1296 AirflowProviderDeprecationWarning: Call to deprecated class PostgresOperator. (Please use `airflow.providers.common.sql.operators.sql.SQLExecuteQueryOperator`.Also, you can provide `hook_params={'schema': <database>}`.)
[2024-05-07T18:53:42.323-0300] {taskinstance.py:3482} INFO - 0 downstream tasks scheduled from follow-on schedule check
[2024-05-07T18:53:42.351-0300] {local_task_job_runner.py:222} INFO - ::endgroup::
