[2024-05-01T17:47:46.939-0300] {processor.py:161} INFO - Started process (PID=1206) to work on /usr/local/lib/python3.10/dist-packages/airflow/example_dags/example_external_task_marker_dag.py
[2024-05-01T17:47:46.940-0300] {processor.py:830} INFO - Processing file /usr/local/lib/python3.10/dist-packages/airflow/example_dags/example_external_task_marker_dag.py for tasks to queue
[2024-05-01T17:47:46.942-0300] {logging_mixin.py:188} INFO - [2024-05-01T17:47:46.941-0300] {dagbag.py:540} INFO - Filling up the DagBag from /usr/local/lib/python3.10/dist-packages/airflow/example_dags/example_external_task_marker_dag.py
[2024-05-01T17:47:46.949-0300] {processor.py:840} INFO - DAG(s) 'example_external_task_marker_child', 'example_external_task_marker_parent' retrieved from /usr/local/lib/python3.10/dist-packages/airflow/example_dags/example_external_task_marker_dag.py
[2024-05-01T17:47:47.094-0300] {logging_mixin.py:188} INFO - [2024-05-01T17:47:47.094-0300] {override.py:1829} INFO - Created Permission View: can read on DAG:example_external_task_marker_child
[2024-05-01T17:47:47.133-0300] {logging_mixin.py:188} INFO - [2024-05-01T17:47:47.132-0300] {override.py:1829} INFO - Created Permission View: can edit on DAG:example_external_task_marker_child
[2024-05-01T17:47:47.172-0300] {logging_mixin.py:188} INFO - [2024-05-01T17:47:47.171-0300] {override.py:1829} INFO - Created Permission View: can delete on DAG:example_external_task_marker_child
[2024-05-01T17:47:47.242-0300] {logging_mixin.py:188} INFO - [2024-05-01T17:47:47.242-0300] {override.py:1829} INFO - Created Permission View: can read on DAG:example_external_task_marker_parent
[2024-05-01T17:47:47.278-0300] {logging_mixin.py:188} INFO - [2024-05-01T17:47:47.278-0300] {override.py:1829} INFO - Created Permission View: can edit on DAG:example_external_task_marker_parent
[2024-05-01T17:47:47.316-0300] {logging_mixin.py:188} INFO - [2024-05-01T17:47:47.315-0300] {override.py:1829} INFO - Created Permission View: can delete on DAG:example_external_task_marker_parent
[2024-05-01T17:47:47.317-0300] {logging_mixin.py:188} INFO - [2024-05-01T17:47:47.316-0300] {dag.py:3096} INFO - Sync 2 DAGs
[2024-05-01T17:47:47.334-0300] {logging_mixin.py:188} INFO - [2024-05-01T17:47:47.334-0300] {dag.py:3118} INFO - Creating ORM DAG for example_external_task_marker_parent
[2024-05-01T17:47:47.336-0300] {logging_mixin.py:188} INFO - [2024-05-01T17:47:47.335-0300] {dag.py:3118} INFO - Creating ORM DAG for example_external_task_marker_child
[2024-05-01T17:47:47.337-0300] {logging_mixin.py:188} INFO - [2024-05-01T17:47:47.336-0300] {dag.py:3954} INFO - Setting next_dagrun for example_external_task_marker_child to None, run_after=None
[2024-05-01T17:47:47.337-0300] {logging_mixin.py:188} INFO - [2024-05-01T17:47:47.337-0300] {dag.py:3954} INFO - Setting next_dagrun for example_external_task_marker_parent to None, run_after=None
[2024-05-01T17:47:47.407-0300] {processor.py:183} INFO - Processing /usr/local/lib/python3.10/dist-packages/airflow/example_dags/example_external_task_marker_dag.py took 0.473 seconds
[2024-05-01T17:48:53.232-0300] {processor.py:161} INFO - Started process (PID=1526) to work on /usr/local/lib/python3.10/dist-packages/airflow/example_dags/example_external_task_marker_dag.py
[2024-05-01T17:48:53.233-0300] {processor.py:830} INFO - Processing file /usr/local/lib/python3.10/dist-packages/airflow/example_dags/example_external_task_marker_dag.py for tasks to queue
[2024-05-01T17:48:53.235-0300] {logging_mixin.py:188} INFO - [2024-05-01T17:48:53.234-0300] {dagbag.py:540} INFO - Filling up the DagBag from /usr/local/lib/python3.10/dist-packages/airflow/example_dags/example_external_task_marker_dag.py
[2024-05-01T17:48:53.240-0300] {processor.py:840} INFO - DAG(s) 'example_external_task_marker_parent', 'example_external_task_marker_child' retrieved from /usr/local/lib/python3.10/dist-packages/airflow/example_dags/example_external_task_marker_dag.py
[2024-05-01T17:48:53.266-0300] {logging_mixin.py:188} INFO - [2024-05-01T17:48:53.265-0300] {dag.py:3096} INFO - Sync 2 DAGs
[2024-05-01T17:48:53.278-0300] {logging_mixin.py:188} INFO - [2024-05-01T17:48:53.278-0300] {dag.py:3954} INFO - Setting next_dagrun for example_external_task_marker_child to None, run_after=None
[2024-05-01T17:48:53.283-0300] {logging_mixin.py:188} INFO - [2024-05-01T17:48:53.282-0300] {dag.py:3954} INFO - Setting next_dagrun for example_external_task_marker_parent to None, run_after=None
[2024-05-01T17:48:53.340-0300] {processor.py:183} INFO - Processing /usr/local/lib/python3.10/dist-packages/airflow/example_dags/example_external_task_marker_dag.py took 0.112 seconds
