[2024-05-01T17:47:12.808-0300] {processor.py:161} INFO - Started process (PID=1043) to work on /usr/local/lib/python3.10/dist-packages/airflow/example_dags/example_branch_datetime_operator.py
[2024-05-01T17:47:12.809-0300] {processor.py:830} INFO - Processing file /usr/local/lib/python3.10/dist-packages/airflow/example_dags/example_branch_datetime_operator.py for tasks to queue
[2024-05-01T17:47:12.811-0300] {logging_mixin.py:188} INFO - [2024-05-01T17:47:12.810-0300] {dagbag.py:540} INFO - Filling up the DagBag from /usr/local/lib/python3.10/dist-packages/airflow/example_dags/example_branch_datetime_operator.py
[2024-05-01T17:47:12.821-0300] {processor.py:840} INFO - DAG(s) 'example_branch_datetime_operator_2', 'example_branch_datetime_operator', 'example_branch_datetime_operator_3' retrieved from /usr/local/lib/python3.10/dist-packages/airflow/example_dags/example_branch_datetime_operator.py
[2024-05-01T17:47:12.960-0300] {logging_mixin.py:188} INFO - [2024-05-01T17:47:12.959-0300] {override.py:1829} INFO - Created Permission View: can read on DAG:example_branch_datetime_operator_2
[2024-05-01T17:47:13.001-0300] {logging_mixin.py:188} INFO - [2024-05-01T17:47:13.000-0300] {override.py:1829} INFO - Created Permission View: can edit on DAG:example_branch_datetime_operator_2
[2024-05-01T17:47:13.034-0300] {logging_mixin.py:188} INFO - [2024-05-01T17:47:13.033-0300] {override.py:1829} INFO - Created Permission View: can delete on DAG:example_branch_datetime_operator_2
[2024-05-01T17:47:13.101-0300] {logging_mixin.py:188} INFO - [2024-05-01T17:47:13.101-0300] {override.py:1829} INFO - Created Permission View: can read on DAG:example_branch_datetime_operator
[2024-05-01T17:47:13.145-0300] {logging_mixin.py:188} INFO - [2024-05-01T17:47:13.145-0300] {override.py:1829} INFO - Created Permission View: can edit on DAG:example_branch_datetime_operator
[2024-05-01T17:47:13.179-0300] {logging_mixin.py:188} INFO - [2024-05-01T17:47:13.178-0300] {override.py:1829} INFO - Created Permission View: can delete on DAG:example_branch_datetime_operator
[2024-05-01T17:47:13.249-0300] {logging_mixin.py:188} INFO - [2024-05-01T17:47:13.249-0300] {override.py:1829} INFO - Created Permission View: can read on DAG:example_branch_datetime_operator_3
[2024-05-01T17:47:13.284-0300] {logging_mixin.py:188} INFO - [2024-05-01T17:47:13.284-0300] {override.py:1829} INFO - Created Permission View: can edit on DAG:example_branch_datetime_operator_3
[2024-05-01T17:47:13.319-0300] {logging_mixin.py:188} INFO - [2024-05-01T17:47:13.319-0300] {override.py:1829} INFO - Created Permission View: can delete on DAG:example_branch_datetime_operator_3
[2024-05-01T17:47:13.320-0300] {logging_mixin.py:188} INFO - [2024-05-01T17:47:13.320-0300] {dag.py:3096} INFO - Sync 3 DAGs
[2024-05-01T17:47:13.336-0300] {logging_mixin.py:188} INFO - [2024-05-01T17:47:13.336-0300] {dag.py:3118} INFO - Creating ORM DAG for example_branch_datetime_operator
[2024-05-01T17:47:13.337-0300] {logging_mixin.py:188} INFO - [2024-05-01T17:47:13.337-0300] {dag.py:3118} INFO - Creating ORM DAG for example_branch_datetime_operator_2
[2024-05-01T17:47:13.338-0300] {logging_mixin.py:188} INFO - [2024-05-01T17:47:13.338-0300] {dag.py:3118} INFO - Creating ORM DAG for example_branch_datetime_operator_3
[2024-05-01T17:47:13.350-0300] {logging_mixin.py:188} INFO - [2024-05-01T17:47:13.350-0300] {dag.py:3954} INFO - Setting next_dagrun for example_branch_datetime_operator to 2024-04-30 00:00:00+00:00, run_after=2024-05-01 00:00:00+00:00
[2024-05-01T17:47:13.352-0300] {logging_mixin.py:188} INFO - [2024-05-01T17:47:13.352-0300] {dag.py:3954} INFO - Setting next_dagrun for example_branch_datetime_operator_2 to 2024-04-30 00:00:00+00:00, run_after=2024-05-01 00:00:00+00:00
[2024-05-01T17:47:13.354-0300] {logging_mixin.py:188} INFO - [2024-05-01T17:47:13.353-0300] {dag.py:3954} INFO - Setting next_dagrun for example_branch_datetime_operator_3 to 2024-04-30 00:00:00+00:00, run_after=2024-05-01 00:00:00+00:00
[2024-05-01T17:47:13.421-0300] {processor.py:183} INFO - Processing /usr/local/lib/python3.10/dist-packages/airflow/example_dags/example_branch_datetime_operator.py took 0.617 seconds
[2024-05-01T17:48:20.312-0300] {processor.py:161} INFO - Started process (PID=1363) to work on /usr/local/lib/python3.10/dist-packages/airflow/example_dags/example_branch_datetime_operator.py
[2024-05-01T17:48:20.313-0300] {processor.py:830} INFO - Processing file /usr/local/lib/python3.10/dist-packages/airflow/example_dags/example_branch_datetime_operator.py for tasks to queue
[2024-05-01T17:48:20.315-0300] {logging_mixin.py:188} INFO - [2024-05-01T17:48:20.314-0300] {dagbag.py:540} INFO - Filling up the DagBag from /usr/local/lib/python3.10/dist-packages/airflow/example_dags/example_branch_datetime_operator.py
[2024-05-01T17:48:20.324-0300] {processor.py:840} INFO - DAG(s) 'example_branch_datetime_operator', 'example_branch_datetime_operator_3', 'example_branch_datetime_operator_2' retrieved from /usr/local/lib/python3.10/dist-packages/airflow/example_dags/example_branch_datetime_operator.py
[2024-05-01T17:48:20.355-0300] {logging_mixin.py:188} INFO - [2024-05-01T17:48:20.355-0300] {dag.py:3096} INFO - Sync 3 DAGs
[2024-05-01T17:48:20.380-0300] {logging_mixin.py:188} INFO - [2024-05-01T17:48:20.380-0300] {dag.py:3954} INFO - Setting next_dagrun for example_branch_datetime_operator to 2024-04-30 00:00:00+00:00, run_after=2024-05-01 00:00:00+00:00
[2024-05-01T17:48:20.386-0300] {logging_mixin.py:188} INFO - [2024-05-01T17:48:20.386-0300] {dag.py:3954} INFO - Setting next_dagrun for example_branch_datetime_operator_2 to 2024-04-30 00:00:00+00:00, run_after=2024-05-01 00:00:00+00:00
[2024-05-01T17:48:20.390-0300] {logging_mixin.py:188} INFO - [2024-05-01T17:48:20.390-0300] {dag.py:3954} INFO - Setting next_dagrun for example_branch_datetime_operator_3 to 2024-04-30 00:00:00+00:00, run_after=2024-05-01 00:00:00+00:00
[2024-05-01T17:48:20.450-0300] {processor.py:183} INFO - Processing /usr/local/lib/python3.10/dist-packages/airflow/example_dags/example_branch_datetime_operator.py took 0.142 seconds
