[2024-05-01T17:46:54.492-0300] {processor.py:161} INFO - Started process (PID=954) to work on /usr/local/lib/python3.10/dist-packages/airflow/example_dags/tutorial_objectstorage.py
[2024-05-01T17:46:54.493-0300] {processor.py:830} INFO - Processing file /usr/local/lib/python3.10/dist-packages/airflow/example_dags/tutorial_objectstorage.py for tasks to queue
[2024-05-01T17:46:54.495-0300] {logging_mixin.py:188} INFO - [2024-05-01T17:46:54.495-0300] {dagbag.py:540} INFO - Filling up the DagBag from /usr/local/lib/python3.10/dist-packages/airflow/example_dags/tutorial_objectstorage.py
[2024-05-01T17:46:54.508-0300] {processor.py:840} INFO - DAG(s) 'tutorial_objectstorage' retrieved from /usr/local/lib/python3.10/dist-packages/airflow/example_dags/tutorial_objectstorage.py
[2024-05-01T17:46:54.740-0300] {logging_mixin.py:188} INFO - [2024-05-01T17:46:54.740-0300] {override.py:1829} INFO - Created Permission View: can read on DAG:tutorial_objectstorage
[2024-05-01T17:46:54.821-0300] {logging_mixin.py:188} INFO - [2024-05-01T17:46:54.820-0300] {override.py:1829} INFO - Created Permission View: can edit on DAG:tutorial_objectstorage
[2024-05-01T17:46:54.942-0300] {logging_mixin.py:188} INFO - [2024-05-01T17:46:54.941-0300] {override.py:1829} INFO - Created Permission View: can delete on DAG:tutorial_objectstorage
[2024-05-01T17:46:54.943-0300] {logging_mixin.py:188} INFO - [2024-05-01T17:46:54.943-0300] {dag.py:3096} INFO - Sync 1 DAGs
[2024-05-01T17:46:54.976-0300] {logging_mixin.py:188} INFO - [2024-05-01T17:46:54.976-0300] {dag.py:3118} INFO - Creating ORM DAG for tutorial_objectstorage
[2024-05-01T17:46:54.978-0300] {logging_mixin.py:188} INFO - [2024-05-01T17:46:54.978-0300] {dag.py:3954} INFO - Setting next_dagrun for tutorial_objectstorage to None, run_after=None
[2024-05-01T17:46:55.116-0300] {processor.py:183} INFO - Processing /usr/local/lib/python3.10/dist-packages/airflow/example_dags/tutorial_objectstorage.py took 0.631 seconds
[2024-05-01T17:48:07.004-0300] {processor.py:161} INFO - Started process (PID=1298) to work on /usr/local/lib/python3.10/dist-packages/airflow/example_dags/tutorial_objectstorage.py
[2024-05-01T17:48:07.005-0300] {processor.py:830} INFO - Processing file /usr/local/lib/python3.10/dist-packages/airflow/example_dags/tutorial_objectstorage.py for tasks to queue
[2024-05-01T17:48:07.007-0300] {logging_mixin.py:188} INFO - [2024-05-01T17:48:07.006-0300] {dagbag.py:540} INFO - Filling up the DagBag from /usr/local/lib/python3.10/dist-packages/airflow/example_dags/tutorial_objectstorage.py
[2024-05-01T17:48:07.013-0300] {processor.py:840} INFO - DAG(s) 'tutorial_objectstorage' retrieved from /usr/local/lib/python3.10/dist-packages/airflow/example_dags/tutorial_objectstorage.py
[2024-05-01T17:48:07.036-0300] {logging_mixin.py:188} INFO - [2024-05-01T17:48:07.036-0300] {dag.py:3096} INFO - Sync 1 DAGs
[2024-05-01T17:48:07.049-0300] {logging_mixin.py:188} INFO - [2024-05-01T17:48:07.049-0300] {dag.py:3954} INFO - Setting next_dagrun for tutorial_objectstorage to None, run_after=None
[2024-05-01T17:48:07.118-0300] {processor.py:183} INFO - Processing /usr/local/lib/python3.10/dist-packages/airflow/example_dags/tutorial_objectstorage.py took 0.120 seconds
[2024-05-01T17:48:41.059-0300] {processor.py:161} INFO - Started process (PID=1466) to work on /usr/local/lib/python3.10/dist-packages/airflow/example_dags/tutorial_objectstorage.py
[2024-05-01T17:48:41.060-0300] {processor.py:830} INFO - Processing file /usr/local/lib/python3.10/dist-packages/airflow/example_dags/tutorial_objectstorage.py for tasks to queue
[2024-05-01T17:48:41.061-0300] {logging_mixin.py:188} INFO - [2024-05-01T17:48:41.061-0300] {dagbag.py:540} INFO - Filling up the DagBag from /usr/local/lib/python3.10/dist-packages/airflow/example_dags/tutorial_objectstorage.py
[2024-05-01T17:48:41.067-0300] {processor.py:840} INFO - DAG(s) 'tutorial_objectstorage' retrieved from /usr/local/lib/python3.10/dist-packages/airflow/example_dags/tutorial_objectstorage.py
[2024-05-01T17:48:41.086-0300] {logging_mixin.py:188} INFO - [2024-05-01T17:48:41.086-0300] {dag.py:3096} INFO - Sync 1 DAGs
[2024-05-01T17:48:41.098-0300] {logging_mixin.py:188} INFO - [2024-05-01T17:48:41.098-0300] {dag.py:3954} INFO - Setting next_dagrun for tutorial_objectstorage to None, run_after=None
[2024-05-01T17:48:41.157-0300] {processor.py:183} INFO - Processing /usr/local/lib/python3.10/dist-packages/airflow/example_dags/tutorial_objectstorage.py took 0.103 seconds
