[2024-05-01T17:46:57.534-0300] {processor.py:161} INFO - Started process (PID=968) to work on /usr/local/lib/python3.10/dist-packages/airflow/example_dags/tutorial_taskflow_api.py
[2024-05-01T17:46:57.536-0300] {processor.py:830} INFO - Processing file /usr/local/lib/python3.10/dist-packages/airflow/example_dags/tutorial_taskflow_api.py for tasks to queue
[2024-05-01T17:46:57.538-0300] {logging_mixin.py:188} INFO - [2024-05-01T17:46:57.537-0300] {dagbag.py:540} INFO - Filling up the DagBag from /usr/local/lib/python3.10/dist-packages/airflow/example_dags/tutorial_taskflow_api.py
[2024-05-01T17:46:57.546-0300] {processor.py:840} INFO - DAG(s) 'tutorial_taskflow_api' retrieved from /usr/local/lib/python3.10/dist-packages/airflow/example_dags/tutorial_taskflow_api.py
[2024-05-01T17:46:57.754-0300] {logging_mixin.py:188} INFO - [2024-05-01T17:46:57.753-0300] {override.py:1829} INFO - Created Permission View: can read on DAG:tutorial_taskflow_api
[2024-05-01T17:46:57.882-0300] {logging_mixin.py:188} INFO - [2024-05-01T17:46:57.882-0300] {override.py:1829} INFO - Created Permission View: can edit on DAG:tutorial_taskflow_api
[2024-05-01T17:46:57.932-0300] {logging_mixin.py:188} INFO - [2024-05-01T17:46:57.931-0300] {override.py:1829} INFO - Created Permission View: can delete on DAG:tutorial_taskflow_api
[2024-05-01T17:46:57.933-0300] {logging_mixin.py:188} INFO - [2024-05-01T17:46:57.932-0300] {dag.py:3096} INFO - Sync 1 DAGs
[2024-05-01T17:46:57.970-0300] {logging_mixin.py:188} INFO - [2024-05-01T17:46:57.970-0300] {dag.py:3118} INFO - Creating ORM DAG for tutorial_taskflow_api
[2024-05-01T17:46:57.971-0300] {logging_mixin.py:188} INFO - [2024-05-01T17:46:57.971-0300] {dag.py:3954} INFO - Setting next_dagrun for tutorial_taskflow_api to None, run_after=None
[2024-05-01T17:46:58.105-0300] {processor.py:183} INFO - Processing /usr/local/lib/python3.10/dist-packages/airflow/example_dags/tutorial_taskflow_api.py took 0.575 seconds
[2024-05-01T17:48:09.229-0300] {processor.py:161} INFO - Started process (PID=1309) to work on /usr/local/lib/python3.10/dist-packages/airflow/example_dags/tutorial_taskflow_api.py
[2024-05-01T17:48:09.230-0300] {processor.py:830} INFO - Processing file /usr/local/lib/python3.10/dist-packages/airflow/example_dags/tutorial_taskflow_api.py for tasks to queue
[2024-05-01T17:48:09.231-0300] {logging_mixin.py:188} INFO - [2024-05-01T17:48:09.231-0300] {dagbag.py:540} INFO - Filling up the DagBag from /usr/local/lib/python3.10/dist-packages/airflow/example_dags/tutorial_taskflow_api.py
[2024-05-01T17:48:09.237-0300] {processor.py:840} INFO - DAG(s) 'tutorial_taskflow_api' retrieved from /usr/local/lib/python3.10/dist-packages/airflow/example_dags/tutorial_taskflow_api.py
[2024-05-01T17:48:09.258-0300] {logging_mixin.py:188} INFO - [2024-05-01T17:48:09.258-0300] {dag.py:3096} INFO - Sync 1 DAGs
[2024-05-01T17:48:09.271-0300] {logging_mixin.py:188} INFO - [2024-05-01T17:48:09.271-0300] {dag.py:3954} INFO - Setting next_dagrun for tutorial_taskflow_api to None, run_after=None
[2024-05-01T17:48:09.330-0300] {processor.py:183} INFO - Processing /usr/local/lib/python3.10/dist-packages/airflow/example_dags/tutorial_taskflow_api.py took 0.106 seconds
[2024-05-01T17:48:42.832-0300] {processor.py:161} INFO - Started process (PID=1475) to work on /usr/local/lib/python3.10/dist-packages/airflow/example_dags/tutorial_taskflow_api.py
[2024-05-01T17:48:42.833-0300] {processor.py:830} INFO - Processing file /usr/local/lib/python3.10/dist-packages/airflow/example_dags/tutorial_taskflow_api.py for tasks to queue
[2024-05-01T17:48:42.834-0300] {logging_mixin.py:188} INFO - [2024-05-01T17:48:42.834-0300] {dagbag.py:540} INFO - Filling up the DagBag from /usr/local/lib/python3.10/dist-packages/airflow/example_dags/tutorial_taskflow_api.py
[2024-05-01T17:48:42.839-0300] {processor.py:840} INFO - DAG(s) 'tutorial_taskflow_api' retrieved from /usr/local/lib/python3.10/dist-packages/airflow/example_dags/tutorial_taskflow_api.py
[2024-05-01T17:48:42.861-0300] {logging_mixin.py:188} INFO - [2024-05-01T17:48:42.861-0300] {dag.py:3096} INFO - Sync 1 DAGs
[2024-05-01T17:48:42.874-0300] {logging_mixin.py:188} INFO - [2024-05-01T17:48:42.873-0300] {dag.py:3954} INFO - Setting next_dagrun for tutorial_taskflow_api to None, run_after=None
[2024-05-01T17:48:42.935-0300] {processor.py:183} INFO - Processing /usr/local/lib/python3.10/dist-packages/airflow/example_dags/tutorial_taskflow_api.py took 0.108 seconds
