[2024-05-01T17:46:52.712-0300] {processor.py:161} INFO - Started process (PID=945) to work on /usr/local/lib/python3.10/dist-packages/airflow/example_dags/tutorial.py
[2024-05-01T17:46:52.713-0300] {processor.py:830} INFO - Processing file /usr/local/lib/python3.10/dist-packages/airflow/example_dags/tutorial.py for tasks to queue
[2024-05-01T17:46:52.716-0300] {logging_mixin.py:188} INFO - [2024-05-01T17:46:52.716-0300] {dagbag.py:540} INFO - Filling up the DagBag from /usr/local/lib/python3.10/dist-packages/airflow/example_dags/tutorial.py
[2024-05-01T17:46:52.724-0300] {processor.py:840} INFO - DAG(s) 'tutorial' retrieved from /usr/local/lib/python3.10/dist-packages/airflow/example_dags/tutorial.py
[2024-05-01T17:46:52.923-0300] {logging_mixin.py:188} INFO - [2024-05-01T17:46:52.922-0300] {override.py:1829} INFO - Created Permission View: can read on DAG:tutorial
[2024-05-01T17:46:52.970-0300] {logging_mixin.py:188} INFO - [2024-05-01T17:46:52.970-0300] {override.py:1829} INFO - Created Permission View: can edit on DAG:tutorial
[2024-05-01T17:46:53.009-0300] {logging_mixin.py:188} INFO - [2024-05-01T17:46:53.009-0300] {override.py:1829} INFO - Created Permission View: can delete on DAG:tutorial
[2024-05-01T17:46:53.010-0300] {logging_mixin.py:188} INFO - [2024-05-01T17:46:53.010-0300] {dag.py:3096} INFO - Sync 1 DAGs
[2024-05-01T17:46:53.028-0300] {logging_mixin.py:188} INFO - [2024-05-01T17:46:53.028-0300] {dag.py:3118} INFO - Creating ORM DAG for tutorial
[2024-05-01T17:46:53.041-0300] {logging_mixin.py:188} INFO - [2024-05-01T17:46:53.040-0300] {dag.py:3954} INFO - Setting next_dagrun for tutorial to 2024-04-30 00:00:00+00:00, run_after=2024-05-01 00:00:00+00:00
[2024-05-01T17:46:53.118-0300] {processor.py:183} INFO - Processing /usr/local/lib/python3.10/dist-packages/airflow/example_dags/tutorial.py took 0.412 seconds
[2024-05-01T17:48:05.693-0300] {processor.py:161} INFO - Started process (PID=1292) to work on /usr/local/lib/python3.10/dist-packages/airflow/example_dags/tutorial.py
[2024-05-01T17:48:05.694-0300] {processor.py:830} INFO - Processing file /usr/local/lib/python3.10/dist-packages/airflow/example_dags/tutorial.py for tasks to queue
[2024-05-01T17:48:05.695-0300] {logging_mixin.py:188} INFO - [2024-05-01T17:48:05.695-0300] {dagbag.py:540} INFO - Filling up the DagBag from /usr/local/lib/python3.10/dist-packages/airflow/example_dags/tutorial.py
[2024-05-01T17:48:05.700-0300] {processor.py:840} INFO - DAG(s) 'tutorial' retrieved from /usr/local/lib/python3.10/dist-packages/airflow/example_dags/tutorial.py
[2024-05-01T17:48:05.721-0300] {logging_mixin.py:188} INFO - [2024-05-01T17:48:05.721-0300] {dag.py:3096} INFO - Sync 1 DAGs
[2024-05-01T17:48:05.745-0300] {logging_mixin.py:188} INFO - [2024-05-01T17:48:05.745-0300] {dag.py:3954} INFO - Setting next_dagrun for tutorial to 2024-04-30 00:00:00+00:00, run_after=2024-05-01 00:00:00+00:00
[2024-05-01T17:48:05.806-0300] {processor.py:183} INFO - Processing /usr/local/lib/python3.10/dist-packages/airflow/example_dags/tutorial.py took 0.117 seconds
[2024-05-01T17:48:39.754-0300] {processor.py:161} INFO - Started process (PID=1460) to work on /usr/local/lib/python3.10/dist-packages/airflow/example_dags/tutorial.py
[2024-05-01T17:48:39.755-0300] {processor.py:830} INFO - Processing file /usr/local/lib/python3.10/dist-packages/airflow/example_dags/tutorial.py for tasks to queue
[2024-05-01T17:48:39.757-0300] {logging_mixin.py:188} INFO - [2024-05-01T17:48:39.757-0300] {dagbag.py:540} INFO - Filling up the DagBag from /usr/local/lib/python3.10/dist-packages/airflow/example_dags/tutorial.py
[2024-05-01T17:48:39.762-0300] {processor.py:840} INFO - DAG(s) 'tutorial' retrieved from /usr/local/lib/python3.10/dist-packages/airflow/example_dags/tutorial.py
[2024-05-01T17:48:39.784-0300] {logging_mixin.py:188} INFO - [2024-05-01T17:48:39.784-0300] {dag.py:3096} INFO - Sync 1 DAGs
[2024-05-01T17:48:39.807-0300] {logging_mixin.py:188} INFO - [2024-05-01T17:48:39.807-0300] {dag.py:3954} INFO - Setting next_dagrun for tutorial to 2024-04-30 00:00:00+00:00, run_after=2024-05-01 00:00:00+00:00
[2024-05-01T17:48:39.870-0300] {processor.py:183} INFO - Processing /usr/local/lib/python3.10/dist-packages/airflow/example_dags/tutorial.py took 0.120 seconds
