[2024-05-03T20:57:29.052-0300] {local_task_job_runner.py:120} INFO - ::group::Pre task execution logs
[2024-05-03T20:57:29.090-0300] {taskinstance.py:2073} INFO - Dependencies all met for dep_context=non-requeueable deps ti=<TaskInstance: a_primeira_DAG_v2.hello scheduled__2023-12-20T00:00:00+00:00 [queued]>
[2024-05-03T20:57:29.111-0300] {taskinstance.py:2073} INFO - Dependencies all met for dep_context=requeueable deps ti=<TaskInstance: a_primeira_DAG_v2.hello scheduled__2023-12-20T00:00:00+00:00 [queued]>
[2024-05-03T20:57:29.111-0300] {taskinstance.py:2303} INFO - Starting attempt 1 of 1
[2024-05-03T20:57:29.197-0300] {taskinstance.py:2327} INFO - Executing <Task(BashOperator): hello> on 2023-12-20 00:00:00+00:00
[2024-05-03T20:57:29.200-0300] {standard_task_runner.py:63} INFO - Started process 14627 to run task
[2024-05-03T20:57:29.202-0300] {standard_task_runner.py:90} INFO - Running: ['airflow', 'tasks', 'run', 'a_primeira_DAG_v2', 'hello', 'scheduled__2023-12-20T00:00:00+00:00', '--job-id', '642', '--raw', '--subdir', 'DAGS_FOLDER/primeira_dag_v2.py', '--cfg-path', '/tmp/tmpet8q2gbg']
[2024-05-03T20:57:29.203-0300] {standard_task_runner.py:91} INFO - Job 642: Subtask hello
[2024-05-03T20:57:29.301-0300] {task_command.py:426} INFO - Running <TaskInstance: a_primeira_DAG_v2.hello scheduled__2023-12-20T00:00:00+00:00 [running]> on host PC-Tilto.
[2024-05-03T20:57:29.530-0300] {taskinstance.py:2644} INFO - Exporting env vars: AIRFLOW_CTX_DAG_OWNER='airflow' AIRFLOW_CTX_DAG_ID='a_primeira_DAG_v2' AIRFLOW_CTX_TASK_ID='hello' AIRFLOW_CTX_EXECUTION_DATE='2023-12-20T00:00:00+00:00' AIRFLOW_CTX_TRY_NUMBER='1' AIRFLOW_CTX_DAG_RUN_ID='scheduled__2023-12-20T00:00:00+00:00'
[2024-05-03T20:57:29.531-0300] {taskinstance.py:430} INFO - ::endgroup::
[2024-05-03T20:57:29.532-0300] {subprocess.py:63} INFO - Tmp dir root location: /tmp
[2024-05-03T20:57:29.533-0300] {subprocess.py:75} INFO - Running command: ['/usr/bin/bash', '-c', 'echo hello world']
[2024-05-03T20:57:29.539-0300] {subprocess.py:86} INFO - Output:
[2024-05-03T20:57:29.540-0300] {subprocess.py:93} INFO - hello world
[2024-05-03T20:57:29.541-0300] {subprocess.py:97} INFO - Command exited with return code 0
[2024-05-03T20:57:29.542-0300] {taskinstance.py:441} INFO - ::group::Post task execution logs
[2024-05-03T20:57:29.608-0300] {taskinstance.py:1205} INFO - Marking task as SUCCESS. dag_id=a_primeira_DAG_v2, task_id=hello, execution_date=20231220T000000, start_date=20240503T235729, end_date=20240503T235729
[2024-05-03T20:57:29.696-0300] {local_task_job_runner.py:240} INFO - Task exited with return code 0
[2024-05-03T20:57:29.718-0300] {taskinstance.py:3482} INFO - 0 downstream tasks scheduled from follow-on schedule check
[2024-05-03T20:57:29.720-0300] {local_task_job_runner.py:222} INFO - ::endgroup::
