[2024-05-02T19:15:52.145-0300] {local_task_job_runner.py:120} INFO - ::group::Pre task execution logs
[2024-05-02T19:15:52.171-0300] {taskinstance.py:2073} INFO - Dependencies all met for dep_context=non-requeueable deps ti=<TaskInstance: a_primeira_DAG_v2.hello scheduled__2023-07-30T00:00:00+00:00 [queued]>
[2024-05-02T19:15:52.185-0300] {taskinstance.py:2073} INFO - Dependencies all met for dep_context=requeueable deps ti=<TaskInstance: a_primeira_DAG_v2.hello scheduled__2023-07-30T00:00:00+00:00 [queued]>
[2024-05-02T19:15:52.186-0300] {taskinstance.py:2303} INFO - Starting attempt 1 of 1
[2024-05-02T19:15:52.222-0300] {taskinstance.py:2327} INFO - Executing <Task(BashOperator): hello> on 2023-07-30 00:00:00+00:00
[2024-05-02T19:15:52.224-0300] {standard_task_runner.py:63} INFO - Started process 1387 to run task
[2024-05-02T19:15:52.226-0300] {standard_task_runner.py:90} INFO - Running: ['airflow', 'tasks', 'run', 'a_primeira_DAG_v2', 'hello', 'scheduled__2023-07-30T00:00:00+00:00', '--job-id', '204', '--raw', '--subdir', 'DAGS_FOLDER/primeira_dag_v2.py', '--cfg-path', '/tmp/tmpc3cfrsyy']
[2024-05-02T19:15:52.228-0300] {standard_task_runner.py:91} INFO - Job 204: Subtask hello
[2024-05-02T19:15:52.314-0300] {task_command.py:426} INFO - Running <TaskInstance: a_primeira_DAG_v2.hello scheduled__2023-07-30T00:00:00+00:00 [running]> on host PC-Tilto.
[2024-05-02T19:15:52.479-0300] {taskinstance.py:2644} INFO - Exporting env vars: AIRFLOW_CTX_DAG_OWNER='airflow' AIRFLOW_CTX_DAG_ID='a_primeira_DAG_v2' AIRFLOW_CTX_TASK_ID='hello' AIRFLOW_CTX_EXECUTION_DATE='2023-07-30T00:00:00+00:00' AIRFLOW_CTX_TRY_NUMBER='1' AIRFLOW_CTX_DAG_RUN_ID='scheduled__2023-07-30T00:00:00+00:00'
[2024-05-02T19:15:52.480-0300] {taskinstance.py:430} INFO - ::endgroup::
[2024-05-02T19:15:52.481-0300] {subprocess.py:63} INFO - Tmp dir root location: /tmp
[2024-05-02T19:15:52.482-0300] {subprocess.py:75} INFO - Running command: ['/usr/bin/bash', '-c', 'echo hello world']
[2024-05-02T19:15:52.487-0300] {subprocess.py:86} INFO - Output:
[2024-05-02T19:15:52.488-0300] {subprocess.py:93} INFO - hello world
[2024-05-02T19:15:52.488-0300] {subprocess.py:97} INFO - Command exited with return code 0
[2024-05-02T19:15:52.489-0300] {taskinstance.py:441} INFO - ::group::Post task execution logs
[2024-05-02T19:15:52.541-0300] {taskinstance.py:1205} INFO - Marking task as SUCCESS. dag_id=a_primeira_DAG_v2, task_id=hello, execution_date=20230730T000000, start_date=20240502T221552, end_date=20240502T221552
[2024-05-02T19:15:52.599-0300] {local_task_job_runner.py:240} INFO - Task exited with return code 0
[2024-05-02T19:15:52.621-0300] {taskinstance.py:3482} INFO - 0 downstream tasks scheduled from follow-on schedule check
[2024-05-02T19:15:52.623-0300] {local_task_job_runner.py:222} INFO - ::endgroup::
