[2024-05-07T23:54:15.209-0300] {local_task_job_runner.py:120} INFO - ::group::Pre task execution logs
[2024-05-07T23:54:15.231-0300] {taskinstance.py:2073} INFO - Dependencies all met for dep_context=non-requeueable deps ti=<TaskInstance: xcom_dag.read_players manual__2024-05-08T02:53:12.079583+00:00 [queued]>
[2024-05-07T23:54:15.242-0300] {taskinstance.py:2073} INFO - Dependencies all met for dep_context=requeueable deps ti=<TaskInstance: xcom_dag.read_players manual__2024-05-08T02:53:12.079583+00:00 [queued]>
[2024-05-07T23:54:15.242-0300] {taskinstance.py:2303} INFO - Starting attempt 1 of 1
[2024-05-07T23:54:15.273-0300] {taskinstance.py:2327} INFO - Executing <Task(PythonOperator): read_players> on 2024-05-08 02:53:12.079583+00:00
[2024-05-07T23:54:15.276-0300] {standard_task_runner.py:63} INFO - Started process 6468 to run task
[2024-05-07T23:54:15.278-0300] {standard_task_runner.py:90} INFO - Running: ['airflow', 'tasks', 'run', 'xcom_dag', 'read_players', 'manual__2024-05-08T02:53:12.079583+00:00', '--job-id', '1216', '--raw', '--subdir', 'DAGS_FOLDER/xcom_dag.py', '--cfg-path', '/tmp/tmpvt29wu0w']
[2024-05-07T23:54:15.280-0300] {standard_task_runner.py:91} INFO - Job 1216: Subtask read_players
[2024-05-07T23:54:15.353-0300] {task_command.py:426} INFO - Running <TaskInstance: xcom_dag.read_players manual__2024-05-08T02:53:12.079583+00:00 [running]> on host PC-Tilto.
[2024-05-07T23:54:15.538-0300] {taskinstance.py:2644} INFO - Exporting env vars: AIRFLOW_CTX_DAG_OWNER='airflow' AIRFLOW_CTX_DAG_ID='xcom_dag' AIRFLOW_CTX_TASK_ID='read_players' AIRFLOW_CTX_EXECUTION_DATE='2024-05-08T02:53:12.079583+00:00' AIRFLOW_CTX_TRY_NUMBER='1' AIRFLOW_CTX_DAG_RUN_ID='manual__2024-05-08T02:53:12.079583+00:00'
[2024-05-07T23:54:15.539-0300] {taskinstance.py:430} INFO - ::endgroup::
[2024-05-07T23:54:15.550-0300] {postgres.py:175} INFO - Running copy expert: COPY (SELECT * FROM players) TO stdout WITH CSV HEADER, filename: /mnt/c/Users/Tilto/Desktop/Work/Airflow//data/players.csv
[2024-05-07T23:54:15.563-0300] {base.py:84} INFO - Using connection ID 'PG_SWORDBLAST' for task execution.
[2024-05-07T23:55:21.216-0300] {local_task_job_runner.py:288} WARNING - Recorded pid 6770 does not match the current pid 6468
[2024-05-07T23:55:21.216-0300] {local_task_job_runner.py:222} INFO - ::endgroup::
[2024-05-07T23:55:21.218-0300] {process_utils.py:132} INFO - Sending Signals.SIGTERM to group 6468. PIDs of all processes in the group: [6468]
[2024-05-07T23:55:21.218-0300] {process_utils.py:87} INFO - Sending the signal Signals.SIGTERM to group 6468
[2024-05-07T23:56:21.256-0300] {process_utils.py:150} WARNING - process psutil.Process(pid=6468, name='airflow task runner: xcom_dag read_players manual__2024-05-08T02:53:12.079583+00:00 1216', status='sleeping', started='23:54:14') did not respond to SIGTERM. Trying SIGKILL
[2024-05-07T23:56:21.258-0300] {process_utils.py:87} INFO - Sending the signal Signals.SIGKILL to group 6468
[2024-05-07T23:56:21.265-0300] {process_utils.py:80} INFO - Process psutil.Process(pid=6468, name='airflow task runner: xcom_dag read_players manual__2024-05-08T02:53:12.079583+00:00 1216', status='terminated', exitcode=<Negsignal.SIGKILL: -9>, started='23:54:14') (6468) terminated with exit code Negsignal.SIGKILL
[2024-05-07T23:56:21.266-0300] {standard_task_runner.py:178} ERROR - Job 1219 was killed before it finished (likely due to running out of memory)
