[2024-05-02T19:31:10.245-0300] {local_task_job_runner.py:120} INFO - ::group::Pre task execution logs
[2024-05-02T19:31:10.294-0300] {taskinstance.py:2073} INFO - Dependencies all met for dep_context=non-requeueable deps ti=<TaskInstance: a_primeira_DAG_v1.hello scheduled__2023-09-29T00:00:00+00:00 [queued]>
[2024-05-02T19:31:10.321-0300] {taskinstance.py:2073} INFO - Dependencies all met for dep_context=requeueable deps ti=<TaskInstance: a_primeira_DAG_v1.hello scheduled__2023-09-29T00:00:00+00:00 [queued]>
[2024-05-02T19:31:10.322-0300] {taskinstance.py:2303} INFO - Starting attempt 1 of 1
[2024-05-02T19:31:10.492-0300] {taskinstance.py:2327} INFO - Executing <Task(BashOperator): hello> on 2023-09-29 00:00:00+00:00
[2024-05-02T19:31:10.496-0300] {standard_task_runner.py:63} INFO - Started process 5769 to run task
[2024-05-02T19:31:10.501-0300] {standard_task_runner.py:90} INFO - Running: ['airflow', 'tasks', 'run', 'a_primeira_DAG_v1', 'hello', 'scheduled__2023-09-29T00:00:00+00:00', '--job-id', '392', '--raw', '--subdir', 'DAGS_FOLDER/primeira_dagv1.py', '--cfg-path', '/tmp/tmpmwrchb9m']
[2024-05-02T19:31:10.504-0300] {standard_task_runner.py:91} INFO - Job 392: Subtask hello
[2024-05-02T19:31:10.677-0300] {task_command.py:426} INFO - Running <TaskInstance: a_primeira_DAG_v1.hello scheduled__2023-09-29T00:00:00+00:00 [running]> on host PC-Tilto.
[2024-05-02T19:31:10.863-0300] {taskinstance.py:2644} INFO - Exporting env vars: AIRFLOW_CTX_DAG_OWNER='airflow' AIRFLOW_CTX_DAG_ID='a_primeira_DAG_v1' AIRFLOW_CTX_TASK_ID='hello' AIRFLOW_CTX_EXECUTION_DATE='2023-09-29T00:00:00+00:00' AIRFLOW_CTX_TRY_NUMBER='1' AIRFLOW_CTX_DAG_RUN_ID='scheduled__2023-09-29T00:00:00+00:00'
[2024-05-02T19:31:10.864-0300] {taskinstance.py:430} INFO - ::endgroup::
[2024-05-02T19:31:10.878-0300] {subprocess.py:63} INFO - Tmp dir root location: /tmp
[2024-05-02T19:31:10.879-0300] {subprocess.py:75} INFO - Running command: ['/usr/bin/bash', '-c', 'echo hello world']
[2024-05-02T19:31:10.883-0300] {subprocess.py:86} INFO - Output:
[2024-05-02T19:31:10.885-0300] {subprocess.py:93} INFO - hello world
[2024-05-02T19:31:10.886-0300] {subprocess.py:97} INFO - Command exited with return code 0
[2024-05-02T19:31:10.886-0300] {taskinstance.py:441} INFO - ::group::Post task execution logs
[2024-05-02T19:31:10.939-0300] {taskinstance.py:1205} INFO - Marking task as SUCCESS. dag_id=a_primeira_DAG_v1, task_id=hello, execution_date=20230929T000000, start_date=20240502T223110, end_date=20240502T223110
[2024-05-02T19:31:10.998-0300] {local_task_job_runner.py:240} INFO - Task exited with return code 0
[2024-05-02T19:31:11.020-0300] {taskinstance.py:3482} INFO - 0 downstream tasks scheduled from follow-on schedule check
[2024-05-02T19:31:11.022-0300] {local_task_job_runner.py:222} INFO - ::endgroup::
