[2024-05-01T18:39:01.003-0300] {local_task_job_runner.py:120} INFO - ::group::Pre task execution logs
[2024-05-01T18:39:01.033-0300] {taskinstance.py:2073} INFO - Dependencies all met for dep_context=non-requeueable deps ti=<TaskInstance: a_primeira_DAG_v1.hello scheduled__2023-07-02T00:00:00+00:00 [queued]>
[2024-05-01T18:39:01.049-0300] {taskinstance.py:2073} INFO - Dependencies all met for dep_context=requeueable deps ti=<TaskInstance: a_primeira_DAG_v1.hello scheduled__2023-07-02T00:00:00+00:00 [queued]>
[2024-05-01T18:39:01.049-0300] {taskinstance.py:2303} INFO - Starting attempt 1 of 1
[2024-05-01T18:39:01.086-0300] {taskinstance.py:2327} INFO - Executing <Task(BashOperator): hello> on 2023-07-02 00:00:00+00:00
[2024-05-01T18:39:01.089-0300] {standard_task_runner.py:63} INFO - Started process 4760 to run task
[2024-05-01T18:39:01.091-0300] {standard_task_runner.py:90} INFO - Running: ['airflow', 'tasks', 'run', 'a_primeira_DAG_v1', 'hello', 'scheduled__2023-07-02T00:00:00+00:00', '--job-id', '108', '--raw', '--subdir', 'DAGS_FOLDER/primeira_dagv1.py', '--cfg-path', '/tmp/tmpf27ysxq2']
[2024-05-01T18:39:01.093-0300] {standard_task_runner.py:91} INFO - Job 108: Subtask hello
[2024-05-01T18:39:01.178-0300] {task_command.py:426} INFO - Running <TaskInstance: a_primeira_DAG_v1.hello scheduled__2023-07-02T00:00:00+00:00 [running]> on host PC-Tilto.
[2024-05-01T18:39:01.327-0300] {taskinstance.py:2644} INFO - Exporting env vars: AIRFLOW_CTX_DAG_OWNER='airflow' AIRFLOW_CTX_DAG_ID='a_primeira_DAG_v1' AIRFLOW_CTX_TASK_ID='hello' AIRFLOW_CTX_EXECUTION_DATE='2023-07-02T00:00:00+00:00' AIRFLOW_CTX_TRY_NUMBER='1' AIRFLOW_CTX_DAG_RUN_ID='scheduled__2023-07-02T00:00:00+00:00'
[2024-05-01T18:39:01.327-0300] {taskinstance.py:430} INFO - ::endgroup::
[2024-05-01T18:39:01.338-0300] {subprocess.py:63} INFO - Tmp dir root location: /tmp
[2024-05-01T18:39:01.339-0300] {subprocess.py:75} INFO - Running command: ['/usr/bin/bash', '-c', 'echo hello world']
[2024-05-01T18:39:01.343-0300] {subprocess.py:86} INFO - Output:
[2024-05-01T18:39:01.345-0300] {subprocess.py:93} INFO - hello world
[2024-05-01T18:39:01.345-0300] {subprocess.py:97} INFO - Command exited with return code 0
[2024-05-01T18:39:01.346-0300] {taskinstance.py:441} INFO - ::group::Post task execution logs
[2024-05-01T18:39:01.447-0300] {taskinstance.py:1205} INFO - Marking task as SUCCESS. dag_id=a_primeira_DAG_v1, task_id=hello, execution_date=20230702T000000, start_date=20240501T213901, end_date=20240501T213901
[2024-05-01T18:39:01.545-0300] {local_task_job_runner.py:240} INFO - Task exited with return code 0
[2024-05-01T18:39:01.568-0300] {taskinstance.py:3482} INFO - 0 downstream tasks scheduled from follow-on schedule check
[2024-05-01T18:39:01.570-0300] {local_task_job_runner.py:222} INFO - ::endgroup::
