[2024-05-06T18:23:38.282-0300] {processor.py:161} INFO - Started process (PID=1069) to work on /mnt/c/Users/Tilto/Desktop/Work/Airflow/dags/dag_exemplo.py
[2024-05-06T18:23:38.283-0300] {processor.py:830} INFO - Processing file /mnt/c/Users/Tilto/Desktop/Work/Airflow/dags/dag_exemplo.py for tasks to queue
[2024-05-06T18:23:38.285-0300] {logging_mixin.py:188} INFO - [2024-05-06T18:23:38.284-0300] {dagbag.py:540} INFO - Filling up the DagBag from /mnt/c/Users/Tilto/Desktop/Work/Airflow/dags/dag_exemplo.py
[2024-05-06T18:23:38.307-0300] {processor.py:840} INFO - DAG(s) 'dag_exemplo' retrieved from /mnt/c/Users/Tilto/Desktop/Work/Airflow/dags/dag_exemplo.py
[2024-05-06T18:23:38.322-0300] {logging_mixin.py:188} INFO - [2024-05-06T18:23:38.322-0300] {dag.py:3096} INFO - Sync 1 DAGs
[2024-05-06T18:23:38.337-0300] {logging_mixin.py:188} INFO - [2024-05-06T18:23:38.337-0300] {dag.py:3954} INFO - Setting next_dagrun for dag_exemplo to None, run_after=None
[2024-05-06T18:23:38.404-0300] {processor.py:183} INFO - Processing /mnt/c/Users/Tilto/Desktop/Work/Airflow/dags/dag_exemplo.py took 0.127 seconds
[2024-05-06T18:24:09.496-0300] {processor.py:161} INFO - Started process (PID=1206) to work on /mnt/c/Users/Tilto/Desktop/Work/Airflow/dags/dag_exemplo.py
[2024-05-06T18:24:09.497-0300] {processor.py:830} INFO - Processing file /mnt/c/Users/Tilto/Desktop/Work/Airflow/dags/dag_exemplo.py for tasks to queue
[2024-05-06T18:24:09.499-0300] {logging_mixin.py:188} INFO - [2024-05-06T18:24:09.498-0300] {dagbag.py:540} INFO - Filling up the DagBag from /mnt/c/Users/Tilto/Desktop/Work/Airflow/dags/dag_exemplo.py
[2024-05-06T18:24:09.520-0300] {processor.py:840} INFO - DAG(s) 'dag_exemplo' retrieved from /mnt/c/Users/Tilto/Desktop/Work/Airflow/dags/dag_exemplo.py
[2024-05-06T18:24:09.635-0300] {logging_mixin.py:188} INFO - [2024-05-06T18:24:09.635-0300] {dag.py:3096} INFO - Sync 1 DAGs
[2024-05-06T18:24:09.648-0300] {logging_mixin.py:188} INFO - [2024-05-06T18:24:09.648-0300] {dag.py:3954} INFO - Setting next_dagrun for dag_exemplo to None, run_after=None
[2024-05-06T18:24:09.719-0300] {processor.py:183} INFO - Processing /mnt/c/Users/Tilto/Desktop/Work/Airflow/dags/dag_exemplo.py took 0.227 seconds
[2024-05-06T18:24:40.820-0300] {processor.py:161} INFO - Started process (PID=1341) to work on /mnt/c/Users/Tilto/Desktop/Work/Airflow/dags/dag_exemplo.py
[2024-05-06T18:24:40.821-0300] {processor.py:830} INFO - Processing file /mnt/c/Users/Tilto/Desktop/Work/Airflow/dags/dag_exemplo.py for tasks to queue
[2024-05-06T18:24:40.822-0300] {logging_mixin.py:188} INFO - [2024-05-06T18:24:40.822-0300] {dagbag.py:540} INFO - Filling up the DagBag from /mnt/c/Users/Tilto/Desktop/Work/Airflow/dags/dag_exemplo.py
[2024-05-06T18:24:40.842-0300] {processor.py:840} INFO - DAG(s) 'dag_exemplo' retrieved from /mnt/c/Users/Tilto/Desktop/Work/Airflow/dags/dag_exemplo.py
[2024-05-06T18:24:40.867-0300] {logging_mixin.py:188} INFO - [2024-05-06T18:24:40.866-0300] {dag.py:3096} INFO - Sync 1 DAGs
[2024-05-06T18:24:40.880-0300] {logging_mixin.py:188} INFO - [2024-05-06T18:24:40.879-0300] {dag.py:3954} INFO - Setting next_dagrun for dag_exemplo to None, run_after=None
[2024-05-06T18:24:41.367-0300] {processor.py:183} INFO - Processing /mnt/c/Users/Tilto/Desktop/Work/Airflow/dags/dag_exemplo.py took 0.551 seconds
[2024-05-06T18:25:12.112-0300] {processor.py:161} INFO - Started process (PID=1471) to work on /mnt/c/Users/Tilto/Desktop/Work/Airflow/dags/dag_exemplo.py
[2024-05-06T18:25:12.113-0300] {processor.py:830} INFO - Processing file /mnt/c/Users/Tilto/Desktop/Work/Airflow/dags/dag_exemplo.py for tasks to queue
[2024-05-06T18:25:12.114-0300] {logging_mixin.py:188} INFO - [2024-05-06T18:25:12.114-0300] {dagbag.py:540} INFO - Filling up the DagBag from /mnt/c/Users/Tilto/Desktop/Work/Airflow/dags/dag_exemplo.py
[2024-05-06T18:25:12.134-0300] {processor.py:840} INFO - DAG(s) 'dag_exemplo' retrieved from /mnt/c/Users/Tilto/Desktop/Work/Airflow/dags/dag_exemplo.py
[2024-05-06T18:25:12.159-0300] {logging_mixin.py:188} INFO - [2024-05-06T18:25:12.158-0300] {dag.py:3096} INFO - Sync 1 DAGs
[2024-05-06T18:25:12.171-0300] {logging_mixin.py:188} INFO - [2024-05-06T18:25:12.170-0300] {dag.py:3954} INFO - Setting next_dagrun for dag_exemplo to None, run_after=None
[2024-05-06T18:25:12.230-0300] {processor.py:183} INFO - Processing /mnt/c/Users/Tilto/Desktop/Work/Airflow/dags/dag_exemplo.py took 0.123 seconds
[2024-05-06T18:25:43.365-0300] {processor.py:161} INFO - Started process (PID=1604) to work on /mnt/c/Users/Tilto/Desktop/Work/Airflow/dags/dag_exemplo.py
[2024-05-06T18:25:43.366-0300] {processor.py:830} INFO - Processing file /mnt/c/Users/Tilto/Desktop/Work/Airflow/dags/dag_exemplo.py for tasks to queue
[2024-05-06T18:25:43.367-0300] {logging_mixin.py:188} INFO - [2024-05-06T18:25:43.367-0300] {dagbag.py:540} INFO - Filling up the DagBag from /mnt/c/Users/Tilto/Desktop/Work/Airflow/dags/dag_exemplo.py
[2024-05-06T18:25:43.387-0300] {processor.py:840} INFO - DAG(s) 'dag_exemplo' retrieved from /mnt/c/Users/Tilto/Desktop/Work/Airflow/dags/dag_exemplo.py
[2024-05-06T18:25:43.416-0300] {logging_mixin.py:188} INFO - [2024-05-06T18:25:43.416-0300] {dag.py:3096} INFO - Sync 1 DAGs
[2024-05-06T18:25:43.429-0300] {logging_mixin.py:188} INFO - [2024-05-06T18:25:43.429-0300] {dag.py:3954} INFO - Setting next_dagrun for dag_exemplo to None, run_after=None
[2024-05-06T18:25:43.488-0300] {processor.py:183} INFO - Processing /mnt/c/Users/Tilto/Desktop/Work/Airflow/dags/dag_exemplo.py took 0.127 seconds
[2024-05-06T18:26:14.283-0300] {processor.py:161} INFO - Started process (PID=1733) to work on /mnt/c/Users/Tilto/Desktop/Work/Airflow/dags/dag_exemplo.py
[2024-05-06T18:26:14.284-0300] {processor.py:830} INFO - Processing file /mnt/c/Users/Tilto/Desktop/Work/Airflow/dags/dag_exemplo.py for tasks to queue
[2024-05-06T18:26:14.286-0300] {logging_mixin.py:188} INFO - [2024-05-06T18:26:14.285-0300] {dagbag.py:540} INFO - Filling up the DagBag from /mnt/c/Users/Tilto/Desktop/Work/Airflow/dags/dag_exemplo.py
[2024-05-06T18:26:14.306-0300] {processor.py:840} INFO - DAG(s) 'dag_exemplo' retrieved from /mnt/c/Users/Tilto/Desktop/Work/Airflow/dags/dag_exemplo.py
[2024-05-06T18:26:14.332-0300] {logging_mixin.py:188} INFO - [2024-05-06T18:26:14.332-0300] {dag.py:3096} INFO - Sync 1 DAGs
[2024-05-06T18:26:14.345-0300] {logging_mixin.py:188} INFO - [2024-05-06T18:26:14.345-0300] {dag.py:3954} INFO - Setting next_dagrun for dag_exemplo to None, run_after=None
[2024-05-06T18:26:14.532-0300] {processor.py:183} INFO - Processing /mnt/c/Users/Tilto/Desktop/Work/Airflow/dags/dag_exemplo.py took 0.253 seconds
[2024-05-06T18:26:45.142-0300] {processor.py:161} INFO - Started process (PID=1862) to work on /mnt/c/Users/Tilto/Desktop/Work/Airflow/dags/dag_exemplo.py
[2024-05-06T18:26:45.142-0300] {processor.py:830} INFO - Processing file /mnt/c/Users/Tilto/Desktop/Work/Airflow/dags/dag_exemplo.py for tasks to queue
[2024-05-06T18:26:45.144-0300] {logging_mixin.py:188} INFO - [2024-05-06T18:26:45.144-0300] {dagbag.py:540} INFO - Filling up the DagBag from /mnt/c/Users/Tilto/Desktop/Work/Airflow/dags/dag_exemplo.py
[2024-05-06T18:26:45.164-0300] {processor.py:840} INFO - DAG(s) 'dag_exemplo' retrieved from /mnt/c/Users/Tilto/Desktop/Work/Airflow/dags/dag_exemplo.py
[2024-05-06T18:26:45.188-0300] {logging_mixin.py:188} INFO - [2024-05-06T18:26:45.188-0300] {dag.py:3096} INFO - Sync 1 DAGs
[2024-05-06T18:26:45.202-0300] {logging_mixin.py:188} INFO - [2024-05-06T18:26:45.202-0300] {dag.py:3954} INFO - Setting next_dagrun for dag_exemplo to None, run_after=None
[2024-05-06T18:26:45.272-0300] {processor.py:183} INFO - Processing /mnt/c/Users/Tilto/Desktop/Work/Airflow/dags/dag_exemplo.py took 0.135 seconds
[2024-05-06T18:27:16.058-0300] {processor.py:161} INFO - Started process (PID=1991) to work on /mnt/c/Users/Tilto/Desktop/Work/Airflow/dags/dag_exemplo.py
[2024-05-06T18:27:16.059-0300] {processor.py:830} INFO - Processing file /mnt/c/Users/Tilto/Desktop/Work/Airflow/dags/dag_exemplo.py for tasks to queue
[2024-05-06T18:27:16.061-0300] {logging_mixin.py:188} INFO - [2024-05-06T18:27:16.061-0300] {dagbag.py:540} INFO - Filling up the DagBag from /mnt/c/Users/Tilto/Desktop/Work/Airflow/dags/dag_exemplo.py
[2024-05-06T18:27:16.083-0300] {processor.py:840} INFO - DAG(s) 'dag_exemplo' retrieved from /mnt/c/Users/Tilto/Desktop/Work/Airflow/dags/dag_exemplo.py
[2024-05-06T18:27:16.109-0300] {logging_mixin.py:188} INFO - [2024-05-06T18:27:16.108-0300] {dag.py:3096} INFO - Sync 1 DAGs
[2024-05-06T18:27:16.123-0300] {logging_mixin.py:188} INFO - [2024-05-06T18:27:16.123-0300] {dag.py:3954} INFO - Setting next_dagrun for dag_exemplo to None, run_after=None
[2024-05-06T18:27:16.226-0300] {processor.py:183} INFO - Processing /mnt/c/Users/Tilto/Desktop/Work/Airflow/dags/dag_exemplo.py took 0.172 seconds
[2024-05-06T18:27:46.811-0300] {processor.py:161} INFO - Started process (PID=2122) to work on /mnt/c/Users/Tilto/Desktop/Work/Airflow/dags/dag_exemplo.py
[2024-05-06T18:27:46.813-0300] {processor.py:830} INFO - Processing file /mnt/c/Users/Tilto/Desktop/Work/Airflow/dags/dag_exemplo.py for tasks to queue
[2024-05-06T18:27:46.815-0300] {logging_mixin.py:188} INFO - [2024-05-06T18:27:46.814-0300] {dagbag.py:540} INFO - Filling up the DagBag from /mnt/c/Users/Tilto/Desktop/Work/Airflow/dags/dag_exemplo.py
[2024-05-06T18:27:46.844-0300] {processor.py:840} INFO - DAG(s) 'dag_exemplo' retrieved from /mnt/c/Users/Tilto/Desktop/Work/Airflow/dags/dag_exemplo.py
[2024-05-06T18:27:46.876-0300] {logging_mixin.py:188} INFO - [2024-05-06T18:27:46.876-0300] {dag.py:3096} INFO - Sync 1 DAGs
[2024-05-06T18:27:46.889-0300] {logging_mixin.py:188} INFO - [2024-05-06T18:27:46.889-0300] {dag.py:3954} INFO - Setting next_dagrun for dag_exemplo to None, run_after=None
[2024-05-06T18:27:46.953-0300] {processor.py:183} INFO - Processing /mnt/c/Users/Tilto/Desktop/Work/Airflow/dags/dag_exemplo.py took 0.148 seconds
[2024-05-06T18:28:17.099-0300] {processor.py:161} INFO - Started process (PID=2248) to work on /mnt/c/Users/Tilto/Desktop/Work/Airflow/dags/dag_exemplo.py
[2024-05-06T18:28:17.100-0300] {processor.py:830} INFO - Processing file /mnt/c/Users/Tilto/Desktop/Work/Airflow/dags/dag_exemplo.py for tasks to queue
[2024-05-06T18:28:17.102-0300] {logging_mixin.py:188} INFO - [2024-05-06T18:28:17.102-0300] {dagbag.py:540} INFO - Filling up the DagBag from /mnt/c/Users/Tilto/Desktop/Work/Airflow/dags/dag_exemplo.py
[2024-05-06T18:28:17.126-0300] {processor.py:840} INFO - DAG(s) 'dag_exemplo' retrieved from /mnt/c/Users/Tilto/Desktop/Work/Airflow/dags/dag_exemplo.py
[2024-05-06T18:28:17.153-0300] {logging_mixin.py:188} INFO - [2024-05-06T18:28:17.153-0300] {dag.py:3096} INFO - Sync 1 DAGs
[2024-05-06T18:28:17.166-0300] {logging_mixin.py:188} INFO - [2024-05-06T18:28:17.166-0300] {dag.py:3954} INFO - Setting next_dagrun for dag_exemplo to None, run_after=None
[2024-05-06T18:28:17.230-0300] {processor.py:183} INFO - Processing /mnt/c/Users/Tilto/Desktop/Work/Airflow/dags/dag_exemplo.py took 0.135 seconds
[2024-05-06T18:28:48.162-0300] {processor.py:161} INFO - Started process (PID=2377) to work on /mnt/c/Users/Tilto/Desktop/Work/Airflow/dags/dag_exemplo.py
[2024-05-06T18:28:48.163-0300] {processor.py:830} INFO - Processing file /mnt/c/Users/Tilto/Desktop/Work/Airflow/dags/dag_exemplo.py for tasks to queue
[2024-05-06T18:28:48.165-0300] {logging_mixin.py:188} INFO - [2024-05-06T18:28:48.165-0300] {dagbag.py:540} INFO - Filling up the DagBag from /mnt/c/Users/Tilto/Desktop/Work/Airflow/dags/dag_exemplo.py
[2024-05-06T18:28:48.186-0300] {processor.py:840} INFO - DAG(s) 'dag_exemplo' retrieved from /mnt/c/Users/Tilto/Desktop/Work/Airflow/dags/dag_exemplo.py
[2024-05-06T18:28:48.213-0300] {logging_mixin.py:188} INFO - [2024-05-06T18:28:48.213-0300] {dag.py:3096} INFO - Sync 1 DAGs
[2024-05-06T18:28:48.227-0300] {logging_mixin.py:188} INFO - [2024-05-06T18:28:48.227-0300] {dag.py:3954} INFO - Setting next_dagrun for dag_exemplo to None, run_after=None
[2024-05-06T18:28:48.290-0300] {processor.py:183} INFO - Processing /mnt/c/Users/Tilto/Desktop/Work/Airflow/dags/dag_exemplo.py took 0.133 seconds
[2024-05-06T18:29:18.525-0300] {processor.py:161} INFO - Started process (PID=2504) to work on /mnt/c/Users/Tilto/Desktop/Work/Airflow/dags/dag_exemplo.py
[2024-05-06T18:29:18.526-0300] {processor.py:830} INFO - Processing file /mnt/c/Users/Tilto/Desktop/Work/Airflow/dags/dag_exemplo.py for tasks to queue
[2024-05-06T18:29:18.528-0300] {logging_mixin.py:188} INFO - [2024-05-06T18:29:18.527-0300] {dagbag.py:540} INFO - Filling up the DagBag from /mnt/c/Users/Tilto/Desktop/Work/Airflow/dags/dag_exemplo.py
[2024-05-06T18:29:18.547-0300] {processor.py:840} INFO - DAG(s) 'dag_exemplo' retrieved from /mnt/c/Users/Tilto/Desktop/Work/Airflow/dags/dag_exemplo.py
[2024-05-06T18:29:18.572-0300] {logging_mixin.py:188} INFO - [2024-05-06T18:29:18.571-0300] {dag.py:3096} INFO - Sync 1 DAGs
[2024-05-06T18:29:18.583-0300] {logging_mixin.py:188} INFO - [2024-05-06T18:29:18.583-0300] {dag.py:3954} INFO - Setting next_dagrun for dag_exemplo to None, run_after=None
[2024-05-06T18:29:18.640-0300] {processor.py:183} INFO - Processing /mnt/c/Users/Tilto/Desktop/Work/Airflow/dags/dag_exemplo.py took 0.119 seconds
[2024-05-06T18:29:49.642-0300] {processor.py:161} INFO - Started process (PID=2636) to work on /mnt/c/Users/Tilto/Desktop/Work/Airflow/dags/dag_exemplo.py
[2024-05-06T18:29:49.643-0300] {processor.py:830} INFO - Processing file /mnt/c/Users/Tilto/Desktop/Work/Airflow/dags/dag_exemplo.py for tasks to queue
[2024-05-06T18:29:49.644-0300] {logging_mixin.py:188} INFO - [2024-05-06T18:29:49.644-0300] {dagbag.py:540} INFO - Filling up the DagBag from /mnt/c/Users/Tilto/Desktop/Work/Airflow/dags/dag_exemplo.py
[2024-05-06T18:29:49.667-0300] {processor.py:840} INFO - DAG(s) 'dag_exemplo' retrieved from /mnt/c/Users/Tilto/Desktop/Work/Airflow/dags/dag_exemplo.py
[2024-05-06T18:29:49.693-0300] {logging_mixin.py:188} INFO - [2024-05-06T18:29:49.693-0300] {dag.py:3096} INFO - Sync 1 DAGs
[2024-05-06T18:29:49.706-0300] {logging_mixin.py:188} INFO - [2024-05-06T18:29:49.706-0300] {dag.py:3954} INFO - Setting next_dagrun for dag_exemplo to None, run_after=None
[2024-05-06T18:29:49.774-0300] {processor.py:183} INFO - Processing /mnt/c/Users/Tilto/Desktop/Work/Airflow/dags/dag_exemplo.py took 0.137 seconds
[2024-05-06T18:30:20.448-0300] {processor.py:161} INFO - Started process (PID=2768) to work on /mnt/c/Users/Tilto/Desktop/Work/Airflow/dags/dag_exemplo.py
[2024-05-06T18:30:20.449-0300] {processor.py:830} INFO - Processing file /mnt/c/Users/Tilto/Desktop/Work/Airflow/dags/dag_exemplo.py for tasks to queue
[2024-05-06T18:30:20.450-0300] {logging_mixin.py:188} INFO - [2024-05-06T18:30:20.450-0300] {dagbag.py:540} INFO - Filling up the DagBag from /mnt/c/Users/Tilto/Desktop/Work/Airflow/dags/dag_exemplo.py
[2024-05-06T18:30:20.469-0300] {processor.py:840} INFO - DAG(s) 'dag_exemplo' retrieved from /mnt/c/Users/Tilto/Desktop/Work/Airflow/dags/dag_exemplo.py
[2024-05-06T18:30:20.493-0300] {logging_mixin.py:188} INFO - [2024-05-06T18:30:20.493-0300] {dag.py:3096} INFO - Sync 1 DAGs
[2024-05-06T18:30:20.505-0300] {logging_mixin.py:188} INFO - [2024-05-06T18:30:20.504-0300] {dag.py:3954} INFO - Setting next_dagrun for dag_exemplo to None, run_after=None
[2024-05-06T18:30:20.559-0300] {processor.py:183} INFO - Processing /mnt/c/Users/Tilto/Desktop/Work/Airflow/dags/dag_exemplo.py took 0.116 seconds
[2024-05-06T18:30:50.923-0300] {processor.py:161} INFO - Started process (PID=2894) to work on /mnt/c/Users/Tilto/Desktop/Work/Airflow/dags/dag_exemplo.py
[2024-05-06T18:30:50.924-0300] {processor.py:830} INFO - Processing file /mnt/c/Users/Tilto/Desktop/Work/Airflow/dags/dag_exemplo.py for tasks to queue
[2024-05-06T18:30:50.926-0300] {logging_mixin.py:188} INFO - [2024-05-06T18:30:50.926-0300] {dagbag.py:540} INFO - Filling up the DagBag from /mnt/c/Users/Tilto/Desktop/Work/Airflow/dags/dag_exemplo.py
[2024-05-06T18:30:50.946-0300] {processor.py:840} INFO - DAG(s) 'dag_exemplo' retrieved from /mnt/c/Users/Tilto/Desktop/Work/Airflow/dags/dag_exemplo.py
[2024-05-06T18:30:50.973-0300] {logging_mixin.py:188} INFO - [2024-05-06T18:30:50.972-0300] {dag.py:3096} INFO - Sync 1 DAGs
[2024-05-06T18:30:50.985-0300] {logging_mixin.py:188} INFO - [2024-05-06T18:30:50.985-0300] {dag.py:3954} INFO - Setting next_dagrun for dag_exemplo to None, run_after=None
[2024-05-06T18:30:51.045-0300] {processor.py:183} INFO - Processing /mnt/c/Users/Tilto/Desktop/Work/Airflow/dags/dag_exemplo.py took 0.125 seconds
[2024-05-06T18:31:21.365-0300] {processor.py:161} INFO - Started process (PID=3021) to work on /mnt/c/Users/Tilto/Desktop/Work/Airflow/dags/dag_exemplo.py
[2024-05-06T18:31:21.366-0300] {processor.py:830} INFO - Processing file /mnt/c/Users/Tilto/Desktop/Work/Airflow/dags/dag_exemplo.py for tasks to queue
[2024-05-06T18:31:21.367-0300] {logging_mixin.py:188} INFO - [2024-05-06T18:31:21.367-0300] {dagbag.py:540} INFO - Filling up the DagBag from /mnt/c/Users/Tilto/Desktop/Work/Airflow/dags/dag_exemplo.py
[2024-05-06T18:31:21.389-0300] {processor.py:840} INFO - DAG(s) 'dag_exemplo' retrieved from /mnt/c/Users/Tilto/Desktop/Work/Airflow/dags/dag_exemplo.py
[2024-05-06T18:31:21.417-0300] {logging_mixin.py:188} INFO - [2024-05-06T18:31:21.417-0300] {dag.py:3096} INFO - Sync 1 DAGs
[2024-05-06T18:31:21.429-0300] {logging_mixin.py:188} INFO - [2024-05-06T18:31:21.429-0300] {dag.py:3954} INFO - Setting next_dagrun for dag_exemplo to None, run_after=None
[2024-05-06T18:31:21.498-0300] {processor.py:183} INFO - Processing /mnt/c/Users/Tilto/Desktop/Work/Airflow/dags/dag_exemplo.py took 0.137 seconds
[2024-05-06T18:31:52.132-0300] {processor.py:161} INFO - Started process (PID=3225) to work on /mnt/c/Users/Tilto/Desktop/Work/Airflow/dags/dag_exemplo.py
[2024-05-06T18:31:52.135-0300] {processor.py:830} INFO - Processing file /mnt/c/Users/Tilto/Desktop/Work/Airflow/dags/dag_exemplo.py for tasks to queue
[2024-05-06T18:31:52.137-0300] {logging_mixin.py:188} INFO - [2024-05-06T18:31:52.137-0300] {dagbag.py:540} INFO - Filling up the DagBag from /mnt/c/Users/Tilto/Desktop/Work/Airflow/dags/dag_exemplo.py
[2024-05-06T18:31:52.191-0300] {processor.py:840} INFO - DAG(s) 'dag_exemplo' retrieved from /mnt/c/Users/Tilto/Desktop/Work/Airflow/dags/dag_exemplo.py
[2024-05-06T18:31:52.220-0300] {logging_mixin.py:188} INFO - [2024-05-06T18:31:52.220-0300] {dag.py:3096} INFO - Sync 1 DAGs
[2024-05-06T18:31:52.233-0300] {logging_mixin.py:188} INFO - [2024-05-06T18:31:52.233-0300] {dag.py:3954} INFO - Setting next_dagrun for dag_exemplo to None, run_after=None
[2024-05-06T18:31:52.353-0300] {processor.py:183} INFO - Processing /mnt/c/Users/Tilto/Desktop/Work/Airflow/dags/dag_exemplo.py took 0.227 seconds
[2024-05-06T18:32:23.096-0300] {processor.py:161} INFO - Started process (PID=3354) to work on /mnt/c/Users/Tilto/Desktop/Work/Airflow/dags/dag_exemplo.py
[2024-05-06T18:32:23.097-0300] {processor.py:830} INFO - Processing file /mnt/c/Users/Tilto/Desktop/Work/Airflow/dags/dag_exemplo.py for tasks to queue
[2024-05-06T18:32:23.099-0300] {logging_mixin.py:188} INFO - [2024-05-06T18:32:23.098-0300] {dagbag.py:540} INFO - Filling up the DagBag from /mnt/c/Users/Tilto/Desktop/Work/Airflow/dags/dag_exemplo.py
[2024-05-06T18:32:23.118-0300] {processor.py:840} INFO - DAG(s) 'dag_exemplo' retrieved from /mnt/c/Users/Tilto/Desktop/Work/Airflow/dags/dag_exemplo.py
[2024-05-06T18:32:23.146-0300] {logging_mixin.py:188} INFO - [2024-05-06T18:32:23.146-0300] {dag.py:3096} INFO - Sync 1 DAGs
[2024-05-06T18:32:23.158-0300] {logging_mixin.py:188} INFO - [2024-05-06T18:32:23.158-0300] {dag.py:3954} INFO - Setting next_dagrun for dag_exemplo to None, run_after=None
[2024-05-06T18:32:23.219-0300] {processor.py:183} INFO - Processing /mnt/c/Users/Tilto/Desktop/Work/Airflow/dags/dag_exemplo.py took 0.127 seconds
[2024-05-06T18:32:53.325-0300] {processor.py:161} INFO - Started process (PID=3483) to work on /mnt/c/Users/Tilto/Desktop/Work/Airflow/dags/dag_exemplo.py
[2024-05-06T18:32:53.326-0300] {processor.py:830} INFO - Processing file /mnt/c/Users/Tilto/Desktop/Work/Airflow/dags/dag_exemplo.py for tasks to queue
[2024-05-06T18:32:53.328-0300] {logging_mixin.py:188} INFO - [2024-05-06T18:32:53.327-0300] {dagbag.py:540} INFO - Filling up the DagBag from /mnt/c/Users/Tilto/Desktop/Work/Airflow/dags/dag_exemplo.py
[2024-05-06T18:32:53.348-0300] {processor.py:840} INFO - DAG(s) 'dag_exemplo' retrieved from /mnt/c/Users/Tilto/Desktop/Work/Airflow/dags/dag_exemplo.py
[2024-05-06T18:32:53.375-0300] {logging_mixin.py:188} INFO - [2024-05-06T18:32:53.374-0300] {dag.py:3096} INFO - Sync 1 DAGs
[2024-05-06T18:32:53.387-0300] {logging_mixin.py:188} INFO - [2024-05-06T18:32:53.387-0300] {dag.py:3954} INFO - Setting next_dagrun for dag_exemplo to None, run_after=None
[2024-05-06T18:32:53.521-0300] {processor.py:183} INFO - Processing /mnt/c/Users/Tilto/Desktop/Work/Airflow/dags/dag_exemplo.py took 0.201 seconds
[2024-05-06T18:33:24.001-0300] {processor.py:161} INFO - Started process (PID=3611) to work on /mnt/c/Users/Tilto/Desktop/Work/Airflow/dags/dag_exemplo.py
[2024-05-06T18:33:24.002-0300] {processor.py:830} INFO - Processing file /mnt/c/Users/Tilto/Desktop/Work/Airflow/dags/dag_exemplo.py for tasks to queue
[2024-05-06T18:33:24.003-0300] {logging_mixin.py:188} INFO - [2024-05-06T18:33:24.003-0300] {dagbag.py:540} INFO - Filling up the DagBag from /mnt/c/Users/Tilto/Desktop/Work/Airflow/dags/dag_exemplo.py
[2024-05-06T18:33:24.023-0300] {processor.py:840} INFO - DAG(s) 'dag_exemplo' retrieved from /mnt/c/Users/Tilto/Desktop/Work/Airflow/dags/dag_exemplo.py
[2024-05-06T18:33:24.047-0300] {logging_mixin.py:188} INFO - [2024-05-06T18:33:24.047-0300] {dag.py:3096} INFO - Sync 1 DAGs
[2024-05-06T18:33:24.127-0300] {logging_mixin.py:188} INFO - [2024-05-06T18:33:24.126-0300] {dag.py:3954} INFO - Setting next_dagrun for dag_exemplo to None, run_after=None
[2024-05-06T18:33:24.188-0300] {processor.py:183} INFO - Processing /mnt/c/Users/Tilto/Desktop/Work/Airflow/dags/dag_exemplo.py took 0.191 seconds
[2024-05-06T18:33:54.404-0300] {processor.py:161} INFO - Started process (PID=3746) to work on /mnt/c/Users/Tilto/Desktop/Work/Airflow/dags/dag_exemplo.py
[2024-05-06T18:33:54.406-0300] {processor.py:830} INFO - Processing file /mnt/c/Users/Tilto/Desktop/Work/Airflow/dags/dag_exemplo.py for tasks to queue
[2024-05-06T18:33:54.408-0300] {logging_mixin.py:188} INFO - [2024-05-06T18:33:54.408-0300] {dagbag.py:540} INFO - Filling up the DagBag from /mnt/c/Users/Tilto/Desktop/Work/Airflow/dags/dag_exemplo.py
[2024-05-06T18:33:54.433-0300] {processor.py:840} INFO - DAG(s) 'dag_exemplo' retrieved from /mnt/c/Users/Tilto/Desktop/Work/Airflow/dags/dag_exemplo.py
[2024-05-06T18:33:54.463-0300] {logging_mixin.py:188} INFO - [2024-05-06T18:33:54.462-0300] {dag.py:3096} INFO - Sync 1 DAGs
[2024-05-06T18:33:54.554-0300] {logging_mixin.py:188} INFO - [2024-05-06T18:33:54.554-0300] {dag.py:3954} INFO - Setting next_dagrun for dag_exemplo to None, run_after=None
[2024-05-06T18:33:54.613-0300] {processor.py:183} INFO - Processing /mnt/c/Users/Tilto/Desktop/Work/Airflow/dags/dag_exemplo.py took 0.213 seconds
[2024-05-06T18:34:25.507-0300] {processor.py:161} INFO - Started process (PID=3878) to work on /mnt/c/Users/Tilto/Desktop/Work/Airflow/dags/dag_exemplo.py
[2024-05-06T18:34:25.508-0300] {processor.py:830} INFO - Processing file /mnt/c/Users/Tilto/Desktop/Work/Airflow/dags/dag_exemplo.py for tasks to queue
[2024-05-06T18:34:25.509-0300] {logging_mixin.py:188} INFO - [2024-05-06T18:34:25.509-0300] {dagbag.py:540} INFO - Filling up the DagBag from /mnt/c/Users/Tilto/Desktop/Work/Airflow/dags/dag_exemplo.py
[2024-05-06T18:34:25.531-0300] {processor.py:840} INFO - DAG(s) 'dag_exemplo' retrieved from /mnt/c/Users/Tilto/Desktop/Work/Airflow/dags/dag_exemplo.py
[2024-05-06T18:34:25.621-0300] {logging_mixin.py:188} INFO - [2024-05-06T18:34:25.620-0300] {dag.py:3096} INFO - Sync 1 DAGs
[2024-05-06T18:34:25.631-0300] {logging_mixin.py:188} INFO - [2024-05-06T18:34:25.631-0300] {dag.py:3954} INFO - Setting next_dagrun for dag_exemplo to None, run_after=None
[2024-05-06T18:34:25.686-0300] {processor.py:183} INFO - Processing /mnt/c/Users/Tilto/Desktop/Work/Airflow/dags/dag_exemplo.py took 0.184 seconds
[2024-05-06T18:34:56.648-0300] {processor.py:161} INFO - Started process (PID=4008) to work on /mnt/c/Users/Tilto/Desktop/Work/Airflow/dags/dag_exemplo.py
[2024-05-06T18:34:56.649-0300] {processor.py:830} INFO - Processing file /mnt/c/Users/Tilto/Desktop/Work/Airflow/dags/dag_exemplo.py for tasks to queue
[2024-05-06T18:34:56.652-0300] {logging_mixin.py:188} INFO - [2024-05-06T18:34:56.651-0300] {dagbag.py:540} INFO - Filling up the DagBag from /mnt/c/Users/Tilto/Desktop/Work/Airflow/dags/dag_exemplo.py
[2024-05-06T18:34:56.679-0300] {processor.py:840} INFO - DAG(s) 'dag_exemplo' retrieved from /mnt/c/Users/Tilto/Desktop/Work/Airflow/dags/dag_exemplo.py
[2024-05-06T18:34:56.791-0300] {logging_mixin.py:188} INFO - [2024-05-06T18:34:56.791-0300] {dag.py:3096} INFO - Sync 1 DAGs
[2024-05-06T18:34:56.805-0300] {logging_mixin.py:188} INFO - [2024-05-06T18:34:56.804-0300] {dag.py:3954} INFO - Setting next_dagrun for dag_exemplo to None, run_after=None
[2024-05-06T18:34:56.949-0300] {processor.py:183} INFO - Processing /mnt/c/Users/Tilto/Desktop/Work/Airflow/dags/dag_exemplo.py took 0.306 seconds
[2024-05-06T18:35:27.518-0300] {processor.py:161} INFO - Started process (PID=4136) to work on /mnt/c/Users/Tilto/Desktop/Work/Airflow/dags/dag_exemplo.py
[2024-05-06T18:35:27.519-0300] {processor.py:830} INFO - Processing file /mnt/c/Users/Tilto/Desktop/Work/Airflow/dags/dag_exemplo.py for tasks to queue
[2024-05-06T18:35:27.600-0300] {logging_mixin.py:188} INFO - [2024-05-06T18:35:27.600-0300] {dagbag.py:540} INFO - Filling up the DagBag from /mnt/c/Users/Tilto/Desktop/Work/Airflow/dags/dag_exemplo.py
[2024-05-06T18:35:27.622-0300] {processor.py:840} INFO - DAG(s) 'dag_exemplo' retrieved from /mnt/c/Users/Tilto/Desktop/Work/Airflow/dags/dag_exemplo.py
[2024-05-06T18:35:27.645-0300] {logging_mixin.py:188} INFO - [2024-05-06T18:35:27.645-0300] {dag.py:3096} INFO - Sync 1 DAGs
[2024-05-06T18:35:27.657-0300] {logging_mixin.py:188} INFO - [2024-05-06T18:35:27.657-0300] {dag.py:3954} INFO - Setting next_dagrun for dag_exemplo to None, run_after=None
[2024-05-06T18:35:27.718-0300] {processor.py:183} INFO - Processing /mnt/c/Users/Tilto/Desktop/Work/Airflow/dags/dag_exemplo.py took 0.205 seconds
[2024-05-06T18:35:58.368-0300] {processor.py:161} INFO - Started process (PID=4265) to work on /mnt/c/Users/Tilto/Desktop/Work/Airflow/dags/dag_exemplo.py
[2024-05-06T18:35:58.369-0300] {processor.py:830} INFO - Processing file /mnt/c/Users/Tilto/Desktop/Work/Airflow/dags/dag_exemplo.py for tasks to queue
[2024-05-06T18:35:58.370-0300] {logging_mixin.py:188} INFO - [2024-05-06T18:35:58.370-0300] {dagbag.py:540} INFO - Filling up the DagBag from /mnt/c/Users/Tilto/Desktop/Work/Airflow/dags/dag_exemplo.py
[2024-05-06T18:35:58.391-0300] {processor.py:840} INFO - DAG(s) 'dag_exemplo' retrieved from /mnt/c/Users/Tilto/Desktop/Work/Airflow/dags/dag_exemplo.py
[2024-05-06T18:35:58.415-0300] {logging_mixin.py:188} INFO - [2024-05-06T18:35:58.415-0300] {dag.py:3096} INFO - Sync 1 DAGs
[2024-05-06T18:35:58.427-0300] {logging_mixin.py:188} INFO - [2024-05-06T18:35:58.427-0300] {dag.py:3954} INFO - Setting next_dagrun for dag_exemplo to None, run_after=None
[2024-05-06T18:35:58.481-0300] {processor.py:183} INFO - Processing /mnt/c/Users/Tilto/Desktop/Work/Airflow/dags/dag_exemplo.py took 0.118 seconds
[2024-05-06T18:36:28.842-0300] {processor.py:161} INFO - Started process (PID=4395) to work on /mnt/c/Users/Tilto/Desktop/Work/Airflow/dags/dag_exemplo.py
[2024-05-06T18:36:28.843-0300] {processor.py:830} INFO - Processing file /mnt/c/Users/Tilto/Desktop/Work/Airflow/dags/dag_exemplo.py for tasks to queue
[2024-05-06T18:36:28.844-0300] {logging_mixin.py:188} INFO - [2024-05-06T18:36:28.844-0300] {dagbag.py:540} INFO - Filling up the DagBag from /mnt/c/Users/Tilto/Desktop/Work/Airflow/dags/dag_exemplo.py
[2024-05-06T18:36:28.866-0300] {processor.py:840} INFO - DAG(s) 'dag_exemplo' retrieved from /mnt/c/Users/Tilto/Desktop/Work/Airflow/dags/dag_exemplo.py
[2024-05-06T18:36:28.891-0300] {logging_mixin.py:188} INFO - [2024-05-06T18:36:28.891-0300] {dag.py:3096} INFO - Sync 1 DAGs
[2024-05-06T18:36:28.904-0300] {logging_mixin.py:188} INFO - [2024-05-06T18:36:28.904-0300] {dag.py:3954} INFO - Setting next_dagrun for dag_exemplo to None, run_after=None
[2024-05-06T18:36:29.046-0300] {processor.py:183} INFO - Processing /mnt/c/Users/Tilto/Desktop/Work/Airflow/dags/dag_exemplo.py took 0.209 seconds
[2024-05-06T18:38:05.140-0300] {processor.py:161} INFO - Started process (PID=4805) to work on /mnt/c/Users/Tilto/Desktop/Work/Airflow/dags/dag_exemplo.py
[2024-05-06T18:38:05.142-0300] {processor.py:830} INFO - Processing file /mnt/c/Users/Tilto/Desktop/Work/Airflow/dags/dag_exemplo.py for tasks to queue
[2024-05-06T18:38:05.144-0300] {logging_mixin.py:188} INFO - [2024-05-06T18:38:05.143-0300] {dagbag.py:540} INFO - Filling up the DagBag from /mnt/c/Users/Tilto/Desktop/Work/Airflow/dags/dag_exemplo.py
[2024-05-06T18:38:05.166-0300] {processor.py:840} INFO - DAG(s) 'dag_exemplo' retrieved from /mnt/c/Users/Tilto/Desktop/Work/Airflow/dags/dag_exemplo.py
[2024-05-06T18:38:05.182-0300] {logging_mixin.py:188} INFO - [2024-05-06T18:38:05.182-0300] {dag.py:3096} INFO - Sync 1 DAGs
[2024-05-06T18:38:05.197-0300] {logging_mixin.py:188} INFO - [2024-05-06T18:38:05.197-0300] {dag.py:3954} INFO - Setting next_dagrun for dag_exemplo to None, run_after=None
[2024-05-06T18:38:05.267-0300] {processor.py:183} INFO - Processing /mnt/c/Users/Tilto/Desktop/Work/Airflow/dags/dag_exemplo.py took 0.132 seconds
[2024-05-06T18:38:36.018-0300] {processor.py:161} INFO - Started process (PID=4960) to work on /mnt/c/Users/Tilto/Desktop/Work/Airflow/dags/dag_exemplo.py
[2024-05-06T18:38:36.019-0300] {processor.py:830} INFO - Processing file /mnt/c/Users/Tilto/Desktop/Work/Airflow/dags/dag_exemplo.py for tasks to queue
[2024-05-06T18:38:36.021-0300] {logging_mixin.py:188} INFO - [2024-05-06T18:38:36.021-0300] {dagbag.py:540} INFO - Filling up the DagBag from /mnt/c/Users/Tilto/Desktop/Work/Airflow/dags/dag_exemplo.py
[2024-05-06T18:38:36.038-0300] {processor.py:840} INFO - DAG(s) 'dag_exemplo' retrieved from /mnt/c/Users/Tilto/Desktop/Work/Airflow/dags/dag_exemplo.py
[2024-05-06T18:38:36.135-0300] {logging_mixin.py:188} INFO - [2024-05-06T18:38:36.135-0300] {dag.py:3096} INFO - Sync 1 DAGs
[2024-05-06T18:38:36.146-0300] {logging_mixin.py:188} INFO - [2024-05-06T18:38:36.146-0300] {dag.py:3954} INFO - Setting next_dagrun for dag_exemplo to None, run_after=None
[2024-05-06T18:38:36.201-0300] {processor.py:183} INFO - Processing /mnt/c/Users/Tilto/Desktop/Work/Airflow/dags/dag_exemplo.py took 0.187 seconds
[2024-05-06T18:39:09.016-0300] {processor.py:161} INFO - Started process (PID=5102) to work on /mnt/c/Users/Tilto/Desktop/Work/Airflow/dags/dag_exemplo.py
[2024-05-06T18:39:09.017-0300] {processor.py:830} INFO - Processing file /mnt/c/Users/Tilto/Desktop/Work/Airflow/dags/dag_exemplo.py for tasks to queue
[2024-05-06T18:39:09.019-0300] {logging_mixin.py:188} INFO - [2024-05-06T18:39:09.018-0300] {dagbag.py:540} INFO - Filling up the DagBag from /mnt/c/Users/Tilto/Desktop/Work/Airflow/dags/dag_exemplo.py
[2024-05-06T18:39:09.044-0300] {processor.py:840} INFO - DAG(s) 'dag_exemplo' retrieved from /mnt/c/Users/Tilto/Desktop/Work/Airflow/dags/dag_exemplo.py
[2024-05-06T18:39:09.078-0300] {logging_mixin.py:188} INFO - [2024-05-06T18:39:09.077-0300] {dag.py:3096} INFO - Sync 1 DAGs
[2024-05-06T18:39:09.096-0300] {logging_mixin.py:188} INFO - [2024-05-06T18:39:09.096-0300] {dag.py:3954} INFO - Setting next_dagrun for dag_exemplo to None, run_after=None
[2024-05-06T18:39:09.162-0300] {processor.py:183} INFO - Processing /mnt/c/Users/Tilto/Desktop/Work/Airflow/dags/dag_exemplo.py took 0.152 seconds
[2024-05-06T18:39:39.662-0300] {processor.py:161} INFO - Started process (PID=5233) to work on /mnt/c/Users/Tilto/Desktop/Work/Airflow/dags/dag_exemplo.py
[2024-05-06T18:39:39.663-0300] {processor.py:830} INFO - Processing file /mnt/c/Users/Tilto/Desktop/Work/Airflow/dags/dag_exemplo.py for tasks to queue
[2024-05-06T18:39:39.664-0300] {logging_mixin.py:188} INFO - [2024-05-06T18:39:39.664-0300] {dagbag.py:540} INFO - Filling up the DagBag from /mnt/c/Users/Tilto/Desktop/Work/Airflow/dags/dag_exemplo.py
[2024-05-06T18:39:39.686-0300] {processor.py:840} INFO - DAG(s) 'dag_exemplo' retrieved from /mnt/c/Users/Tilto/Desktop/Work/Airflow/dags/dag_exemplo.py
[2024-05-06T18:39:39.711-0300] {logging_mixin.py:188} INFO - [2024-05-06T18:39:39.711-0300] {dag.py:3096} INFO - Sync 1 DAGs
[2024-05-06T18:39:39.726-0300] {logging_mixin.py:188} INFO - [2024-05-06T18:39:39.725-0300] {dag.py:3954} INFO - Setting next_dagrun for dag_exemplo to None, run_after=None
[2024-05-06T18:39:39.796-0300] {processor.py:183} INFO - Processing /mnt/c/Users/Tilto/Desktop/Work/Airflow/dags/dag_exemplo.py took 0.139 seconds
[2024-05-06T18:40:10.167-0300] {processor.py:161} INFO - Started process (PID=5364) to work on /mnt/c/Users/Tilto/Desktop/Work/Airflow/dags/dag_exemplo.py
[2024-05-06T18:40:10.169-0300] {processor.py:830} INFO - Processing file /mnt/c/Users/Tilto/Desktop/Work/Airflow/dags/dag_exemplo.py for tasks to queue
[2024-05-06T18:40:10.170-0300] {logging_mixin.py:188} INFO - [2024-05-06T18:40:10.170-0300] {dagbag.py:540} INFO - Filling up the DagBag from /mnt/c/Users/Tilto/Desktop/Work/Airflow/dags/dag_exemplo.py
[2024-05-06T18:40:10.196-0300] {processor.py:840} INFO - DAG(s) 'dag_exemplo' retrieved from /mnt/c/Users/Tilto/Desktop/Work/Airflow/dags/dag_exemplo.py
[2024-05-06T18:40:10.230-0300] {logging_mixin.py:188} INFO - [2024-05-06T18:40:10.230-0300] {dag.py:3096} INFO - Sync 1 DAGs
[2024-05-06T18:40:10.243-0300] {logging_mixin.py:188} INFO - [2024-05-06T18:40:10.243-0300] {dag.py:3954} INFO - Setting next_dagrun for dag_exemplo to None, run_after=None
[2024-05-06T18:40:10.307-0300] {processor.py:183} INFO - Processing /mnt/c/Users/Tilto/Desktop/Work/Airflow/dags/dag_exemplo.py took 0.144 seconds
[2024-05-06T18:40:42.407-0300] {processor.py:161} INFO - Started process (PID=5498) to work on /mnt/c/Users/Tilto/Desktop/Work/Airflow/dags/dag_exemplo.py
[2024-05-06T18:40:42.408-0300] {processor.py:830} INFO - Processing file /mnt/c/Users/Tilto/Desktop/Work/Airflow/dags/dag_exemplo.py for tasks to queue
[2024-05-06T18:40:42.410-0300] {logging_mixin.py:188} INFO - [2024-05-06T18:40:42.409-0300] {dagbag.py:540} INFO - Filling up the DagBag from /mnt/c/Users/Tilto/Desktop/Work/Airflow/dags/dag_exemplo.py
[2024-05-06T18:40:42.431-0300] {processor.py:840} INFO - DAG(s) 'dag_exemplo' retrieved from /mnt/c/Users/Tilto/Desktop/Work/Airflow/dags/dag_exemplo.py
[2024-05-06T18:40:42.457-0300] {logging_mixin.py:188} INFO - [2024-05-06T18:40:42.457-0300] {dag.py:3096} INFO - Sync 1 DAGs
[2024-05-06T18:40:42.471-0300] {logging_mixin.py:188} INFO - [2024-05-06T18:40:42.471-0300] {dag.py:3954} INFO - Setting next_dagrun for dag_exemplo to None, run_after=None
[2024-05-06T18:40:42.991-0300] {processor.py:183} INFO - Processing /mnt/c/Users/Tilto/Desktop/Work/Airflow/dags/dag_exemplo.py took 0.589 seconds
[2024-05-06T18:41:13.992-0300] {processor.py:161} INFO - Started process (PID=5629) to work on /mnt/c/Users/Tilto/Desktop/Work/Airflow/dags/dag_exemplo.py
[2024-05-06T18:41:13.993-0300] {processor.py:830} INFO - Processing file /mnt/c/Users/Tilto/Desktop/Work/Airflow/dags/dag_exemplo.py for tasks to queue
[2024-05-06T18:41:13.995-0300] {logging_mixin.py:188} INFO - [2024-05-06T18:41:13.994-0300] {dagbag.py:540} INFO - Filling up the DagBag from /mnt/c/Users/Tilto/Desktop/Work/Airflow/dags/dag_exemplo.py
[2024-05-06T18:41:14.014-0300] {processor.py:840} INFO - DAG(s) 'dag_exemplo' retrieved from /mnt/c/Users/Tilto/Desktop/Work/Airflow/dags/dag_exemplo.py
[2024-05-06T18:41:14.043-0300] {logging_mixin.py:188} INFO - [2024-05-06T18:41:14.042-0300] {dag.py:3096} INFO - Sync 1 DAGs
[2024-05-06T18:41:14.055-0300] {logging_mixin.py:188} INFO - [2024-05-06T18:41:14.055-0300] {dag.py:3954} INFO - Setting next_dagrun for dag_exemplo to None, run_after=None
[2024-05-06T18:41:14.117-0300] {processor.py:183} INFO - Processing /mnt/c/Users/Tilto/Desktop/Work/Airflow/dags/dag_exemplo.py took 0.129 seconds
[2024-05-06T18:41:44.610-0300] {processor.py:161} INFO - Started process (PID=5757) to work on /mnt/c/Users/Tilto/Desktop/Work/Airflow/dags/dag_exemplo.py
[2024-05-06T18:41:44.611-0300] {processor.py:830} INFO - Processing file /mnt/c/Users/Tilto/Desktop/Work/Airflow/dags/dag_exemplo.py for tasks to queue
[2024-05-06T18:41:44.612-0300] {logging_mixin.py:188} INFO - [2024-05-06T18:41:44.612-0300] {dagbag.py:540} INFO - Filling up the DagBag from /mnt/c/Users/Tilto/Desktop/Work/Airflow/dags/dag_exemplo.py
[2024-05-06T18:41:44.635-0300] {processor.py:840} INFO - DAG(s) 'dag_exemplo' retrieved from /mnt/c/Users/Tilto/Desktop/Work/Airflow/dags/dag_exemplo.py
[2024-05-06T18:41:44.659-0300] {logging_mixin.py:188} INFO - [2024-05-06T18:41:44.659-0300] {dag.py:3096} INFO - Sync 1 DAGs
[2024-05-06T18:41:44.671-0300] {logging_mixin.py:188} INFO - [2024-05-06T18:41:44.671-0300] {dag.py:3954} INFO - Setting next_dagrun for dag_exemplo to None, run_after=None
[2024-05-06T18:41:44.834-0300] {processor.py:183} INFO - Processing /mnt/c/Users/Tilto/Desktop/Work/Airflow/dags/dag_exemplo.py took 0.228 seconds
[2024-05-06T18:42:16.024-0300] {processor.py:161} INFO - Started process (PID=5887) to work on /mnt/c/Users/Tilto/Desktop/Work/Airflow/dags/dag_exemplo.py
[2024-05-06T18:42:16.024-0300] {processor.py:830} INFO - Processing file /mnt/c/Users/Tilto/Desktop/Work/Airflow/dags/dag_exemplo.py for tasks to queue
[2024-05-06T18:42:16.026-0300] {logging_mixin.py:188} INFO - [2024-05-06T18:42:16.026-0300] {dagbag.py:540} INFO - Filling up the DagBag from /mnt/c/Users/Tilto/Desktop/Work/Airflow/dags/dag_exemplo.py
[2024-05-06T18:42:16.048-0300] {processor.py:840} INFO - DAG(s) 'dag_exemplo' retrieved from /mnt/c/Users/Tilto/Desktop/Work/Airflow/dags/dag_exemplo.py
[2024-05-06T18:42:16.073-0300] {logging_mixin.py:188} INFO - [2024-05-06T18:42:16.073-0300] {dag.py:3096} INFO - Sync 1 DAGs
[2024-05-06T18:42:16.084-0300] {logging_mixin.py:188} INFO - [2024-05-06T18:42:16.084-0300] {dag.py:3954} INFO - Setting next_dagrun for dag_exemplo to None, run_after=None
[2024-05-06T18:42:16.142-0300] {processor.py:183} INFO - Processing /mnt/c/Users/Tilto/Desktop/Work/Airflow/dags/dag_exemplo.py took 0.123 seconds
[2024-05-06T18:42:46.935-0300] {processor.py:161} INFO - Started process (PID=6017) to work on /mnt/c/Users/Tilto/Desktop/Work/Airflow/dags/dag_exemplo.py
[2024-05-06T18:42:46.936-0300] {processor.py:830} INFO - Processing file /mnt/c/Users/Tilto/Desktop/Work/Airflow/dags/dag_exemplo.py for tasks to queue
[2024-05-06T18:42:46.938-0300] {logging_mixin.py:188} INFO - [2024-05-06T18:42:46.938-0300] {dagbag.py:540} INFO - Filling up the DagBag from /mnt/c/Users/Tilto/Desktop/Work/Airflow/dags/dag_exemplo.py
[2024-05-06T18:42:46.958-0300] {processor.py:840} INFO - DAG(s) 'dag_exemplo' retrieved from /mnt/c/Users/Tilto/Desktop/Work/Airflow/dags/dag_exemplo.py
[2024-05-06T18:42:46.983-0300] {logging_mixin.py:188} INFO - [2024-05-06T18:42:46.983-0300] {dag.py:3096} INFO - Sync 1 DAGs
[2024-05-06T18:42:46.995-0300] {logging_mixin.py:188} INFO - [2024-05-06T18:42:46.995-0300] {dag.py:3954} INFO - Setting next_dagrun for dag_exemplo to None, run_after=None
[2024-05-06T18:42:47.097-0300] {processor.py:183} INFO - Processing /mnt/c/Users/Tilto/Desktop/Work/Airflow/dags/dag_exemplo.py took 0.166 seconds
[2024-05-06T18:43:17.971-0300] {processor.py:161} INFO - Started process (PID=6149) to work on /mnt/c/Users/Tilto/Desktop/Work/Airflow/dags/dag_exemplo.py
[2024-05-06T18:43:17.972-0300] {processor.py:830} INFO - Processing file /mnt/c/Users/Tilto/Desktop/Work/Airflow/dags/dag_exemplo.py for tasks to queue
[2024-05-06T18:43:17.973-0300] {logging_mixin.py:188} INFO - [2024-05-06T18:43:17.973-0300] {dagbag.py:540} INFO - Filling up the DagBag from /mnt/c/Users/Tilto/Desktop/Work/Airflow/dags/dag_exemplo.py
[2024-05-06T18:43:17.994-0300] {processor.py:840} INFO - DAG(s) 'dag_exemplo' retrieved from /mnt/c/Users/Tilto/Desktop/Work/Airflow/dags/dag_exemplo.py
[2024-05-06T18:43:18.019-0300] {logging_mixin.py:188} INFO - [2024-05-06T18:43:18.019-0300] {dag.py:3096} INFO - Sync 1 DAGs
[2024-05-06T18:43:18.033-0300] {logging_mixin.py:188} INFO - [2024-05-06T18:43:18.032-0300] {dag.py:3954} INFO - Setting next_dagrun for dag_exemplo to None, run_after=None
[2024-05-06T18:43:18.091-0300] {processor.py:183} INFO - Processing /mnt/c/Users/Tilto/Desktop/Work/Airflow/dags/dag_exemplo.py took 0.125 seconds
[2024-05-06T18:44:05.831-0300] {processor.py:161} INFO - Started process (PID=6374) to work on /mnt/c/Users/Tilto/Desktop/Work/Airflow/dags/dag_exemplo.py
[2024-05-06T18:44:05.832-0300] {processor.py:830} INFO - Processing file /mnt/c/Users/Tilto/Desktop/Work/Airflow/dags/dag_exemplo.py for tasks to queue
[2024-05-06T18:44:05.833-0300] {logging_mixin.py:188} INFO - [2024-05-06T18:44:05.833-0300] {dagbag.py:540} INFO - Filling up the DagBag from /mnt/c/Users/Tilto/Desktop/Work/Airflow/dags/dag_exemplo.py
[2024-05-06T18:44:05.853-0300] {processor.py:840} INFO - DAG(s) 'dag_exemplo' retrieved from /mnt/c/Users/Tilto/Desktop/Work/Airflow/dags/dag_exemplo.py
[2024-05-06T18:44:05.867-0300] {logging_mixin.py:188} INFO - [2024-05-06T18:44:05.866-0300] {dag.py:3096} INFO - Sync 1 DAGs
[2024-05-06T18:44:05.886-0300] {logging_mixin.py:188} INFO - [2024-05-06T18:44:05.885-0300] {dag.py:3954} INFO - Setting next_dagrun for dag_exemplo to None, run_after=None
[2024-05-06T18:44:06.362-0300] {processor.py:183} INFO - Processing /mnt/c/Users/Tilto/Desktop/Work/Airflow/dags/dag_exemplo.py took 0.536 seconds
[2024-05-06T18:44:37.380-0300] {processor.py:161} INFO - Started process (PID=6507) to work on /mnt/c/Users/Tilto/Desktop/Work/Airflow/dags/dag_exemplo.py
[2024-05-06T18:44:37.381-0300] {processor.py:830} INFO - Processing file /mnt/c/Users/Tilto/Desktop/Work/Airflow/dags/dag_exemplo.py for tasks to queue
[2024-05-06T18:44:37.382-0300] {logging_mixin.py:188} INFO - [2024-05-06T18:44:37.382-0300] {dagbag.py:540} INFO - Filling up the DagBag from /mnt/c/Users/Tilto/Desktop/Work/Airflow/dags/dag_exemplo.py
[2024-05-06T18:44:37.402-0300] {processor.py:840} INFO - DAG(s) 'dag_exemplo' retrieved from /mnt/c/Users/Tilto/Desktop/Work/Airflow/dags/dag_exemplo.py
[2024-05-06T18:44:37.504-0300] {logging_mixin.py:188} INFO - [2024-05-06T18:44:37.503-0300] {dag.py:3096} INFO - Sync 1 DAGs
[2024-05-06T18:44:37.516-0300] {logging_mixin.py:188} INFO - [2024-05-06T18:44:37.515-0300] {dag.py:3954} INFO - Setting next_dagrun for dag_exemplo to None, run_after=None
[2024-05-06T18:44:37.585-0300] {processor.py:183} INFO - Processing /mnt/c/Users/Tilto/Desktop/Work/Airflow/dags/dag_exemplo.py took 0.209 seconds
[2024-05-06T18:45:08.394-0300] {processor.py:161} INFO - Started process (PID=6636) to work on /mnt/c/Users/Tilto/Desktop/Work/Airflow/dags/dag_exemplo.py
[2024-05-06T18:45:08.395-0300] {processor.py:830} INFO - Processing file /mnt/c/Users/Tilto/Desktop/Work/Airflow/dags/dag_exemplo.py for tasks to queue
[2024-05-06T18:45:08.396-0300] {logging_mixin.py:188} INFO - [2024-05-06T18:45:08.396-0300] {dagbag.py:540} INFO - Filling up the DagBag from /mnt/c/Users/Tilto/Desktop/Work/Airflow/dags/dag_exemplo.py
[2024-05-06T18:45:08.418-0300] {processor.py:840} INFO - DAG(s) 'dag_exemplo' retrieved from /mnt/c/Users/Tilto/Desktop/Work/Airflow/dags/dag_exemplo.py
[2024-05-06T18:45:08.444-0300] {logging_mixin.py:188} INFO - [2024-05-06T18:45:08.443-0300] {dag.py:3096} INFO - Sync 1 DAGs
[2024-05-06T18:45:08.460-0300] {logging_mixin.py:188} INFO - [2024-05-06T18:45:08.460-0300] {dag.py:3954} INFO - Setting next_dagrun for dag_exemplo to None, run_after=None
[2024-05-06T18:45:08.527-0300] {processor.py:183} INFO - Processing /mnt/c/Users/Tilto/Desktop/Work/Airflow/dags/dag_exemplo.py took 0.137 seconds
[2024-05-06T18:51:03.170-0300] {processor.py:161} INFO - Started process (PID=8150) to work on /mnt/c/Users/Tilto/Desktop/Work/Airflow/dags/dag_exemplo.py
[2024-05-06T18:51:03.171-0300] {processor.py:830} INFO - Processing file /mnt/c/Users/Tilto/Desktop/Work/Airflow/dags/dag_exemplo.py for tasks to queue
[2024-05-06T18:51:03.173-0300] {logging_mixin.py:188} INFO - [2024-05-06T18:51:03.172-0300] {dagbag.py:540} INFO - Filling up the DagBag from /mnt/c/Users/Tilto/Desktop/Work/Airflow/dags/dag_exemplo.py
[2024-05-06T18:51:03.194-0300] {processor.py:840} INFO - DAG(s) 'dag_exemplo' retrieved from /mnt/c/Users/Tilto/Desktop/Work/Airflow/dags/dag_exemplo.py
[2024-05-06T18:51:03.208-0300] {logging_mixin.py:188} INFO - [2024-05-06T18:51:03.208-0300] {dag.py:3096} INFO - Sync 1 DAGs
[2024-05-06T18:51:03.222-0300] {logging_mixin.py:188} INFO - [2024-05-06T18:51:03.221-0300] {dag.py:3954} INFO - Setting next_dagrun for dag_exemplo to None, run_after=None
[2024-05-06T18:51:03.281-0300] {processor.py:183} INFO - Processing /mnt/c/Users/Tilto/Desktop/Work/Airflow/dags/dag_exemplo.py took 0.116 seconds
[2024-05-06T18:53:31.515-0300] {processor.py:161} INFO - Started process (PID=8752) to work on /mnt/c/Users/Tilto/Desktop/Work/Airflow/dags/dag_exemplo.py
[2024-05-06T18:53:31.516-0300] {processor.py:830} INFO - Processing file /mnt/c/Users/Tilto/Desktop/Work/Airflow/dags/dag_exemplo.py for tasks to queue
[2024-05-06T18:53:31.517-0300] {logging_mixin.py:188} INFO - [2024-05-06T18:53:31.517-0300] {dagbag.py:540} INFO - Filling up the DagBag from /mnt/c/Users/Tilto/Desktop/Work/Airflow/dags/dag_exemplo.py
[2024-05-06T18:53:31.535-0300] {processor.py:840} INFO - DAG(s) 'dag_exemplo' retrieved from /mnt/c/Users/Tilto/Desktop/Work/Airflow/dags/dag_exemplo.py
[2024-05-06T18:53:31.707-0300] {logging_mixin.py:188} INFO - [2024-05-06T18:53:31.706-0300] {dag.py:3096} INFO - Sync 1 DAGs
[2024-05-06T18:53:31.717-0300] {logging_mixin.py:188} INFO - [2024-05-06T18:53:31.717-0300] {dag.py:3954} INFO - Setting next_dagrun for dag_exemplo to None, run_after=None
[2024-05-06T18:53:31.776-0300] {processor.py:183} INFO - Processing /mnt/c/Users/Tilto/Desktop/Work/Airflow/dags/dag_exemplo.py took 0.266 seconds
[2024-05-06T18:55:58.948-0300] {processor.py:161} INFO - Started process (PID=9356) to work on /mnt/c/Users/Tilto/Desktop/Work/Airflow/dags/dag_exemplo.py
[2024-05-06T18:55:58.956-0300] {processor.py:830} INFO - Processing file /mnt/c/Users/Tilto/Desktop/Work/Airflow/dags/dag_exemplo.py for tasks to queue
[2024-05-06T18:55:58.958-0300] {logging_mixin.py:188} INFO - [2024-05-06T18:55:58.957-0300] {dagbag.py:540} INFO - Filling up the DagBag from /mnt/c/Users/Tilto/Desktop/Work/Airflow/dags/dag_exemplo.py
[2024-05-06T18:55:58.985-0300] {processor.py:840} INFO - DAG(s) 'dag_exemplo' retrieved from /mnt/c/Users/Tilto/Desktop/Work/Airflow/dags/dag_exemplo.py
[2024-05-06T18:55:59.050-0300] {logging_mixin.py:188} INFO - [2024-05-06T18:55:59.050-0300] {dag.py:3096} INFO - Sync 1 DAGs
[2024-05-06T18:55:59.068-0300] {logging_mixin.py:188} INFO - [2024-05-06T18:55:59.068-0300] {dag.py:3954} INFO - Setting next_dagrun for dag_exemplo to None, run_after=None
[2024-05-06T18:55:59.138-0300] {processor.py:183} INFO - Processing /mnt/c/Users/Tilto/Desktop/Work/Airflow/dags/dag_exemplo.py took 0.199 seconds
[2024-05-06T18:56:30.174-0300] {processor.py:161} INFO - Started process (PID=9486) to work on /mnt/c/Users/Tilto/Desktop/Work/Airflow/dags/dag_exemplo.py
[2024-05-06T18:56:30.175-0300] {processor.py:830} INFO - Processing file /mnt/c/Users/Tilto/Desktop/Work/Airflow/dags/dag_exemplo.py for tasks to queue
[2024-05-06T18:56:30.176-0300] {logging_mixin.py:188} INFO - [2024-05-06T18:56:30.176-0300] {dagbag.py:540} INFO - Filling up the DagBag from /mnt/c/Users/Tilto/Desktop/Work/Airflow/dags/dag_exemplo.py
[2024-05-06T18:56:30.194-0300] {processor.py:840} INFO - DAG(s) 'dag_exemplo' retrieved from /mnt/c/Users/Tilto/Desktop/Work/Airflow/dags/dag_exemplo.py
[2024-05-06T18:56:30.220-0300] {logging_mixin.py:188} INFO - [2024-05-06T18:56:30.220-0300] {dag.py:3096} INFO - Sync 1 DAGs
[2024-05-06T18:56:30.232-0300] {logging_mixin.py:188} INFO - [2024-05-06T18:56:30.231-0300] {dag.py:3954} INFO - Setting next_dagrun for dag_exemplo to None, run_after=None
[2024-05-06T18:56:30.296-0300] {processor.py:183} INFO - Processing /mnt/c/Users/Tilto/Desktop/Work/Airflow/dags/dag_exemplo.py took 0.126 seconds
[2024-05-06T18:57:01.167-0300] {processor.py:161} INFO - Started process (PID=9615) to work on /mnt/c/Users/Tilto/Desktop/Work/Airflow/dags/dag_exemplo.py
[2024-05-06T18:57:01.169-0300] {processor.py:830} INFO - Processing file /mnt/c/Users/Tilto/Desktop/Work/Airflow/dags/dag_exemplo.py for tasks to queue
[2024-05-06T18:57:01.170-0300] {logging_mixin.py:188} INFO - [2024-05-06T18:57:01.169-0300] {dagbag.py:540} INFO - Filling up the DagBag from /mnt/c/Users/Tilto/Desktop/Work/Airflow/dags/dag_exemplo.py
[2024-05-06T18:57:01.187-0300] {processor.py:840} INFO - DAG(s) 'dag_exemplo' retrieved from /mnt/c/Users/Tilto/Desktop/Work/Airflow/dags/dag_exemplo.py
[2024-05-06T18:57:01.213-0300] {logging_mixin.py:188} INFO - [2024-05-06T18:57:01.213-0300] {dag.py:3096} INFO - Sync 1 DAGs
[2024-05-06T18:57:01.229-0300] {logging_mixin.py:188} INFO - [2024-05-06T18:57:01.229-0300] {dag.py:3954} INFO - Setting next_dagrun for dag_exemplo to None, run_after=None
[2024-05-06T18:57:01.332-0300] {processor.py:183} INFO - Processing /mnt/c/Users/Tilto/Desktop/Work/Airflow/dags/dag_exemplo.py took 0.169 seconds
[2024-05-06T18:57:32.049-0300] {processor.py:161} INFO - Started process (PID=9744) to work on /mnt/c/Users/Tilto/Desktop/Work/Airflow/dags/dag_exemplo.py
[2024-05-06T18:57:32.050-0300] {processor.py:830} INFO - Processing file /mnt/c/Users/Tilto/Desktop/Work/Airflow/dags/dag_exemplo.py for tasks to queue
[2024-05-06T18:57:32.051-0300] {logging_mixin.py:188} INFO - [2024-05-06T18:57:32.051-0300] {dagbag.py:540} INFO - Filling up the DagBag from /mnt/c/Users/Tilto/Desktop/Work/Airflow/dags/dag_exemplo.py
[2024-05-06T18:57:32.070-0300] {processor.py:840} INFO - DAG(s) 'dag_exemplo' retrieved from /mnt/c/Users/Tilto/Desktop/Work/Airflow/dags/dag_exemplo.py
[2024-05-06T18:57:32.095-0300] {logging_mixin.py:188} INFO - [2024-05-06T18:57:32.095-0300] {dag.py:3096} INFO - Sync 1 DAGs
[2024-05-06T18:57:32.108-0300] {logging_mixin.py:188} INFO - [2024-05-06T18:57:32.108-0300] {dag.py:3954} INFO - Setting next_dagrun for dag_exemplo to None, run_after=None
[2024-05-06T18:57:32.166-0300] {processor.py:183} INFO - Processing /mnt/c/Users/Tilto/Desktop/Work/Airflow/dags/dag_exemplo.py took 0.121 seconds
[2024-05-06T18:58:03.162-0300] {processor.py:161} INFO - Started process (PID=9876) to work on /mnt/c/Users/Tilto/Desktop/Work/Airflow/dags/dag_exemplo.py
[2024-05-06T18:58:03.164-0300] {processor.py:830} INFO - Processing file /mnt/c/Users/Tilto/Desktop/Work/Airflow/dags/dag_exemplo.py for tasks to queue
[2024-05-06T18:58:03.166-0300] {logging_mixin.py:188} INFO - [2024-05-06T18:58:03.165-0300] {dagbag.py:540} INFO - Filling up the DagBag from /mnt/c/Users/Tilto/Desktop/Work/Airflow/dags/dag_exemplo.py
[2024-05-06T18:58:03.189-0300] {processor.py:840} INFO - DAG(s) 'dag_exemplo' retrieved from /mnt/c/Users/Tilto/Desktop/Work/Airflow/dags/dag_exemplo.py
[2024-05-06T18:58:03.222-0300] {logging_mixin.py:188} INFO - [2024-05-06T18:58:03.222-0300] {dag.py:3096} INFO - Sync 1 DAGs
[2024-05-06T18:58:03.234-0300] {logging_mixin.py:188} INFO - [2024-05-06T18:58:03.233-0300] {dag.py:3954} INFO - Setting next_dagrun for dag_exemplo to None, run_after=None
[2024-05-06T18:58:03.291-0300] {processor.py:183} INFO - Processing /mnt/c/Users/Tilto/Desktop/Work/Airflow/dags/dag_exemplo.py took 0.134 seconds
[2024-05-06T18:58:43.157-0300] {processor.py:161} INFO - Started process (PID=10078) to work on /mnt/c/Users/Tilto/Desktop/Work/Airflow/dags/dag_exemplo.py
[2024-05-06T18:58:43.158-0300] {processor.py:830} INFO - Processing file /mnt/c/Users/Tilto/Desktop/Work/Airflow/dags/dag_exemplo.py for tasks to queue
[2024-05-06T18:58:43.161-0300] {logging_mixin.py:188} INFO - [2024-05-06T18:58:43.161-0300] {dagbag.py:540} INFO - Filling up the DagBag from /mnt/c/Users/Tilto/Desktop/Work/Airflow/dags/dag_exemplo.py
[2024-05-06T18:58:43.194-0300] {processor.py:840} INFO - DAG(s) 'dag_exemplo' retrieved from /mnt/c/Users/Tilto/Desktop/Work/Airflow/dags/dag_exemplo.py
[2024-05-06T18:58:43.214-0300] {logging_mixin.py:188} INFO - [2024-05-06T18:58:43.214-0300] {dag.py:3096} INFO - Sync 1 DAGs
[2024-05-06T18:58:43.232-0300] {logging_mixin.py:188} INFO - [2024-05-06T18:58:43.231-0300] {dag.py:3954} INFO - Setting next_dagrun for dag_exemplo to None, run_after=None
[2024-05-06T18:58:43.299-0300] {processor.py:183} INFO - Processing /mnt/c/Users/Tilto/Desktop/Work/Airflow/dags/dag_exemplo.py took 0.149 seconds
[2024-05-06T18:59:14.880-0300] {processor.py:161} INFO - Started process (PID=10212) to work on /mnt/c/Users/Tilto/Desktop/Work/Airflow/dags/dag_exemplo.py
[2024-05-06T18:59:14.881-0300] {processor.py:830} INFO - Processing file /mnt/c/Users/Tilto/Desktop/Work/Airflow/dags/dag_exemplo.py for tasks to queue
[2024-05-06T18:59:14.883-0300] {logging_mixin.py:188} INFO - [2024-05-06T18:59:14.883-0300] {dagbag.py:540} INFO - Filling up the DagBag from /mnt/c/Users/Tilto/Desktop/Work/Airflow/dags/dag_exemplo.py
[2024-05-06T18:59:14.909-0300] {processor.py:840} INFO - DAG(s) 'dag_exemplo' retrieved from /mnt/c/Users/Tilto/Desktop/Work/Airflow/dags/dag_exemplo.py
[2024-05-06T18:59:15.032-0300] {logging_mixin.py:188} INFO - [2024-05-06T18:59:15.032-0300] {dag.py:3096} INFO - Sync 1 DAGs
[2024-05-06T18:59:15.044-0300] {logging_mixin.py:188} INFO - [2024-05-06T18:59:15.044-0300] {dag.py:3954} INFO - Setting next_dagrun for dag_exemplo to None, run_after=None
[2024-05-06T18:59:15.208-0300] {processor.py:183} INFO - Processing /mnt/c/Users/Tilto/Desktop/Work/Airflow/dags/dag_exemplo.py took 0.334 seconds
[2024-05-06T19:02:13.301-0300] {processor.py:161} INFO - Started process (PID=10953) to work on /mnt/c/Users/Tilto/Desktop/Work/Airflow/dags/dag_exemplo.py
[2024-05-06T19:02:13.302-0300] {processor.py:830} INFO - Processing file /mnt/c/Users/Tilto/Desktop/Work/Airflow/dags/dag_exemplo.py for tasks to queue
[2024-05-06T19:02:13.303-0300] {logging_mixin.py:188} INFO - [2024-05-06T19:02:13.303-0300] {dagbag.py:540} INFO - Filling up the DagBag from /mnt/c/Users/Tilto/Desktop/Work/Airflow/dags/dag_exemplo.py
[2024-05-06T19:02:13.321-0300] {processor.py:840} INFO - DAG(s) 'dag_exemplo' retrieved from /mnt/c/Users/Tilto/Desktop/Work/Airflow/dags/dag_exemplo.py
[2024-05-06T19:02:13.346-0300] {logging_mixin.py:188} INFO - [2024-05-06T19:02:13.345-0300] {dag.py:3096} INFO - Sync 1 DAGs
[2024-05-06T19:02:13.358-0300] {logging_mixin.py:188} INFO - [2024-05-06T19:02:13.358-0300] {dag.py:3954} INFO - Setting next_dagrun for dag_exemplo to None, run_after=None
[2024-05-06T19:02:13.416-0300] {processor.py:183} INFO - Processing /mnt/c/Users/Tilto/Desktop/Work/Airflow/dags/dag_exemplo.py took 0.118 seconds
[2024-05-06T19:02:43.960-0300] {processor.py:161} INFO - Started process (PID=11081) to work on /mnt/c/Users/Tilto/Desktop/Work/Airflow/dags/dag_exemplo.py
[2024-05-06T19:02:43.961-0300] {processor.py:830} INFO - Processing file /mnt/c/Users/Tilto/Desktop/Work/Airflow/dags/dag_exemplo.py for tasks to queue
[2024-05-06T19:02:43.962-0300] {logging_mixin.py:188} INFO - [2024-05-06T19:02:43.962-0300] {dagbag.py:540} INFO - Filling up the DagBag from /mnt/c/Users/Tilto/Desktop/Work/Airflow/dags/dag_exemplo.py
[2024-05-06T19:02:43.980-0300] {processor.py:840} INFO - DAG(s) 'dag_exemplo' retrieved from /mnt/c/Users/Tilto/Desktop/Work/Airflow/dags/dag_exemplo.py
[2024-05-06T19:02:44.008-0300] {logging_mixin.py:188} INFO - [2024-05-06T19:02:44.008-0300] {dag.py:3096} INFO - Sync 1 DAGs
[2024-05-06T19:02:44.019-0300] {logging_mixin.py:188} INFO - [2024-05-06T19:02:44.019-0300] {dag.py:3954} INFO - Setting next_dagrun for dag_exemplo to None, run_after=None
[2024-05-06T19:02:44.077-0300] {processor.py:183} INFO - Processing /mnt/c/Users/Tilto/Desktop/Work/Airflow/dags/dag_exemplo.py took 0.120 seconds
[2024-05-06T19:03:14.929-0300] {processor.py:161} INFO - Started process (PID=11210) to work on /mnt/c/Users/Tilto/Desktop/Work/Airflow/dags/dag_exemplo.py
[2024-05-06T19:03:14.930-0300] {processor.py:830} INFO - Processing file /mnt/c/Users/Tilto/Desktop/Work/Airflow/dags/dag_exemplo.py for tasks to queue
[2024-05-06T19:03:14.931-0300] {logging_mixin.py:188} INFO - [2024-05-06T19:03:14.930-0300] {dagbag.py:540} INFO - Filling up the DagBag from /mnt/c/Users/Tilto/Desktop/Work/Airflow/dags/dag_exemplo.py
[2024-05-06T19:03:14.948-0300] {processor.py:840} INFO - DAG(s) 'dag_exemplo' retrieved from /mnt/c/Users/Tilto/Desktop/Work/Airflow/dags/dag_exemplo.py
[2024-05-06T19:03:14.974-0300] {logging_mixin.py:188} INFO - [2024-05-06T19:03:14.974-0300] {dag.py:3096} INFO - Sync 1 DAGs
[2024-05-06T19:03:14.986-0300] {logging_mixin.py:188} INFO - [2024-05-06T19:03:14.985-0300] {dag.py:3954} INFO - Setting next_dagrun for dag_exemplo to None, run_after=None
[2024-05-06T19:03:15.043-0300] {processor.py:183} INFO - Processing /mnt/c/Users/Tilto/Desktop/Work/Airflow/dags/dag_exemplo.py took 0.120 seconds
[2024-05-06T19:03:46.038-0300] {processor.py:161} INFO - Started process (PID=11339) to work on /mnt/c/Users/Tilto/Desktop/Work/Airflow/dags/dag_exemplo.py
[2024-05-06T19:03:46.039-0300] {processor.py:830} INFO - Processing file /mnt/c/Users/Tilto/Desktop/Work/Airflow/dags/dag_exemplo.py for tasks to queue
[2024-05-06T19:03:46.040-0300] {logging_mixin.py:188} INFO - [2024-05-06T19:03:46.040-0300] {dagbag.py:540} INFO - Filling up the DagBag from /mnt/c/Users/Tilto/Desktop/Work/Airflow/dags/dag_exemplo.py
[2024-05-06T19:03:46.054-0300] {processor.py:840} INFO - DAG(s) 'dag_exemplo' retrieved from /mnt/c/Users/Tilto/Desktop/Work/Airflow/dags/dag_exemplo.py
[2024-05-06T19:03:46.078-0300] {logging_mixin.py:188} INFO - [2024-05-06T19:03:46.078-0300] {dag.py:3096} INFO - Sync 1 DAGs
[2024-05-06T19:03:46.089-0300] {logging_mixin.py:188} INFO - [2024-05-06T19:03:46.089-0300] {dag.py:3954} INFO - Setting next_dagrun for dag_exemplo to None, run_after=None
[2024-05-06T19:03:46.137-0300] {processor.py:183} INFO - Processing /mnt/c/Users/Tilto/Desktop/Work/Airflow/dags/dag_exemplo.py took 0.103 seconds
[2024-05-06T19:04:17.185-0300] {processor.py:161} INFO - Started process (PID=11472) to work on /mnt/c/Users/Tilto/Desktop/Work/Airflow/dags/dag_exemplo.py
[2024-05-06T19:04:17.186-0300] {processor.py:830} INFO - Processing file /mnt/c/Users/Tilto/Desktop/Work/Airflow/dags/dag_exemplo.py for tasks to queue
[2024-05-06T19:04:17.187-0300] {logging_mixin.py:188} INFO - [2024-05-06T19:04:17.186-0300] {dagbag.py:540} INFO - Filling up the DagBag from /mnt/c/Users/Tilto/Desktop/Work/Airflow/dags/dag_exemplo.py
[2024-05-06T19:04:17.204-0300] {processor.py:840} INFO - DAG(s) 'dag_exemplo' retrieved from /mnt/c/Users/Tilto/Desktop/Work/Airflow/dags/dag_exemplo.py
[2024-05-06T19:04:17.228-0300] {logging_mixin.py:188} INFO - [2024-05-06T19:04:17.228-0300] {dag.py:3096} INFO - Sync 1 DAGs
[2024-05-06T19:04:17.240-0300] {logging_mixin.py:188} INFO - [2024-05-06T19:04:17.240-0300] {dag.py:3954} INFO - Setting next_dagrun for dag_exemplo to None, run_after=None
[2024-05-06T19:04:17.300-0300] {processor.py:183} INFO - Processing /mnt/c/Users/Tilto/Desktop/Work/Airflow/dags/dag_exemplo.py took 0.119 seconds
[2024-05-06T19:04:48.232-0300] {processor.py:161} INFO - Started process (PID=11601) to work on /mnt/c/Users/Tilto/Desktop/Work/Airflow/dags/dag_exemplo.py
[2024-05-06T19:04:48.233-0300] {processor.py:830} INFO - Processing file /mnt/c/Users/Tilto/Desktop/Work/Airflow/dags/dag_exemplo.py for tasks to queue
[2024-05-06T19:04:48.234-0300] {logging_mixin.py:188} INFO - [2024-05-06T19:04:48.234-0300] {dagbag.py:540} INFO - Filling up the DagBag from /mnt/c/Users/Tilto/Desktop/Work/Airflow/dags/dag_exemplo.py
[2024-05-06T19:04:48.254-0300] {processor.py:840} INFO - DAG(s) 'dag_exemplo' retrieved from /mnt/c/Users/Tilto/Desktop/Work/Airflow/dags/dag_exemplo.py
[2024-05-06T19:04:48.279-0300] {logging_mixin.py:188} INFO - [2024-05-06T19:04:48.279-0300] {dag.py:3096} INFO - Sync 1 DAGs
[2024-05-06T19:04:48.291-0300] {logging_mixin.py:188} INFO - [2024-05-06T19:04:48.291-0300] {dag.py:3954} INFO - Setting next_dagrun for dag_exemplo to None, run_after=None
[2024-05-06T19:04:48.393-0300] {processor.py:183} INFO - Processing /mnt/c/Users/Tilto/Desktop/Work/Airflow/dags/dag_exemplo.py took 0.166 seconds
[2024-05-06T19:05:19.124-0300] {processor.py:161} INFO - Started process (PID=11730) to work on /mnt/c/Users/Tilto/Desktop/Work/Airflow/dags/dag_exemplo.py
[2024-05-06T19:05:19.125-0300] {processor.py:830} INFO - Processing file /mnt/c/Users/Tilto/Desktop/Work/Airflow/dags/dag_exemplo.py for tasks to queue
[2024-05-06T19:05:19.127-0300] {logging_mixin.py:188} INFO - [2024-05-06T19:05:19.126-0300] {dagbag.py:540} INFO - Filling up the DagBag from /mnt/c/Users/Tilto/Desktop/Work/Airflow/dags/dag_exemplo.py
[2024-05-06T19:05:19.142-0300] {processor.py:840} INFO - DAG(s) 'dag_exemplo' retrieved from /mnt/c/Users/Tilto/Desktop/Work/Airflow/dags/dag_exemplo.py
[2024-05-06T19:05:19.166-0300] {logging_mixin.py:188} INFO - [2024-05-06T19:05:19.166-0300] {dag.py:3096} INFO - Sync 1 DAGs
[2024-05-06T19:05:19.178-0300] {logging_mixin.py:188} INFO - [2024-05-06T19:05:19.178-0300] {dag.py:3954} INFO - Setting next_dagrun for dag_exemplo to None, run_after=None
[2024-05-06T19:05:19.228-0300] {processor.py:183} INFO - Processing /mnt/c/Users/Tilto/Desktop/Work/Airflow/dags/dag_exemplo.py took 0.108 seconds
[2024-05-06T19:05:50.178-0300] {processor.py:161} INFO - Started process (PID=11859) to work on /mnt/c/Users/Tilto/Desktop/Work/Airflow/dags/dag_exemplo.py
[2024-05-06T19:05:50.179-0300] {processor.py:830} INFO - Processing file /mnt/c/Users/Tilto/Desktop/Work/Airflow/dags/dag_exemplo.py for tasks to queue
[2024-05-06T19:05:50.180-0300] {logging_mixin.py:188} INFO - [2024-05-06T19:05:50.180-0300] {dagbag.py:540} INFO - Filling up the DagBag from /mnt/c/Users/Tilto/Desktop/Work/Airflow/dags/dag_exemplo.py
[2024-05-06T19:05:50.199-0300] {processor.py:840} INFO - DAG(s) 'dag_exemplo' retrieved from /mnt/c/Users/Tilto/Desktop/Work/Airflow/dags/dag_exemplo.py
[2024-05-06T19:05:50.228-0300] {logging_mixin.py:188} INFO - [2024-05-06T19:05:50.228-0300] {dag.py:3096} INFO - Sync 1 DAGs
[2024-05-06T19:05:50.242-0300] {logging_mixin.py:188} INFO - [2024-05-06T19:05:50.241-0300] {dag.py:3954} INFO - Setting next_dagrun for dag_exemplo to None, run_after=None
[2024-05-06T19:05:50.308-0300] {processor.py:183} INFO - Processing /mnt/c/Users/Tilto/Desktop/Work/Airflow/dags/dag_exemplo.py took 0.135 seconds
[2024-05-06T19:06:21.472-0300] {processor.py:161} INFO - Started process (PID=11989) to work on /mnt/c/Users/Tilto/Desktop/Work/Airflow/dags/dag_exemplo.py
[2024-05-06T19:06:21.473-0300] {processor.py:830} INFO - Processing file /mnt/c/Users/Tilto/Desktop/Work/Airflow/dags/dag_exemplo.py for tasks to queue
[2024-05-06T19:06:21.474-0300] {logging_mixin.py:188} INFO - [2024-05-06T19:06:21.474-0300] {dagbag.py:540} INFO - Filling up the DagBag from /mnt/c/Users/Tilto/Desktop/Work/Airflow/dags/dag_exemplo.py
[2024-05-06T19:06:21.489-0300] {processor.py:840} INFO - DAG(s) 'dag_exemplo' retrieved from /mnt/c/Users/Tilto/Desktop/Work/Airflow/dags/dag_exemplo.py
[2024-05-06T19:06:21.515-0300] {logging_mixin.py:188} INFO - [2024-05-06T19:06:21.514-0300] {dag.py:3096} INFO - Sync 1 DAGs
[2024-05-06T19:06:21.526-0300] {logging_mixin.py:188} INFO - [2024-05-06T19:06:21.526-0300] {dag.py:3954} INFO - Setting next_dagrun for dag_exemplo to None, run_after=None
[2024-05-06T19:06:21.581-0300] {processor.py:183} INFO - Processing /mnt/c/Users/Tilto/Desktop/Work/Airflow/dags/dag_exemplo.py took 0.114 seconds
[2024-05-06T19:07:00.072-0300] {processor.py:161} INFO - Started process (PID=12178) to work on /mnt/c/Users/Tilto/Desktop/Work/Airflow/dags/dag_exemplo.py
[2024-05-06T19:07:00.073-0300] {processor.py:830} INFO - Processing file /mnt/c/Users/Tilto/Desktop/Work/Airflow/dags/dag_exemplo.py for tasks to queue
[2024-05-06T19:07:00.075-0300] {logging_mixin.py:188} INFO - [2024-05-06T19:07:00.075-0300] {dagbag.py:540} INFO - Filling up the DagBag from /mnt/c/Users/Tilto/Desktop/Work/Airflow/dags/dag_exemplo.py
[2024-05-06T19:07:00.097-0300] {processor.py:840} INFO - DAG(s) 'dag_exemplo' retrieved from /mnt/c/Users/Tilto/Desktop/Work/Airflow/dags/dag_exemplo.py
[2024-05-06T19:07:00.111-0300] {logging_mixin.py:188} INFO - [2024-05-06T19:07:00.111-0300] {dag.py:3096} INFO - Sync 1 DAGs
[2024-05-06T19:07:00.124-0300] {logging_mixin.py:188} INFO - [2024-05-06T19:07:00.124-0300] {dag.py:3954} INFO - Setting next_dagrun for dag_exemplo to None, run_after=None
[2024-05-06T19:07:00.184-0300] {processor.py:183} INFO - Processing /mnt/c/Users/Tilto/Desktop/Work/Airflow/dags/dag_exemplo.py took 0.116 seconds
[2024-05-06T19:07:31.091-0300] {processor.py:161} INFO - Started process (PID=12307) to work on /mnt/c/Users/Tilto/Desktop/Work/Airflow/dags/dag_exemplo.py
[2024-05-06T19:07:31.091-0300] {processor.py:830} INFO - Processing file /mnt/c/Users/Tilto/Desktop/Work/Airflow/dags/dag_exemplo.py for tasks to queue
[2024-05-06T19:07:31.093-0300] {logging_mixin.py:188} INFO - [2024-05-06T19:07:31.093-0300] {dagbag.py:540} INFO - Filling up the DagBag from /mnt/c/Users/Tilto/Desktop/Work/Airflow/dags/dag_exemplo.py
[2024-05-06T19:07:31.113-0300] {processor.py:840} INFO - DAG(s) 'dag_exemplo' retrieved from /mnt/c/Users/Tilto/Desktop/Work/Airflow/dags/dag_exemplo.py
[2024-05-06T19:07:31.218-0300] {logging_mixin.py:188} INFO - [2024-05-06T19:07:31.217-0300] {dag.py:3096} INFO - Sync 1 DAGs
[2024-05-06T19:07:31.230-0300] {logging_mixin.py:188} INFO - [2024-05-06T19:07:31.230-0300] {dag.py:3954} INFO - Setting next_dagrun for dag_exemplo to None, run_after=None
[2024-05-06T19:07:31.313-0300] {processor.py:183} INFO - Processing /mnt/c/Users/Tilto/Desktop/Work/Airflow/dags/dag_exemplo.py took 0.227 seconds
[2024-05-06T19:08:02.197-0300] {processor.py:161} INFO - Started process (PID=12437) to work on /mnt/c/Users/Tilto/Desktop/Work/Airflow/dags/dag_exemplo.py
[2024-05-06T19:08:02.198-0300] {processor.py:830} INFO - Processing file /mnt/c/Users/Tilto/Desktop/Work/Airflow/dags/dag_exemplo.py for tasks to queue
[2024-05-06T19:08:02.199-0300] {logging_mixin.py:188} INFO - [2024-05-06T19:08:02.198-0300] {dagbag.py:540} INFO - Filling up the DagBag from /mnt/c/Users/Tilto/Desktop/Work/Airflow/dags/dag_exemplo.py
[2024-05-06T19:08:02.222-0300] {processor.py:840} INFO - DAG(s) 'dag_exemplo' retrieved from /mnt/c/Users/Tilto/Desktop/Work/Airflow/dags/dag_exemplo.py
[2024-05-06T19:08:02.247-0300] {logging_mixin.py:188} INFO - [2024-05-06T19:08:02.247-0300] {dag.py:3096} INFO - Sync 1 DAGs
[2024-05-06T19:08:02.260-0300] {logging_mixin.py:188} INFO - [2024-05-06T19:08:02.260-0300] {dag.py:3954} INFO - Setting next_dagrun for dag_exemplo to None, run_after=None
[2024-05-06T19:08:02.324-0300] {processor.py:183} INFO - Processing /mnt/c/Users/Tilto/Desktop/Work/Airflow/dags/dag_exemplo.py took 0.132 seconds
[2024-05-06T19:08:33.072-0300] {processor.py:161} INFO - Started process (PID=12569) to work on /mnt/c/Users/Tilto/Desktop/Work/Airflow/dags/dag_exemplo.py
[2024-05-06T19:08:33.073-0300] {processor.py:830} INFO - Processing file /mnt/c/Users/Tilto/Desktop/Work/Airflow/dags/dag_exemplo.py for tasks to queue
[2024-05-06T19:08:33.074-0300] {logging_mixin.py:188} INFO - [2024-05-06T19:08:33.074-0300] {dagbag.py:540} INFO - Filling up the DagBag from /mnt/c/Users/Tilto/Desktop/Work/Airflow/dags/dag_exemplo.py
[2024-05-06T19:08:33.094-0300] {processor.py:840} INFO - DAG(s) 'dag_exemplo' retrieved from /mnt/c/Users/Tilto/Desktop/Work/Airflow/dags/dag_exemplo.py
[2024-05-06T19:08:33.119-0300] {logging_mixin.py:188} INFO - [2024-05-06T19:08:33.119-0300] {dag.py:3096} INFO - Sync 1 DAGs
[2024-05-06T19:08:33.131-0300] {logging_mixin.py:188} INFO - [2024-05-06T19:08:33.130-0300] {dag.py:3954} INFO - Setting next_dagrun for dag_exemplo to None, run_after=None
[2024-05-06T19:08:33.190-0300] {processor.py:183} INFO - Processing /mnt/c/Users/Tilto/Desktop/Work/Airflow/dags/dag_exemplo.py took 0.123 seconds
[2024-05-06T19:12:47.356-0300] {processor.py:161} INFO - Started process (PID=13614) to work on /mnt/c/Users/Tilto/Desktop/Work/Airflow/dags/dag_exemplo.py
[2024-05-06T19:12:47.357-0300] {processor.py:830} INFO - Processing file /mnt/c/Users/Tilto/Desktop/Work/Airflow/dags/dag_exemplo.py for tasks to queue
[2024-05-06T19:12:47.359-0300] {logging_mixin.py:188} INFO - [2024-05-06T19:12:47.359-0300] {dagbag.py:540} INFO - Filling up the DagBag from /mnt/c/Users/Tilto/Desktop/Work/Airflow/dags/dag_exemplo.py
[2024-05-06T19:12:47.378-0300] {processor.py:840} INFO - DAG(s) 'dag_exemplo' retrieved from /mnt/c/Users/Tilto/Desktop/Work/Airflow/dags/dag_exemplo.py
[2024-05-06T19:12:47.391-0300] {logging_mixin.py:188} INFO - [2024-05-06T19:12:47.391-0300] {dag.py:3096} INFO - Sync 1 DAGs
[2024-05-06T19:12:47.404-0300] {logging_mixin.py:188} INFO - [2024-05-06T19:12:47.404-0300] {dag.py:3954} INFO - Setting next_dagrun for dag_exemplo to None, run_after=None
[2024-05-06T19:12:47.460-0300] {processor.py:183} INFO - Processing /mnt/c/Users/Tilto/Desktop/Work/Airflow/dags/dag_exemplo.py took 0.108 seconds
[2024-05-06T19:13:18.354-0300] {processor.py:161} INFO - Started process (PID=13747) to work on /mnt/c/Users/Tilto/Desktop/Work/Airflow/dags/dag_exemplo.py
[2024-05-06T19:13:18.355-0300] {processor.py:830} INFO - Processing file /mnt/c/Users/Tilto/Desktop/Work/Airflow/dags/dag_exemplo.py for tasks to queue
[2024-05-06T19:13:18.356-0300] {logging_mixin.py:188} INFO - [2024-05-06T19:13:18.356-0300] {dagbag.py:540} INFO - Filling up the DagBag from /mnt/c/Users/Tilto/Desktop/Work/Airflow/dags/dag_exemplo.py
[2024-05-06T19:13:18.376-0300] {processor.py:840} INFO - DAG(s) 'dag_exemplo' retrieved from /mnt/c/Users/Tilto/Desktop/Work/Airflow/dags/dag_exemplo.py
[2024-05-06T19:13:18.477-0300] {logging_mixin.py:188} INFO - [2024-05-06T19:13:18.476-0300] {dag.py:3096} INFO - Sync 1 DAGs
[2024-05-06T19:13:18.489-0300] {logging_mixin.py:188} INFO - [2024-05-06T19:13:18.488-0300] {dag.py:3954} INFO - Setting next_dagrun for dag_exemplo to None, run_after=None
[2024-05-06T19:13:18.548-0300] {processor.py:183} INFO - Processing /mnt/c/Users/Tilto/Desktop/Work/Airflow/dags/dag_exemplo.py took 0.198 seconds
[2024-05-06T19:13:49.258-0300] {processor.py:161} INFO - Started process (PID=13880) to work on /mnt/c/Users/Tilto/Desktop/Work/Airflow/dags/dag_exemplo.py
[2024-05-06T19:13:49.259-0300] {processor.py:830} INFO - Processing file /mnt/c/Users/Tilto/Desktop/Work/Airflow/dags/dag_exemplo.py for tasks to queue
[2024-05-06T19:13:49.261-0300] {logging_mixin.py:188} INFO - [2024-05-06T19:13:49.260-0300] {dagbag.py:540} INFO - Filling up the DagBag from /mnt/c/Users/Tilto/Desktop/Work/Airflow/dags/dag_exemplo.py
[2024-05-06T19:13:49.281-0300] {processor.py:840} INFO - DAG(s) 'dag_exemplo' retrieved from /mnt/c/Users/Tilto/Desktop/Work/Airflow/dags/dag_exemplo.py
[2024-05-06T19:13:49.309-0300] {logging_mixin.py:188} INFO - [2024-05-06T19:13:49.309-0300] {dag.py:3096} INFO - Sync 1 DAGs
[2024-05-06T19:13:49.323-0300] {logging_mixin.py:188} INFO - [2024-05-06T19:13:49.322-0300] {dag.py:3954} INFO - Setting next_dagrun for dag_exemplo to None, run_after=None
[2024-05-06T19:13:49.381-0300] {processor.py:183} INFO - Processing /mnt/c/Users/Tilto/Desktop/Work/Airflow/dags/dag_exemplo.py took 0.127 seconds
[2024-05-06T19:14:20.287-0300] {processor.py:161} INFO - Started process (PID=14010) to work on /mnt/c/Users/Tilto/Desktop/Work/Airflow/dags/dag_exemplo.py
[2024-05-06T19:14:20.288-0300] {processor.py:830} INFO - Processing file /mnt/c/Users/Tilto/Desktop/Work/Airflow/dags/dag_exemplo.py for tasks to queue
[2024-05-06T19:14:20.290-0300] {logging_mixin.py:188} INFO - [2024-05-06T19:14:20.289-0300] {dagbag.py:540} INFO - Filling up the DagBag from /mnt/c/Users/Tilto/Desktop/Work/Airflow/dags/dag_exemplo.py
[2024-05-06T19:14:20.307-0300] {processor.py:840} INFO - DAG(s) 'dag_exemplo' retrieved from /mnt/c/Users/Tilto/Desktop/Work/Airflow/dags/dag_exemplo.py
[2024-05-06T19:14:20.331-0300] {logging_mixin.py:188} INFO - [2024-05-06T19:14:20.331-0300] {dag.py:3096} INFO - Sync 1 DAGs
[2024-05-06T19:14:20.346-0300] {logging_mixin.py:188} INFO - [2024-05-06T19:14:20.345-0300] {dag.py:3954} INFO - Setting next_dagrun for dag_exemplo to None, run_after=None
[2024-05-06T19:14:20.397-0300] {processor.py:183} INFO - Processing /mnt/c/Users/Tilto/Desktop/Work/Airflow/dags/dag_exemplo.py took 0.114 seconds
[2024-05-06T19:14:51.574-0300] {processor.py:161} INFO - Started process (PID=14140) to work on /mnt/c/Users/Tilto/Desktop/Work/Airflow/dags/dag_exemplo.py
[2024-05-06T19:14:51.575-0300] {processor.py:830} INFO - Processing file /mnt/c/Users/Tilto/Desktop/Work/Airflow/dags/dag_exemplo.py for tasks to queue
[2024-05-06T19:14:51.577-0300] {logging_mixin.py:188} INFO - [2024-05-06T19:14:51.576-0300] {dagbag.py:540} INFO - Filling up the DagBag from /mnt/c/Users/Tilto/Desktop/Work/Airflow/dags/dag_exemplo.py
[2024-05-06T19:14:51.595-0300] {processor.py:840} INFO - DAG(s) 'dag_exemplo' retrieved from /mnt/c/Users/Tilto/Desktop/Work/Airflow/dags/dag_exemplo.py
[2024-05-06T19:14:51.619-0300] {logging_mixin.py:188} INFO - [2024-05-06T19:14:51.619-0300] {dag.py:3096} INFO - Sync 1 DAGs
[2024-05-06T19:14:51.631-0300] {logging_mixin.py:188} INFO - [2024-05-06T19:14:51.631-0300] {dag.py:3954} INFO - Setting next_dagrun for dag_exemplo to None, run_after=None
[2024-05-06T19:14:51.680-0300] {processor.py:183} INFO - Processing /mnt/c/Users/Tilto/Desktop/Work/Airflow/dags/dag_exemplo.py took 0.110 seconds
[2024-05-06T19:15:22.501-0300] {processor.py:161} INFO - Started process (PID=14268) to work on /mnt/c/Users/Tilto/Desktop/Work/Airflow/dags/dag_exemplo.py
[2024-05-06T19:15:22.502-0300] {processor.py:830} INFO - Processing file /mnt/c/Users/Tilto/Desktop/Work/Airflow/dags/dag_exemplo.py for tasks to queue
[2024-05-06T19:15:22.503-0300] {logging_mixin.py:188} INFO - [2024-05-06T19:15:22.503-0300] {dagbag.py:540} INFO - Filling up the DagBag from /mnt/c/Users/Tilto/Desktop/Work/Airflow/dags/dag_exemplo.py
[2024-05-06T19:15:22.520-0300] {processor.py:840} INFO - DAG(s) 'dag_exemplo' retrieved from /mnt/c/Users/Tilto/Desktop/Work/Airflow/dags/dag_exemplo.py
[2024-05-06T19:15:22.543-0300] {logging_mixin.py:188} INFO - [2024-05-06T19:15:22.543-0300] {dag.py:3096} INFO - Sync 1 DAGs
[2024-05-06T19:15:22.556-0300] {logging_mixin.py:188} INFO - [2024-05-06T19:15:22.555-0300] {dag.py:3954} INFO - Setting next_dagrun for dag_exemplo to None, run_after=None
[2024-05-06T19:15:22.607-0300] {processor.py:183} INFO - Processing /mnt/c/Users/Tilto/Desktop/Work/Airflow/dags/dag_exemplo.py took 0.110 seconds
[2024-05-06T19:15:53.491-0300] {processor.py:161} INFO - Started process (PID=14400) to work on /mnt/c/Users/Tilto/Desktop/Work/Airflow/dags/dag_exemplo.py
[2024-05-06T19:15:53.492-0300] {processor.py:830} INFO - Processing file /mnt/c/Users/Tilto/Desktop/Work/Airflow/dags/dag_exemplo.py for tasks to queue
[2024-05-06T19:15:53.494-0300] {logging_mixin.py:188} INFO - [2024-05-06T19:15:53.494-0300] {dagbag.py:540} INFO - Filling up the DagBag from /mnt/c/Users/Tilto/Desktop/Work/Airflow/dags/dag_exemplo.py
[2024-05-06T19:15:53.511-0300] {processor.py:840} INFO - DAG(s) 'dag_exemplo' retrieved from /mnt/c/Users/Tilto/Desktop/Work/Airflow/dags/dag_exemplo.py
[2024-05-06T19:15:53.535-0300] {logging_mixin.py:188} INFO - [2024-05-06T19:15:53.535-0300] {dag.py:3096} INFO - Sync 1 DAGs
[2024-05-06T19:15:53.547-0300] {logging_mixin.py:188} INFO - [2024-05-06T19:15:53.547-0300] {dag.py:3954} INFO - Setting next_dagrun for dag_exemplo to None, run_after=None
[2024-05-06T19:15:53.598-0300] {processor.py:183} INFO - Processing /mnt/c/Users/Tilto/Desktop/Work/Airflow/dags/dag_exemplo.py took 0.111 seconds
[2024-05-06T19:16:24.676-0300] {processor.py:161} INFO - Started process (PID=14530) to work on /mnt/c/Users/Tilto/Desktop/Work/Airflow/dags/dag_exemplo.py
[2024-05-06T19:16:24.678-0300] {processor.py:830} INFO - Processing file /mnt/c/Users/Tilto/Desktop/Work/Airflow/dags/dag_exemplo.py for tasks to queue
[2024-05-06T19:16:24.679-0300] {logging_mixin.py:188} INFO - [2024-05-06T19:16:24.679-0300] {dagbag.py:540} INFO - Filling up the DagBag from /mnt/c/Users/Tilto/Desktop/Work/Airflow/dags/dag_exemplo.py
[2024-05-06T19:16:24.695-0300] {processor.py:840} INFO - DAG(s) 'dag_exemplo' retrieved from /mnt/c/Users/Tilto/Desktop/Work/Airflow/dags/dag_exemplo.py
[2024-05-06T19:16:24.718-0300] {logging_mixin.py:188} INFO - [2024-05-06T19:16:24.718-0300] {dag.py:3096} INFO - Sync 1 DAGs
[2024-05-06T19:16:24.730-0300] {logging_mixin.py:188} INFO - [2024-05-06T19:16:24.730-0300] {dag.py:3954} INFO - Setting next_dagrun for dag_exemplo to None, run_after=None
[2024-05-06T19:16:24.780-0300] {processor.py:183} INFO - Processing /mnt/c/Users/Tilto/Desktop/Work/Airflow/dags/dag_exemplo.py took 0.107 seconds
[2024-05-06T19:18:56.983-0300] {processor.py:161} INFO - Started process (PID=15158) to work on /mnt/c/Users/Tilto/Desktop/Work/Airflow/dags/dag_exemplo.py
[2024-05-06T19:18:56.984-0300] {processor.py:830} INFO - Processing file /mnt/c/Users/Tilto/Desktop/Work/Airflow/dags/dag_exemplo.py for tasks to queue
[2024-05-06T19:18:56.985-0300] {logging_mixin.py:188} INFO - [2024-05-06T19:18:56.985-0300] {dagbag.py:540} INFO - Filling up the DagBag from /mnt/c/Users/Tilto/Desktop/Work/Airflow/dags/dag_exemplo.py
[2024-05-06T19:18:57.003-0300] {processor.py:840} INFO - DAG(s) 'dag_exemplo' retrieved from /mnt/c/Users/Tilto/Desktop/Work/Airflow/dags/dag_exemplo.py
[2024-05-06T19:18:57.028-0300] {logging_mixin.py:188} INFO - [2024-05-06T19:18:57.027-0300] {dag.py:3096} INFO - Sync 1 DAGs
[2024-05-06T19:18:57.040-0300] {logging_mixin.py:188} INFO - [2024-05-06T19:18:57.039-0300] {dag.py:3954} INFO - Setting next_dagrun for dag_exemplo to None, run_after=None
[2024-05-06T19:18:57.099-0300] {processor.py:183} INFO - Processing /mnt/c/Users/Tilto/Desktop/Work/Airflow/dags/dag_exemplo.py took 0.120 seconds
[2024-05-06T19:19:27.454-0300] {processor.py:161} INFO - Started process (PID=15285) to work on /mnt/c/Users/Tilto/Desktop/Work/Airflow/dags/dag_exemplo.py
[2024-05-06T19:19:27.455-0300] {processor.py:830} INFO - Processing file /mnt/c/Users/Tilto/Desktop/Work/Airflow/dags/dag_exemplo.py for tasks to queue
[2024-05-06T19:19:27.456-0300] {logging_mixin.py:188} INFO - [2024-05-06T19:19:27.456-0300] {dagbag.py:540} INFO - Filling up the DagBag from /mnt/c/Users/Tilto/Desktop/Work/Airflow/dags/dag_exemplo.py
[2024-05-06T19:19:27.474-0300] {processor.py:840} INFO - DAG(s) 'dag_exemplo' retrieved from /mnt/c/Users/Tilto/Desktop/Work/Airflow/dags/dag_exemplo.py
[2024-05-06T19:19:27.501-0300] {logging_mixin.py:188} INFO - [2024-05-06T19:19:27.500-0300] {dag.py:3096} INFO - Sync 1 DAGs
[2024-05-06T19:19:27.513-0300] {logging_mixin.py:188} INFO - [2024-05-06T19:19:27.513-0300] {dag.py:3954} INFO - Setting next_dagrun for dag_exemplo to None, run_after=None
[2024-05-06T19:19:27.576-0300] {processor.py:183} INFO - Processing /mnt/c/Users/Tilto/Desktop/Work/Airflow/dags/dag_exemplo.py took 0.127 seconds
[2024-05-06T19:20:40.365-0300] {processor.py:161} INFO - Started process (PID=15864) to work on /mnt/c/Users/Tilto/Desktop/Work/Airflow/dags/dag_exemplo.py
[2024-05-06T19:20:40.367-0300] {processor.py:830} INFO - Processing file /mnt/c/Users/Tilto/Desktop/Work/Airflow/dags/dag_exemplo.py for tasks to queue
[2024-05-06T19:20:40.369-0300] {logging_mixin.py:188} INFO - [2024-05-06T19:20:40.368-0300] {dagbag.py:540} INFO - Filling up the DagBag from /mnt/c/Users/Tilto/Desktop/Work/Airflow/dags/dag_exemplo.py
[2024-05-06T19:20:40.395-0300] {processor.py:840} INFO - DAG(s) 'dag_exemplo' retrieved from /mnt/c/Users/Tilto/Desktop/Work/Airflow/dags/dag_exemplo.py
[2024-05-06T19:20:40.415-0300] {logging_mixin.py:188} INFO - [2024-05-06T19:20:40.415-0300] {dag.py:3096} INFO - Sync 1 DAGs
[2024-05-06T19:20:40.430-0300] {logging_mixin.py:188} INFO - [2024-05-06T19:20:40.430-0300] {dag.py:3954} INFO - Setting next_dagrun for dag_exemplo to None, run_after=None
[2024-05-06T19:20:40.497-0300] {processor.py:183} INFO - Processing /mnt/c/Users/Tilto/Desktop/Work/Airflow/dags/dag_exemplo.py took 0.137 seconds
[2024-05-06T19:21:11.629-0300] {processor.py:161} INFO - Started process (PID=15994) to work on /mnt/c/Users/Tilto/Desktop/Work/Airflow/dags/dag_exemplo.py
[2024-05-06T19:21:11.630-0300] {processor.py:830} INFO - Processing file /mnt/c/Users/Tilto/Desktop/Work/Airflow/dags/dag_exemplo.py for tasks to queue
[2024-05-06T19:21:11.632-0300] {logging_mixin.py:188} INFO - [2024-05-06T19:21:11.632-0300] {dagbag.py:540} INFO - Filling up the DagBag from /mnt/c/Users/Tilto/Desktop/Work/Airflow/dags/dag_exemplo.py
[2024-05-06T19:21:11.652-0300] {processor.py:840} INFO - DAG(s) 'dag_exemplo' retrieved from /mnt/c/Users/Tilto/Desktop/Work/Airflow/dags/dag_exemplo.py
[2024-05-06T19:21:11.758-0300] {logging_mixin.py:188} INFO - [2024-05-06T19:21:11.757-0300] {dag.py:3096} INFO - Sync 1 DAGs
[2024-05-06T19:21:11.771-0300] {logging_mixin.py:188} INFO - [2024-05-06T19:21:11.770-0300] {dag.py:3954} INFO - Setting next_dagrun for dag_exemplo to None, run_after=None
[2024-05-06T19:21:11.832-0300] {processor.py:183} INFO - Processing /mnt/c/Users/Tilto/Desktop/Work/Airflow/dags/dag_exemplo.py took 0.207 seconds
[2024-05-06T19:21:42.948-0300] {processor.py:161} INFO - Started process (PID=16125) to work on /mnt/c/Users/Tilto/Desktop/Work/Airflow/dags/dag_exemplo.py
[2024-05-06T19:21:42.949-0300] {processor.py:830} INFO - Processing file /mnt/c/Users/Tilto/Desktop/Work/Airflow/dags/dag_exemplo.py for tasks to queue
[2024-05-06T19:21:42.951-0300] {logging_mixin.py:188} INFO - [2024-05-06T19:21:42.950-0300] {dagbag.py:540} INFO - Filling up the DagBag from /mnt/c/Users/Tilto/Desktop/Work/Airflow/dags/dag_exemplo.py
[2024-05-06T19:21:42.971-0300] {processor.py:840} INFO - DAG(s) 'dag_exemplo' retrieved from /mnt/c/Users/Tilto/Desktop/Work/Airflow/dags/dag_exemplo.py
[2024-05-06T19:21:42.998-0300] {logging_mixin.py:188} INFO - [2024-05-06T19:21:42.998-0300] {dag.py:3096} INFO - Sync 1 DAGs
[2024-05-06T19:21:43.011-0300] {logging_mixin.py:188} INFO - [2024-05-06T19:21:43.011-0300] {dag.py:3954} INFO - Setting next_dagrun for dag_exemplo to None, run_after=None
[2024-05-06T19:21:43.071-0300] {processor.py:183} INFO - Processing /mnt/c/Users/Tilto/Desktop/Work/Airflow/dags/dag_exemplo.py took 0.128 seconds
[2024-05-06T19:22:14.000-0300] {processor.py:161} INFO - Started process (PID=16255) to work on /mnt/c/Users/Tilto/Desktop/Work/Airflow/dags/dag_exemplo.py
[2024-05-06T19:22:14.001-0300] {processor.py:830} INFO - Processing file /mnt/c/Users/Tilto/Desktop/Work/Airflow/dags/dag_exemplo.py for tasks to queue
[2024-05-06T19:22:14.003-0300] {logging_mixin.py:188} INFO - [2024-05-06T19:22:14.003-0300] {dagbag.py:540} INFO - Filling up the DagBag from /mnt/c/Users/Tilto/Desktop/Work/Airflow/dags/dag_exemplo.py
[2024-05-06T19:22:14.032-0300] {processor.py:840} INFO - DAG(s) 'dag_exemplo' retrieved from /mnt/c/Users/Tilto/Desktop/Work/Airflow/dags/dag_exemplo.py
[2024-05-06T19:22:14.064-0300] {logging_mixin.py:188} INFO - [2024-05-06T19:22:14.064-0300] {dag.py:3096} INFO - Sync 1 DAGs
[2024-05-06T19:22:14.079-0300] {logging_mixin.py:188} INFO - [2024-05-06T19:22:14.079-0300] {dag.py:3954} INFO - Setting next_dagrun for dag_exemplo to None, run_after=None
[2024-05-06T19:22:14.256-0300] {processor.py:183} INFO - Processing /mnt/c/Users/Tilto/Desktop/Work/Airflow/dags/dag_exemplo.py took 0.264 seconds
[2024-05-06T19:22:45.050-0300] {processor.py:161} INFO - Started process (PID=16384) to work on /mnt/c/Users/Tilto/Desktop/Work/Airflow/dags/dag_exemplo.py
[2024-05-06T19:22:45.052-0300] {processor.py:830} INFO - Processing file /mnt/c/Users/Tilto/Desktop/Work/Airflow/dags/dag_exemplo.py for tasks to queue
[2024-05-06T19:22:45.055-0300] {logging_mixin.py:188} INFO - [2024-05-06T19:22:45.054-0300] {dagbag.py:540} INFO - Filling up the DagBag from /mnt/c/Users/Tilto/Desktop/Work/Airflow/dags/dag_exemplo.py
[2024-05-06T19:22:45.082-0300] {processor.py:840} INFO - DAG(s) 'dag_exemplo' retrieved from /mnt/c/Users/Tilto/Desktop/Work/Airflow/dags/dag_exemplo.py
[2024-05-06T19:22:45.112-0300] {logging_mixin.py:188} INFO - [2024-05-06T19:22:45.112-0300] {dag.py:3096} INFO - Sync 1 DAGs
[2024-05-06T19:22:45.125-0300] {logging_mixin.py:188} INFO - [2024-05-06T19:22:45.125-0300] {dag.py:3954} INFO - Setting next_dagrun for dag_exemplo to None, run_after=None
[2024-05-06T19:22:45.183-0300] {processor.py:183} INFO - Processing /mnt/c/Users/Tilto/Desktop/Work/Airflow/dags/dag_exemplo.py took 0.143 seconds
[2024-05-06T19:23:16.192-0300] {processor.py:161} INFO - Started process (PID=16514) to work on /mnt/c/Users/Tilto/Desktop/Work/Airflow/dags/dag_exemplo.py
[2024-05-06T19:23:16.193-0300] {processor.py:830} INFO - Processing file /mnt/c/Users/Tilto/Desktop/Work/Airflow/dags/dag_exemplo.py for tasks to queue
[2024-05-06T19:23:16.194-0300] {logging_mixin.py:188} INFO - [2024-05-06T19:23:16.193-0300] {dagbag.py:540} INFO - Filling up the DagBag from /mnt/c/Users/Tilto/Desktop/Work/Airflow/dags/dag_exemplo.py
[2024-05-06T19:23:16.216-0300] {processor.py:840} INFO - DAG(s) 'dag_exemplo' retrieved from /mnt/c/Users/Tilto/Desktop/Work/Airflow/dags/dag_exemplo.py
[2024-05-06T19:23:16.242-0300] {logging_mixin.py:188} INFO - [2024-05-06T19:23:16.242-0300] {dag.py:3096} INFO - Sync 1 DAGs
[2024-05-06T19:23:16.254-0300] {logging_mixin.py:188} INFO - [2024-05-06T19:23:16.253-0300] {dag.py:3954} INFO - Setting next_dagrun for dag_exemplo to None, run_after=None
[2024-05-06T19:23:16.334-0300] {processor.py:183} INFO - Processing /mnt/c/Users/Tilto/Desktop/Work/Airflow/dags/dag_exemplo.py took 0.147 seconds
[2024-05-06T19:23:47.347-0300] {processor.py:161} INFO - Started process (PID=16643) to work on /mnt/c/Users/Tilto/Desktop/Work/Airflow/dags/dag_exemplo.py
[2024-05-06T19:23:47.348-0300] {processor.py:830} INFO - Processing file /mnt/c/Users/Tilto/Desktop/Work/Airflow/dags/dag_exemplo.py for tasks to queue
[2024-05-06T19:23:47.350-0300] {logging_mixin.py:188} INFO - [2024-05-06T19:23:47.350-0300] {dagbag.py:540} INFO - Filling up the DagBag from /mnt/c/Users/Tilto/Desktop/Work/Airflow/dags/dag_exemplo.py
[2024-05-06T19:23:47.371-0300] {processor.py:840} INFO - DAG(s) 'dag_exemplo' retrieved from /mnt/c/Users/Tilto/Desktop/Work/Airflow/dags/dag_exemplo.py
[2024-05-06T19:23:47.395-0300] {logging_mixin.py:188} INFO - [2024-05-06T19:23:47.395-0300] {dag.py:3096} INFO - Sync 1 DAGs
[2024-05-06T19:23:47.407-0300] {logging_mixin.py:188} INFO - [2024-05-06T19:23:47.406-0300] {dag.py:3954} INFO - Setting next_dagrun for dag_exemplo to None, run_after=None
[2024-05-06T19:23:47.859-0300] {processor.py:183} INFO - Processing /mnt/c/Users/Tilto/Desktop/Work/Airflow/dags/dag_exemplo.py took 0.516 seconds
[2024-05-06T19:24:18.790-0300] {processor.py:161} INFO - Started process (PID=16774) to work on /mnt/c/Users/Tilto/Desktop/Work/Airflow/dags/dag_exemplo.py
[2024-05-06T19:24:18.792-0300] {processor.py:830} INFO - Processing file /mnt/c/Users/Tilto/Desktop/Work/Airflow/dags/dag_exemplo.py for tasks to queue
[2024-05-06T19:24:18.798-0300] {logging_mixin.py:188} INFO - [2024-05-06T19:24:18.797-0300] {dagbag.py:540} INFO - Filling up the DagBag from /mnt/c/Users/Tilto/Desktop/Work/Airflow/dags/dag_exemplo.py
[2024-05-06T19:24:18.822-0300] {processor.py:840} INFO - DAG(s) 'dag_exemplo' retrieved from /mnt/c/Users/Tilto/Desktop/Work/Airflow/dags/dag_exemplo.py
[2024-05-06T19:24:18.850-0300] {logging_mixin.py:188} INFO - [2024-05-06T19:24:18.849-0300] {dag.py:3096} INFO - Sync 1 DAGs
[2024-05-06T19:24:18.863-0300] {logging_mixin.py:188} INFO - [2024-05-06T19:24:18.863-0300] {dag.py:3954} INFO - Setting next_dagrun for dag_exemplo to None, run_after=None
[2024-05-06T19:24:18.929-0300] {processor.py:183} INFO - Processing /mnt/c/Users/Tilto/Desktop/Work/Airflow/dags/dag_exemplo.py took 0.147 seconds
[2024-05-06T19:24:50.017-0300] {processor.py:161} INFO - Started process (PID=16904) to work on /mnt/c/Users/Tilto/Desktop/Work/Airflow/dags/dag_exemplo.py
[2024-05-06T19:24:50.018-0300] {processor.py:830} INFO - Processing file /mnt/c/Users/Tilto/Desktop/Work/Airflow/dags/dag_exemplo.py for tasks to queue
[2024-05-06T19:24:50.020-0300] {logging_mixin.py:188} INFO - [2024-05-06T19:24:50.019-0300] {dagbag.py:540} INFO - Filling up the DagBag from /mnt/c/Users/Tilto/Desktop/Work/Airflow/dags/dag_exemplo.py
[2024-05-06T19:24:50.039-0300] {processor.py:840} INFO - DAG(s) 'dag_exemplo' retrieved from /mnt/c/Users/Tilto/Desktop/Work/Airflow/dags/dag_exemplo.py
[2024-05-06T19:24:50.066-0300] {logging_mixin.py:188} INFO - [2024-05-06T19:24:50.065-0300] {dag.py:3096} INFO - Sync 1 DAGs
[2024-05-06T19:24:50.079-0300] {logging_mixin.py:188} INFO - [2024-05-06T19:24:50.078-0300] {dag.py:3954} INFO - Setting next_dagrun for dag_exemplo to None, run_after=None
[2024-05-06T19:24:50.138-0300] {processor.py:183} INFO - Processing /mnt/c/Users/Tilto/Desktop/Work/Airflow/dags/dag_exemplo.py took 0.125 seconds
[2024-05-06T19:25:48.867-0300] {processor.py:161} INFO - Started process (PID=17168) to work on /mnt/c/Users/Tilto/Desktop/Work/Airflow/dags/dag_exemplo.py
[2024-05-06T19:25:48.868-0300] {processor.py:830} INFO - Processing file /mnt/c/Users/Tilto/Desktop/Work/Airflow/dags/dag_exemplo.py for tasks to queue
[2024-05-06T19:25:48.870-0300] {logging_mixin.py:188} INFO - [2024-05-06T19:25:48.870-0300] {dagbag.py:540} INFO - Filling up the DagBag from /mnt/c/Users/Tilto/Desktop/Work/Airflow/dags/dag_exemplo.py
[2024-05-06T19:25:48.888-0300] {processor.py:840} INFO - DAG(s) 'dag_exemplo' retrieved from /mnt/c/Users/Tilto/Desktop/Work/Airflow/dags/dag_exemplo.py
[2024-05-06T19:25:48.901-0300] {logging_mixin.py:188} INFO - [2024-05-06T19:25:48.901-0300] {dag.py:3096} INFO - Sync 1 DAGs
[2024-05-06T19:25:48.913-0300] {logging_mixin.py:188} INFO - [2024-05-06T19:25:48.913-0300] {dag.py:3954} INFO - Setting next_dagrun for dag_exemplo to None, run_after=None
[2024-05-06T19:25:48.975-0300] {processor.py:183} INFO - Processing /mnt/c/Users/Tilto/Desktop/Work/Airflow/dags/dag_exemplo.py took 0.113 seconds
[2024-05-06T19:26:20.090-0300] {processor.py:161} INFO - Started process (PID=17302) to work on /mnt/c/Users/Tilto/Desktop/Work/Airflow/dags/dag_exemplo.py
[2024-05-06T19:26:20.091-0300] {processor.py:830} INFO - Processing file /mnt/c/Users/Tilto/Desktop/Work/Airflow/dags/dag_exemplo.py for tasks to queue
[2024-05-06T19:26:20.093-0300] {logging_mixin.py:188} INFO - [2024-05-06T19:26:20.092-0300] {dagbag.py:540} INFO - Filling up the DagBag from /mnt/c/Users/Tilto/Desktop/Work/Airflow/dags/dag_exemplo.py
[2024-05-06T19:26:20.113-0300] {processor.py:840} INFO - DAG(s) 'dag_exemplo' retrieved from /mnt/c/Users/Tilto/Desktop/Work/Airflow/dags/dag_exemplo.py
[2024-05-06T19:26:20.216-0300] {logging_mixin.py:188} INFO - [2024-05-06T19:26:20.216-0300] {dag.py:3096} INFO - Sync 1 DAGs
[2024-05-06T19:26:20.228-0300] {logging_mixin.py:188} INFO - [2024-05-06T19:26:20.228-0300] {dag.py:3954} INFO - Setting next_dagrun for dag_exemplo to None, run_after=None
[2024-05-06T19:26:20.288-0300] {processor.py:183} INFO - Processing /mnt/c/Users/Tilto/Desktop/Work/Airflow/dags/dag_exemplo.py took 0.201 seconds
