[2024-05-06T18:23:42.674-0300] {processor.py:161} INFO - Started process (PID=1094) to work on /mnt/c/Users/Tilto/Desktop/Work/Airflow/dags/first_dag.py
[2024-05-06T18:23:42.675-0300] {processor.py:830} INFO - Processing file /mnt/c/Users/Tilto/Desktop/Work/Airflow/dags/first_dag.py for tasks to queue
[2024-05-06T18:23:42.676-0300] {logging_mixin.py:188} INFO - [2024-05-06T18:23:42.676-0300] {dagbag.py:540} INFO - Filling up the DagBag from /mnt/c/Users/Tilto/Desktop/Work/Airflow/dags/first_dag.py
[2024-05-06T18:23:42.694-0300] {logging_mixin.py:188} INFO - All Dag modules are ok ......
[2024-05-06T18:23:42.698-0300] {processor.py:840} INFO - DAG(s) 'first_dag' retrieved from /mnt/c/Users/Tilto/Desktop/Work/Airflow/dags/first_dag.py
[2024-05-06T18:23:42.881-0300] {logging_mixin.py:188} INFO - [2024-05-06T18:23:42.881-0300] {dag.py:3096} INFO - Sync 1 DAGs
[2024-05-06T18:23:42.916-0300] {logging_mixin.py:188} INFO - [2024-05-06T18:23:42.916-0300] {dag.py:3954} INFO - Setting next_dagrun for first_dag to None, run_after=None
[2024-05-06T18:23:42.992-0300] {processor.py:183} INFO - Processing /mnt/c/Users/Tilto/Desktop/Work/Airflow/dags/first_dag.py took 0.323 seconds
[2024-05-06T18:24:14.201-0300] {processor.py:161} INFO - Started process (PID=1231) to work on /mnt/c/Users/Tilto/Desktop/Work/Airflow/dags/first_dag.py
[2024-05-06T18:24:14.202-0300] {processor.py:830} INFO - Processing file /mnt/c/Users/Tilto/Desktop/Work/Airflow/dags/first_dag.py for tasks to queue
[2024-05-06T18:24:14.205-0300] {logging_mixin.py:188} INFO - [2024-05-06T18:24:14.204-0300] {dagbag.py:540} INFO - Filling up the DagBag from /mnt/c/Users/Tilto/Desktop/Work/Airflow/dags/first_dag.py
[2024-05-06T18:24:14.229-0300] {logging_mixin.py:188} INFO - All Dag modules are ok ......
[2024-05-06T18:24:14.234-0300] {processor.py:840} INFO - DAG(s) 'first_dag' retrieved from /mnt/c/Users/Tilto/Desktop/Work/Airflow/dags/first_dag.py
[2024-05-06T18:24:14.280-0300] {logging_mixin.py:188} INFO - [2024-05-06T18:24:14.279-0300] {dag.py:3096} INFO - Sync 1 DAGs
[2024-05-06T18:24:14.317-0300] {logging_mixin.py:188} INFO - [2024-05-06T18:24:14.317-0300] {dag.py:3954} INFO - Setting next_dagrun for first_dag to None, run_after=None
[2024-05-06T18:24:14.397-0300] {processor.py:183} INFO - Processing /mnt/c/Users/Tilto/Desktop/Work/Airflow/dags/first_dag.py took 0.203 seconds
[2024-05-06T18:24:44.718-0300] {processor.py:161} INFO - Started process (PID=1358) to work on /mnt/c/Users/Tilto/Desktop/Work/Airflow/dags/first_dag.py
[2024-05-06T18:24:44.719-0300] {processor.py:830} INFO - Processing file /mnt/c/Users/Tilto/Desktop/Work/Airflow/dags/first_dag.py for tasks to queue
[2024-05-06T18:24:44.721-0300] {logging_mixin.py:188} INFO - [2024-05-06T18:24:44.721-0300] {dagbag.py:540} INFO - Filling up the DagBag from /mnt/c/Users/Tilto/Desktop/Work/Airflow/dags/first_dag.py
[2024-05-06T18:24:44.739-0300] {logging_mixin.py:188} INFO - All Dag modules are ok ......
[2024-05-06T18:24:44.744-0300] {processor.py:840} INFO - DAG(s) 'first_dag' retrieved from /mnt/c/Users/Tilto/Desktop/Work/Airflow/dags/first_dag.py
[2024-05-06T18:24:44.783-0300] {logging_mixin.py:188} INFO - [2024-05-06T18:24:44.783-0300] {dag.py:3096} INFO - Sync 1 DAGs
[2024-05-06T18:24:44.814-0300] {logging_mixin.py:188} INFO - [2024-05-06T18:24:44.814-0300] {dag.py:3954} INFO - Setting next_dagrun for first_dag to None, run_after=None
[2024-05-06T18:24:44.896-0300] {processor.py:183} INFO - Processing /mnt/c/Users/Tilto/Desktop/Work/Airflow/dags/first_dag.py took 0.182 seconds
[2024-05-06T18:25:15.271-0300] {processor.py:161} INFO - Started process (PID=1485) to work on /mnt/c/Users/Tilto/Desktop/Work/Airflow/dags/first_dag.py
[2024-05-06T18:25:15.272-0300] {processor.py:830} INFO - Processing file /mnt/c/Users/Tilto/Desktop/Work/Airflow/dags/first_dag.py for tasks to queue
[2024-05-06T18:25:15.274-0300] {logging_mixin.py:188} INFO - [2024-05-06T18:25:15.274-0300] {dagbag.py:540} INFO - Filling up the DagBag from /mnt/c/Users/Tilto/Desktop/Work/Airflow/dags/first_dag.py
[2024-05-06T18:25:15.295-0300] {logging_mixin.py:188} INFO - All Dag modules are ok ......
[2024-05-06T18:25:15.301-0300] {processor.py:840} INFO - DAG(s) 'first_dag' retrieved from /mnt/c/Users/Tilto/Desktop/Work/Airflow/dags/first_dag.py
[2024-05-06T18:25:15.341-0300] {logging_mixin.py:188} INFO - [2024-05-06T18:25:15.341-0300] {dag.py:3096} INFO - Sync 1 DAGs
[2024-05-06T18:25:15.367-0300] {logging_mixin.py:188} INFO - [2024-05-06T18:25:15.367-0300] {dag.py:3954} INFO - Setting next_dagrun for first_dag to None, run_after=None
[2024-05-06T18:25:15.477-0300] {processor.py:183} INFO - Processing /mnt/c/Users/Tilto/Desktop/Work/Airflow/dags/first_dag.py took 0.213 seconds
[2024-05-06T18:25:45.815-0300] {processor.py:161} INFO - Started process (PID=1615) to work on /mnt/c/Users/Tilto/Desktop/Work/Airflow/dags/first_dag.py
[2024-05-06T18:25:45.816-0300] {processor.py:830} INFO - Processing file /mnt/c/Users/Tilto/Desktop/Work/Airflow/dags/first_dag.py for tasks to queue
[2024-05-06T18:25:45.819-0300] {logging_mixin.py:188} INFO - [2024-05-06T18:25:45.818-0300] {dagbag.py:540} INFO - Filling up the DagBag from /mnt/c/Users/Tilto/Desktop/Work/Airflow/dags/first_dag.py
[2024-05-06T18:25:45.837-0300] {logging_mixin.py:188} INFO - All Dag modules are ok ......
[2024-05-06T18:25:45.841-0300] {processor.py:840} INFO - DAG(s) 'first_dag' retrieved from /mnt/c/Users/Tilto/Desktop/Work/Airflow/dags/first_dag.py
[2024-05-06T18:25:45.879-0300] {logging_mixin.py:188} INFO - [2024-05-06T18:25:45.878-0300] {dag.py:3096} INFO - Sync 1 DAGs
[2024-05-06T18:25:45.903-0300] {logging_mixin.py:188} INFO - [2024-05-06T18:25:45.902-0300] {dag.py:3954} INFO - Setting next_dagrun for first_dag to None, run_after=None
[2024-05-06T18:25:45.968-0300] {processor.py:183} INFO - Processing /mnt/c/Users/Tilto/Desktop/Work/Airflow/dags/first_dag.py took 0.158 seconds
[2024-05-06T18:26:16.304-0300] {processor.py:161} INFO - Started process (PID=1743) to work on /mnt/c/Users/Tilto/Desktop/Work/Airflow/dags/first_dag.py
[2024-05-06T18:26:16.306-0300] {processor.py:830} INFO - Processing file /mnt/c/Users/Tilto/Desktop/Work/Airflow/dags/first_dag.py for tasks to queue
[2024-05-06T18:26:16.307-0300] {logging_mixin.py:188} INFO - [2024-05-06T18:26:16.307-0300] {dagbag.py:540} INFO - Filling up the DagBag from /mnt/c/Users/Tilto/Desktop/Work/Airflow/dags/first_dag.py
[2024-05-06T18:26:16.332-0300] {logging_mixin.py:188} INFO - All Dag modules are ok ......
[2024-05-06T18:26:16.338-0300] {processor.py:840} INFO - DAG(s) 'first_dag' retrieved from /mnt/c/Users/Tilto/Desktop/Work/Airflow/dags/first_dag.py
[2024-05-06T18:26:16.382-0300] {logging_mixin.py:188} INFO - [2024-05-06T18:26:16.381-0300] {dag.py:3096} INFO - Sync 1 DAGs
[2024-05-06T18:26:16.407-0300] {logging_mixin.py:188} INFO - [2024-05-06T18:26:16.407-0300] {dag.py:3954} INFO - Setting next_dagrun for first_dag to None, run_after=None
[2024-05-06T18:26:16.476-0300] {processor.py:183} INFO - Processing /mnt/c/Users/Tilto/Desktop/Work/Airflow/dags/first_dag.py took 0.177 seconds
[2024-05-06T18:26:47.010-0300] {processor.py:161} INFO - Started process (PID=1871) to work on /mnt/c/Users/Tilto/Desktop/Work/Airflow/dags/first_dag.py
[2024-05-06T18:26:47.011-0300] {processor.py:830} INFO - Processing file /mnt/c/Users/Tilto/Desktop/Work/Airflow/dags/first_dag.py for tasks to queue
[2024-05-06T18:26:47.012-0300] {logging_mixin.py:188} INFO - [2024-05-06T18:26:47.012-0300] {dagbag.py:540} INFO - Filling up the DagBag from /mnt/c/Users/Tilto/Desktop/Work/Airflow/dags/first_dag.py
[2024-05-06T18:26:47.032-0300] {logging_mixin.py:188} INFO - All Dag modules are ok ......
[2024-05-06T18:26:47.036-0300] {processor.py:840} INFO - DAG(s) 'first_dag' retrieved from /mnt/c/Users/Tilto/Desktop/Work/Airflow/dags/first_dag.py
[2024-05-06T18:26:47.070-0300] {logging_mixin.py:188} INFO - [2024-05-06T18:26:47.069-0300] {dag.py:3096} INFO - Sync 1 DAGs
[2024-05-06T18:26:47.094-0300] {logging_mixin.py:188} INFO - [2024-05-06T18:26:47.093-0300] {dag.py:3954} INFO - Setting next_dagrun for first_dag to None, run_after=None
[2024-05-06T18:26:47.158-0300] {processor.py:183} INFO - Processing /mnt/c/Users/Tilto/Desktop/Work/Airflow/dags/first_dag.py took 0.152 seconds
[2024-05-06T18:27:18.123-0300] {processor.py:161} INFO - Started process (PID=2001) to work on /mnt/c/Users/Tilto/Desktop/Work/Airflow/dags/first_dag.py
[2024-05-06T18:27:18.124-0300] {processor.py:830} INFO - Processing file /mnt/c/Users/Tilto/Desktop/Work/Airflow/dags/first_dag.py for tasks to queue
[2024-05-06T18:27:18.126-0300] {logging_mixin.py:188} INFO - [2024-05-06T18:27:18.126-0300] {dagbag.py:540} INFO - Filling up the DagBag from /mnt/c/Users/Tilto/Desktop/Work/Airflow/dags/first_dag.py
[2024-05-06T18:27:18.144-0300] {logging_mixin.py:188} INFO - All Dag modules are ok ......
[2024-05-06T18:27:18.148-0300] {processor.py:840} INFO - DAG(s) 'first_dag' retrieved from /mnt/c/Users/Tilto/Desktop/Work/Airflow/dags/first_dag.py
[2024-05-06T18:27:18.183-0300] {logging_mixin.py:188} INFO - [2024-05-06T18:27:18.182-0300] {dag.py:3096} INFO - Sync 1 DAGs
[2024-05-06T18:27:18.206-0300] {logging_mixin.py:188} INFO - [2024-05-06T18:27:18.206-0300] {dag.py:3954} INFO - Setting next_dagrun for first_dag to None, run_after=None
[2024-05-06T18:27:18.268-0300] {processor.py:183} INFO - Processing /mnt/c/Users/Tilto/Desktop/Work/Airflow/dags/first_dag.py took 0.149 seconds
[2024-05-06T18:27:49.417-0300] {processor.py:161} INFO - Started process (PID=2134) to work on /mnt/c/Users/Tilto/Desktop/Work/Airflow/dags/first_dag.py
[2024-05-06T18:27:49.418-0300] {processor.py:830} INFO - Processing file /mnt/c/Users/Tilto/Desktop/Work/Airflow/dags/first_dag.py for tasks to queue
[2024-05-06T18:27:49.419-0300] {logging_mixin.py:188} INFO - [2024-05-06T18:27:49.419-0300] {dagbag.py:540} INFO - Filling up the DagBag from /mnt/c/Users/Tilto/Desktop/Work/Airflow/dags/first_dag.py
[2024-05-06T18:27:49.438-0300] {logging_mixin.py:188} INFO - All Dag modules are ok ......
[2024-05-06T18:27:49.443-0300] {processor.py:840} INFO - DAG(s) 'first_dag' retrieved from /mnt/c/Users/Tilto/Desktop/Work/Airflow/dags/first_dag.py
[2024-05-06T18:27:49.479-0300] {logging_mixin.py:188} INFO - [2024-05-06T18:27:49.478-0300] {dag.py:3096} INFO - Sync 1 DAGs
[2024-05-06T18:27:49.503-0300] {logging_mixin.py:188} INFO - [2024-05-06T18:27:49.502-0300] {dag.py:3954} INFO - Setting next_dagrun for first_dag to None, run_after=None
[2024-05-06T18:27:49.565-0300] {processor.py:183} INFO - Processing /mnt/c/Users/Tilto/Desktop/Work/Airflow/dags/first_dag.py took 0.153 seconds
[2024-05-06T18:28:20.406-0300] {processor.py:161} INFO - Started process (PID=2263) to work on /mnt/c/Users/Tilto/Desktop/Work/Airflow/dags/first_dag.py
[2024-05-06T18:28:20.406-0300] {processor.py:830} INFO - Processing file /mnt/c/Users/Tilto/Desktop/Work/Airflow/dags/first_dag.py for tasks to queue
[2024-05-06T18:28:20.408-0300] {logging_mixin.py:188} INFO - [2024-05-06T18:28:20.408-0300] {dagbag.py:540} INFO - Filling up the DagBag from /mnt/c/Users/Tilto/Desktop/Work/Airflow/dags/first_dag.py
[2024-05-06T18:28:20.428-0300] {logging_mixin.py:188} INFO - All Dag modules are ok ......
[2024-05-06T18:28:20.433-0300] {processor.py:840} INFO - DAG(s) 'first_dag' retrieved from /mnt/c/Users/Tilto/Desktop/Work/Airflow/dags/first_dag.py
[2024-05-06T18:28:20.466-0300] {logging_mixin.py:188} INFO - [2024-05-06T18:28:20.466-0300] {dag.py:3096} INFO - Sync 1 DAGs
[2024-05-06T18:28:20.494-0300] {logging_mixin.py:188} INFO - [2024-05-06T18:28:20.494-0300] {dag.py:3954} INFO - Setting next_dagrun for first_dag to None, run_after=None
[2024-05-06T18:28:20.550-0300] {processor.py:183} INFO - Processing /mnt/c/Users/Tilto/Desktop/Work/Airflow/dags/first_dag.py took 0.149 seconds
[2024-05-06T18:28:51.126-0300] {processor.py:161} INFO - Started process (PID=2391) to work on /mnt/c/Users/Tilto/Desktop/Work/Airflow/dags/first_dag.py
[2024-05-06T18:28:51.127-0300] {processor.py:830} INFO - Processing file /mnt/c/Users/Tilto/Desktop/Work/Airflow/dags/first_dag.py for tasks to queue
[2024-05-06T18:28:51.128-0300] {logging_mixin.py:188} INFO - [2024-05-06T18:28:51.128-0300] {dagbag.py:540} INFO - Filling up the DagBag from /mnt/c/Users/Tilto/Desktop/Work/Airflow/dags/first_dag.py
[2024-05-06T18:28:51.144-0300] {logging_mixin.py:188} INFO - All Dag modules are ok ......
[2024-05-06T18:28:51.148-0300] {processor.py:840} INFO - DAG(s) 'first_dag' retrieved from /mnt/c/Users/Tilto/Desktop/Work/Airflow/dags/first_dag.py
[2024-05-06T18:28:51.179-0300] {logging_mixin.py:188} INFO - [2024-05-06T18:28:51.178-0300] {dag.py:3096} INFO - Sync 1 DAGs
[2024-05-06T18:28:51.201-0300] {logging_mixin.py:188} INFO - [2024-05-06T18:28:51.201-0300] {dag.py:3954} INFO - Setting next_dagrun for first_dag to None, run_after=None
[2024-05-06T18:28:51.257-0300] {processor.py:183} INFO - Processing /mnt/c/Users/Tilto/Desktop/Work/Airflow/dags/first_dag.py took 0.136 seconds
[2024-05-06T18:29:22.042-0300] {processor.py:161} INFO - Started process (PID=2520) to work on /mnt/c/Users/Tilto/Desktop/Work/Airflow/dags/first_dag.py
[2024-05-06T18:29:22.043-0300] {processor.py:830} INFO - Processing file /mnt/c/Users/Tilto/Desktop/Work/Airflow/dags/first_dag.py for tasks to queue
[2024-05-06T18:29:22.044-0300] {logging_mixin.py:188} INFO - [2024-05-06T18:29:22.044-0300] {dagbag.py:540} INFO - Filling up the DagBag from /mnt/c/Users/Tilto/Desktop/Work/Airflow/dags/first_dag.py
[2024-05-06T18:29:22.061-0300] {logging_mixin.py:188} INFO - All Dag modules are ok ......
[2024-05-06T18:29:22.065-0300] {processor.py:840} INFO - DAG(s) 'first_dag' retrieved from /mnt/c/Users/Tilto/Desktop/Work/Airflow/dags/first_dag.py
[2024-05-06T18:29:22.099-0300] {logging_mixin.py:188} INFO - [2024-05-06T18:29:22.098-0300] {dag.py:3096} INFO - Sync 1 DAGs
[2024-05-06T18:29:22.119-0300] {logging_mixin.py:188} INFO - [2024-05-06T18:29:22.119-0300] {dag.py:3954} INFO - Setting next_dagrun for first_dag to None, run_after=None
[2024-05-06T18:29:22.176-0300] {processor.py:183} INFO - Processing /mnt/c/Users/Tilto/Desktop/Work/Airflow/dags/first_dag.py took 0.139 seconds
[2024-05-06T18:29:52.767-0300] {processor.py:161} INFO - Started process (PID=2651) to work on /mnt/c/Users/Tilto/Desktop/Work/Airflow/dags/first_dag.py
[2024-05-06T18:29:52.769-0300] {processor.py:830} INFO - Processing file /mnt/c/Users/Tilto/Desktop/Work/Airflow/dags/first_dag.py for tasks to queue
[2024-05-06T18:29:52.772-0300] {logging_mixin.py:188} INFO - [2024-05-06T18:29:52.771-0300] {dagbag.py:540} INFO - Filling up the DagBag from /mnt/c/Users/Tilto/Desktop/Work/Airflow/dags/first_dag.py
[2024-05-06T18:29:52.795-0300] {logging_mixin.py:188} INFO - All Dag modules are ok ......
[2024-05-06T18:29:52.801-0300] {processor.py:840} INFO - DAG(s) 'first_dag' retrieved from /mnt/c/Users/Tilto/Desktop/Work/Airflow/dags/first_dag.py
[2024-05-06T18:29:52.839-0300] {logging_mixin.py:188} INFO - [2024-05-06T18:29:52.839-0300] {dag.py:3096} INFO - Sync 1 DAGs
[2024-05-06T18:29:52.867-0300] {logging_mixin.py:188} INFO - [2024-05-06T18:29:52.866-0300] {dag.py:3954} INFO - Setting next_dagrun for first_dag to None, run_after=None
[2024-05-06T18:29:52.928-0300] {processor.py:183} INFO - Processing /mnt/c/Users/Tilto/Desktop/Work/Airflow/dags/first_dag.py took 0.166 seconds
[2024-05-06T18:30:23.535-0300] {processor.py:161} INFO - Started process (PID=2782) to work on /mnt/c/Users/Tilto/Desktop/Work/Airflow/dags/first_dag.py
[2024-05-06T18:30:23.536-0300] {processor.py:830} INFO - Processing file /mnt/c/Users/Tilto/Desktop/Work/Airflow/dags/first_dag.py for tasks to queue
[2024-05-06T18:30:23.537-0300] {logging_mixin.py:188} INFO - [2024-05-06T18:30:23.537-0300] {dagbag.py:540} INFO - Filling up the DagBag from /mnt/c/Users/Tilto/Desktop/Work/Airflow/dags/first_dag.py
[2024-05-06T18:30:23.553-0300] {logging_mixin.py:188} INFO - All Dag modules are ok ......
[2024-05-06T18:30:23.558-0300] {processor.py:840} INFO - DAG(s) 'first_dag' retrieved from /mnt/c/Users/Tilto/Desktop/Work/Airflow/dags/first_dag.py
[2024-05-06T18:30:23.590-0300] {logging_mixin.py:188} INFO - [2024-05-06T18:30:23.590-0300] {dag.py:3096} INFO - Sync 1 DAGs
[2024-05-06T18:30:23.612-0300] {logging_mixin.py:188} INFO - [2024-05-06T18:30:23.612-0300] {dag.py:3954} INFO - Setting next_dagrun for first_dag to None, run_after=None
[2024-05-06T18:30:23.668-0300] {processor.py:183} INFO - Processing /mnt/c/Users/Tilto/Desktop/Work/Airflow/dags/first_dag.py took 0.138 seconds
[2024-05-06T18:30:54.647-0300] {processor.py:161} INFO - Started process (PID=2911) to work on /mnt/c/Users/Tilto/Desktop/Work/Airflow/dags/first_dag.py
[2024-05-06T18:30:54.648-0300] {processor.py:830} INFO - Processing file /mnt/c/Users/Tilto/Desktop/Work/Airflow/dags/first_dag.py for tasks to queue
[2024-05-06T18:30:54.650-0300] {logging_mixin.py:188} INFO - [2024-05-06T18:30:54.650-0300] {dagbag.py:540} INFO - Filling up the DagBag from /mnt/c/Users/Tilto/Desktop/Work/Airflow/dags/first_dag.py
[2024-05-06T18:30:54.667-0300] {logging_mixin.py:188} INFO - All Dag modules are ok ......
[2024-05-06T18:30:54.671-0300] {processor.py:840} INFO - DAG(s) 'first_dag' retrieved from /mnt/c/Users/Tilto/Desktop/Work/Airflow/dags/first_dag.py
[2024-05-06T18:30:54.704-0300] {logging_mixin.py:188} INFO - [2024-05-06T18:30:54.704-0300] {dag.py:3096} INFO - Sync 1 DAGs
[2024-05-06T18:30:54.729-0300] {logging_mixin.py:188} INFO - [2024-05-06T18:30:54.728-0300] {dag.py:3954} INFO - Setting next_dagrun for first_dag to None, run_after=None
[2024-05-06T18:30:54.787-0300] {processor.py:183} INFO - Processing /mnt/c/Users/Tilto/Desktop/Work/Airflow/dags/first_dag.py took 0.145 seconds
[2024-05-06T18:31:25.511-0300] {processor.py:161} INFO - Started process (PID=3040) to work on /mnt/c/Users/Tilto/Desktop/Work/Airflow/dags/first_dag.py
[2024-05-06T18:31:25.512-0300] {processor.py:830} INFO - Processing file /mnt/c/Users/Tilto/Desktop/Work/Airflow/dags/first_dag.py for tasks to queue
[2024-05-06T18:31:25.514-0300] {logging_mixin.py:188} INFO - [2024-05-06T18:31:25.514-0300] {dagbag.py:540} INFO - Filling up the DagBag from /mnt/c/Users/Tilto/Desktop/Work/Airflow/dags/first_dag.py
[2024-05-06T18:31:25.532-0300] {logging_mixin.py:188} INFO - All Dag modules are ok ......
[2024-05-06T18:31:25.536-0300] {processor.py:840} INFO - DAG(s) 'first_dag' retrieved from /mnt/c/Users/Tilto/Desktop/Work/Airflow/dags/first_dag.py
[2024-05-06T18:31:25.571-0300] {logging_mixin.py:188} INFO - [2024-05-06T18:31:25.571-0300] {dag.py:3096} INFO - Sync 1 DAGs
[2024-05-06T18:31:25.594-0300] {logging_mixin.py:188} INFO - [2024-05-06T18:31:25.594-0300] {dag.py:3954} INFO - Setting next_dagrun for first_dag to None, run_after=None
[2024-05-06T18:31:25.658-0300] {processor.py:183} INFO - Processing /mnt/c/Users/Tilto/Desktop/Work/Airflow/dags/first_dag.py took 0.151 seconds
[2024-05-06T18:31:56.424-0300] {processor.py:161} INFO - Started process (PID=3244) to work on /mnt/c/Users/Tilto/Desktop/Work/Airflow/dags/first_dag.py
[2024-05-06T18:31:56.425-0300] {processor.py:830} INFO - Processing file /mnt/c/Users/Tilto/Desktop/Work/Airflow/dags/first_dag.py for tasks to queue
[2024-05-06T18:31:56.427-0300] {logging_mixin.py:188} INFO - [2024-05-06T18:31:56.426-0300] {dagbag.py:540} INFO - Filling up the DagBag from /mnt/c/Users/Tilto/Desktop/Work/Airflow/dags/first_dag.py
[2024-05-06T18:31:56.444-0300] {logging_mixin.py:188} INFO - All Dag modules are ok ......
[2024-05-06T18:31:56.448-0300] {processor.py:840} INFO - DAG(s) 'first_dag' retrieved from /mnt/c/Users/Tilto/Desktop/Work/Airflow/dags/first_dag.py
[2024-05-06T18:31:56.486-0300] {logging_mixin.py:188} INFO - [2024-05-06T18:31:56.486-0300] {dag.py:3096} INFO - Sync 1 DAGs
[2024-05-06T18:31:56.511-0300] {logging_mixin.py:188} INFO - [2024-05-06T18:31:56.511-0300] {dag.py:3954} INFO - Setting next_dagrun for first_dag to None, run_after=None
[2024-05-06T18:31:56.580-0300] {processor.py:183} INFO - Processing /mnt/c/Users/Tilto/Desktop/Work/Airflow/dags/first_dag.py took 0.161 seconds
[2024-05-06T18:32:27.319-0300] {processor.py:161} INFO - Started process (PID=3373) to work on /mnt/c/Users/Tilto/Desktop/Work/Airflow/dags/first_dag.py
[2024-05-06T18:32:27.320-0300] {processor.py:830} INFO - Processing file /mnt/c/Users/Tilto/Desktop/Work/Airflow/dags/first_dag.py for tasks to queue
[2024-05-06T18:32:27.322-0300] {logging_mixin.py:188} INFO - [2024-05-06T18:32:27.322-0300] {dagbag.py:540} INFO - Filling up the DagBag from /mnt/c/Users/Tilto/Desktop/Work/Airflow/dags/first_dag.py
[2024-05-06T18:32:27.347-0300] {logging_mixin.py:188} INFO - All Dag modules are ok ......
[2024-05-06T18:32:27.351-0300] {processor.py:840} INFO - DAG(s) 'first_dag' retrieved from /mnt/c/Users/Tilto/Desktop/Work/Airflow/dags/first_dag.py
[2024-05-06T18:32:27.386-0300] {logging_mixin.py:188} INFO - [2024-05-06T18:32:27.385-0300] {dag.py:3096} INFO - Sync 1 DAGs
[2024-05-06T18:32:27.411-0300] {logging_mixin.py:188} INFO - [2024-05-06T18:32:27.410-0300] {dag.py:3954} INFO - Setting next_dagrun for first_dag to None, run_after=None
[2024-05-06T18:32:27.620-0300] {processor.py:183} INFO - Processing /mnt/c/Users/Tilto/Desktop/Work/Airflow/dags/first_dag.py took 0.308 seconds
[2024-05-06T18:32:58.438-0300] {processor.py:161} INFO - Started process (PID=3505) to work on /mnt/c/Users/Tilto/Desktop/Work/Airflow/dags/first_dag.py
[2024-05-06T18:32:58.439-0300] {processor.py:830} INFO - Processing file /mnt/c/Users/Tilto/Desktop/Work/Airflow/dags/first_dag.py for tasks to queue
[2024-05-06T18:32:58.441-0300] {logging_mixin.py:188} INFO - [2024-05-06T18:32:58.440-0300] {dagbag.py:540} INFO - Filling up the DagBag from /mnt/c/Users/Tilto/Desktop/Work/Airflow/dags/first_dag.py
[2024-05-06T18:32:58.457-0300] {logging_mixin.py:188} INFO - All Dag modules are ok ......
[2024-05-06T18:32:58.461-0300] {processor.py:840} INFO - DAG(s) 'first_dag' retrieved from /mnt/c/Users/Tilto/Desktop/Work/Airflow/dags/first_dag.py
[2024-05-06T18:32:58.499-0300] {logging_mixin.py:188} INFO - [2024-05-06T18:32:58.498-0300] {dag.py:3096} INFO - Sync 1 DAGs
[2024-05-06T18:32:58.607-0300] {logging_mixin.py:188} INFO - [2024-05-06T18:32:58.607-0300] {dag.py:3954} INFO - Setting next_dagrun for first_dag to None, run_after=None
[2024-05-06T18:32:58.664-0300] {processor.py:183} INFO - Processing /mnt/c/Users/Tilto/Desktop/Work/Airflow/dags/first_dag.py took 0.230 seconds
[2024-05-06T18:33:29.138-0300] {processor.py:161} INFO - Started process (PID=3633) to work on /mnt/c/Users/Tilto/Desktop/Work/Airflow/dags/first_dag.py
[2024-05-06T18:33:29.139-0300] {processor.py:830} INFO - Processing file /mnt/c/Users/Tilto/Desktop/Work/Airflow/dags/first_dag.py for tasks to queue
[2024-05-06T18:33:29.141-0300] {logging_mixin.py:188} INFO - [2024-05-06T18:33:29.141-0300] {dagbag.py:540} INFO - Filling up the DagBag from /mnt/c/Users/Tilto/Desktop/Work/Airflow/dags/first_dag.py
[2024-05-06T18:33:29.160-0300] {logging_mixin.py:188} INFO - All Dag modules are ok ......
[2024-05-06T18:33:29.164-0300] {processor.py:840} INFO - DAG(s) 'first_dag' retrieved from /mnt/c/Users/Tilto/Desktop/Work/Airflow/dags/first_dag.py
[2024-05-06T18:33:29.201-0300] {logging_mixin.py:188} INFO - [2024-05-06T18:33:29.201-0300] {dag.py:3096} INFO - Sync 1 DAGs
[2024-05-06T18:33:29.294-0300] {logging_mixin.py:188} INFO - [2024-05-06T18:33:29.294-0300] {dag.py:3954} INFO - Setting next_dagrun for first_dag to None, run_after=None
[2024-05-06T18:33:29.358-0300] {processor.py:183} INFO - Processing /mnt/c/Users/Tilto/Desktop/Work/Airflow/dags/first_dag.py took 0.225 seconds
[2024-05-06T18:34:00.473-0300] {processor.py:161} INFO - Started process (PID=3772) to work on /mnt/c/Users/Tilto/Desktop/Work/Airflow/dags/first_dag.py
[2024-05-06T18:34:00.474-0300] {processor.py:830} INFO - Processing file /mnt/c/Users/Tilto/Desktop/Work/Airflow/dags/first_dag.py for tasks to queue
[2024-05-06T18:34:00.476-0300] {logging_mixin.py:188} INFO - [2024-05-06T18:34:00.476-0300] {dagbag.py:540} INFO - Filling up the DagBag from /mnt/c/Users/Tilto/Desktop/Work/Airflow/dags/first_dag.py
[2024-05-06T18:34:00.493-0300] {logging_mixin.py:188} INFO - All Dag modules are ok ......
[2024-05-06T18:34:00.496-0300] {processor.py:840} INFO - DAG(s) 'first_dag' retrieved from /mnt/c/Users/Tilto/Desktop/Work/Airflow/dags/first_dag.py
[2024-05-06T18:34:00.528-0300] {logging_mixin.py:188} INFO - [2024-05-06T18:34:00.528-0300] {dag.py:3096} INFO - Sync 1 DAGs
[2024-05-06T18:34:00.614-0300] {logging_mixin.py:188} INFO - [2024-05-06T18:34:00.614-0300] {dag.py:3954} INFO - Setting next_dagrun for first_dag to None, run_after=None
[2024-05-06T18:34:00.672-0300] {processor.py:183} INFO - Processing /mnt/c/Users/Tilto/Desktop/Work/Airflow/dags/first_dag.py took 0.204 seconds
[2024-05-06T18:34:32.786-0300] {processor.py:161} INFO - Started process (PID=3910) to work on /mnt/c/Users/Tilto/Desktop/Work/Airflow/dags/first_dag.py
[2024-05-06T18:34:32.787-0300] {processor.py:830} INFO - Processing file /mnt/c/Users/Tilto/Desktop/Work/Airflow/dags/first_dag.py for tasks to queue
[2024-05-06T18:34:32.788-0300] {logging_mixin.py:188} INFO - [2024-05-06T18:34:32.788-0300] {dagbag.py:540} INFO - Filling up the DagBag from /mnt/c/Users/Tilto/Desktop/Work/Airflow/dags/first_dag.py
[2024-05-06T18:34:32.805-0300] {logging_mixin.py:188} INFO - All Dag modules are ok ......
[2024-05-06T18:34:32.809-0300] {processor.py:840} INFO - DAG(s) 'first_dag' retrieved from /mnt/c/Users/Tilto/Desktop/Work/Airflow/dags/first_dag.py
[2024-05-06T18:34:32.903-0300] {logging_mixin.py:188} INFO - [2024-05-06T18:34:32.903-0300] {dag.py:3096} INFO - Sync 1 DAGs
[2024-05-06T18:34:32.925-0300] {logging_mixin.py:188} INFO - [2024-05-06T18:34:32.925-0300] {dag.py:3954} INFO - Setting next_dagrun for first_dag to None, run_after=None
[2024-05-06T18:34:32.980-0300] {processor.py:183} INFO - Processing /mnt/c/Users/Tilto/Desktop/Work/Airflow/dags/first_dag.py took 0.199 seconds
[2024-05-06T18:35:04.175-0300] {processor.py:161} INFO - Started process (PID=4040) to work on /mnt/c/Users/Tilto/Desktop/Work/Airflow/dags/first_dag.py
[2024-05-06T18:35:04.176-0300] {processor.py:830} INFO - Processing file /mnt/c/Users/Tilto/Desktop/Work/Airflow/dags/first_dag.py for tasks to queue
[2024-05-06T18:35:04.178-0300] {logging_mixin.py:188} INFO - [2024-05-06T18:35:04.178-0300] {dagbag.py:540} INFO - Filling up the DagBag from /mnt/c/Users/Tilto/Desktop/Work/Airflow/dags/first_dag.py
[2024-05-06T18:35:04.196-0300] {logging_mixin.py:188} INFO - All Dag modules are ok ......
[2024-05-06T18:35:04.202-0300] {processor.py:840} INFO - DAG(s) 'first_dag' retrieved from /mnt/c/Users/Tilto/Desktop/Work/Airflow/dags/first_dag.py
[2024-05-06T18:35:04.314-0300] {logging_mixin.py:188} INFO - [2024-05-06T18:35:04.314-0300] {dag.py:3096} INFO - Sync 1 DAGs
[2024-05-06T18:35:04.340-0300] {logging_mixin.py:188} INFO - [2024-05-06T18:35:04.340-0300] {dag.py:3954} INFO - Setting next_dagrun for first_dag to None, run_after=None
[2024-05-06T18:35:04.402-0300] {processor.py:183} INFO - Processing /mnt/c/Users/Tilto/Desktop/Work/Airflow/dags/first_dag.py took 0.231 seconds
[2024-05-06T18:35:35.191-0300] {processor.py:161} INFO - Started process (PID=4169) to work on /mnt/c/Users/Tilto/Desktop/Work/Airflow/dags/first_dag.py
[2024-05-06T18:35:35.192-0300] {processor.py:830} INFO - Processing file /mnt/c/Users/Tilto/Desktop/Work/Airflow/dags/first_dag.py for tasks to queue
[2024-05-06T18:35:35.193-0300] {logging_mixin.py:188} INFO - [2024-05-06T18:35:35.192-0300] {dagbag.py:540} INFO - Filling up the DagBag from /mnt/c/Users/Tilto/Desktop/Work/Airflow/dags/first_dag.py
[2024-05-06T18:35:35.210-0300] {logging_mixin.py:188} INFO - All Dag modules are ok ......
[2024-05-06T18:35:35.214-0300] {processor.py:840} INFO - DAG(s) 'first_dag' retrieved from /mnt/c/Users/Tilto/Desktop/Work/Airflow/dags/first_dag.py
[2024-05-06T18:35:35.249-0300] {logging_mixin.py:188} INFO - [2024-05-06T18:35:35.249-0300] {dag.py:3096} INFO - Sync 1 DAGs
[2024-05-06T18:35:35.273-0300] {logging_mixin.py:188} INFO - [2024-05-06T18:35:35.272-0300] {dag.py:3954} INFO - Setting next_dagrun for first_dag to None, run_after=None
[2024-05-06T18:35:35.374-0300] {processor.py:183} INFO - Processing /mnt/c/Users/Tilto/Desktop/Work/Airflow/dags/first_dag.py took 0.254 seconds
[2024-05-06T18:36:06.562-0300] {processor.py:161} INFO - Started process (PID=4301) to work on /mnt/c/Users/Tilto/Desktop/Work/Airflow/dags/first_dag.py
[2024-05-06T18:36:06.564-0300] {processor.py:830} INFO - Processing file /mnt/c/Users/Tilto/Desktop/Work/Airflow/dags/first_dag.py for tasks to queue
[2024-05-06T18:36:06.566-0300] {logging_mixin.py:188} INFO - [2024-05-06T18:36:06.565-0300] {dagbag.py:540} INFO - Filling up the DagBag from /mnt/c/Users/Tilto/Desktop/Work/Airflow/dags/first_dag.py
[2024-05-06T18:36:06.603-0300] {logging_mixin.py:188} INFO - All Dag modules are ok ......
[2024-05-06T18:36:06.611-0300] {processor.py:840} INFO - DAG(s) 'first_dag' retrieved from /mnt/c/Users/Tilto/Desktop/Work/Airflow/dags/first_dag.py
[2024-05-06T18:36:06.754-0300] {logging_mixin.py:188} INFO - [2024-05-06T18:36:06.753-0300] {dag.py:3096} INFO - Sync 1 DAGs
[2024-05-06T18:36:06.793-0300] {logging_mixin.py:188} INFO - [2024-05-06T18:36:06.793-0300] {dag.py:3954} INFO - Setting next_dagrun for first_dag to None, run_after=None
[2024-05-06T18:36:06.961-0300] {processor.py:183} INFO - Processing /mnt/c/Users/Tilto/Desktop/Work/Airflow/dags/first_dag.py took 0.404 seconds
[2024-05-06T18:36:37.273-0300] {processor.py:161} INFO - Started process (PID=4432) to work on /mnt/c/Users/Tilto/Desktop/Work/Airflow/dags/first_dag.py
[2024-05-06T18:36:37.274-0300] {processor.py:830} INFO - Processing file /mnt/c/Users/Tilto/Desktop/Work/Airflow/dags/first_dag.py for tasks to queue
[2024-05-06T18:36:37.276-0300] {logging_mixin.py:188} INFO - [2024-05-06T18:36:37.276-0300] {dagbag.py:540} INFO - Filling up the DagBag from /mnt/c/Users/Tilto/Desktop/Work/Airflow/dags/first_dag.py
[2024-05-06T18:36:37.297-0300] {logging_mixin.py:188} INFO - All Dag modules are ok ......
[2024-05-06T18:36:37.301-0300] {processor.py:840} INFO - DAG(s) 'first_dag' retrieved from /mnt/c/Users/Tilto/Desktop/Work/Airflow/dags/first_dag.py
[2024-05-06T18:36:37.341-0300] {logging_mixin.py:188} INFO - [2024-05-06T18:36:37.340-0300] {dag.py:3096} INFO - Sync 1 DAGs
[2024-05-06T18:36:37.368-0300] {logging_mixin.py:188} INFO - [2024-05-06T18:36:37.367-0300] {dag.py:3954} INFO - Setting next_dagrun for first_dag to None, run_after=None
[2024-05-06T18:36:37.445-0300] {processor.py:183} INFO - Processing /mnt/c/Users/Tilto/Desktop/Work/Airflow/dags/first_dag.py took 0.178 seconds
[2024-05-06T18:38:07.437-0300] {processor.py:161} INFO - Started process (PID=4816) to work on /mnt/c/Users/Tilto/Desktop/Work/Airflow/dags/first_dag.py
[2024-05-06T18:38:07.438-0300] {processor.py:830} INFO - Processing file /mnt/c/Users/Tilto/Desktop/Work/Airflow/dags/first_dag.py for tasks to queue
[2024-05-06T18:38:07.440-0300] {logging_mixin.py:188} INFO - [2024-05-06T18:38:07.439-0300] {dagbag.py:540} INFO - Filling up the DagBag from /mnt/c/Users/Tilto/Desktop/Work/Airflow/dags/first_dag.py
[2024-05-06T18:38:07.456-0300] {logging_mixin.py:188} INFO - All Dag modules are ok ......
[2024-05-06T18:38:07.461-0300] {processor.py:840} INFO - DAG(s) 'first_dag' retrieved from /mnt/c/Users/Tilto/Desktop/Work/Airflow/dags/first_dag.py
[2024-05-06T18:38:07.473-0300] {logging_mixin.py:188} INFO - [2024-05-06T18:38:07.473-0300] {dag.py:3096} INFO - Sync 1 DAGs
[2024-05-06T18:38:07.496-0300] {logging_mixin.py:188} INFO - [2024-05-06T18:38:07.496-0300] {dag.py:3954} INFO - Setting next_dagrun for first_dag to None, run_after=None
[2024-05-06T18:38:07.556-0300] {processor.py:183} INFO - Processing /mnt/c/Users/Tilto/Desktop/Work/Airflow/dags/first_dag.py took 0.123 seconds
[2024-05-06T18:38:38.303-0300] {processor.py:161} INFO - Started process (PID=4971) to work on /mnt/c/Users/Tilto/Desktop/Work/Airflow/dags/first_dag.py
[2024-05-06T18:38:38.304-0300] {processor.py:830} INFO - Processing file /mnt/c/Users/Tilto/Desktop/Work/Airflow/dags/first_dag.py for tasks to queue
[2024-05-06T18:38:38.305-0300] {logging_mixin.py:188} INFO - [2024-05-06T18:38:38.305-0300] {dagbag.py:540} INFO - Filling up the DagBag from /mnt/c/Users/Tilto/Desktop/Work/Airflow/dags/first_dag.py
[2024-05-06T18:38:38.326-0300] {logging_mixin.py:188} INFO - All Dag modules are ok ......
[2024-05-06T18:38:38.331-0300] {processor.py:840} INFO - DAG(s) 'first_dag' retrieved from /mnt/c/Users/Tilto/Desktop/Work/Airflow/dags/first_dag.py
[2024-05-06T18:38:38.467-0300] {logging_mixin.py:188} INFO - [2024-05-06T18:38:38.466-0300] {dag.py:3096} INFO - Sync 1 DAGs
[2024-05-06T18:38:38.495-0300] {logging_mixin.py:188} INFO - [2024-05-06T18:38:38.495-0300] {dag.py:3954} INFO - Setting next_dagrun for first_dag to None, run_after=None
[2024-05-06T18:38:38.572-0300] {processor.py:183} INFO - Processing /mnt/c/Users/Tilto/Desktop/Work/Airflow/dags/first_dag.py took 0.273 seconds
[2024-05-06T18:39:11.212-0300] {processor.py:161} INFO - Started process (PID=5116) to work on /mnt/c/Users/Tilto/Desktop/Work/Airflow/dags/first_dag.py
[2024-05-06T18:39:11.213-0300] {processor.py:830} INFO - Processing file /mnt/c/Users/Tilto/Desktop/Work/Airflow/dags/first_dag.py for tasks to queue
[2024-05-06T18:39:11.215-0300] {logging_mixin.py:188} INFO - [2024-05-06T18:39:11.215-0300] {dagbag.py:540} INFO - Filling up the DagBag from /mnt/c/Users/Tilto/Desktop/Work/Airflow/dags/first_dag.py
[2024-05-06T18:39:11.236-0300] {logging_mixin.py:188} INFO - All Dag modules are ok ......
[2024-05-06T18:39:11.240-0300] {processor.py:840} INFO - DAG(s) 'first_dag' retrieved from /mnt/c/Users/Tilto/Desktop/Work/Airflow/dags/first_dag.py
[2024-05-06T18:39:11.277-0300] {logging_mixin.py:188} INFO - [2024-05-06T18:39:11.277-0300] {dag.py:3096} INFO - Sync 1 DAGs
[2024-05-06T18:39:11.302-0300] {logging_mixin.py:188} INFO - [2024-05-06T18:39:11.302-0300] {dag.py:3954} INFO - Setting next_dagrun for first_dag to None, run_after=None
[2024-05-06T18:39:11.363-0300] {processor.py:183} INFO - Processing /mnt/c/Users/Tilto/Desktop/Work/Airflow/dags/first_dag.py took 0.157 seconds
[2024-05-06T18:39:42.380-0300] {processor.py:161} INFO - Started process (PID=5246) to work on /mnt/c/Users/Tilto/Desktop/Work/Airflow/dags/first_dag.py
[2024-05-06T18:39:42.381-0300] {processor.py:830} INFO - Processing file /mnt/c/Users/Tilto/Desktop/Work/Airflow/dags/first_dag.py for tasks to queue
[2024-05-06T18:39:42.383-0300] {logging_mixin.py:188} INFO - [2024-05-06T18:39:42.382-0300] {dagbag.py:540} INFO - Filling up the DagBag from /mnt/c/Users/Tilto/Desktop/Work/Airflow/dags/first_dag.py
[2024-05-06T18:39:42.401-0300] {logging_mixin.py:188} INFO - All Dag modules are ok ......
[2024-05-06T18:39:42.406-0300] {processor.py:840} INFO - DAG(s) 'first_dag' retrieved from /mnt/c/Users/Tilto/Desktop/Work/Airflow/dags/first_dag.py
[2024-05-06T18:39:42.444-0300] {logging_mixin.py:188} INFO - [2024-05-06T18:39:42.444-0300] {dag.py:3096} INFO - Sync 1 DAGs
[2024-05-06T18:39:42.468-0300] {logging_mixin.py:188} INFO - [2024-05-06T18:39:42.467-0300] {dag.py:3954} INFO - Setting next_dagrun for first_dag to None, run_after=None
[2024-05-06T18:39:42.534-0300] {processor.py:183} INFO - Processing /mnt/c/Users/Tilto/Desktop/Work/Airflow/dags/first_dag.py took 0.159 seconds
[2024-05-06T18:40:13.196-0300] {processor.py:161} INFO - Started process (PID=5378) to work on /mnt/c/Users/Tilto/Desktop/Work/Airflow/dags/first_dag.py
[2024-05-06T18:40:13.197-0300] {processor.py:830} INFO - Processing file /mnt/c/Users/Tilto/Desktop/Work/Airflow/dags/first_dag.py for tasks to queue
[2024-05-06T18:40:13.199-0300] {logging_mixin.py:188} INFO - [2024-05-06T18:40:13.199-0300] {dagbag.py:540} INFO - Filling up the DagBag from /mnt/c/Users/Tilto/Desktop/Work/Airflow/dags/first_dag.py
[2024-05-06T18:40:13.220-0300] {logging_mixin.py:188} INFO - All Dag modules are ok ......
[2024-05-06T18:40:13.225-0300] {processor.py:840} INFO - DAG(s) 'first_dag' retrieved from /mnt/c/Users/Tilto/Desktop/Work/Airflow/dags/first_dag.py
[2024-05-06T18:40:13.266-0300] {logging_mixin.py:188} INFO - [2024-05-06T18:40:13.266-0300] {dag.py:3096} INFO - Sync 1 DAGs
[2024-05-06T18:40:13.295-0300] {logging_mixin.py:188} INFO - [2024-05-06T18:40:13.294-0300] {dag.py:3954} INFO - Setting next_dagrun for first_dag to None, run_after=None
[2024-05-06T18:40:13.364-0300] {processor.py:183} INFO - Processing /mnt/c/Users/Tilto/Desktop/Work/Airflow/dags/first_dag.py took 0.175 seconds
[2024-05-06T18:40:46.004-0300] {processor.py:161} INFO - Started process (PID=5514) to work on /mnt/c/Users/Tilto/Desktop/Work/Airflow/dags/first_dag.py
[2024-05-06T18:40:46.005-0300] {processor.py:830} INFO - Processing file /mnt/c/Users/Tilto/Desktop/Work/Airflow/dags/first_dag.py for tasks to queue
[2024-05-06T18:40:46.007-0300] {logging_mixin.py:188} INFO - [2024-05-06T18:40:46.006-0300] {dagbag.py:540} INFO - Filling up the DagBag from /mnt/c/Users/Tilto/Desktop/Work/Airflow/dags/first_dag.py
[2024-05-06T18:40:46.025-0300] {logging_mixin.py:188} INFO - All Dag modules are ok ......
[2024-05-06T18:40:46.030-0300] {processor.py:840} INFO - DAG(s) 'first_dag' retrieved from /mnt/c/Users/Tilto/Desktop/Work/Airflow/dags/first_dag.py
[2024-05-06T18:40:46.063-0300] {logging_mixin.py:188} INFO - [2024-05-06T18:40:46.063-0300] {dag.py:3096} INFO - Sync 1 DAGs
[2024-05-06T18:40:46.085-0300] {logging_mixin.py:188} INFO - [2024-05-06T18:40:46.085-0300] {dag.py:3954} INFO - Setting next_dagrun for first_dag to None, run_after=None
[2024-05-06T18:40:46.519-0300] {processor.py:183} INFO - Processing /mnt/c/Users/Tilto/Desktop/Work/Airflow/dags/first_dag.py took 0.520 seconds
[2024-05-06T18:41:17.082-0300] {processor.py:161} INFO - Started process (PID=5643) to work on /mnt/c/Users/Tilto/Desktop/Work/Airflow/dags/first_dag.py
[2024-05-06T18:41:17.083-0300] {processor.py:830} INFO - Processing file /mnt/c/Users/Tilto/Desktop/Work/Airflow/dags/first_dag.py for tasks to queue
[2024-05-06T18:41:17.085-0300] {logging_mixin.py:188} INFO - [2024-05-06T18:41:17.085-0300] {dagbag.py:540} INFO - Filling up the DagBag from /mnt/c/Users/Tilto/Desktop/Work/Airflow/dags/first_dag.py
[2024-05-06T18:41:17.102-0300] {logging_mixin.py:188} INFO - All Dag modules are ok ......
[2024-05-06T18:41:17.106-0300] {processor.py:840} INFO - DAG(s) 'first_dag' retrieved from /mnt/c/Users/Tilto/Desktop/Work/Airflow/dags/first_dag.py
[2024-05-06T18:41:17.141-0300] {logging_mixin.py:188} INFO - [2024-05-06T18:41:17.140-0300] {dag.py:3096} INFO - Sync 1 DAGs
[2024-05-06T18:41:17.164-0300] {logging_mixin.py:188} INFO - [2024-05-06T18:41:17.164-0300] {dag.py:3954} INFO - Setting next_dagrun for first_dag to None, run_after=None
[2024-05-06T18:41:17.227-0300] {processor.py:183} INFO - Processing /mnt/c/Users/Tilto/Desktop/Work/Airflow/dags/first_dag.py took 0.149 seconds
[2024-05-06T18:41:47.907-0300] {processor.py:161} INFO - Started process (PID=5772) to work on /mnt/c/Users/Tilto/Desktop/Work/Airflow/dags/first_dag.py
[2024-05-06T18:41:47.908-0300] {processor.py:830} INFO - Processing file /mnt/c/Users/Tilto/Desktop/Work/Airflow/dags/first_dag.py for tasks to queue
[2024-05-06T18:41:47.909-0300] {logging_mixin.py:188} INFO - [2024-05-06T18:41:47.909-0300] {dagbag.py:540} INFO - Filling up the DagBag from /mnt/c/Users/Tilto/Desktop/Work/Airflow/dags/first_dag.py
[2024-05-06T18:41:47.927-0300] {logging_mixin.py:188} INFO - All Dag modules are ok ......
[2024-05-06T18:41:47.931-0300] {processor.py:840} INFO - DAG(s) 'first_dag' retrieved from /mnt/c/Users/Tilto/Desktop/Work/Airflow/dags/first_dag.py
[2024-05-06T18:41:47.963-0300] {logging_mixin.py:188} INFO - [2024-05-06T18:41:47.963-0300] {dag.py:3096} INFO - Sync 1 DAGs
[2024-05-06T18:41:47.985-0300] {logging_mixin.py:188} INFO - [2024-05-06T18:41:47.984-0300] {dag.py:3954} INFO - Setting next_dagrun for first_dag to None, run_after=None
[2024-05-06T18:41:48.041-0300] {processor.py:183} INFO - Processing /mnt/c/Users/Tilto/Desktop/Work/Airflow/dags/first_dag.py took 0.139 seconds
[2024-05-06T18:42:18.935-0300] {processor.py:161} INFO - Started process (PID=5902) to work on /mnt/c/Users/Tilto/Desktop/Work/Airflow/dags/first_dag.py
[2024-05-06T18:42:18.936-0300] {processor.py:830} INFO - Processing file /mnt/c/Users/Tilto/Desktop/Work/Airflow/dags/first_dag.py for tasks to queue
[2024-05-06T18:42:18.938-0300] {logging_mixin.py:188} INFO - [2024-05-06T18:42:18.937-0300] {dagbag.py:540} INFO - Filling up the DagBag from /mnt/c/Users/Tilto/Desktop/Work/Airflow/dags/first_dag.py
[2024-05-06T18:42:18.954-0300] {logging_mixin.py:188} INFO - All Dag modules are ok ......
[2024-05-06T18:42:18.958-0300] {processor.py:840} INFO - DAG(s) 'first_dag' retrieved from /mnt/c/Users/Tilto/Desktop/Work/Airflow/dags/first_dag.py
[2024-05-06T18:42:18.992-0300] {logging_mixin.py:188} INFO - [2024-05-06T18:42:18.992-0300] {dag.py:3096} INFO - Sync 1 DAGs
[2024-05-06T18:42:19.015-0300] {logging_mixin.py:188} INFO - [2024-05-06T18:42:19.014-0300] {dag.py:3954} INFO - Setting next_dagrun for first_dag to None, run_after=None
[2024-05-06T18:42:19.075-0300] {processor.py:183} INFO - Processing /mnt/c/Users/Tilto/Desktop/Work/Airflow/dags/first_dag.py took 0.144 seconds
[2024-05-06T18:42:49.840-0300] {processor.py:161} INFO - Started process (PID=6031) to work on /mnt/c/Users/Tilto/Desktop/Work/Airflow/dags/first_dag.py
[2024-05-06T18:42:49.841-0300] {processor.py:830} INFO - Processing file /mnt/c/Users/Tilto/Desktop/Work/Airflow/dags/first_dag.py for tasks to queue
[2024-05-06T18:42:49.842-0300] {logging_mixin.py:188} INFO - [2024-05-06T18:42:49.842-0300] {dagbag.py:540} INFO - Filling up the DagBag from /mnt/c/Users/Tilto/Desktop/Work/Airflow/dags/first_dag.py
[2024-05-06T18:42:49.859-0300] {logging_mixin.py:188} INFO - All Dag modules are ok ......
[2024-05-06T18:42:49.863-0300] {processor.py:840} INFO - DAG(s) 'first_dag' retrieved from /mnt/c/Users/Tilto/Desktop/Work/Airflow/dags/first_dag.py
[2024-05-06T18:42:49.898-0300] {logging_mixin.py:188} INFO - [2024-05-06T18:42:49.897-0300] {dag.py:3096} INFO - Sync 1 DAGs
[2024-05-06T18:42:49.920-0300] {logging_mixin.py:188} INFO - [2024-05-06T18:42:49.920-0300] {dag.py:3954} INFO - Setting next_dagrun for first_dag to None, run_after=None
[2024-05-06T18:42:49.980-0300] {processor.py:183} INFO - Processing /mnt/c/Users/Tilto/Desktop/Work/Airflow/dags/first_dag.py took 0.144 seconds
[2024-05-06T18:43:20.977-0300] {processor.py:161} INFO - Started process (PID=6166) to work on /mnt/c/Users/Tilto/Desktop/Work/Airflow/dags/first_dag.py
[2024-05-06T18:43:20.978-0300] {processor.py:830} INFO - Processing file /mnt/c/Users/Tilto/Desktop/Work/Airflow/dags/first_dag.py for tasks to queue
[2024-05-06T18:43:20.980-0300] {logging_mixin.py:188} INFO - [2024-05-06T18:43:20.980-0300] {dagbag.py:540} INFO - Filling up the DagBag from /mnt/c/Users/Tilto/Desktop/Work/Airflow/dags/first_dag.py
[2024-05-06T18:43:20.999-0300] {logging_mixin.py:188} INFO - All Dag modules are ok ......
[2024-05-06T18:43:21.003-0300] {processor.py:840} INFO - DAG(s) 'first_dag' retrieved from /mnt/c/Users/Tilto/Desktop/Work/Airflow/dags/first_dag.py
[2024-05-06T18:43:21.044-0300] {logging_mixin.py:188} INFO - [2024-05-06T18:43:21.043-0300] {dag.py:3096} INFO - Sync 1 DAGs
[2024-05-06T18:43:21.080-0300] {logging_mixin.py:188} INFO - [2024-05-06T18:43:21.080-0300] {dag.py:3954} INFO - Setting next_dagrun for first_dag to None, run_after=None
[2024-05-06T18:43:21.556-0300] {processor.py:183} INFO - Processing /mnt/c/Users/Tilto/Desktop/Work/Airflow/dags/first_dag.py took 0.585 seconds
[2024-05-06T18:44:09.984-0300] {processor.py:161} INFO - Started process (PID=6393) to work on /mnt/c/Users/Tilto/Desktop/Work/Airflow/dags/first_dag.py
[2024-05-06T18:44:09.986-0300] {processor.py:830} INFO - Processing file /mnt/c/Users/Tilto/Desktop/Work/Airflow/dags/first_dag.py for tasks to queue
[2024-05-06T18:44:09.987-0300] {logging_mixin.py:188} INFO - [2024-05-06T18:44:09.987-0300] {dagbag.py:540} INFO - Filling up the DagBag from /mnt/c/Users/Tilto/Desktop/Work/Airflow/dags/first_dag.py
[2024-05-06T18:44:10.011-0300] {logging_mixin.py:188} INFO - All Dag modules are ok ......
[2024-05-06T18:44:10.015-0300] {processor.py:840} INFO - DAG(s) 'first_dag' retrieved from /mnt/c/Users/Tilto/Desktop/Work/Airflow/dags/first_dag.py
[2024-05-06T18:44:10.029-0300] {logging_mixin.py:188} INFO - [2024-05-06T18:44:10.028-0300] {dag.py:3096} INFO - Sync 1 DAGs
[2024-05-06T18:44:10.053-0300] {logging_mixin.py:188} INFO - [2024-05-06T18:44:10.052-0300] {dag.py:3954} INFO - Setting next_dagrun for first_dag to None, run_after=None
[2024-05-06T18:44:10.584-0300] {processor.py:183} INFO - Processing /mnt/c/Users/Tilto/Desktop/Work/Airflow/dags/first_dag.py took 0.605 seconds
[2024-05-06T18:44:41.355-0300] {processor.py:161} INFO - Started process (PID=6524) to work on /mnt/c/Users/Tilto/Desktop/Work/Airflow/dags/first_dag.py
[2024-05-06T18:44:41.356-0300] {processor.py:830} INFO - Processing file /mnt/c/Users/Tilto/Desktop/Work/Airflow/dags/first_dag.py for tasks to queue
[2024-05-06T18:44:41.358-0300] {logging_mixin.py:188} INFO - [2024-05-06T18:44:41.357-0300] {dagbag.py:540} INFO - Filling up the DagBag from /mnt/c/Users/Tilto/Desktop/Work/Airflow/dags/first_dag.py
[2024-05-06T18:44:41.376-0300] {logging_mixin.py:188} INFO - All Dag modules are ok ......
[2024-05-06T18:44:41.381-0300] {processor.py:840} INFO - DAG(s) 'first_dag' retrieved from /mnt/c/Users/Tilto/Desktop/Work/Airflow/dags/first_dag.py
[2024-05-06T18:44:41.499-0300] {logging_mixin.py:188} INFO - [2024-05-06T18:44:41.498-0300] {dag.py:3096} INFO - Sync 1 DAGs
[2024-05-06T18:44:41.522-0300] {logging_mixin.py:188} INFO - [2024-05-06T18:44:41.522-0300] {dag.py:3954} INFO - Setting next_dagrun for first_dag to None, run_after=None
[2024-05-06T18:44:41.608-0300] {processor.py:183} INFO - Processing /mnt/c/Users/Tilto/Desktop/Work/Airflow/dags/first_dag.py took 0.257 seconds
[2024-05-06T18:51:05.525-0300] {processor.py:161} INFO - Started process (PID=8164) to work on /mnt/c/Users/Tilto/Desktop/Work/Airflow/dags/first_dag.py
[2024-05-06T18:51:05.526-0300] {processor.py:830} INFO - Processing file /mnt/c/Users/Tilto/Desktop/Work/Airflow/dags/first_dag.py for tasks to queue
[2024-05-06T18:51:05.528-0300] {logging_mixin.py:188} INFO - [2024-05-06T18:51:05.527-0300] {dagbag.py:540} INFO - Filling up the DagBag from /mnt/c/Users/Tilto/Desktop/Work/Airflow/dags/first_dag.py
[2024-05-06T18:51:05.548-0300] {logging_mixin.py:188} INFO - All Dag modules are ok ......
[2024-05-06T18:51:05.554-0300] {processor.py:840} INFO - DAG(s) 'first_dag' retrieved from /mnt/c/Users/Tilto/Desktop/Work/Airflow/dags/first_dag.py
[2024-05-06T18:51:05.574-0300] {logging_mixin.py:188} INFO - [2024-05-06T18:51:05.574-0300] {dag.py:3096} INFO - Sync 1 DAGs
[2024-05-06T18:51:05.626-0300] {logging_mixin.py:188} INFO - [2024-05-06T18:51:05.626-0300] {dag.py:3954} INFO - Setting next_dagrun for first_dag to None, run_after=None
[2024-05-06T18:51:05.750-0300] {processor.py:183} INFO - Processing /mnt/c/Users/Tilto/Desktop/Work/Airflow/dags/first_dag.py took 0.230 seconds
[2024-05-06T18:53:34.461-0300] {processor.py:161} INFO - Started process (PID=8766) to work on /mnt/c/Users/Tilto/Desktop/Work/Airflow/dags/first_dag.py
[2024-05-06T18:53:34.462-0300] {processor.py:830} INFO - Processing file /mnt/c/Users/Tilto/Desktop/Work/Airflow/dags/first_dag.py for tasks to queue
[2024-05-06T18:53:34.463-0300] {logging_mixin.py:188} INFO - [2024-05-06T18:53:34.463-0300] {dagbag.py:540} INFO - Filling up the DagBag from /mnt/c/Users/Tilto/Desktop/Work/Airflow/dags/first_dag.py
[2024-05-06T18:53:34.481-0300] {logging_mixin.py:188} INFO - All Dag modules are ok ......
[2024-05-06T18:53:34.483-0300] {processor.py:840} INFO - DAG(s) 'first_dag' retrieved from /mnt/c/Users/Tilto/Desktop/Work/Airflow/dags/first_dag.py
[2024-05-06T18:53:34.681-0300] {logging_mixin.py:188} INFO - [2024-05-06T18:53:34.680-0300] {dag.py:3096} INFO - Sync 1 DAGs
[2024-05-06T18:53:34.701-0300] {logging_mixin.py:188} INFO - [2024-05-06T18:53:34.700-0300] {dag.py:3954} INFO - Setting next_dagrun for first_dag to None, run_after=None
[2024-05-06T18:53:34.766-0300] {processor.py:183} INFO - Processing /mnt/c/Users/Tilto/Desktop/Work/Airflow/dags/first_dag.py took 0.309 seconds
[2024-05-06T18:56:01.527-0300] {processor.py:161} INFO - Started process (PID=9368) to work on /mnt/c/Users/Tilto/Desktop/Work/Airflow/dags/first_dag.py
[2024-05-06T18:56:01.528-0300] {processor.py:830} INFO - Processing file /mnt/c/Users/Tilto/Desktop/Work/Airflow/dags/first_dag.py for tasks to queue
[2024-05-06T18:56:01.529-0300] {logging_mixin.py:188} INFO - [2024-05-06T18:56:01.529-0300] {dagbag.py:540} INFO - Filling up the DagBag from /mnt/c/Users/Tilto/Desktop/Work/Airflow/dags/first_dag.py
[2024-05-06T18:56:01.546-0300] {logging_mixin.py:188} INFO - All Dag modules are ok ......
[2024-05-06T18:56:01.548-0300] {processor.py:840} INFO - DAG(s) 'first_dag' retrieved from /mnt/c/Users/Tilto/Desktop/Work/Airflow/dags/first_dag.py
[2024-05-06T18:56:01.590-0300] {logging_mixin.py:188} INFO - [2024-05-06T18:56:01.589-0300] {dag.py:3096} INFO - Sync 1 DAGs
[2024-05-06T18:56:01.613-0300] {logging_mixin.py:188} INFO - [2024-05-06T18:56:01.613-0300] {dag.py:3954} INFO - Setting next_dagrun for first_dag to None, run_after=None
[2024-05-06T18:56:01.676-0300] {processor.py:183} INFO - Processing /mnt/c/Users/Tilto/Desktop/Work/Airflow/dags/first_dag.py took 0.154 seconds
[2024-05-06T18:56:32.804-0300] {processor.py:161} INFO - Started process (PID=9498) to work on /mnt/c/Users/Tilto/Desktop/Work/Airflow/dags/first_dag.py
[2024-05-06T18:56:32.805-0300] {processor.py:830} INFO - Processing file /mnt/c/Users/Tilto/Desktop/Work/Airflow/dags/first_dag.py for tasks to queue
[2024-05-06T18:56:32.806-0300] {logging_mixin.py:188} INFO - [2024-05-06T18:56:32.806-0300] {dagbag.py:540} INFO - Filling up the DagBag from /mnt/c/Users/Tilto/Desktop/Work/Airflow/dags/first_dag.py
[2024-05-06T18:56:32.828-0300] {logging_mixin.py:188} INFO - All Dag modules are ok ......
[2024-05-06T18:56:32.830-0300] {processor.py:840} INFO - DAG(s) 'first_dag' retrieved from /mnt/c/Users/Tilto/Desktop/Work/Airflow/dags/first_dag.py
[2024-05-06T18:56:32.870-0300] {logging_mixin.py:188} INFO - [2024-05-06T18:56:32.870-0300] {dag.py:3096} INFO - Sync 1 DAGs
[2024-05-06T18:56:32.897-0300] {logging_mixin.py:188} INFO - [2024-05-06T18:56:32.897-0300] {dag.py:3954} INFO - Setting next_dagrun for first_dag to None, run_after=None
[2024-05-06T18:56:32.966-0300] {processor.py:183} INFO - Processing /mnt/c/Users/Tilto/Desktop/Work/Airflow/dags/first_dag.py took 0.167 seconds
[2024-05-06T18:57:03.891-0300] {processor.py:161} INFO - Started process (PID=9628) to work on /mnt/c/Users/Tilto/Desktop/Work/Airflow/dags/first_dag.py
[2024-05-06T18:57:03.892-0300] {processor.py:830} INFO - Processing file /mnt/c/Users/Tilto/Desktop/Work/Airflow/dags/first_dag.py for tasks to queue
[2024-05-06T18:57:03.893-0300] {logging_mixin.py:188} INFO - [2024-05-06T18:57:03.892-0300] {dagbag.py:540} INFO - Filling up the DagBag from /mnt/c/Users/Tilto/Desktop/Work/Airflow/dags/first_dag.py
[2024-05-06T18:57:03.909-0300] {logging_mixin.py:188} INFO - All Dag modules are ok ......
[2024-05-06T18:57:03.911-0300] {processor.py:840} INFO - DAG(s) 'first_dag' retrieved from /mnt/c/Users/Tilto/Desktop/Work/Airflow/dags/first_dag.py
[2024-05-06T18:57:03.944-0300] {logging_mixin.py:188} INFO - [2024-05-06T18:57:03.944-0300] {dag.py:3096} INFO - Sync 1 DAGs
[2024-05-06T18:57:03.965-0300] {logging_mixin.py:188} INFO - [2024-05-06T18:57:03.965-0300] {dag.py:3954} INFO - Setting next_dagrun for first_dag to None, run_after=None
[2024-05-06T18:57:04.024-0300] {processor.py:183} INFO - Processing /mnt/c/Users/Tilto/Desktop/Work/Airflow/dags/first_dag.py took 0.138 seconds
[2024-05-06T18:57:34.694-0300] {processor.py:161} INFO - Started process (PID=9756) to work on /mnt/c/Users/Tilto/Desktop/Work/Airflow/dags/first_dag.py
[2024-05-06T18:57:34.695-0300] {processor.py:830} INFO - Processing file /mnt/c/Users/Tilto/Desktop/Work/Airflow/dags/first_dag.py for tasks to queue
[2024-05-06T18:57:34.696-0300] {logging_mixin.py:188} INFO - [2024-05-06T18:57:34.696-0300] {dagbag.py:540} INFO - Filling up the DagBag from /mnt/c/Users/Tilto/Desktop/Work/Airflow/dags/first_dag.py
[2024-05-06T18:57:34.713-0300] {logging_mixin.py:188} INFO - All Dag modules are ok ......
[2024-05-06T18:57:34.715-0300] {processor.py:840} INFO - DAG(s) 'first_dag' retrieved from /mnt/c/Users/Tilto/Desktop/Work/Airflow/dags/first_dag.py
[2024-05-06T18:57:34.747-0300] {logging_mixin.py:188} INFO - [2024-05-06T18:57:34.747-0300] {dag.py:3096} INFO - Sync 1 DAGs
[2024-05-06T18:57:34.769-0300] {logging_mixin.py:188} INFO - [2024-05-06T18:57:34.768-0300] {dag.py:3954} INFO - Setting next_dagrun for first_dag to None, run_after=None
[2024-05-06T18:57:34.826-0300] {processor.py:183} INFO - Processing /mnt/c/Users/Tilto/Desktop/Work/Airflow/dags/first_dag.py took 0.135 seconds
[2024-05-06T18:58:45.577-0300] {processor.py:161} INFO - Started process (PID=10092) to work on /mnt/c/Users/Tilto/Desktop/Work/Airflow/dags/first_dag.py
[2024-05-06T18:58:45.579-0300] {processor.py:830} INFO - Processing file /mnt/c/Users/Tilto/Desktop/Work/Airflow/dags/first_dag.py for tasks to queue
[2024-05-06T18:58:45.582-0300] {logging_mixin.py:188} INFO - [2024-05-06T18:58:45.581-0300] {dagbag.py:540} INFO - Filling up the DagBag from /mnt/c/Users/Tilto/Desktop/Work/Airflow/dags/first_dag.py
[2024-05-06T18:58:45.619-0300] {logging_mixin.py:188} INFO - All Dag modules are ok ......
[2024-05-06T18:58:45.627-0300] {processor.py:840} INFO - DAG(s) 'first_dag' retrieved from /mnt/c/Users/Tilto/Desktop/Work/Airflow/dags/first_dag.py
[2024-05-06T18:58:45.676-0300] {logging_mixin.py:188} INFO - [2024-05-06T18:58:45.676-0300] {dag.py:3096} INFO - Sync 1 DAGs
[2024-05-06T18:58:45.715-0300] {logging_mixin.py:188} INFO - [2024-05-06T18:58:45.715-0300] {dag.py:3954} INFO - Setting next_dagrun for first_dag to None, run_after=None
[2024-05-06T18:58:45.798-0300] {processor.py:183} INFO - Processing /mnt/c/Users/Tilto/Desktop/Work/Airflow/dags/first_dag.py took 0.237 seconds
[2024-05-06T18:59:21.630-0300] {processor.py:161} INFO - Started process (PID=10242) to work on /mnt/c/Users/Tilto/Desktop/Work/Airflow/dags/first_dag.py
[2024-05-06T18:59:21.631-0300] {processor.py:830} INFO - Processing file /mnt/c/Users/Tilto/Desktop/Work/Airflow/dags/first_dag.py for tasks to queue
[2024-05-06T18:59:21.633-0300] {logging_mixin.py:188} INFO - [2024-05-06T18:59:21.633-0300] {dagbag.py:540} INFO - Filling up the DagBag from /mnt/c/Users/Tilto/Desktop/Work/Airflow/dags/first_dag.py
[2024-05-06T18:59:21.650-0300] {logging_mixin.py:188} INFO - All Dag modules are ok ......
[2024-05-06T18:59:21.654-0300] {processor.py:840} INFO - DAG(s) 'first_dag' retrieved from /mnt/c/Users/Tilto/Desktop/Work/Airflow/dags/first_dag.py
[2024-05-06T18:59:21.768-0300] {logging_mixin.py:188} INFO - [2024-05-06T18:59:21.767-0300] {dag.py:3096} INFO - Sync 1 DAGs
[2024-05-06T18:59:21.790-0300] {logging_mixin.py:188} INFO - [2024-05-06T18:59:21.790-0300] {dag.py:3954} INFO - Setting next_dagrun for first_dag to None, run_after=None
[2024-05-06T18:59:23.528-0300] {processor.py:183} INFO - Processing /mnt/c/Users/Tilto/Desktop/Work/Airflow/dags/first_dag.py took 1.903 seconds
[2024-05-06T19:02:15.419-0300] {processor.py:161} INFO - Started process (PID=10964) to work on /mnt/c/Users/Tilto/Desktop/Work/Airflow/dags/first_dag.py
[2024-05-06T19:02:15.420-0300] {processor.py:830} INFO - Processing file /mnt/c/Users/Tilto/Desktop/Work/Airflow/dags/first_dag.py for tasks to queue
[2024-05-06T19:02:15.422-0300] {logging_mixin.py:188} INFO - [2024-05-06T19:02:15.421-0300] {dagbag.py:540} INFO - Filling up the DagBag from /mnt/c/Users/Tilto/Desktop/Work/Airflow/dags/first_dag.py
[2024-05-06T19:02:15.440-0300] {logging_mixin.py:188} INFO - All Dag modules are ok ......
[2024-05-06T19:02:15.442-0300] {processor.py:840} INFO - DAG(s) 'first_dag' retrieved from /mnt/c/Users/Tilto/Desktop/Work/Airflow/dags/first_dag.py
[2024-05-06T19:02:15.482-0300] {logging_mixin.py:188} INFO - [2024-05-06T19:02:15.482-0300] {dag.py:3096} INFO - Sync 1 DAGs
[2024-05-06T19:02:15.506-0300] {logging_mixin.py:188} INFO - [2024-05-06T19:02:15.505-0300] {dag.py:3954} INFO - Setting next_dagrun for first_dag to None, run_after=None
[2024-05-06T19:02:15.574-0300] {processor.py:183} INFO - Processing /mnt/c/Users/Tilto/Desktop/Work/Airflow/dags/first_dag.py took 0.160 seconds
[2024-05-06T19:02:46.626-0300] {processor.py:161} INFO - Started process (PID=11094) to work on /mnt/c/Users/Tilto/Desktop/Work/Airflow/dags/first_dag.py
[2024-05-06T19:02:46.627-0300] {processor.py:830} INFO - Processing file /mnt/c/Users/Tilto/Desktop/Work/Airflow/dags/first_dag.py for tasks to queue
[2024-05-06T19:02:46.628-0300] {logging_mixin.py:188} INFO - [2024-05-06T19:02:46.627-0300] {dagbag.py:540} INFO - Filling up the DagBag from /mnt/c/Users/Tilto/Desktop/Work/Airflow/dags/first_dag.py
[2024-05-06T19:02:46.647-0300] {logging_mixin.py:188} INFO - All Dag modules are ok ......
[2024-05-06T19:02:46.649-0300] {processor.py:840} INFO - DAG(s) 'first_dag' retrieved from /mnt/c/Users/Tilto/Desktop/Work/Airflow/dags/first_dag.py
[2024-05-06T19:02:46.689-0300] {logging_mixin.py:188} INFO - [2024-05-06T19:02:46.689-0300] {dag.py:3096} INFO - Sync 1 DAGs
[2024-05-06T19:02:46.713-0300] {logging_mixin.py:188} INFO - [2024-05-06T19:02:46.713-0300] {dag.py:3954} INFO - Setting next_dagrun for first_dag to None, run_after=None
[2024-05-06T19:02:46.861-0300] {processor.py:183} INFO - Processing /mnt/c/Users/Tilto/Desktop/Work/Airflow/dags/first_dag.py took 0.240 seconds
[2024-05-06T19:03:17.583-0300] {processor.py:161} INFO - Started process (PID=11222) to work on /mnt/c/Users/Tilto/Desktop/Work/Airflow/dags/first_dag.py
[2024-05-06T19:03:17.584-0300] {processor.py:830} INFO - Processing file /mnt/c/Users/Tilto/Desktop/Work/Airflow/dags/first_dag.py for tasks to queue
[2024-05-06T19:03:17.585-0300] {logging_mixin.py:188} INFO - [2024-05-06T19:03:17.585-0300] {dagbag.py:540} INFO - Filling up the DagBag from /mnt/c/Users/Tilto/Desktop/Work/Airflow/dags/first_dag.py
[2024-05-06T19:03:17.602-0300] {logging_mixin.py:188} INFO - All Dag modules are ok ......
[2024-05-06T19:03:17.604-0300] {processor.py:840} INFO - DAG(s) 'first_dag' retrieved from /mnt/c/Users/Tilto/Desktop/Work/Airflow/dags/first_dag.py
[2024-05-06T19:03:17.639-0300] {logging_mixin.py:188} INFO - [2024-05-06T19:03:17.639-0300] {dag.py:3096} INFO - Sync 1 DAGs
[2024-05-06T19:03:17.662-0300] {logging_mixin.py:188} INFO - [2024-05-06T19:03:17.661-0300] {dag.py:3954} INFO - Setting next_dagrun for first_dag to None, run_after=None
[2024-05-06T19:03:17.719-0300] {processor.py:183} INFO - Processing /mnt/c/Users/Tilto/Desktop/Work/Airflow/dags/first_dag.py took 0.143 seconds
[2024-05-06T19:03:48.619-0300] {processor.py:161} INFO - Started process (PID=11352) to work on /mnt/c/Users/Tilto/Desktop/Work/Airflow/dags/first_dag.py
[2024-05-06T19:03:48.620-0300] {processor.py:830} INFO - Processing file /mnt/c/Users/Tilto/Desktop/Work/Airflow/dags/first_dag.py for tasks to queue
[2024-05-06T19:03:48.621-0300] {logging_mixin.py:188} INFO - [2024-05-06T19:03:48.621-0300] {dagbag.py:540} INFO - Filling up the DagBag from /mnt/c/Users/Tilto/Desktop/Work/Airflow/dags/first_dag.py
[2024-05-06T19:03:48.635-0300] {logging_mixin.py:188} INFO - All Dag modules are ok ......
[2024-05-06T19:03:48.637-0300] {processor.py:840} INFO - DAG(s) 'first_dag' retrieved from /mnt/c/Users/Tilto/Desktop/Work/Airflow/dags/first_dag.py
[2024-05-06T19:03:48.668-0300] {logging_mixin.py:188} INFO - [2024-05-06T19:03:48.668-0300] {dag.py:3096} INFO - Sync 1 DAGs
[2024-05-06T19:03:48.688-0300] {logging_mixin.py:188} INFO - [2024-05-06T19:03:48.688-0300] {dag.py:3954} INFO - Setting next_dagrun for first_dag to None, run_after=None
[2024-05-06T19:03:48.738-0300] {processor.py:183} INFO - Processing /mnt/c/Users/Tilto/Desktop/Work/Airflow/dags/first_dag.py took 0.124 seconds
[2024-05-06T19:04:19.764-0300] {processor.py:161} INFO - Started process (PID=11484) to work on /mnt/c/Users/Tilto/Desktop/Work/Airflow/dags/first_dag.py
[2024-05-06T19:04:19.765-0300] {processor.py:830} INFO - Processing file /mnt/c/Users/Tilto/Desktop/Work/Airflow/dags/first_dag.py for tasks to queue
[2024-05-06T19:04:19.766-0300] {logging_mixin.py:188} INFO - [2024-05-06T19:04:19.766-0300] {dagbag.py:540} INFO - Filling up the DagBag from /mnt/c/Users/Tilto/Desktop/Work/Airflow/dags/first_dag.py
[2024-05-06T19:04:19.780-0300] {logging_mixin.py:188} INFO - All Dag modules are ok ......
[2024-05-06T19:04:19.782-0300] {processor.py:840} INFO - DAG(s) 'first_dag' retrieved from /mnt/c/Users/Tilto/Desktop/Work/Airflow/dags/first_dag.py
[2024-05-06T19:04:19.814-0300] {logging_mixin.py:188} INFO - [2024-05-06T19:04:19.814-0300] {dag.py:3096} INFO - Sync 1 DAGs
[2024-05-06T19:04:19.835-0300] {logging_mixin.py:188} INFO - [2024-05-06T19:04:19.835-0300] {dag.py:3954} INFO - Setting next_dagrun for first_dag to None, run_after=None
[2024-05-06T19:04:19.891-0300] {processor.py:183} INFO - Processing /mnt/c/Users/Tilto/Desktop/Work/Airflow/dags/first_dag.py took 0.132 seconds
[2024-05-06T19:04:50.873-0300] {processor.py:161} INFO - Started process (PID=11614) to work on /mnt/c/Users/Tilto/Desktop/Work/Airflow/dags/first_dag.py
[2024-05-06T19:04:50.874-0300] {processor.py:830} INFO - Processing file /mnt/c/Users/Tilto/Desktop/Work/Airflow/dags/first_dag.py for tasks to queue
[2024-05-06T19:04:50.875-0300] {logging_mixin.py:188} INFO - [2024-05-06T19:04:50.874-0300] {dagbag.py:540} INFO - Filling up the DagBag from /mnt/c/Users/Tilto/Desktop/Work/Airflow/dags/first_dag.py
[2024-05-06T19:04:50.888-0300] {logging_mixin.py:188} INFO - All Dag modules are ok ......
[2024-05-06T19:04:50.890-0300] {processor.py:840} INFO - DAG(s) 'first_dag' retrieved from /mnt/c/Users/Tilto/Desktop/Work/Airflow/dags/first_dag.py
[2024-05-06T19:04:50.920-0300] {logging_mixin.py:188} INFO - [2024-05-06T19:04:50.919-0300] {dag.py:3096} INFO - Sync 1 DAGs
[2024-05-06T19:04:50.939-0300] {logging_mixin.py:188} INFO - [2024-05-06T19:04:50.939-0300] {dag.py:3954} INFO - Setting next_dagrun for first_dag to None, run_after=None
[2024-05-06T19:04:50.988-0300] {processor.py:183} INFO - Processing /mnt/c/Users/Tilto/Desktop/Work/Airflow/dags/first_dag.py took 0.120 seconds
[2024-05-06T19:05:21.419-0300] {processor.py:161} INFO - Started process (PID=11741) to work on /mnt/c/Users/Tilto/Desktop/Work/Airflow/dags/first_dag.py
[2024-05-06T19:05:21.420-0300] {processor.py:830} INFO - Processing file /mnt/c/Users/Tilto/Desktop/Work/Airflow/dags/first_dag.py for tasks to queue
[2024-05-06T19:05:21.421-0300] {logging_mixin.py:188} INFO - [2024-05-06T19:05:21.420-0300] {dagbag.py:540} INFO - Filling up the DagBag from /mnt/c/Users/Tilto/Desktop/Work/Airflow/dags/first_dag.py
[2024-05-06T19:05:21.440-0300] {logging_mixin.py:188} INFO - All Dag modules are ok ......
[2024-05-06T19:05:21.442-0300] {processor.py:840} INFO - DAG(s) 'first_dag' retrieved from /mnt/c/Users/Tilto/Desktop/Work/Airflow/dags/first_dag.py
[2024-05-06T19:05:21.478-0300] {logging_mixin.py:188} INFO - [2024-05-06T19:05:21.478-0300] {dag.py:3096} INFO - Sync 1 DAGs
[2024-05-06T19:05:21.498-0300] {logging_mixin.py:188} INFO - [2024-05-06T19:05:21.498-0300] {dag.py:3954} INFO - Setting next_dagrun for first_dag to None, run_after=None
[2024-05-06T19:05:21.552-0300] {processor.py:183} INFO - Processing /mnt/c/Users/Tilto/Desktop/Work/Airflow/dags/first_dag.py took 0.137 seconds
[2024-05-06T19:05:51.968-0300] {processor.py:161} INFO - Started process (PID=11868) to work on /mnt/c/Users/Tilto/Desktop/Work/Airflow/dags/first_dag.py
[2024-05-06T19:05:51.969-0300] {processor.py:830} INFO - Processing file /mnt/c/Users/Tilto/Desktop/Work/Airflow/dags/first_dag.py for tasks to queue
[2024-05-06T19:05:51.970-0300] {logging_mixin.py:188} INFO - [2024-05-06T19:05:51.969-0300] {dagbag.py:540} INFO - Filling up the DagBag from /mnt/c/Users/Tilto/Desktop/Work/Airflow/dags/first_dag.py
[2024-05-06T19:05:51.987-0300] {logging_mixin.py:188} INFO - All Dag modules are ok ......
[2024-05-06T19:05:51.989-0300] {processor.py:840} INFO - DAG(s) 'first_dag' retrieved from /mnt/c/Users/Tilto/Desktop/Work/Airflow/dags/first_dag.py
[2024-05-06T19:05:52.026-0300] {logging_mixin.py:188} INFO - [2024-05-06T19:05:52.025-0300] {dag.py:3096} INFO - Sync 1 DAGs
[2024-05-06T19:05:52.047-0300] {logging_mixin.py:188} INFO - [2024-05-06T19:05:52.047-0300] {dag.py:3954} INFO - Setting next_dagrun for first_dag to None, run_after=None
[2024-05-06T19:05:52.104-0300] {processor.py:183} INFO - Processing /mnt/c/Users/Tilto/Desktop/Work/Airflow/dags/first_dag.py took 0.141 seconds
[2024-05-06T19:06:23.851-0300] {processor.py:161} INFO - Started process (PID=12001) to work on /mnt/c/Users/Tilto/Desktop/Work/Airflow/dags/first_dag.py
[2024-05-06T19:06:23.852-0300] {processor.py:830} INFO - Processing file /mnt/c/Users/Tilto/Desktop/Work/Airflow/dags/first_dag.py for tasks to queue
[2024-05-06T19:06:23.853-0300] {logging_mixin.py:188} INFO - [2024-05-06T19:06:23.852-0300] {dagbag.py:540} INFO - Filling up the DagBag from /mnt/c/Users/Tilto/Desktop/Work/Airflow/dags/first_dag.py
[2024-05-06T19:06:23.866-0300] {logging_mixin.py:188} INFO - All Dag modules are ok ......
[2024-05-06T19:06:23.868-0300] {processor.py:840} INFO - DAG(s) 'first_dag' retrieved from /mnt/c/Users/Tilto/Desktop/Work/Airflow/dags/first_dag.py
[2024-05-06T19:06:23.898-0300] {logging_mixin.py:188} INFO - [2024-05-06T19:06:23.898-0300] {dag.py:3096} INFO - Sync 1 DAGs
[2024-05-06T19:06:23.917-0300] {logging_mixin.py:188} INFO - [2024-05-06T19:06:23.917-0300] {dag.py:3954} INFO - Setting next_dagrun for first_dag to None, run_after=None
[2024-05-06T19:06:23.967-0300] {processor.py:183} INFO - Processing /mnt/c/Users/Tilto/Desktop/Work/Airflow/dags/first_dag.py took 0.122 seconds
[2024-05-06T19:07:02.150-0300] {processor.py:161} INFO - Started process (PID=12188) to work on /mnt/c/Users/Tilto/Desktop/Work/Airflow/dags/first_dag.py
[2024-05-06T19:07:02.151-0300] {processor.py:830} INFO - Processing file /mnt/c/Users/Tilto/Desktop/Work/Airflow/dags/first_dag.py for tasks to queue
[2024-05-06T19:07:02.152-0300] {logging_mixin.py:188} INFO - [2024-05-06T19:07:02.152-0300] {dagbag.py:540} INFO - Filling up the DagBag from /mnt/c/Users/Tilto/Desktop/Work/Airflow/dags/first_dag.py
[2024-05-06T19:07:02.170-0300] {logging_mixin.py:188} INFO - All Dag modules are ok ......
[2024-05-06T19:07:02.174-0300] {processor.py:840} INFO - DAG(s) 'first_dag' retrieved from /mnt/c/Users/Tilto/Desktop/Work/Airflow/dags/first_dag.py
[2024-05-06T19:07:02.185-0300] {logging_mixin.py:188} INFO - [2024-05-06T19:07:02.185-0300] {dag.py:3096} INFO - Sync 1 DAGs
[2024-05-06T19:07:02.210-0300] {logging_mixin.py:188} INFO - [2024-05-06T19:07:02.209-0300] {dag.py:3954} INFO - Setting next_dagrun for first_dag to None, run_after=None
[2024-05-06T19:07:02.325-0300] {processor.py:183} INFO - Processing /mnt/c/Users/Tilto/Desktop/Work/Airflow/dags/first_dag.py took 0.179 seconds
[2024-05-06T19:07:33.711-0300] {processor.py:161} INFO - Started process (PID=12320) to work on /mnt/c/Users/Tilto/Desktop/Work/Airflow/dags/first_dag.py
[2024-05-06T19:07:33.712-0300] {processor.py:830} INFO - Processing file /mnt/c/Users/Tilto/Desktop/Work/Airflow/dags/first_dag.py for tasks to queue
[2024-05-06T19:07:33.714-0300] {logging_mixin.py:188} INFO - [2024-05-06T19:07:33.713-0300] {dagbag.py:540} INFO - Filling up the DagBag from /mnt/c/Users/Tilto/Desktop/Work/Airflow/dags/first_dag.py
[2024-05-06T19:07:33.731-0300] {logging_mixin.py:188} INFO - All Dag modules are ok ......
[2024-05-06T19:07:33.735-0300] {processor.py:840} INFO - DAG(s) 'first_dag' retrieved from /mnt/c/Users/Tilto/Desktop/Work/Airflow/dags/first_dag.py
[2024-05-06T19:07:33.847-0300] {logging_mixin.py:188} INFO - [2024-05-06T19:07:33.847-0300] {dag.py:3096} INFO - Sync 1 DAGs
[2024-05-06T19:07:33.868-0300] {logging_mixin.py:188} INFO - [2024-05-06T19:07:33.867-0300] {dag.py:3954} INFO - Setting next_dagrun for first_dag to None, run_after=None
[2024-05-06T19:07:33.946-0300] {processor.py:183} INFO - Processing /mnt/c/Users/Tilto/Desktop/Work/Airflow/dags/first_dag.py took 0.239 seconds
[2024-05-06T19:08:04.863-0300] {processor.py:161} INFO - Started process (PID=12449) to work on /mnt/c/Users/Tilto/Desktop/Work/Airflow/dags/first_dag.py
[2024-05-06T19:08:04.865-0300] {processor.py:830} INFO - Processing file /mnt/c/Users/Tilto/Desktop/Work/Airflow/dags/first_dag.py for tasks to queue
[2024-05-06T19:08:04.866-0300] {logging_mixin.py:188} INFO - [2024-05-06T19:08:04.865-0300] {dagbag.py:540} INFO - Filling up the DagBag from /mnt/c/Users/Tilto/Desktop/Work/Airflow/dags/first_dag.py
[2024-05-06T19:08:04.887-0300] {logging_mixin.py:188} INFO - All Dag modules are ok ......
[2024-05-06T19:08:04.892-0300] {processor.py:840} INFO - DAG(s) 'first_dag' retrieved from /mnt/c/Users/Tilto/Desktop/Work/Airflow/dags/first_dag.py
[2024-05-06T19:08:04.933-0300] {logging_mixin.py:188} INFO - [2024-05-06T19:08:04.933-0300] {dag.py:3096} INFO - Sync 1 DAGs
[2024-05-06T19:08:04.960-0300] {logging_mixin.py:188} INFO - [2024-05-06T19:08:04.960-0300] {dag.py:3954} INFO - Setting next_dagrun for first_dag to None, run_after=None
[2024-05-06T19:08:05.022-0300] {processor.py:183} INFO - Processing /mnt/c/Users/Tilto/Desktop/Work/Airflow/dags/first_dag.py took 0.163 seconds
[2024-05-06T19:08:35.988-0300] {processor.py:161} INFO - Started process (PID=12585) to work on /mnt/c/Users/Tilto/Desktop/Work/Airflow/dags/first_dag.py
[2024-05-06T19:08:35.988-0300] {processor.py:830} INFO - Processing file /mnt/c/Users/Tilto/Desktop/Work/Airflow/dags/first_dag.py for tasks to queue
[2024-05-06T19:08:35.990-0300] {logging_mixin.py:188} INFO - [2024-05-06T19:08:35.989-0300] {dagbag.py:540} INFO - Filling up the DagBag from /mnt/c/Users/Tilto/Desktop/Work/Airflow/dags/first_dag.py
[2024-05-06T19:08:36.003-0300] {logging_mixin.py:188} INFO - All Dag modules are ok ......
[2024-05-06T19:08:36.007-0300] {processor.py:840} INFO - DAG(s) 'first_dag' retrieved from /mnt/c/Users/Tilto/Desktop/Work/Airflow/dags/first_dag.py
[2024-05-06T19:08:36.041-0300] {logging_mixin.py:188} INFO - [2024-05-06T19:08:36.041-0300] {dag.py:3096} INFO - Sync 1 DAGs
[2024-05-06T19:08:36.065-0300] {logging_mixin.py:188} INFO - [2024-05-06T19:08:36.065-0300] {dag.py:3954} INFO - Setting next_dagrun for first_dag to None, run_after=None
[2024-05-06T19:08:36.159-0300] {processor.py:183} INFO - Processing /mnt/c/Users/Tilto/Desktop/Work/Airflow/dags/first_dag.py took 0.175 seconds
[2024-05-06T19:12:49.300-0300] {processor.py:161} INFO - Started process (PID=13623) to work on /mnt/c/Users/Tilto/Desktop/Work/Airflow/dags/first_dag.py
[2024-05-06T19:12:49.301-0300] {processor.py:830} INFO - Processing file /mnt/c/Users/Tilto/Desktop/Work/Airflow/dags/first_dag.py for tasks to queue
[2024-05-06T19:12:49.303-0300] {logging_mixin.py:188} INFO - [2024-05-06T19:12:49.302-0300] {dagbag.py:540} INFO - Filling up the DagBag from /mnt/c/Users/Tilto/Desktop/Work/Airflow/dags/first_dag.py
[2024-05-06T19:12:49.321-0300] {logging_mixin.py:188} INFO - All Dag modules are ok ......
[2024-05-06T19:12:49.326-0300] {processor.py:840} INFO - DAG(s) 'first_dag' retrieved from /mnt/c/Users/Tilto/Desktop/Work/Airflow/dags/first_dag.py
[2024-05-06T19:12:49.338-0300] {logging_mixin.py:188} INFO - [2024-05-06T19:12:49.338-0300] {dag.py:3096} INFO - Sync 1 DAGs
[2024-05-06T19:12:49.361-0300] {logging_mixin.py:188} INFO - [2024-05-06T19:12:49.361-0300] {dag.py:3954} INFO - Setting next_dagrun for first_dag to None, run_after=None
[2024-05-06T19:12:49.427-0300] {processor.py:183} INFO - Processing /mnt/c/Users/Tilto/Desktop/Work/Airflow/dags/first_dag.py took 0.131 seconds
[2024-05-06T19:13:20.892-0300] {processor.py:161} INFO - Started process (PID=13761) to work on /mnt/c/Users/Tilto/Desktop/Work/Airflow/dags/first_dag.py
[2024-05-06T19:13:20.893-0300] {processor.py:830} INFO - Processing file /mnt/c/Users/Tilto/Desktop/Work/Airflow/dags/first_dag.py for tasks to queue
[2024-05-06T19:13:20.895-0300] {logging_mixin.py:188} INFO - [2024-05-06T19:13:20.895-0300] {dagbag.py:540} INFO - Filling up the DagBag from /mnt/c/Users/Tilto/Desktop/Work/Airflow/dags/first_dag.py
[2024-05-06T19:13:20.913-0300] {logging_mixin.py:188} INFO - All Dag modules are ok ......
[2024-05-06T19:13:20.918-0300] {processor.py:840} INFO - DAG(s) 'first_dag' retrieved from /mnt/c/Users/Tilto/Desktop/Work/Airflow/dags/first_dag.py
[2024-05-06T19:13:21.063-0300] {logging_mixin.py:188} INFO - [2024-05-06T19:13:21.063-0300] {dag.py:3096} INFO - Sync 1 DAGs
[2024-05-06T19:13:21.095-0300] {logging_mixin.py:188} INFO - [2024-05-06T19:13:21.094-0300] {dag.py:3954} INFO - Setting next_dagrun for first_dag to None, run_after=None
[2024-05-06T19:13:21.162-0300] {processor.py:183} INFO - Processing /mnt/c/Users/Tilto/Desktop/Work/Airflow/dags/first_dag.py took 0.274 seconds
[2024-05-06T19:13:51.971-0300] {processor.py:161} INFO - Started process (PID=13893) to work on /mnt/c/Users/Tilto/Desktop/Work/Airflow/dags/first_dag.py
[2024-05-06T19:13:51.972-0300] {processor.py:830} INFO - Processing file /mnt/c/Users/Tilto/Desktop/Work/Airflow/dags/first_dag.py for tasks to queue
[2024-05-06T19:13:51.974-0300] {logging_mixin.py:188} INFO - [2024-05-06T19:13:51.973-0300] {dagbag.py:540} INFO - Filling up the DagBag from /mnt/c/Users/Tilto/Desktop/Work/Airflow/dags/first_dag.py
[2024-05-06T19:13:51.987-0300] {logging_mixin.py:188} INFO - All Dag modules are ok ......
[2024-05-06T19:13:51.992-0300] {processor.py:840} INFO - DAG(s) 'first_dag' retrieved from /mnt/c/Users/Tilto/Desktop/Work/Airflow/dags/first_dag.py
[2024-05-06T19:13:52.037-0300] {logging_mixin.py:188} INFO - [2024-05-06T19:13:52.036-0300] {dag.py:3096} INFO - Sync 1 DAGs
[2024-05-06T19:13:52.065-0300] {logging_mixin.py:188} INFO - [2024-05-06T19:13:52.065-0300] {dag.py:3954} INFO - Setting next_dagrun for first_dag to None, run_after=None
[2024-05-06T19:13:52.132-0300] {processor.py:183} INFO - Processing /mnt/c/Users/Tilto/Desktop/Work/Airflow/dags/first_dag.py took 0.166 seconds
[2024-05-06T19:14:22.939-0300] {processor.py:161} INFO - Started process (PID=14022) to work on /mnt/c/Users/Tilto/Desktop/Work/Airflow/dags/first_dag.py
[2024-05-06T19:14:22.940-0300] {processor.py:830} INFO - Processing file /mnt/c/Users/Tilto/Desktop/Work/Airflow/dags/first_dag.py for tasks to queue
[2024-05-06T19:14:22.941-0300] {logging_mixin.py:188} INFO - [2024-05-06T19:14:22.941-0300] {dagbag.py:540} INFO - Filling up the DagBag from /mnt/c/Users/Tilto/Desktop/Work/Airflow/dags/first_dag.py
[2024-05-06T19:14:22.955-0300] {logging_mixin.py:188} INFO - All Dag modules are ok ......
[2024-05-06T19:14:22.959-0300] {processor.py:840} INFO - DAG(s) 'first_dag' retrieved from /mnt/c/Users/Tilto/Desktop/Work/Airflow/dags/first_dag.py
[2024-05-06T19:14:22.991-0300] {logging_mixin.py:188} INFO - [2024-05-06T19:14:22.990-0300] {dag.py:3096} INFO - Sync 1 DAGs
[2024-05-06T19:14:23.012-0300] {logging_mixin.py:188} INFO - [2024-05-06T19:14:23.012-0300] {dag.py:3954} INFO - Setting next_dagrun for first_dag to None, run_after=None
[2024-05-06T19:14:23.064-0300] {processor.py:183} INFO - Processing /mnt/c/Users/Tilto/Desktop/Work/Airflow/dags/first_dag.py took 0.129 seconds
[2024-05-06T19:14:54.098-0300] {processor.py:161} INFO - Started process (PID=14152) to work on /mnt/c/Users/Tilto/Desktop/Work/Airflow/dags/first_dag.py
[2024-05-06T19:14:54.099-0300] {processor.py:830} INFO - Processing file /mnt/c/Users/Tilto/Desktop/Work/Airflow/dags/first_dag.py for tasks to queue
[2024-05-06T19:14:54.101-0300] {logging_mixin.py:188} INFO - [2024-05-06T19:14:54.100-0300] {dagbag.py:540} INFO - Filling up the DagBag from /mnt/c/Users/Tilto/Desktop/Work/Airflow/dags/first_dag.py
[2024-05-06T19:14:54.113-0300] {logging_mixin.py:188} INFO - All Dag modules are ok ......
[2024-05-06T19:14:54.117-0300] {processor.py:840} INFO - DAG(s) 'first_dag' retrieved from /mnt/c/Users/Tilto/Desktop/Work/Airflow/dags/first_dag.py
[2024-05-06T19:14:54.147-0300] {logging_mixin.py:188} INFO - [2024-05-06T19:14:54.146-0300] {dag.py:3096} INFO - Sync 1 DAGs
[2024-05-06T19:14:54.168-0300] {logging_mixin.py:188} INFO - [2024-05-06T19:14:54.168-0300] {dag.py:3954} INFO - Setting next_dagrun for first_dag to None, run_after=None
[2024-05-06T19:14:54.218-0300] {processor.py:183} INFO - Processing /mnt/c/Users/Tilto/Desktop/Work/Airflow/dags/first_dag.py took 0.124 seconds
[2024-05-06T19:15:24.611-0300] {processor.py:161} INFO - Started process (PID=14279) to work on /mnt/c/Users/Tilto/Desktop/Work/Airflow/dags/first_dag.py
[2024-05-06T19:15:24.612-0300] {processor.py:830} INFO - Processing file /mnt/c/Users/Tilto/Desktop/Work/Airflow/dags/first_dag.py for tasks to queue
[2024-05-06T19:15:24.614-0300] {logging_mixin.py:188} INFO - [2024-05-06T19:15:24.614-0300] {dagbag.py:540} INFO - Filling up the DagBag from /mnt/c/Users/Tilto/Desktop/Work/Airflow/dags/first_dag.py
[2024-05-06T19:15:24.629-0300] {logging_mixin.py:188} INFO - All Dag modules are ok ......
[2024-05-06T19:15:24.633-0300] {processor.py:840} INFO - DAG(s) 'first_dag' retrieved from /mnt/c/Users/Tilto/Desktop/Work/Airflow/dags/first_dag.py
[2024-05-06T19:15:24.663-0300] {logging_mixin.py:188} INFO - [2024-05-06T19:15:24.662-0300] {dag.py:3096} INFO - Sync 1 DAGs
[2024-05-06T19:15:24.684-0300] {logging_mixin.py:188} INFO - [2024-05-06T19:15:24.683-0300] {dag.py:3954} INFO - Setting next_dagrun for first_dag to None, run_after=None
[2024-05-06T19:15:24.736-0300] {processor.py:183} INFO - Processing /mnt/c/Users/Tilto/Desktop/Work/Airflow/dags/first_dag.py took 0.128 seconds
[2024-05-06T19:15:55.352-0300] {processor.py:161} INFO - Started process (PID=14410) to work on /mnt/c/Users/Tilto/Desktop/Work/Airflow/dags/first_dag.py
[2024-05-06T19:15:55.353-0300] {processor.py:830} INFO - Processing file /mnt/c/Users/Tilto/Desktop/Work/Airflow/dags/first_dag.py for tasks to queue
[2024-05-06T19:15:55.355-0300] {logging_mixin.py:188} INFO - [2024-05-06T19:15:55.355-0300] {dagbag.py:540} INFO - Filling up the DagBag from /mnt/c/Users/Tilto/Desktop/Work/Airflow/dags/first_dag.py
[2024-05-06T19:15:55.374-0300] {logging_mixin.py:188} INFO - All Dag modules are ok ......
[2024-05-06T19:15:55.379-0300] {processor.py:840} INFO - DAG(s) 'first_dag' retrieved from /mnt/c/Users/Tilto/Desktop/Work/Airflow/dags/first_dag.py
[2024-05-06T19:15:55.418-0300] {logging_mixin.py:188} INFO - [2024-05-06T19:15:55.418-0300] {dag.py:3096} INFO - Sync 1 DAGs
[2024-05-06T19:15:55.445-0300] {logging_mixin.py:188} INFO - [2024-05-06T19:15:55.445-0300] {dag.py:3954} INFO - Setting next_dagrun for first_dag to None, run_after=None
[2024-05-06T19:15:55.508-0300] {processor.py:183} INFO - Processing /mnt/c/Users/Tilto/Desktop/Work/Airflow/dags/first_dag.py took 0.162 seconds
[2024-05-06T19:16:27.223-0300] {processor.py:161} INFO - Started process (PID=14542) to work on /mnt/c/Users/Tilto/Desktop/Work/Airflow/dags/first_dag.py
[2024-05-06T19:16:27.224-0300] {processor.py:830} INFO - Processing file /mnt/c/Users/Tilto/Desktop/Work/Airflow/dags/first_dag.py for tasks to queue
[2024-05-06T19:16:27.227-0300] {logging_mixin.py:188} INFO - [2024-05-06T19:16:27.226-0300] {dagbag.py:540} INFO - Filling up the DagBag from /mnt/c/Users/Tilto/Desktop/Work/Airflow/dags/first_dag.py
[2024-05-06T19:16:27.241-0300] {logging_mixin.py:188} INFO - All Dag modules are ok ......
[2024-05-06T19:16:27.246-0300] {processor.py:840} INFO - DAG(s) 'first_dag' retrieved from /mnt/c/Users/Tilto/Desktop/Work/Airflow/dags/first_dag.py
[2024-05-06T19:16:27.278-0300] {logging_mixin.py:188} INFO - [2024-05-06T19:16:27.277-0300] {dag.py:3096} INFO - Sync 1 DAGs
[2024-05-06T19:16:27.300-0300] {logging_mixin.py:188} INFO - [2024-05-06T19:16:27.300-0300] {dag.py:3954} INFO - Setting next_dagrun for first_dag to None, run_after=None
[2024-05-06T19:16:27.356-0300] {processor.py:183} INFO - Processing /mnt/c/Users/Tilto/Desktop/Work/Airflow/dags/first_dag.py took 0.137 seconds
[2024-05-06T19:18:58.945-0300] {processor.py:161} INFO - Started process (PID=15168) to work on /mnt/c/Users/Tilto/Desktop/Work/Airflow/dags/first_dag.py
[2024-05-06T19:18:58.947-0300] {processor.py:830} INFO - Processing file /mnt/c/Users/Tilto/Desktop/Work/Airflow/dags/first_dag.py for tasks to queue
[2024-05-06T19:18:58.950-0300] {logging_mixin.py:188} INFO - [2024-05-06T19:18:58.949-0300] {dagbag.py:540} INFO - Filling up the DagBag from /mnt/c/Users/Tilto/Desktop/Work/Airflow/dags/first_dag.py
[2024-05-06T19:18:58.977-0300] {logging_mixin.py:188} INFO - All Dag modules are ok ......
[2024-05-06T19:18:58.980-0300] {processor.py:840} INFO - DAG(s) 'first_dag' retrieved from /mnt/c/Users/Tilto/Desktop/Work/Airflow/dags/first_dag.py
[2024-05-06T19:18:59.049-0300] {logging_mixin.py:188} INFO - [2024-05-06T19:18:59.049-0300] {dag.py:3096} INFO - Sync 1 DAGs
[2024-05-06T19:18:59.090-0300] {logging_mixin.py:188} INFO - [2024-05-06T19:18:59.090-0300] {dag.py:3954} INFO - Setting next_dagrun for first_dag to None, run_after=None
[2024-05-06T19:18:59.176-0300] {processor.py:183} INFO - Processing /mnt/c/Users/Tilto/Desktop/Work/Airflow/dags/first_dag.py took 0.247 seconds
[2024-05-06T19:19:31.327-0300] {processor.py:161} INFO - Started process (PID=15304) to work on /mnt/c/Users/Tilto/Desktop/Work/Airflow/dags/first_dag.py
[2024-05-06T19:19:31.328-0300] {processor.py:830} INFO - Processing file /mnt/c/Users/Tilto/Desktop/Work/Airflow/dags/first_dag.py for tasks to queue
[2024-05-06T19:19:31.329-0300] {logging_mixin.py:188} INFO - [2024-05-06T19:19:31.329-0300] {dagbag.py:540} INFO - Filling up the DagBag from /mnt/c/Users/Tilto/Desktop/Work/Airflow/dags/first_dag.py
[2024-05-06T19:19:31.346-0300] {logging_mixin.py:188} INFO - All Dag modules are ok ......
[2024-05-06T19:19:31.348-0300] {processor.py:840} INFO - DAG(s) 'first_dag' retrieved from /mnt/c/Users/Tilto/Desktop/Work/Airflow/dags/first_dag.py
[2024-05-06T19:19:31.383-0300] {logging_mixin.py:188} INFO - [2024-05-06T19:19:31.383-0300] {dag.py:3096} INFO - Sync 1 DAGs
[2024-05-06T19:19:31.405-0300] {logging_mixin.py:188} INFO - [2024-05-06T19:19:31.405-0300] {dag.py:3954} INFO - Setting next_dagrun for first_dag to None, run_after=None
[2024-05-06T19:19:31.467-0300] {processor.py:183} INFO - Processing /mnt/c/Users/Tilto/Desktop/Work/Airflow/dags/first_dag.py took 0.144 seconds
[2024-05-06T19:20:42.594-0300] {processor.py:161} INFO - Started process (PID=15875) to work on /mnt/c/Users/Tilto/Desktop/Work/Airflow/dags/first_dag.py
[2024-05-06T19:20:42.595-0300] {processor.py:830} INFO - Processing file /mnt/c/Users/Tilto/Desktop/Work/Airflow/dags/first_dag.py for tasks to queue
[2024-05-06T19:20:42.596-0300] {logging_mixin.py:188} INFO - [2024-05-06T19:20:42.596-0300] {dagbag.py:540} INFO - Filling up the DagBag from /mnt/c/Users/Tilto/Desktop/Work/Airflow/dags/first_dag.py
[2024-05-06T19:20:42.611-0300] {logging_mixin.py:188} INFO - All Dag modules are ok ......
[2024-05-06T19:20:42.615-0300] {processor.py:840} INFO - DAG(s) 'first_dag' retrieved from /mnt/c/Users/Tilto/Desktop/Work/Airflow/dags/first_dag.py
[2024-05-06T19:20:42.628-0300] {logging_mixin.py:188} INFO - [2024-05-06T19:20:42.627-0300] {dag.py:3096} INFO - Sync 1 DAGs
[2024-05-06T19:20:42.652-0300] {logging_mixin.py:188} INFO - [2024-05-06T19:20:42.652-0300] {dag.py:3954} INFO - Setting next_dagrun for first_dag to None, run_after=None
[2024-05-06T19:20:42.714-0300] {processor.py:183} INFO - Processing /mnt/c/Users/Tilto/Desktop/Work/Airflow/dags/first_dag.py took 0.124 seconds
[2024-05-06T19:21:14.316-0300] {processor.py:161} INFO - Started process (PID=16007) to work on /mnt/c/Users/Tilto/Desktop/Work/Airflow/dags/first_dag.py
[2024-05-06T19:21:14.317-0300] {processor.py:830} INFO - Processing file /mnt/c/Users/Tilto/Desktop/Work/Airflow/dags/first_dag.py for tasks to queue
[2024-05-06T19:21:14.318-0300] {logging_mixin.py:188} INFO - [2024-05-06T19:21:14.318-0300] {dagbag.py:540} INFO - Filling up the DagBag from /mnt/c/Users/Tilto/Desktop/Work/Airflow/dags/first_dag.py
[2024-05-06T19:21:14.336-0300] {logging_mixin.py:188} INFO - All Dag modules are ok ......
[2024-05-06T19:21:14.340-0300] {processor.py:840} INFO - DAG(s) 'first_dag' retrieved from /mnt/c/Users/Tilto/Desktop/Work/Airflow/dags/first_dag.py
[2024-05-06T19:21:14.466-0300] {logging_mixin.py:188} INFO - [2024-05-06T19:21:14.466-0300] {dag.py:3096} INFO - Sync 1 DAGs
[2024-05-06T19:21:14.488-0300] {logging_mixin.py:188} INFO - [2024-05-06T19:21:14.488-0300] {dag.py:3954} INFO - Setting next_dagrun for first_dag to None, run_after=None
[2024-05-06T19:21:14.552-0300] {processor.py:183} INFO - Processing /mnt/c/Users/Tilto/Desktop/Work/Airflow/dags/first_dag.py took 0.242 seconds
[2024-05-06T19:21:45.491-0300] {processor.py:161} INFO - Started process (PID=16137) to work on /mnt/c/Users/Tilto/Desktop/Work/Airflow/dags/first_dag.py
[2024-05-06T19:21:45.492-0300] {processor.py:830} INFO - Processing file /mnt/c/Users/Tilto/Desktop/Work/Airflow/dags/first_dag.py for tasks to queue
[2024-05-06T19:21:45.493-0300] {logging_mixin.py:188} INFO - [2024-05-06T19:21:45.493-0300] {dagbag.py:540} INFO - Filling up the DagBag from /mnt/c/Users/Tilto/Desktop/Work/Airflow/dags/first_dag.py
[2024-05-06T19:21:45.510-0300] {logging_mixin.py:188} INFO - All Dag modules are ok ......
[2024-05-06T19:21:45.514-0300] {processor.py:840} INFO - DAG(s) 'first_dag' retrieved from /mnt/c/Users/Tilto/Desktop/Work/Airflow/dags/first_dag.py
[2024-05-06T19:21:45.551-0300] {logging_mixin.py:188} INFO - [2024-05-06T19:21:45.550-0300] {dag.py:3096} INFO - Sync 1 DAGs
[2024-05-06T19:21:45.576-0300] {logging_mixin.py:188} INFO - [2024-05-06T19:21:45.575-0300] {dag.py:3954} INFO - Setting next_dagrun for first_dag to None, run_after=None
[2024-05-06T19:21:45.635-0300] {processor.py:183} INFO - Processing /mnt/c/Users/Tilto/Desktop/Work/Airflow/dags/first_dag.py took 0.149 seconds
[2024-05-06T19:22:16.710-0300] {processor.py:161} INFO - Started process (PID=16267) to work on /mnt/c/Users/Tilto/Desktop/Work/Airflow/dags/first_dag.py
[2024-05-06T19:22:16.711-0300] {processor.py:830} INFO - Processing file /mnt/c/Users/Tilto/Desktop/Work/Airflow/dags/first_dag.py for tasks to queue
[2024-05-06T19:22:16.713-0300] {logging_mixin.py:188} INFO - [2024-05-06T19:22:16.713-0300] {dagbag.py:540} INFO - Filling up the DagBag from /mnt/c/Users/Tilto/Desktop/Work/Airflow/dags/first_dag.py
[2024-05-06T19:22:16.729-0300] {logging_mixin.py:188} INFO - All Dag modules are ok ......
[2024-05-06T19:22:16.733-0300] {processor.py:840} INFO - DAG(s) 'first_dag' retrieved from /mnt/c/Users/Tilto/Desktop/Work/Airflow/dags/first_dag.py
[2024-05-06T19:22:16.767-0300] {logging_mixin.py:188} INFO - [2024-05-06T19:22:16.767-0300] {dag.py:3096} INFO - Sync 1 DAGs
[2024-05-06T19:22:16.791-0300] {logging_mixin.py:188} INFO - [2024-05-06T19:22:16.791-0300] {dag.py:3954} INFO - Setting next_dagrun for first_dag to None, run_after=None
[2024-05-06T19:22:16.859-0300] {processor.py:183} INFO - Processing /mnt/c/Users/Tilto/Desktop/Work/Airflow/dags/first_dag.py took 0.153 seconds
[2024-05-06T19:22:47.691-0300] {processor.py:161} INFO - Started process (PID=16396) to work on /mnt/c/Users/Tilto/Desktop/Work/Airflow/dags/first_dag.py
[2024-05-06T19:22:47.692-0300] {processor.py:830} INFO - Processing file /mnt/c/Users/Tilto/Desktop/Work/Airflow/dags/first_dag.py for tasks to queue
[2024-05-06T19:22:47.693-0300] {logging_mixin.py:188} INFO - [2024-05-06T19:22:47.693-0300] {dagbag.py:540} INFO - Filling up the DagBag from /mnt/c/Users/Tilto/Desktop/Work/Airflow/dags/first_dag.py
[2024-05-06T19:22:47.710-0300] {logging_mixin.py:188} INFO - All Dag modules are ok ......
[2024-05-06T19:22:47.714-0300] {processor.py:840} INFO - DAG(s) 'first_dag' retrieved from /mnt/c/Users/Tilto/Desktop/Work/Airflow/dags/first_dag.py
[2024-05-06T19:22:47.747-0300] {logging_mixin.py:188} INFO - [2024-05-06T19:22:47.747-0300] {dag.py:3096} INFO - Sync 1 DAGs
[2024-05-06T19:22:47.770-0300] {logging_mixin.py:188} INFO - [2024-05-06T19:22:47.769-0300] {dag.py:3954} INFO - Setting next_dagrun for first_dag to None, run_after=None
[2024-05-06T19:22:47.827-0300] {processor.py:183} INFO - Processing /mnt/c/Users/Tilto/Desktop/Work/Airflow/dags/first_dag.py took 0.140 seconds
[2024-05-06T19:23:18.243-0300] {processor.py:161} INFO - Started process (PID=16524) to work on /mnt/c/Users/Tilto/Desktop/Work/Airflow/dags/first_dag.py
[2024-05-06T19:23:18.244-0300] {processor.py:830} INFO - Processing file /mnt/c/Users/Tilto/Desktop/Work/Airflow/dags/first_dag.py for tasks to queue
[2024-05-06T19:23:18.245-0300] {logging_mixin.py:188} INFO - [2024-05-06T19:23:18.245-0300] {dagbag.py:540} INFO - Filling up the DagBag from /mnt/c/Users/Tilto/Desktop/Work/Airflow/dags/first_dag.py
[2024-05-06T19:23:18.262-0300] {logging_mixin.py:188} INFO - All Dag modules are ok ......
[2024-05-06T19:23:18.267-0300] {processor.py:840} INFO - DAG(s) 'first_dag' retrieved from /mnt/c/Users/Tilto/Desktop/Work/Airflow/dags/first_dag.py
[2024-05-06T19:23:18.302-0300] {logging_mixin.py:188} INFO - [2024-05-06T19:23:18.302-0300] {dag.py:3096} INFO - Sync 1 DAGs
[2024-05-06T19:23:18.401-0300] {logging_mixin.py:188} INFO - [2024-05-06T19:23:18.401-0300] {dag.py:3954} INFO - Setting next_dagrun for first_dag to None, run_after=None
[2024-05-06T19:23:18.668-0300] {processor.py:183} INFO - Processing /mnt/c/Users/Tilto/Desktop/Work/Airflow/dags/first_dag.py took 0.430 seconds
[2024-05-06T19:23:50.705-0300] {processor.py:161} INFO - Started process (PID=16658) to work on /mnt/c/Users/Tilto/Desktop/Work/Airflow/dags/first_dag.py
[2024-05-06T19:23:50.706-0300] {processor.py:830} INFO - Processing file /mnt/c/Users/Tilto/Desktop/Work/Airflow/dags/first_dag.py for tasks to queue
[2024-05-06T19:23:50.708-0300] {logging_mixin.py:188} INFO - [2024-05-06T19:23:50.708-0300] {dagbag.py:540} INFO - Filling up the DagBag from /mnt/c/Users/Tilto/Desktop/Work/Airflow/dags/first_dag.py
[2024-05-06T19:23:50.724-0300] {logging_mixin.py:188} INFO - All Dag modules are ok ......
[2024-05-06T19:23:50.728-0300] {processor.py:840} INFO - DAG(s) 'first_dag' retrieved from /mnt/c/Users/Tilto/Desktop/Work/Airflow/dags/first_dag.py
[2024-05-06T19:23:50.763-0300] {logging_mixin.py:188} INFO - [2024-05-06T19:23:50.763-0300] {dag.py:3096} INFO - Sync 1 DAGs
[2024-05-06T19:23:50.789-0300] {logging_mixin.py:188} INFO - [2024-05-06T19:23:50.789-0300] {dag.py:3954} INFO - Setting next_dagrun for first_dag to None, run_after=None
[2024-05-06T19:23:51.289-0300] {processor.py:183} INFO - Processing /mnt/c/Users/Tilto/Desktop/Work/Airflow/dags/first_dag.py took 0.588 seconds
[2024-05-06T19:24:21.785-0300] {processor.py:161} INFO - Started process (PID=16788) to work on /mnt/c/Users/Tilto/Desktop/Work/Airflow/dags/first_dag.py
[2024-05-06T19:24:21.787-0300] {processor.py:830} INFO - Processing file /mnt/c/Users/Tilto/Desktop/Work/Airflow/dags/first_dag.py for tasks to queue
[2024-05-06T19:24:21.789-0300] {logging_mixin.py:188} INFO - [2024-05-06T19:24:21.788-0300] {dagbag.py:540} INFO - Filling up the DagBag from /mnt/c/Users/Tilto/Desktop/Work/Airflow/dags/first_dag.py
[2024-05-06T19:24:21.810-0300] {logging_mixin.py:188} INFO - All Dag modules are ok ......
[2024-05-06T19:24:21.815-0300] {processor.py:840} INFO - DAG(s) 'first_dag' retrieved from /mnt/c/Users/Tilto/Desktop/Work/Airflow/dags/first_dag.py
[2024-05-06T19:24:21.858-0300] {logging_mixin.py:188} INFO - [2024-05-06T19:24:21.858-0300] {dag.py:3096} INFO - Sync 1 DAGs
[2024-05-06T19:24:21.885-0300] {logging_mixin.py:188} INFO - [2024-05-06T19:24:21.885-0300] {dag.py:3954} INFO - Setting next_dagrun for first_dag to None, run_after=None
[2024-05-06T19:24:21.949-0300] {processor.py:183} INFO - Processing /mnt/c/Users/Tilto/Desktop/Work/Airflow/dags/first_dag.py took 0.169 seconds
[2024-05-06T19:24:52.924-0300] {processor.py:161} INFO - Started process (PID=16917) to work on /mnt/c/Users/Tilto/Desktop/Work/Airflow/dags/first_dag.py
[2024-05-06T19:24:52.924-0300] {processor.py:830} INFO - Processing file /mnt/c/Users/Tilto/Desktop/Work/Airflow/dags/first_dag.py for tasks to queue
[2024-05-06T19:24:52.926-0300] {logging_mixin.py:188} INFO - [2024-05-06T19:24:52.926-0300] {dagbag.py:540} INFO - Filling up the DagBag from /mnt/c/Users/Tilto/Desktop/Work/Airflow/dags/first_dag.py
[2024-05-06T19:24:52.943-0300] {logging_mixin.py:188} INFO - All Dag modules are ok ......
[2024-05-06T19:24:52.947-0300] {processor.py:840} INFO - DAG(s) 'first_dag' retrieved from /mnt/c/Users/Tilto/Desktop/Work/Airflow/dags/first_dag.py
[2024-05-06T19:24:52.980-0300] {logging_mixin.py:188} INFO - [2024-05-06T19:24:52.979-0300] {dag.py:3096} INFO - Sync 1 DAGs
[2024-05-06T19:24:53.002-0300] {logging_mixin.py:188} INFO - [2024-05-06T19:24:53.002-0300] {dag.py:3954} INFO - Setting next_dagrun for first_dag to None, run_after=None
[2024-05-06T19:24:53.062-0300] {processor.py:183} INFO - Processing /mnt/c/Users/Tilto/Desktop/Work/Airflow/dags/first_dag.py took 0.143 seconds
[2024-05-06T19:25:51.160-0300] {processor.py:161} INFO - Started process (PID=17180) to work on /mnt/c/Users/Tilto/Desktop/Work/Airflow/dags/first_dag.py
[2024-05-06T19:25:51.161-0300] {processor.py:830} INFO - Processing file /mnt/c/Users/Tilto/Desktop/Work/Airflow/dags/first_dag.py for tasks to queue
[2024-05-06T19:25:51.163-0300] {logging_mixin.py:188} INFO - [2024-05-06T19:25:51.163-0300] {dagbag.py:540} INFO - Filling up the DagBag from /mnt/c/Users/Tilto/Desktop/Work/Airflow/dags/first_dag.py
[2024-05-06T19:25:51.181-0300] {logging_mixin.py:188} INFO - All Dag modules are ok ......
[2024-05-06T19:25:51.185-0300] {processor.py:840} INFO - DAG(s) 'first_dag' retrieved from /mnt/c/Users/Tilto/Desktop/Work/Airflow/dags/first_dag.py
[2024-05-06T19:25:51.199-0300] {logging_mixin.py:188} INFO - [2024-05-06T19:25:51.198-0300] {dag.py:3096} INFO - Sync 1 DAGs
[2024-05-06T19:25:51.223-0300] {logging_mixin.py:188} INFO - [2024-05-06T19:25:51.223-0300] {dag.py:3954} INFO - Setting next_dagrun for first_dag to None, run_after=None
[2024-05-06T19:25:51.289-0300] {processor.py:183} INFO - Processing /mnt/c/Users/Tilto/Desktop/Work/Airflow/dags/first_dag.py took 0.134 seconds
[2024-05-06T19:26:22.769-0300] {processor.py:161} INFO - Started process (PID=17317) to work on /mnt/c/Users/Tilto/Desktop/Work/Airflow/dags/first_dag.py
[2024-05-06T19:26:22.770-0300] {processor.py:830} INFO - Processing file /mnt/c/Users/Tilto/Desktop/Work/Airflow/dags/first_dag.py for tasks to queue
[2024-05-06T19:26:22.771-0300] {logging_mixin.py:188} INFO - [2024-05-06T19:26:22.771-0300] {dagbag.py:540} INFO - Filling up the DagBag from /mnt/c/Users/Tilto/Desktop/Work/Airflow/dags/first_dag.py
[2024-05-06T19:26:22.790-0300] {logging_mixin.py:188} INFO - All Dag modules are ok ......
[2024-05-06T19:26:22.794-0300] {processor.py:840} INFO - DAG(s) 'first_dag' retrieved from /mnt/c/Users/Tilto/Desktop/Work/Airflow/dags/first_dag.py
[2024-05-06T19:26:22.931-0300] {logging_mixin.py:188} INFO - [2024-05-06T19:26:22.930-0300] {dag.py:3096} INFO - Sync 1 DAGs
[2024-05-06T19:26:22.963-0300] {logging_mixin.py:188} INFO - [2024-05-06T19:26:22.962-0300] {dag.py:3954} INFO - Setting next_dagrun for first_dag to None, run_after=None
[2024-05-06T19:26:23.138-0300] {processor.py:183} INFO - Processing /mnt/c/Users/Tilto/Desktop/Work/Airflow/dags/first_dag.py took 0.373 seconds
