[2024-05-06T18:23:16.755-0300] {processor.py:161} INFO - Started process (PID=956) to work on /mnt/c/Users/Tilto/Desktop/Work/Airflow/dags/hook_dag.py
[2024-05-06T18:23:16.757-0300] {processor.py:830} INFO - Processing file /mnt/c/Users/Tilto/Desktop/Work/Airflow/dags/hook_dag.py for tasks to queue
[2024-05-06T18:23:16.758-0300] {logging_mixin.py:188} INFO - [2024-05-06T18:23:16.758-0300] {dagbag.py:540} INFO - Filling up the DagBag from /mnt/c/Users/Tilto/Desktop/Work/Airflow/dags/hook_dag.py
[2024-05-06T18:23:16.792-0300] {processor.py:840} INFO - DAG(s) 'Hook_dag' retrieved from /mnt/c/Users/Tilto/Desktop/Work/Airflow/dags/hook_dag.py
[2024-05-06T18:23:16.811-0300] {logging_mixin.py:188} INFO - [2024-05-06T18:23:16.811-0300] {dag.py:3096} INFO - Sync 1 DAGs
[2024-05-06T18:23:16.826-0300] {logging_mixin.py:188} INFO - [2024-05-06T18:23:16.826-0300] {dag.py:3954} INFO - Setting next_dagrun for Hook_dag to None, run_after=None
[2024-05-06T18:23:16.911-0300] {processor.py:183} INFO - Processing /mnt/c/Users/Tilto/Desktop/Work/Airflow/dags/hook_dag.py took 0.162 seconds
[2024-05-06T18:23:47.308-0300] {processor.py:161} INFO - Started process (PID=1114) to work on /mnt/c/Users/Tilto/Desktop/Work/Airflow/dags/hook_dag.py
[2024-05-06T18:23:47.309-0300] {processor.py:830} INFO - Processing file /mnt/c/Users/Tilto/Desktop/Work/Airflow/dags/hook_dag.py for tasks to queue
[2024-05-06T18:23:47.311-0300] {logging_mixin.py:188} INFO - [2024-05-06T18:23:47.311-0300] {dagbag.py:540} INFO - Filling up the DagBag from /mnt/c/Users/Tilto/Desktop/Work/Airflow/dags/hook_dag.py
[2024-05-06T18:23:47.338-0300] {processor.py:840} INFO - DAG(s) 'Hook_dag' retrieved from /mnt/c/Users/Tilto/Desktop/Work/Airflow/dags/hook_dag.py
[2024-05-06T18:23:47.447-0300] {logging_mixin.py:188} INFO - [2024-05-06T18:23:47.447-0300] {dag.py:3096} INFO - Sync 1 DAGs
[2024-05-06T18:23:47.460-0300] {logging_mixin.py:188} INFO - [2024-05-06T18:23:47.459-0300] {dag.py:3954} INFO - Setting next_dagrun for Hook_dag to None, run_after=None
[2024-05-06T18:23:47.527-0300] {processor.py:183} INFO - Processing /mnt/c/Users/Tilto/Desktop/Work/Airflow/dags/hook_dag.py took 0.226 seconds
[2024-05-06T18:24:18.673-0300] {processor.py:161} INFO - Started process (PID=1250) to work on /mnt/c/Users/Tilto/Desktop/Work/Airflow/dags/hook_dag.py
[2024-05-06T18:24:18.674-0300] {processor.py:830} INFO - Processing file /mnt/c/Users/Tilto/Desktop/Work/Airflow/dags/hook_dag.py for tasks to queue
[2024-05-06T18:24:18.675-0300] {logging_mixin.py:188} INFO - [2024-05-06T18:24:18.675-0300] {dagbag.py:540} INFO - Filling up the DagBag from /mnt/c/Users/Tilto/Desktop/Work/Airflow/dags/hook_dag.py
[2024-05-06T18:24:18.695-0300] {processor.py:840} INFO - DAG(s) 'Hook_dag' retrieved from /mnt/c/Users/Tilto/Desktop/Work/Airflow/dags/hook_dag.py
[2024-05-06T18:24:18.719-0300] {logging_mixin.py:188} INFO - [2024-05-06T18:24:18.719-0300] {dag.py:3096} INFO - Sync 1 DAGs
[2024-05-06T18:24:18.732-0300] {logging_mixin.py:188} INFO - [2024-05-06T18:24:18.732-0300] {dag.py:3954} INFO - Setting next_dagrun for Hook_dag to None, run_after=None
[2024-05-06T18:24:18.789-0300] {processor.py:183} INFO - Processing /mnt/c/Users/Tilto/Desktop/Work/Airflow/dags/hook_dag.py took 0.121 seconds
[2024-05-06T18:24:49.540-0300] {processor.py:161} INFO - Started process (PID=1379) to work on /mnt/c/Users/Tilto/Desktop/Work/Airflow/dags/hook_dag.py
[2024-05-06T18:24:49.541-0300] {processor.py:830} INFO - Processing file /mnt/c/Users/Tilto/Desktop/Work/Airflow/dags/hook_dag.py for tasks to queue
[2024-05-06T18:24:49.542-0300] {logging_mixin.py:188} INFO - [2024-05-06T18:24:49.542-0300] {dagbag.py:540} INFO - Filling up the DagBag from /mnt/c/Users/Tilto/Desktop/Work/Airflow/dags/hook_dag.py
[2024-05-06T18:24:49.562-0300] {processor.py:840} INFO - DAG(s) 'Hook_dag' retrieved from /mnt/c/Users/Tilto/Desktop/Work/Airflow/dags/hook_dag.py
[2024-05-06T18:24:49.588-0300] {logging_mixin.py:188} INFO - [2024-05-06T18:24:49.588-0300] {dag.py:3096} INFO - Sync 1 DAGs
[2024-05-06T18:24:49.602-0300] {logging_mixin.py:188} INFO - [2024-05-06T18:24:49.602-0300] {dag.py:3954} INFO - Setting next_dagrun for Hook_dag to None, run_after=None
[2024-05-06T18:24:49.662-0300] {processor.py:183} INFO - Processing /mnt/c/Users/Tilto/Desktop/Work/Airflow/dags/hook_dag.py took 0.126 seconds
[2024-05-06T18:25:20.696-0300] {processor.py:161} INFO - Started process (PID=1512) to work on /mnt/c/Users/Tilto/Desktop/Work/Airflow/dags/hook_dag.py
[2024-05-06T18:25:20.697-0300] {processor.py:830} INFO - Processing file /mnt/c/Users/Tilto/Desktop/Work/Airflow/dags/hook_dag.py for tasks to queue
[2024-05-06T18:25:20.699-0300] {logging_mixin.py:188} INFO - [2024-05-06T18:25:20.698-0300] {dagbag.py:540} INFO - Filling up the DagBag from /mnt/c/Users/Tilto/Desktop/Work/Airflow/dags/hook_dag.py
[2024-05-06T18:25:20.724-0300] {processor.py:840} INFO - DAG(s) 'Hook_dag' retrieved from /mnt/c/Users/Tilto/Desktop/Work/Airflow/dags/hook_dag.py
[2024-05-06T18:25:20.792-0300] {logging_mixin.py:188} INFO - [2024-05-06T18:25:20.792-0300] {dag.py:3096} INFO - Sync 1 DAGs
[2024-05-06T18:25:20.820-0300] {logging_mixin.py:188} INFO - [2024-05-06T18:25:20.820-0300] {dag.py:3954} INFO - Setting next_dagrun for Hook_dag to None, run_after=None
[2024-05-06T18:25:20.897-0300] {processor.py:183} INFO - Processing /mnt/c/Users/Tilto/Desktop/Work/Airflow/dags/hook_dag.py took 0.208 seconds
[2024-05-06T18:25:51.565-0300] {processor.py:161} INFO - Started process (PID=1640) to work on /mnt/c/Users/Tilto/Desktop/Work/Airflow/dags/hook_dag.py
[2024-05-06T18:25:51.567-0300] {processor.py:830} INFO - Processing file /mnt/c/Users/Tilto/Desktop/Work/Airflow/dags/hook_dag.py for tasks to queue
[2024-05-06T18:25:51.573-0300] {logging_mixin.py:188} INFO - [2024-05-06T18:25:51.572-0300] {dagbag.py:540} INFO - Filling up the DagBag from /mnt/c/Users/Tilto/Desktop/Work/Airflow/dags/hook_dag.py
[2024-05-06T18:25:51.624-0300] {processor.py:840} INFO - DAG(s) 'Hook_dag' retrieved from /mnt/c/Users/Tilto/Desktop/Work/Airflow/dags/hook_dag.py
[2024-05-06T18:25:51.659-0300] {logging_mixin.py:188} INFO - [2024-05-06T18:25:51.658-0300] {dag.py:3096} INFO - Sync 1 DAGs
[2024-05-06T18:25:51.675-0300] {logging_mixin.py:188} INFO - [2024-05-06T18:25:51.675-0300] {dag.py:3954} INFO - Setting next_dagrun for Hook_dag to None, run_after=None
[2024-05-06T18:25:51.744-0300] {processor.py:183} INFO - Processing /mnt/c/Users/Tilto/Desktop/Work/Airflow/dags/hook_dag.py took 0.186 seconds
[2024-05-06T18:26:22.497-0300] {processor.py:161} INFO - Started process (PID=1770) to work on /mnt/c/Users/Tilto/Desktop/Work/Airflow/dags/hook_dag.py
[2024-05-06T18:26:22.498-0300] {processor.py:830} INFO - Processing file /mnt/c/Users/Tilto/Desktop/Work/Airflow/dags/hook_dag.py for tasks to queue
[2024-05-06T18:26:22.499-0300] {logging_mixin.py:188} INFO - [2024-05-06T18:26:22.499-0300] {dagbag.py:540} INFO - Filling up the DagBag from /mnt/c/Users/Tilto/Desktop/Work/Airflow/dags/hook_dag.py
[2024-05-06T18:26:22.520-0300] {processor.py:840} INFO - DAG(s) 'Hook_dag' retrieved from /mnt/c/Users/Tilto/Desktop/Work/Airflow/dags/hook_dag.py
[2024-05-06T18:26:22.544-0300] {logging_mixin.py:188} INFO - [2024-05-06T18:26:22.544-0300] {dag.py:3096} INFO - Sync 1 DAGs
[2024-05-06T18:26:22.556-0300] {logging_mixin.py:188} INFO - [2024-05-06T18:26:22.556-0300] {dag.py:3954} INFO - Setting next_dagrun for Hook_dag to None, run_after=None
[2024-05-06T18:26:22.613-0300] {processor.py:183} INFO - Processing /mnt/c/Users/Tilto/Desktop/Work/Airflow/dags/hook_dag.py took 0.120 seconds
[2024-05-06T18:26:53.368-0300] {processor.py:161} INFO - Started process (PID=1898) to work on /mnt/c/Users/Tilto/Desktop/Work/Airflow/dags/hook_dag.py
[2024-05-06T18:26:53.369-0300] {processor.py:830} INFO - Processing file /mnt/c/Users/Tilto/Desktop/Work/Airflow/dags/hook_dag.py for tasks to queue
[2024-05-06T18:26:53.370-0300] {logging_mixin.py:188} INFO - [2024-05-06T18:26:53.370-0300] {dagbag.py:540} INFO - Filling up the DagBag from /mnt/c/Users/Tilto/Desktop/Work/Airflow/dags/hook_dag.py
[2024-05-06T18:26:53.394-0300] {processor.py:840} INFO - DAG(s) 'Hook_dag' retrieved from /mnt/c/Users/Tilto/Desktop/Work/Airflow/dags/hook_dag.py
[2024-05-06T18:26:53.420-0300] {logging_mixin.py:188} INFO - [2024-05-06T18:26:53.419-0300] {dag.py:3096} INFO - Sync 1 DAGs
[2024-05-06T18:26:53.431-0300] {logging_mixin.py:188} INFO - [2024-05-06T18:26:53.431-0300] {dag.py:3954} INFO - Setting next_dagrun for Hook_dag to None, run_after=None
[2024-05-06T18:26:53.488-0300] {processor.py:183} INFO - Processing /mnt/c/Users/Tilto/Desktop/Work/Airflow/dags/hook_dag.py took 0.125 seconds
[2024-05-06T18:27:24.414-0300] {processor.py:161} INFO - Started process (PID=2031) to work on /mnt/c/Users/Tilto/Desktop/Work/Airflow/dags/hook_dag.py
[2024-05-06T18:27:24.415-0300] {processor.py:830} INFO - Processing file /mnt/c/Users/Tilto/Desktop/Work/Airflow/dags/hook_dag.py for tasks to queue
[2024-05-06T18:27:24.416-0300] {logging_mixin.py:188} INFO - [2024-05-06T18:27:24.416-0300] {dagbag.py:540} INFO - Filling up the DagBag from /mnt/c/Users/Tilto/Desktop/Work/Airflow/dags/hook_dag.py
[2024-05-06T18:27:24.436-0300] {processor.py:840} INFO - DAG(s) 'Hook_dag' retrieved from /mnt/c/Users/Tilto/Desktop/Work/Airflow/dags/hook_dag.py
[2024-05-06T18:27:24.461-0300] {logging_mixin.py:188} INFO - [2024-05-06T18:27:24.461-0300] {dag.py:3096} INFO - Sync 1 DAGs
[2024-05-06T18:27:24.473-0300] {logging_mixin.py:188} INFO - [2024-05-06T18:27:24.473-0300] {dag.py:3954} INFO - Setting next_dagrun for Hook_dag to None, run_after=None
[2024-05-06T18:27:24.532-0300] {processor.py:183} INFO - Processing /mnt/c/Users/Tilto/Desktop/Work/Airflow/dags/hook_dag.py took 0.123 seconds
[2024-05-06T18:27:55.313-0300] {processor.py:161} INFO - Started process (PID=2159) to work on /mnt/c/Users/Tilto/Desktop/Work/Airflow/dags/hook_dag.py
[2024-05-06T18:27:55.314-0300] {processor.py:830} INFO - Processing file /mnt/c/Users/Tilto/Desktop/Work/Airflow/dags/hook_dag.py for tasks to queue
[2024-05-06T18:27:55.316-0300] {logging_mixin.py:188} INFO - [2024-05-06T18:27:55.315-0300] {dagbag.py:540} INFO - Filling up the DagBag from /mnt/c/Users/Tilto/Desktop/Work/Airflow/dags/hook_dag.py
[2024-05-06T18:27:55.336-0300] {processor.py:840} INFO - DAG(s) 'Hook_dag' retrieved from /mnt/c/Users/Tilto/Desktop/Work/Airflow/dags/hook_dag.py
[2024-05-06T18:27:55.363-0300] {logging_mixin.py:188} INFO - [2024-05-06T18:27:55.363-0300] {dag.py:3096} INFO - Sync 1 DAGs
[2024-05-06T18:27:55.377-0300] {logging_mixin.py:188} INFO - [2024-05-06T18:27:55.377-0300] {dag.py:3954} INFO - Setting next_dagrun for Hook_dag to None, run_after=None
[2024-05-06T18:27:55.436-0300] {processor.py:183} INFO - Processing /mnt/c/Users/Tilto/Desktop/Work/Airflow/dags/hook_dag.py took 0.127 seconds
[2024-05-06T18:28:25.812-0300] {processor.py:161} INFO - Started process (PID=2286) to work on /mnt/c/Users/Tilto/Desktop/Work/Airflow/dags/hook_dag.py
[2024-05-06T18:28:25.813-0300] {processor.py:830} INFO - Processing file /mnt/c/Users/Tilto/Desktop/Work/Airflow/dags/hook_dag.py for tasks to queue
[2024-05-06T18:28:25.814-0300] {logging_mixin.py:188} INFO - [2024-05-06T18:28:25.814-0300] {dagbag.py:540} INFO - Filling up the DagBag from /mnt/c/Users/Tilto/Desktop/Work/Airflow/dags/hook_dag.py
[2024-05-06T18:28:25.833-0300] {processor.py:840} INFO - DAG(s) 'Hook_dag' retrieved from /mnt/c/Users/Tilto/Desktop/Work/Airflow/dags/hook_dag.py
[2024-05-06T18:28:25.858-0300] {logging_mixin.py:188} INFO - [2024-05-06T18:28:25.857-0300] {dag.py:3096} INFO - Sync 1 DAGs
[2024-05-06T18:28:25.871-0300] {logging_mixin.py:188} INFO - [2024-05-06T18:28:25.870-0300] {dag.py:3954} INFO - Setting next_dagrun for Hook_dag to None, run_after=None
[2024-05-06T18:28:25.931-0300] {processor.py:183} INFO - Processing /mnt/c/Users/Tilto/Desktop/Work/Airflow/dags/hook_dag.py took 0.123 seconds
[2024-05-06T18:28:56.245-0300] {processor.py:161} INFO - Started process (PID=2413) to work on /mnt/c/Users/Tilto/Desktop/Work/Airflow/dags/hook_dag.py
[2024-05-06T18:28:56.246-0300] {processor.py:830} INFO - Processing file /mnt/c/Users/Tilto/Desktop/Work/Airflow/dags/hook_dag.py for tasks to queue
[2024-05-06T18:28:56.248-0300] {logging_mixin.py:188} INFO - [2024-05-06T18:28:56.247-0300] {dagbag.py:540} INFO - Filling up the DagBag from /mnt/c/Users/Tilto/Desktop/Work/Airflow/dags/hook_dag.py
[2024-05-06T18:28:56.271-0300] {processor.py:840} INFO - DAG(s) 'Hook_dag' retrieved from /mnt/c/Users/Tilto/Desktop/Work/Airflow/dags/hook_dag.py
[2024-05-06T18:28:56.302-0300] {logging_mixin.py:188} INFO - [2024-05-06T18:28:56.301-0300] {dag.py:3096} INFO - Sync 1 DAGs
[2024-05-06T18:28:56.317-0300] {logging_mixin.py:188} INFO - [2024-05-06T18:28:56.317-0300] {dag.py:3954} INFO - Setting next_dagrun for Hook_dag to None, run_after=None
[2024-05-06T18:28:56.427-0300] {processor.py:183} INFO - Processing /mnt/c/Users/Tilto/Desktop/Work/Airflow/dags/hook_dag.py took 0.187 seconds
[2024-05-06T18:29:26.754-0300] {processor.py:161} INFO - Started process (PID=2540) to work on /mnt/c/Users/Tilto/Desktop/Work/Airflow/dags/hook_dag.py
[2024-05-06T18:29:26.755-0300] {processor.py:830} INFO - Processing file /mnt/c/Users/Tilto/Desktop/Work/Airflow/dags/hook_dag.py for tasks to queue
[2024-05-06T18:29:26.756-0300] {logging_mixin.py:188} INFO - [2024-05-06T18:29:26.756-0300] {dagbag.py:540} INFO - Filling up the DagBag from /mnt/c/Users/Tilto/Desktop/Work/Airflow/dags/hook_dag.py
[2024-05-06T18:29:26.788-0300] {processor.py:840} INFO - DAG(s) 'Hook_dag' retrieved from /mnt/c/Users/Tilto/Desktop/Work/Airflow/dags/hook_dag.py
[2024-05-06T18:29:26.813-0300] {logging_mixin.py:188} INFO - [2024-05-06T18:29:26.813-0300] {dag.py:3096} INFO - Sync 1 DAGs
[2024-05-06T18:29:26.826-0300] {logging_mixin.py:188} INFO - [2024-05-06T18:29:26.825-0300] {dag.py:3954} INFO - Setting next_dagrun for Hook_dag to None, run_after=None
[2024-05-06T18:29:26.892-0300] {processor.py:183} INFO - Processing /mnt/c/Users/Tilto/Desktop/Work/Airflow/dags/hook_dag.py took 0.142 seconds
[2024-05-06T18:29:57.198-0300] {processor.py:161} INFO - Started process (PID=2670) to work on /mnt/c/Users/Tilto/Desktop/Work/Airflow/dags/hook_dag.py
[2024-05-06T18:29:57.199-0300] {processor.py:830} INFO - Processing file /mnt/c/Users/Tilto/Desktop/Work/Airflow/dags/hook_dag.py for tasks to queue
[2024-05-06T18:29:57.200-0300] {logging_mixin.py:188} INFO - [2024-05-06T18:29:57.200-0300] {dagbag.py:540} INFO - Filling up the DagBag from /mnt/c/Users/Tilto/Desktop/Work/Airflow/dags/hook_dag.py
[2024-05-06T18:29:57.220-0300] {processor.py:840} INFO - DAG(s) 'Hook_dag' retrieved from /mnt/c/Users/Tilto/Desktop/Work/Airflow/dags/hook_dag.py
[2024-05-06T18:29:57.246-0300] {logging_mixin.py:188} INFO - [2024-05-06T18:29:57.246-0300] {dag.py:3096} INFO - Sync 1 DAGs
[2024-05-06T18:29:57.259-0300] {logging_mixin.py:188} INFO - [2024-05-06T18:29:57.258-0300] {dag.py:3954} INFO - Setting next_dagrun for Hook_dag to None, run_after=None
[2024-05-06T18:29:57.318-0300] {processor.py:183} INFO - Processing /mnt/c/Users/Tilto/Desktop/Work/Airflow/dags/hook_dag.py took 0.125 seconds
[2024-05-06T18:30:27.559-0300] {processor.py:161} INFO - Started process (PID=2800) to work on /mnt/c/Users/Tilto/Desktop/Work/Airflow/dags/hook_dag.py
[2024-05-06T18:30:27.561-0300] {processor.py:830} INFO - Processing file /mnt/c/Users/Tilto/Desktop/Work/Airflow/dags/hook_dag.py for tasks to queue
[2024-05-06T18:30:27.563-0300] {logging_mixin.py:188} INFO - [2024-05-06T18:30:27.562-0300] {dagbag.py:540} INFO - Filling up the DagBag from /mnt/c/Users/Tilto/Desktop/Work/Airflow/dags/hook_dag.py
[2024-05-06T18:30:27.588-0300] {processor.py:840} INFO - DAG(s) 'Hook_dag' retrieved from /mnt/c/Users/Tilto/Desktop/Work/Airflow/dags/hook_dag.py
[2024-05-06T18:30:27.618-0300] {logging_mixin.py:188} INFO - [2024-05-06T18:30:27.617-0300] {dag.py:3096} INFO - Sync 1 DAGs
[2024-05-06T18:30:27.633-0300] {logging_mixin.py:188} INFO - [2024-05-06T18:30:27.633-0300] {dag.py:3954} INFO - Setting next_dagrun for Hook_dag to None, run_after=None
[2024-05-06T18:30:27.773-0300] {processor.py:183} INFO - Processing /mnt/c/Users/Tilto/Desktop/Work/Airflow/dags/hook_dag.py took 0.221 seconds
[2024-05-06T18:30:58.341-0300] {processor.py:161} INFO - Started process (PID=2928) to work on /mnt/c/Users/Tilto/Desktop/Work/Airflow/dags/hook_dag.py
[2024-05-06T18:30:58.342-0300] {processor.py:830} INFO - Processing file /mnt/c/Users/Tilto/Desktop/Work/Airflow/dags/hook_dag.py for tasks to queue
[2024-05-06T18:30:58.343-0300] {logging_mixin.py:188} INFO - [2024-05-06T18:30:58.343-0300] {dagbag.py:540} INFO - Filling up the DagBag from /mnt/c/Users/Tilto/Desktop/Work/Airflow/dags/hook_dag.py
[2024-05-06T18:30:58.363-0300] {processor.py:840} INFO - DAG(s) 'Hook_dag' retrieved from /mnt/c/Users/Tilto/Desktop/Work/Airflow/dags/hook_dag.py
[2024-05-06T18:30:58.387-0300] {logging_mixin.py:188} INFO - [2024-05-06T18:30:58.387-0300] {dag.py:3096} INFO - Sync 1 DAGs
[2024-05-06T18:30:58.400-0300] {logging_mixin.py:188} INFO - [2024-05-06T18:30:58.399-0300] {dag.py:3954} INFO - Setting next_dagrun for Hook_dag to None, run_after=None
[2024-05-06T18:30:58.459-0300] {processor.py:183} INFO - Processing /mnt/c/Users/Tilto/Desktop/Work/Airflow/dags/hook_dag.py took 0.122 seconds
[2024-05-06T18:31:28.789-0300] {processor.py:161} INFO - Started process (PID=3055) to work on /mnt/c/Users/Tilto/Desktop/Work/Airflow/dags/hook_dag.py
[2024-05-06T18:31:28.790-0300] {processor.py:830} INFO - Processing file /mnt/c/Users/Tilto/Desktop/Work/Airflow/dags/hook_dag.py for tasks to queue
[2024-05-06T18:31:28.791-0300] {logging_mixin.py:188} INFO - [2024-05-06T18:31:28.791-0300] {dagbag.py:540} INFO - Filling up the DagBag from /mnt/c/Users/Tilto/Desktop/Work/Airflow/dags/hook_dag.py
[2024-05-06T18:31:28.813-0300] {processor.py:840} INFO - DAG(s) 'Hook_dag' retrieved from /mnt/c/Users/Tilto/Desktop/Work/Airflow/dags/hook_dag.py
[2024-05-06T18:31:28.837-0300] {logging_mixin.py:188} INFO - [2024-05-06T18:31:28.837-0300] {dag.py:3096} INFO - Sync 1 DAGs
[2024-05-06T18:31:28.849-0300] {logging_mixin.py:188} INFO - [2024-05-06T18:31:28.849-0300] {dag.py:3954} INFO - Setting next_dagrun for Hook_dag to None, run_after=None
[2024-05-06T18:31:28.922-0300] {processor.py:183} INFO - Processing /mnt/c/Users/Tilto/Desktop/Work/Airflow/dags/hook_dag.py took 0.137 seconds
[2024-05-06T18:31:59.164-0300] {processor.py:161} INFO - Started process (PID=3257) to work on /mnt/c/Users/Tilto/Desktop/Work/Airflow/dags/hook_dag.py
[2024-05-06T18:31:59.165-0300] {processor.py:830} INFO - Processing file /mnt/c/Users/Tilto/Desktop/Work/Airflow/dags/hook_dag.py for tasks to queue
[2024-05-06T18:31:59.167-0300] {logging_mixin.py:188} INFO - [2024-05-06T18:31:59.167-0300] {dagbag.py:540} INFO - Filling up the DagBag from /mnt/c/Users/Tilto/Desktop/Work/Airflow/dags/hook_dag.py
[2024-05-06T18:31:59.196-0300] {processor.py:840} INFO - DAG(s) 'Hook_dag' retrieved from /mnt/c/Users/Tilto/Desktop/Work/Airflow/dags/hook_dag.py
[2024-05-06T18:31:59.230-0300] {logging_mixin.py:188} INFO - [2024-05-06T18:31:59.230-0300] {dag.py:3096} INFO - Sync 1 DAGs
[2024-05-06T18:31:59.244-0300] {logging_mixin.py:188} INFO - [2024-05-06T18:31:59.244-0300] {dag.py:3954} INFO - Setting next_dagrun for Hook_dag to None, run_after=None
[2024-05-06T18:31:59.308-0300] {processor.py:183} INFO - Processing /mnt/c/Users/Tilto/Desktop/Work/Airflow/dags/hook_dag.py took 0.151 seconds
[2024-05-06T18:32:29.593-0300] {processor.py:161} INFO - Started process (PID=3384) to work on /mnt/c/Users/Tilto/Desktop/Work/Airflow/dags/hook_dag.py
[2024-05-06T18:32:29.594-0300] {processor.py:830} INFO - Processing file /mnt/c/Users/Tilto/Desktop/Work/Airflow/dags/hook_dag.py for tasks to queue
[2024-05-06T18:32:29.595-0300] {logging_mixin.py:188} INFO - [2024-05-06T18:32:29.595-0300] {dagbag.py:540} INFO - Filling up the DagBag from /mnt/c/Users/Tilto/Desktop/Work/Airflow/dags/hook_dag.py
[2024-05-06T18:32:29.615-0300] {processor.py:840} INFO - DAG(s) 'Hook_dag' retrieved from /mnt/c/Users/Tilto/Desktop/Work/Airflow/dags/hook_dag.py
[2024-05-06T18:32:29.642-0300] {logging_mixin.py:188} INFO - [2024-05-06T18:32:29.642-0300] {dag.py:3096} INFO - Sync 1 DAGs
[2024-05-06T18:32:29.655-0300] {logging_mixin.py:188} INFO - [2024-05-06T18:32:29.654-0300] {dag.py:3954} INFO - Setting next_dagrun for Hook_dag to None, run_after=None
[2024-05-06T18:32:29.716-0300] {processor.py:183} INFO - Processing /mnt/c/Users/Tilto/Desktop/Work/Airflow/dags/hook_dag.py took 0.128 seconds
[2024-05-06T18:32:59.843-0300] {processor.py:161} INFO - Started process (PID=3512) to work on /mnt/c/Users/Tilto/Desktop/Work/Airflow/dags/hook_dag.py
[2024-05-06T18:32:59.844-0300] {processor.py:830} INFO - Processing file /mnt/c/Users/Tilto/Desktop/Work/Airflow/dags/hook_dag.py for tasks to queue
[2024-05-06T18:32:59.846-0300] {logging_mixin.py:188} INFO - [2024-05-06T18:32:59.846-0300] {dagbag.py:540} INFO - Filling up the DagBag from /mnt/c/Users/Tilto/Desktop/Work/Airflow/dags/hook_dag.py
[2024-05-06T18:32:59.866-0300] {processor.py:840} INFO - DAG(s) 'Hook_dag' retrieved from /mnt/c/Users/Tilto/Desktop/Work/Airflow/dags/hook_dag.py
[2024-05-06T18:32:59.890-0300] {logging_mixin.py:188} INFO - [2024-05-06T18:32:59.890-0300] {dag.py:3096} INFO - Sync 1 DAGs
[2024-05-06T18:32:59.903-0300] {logging_mixin.py:188} INFO - [2024-05-06T18:32:59.903-0300] {dag.py:3954} INFO - Setting next_dagrun for Hook_dag to None, run_after=None
[2024-05-06T18:33:00.027-0300] {processor.py:183} INFO - Processing /mnt/c/Users/Tilto/Desktop/Work/Airflow/dags/hook_dag.py took 0.189 seconds
[2024-05-06T18:33:30.378-0300] {processor.py:161} INFO - Started process (PID=3639) to work on /mnt/c/Users/Tilto/Desktop/Work/Airflow/dags/hook_dag.py
[2024-05-06T18:33:30.379-0300] {processor.py:830} INFO - Processing file /mnt/c/Users/Tilto/Desktop/Work/Airflow/dags/hook_dag.py for tasks to queue
[2024-05-06T18:33:30.381-0300] {logging_mixin.py:188} INFO - [2024-05-06T18:33:30.381-0300] {dagbag.py:540} INFO - Filling up the DagBag from /mnt/c/Users/Tilto/Desktop/Work/Airflow/dags/hook_dag.py
[2024-05-06T18:33:30.409-0300] {processor.py:840} INFO - DAG(s) 'Hook_dag' retrieved from /mnt/c/Users/Tilto/Desktop/Work/Airflow/dags/hook_dag.py
[2024-05-06T18:33:30.440-0300] {logging_mixin.py:188} INFO - [2024-05-06T18:33:30.440-0300] {dag.py:3096} INFO - Sync 1 DAGs
[2024-05-06T18:33:30.550-0300] {logging_mixin.py:188} INFO - [2024-05-06T18:33:30.550-0300] {dag.py:3954} INFO - Setting next_dagrun for Hook_dag to None, run_after=None
[2024-05-06T18:33:30.621-0300] {processor.py:183} INFO - Processing /mnt/c/Users/Tilto/Desktop/Work/Airflow/dags/hook_dag.py took 0.250 seconds
[2024-05-06T18:34:00.982-0300] {processor.py:161} INFO - Started process (PID=3775) to work on /mnt/c/Users/Tilto/Desktop/Work/Airflow/dags/hook_dag.py
[2024-05-06T18:34:00.983-0300] {processor.py:830} INFO - Processing file /mnt/c/Users/Tilto/Desktop/Work/Airflow/dags/hook_dag.py for tasks to queue
[2024-05-06T18:34:00.985-0300] {logging_mixin.py:188} INFO - [2024-05-06T18:34:00.984-0300] {dagbag.py:540} INFO - Filling up the DagBag from /mnt/c/Users/Tilto/Desktop/Work/Airflow/dags/hook_dag.py
[2024-05-06T18:34:01.005-0300] {processor.py:840} INFO - DAG(s) 'Hook_dag' retrieved from /mnt/c/Users/Tilto/Desktop/Work/Airflow/dags/hook_dag.py
[2024-05-06T18:34:01.029-0300] {logging_mixin.py:188} INFO - [2024-05-06T18:34:01.029-0300] {dag.py:3096} INFO - Sync 1 DAGs
[2024-05-06T18:34:01.104-0300] {logging_mixin.py:188} INFO - [2024-05-06T18:34:01.104-0300] {dag.py:3954} INFO - Setting next_dagrun for Hook_dag to None, run_after=None
[2024-05-06T18:34:01.158-0300] {processor.py:183} INFO - Processing /mnt/c/Users/Tilto/Desktop/Work/Airflow/dags/hook_dag.py took 0.180 seconds
[2024-05-06T18:34:31.388-0300] {processor.py:161} INFO - Started process (PID=3903) to work on /mnt/c/Users/Tilto/Desktop/Work/Airflow/dags/hook_dag.py
[2024-05-06T18:34:31.389-0300] {processor.py:830} INFO - Processing file /mnt/c/Users/Tilto/Desktop/Work/Airflow/dags/hook_dag.py for tasks to queue
[2024-05-06T18:34:31.390-0300] {logging_mixin.py:188} INFO - [2024-05-06T18:34:31.390-0300] {dagbag.py:540} INFO - Filling up the DagBag from /mnt/c/Users/Tilto/Desktop/Work/Airflow/dags/hook_dag.py
[2024-05-06T18:34:31.412-0300] {processor.py:840} INFO - DAG(s) 'Hook_dag' retrieved from /mnt/c/Users/Tilto/Desktop/Work/Airflow/dags/hook_dag.py
[2024-05-06T18:34:31.506-0300] {logging_mixin.py:188} INFO - [2024-05-06T18:34:31.506-0300] {dag.py:3096} INFO - Sync 1 DAGs
[2024-05-06T18:34:31.520-0300] {logging_mixin.py:188} INFO - [2024-05-06T18:34:31.520-0300] {dag.py:3954} INFO - Setting next_dagrun for Hook_dag to None, run_after=None
[2024-05-06T18:34:31.585-0300] {processor.py:183} INFO - Processing /mnt/c/Users/Tilto/Desktop/Work/Airflow/dags/hook_dag.py took 0.202 seconds
[2024-05-06T18:35:01.771-0300] {processor.py:161} INFO - Started process (PID=4030) to work on /mnt/c/Users/Tilto/Desktop/Work/Airflow/dags/hook_dag.py
[2024-05-06T18:35:01.772-0300] {processor.py:830} INFO - Processing file /mnt/c/Users/Tilto/Desktop/Work/Airflow/dags/hook_dag.py for tasks to queue
[2024-05-06T18:35:01.773-0300] {logging_mixin.py:188} INFO - [2024-05-06T18:35:01.773-0300] {dagbag.py:540} INFO - Filling up the DagBag from /mnt/c/Users/Tilto/Desktop/Work/Airflow/dags/hook_dag.py
[2024-05-06T18:35:01.793-0300] {processor.py:840} INFO - DAG(s) 'Hook_dag' retrieved from /mnt/c/Users/Tilto/Desktop/Work/Airflow/dags/hook_dag.py
[2024-05-06T18:35:01.882-0300] {logging_mixin.py:188} INFO - [2024-05-06T18:35:01.882-0300] {dag.py:3096} INFO - Sync 1 DAGs
[2024-05-06T18:35:01.894-0300] {logging_mixin.py:188} INFO - [2024-05-06T18:35:01.893-0300] {dag.py:3954} INFO - Setting next_dagrun for Hook_dag to None, run_after=None
[2024-05-06T18:35:01.948-0300] {processor.py:183} INFO - Processing /mnt/c/Users/Tilto/Desktop/Work/Airflow/dags/hook_dag.py took 0.181 seconds
[2024-05-06T18:35:32.556-0300] {processor.py:161} INFO - Started process (PID=4158) to work on /mnt/c/Users/Tilto/Desktop/Work/Airflow/dags/hook_dag.py
[2024-05-06T18:35:32.557-0300] {processor.py:830} INFO - Processing file /mnt/c/Users/Tilto/Desktop/Work/Airflow/dags/hook_dag.py for tasks to queue
[2024-05-06T18:35:32.558-0300] {logging_mixin.py:188} INFO - [2024-05-06T18:35:32.557-0300] {dagbag.py:540} INFO - Filling up the DagBag from /mnt/c/Users/Tilto/Desktop/Work/Airflow/dags/hook_dag.py
[2024-05-06T18:35:32.576-0300] {processor.py:840} INFO - DAG(s) 'Hook_dag' retrieved from /mnt/c/Users/Tilto/Desktop/Work/Airflow/dags/hook_dag.py
[2024-05-06T18:35:32.597-0300] {logging_mixin.py:188} INFO - [2024-05-06T18:35:32.597-0300] {dag.py:3096} INFO - Sync 1 DAGs
[2024-05-06T18:35:32.608-0300] {logging_mixin.py:188} INFO - [2024-05-06T18:35:32.608-0300] {dag.py:3954} INFO - Setting next_dagrun for Hook_dag to None, run_after=None
[2024-05-06T18:35:32.766-0300] {processor.py:183} INFO - Processing /mnt/c/Users/Tilto/Desktop/Work/Airflow/dags/hook_dag.py took 0.280 seconds
[2024-05-06T18:36:02.911-0300] {processor.py:161} INFO - Started process (PID=4284) to work on /mnt/c/Users/Tilto/Desktop/Work/Airflow/dags/hook_dag.py
[2024-05-06T18:36:02.912-0300] {processor.py:830} INFO - Processing file /mnt/c/Users/Tilto/Desktop/Work/Airflow/dags/hook_dag.py for tasks to queue
[2024-05-06T18:36:02.913-0300] {logging_mixin.py:188} INFO - [2024-05-06T18:36:02.913-0300] {dagbag.py:540} INFO - Filling up the DagBag from /mnt/c/Users/Tilto/Desktop/Work/Airflow/dags/hook_dag.py
[2024-05-06T18:36:02.935-0300] {processor.py:840} INFO - DAG(s) 'Hook_dag' retrieved from /mnt/c/Users/Tilto/Desktop/Work/Airflow/dags/hook_dag.py
[2024-05-06T18:36:02.959-0300] {logging_mixin.py:188} INFO - [2024-05-06T18:36:02.959-0300] {dag.py:3096} INFO - Sync 1 DAGs
[2024-05-06T18:36:02.972-0300] {logging_mixin.py:188} INFO - [2024-05-06T18:36:02.972-0300] {dag.py:3954} INFO - Setting next_dagrun for Hook_dag to None, run_after=None
[2024-05-06T18:36:03.050-0300] {processor.py:183} INFO - Processing /mnt/c/Users/Tilto/Desktop/Work/Airflow/dags/hook_dag.py took 0.143 seconds
[2024-05-06T18:36:33.580-0300] {processor.py:161} INFO - Started process (PID=4417) to work on /mnt/c/Users/Tilto/Desktop/Work/Airflow/dags/hook_dag.py
[2024-05-06T18:36:33.581-0300] {processor.py:830} INFO - Processing file /mnt/c/Users/Tilto/Desktop/Work/Airflow/dags/hook_dag.py for tasks to queue
[2024-05-06T18:36:33.582-0300] {logging_mixin.py:188} INFO - [2024-05-06T18:36:33.582-0300] {dagbag.py:540} INFO - Filling up the DagBag from /mnt/c/Users/Tilto/Desktop/Work/Airflow/dags/hook_dag.py
[2024-05-06T18:36:33.601-0300] {processor.py:840} INFO - DAG(s) 'Hook_dag' retrieved from /mnt/c/Users/Tilto/Desktop/Work/Airflow/dags/hook_dag.py
[2024-05-06T18:36:33.627-0300] {logging_mixin.py:188} INFO - [2024-05-06T18:36:33.627-0300] {dag.py:3096} INFO - Sync 1 DAGs
[2024-05-06T18:36:33.639-0300] {logging_mixin.py:188} INFO - [2024-05-06T18:36:33.639-0300] {dag.py:3954} INFO - Setting next_dagrun for Hook_dag to None, run_after=None
[2024-05-06T18:36:33.807-0300] {processor.py:183} INFO - Processing /mnt/c/Users/Tilto/Desktop/Work/Airflow/dags/hook_dag.py took 0.232 seconds
[2024-05-06T18:38:01.136-0300] {processor.py:161} INFO - Started process (PID=4782) to work on /mnt/c/Users/Tilto/Desktop/Work/Airflow/dags/hook_dag.py
[2024-05-06T18:38:01.137-0300] {processor.py:830} INFO - Processing file /mnt/c/Users/Tilto/Desktop/Work/Airflow/dags/hook_dag.py for tasks to queue
[2024-05-06T18:38:01.139-0300] {logging_mixin.py:188} INFO - [2024-05-06T18:38:01.138-0300] {dagbag.py:540} INFO - Filling up the DagBag from /mnt/c/Users/Tilto/Desktop/Work/Airflow/dags/hook_dag.py
[2024-05-06T18:38:01.161-0300] {processor.py:840} INFO - DAG(s) 'Hook_dag' retrieved from /mnt/c/Users/Tilto/Desktop/Work/Airflow/dags/hook_dag.py
[2024-05-06T18:38:01.173-0300] {logging_mixin.py:188} INFO - [2024-05-06T18:38:01.173-0300] {dag.py:3096} INFO - Sync 1 DAGs
[2024-05-06T18:38:01.187-0300] {logging_mixin.py:188} INFO - [2024-05-06T18:38:01.187-0300] {dag.py:3954} INFO - Setting next_dagrun for Hook_dag to None, run_after=None
[2024-05-06T18:38:01.248-0300] {processor.py:183} INFO - Processing /mnt/c/Users/Tilto/Desktop/Work/Airflow/dags/hook_dag.py took 0.117 seconds
[2024-05-06T18:38:31.697-0300] {processor.py:161} INFO - Started process (PID=4935) to work on /mnt/c/Users/Tilto/Desktop/Work/Airflow/dags/hook_dag.py
[2024-05-06T18:38:31.698-0300] {processor.py:830} INFO - Processing file /mnt/c/Users/Tilto/Desktop/Work/Airflow/dags/hook_dag.py for tasks to queue
[2024-05-06T18:38:31.699-0300] {logging_mixin.py:188} INFO - [2024-05-06T18:38:31.699-0300] {dagbag.py:540} INFO - Filling up the DagBag from /mnt/c/Users/Tilto/Desktop/Work/Airflow/dags/hook_dag.py
[2024-05-06T18:38:31.721-0300] {processor.py:840} INFO - DAG(s) 'Hook_dag' retrieved from /mnt/c/Users/Tilto/Desktop/Work/Airflow/dags/hook_dag.py
[2024-05-06T18:38:31.832-0300] {logging_mixin.py:188} INFO - [2024-05-06T18:38:31.831-0300] {dag.py:3096} INFO - Sync 1 DAGs
[2024-05-06T18:38:31.844-0300] {logging_mixin.py:188} INFO - [2024-05-06T18:38:31.844-0300] {dag.py:3954} INFO - Setting next_dagrun for Hook_dag to None, run_after=None
[2024-05-06T18:38:31.901-0300] {processor.py:183} INFO - Processing /mnt/c/Users/Tilto/Desktop/Work/Airflow/dags/hook_dag.py took 0.209 seconds
[2024-05-06T18:39:04.783-0300] {processor.py:161} INFO - Started process (PID=5083) to work on /mnt/c/Users/Tilto/Desktop/Work/Airflow/dags/hook_dag.py
[2024-05-06T18:39:04.784-0300] {processor.py:830} INFO - Processing file /mnt/c/Users/Tilto/Desktop/Work/Airflow/dags/hook_dag.py for tasks to queue
[2024-05-06T18:39:04.786-0300] {logging_mixin.py:188} INFO - [2024-05-06T18:39:04.785-0300] {dagbag.py:540} INFO - Filling up the DagBag from /mnt/c/Users/Tilto/Desktop/Work/Airflow/dags/hook_dag.py
[2024-05-06T18:39:04.810-0300] {processor.py:840} INFO - DAG(s) 'Hook_dag' retrieved from /mnt/c/Users/Tilto/Desktop/Work/Airflow/dags/hook_dag.py
[2024-05-06T18:39:04.853-0300] {logging_mixin.py:188} INFO - [2024-05-06T18:39:04.853-0300] {dag.py:3096} INFO - Sync 1 DAGs
[2024-05-06T18:39:04.868-0300] {logging_mixin.py:188} INFO - [2024-05-06T18:39:04.867-0300] {dag.py:3954} INFO - Setting next_dagrun for Hook_dag to None, run_after=None
[2024-05-06T18:39:04.929-0300] {processor.py:183} INFO - Processing /mnt/c/Users/Tilto/Desktop/Work/Airflow/dags/hook_dag.py took 0.152 seconds
[2024-05-06T18:39:35.753-0300] {processor.py:161} INFO - Started process (PID=5215) to work on /mnt/c/Users/Tilto/Desktop/Work/Airflow/dags/hook_dag.py
[2024-05-06T18:39:35.754-0300] {processor.py:830} INFO - Processing file /mnt/c/Users/Tilto/Desktop/Work/Airflow/dags/hook_dag.py for tasks to queue
[2024-05-06T18:39:35.756-0300] {logging_mixin.py:188} INFO - [2024-05-06T18:39:35.756-0300] {dagbag.py:540} INFO - Filling up the DagBag from /mnt/c/Users/Tilto/Desktop/Work/Airflow/dags/hook_dag.py
[2024-05-06T18:39:35.778-0300] {processor.py:840} INFO - DAG(s) 'Hook_dag' retrieved from /mnt/c/Users/Tilto/Desktop/Work/Airflow/dags/hook_dag.py
[2024-05-06T18:39:35.811-0300] {logging_mixin.py:188} INFO - [2024-05-06T18:39:35.811-0300] {dag.py:3096} INFO - Sync 1 DAGs
[2024-05-06T18:39:35.828-0300] {logging_mixin.py:188} INFO - [2024-05-06T18:39:35.828-0300] {dag.py:3954} INFO - Setting next_dagrun for Hook_dag to None, run_after=None
[2024-05-06T18:39:35.895-0300] {processor.py:183} INFO - Processing /mnt/c/Users/Tilto/Desktop/Work/Airflow/dags/hook_dag.py took 0.148 seconds
[2024-05-06T18:40:06.316-0300] {processor.py:161} INFO - Started process (PID=5346) to work on /mnt/c/Users/Tilto/Desktop/Work/Airflow/dags/hook_dag.py
[2024-05-06T18:40:06.317-0300] {processor.py:830} INFO - Processing file /mnt/c/Users/Tilto/Desktop/Work/Airflow/dags/hook_dag.py for tasks to queue
[2024-05-06T18:40:06.318-0300] {logging_mixin.py:188} INFO - [2024-05-06T18:40:06.318-0300] {dagbag.py:540} INFO - Filling up the DagBag from /mnt/c/Users/Tilto/Desktop/Work/Airflow/dags/hook_dag.py
[2024-05-06T18:40:06.341-0300] {processor.py:840} INFO - DAG(s) 'Hook_dag' retrieved from /mnt/c/Users/Tilto/Desktop/Work/Airflow/dags/hook_dag.py
[2024-05-06T18:40:06.366-0300] {logging_mixin.py:188} INFO - [2024-05-06T18:40:06.366-0300] {dag.py:3096} INFO - Sync 1 DAGs
[2024-05-06T18:40:06.379-0300] {logging_mixin.py:188} INFO - [2024-05-06T18:40:06.379-0300] {dag.py:3954} INFO - Setting next_dagrun for Hook_dag to None, run_after=None
[2024-05-06T18:40:06.475-0300] {processor.py:183} INFO - Processing /mnt/c/Users/Tilto/Desktop/Work/Airflow/dags/hook_dag.py took 0.164 seconds
[2024-05-06T18:40:37.580-0300] {processor.py:161} INFO - Started process (PID=5476) to work on /mnt/c/Users/Tilto/Desktop/Work/Airflow/dags/hook_dag.py
[2024-05-06T18:40:37.581-0300] {processor.py:830} INFO - Processing file /mnt/c/Users/Tilto/Desktop/Work/Airflow/dags/hook_dag.py for tasks to queue
[2024-05-06T18:40:37.583-0300] {logging_mixin.py:188} INFO - [2024-05-06T18:40:37.583-0300] {dagbag.py:540} INFO - Filling up the DagBag from /mnt/c/Users/Tilto/Desktop/Work/Airflow/dags/hook_dag.py
[2024-05-06T18:40:37.608-0300] {processor.py:840} INFO - DAG(s) 'Hook_dag' retrieved from /mnt/c/Users/Tilto/Desktop/Work/Airflow/dags/hook_dag.py
[2024-05-06T18:40:37.636-0300] {logging_mixin.py:188} INFO - [2024-05-06T18:40:37.636-0300] {dag.py:3096} INFO - Sync 1 DAGs
[2024-05-06T18:40:37.648-0300] {logging_mixin.py:188} INFO - [2024-05-06T18:40:37.648-0300] {dag.py:3954} INFO - Setting next_dagrun for Hook_dag to None, run_after=None
[2024-05-06T18:40:38.098-0300] {processor.py:183} INFO - Processing /mnt/c/Users/Tilto/Desktop/Work/Airflow/dags/hook_dag.py took 0.522 seconds
[2024-05-06T18:41:08.924-0300] {processor.py:161} INFO - Started process (PID=5606) to work on /mnt/c/Users/Tilto/Desktop/Work/Airflow/dags/hook_dag.py
[2024-05-06T18:41:08.925-0300] {processor.py:830} INFO - Processing file /mnt/c/Users/Tilto/Desktop/Work/Airflow/dags/hook_dag.py for tasks to queue
[2024-05-06T18:41:08.927-0300] {logging_mixin.py:188} INFO - [2024-05-06T18:41:08.926-0300] {dagbag.py:540} INFO - Filling up the DagBag from /mnt/c/Users/Tilto/Desktop/Work/Airflow/dags/hook_dag.py
[2024-05-06T18:41:08.946-0300] {processor.py:840} INFO - DAG(s) 'Hook_dag' retrieved from /mnt/c/Users/Tilto/Desktop/Work/Airflow/dags/hook_dag.py
[2024-05-06T18:41:08.972-0300] {logging_mixin.py:188} INFO - [2024-05-06T18:41:08.972-0300] {dag.py:3096} INFO - Sync 1 DAGs
[2024-05-06T18:41:08.985-0300] {logging_mixin.py:188} INFO - [2024-05-06T18:41:08.985-0300] {dag.py:3954} INFO - Setting next_dagrun for Hook_dag to None, run_after=None
[2024-05-06T18:41:09.050-0300] {processor.py:183} INFO - Processing /mnt/c/Users/Tilto/Desktop/Work/Airflow/dags/hook_dag.py took 0.131 seconds
[2024-05-06T18:41:39.880-0300] {processor.py:161} INFO - Started process (PID=5735) to work on /mnt/c/Users/Tilto/Desktop/Work/Airflow/dags/hook_dag.py
[2024-05-06T18:41:39.882-0300] {processor.py:830} INFO - Processing file /mnt/c/Users/Tilto/Desktop/Work/Airflow/dags/hook_dag.py for tasks to queue
[2024-05-06T18:41:39.883-0300] {logging_mixin.py:188} INFO - [2024-05-06T18:41:39.883-0300] {dagbag.py:540} INFO - Filling up the DagBag from /mnt/c/Users/Tilto/Desktop/Work/Airflow/dags/hook_dag.py
[2024-05-06T18:41:39.904-0300] {processor.py:840} INFO - DAG(s) 'Hook_dag' retrieved from /mnt/c/Users/Tilto/Desktop/Work/Airflow/dags/hook_dag.py
[2024-05-06T18:41:39.930-0300] {logging_mixin.py:188} INFO - [2024-05-06T18:41:39.929-0300] {dag.py:3096} INFO - Sync 1 DAGs
[2024-05-06T18:41:39.942-0300] {logging_mixin.py:188} INFO - [2024-05-06T18:41:39.942-0300] {dag.py:3954} INFO - Setting next_dagrun for Hook_dag to None, run_after=None
[2024-05-06T18:41:40.004-0300] {processor.py:183} INFO - Processing /mnt/c/Users/Tilto/Desktop/Work/Airflow/dags/hook_dag.py took 0.129 seconds
[2024-05-06T18:42:10.637-0300] {processor.py:161} INFO - Started process (PID=5863) to work on /mnt/c/Users/Tilto/Desktop/Work/Airflow/dags/hook_dag.py
[2024-05-06T18:42:10.638-0300] {processor.py:830} INFO - Processing file /mnt/c/Users/Tilto/Desktop/Work/Airflow/dags/hook_dag.py for tasks to queue
[2024-05-06T18:42:10.639-0300] {logging_mixin.py:188} INFO - [2024-05-06T18:42:10.639-0300] {dagbag.py:540} INFO - Filling up the DagBag from /mnt/c/Users/Tilto/Desktop/Work/Airflow/dags/hook_dag.py
[2024-05-06T18:42:10.660-0300] {processor.py:840} INFO - DAG(s) 'Hook_dag' retrieved from /mnt/c/Users/Tilto/Desktop/Work/Airflow/dags/hook_dag.py
[2024-05-06T18:42:10.686-0300] {logging_mixin.py:188} INFO - [2024-05-06T18:42:10.686-0300] {dag.py:3096} INFO - Sync 1 DAGs
[2024-05-06T18:42:10.698-0300] {logging_mixin.py:188} INFO - [2024-05-06T18:42:10.698-0300] {dag.py:3954} INFO - Setting next_dagrun for Hook_dag to None, run_after=None
[2024-05-06T18:42:10.761-0300] {processor.py:183} INFO - Processing /mnt/c/Users/Tilto/Desktop/Work/Airflow/dags/hook_dag.py took 0.128 seconds
[2024-05-06T18:42:41.589-0300] {processor.py:161} INFO - Started process (PID=5993) to work on /mnt/c/Users/Tilto/Desktop/Work/Airflow/dags/hook_dag.py
[2024-05-06T18:42:41.590-0300] {processor.py:830} INFO - Processing file /mnt/c/Users/Tilto/Desktop/Work/Airflow/dags/hook_dag.py for tasks to queue
[2024-05-06T18:42:41.591-0300] {logging_mixin.py:188} INFO - [2024-05-06T18:42:41.591-0300] {dagbag.py:540} INFO - Filling up the DagBag from /mnt/c/Users/Tilto/Desktop/Work/Airflow/dags/hook_dag.py
[2024-05-06T18:42:41.611-0300] {processor.py:840} INFO - DAG(s) 'Hook_dag' retrieved from /mnt/c/Users/Tilto/Desktop/Work/Airflow/dags/hook_dag.py
[2024-05-06T18:42:41.635-0300] {logging_mixin.py:188} INFO - [2024-05-06T18:42:41.635-0300] {dag.py:3096} INFO - Sync 1 DAGs
[2024-05-06T18:42:41.646-0300] {logging_mixin.py:188} INFO - [2024-05-06T18:42:41.646-0300] {dag.py:3954} INFO - Setting next_dagrun for Hook_dag to None, run_after=None
[2024-05-06T18:42:41.703-0300] {processor.py:183} INFO - Processing /mnt/c/Users/Tilto/Desktop/Work/Airflow/dags/hook_dag.py took 0.119 seconds
[2024-05-06T18:43:12.741-0300] {processor.py:161} INFO - Started process (PID=6126) to work on /mnt/c/Users/Tilto/Desktop/Work/Airflow/dags/hook_dag.py
[2024-05-06T18:43:12.743-0300] {processor.py:830} INFO - Processing file /mnt/c/Users/Tilto/Desktop/Work/Airflow/dags/hook_dag.py for tasks to queue
[2024-05-06T18:43:12.745-0300] {logging_mixin.py:188} INFO - [2024-05-06T18:43:12.744-0300] {dagbag.py:540} INFO - Filling up the DagBag from /mnt/c/Users/Tilto/Desktop/Work/Airflow/dags/hook_dag.py
[2024-05-06T18:43:12.766-0300] {processor.py:840} INFO - DAG(s) 'Hook_dag' retrieved from /mnt/c/Users/Tilto/Desktop/Work/Airflow/dags/hook_dag.py
[2024-05-06T18:43:12.790-0300] {logging_mixin.py:188} INFO - [2024-05-06T18:43:12.790-0300] {dag.py:3096} INFO - Sync 1 DAGs
[2024-05-06T18:43:12.803-0300] {logging_mixin.py:188} INFO - [2024-05-06T18:43:12.802-0300] {dag.py:3954} INFO - Setting next_dagrun for Hook_dag to None, run_after=None
[2024-05-06T18:43:12.859-0300] {processor.py:183} INFO - Processing /mnt/c/Users/Tilto/Desktop/Work/Airflow/dags/hook_dag.py took 0.122 seconds
[2024-05-06T18:43:42.606-0300] {processor.py:161} INFO - Started process (PID=6253) to work on /mnt/c/Users/Tilto/Desktop/Work/Airflow/dags/hook_dag.py
[2024-05-06T18:43:42.607-0300] {processor.py:830} INFO - Processing file /mnt/c/Users/Tilto/Desktop/Work/Airflow/dags/hook_dag.py for tasks to queue
[2024-05-06T18:43:42.609-0300] {logging_mixin.py:188} INFO - [2024-05-06T18:43:42.608-0300] {dagbag.py:540} INFO - Filling up the DagBag from /mnt/c/Users/Tilto/Desktop/Work/Airflow/dags/hook_dag.py
[2024-05-06T18:43:42.641-0300] {processor.py:840} INFO - DAG(s) 'Hook_dag' retrieved from /mnt/c/Users/Tilto/Desktop/Work/Airflow/dags/hook_dag.py
[2024-05-06T18:43:42.667-0300] {logging_mixin.py:188} INFO - [2024-05-06T18:43:42.667-0300] {dag.py:3096} INFO - Sync 1 DAGs
[2024-05-06T18:43:42.680-0300] {logging_mixin.py:188} INFO - [2024-05-06T18:43:42.680-0300] {dag.py:3954} INFO - Setting next_dagrun for Hook_dag to None, run_after=None
[2024-05-06T18:43:42.739-0300] {processor.py:183} INFO - Processing /mnt/c/Users/Tilto/Desktop/Work/Airflow/dags/hook_dag.py took 0.138 seconds
[2024-05-06T18:44:01.250-0300] {processor.py:161} INFO - Started process (PID=6348) to work on /mnt/c/Users/Tilto/Desktop/Work/Airflow/dags/hook_dag.py
[2024-05-06T18:44:01.251-0300] {processor.py:830} INFO - Processing file /mnt/c/Users/Tilto/Desktop/Work/Airflow/dags/hook_dag.py for tasks to queue
[2024-05-06T18:44:01.252-0300] {logging_mixin.py:188} INFO - [2024-05-06T18:44:01.252-0300] {dagbag.py:540} INFO - Filling up the DagBag from /mnt/c/Users/Tilto/Desktop/Work/Airflow/dags/hook_dag.py
[2024-05-06T18:44:01.275-0300] {processor.py:840} INFO - DAG(s) 'Hook_dag' retrieved from /mnt/c/Users/Tilto/Desktop/Work/Airflow/dags/hook_dag.py
[2024-05-06T18:44:01.287-0300] {logging_mixin.py:188} INFO - [2024-05-06T18:44:01.287-0300] {dag.py:3096} INFO - Sync 1 DAGs
[2024-05-06T18:44:01.301-0300] {logging_mixin.py:188} INFO - [2024-05-06T18:44:01.300-0300] {dag.py:3954} INFO - Setting next_dagrun for Hook_dag to None, run_after=None
[2024-05-06T18:44:01.362-0300] {processor.py:183} INFO - Processing /mnt/c/Users/Tilto/Desktop/Work/Airflow/dags/hook_dag.py took 0.117 seconds
[2024-05-06T18:44:14.164-0300] {processor.py:161} INFO - Started process (PID=6411) to work on /mnt/c/Users/Tilto/Desktop/Work/Airflow/dags/hook_dag.py
[2024-05-06T18:44:14.165-0300] {processor.py:830} INFO - Processing file /mnt/c/Users/Tilto/Desktop/Work/Airflow/dags/hook_dag.py for tasks to queue
[2024-05-06T18:44:14.167-0300] {logging_mixin.py:188} INFO - [2024-05-06T18:44:14.166-0300] {dagbag.py:540} INFO - Filling up the DagBag from /mnt/c/Users/Tilto/Desktop/Work/Airflow/dags/hook_dag.py
[2024-05-06T18:44:14.200-0300] {processor.py:840} INFO - DAG(s) 'Hook_dag' retrieved from /mnt/c/Users/Tilto/Desktop/Work/Airflow/dags/hook_dag.py
[2024-05-06T18:44:14.214-0300] {logging_mixin.py:188} INFO - [2024-05-06T18:44:14.214-0300] {dag.py:3096} INFO - Sync 1 DAGs
[2024-05-06T18:44:14.227-0300] {logging_mixin.py:188} INFO - [2024-05-06T18:44:14.227-0300] {dag.py:3954} INFO - Setting next_dagrun for Hook_dag to None, run_after=None
[2024-05-06T18:44:14.808-0300] {processor.py:183} INFO - Processing /mnt/c/Users/Tilto/Desktop/Work/Airflow/dags/hook_dag.py took 0.649 seconds
[2024-05-06T18:44:25.382-0300] {processor.py:161} INFO - Started process (PID=6456) to work on /mnt/c/Users/Tilto/Desktop/Work/Airflow/dags/hook_dag.py
[2024-05-06T18:44:25.383-0300] {processor.py:830} INFO - Processing file /mnt/c/Users/Tilto/Desktop/Work/Airflow/dags/hook_dag.py for tasks to queue
[2024-05-06T18:44:25.385-0300] {logging_mixin.py:188} INFO - [2024-05-06T18:44:25.384-0300] {dagbag.py:540} INFO - Filling up the DagBag from /mnt/c/Users/Tilto/Desktop/Work/Airflow/dags/hook_dag.py
[2024-05-06T18:44:25.417-0300] {processor.py:840} INFO - DAG(s) 'Hook_dag' retrieved from /mnt/c/Users/Tilto/Desktop/Work/Airflow/dags/hook_dag.py
[2024-05-06T18:44:25.430-0300] {logging_mixin.py:188} INFO - [2024-05-06T18:44:25.429-0300] {dag.py:3096} INFO - Sync 1 DAGs
[2024-05-06T18:44:25.442-0300] {logging_mixin.py:188} INFO - [2024-05-06T18:44:25.442-0300] {dag.py:3954} INFO - Setting next_dagrun for Hook_dag to None, run_after=None
[2024-05-06T18:44:25.506-0300] {processor.py:183} INFO - Processing /mnt/c/Users/Tilto/Desktop/Work/Airflow/dags/hook_dag.py took 0.128 seconds
[2024-05-06T18:44:56.453-0300] {processor.py:161} INFO - Started process (PID=6586) to work on /mnt/c/Users/Tilto/Desktop/Work/Airflow/dags/hook_dag.py
[2024-05-06T18:44:56.454-0300] {processor.py:830} INFO - Processing file /mnt/c/Users/Tilto/Desktop/Work/Airflow/dags/hook_dag.py for tasks to queue
[2024-05-06T18:44:56.455-0300] {logging_mixin.py:188} INFO - [2024-05-06T18:44:56.455-0300] {dagbag.py:540} INFO - Filling up the DagBag from /mnt/c/Users/Tilto/Desktop/Work/Airflow/dags/hook_dag.py
[2024-05-06T18:44:56.481-0300] {processor.py:840} INFO - DAG(s) 'Hook_dag' retrieved from /mnt/c/Users/Tilto/Desktop/Work/Airflow/dags/hook_dag.py
[2024-05-06T18:44:56.604-0300] {logging_mixin.py:188} INFO - [2024-05-06T18:44:56.604-0300] {dag.py:3096} INFO - Sync 1 DAGs
[2024-05-06T18:44:56.616-0300] {logging_mixin.py:188} INFO - [2024-05-06T18:44:56.616-0300] {dag.py:3954} INFO - Setting next_dagrun for Hook_dag to None, run_after=None
[2024-05-06T18:44:56.679-0300] {processor.py:183} INFO - Processing /mnt/c/Users/Tilto/Desktop/Work/Airflow/dags/hook_dag.py took 0.231 seconds
[2024-05-06T18:50:59.230-0300] {processor.py:161} INFO - Started process (PID=8126) to work on /mnt/c/Users/Tilto/Desktop/Work/Airflow/dags/hook_dag.py
[2024-05-06T18:50:59.231-0300] {processor.py:830} INFO - Processing file /mnt/c/Users/Tilto/Desktop/Work/Airflow/dags/hook_dag.py for tasks to queue
[2024-05-06T18:50:59.232-0300] {logging_mixin.py:188} INFO - [2024-05-06T18:50:59.232-0300] {dagbag.py:540} INFO - Filling up the DagBag from /mnt/c/Users/Tilto/Desktop/Work/Airflow/dags/hook_dag.py
[2024-05-06T18:50:59.256-0300] {processor.py:840} INFO - DAG(s) 'Hook_dag' retrieved from /mnt/c/Users/Tilto/Desktop/Work/Airflow/dags/hook_dag.py
[2024-05-06T18:50:59.268-0300] {logging_mixin.py:188} INFO - [2024-05-06T18:50:59.268-0300] {dag.py:3096} INFO - Sync 1 DAGs
[2024-05-06T18:50:59.282-0300] {logging_mixin.py:188} INFO - [2024-05-06T18:50:59.281-0300] {dag.py:3954} INFO - Setting next_dagrun for Hook_dag to None, run_after=None
[2024-05-06T18:50:59.345-0300] {processor.py:183} INFO - Processing /mnt/c/Users/Tilto/Desktop/Work/Airflow/dags/hook_dag.py took 0.120 seconds
[2024-05-06T18:53:27.060-0300] {processor.py:161} INFO - Started process (PID=8732) to work on /mnt/c/Users/Tilto/Desktop/Work/Airflow/dags/hook_dag.py
[2024-05-06T18:53:27.062-0300] {processor.py:830} INFO - Processing file /mnt/c/Users/Tilto/Desktop/Work/Airflow/dags/hook_dag.py for tasks to queue
[2024-05-06T18:53:27.072-0300] {logging_mixin.py:188} INFO - [2024-05-06T18:53:27.064-0300] {dagbag.py:540} INFO - Filling up the DagBag from /mnt/c/Users/Tilto/Desktop/Work/Airflow/dags/hook_dag.py
[2024-05-06T18:53:27.107-0300] {processor.py:840} INFO - DAG(s) 'Hook_dag' retrieved from /mnt/c/Users/Tilto/Desktop/Work/Airflow/dags/hook_dag.py
[2024-05-06T18:53:27.300-0300] {logging_mixin.py:188} INFO - [2024-05-06T18:53:27.300-0300] {dag.py:3096} INFO - Sync 1 DAGs
[2024-05-06T18:53:27.310-0300] {logging_mixin.py:188} INFO - [2024-05-06T18:53:27.309-0300] {dag.py:3954} INFO - Setting next_dagrun for Hook_dag to None, run_after=None
[2024-05-06T18:53:27.371-0300] {processor.py:183} INFO - Processing /mnt/c/Users/Tilto/Desktop/Work/Airflow/dags/hook_dag.py took 0.318 seconds
[2024-05-06T18:55:55.485-0300] {processor.py:161} INFO - Started process (PID=9339) to work on /mnt/c/Users/Tilto/Desktop/Work/Airflow/dags/hook_dag.py
[2024-05-06T18:55:55.486-0300] {processor.py:830} INFO - Processing file /mnt/c/Users/Tilto/Desktop/Work/Airflow/dags/hook_dag.py for tasks to queue
[2024-05-06T18:55:55.487-0300] {logging_mixin.py:188} INFO - [2024-05-06T18:55:55.487-0300] {dagbag.py:540} INFO - Filling up the DagBag from /mnt/c/Users/Tilto/Desktop/Work/Airflow/dags/hook_dag.py
[2024-05-06T18:55:55.504-0300] {processor.py:840} INFO - DAG(s) 'Hook_dag' retrieved from /mnt/c/Users/Tilto/Desktop/Work/Airflow/dags/hook_dag.py
[2024-05-06T18:55:55.529-0300] {logging_mixin.py:188} INFO - [2024-05-06T18:55:55.528-0300] {dag.py:3096} INFO - Sync 1 DAGs
[2024-05-06T18:55:55.541-0300] {logging_mixin.py:188} INFO - [2024-05-06T18:55:55.540-0300] {dag.py:3954} INFO - Setting next_dagrun for Hook_dag to None, run_after=None
[2024-05-06T18:55:55.601-0300] {processor.py:183} INFO - Processing /mnt/c/Users/Tilto/Desktop/Work/Airflow/dags/hook_dag.py took 0.120 seconds
[2024-05-06T18:56:26.096-0300] {processor.py:161} INFO - Started process (PID=9467) to work on /mnt/c/Users/Tilto/Desktop/Work/Airflow/dags/hook_dag.py
[2024-05-06T18:56:26.097-0300] {processor.py:830} INFO - Processing file /mnt/c/Users/Tilto/Desktop/Work/Airflow/dags/hook_dag.py for tasks to queue
[2024-05-06T18:56:26.098-0300] {logging_mixin.py:188} INFO - [2024-05-06T18:56:26.098-0300] {dagbag.py:540} INFO - Filling up the DagBag from /mnt/c/Users/Tilto/Desktop/Work/Airflow/dags/hook_dag.py
[2024-05-06T18:56:26.116-0300] {processor.py:840} INFO - DAG(s) 'Hook_dag' retrieved from /mnt/c/Users/Tilto/Desktop/Work/Airflow/dags/hook_dag.py
[2024-05-06T18:56:26.140-0300] {logging_mixin.py:188} INFO - [2024-05-06T18:56:26.140-0300] {dag.py:3096} INFO - Sync 1 DAGs
[2024-05-06T18:56:26.151-0300] {logging_mixin.py:188} INFO - [2024-05-06T18:56:26.151-0300] {dag.py:3954} INFO - Setting next_dagrun for Hook_dag to None, run_after=None
[2024-05-06T18:56:26.258-0300] {processor.py:183} INFO - Processing /mnt/c/Users/Tilto/Desktop/Work/Airflow/dags/hook_dag.py took 0.166 seconds
[2024-05-06T18:56:56.711-0300] {processor.py:161} INFO - Started process (PID=9594) to work on /mnt/c/Users/Tilto/Desktop/Work/Airflow/dags/hook_dag.py
[2024-05-06T18:56:56.712-0300] {processor.py:830} INFO - Processing file /mnt/c/Users/Tilto/Desktop/Work/Airflow/dags/hook_dag.py for tasks to queue
[2024-05-06T18:56:56.712-0300] {logging_mixin.py:188} INFO - [2024-05-06T18:56:56.712-0300] {dagbag.py:540} INFO - Filling up the DagBag from /mnt/c/Users/Tilto/Desktop/Work/Airflow/dags/hook_dag.py
[2024-05-06T18:56:56.730-0300] {processor.py:840} INFO - DAG(s) 'Hook_dag' retrieved from /mnt/c/Users/Tilto/Desktop/Work/Airflow/dags/hook_dag.py
[2024-05-06T18:56:56.756-0300] {logging_mixin.py:188} INFO - [2024-05-06T18:56:56.755-0300] {dag.py:3096} INFO - Sync 1 DAGs
[2024-05-06T18:56:56.768-0300] {logging_mixin.py:188} INFO - [2024-05-06T18:56:56.768-0300] {dag.py:3954} INFO - Setting next_dagrun for Hook_dag to None, run_after=None
[2024-05-06T18:56:56.823-0300] {processor.py:183} INFO - Processing /mnt/c/Users/Tilto/Desktop/Work/Airflow/dags/hook_dag.py took 0.117 seconds
[2024-05-06T18:57:27.041-0300] {processor.py:161} INFO - Started process (PID=9721) to work on /mnt/c/Users/Tilto/Desktop/Work/Airflow/dags/hook_dag.py
[2024-05-06T18:57:27.042-0300] {processor.py:830} INFO - Processing file /mnt/c/Users/Tilto/Desktop/Work/Airflow/dags/hook_dag.py for tasks to queue
[2024-05-06T18:57:27.043-0300] {logging_mixin.py:188} INFO - [2024-05-06T18:57:27.043-0300] {dagbag.py:540} INFO - Filling up the DagBag from /mnt/c/Users/Tilto/Desktop/Work/Airflow/dags/hook_dag.py
[2024-05-06T18:57:27.061-0300] {processor.py:840} INFO - DAG(s) 'Hook_dag' retrieved from /mnt/c/Users/Tilto/Desktop/Work/Airflow/dags/hook_dag.py
[2024-05-06T18:57:27.086-0300] {logging_mixin.py:188} INFO - [2024-05-06T18:57:27.086-0300] {dag.py:3096} INFO - Sync 1 DAGs
[2024-05-06T18:57:27.099-0300] {logging_mixin.py:188} INFO - [2024-05-06T18:57:27.098-0300] {dag.py:3954} INFO - Setting next_dagrun for Hook_dag to None, run_after=None
[2024-05-06T18:57:27.159-0300] {processor.py:183} INFO - Processing /mnt/c/Users/Tilto/Desktop/Work/Airflow/dags/hook_dag.py took 0.123 seconds
[2024-05-06T18:57:46.168-0300] {processor.py:161} INFO - Started process (PID=9806) to work on /mnt/c/Users/Tilto/Desktop/Work/Airflow/dags/hook_dag.py
[2024-05-06T18:57:46.169-0300] {processor.py:830} INFO - Processing file /mnt/c/Users/Tilto/Desktop/Work/Airflow/dags/hook_dag.py for tasks to queue
[2024-05-06T18:57:46.170-0300] {logging_mixin.py:188} INFO - [2024-05-06T18:57:46.170-0300] {dagbag.py:540} INFO - Filling up the DagBag from /mnt/c/Users/Tilto/Desktop/Work/Airflow/dags/hook_dag.py
[2024-05-06T18:57:46.204-0300] {processor.py:840} INFO - DAG(s) 'Hook_dag' retrieved from /mnt/c/Users/Tilto/Desktop/Work/Airflow/dags/hook_dag.py
[2024-05-06T18:57:46.230-0300] {logging_mixin.py:188} INFO - [2024-05-06T18:57:46.230-0300] {dag.py:3096} INFO - Sync 1 DAGs
[2024-05-06T18:57:46.244-0300] {logging_mixin.py:188} INFO - [2024-05-06T18:57:46.244-0300] {dag.py:3954} INFO - Setting next_dagrun for Hook_dag to None, run_after=None
[2024-05-06T18:57:46.392-0300] {processor.py:183} INFO - Processing /mnt/c/Users/Tilto/Desktop/Work/Airflow/dags/hook_dag.py took 0.229 seconds
[2024-05-06T18:58:39.177-0300] {processor.py:161} INFO - Started process (PID=10054) to work on /mnt/c/Users/Tilto/Desktop/Work/Airflow/dags/hook_dag.py
[2024-05-06T18:58:39.179-0300] {processor.py:830} INFO - Processing file /mnt/c/Users/Tilto/Desktop/Work/Airflow/dags/hook_dag.py for tasks to queue
[2024-05-06T18:58:39.181-0300] {logging_mixin.py:188} INFO - [2024-05-06T18:58:39.180-0300] {dagbag.py:540} INFO - Filling up the DagBag from /mnt/c/Users/Tilto/Desktop/Work/Airflow/dags/hook_dag.py
[2024-05-06T18:58:39.205-0300] {processor.py:840} INFO - DAG(s) 'Hook_dag' retrieved from /mnt/c/Users/Tilto/Desktop/Work/Airflow/dags/hook_dag.py
[2024-05-06T18:58:39.224-0300] {logging_mixin.py:188} INFO - [2024-05-06T18:58:39.223-0300] {dag.py:3096} INFO - Sync 1 DAGs
[2024-05-06T18:58:39.243-0300] {logging_mixin.py:188} INFO - [2024-05-06T18:58:39.243-0300] {dag.py:3954} INFO - Setting next_dagrun for Hook_dag to None, run_after=None
[2024-05-06T18:58:39.320-0300] {processor.py:183} INFO - Processing /mnt/c/Users/Tilto/Desktop/Work/Airflow/dags/hook_dag.py took 0.148 seconds
[2024-05-06T18:59:10.012-0300] {processor.py:161} INFO - Started process (PID=10190) to work on /mnt/c/Users/Tilto/Desktop/Work/Airflow/dags/hook_dag.py
[2024-05-06T18:59:10.013-0300] {processor.py:830} INFO - Processing file /mnt/c/Users/Tilto/Desktop/Work/Airflow/dags/hook_dag.py for tasks to queue
[2024-05-06T18:59:10.014-0300] {logging_mixin.py:188} INFO - [2024-05-06T18:59:10.014-0300] {dagbag.py:540} INFO - Filling up the DagBag from /mnt/c/Users/Tilto/Desktop/Work/Airflow/dags/hook_dag.py
[2024-05-06T18:59:10.034-0300] {processor.py:840} INFO - DAG(s) 'Hook_dag' retrieved from /mnt/c/Users/Tilto/Desktop/Work/Airflow/dags/hook_dag.py
[2024-05-06T18:59:10.134-0300] {logging_mixin.py:188} INFO - [2024-05-06T18:59:10.134-0300] {dag.py:3096} INFO - Sync 1 DAGs
[2024-05-06T18:59:10.146-0300] {logging_mixin.py:188} INFO - [2024-05-06T18:59:10.146-0300] {dag.py:3954} INFO - Setting next_dagrun for Hook_dag to None, run_after=None
[2024-05-06T18:59:10.300-0300] {processor.py:183} INFO - Processing /mnt/c/Users/Tilto/Desktop/Work/Airflow/dags/hook_dag.py took 0.293 seconds
[2024-05-06T19:02:09.351-0300] {processor.py:161} INFO - Started process (PID=10935) to work on /mnt/c/Users/Tilto/Desktop/Work/Airflow/dags/hook_dag.py
[2024-05-06T19:02:09.352-0300] {processor.py:830} INFO - Processing file /mnt/c/Users/Tilto/Desktop/Work/Airflow/dags/hook_dag.py for tasks to queue
[2024-05-06T19:02:09.354-0300] {logging_mixin.py:188} INFO - [2024-05-06T19:02:09.353-0300] {dagbag.py:540} INFO - Filling up the DagBag from /mnt/c/Users/Tilto/Desktop/Work/Airflow/dags/hook_dag.py
[2024-05-06T19:02:09.391-0300] {processor.py:840} INFO - DAG(s) 'Hook_dag' retrieved from /mnt/c/Users/Tilto/Desktop/Work/Airflow/dags/hook_dag.py
[2024-05-06T19:02:09.422-0300] {logging_mixin.py:188} INFO - [2024-05-06T19:02:09.422-0300] {dag.py:3096} INFO - Sync 1 DAGs
[2024-05-06T19:02:09.435-0300] {logging_mixin.py:188} INFO - [2024-05-06T19:02:09.435-0300] {dag.py:3954} INFO - Setting next_dagrun for Hook_dag to None, run_after=None
[2024-05-06T19:02:09.499-0300] {processor.py:183} INFO - Processing /mnt/c/Users/Tilto/Desktop/Work/Airflow/dags/hook_dag.py took 0.153 seconds
[2024-05-06T19:02:39.987-0300] {processor.py:161} INFO - Started process (PID=11062) to work on /mnt/c/Users/Tilto/Desktop/Work/Airflow/dags/hook_dag.py
[2024-05-06T19:02:39.988-0300] {processor.py:830} INFO - Processing file /mnt/c/Users/Tilto/Desktop/Work/Airflow/dags/hook_dag.py for tasks to queue
[2024-05-06T19:02:39.989-0300] {logging_mixin.py:188} INFO - [2024-05-06T19:02:39.989-0300] {dagbag.py:540} INFO - Filling up the DagBag from /mnt/c/Users/Tilto/Desktop/Work/Airflow/dags/hook_dag.py
[2024-05-06T19:02:40.006-0300] {processor.py:840} INFO - DAG(s) 'Hook_dag' retrieved from /mnt/c/Users/Tilto/Desktop/Work/Airflow/dags/hook_dag.py
[2024-05-06T19:02:40.036-0300] {logging_mixin.py:188} INFO - [2024-05-06T19:02:40.036-0300] {dag.py:3096} INFO - Sync 1 DAGs
[2024-05-06T19:02:40.050-0300] {logging_mixin.py:188} INFO - [2024-05-06T19:02:40.049-0300] {dag.py:3954} INFO - Setting next_dagrun for Hook_dag to None, run_after=None
[2024-05-06T19:02:40.109-0300] {processor.py:183} INFO - Processing /mnt/c/Users/Tilto/Desktop/Work/Airflow/dags/hook_dag.py took 0.127 seconds
[2024-05-06T19:03:10.759-0300] {processor.py:161} INFO - Started process (PID=11191) to work on /mnt/c/Users/Tilto/Desktop/Work/Airflow/dags/hook_dag.py
[2024-05-06T19:03:10.760-0300] {processor.py:830} INFO - Processing file /mnt/c/Users/Tilto/Desktop/Work/Airflow/dags/hook_dag.py for tasks to queue
[2024-05-06T19:03:10.761-0300] {logging_mixin.py:188} INFO - [2024-05-06T19:03:10.761-0300] {dagbag.py:540} INFO - Filling up the DagBag from /mnt/c/Users/Tilto/Desktop/Work/Airflow/dags/hook_dag.py
[2024-05-06T19:03:10.781-0300] {processor.py:840} INFO - DAG(s) 'Hook_dag' retrieved from /mnt/c/Users/Tilto/Desktop/Work/Airflow/dags/hook_dag.py
[2024-05-06T19:03:10.807-0300] {logging_mixin.py:188} INFO - [2024-05-06T19:03:10.807-0300] {dag.py:3096} INFO - Sync 1 DAGs
[2024-05-06T19:03:10.821-0300] {logging_mixin.py:188} INFO - [2024-05-06T19:03:10.820-0300] {dag.py:3954} INFO - Setting next_dagrun for Hook_dag to None, run_after=None
[2024-05-06T19:03:10.914-0300] {processor.py:183} INFO - Processing /mnt/c/Users/Tilto/Desktop/Work/Airflow/dags/hook_dag.py took 0.159 seconds
[2024-05-06T19:03:41.068-0300] {processor.py:161} INFO - Started process (PID=11317) to work on /mnt/c/Users/Tilto/Desktop/Work/Airflow/dags/hook_dag.py
[2024-05-06T19:03:41.069-0300] {processor.py:830} INFO - Processing file /mnt/c/Users/Tilto/Desktop/Work/Airflow/dags/hook_dag.py for tasks to queue
[2024-05-06T19:03:41.070-0300] {logging_mixin.py:188} INFO - [2024-05-06T19:03:41.070-0300] {dagbag.py:540} INFO - Filling up the DagBag from /mnt/c/Users/Tilto/Desktop/Work/Airflow/dags/hook_dag.py
[2024-05-06T19:03:41.086-0300] {processor.py:840} INFO - DAG(s) 'Hook_dag' retrieved from /mnt/c/Users/Tilto/Desktop/Work/Airflow/dags/hook_dag.py
[2024-05-06T19:03:41.124-0300] {logging_mixin.py:188} INFO - [2024-05-06T19:03:41.123-0300] {dag.py:3096} INFO - Sync 1 DAGs
[2024-05-06T19:03:41.138-0300] {logging_mixin.py:188} INFO - [2024-05-06T19:03:41.138-0300] {dag.py:3954} INFO - Setting next_dagrun for Hook_dag to None, run_after=None
[2024-05-06T19:03:41.201-0300] {processor.py:183} INFO - Processing /mnt/c/Users/Tilto/Desktop/Work/Airflow/dags/hook_dag.py took 0.139 seconds
[2024-05-06T19:04:11.474-0300] {processor.py:161} INFO - Started process (PID=11447) to work on /mnt/c/Users/Tilto/Desktop/Work/Airflow/dags/hook_dag.py
[2024-05-06T19:04:11.475-0300] {processor.py:830} INFO - Processing file /mnt/c/Users/Tilto/Desktop/Work/Airflow/dags/hook_dag.py for tasks to queue
[2024-05-06T19:04:11.476-0300] {logging_mixin.py:188} INFO - [2024-05-06T19:04:11.475-0300] {dagbag.py:540} INFO - Filling up the DagBag from /mnt/c/Users/Tilto/Desktop/Work/Airflow/dags/hook_dag.py
[2024-05-06T19:04:11.491-0300] {processor.py:840} INFO - DAG(s) 'Hook_dag' retrieved from /mnt/c/Users/Tilto/Desktop/Work/Airflow/dags/hook_dag.py
[2024-05-06T19:04:11.519-0300] {logging_mixin.py:188} INFO - [2024-05-06T19:04:11.518-0300] {dag.py:3096} INFO - Sync 1 DAGs
[2024-05-06T19:04:11.530-0300] {logging_mixin.py:188} INFO - [2024-05-06T19:04:11.530-0300] {dag.py:3954} INFO - Setting next_dagrun for Hook_dag to None, run_after=None
[2024-05-06T19:04:11.583-0300] {processor.py:183} INFO - Processing /mnt/c/Users/Tilto/Desktop/Work/Airflow/dags/hook_dag.py took 0.116 seconds
[2024-05-06T19:04:42.115-0300] {processor.py:161} INFO - Started process (PID=11574) to work on /mnt/c/Users/Tilto/Desktop/Work/Airflow/dags/hook_dag.py
[2024-05-06T19:04:42.116-0300] {processor.py:830} INFO - Processing file /mnt/c/Users/Tilto/Desktop/Work/Airflow/dags/hook_dag.py for tasks to queue
[2024-05-06T19:04:42.118-0300] {logging_mixin.py:188} INFO - [2024-05-06T19:04:42.117-0300] {dagbag.py:540} INFO - Filling up the DagBag from /mnt/c/Users/Tilto/Desktop/Work/Airflow/dags/hook_dag.py
[2024-05-06T19:04:42.136-0300] {processor.py:840} INFO - DAG(s) 'Hook_dag' retrieved from /mnt/c/Users/Tilto/Desktop/Work/Airflow/dags/hook_dag.py
[2024-05-06T19:04:42.166-0300] {logging_mixin.py:188} INFO - [2024-05-06T19:04:42.166-0300] {dag.py:3096} INFO - Sync 1 DAGs
[2024-05-06T19:04:42.178-0300] {logging_mixin.py:188} INFO - [2024-05-06T19:04:42.178-0300] {dag.py:3954} INFO - Setting next_dagrun for Hook_dag to None, run_after=None
[2024-05-06T19:04:42.260-0300] {processor.py:183} INFO - Processing /mnt/c/Users/Tilto/Desktop/Work/Airflow/dags/hook_dag.py took 0.150 seconds
[2024-05-06T19:05:12.478-0300] {processor.py:161} INFO - Started process (PID=11701) to work on /mnt/c/Users/Tilto/Desktop/Work/Airflow/dags/hook_dag.py
[2024-05-06T19:05:12.479-0300] {processor.py:830} INFO - Processing file /mnt/c/Users/Tilto/Desktop/Work/Airflow/dags/hook_dag.py for tasks to queue
[2024-05-06T19:05:12.480-0300] {logging_mixin.py:188} INFO - [2024-05-06T19:05:12.480-0300] {dagbag.py:540} INFO - Filling up the DagBag from /mnt/c/Users/Tilto/Desktop/Work/Airflow/dags/hook_dag.py
[2024-05-06T19:05:12.497-0300] {processor.py:840} INFO - DAG(s) 'Hook_dag' retrieved from /mnt/c/Users/Tilto/Desktop/Work/Airflow/dags/hook_dag.py
[2024-05-06T19:05:12.521-0300] {logging_mixin.py:188} INFO - [2024-05-06T19:05:12.520-0300] {dag.py:3096} INFO - Sync 1 DAGs
[2024-05-06T19:05:12.532-0300] {logging_mixin.py:188} INFO - [2024-05-06T19:05:12.531-0300] {dag.py:3954} INFO - Setting next_dagrun for Hook_dag to None, run_after=None
[2024-05-06T19:05:12.589-0300] {processor.py:183} INFO - Processing /mnt/c/Users/Tilto/Desktop/Work/Airflow/dags/hook_dag.py took 0.115 seconds
[2024-05-06T19:05:42.937-0300] {processor.py:161} INFO - Started process (PID=11828) to work on /mnt/c/Users/Tilto/Desktop/Work/Airflow/dags/hook_dag.py
[2024-05-06T19:05:42.938-0300] {processor.py:830} INFO - Processing file /mnt/c/Users/Tilto/Desktop/Work/Airflow/dags/hook_dag.py for tasks to queue
[2024-05-06T19:05:42.939-0300] {logging_mixin.py:188} INFO - [2024-05-06T19:05:42.939-0300] {dagbag.py:540} INFO - Filling up the DagBag from /mnt/c/Users/Tilto/Desktop/Work/Airflow/dags/hook_dag.py
[2024-05-06T19:05:42.957-0300] {processor.py:840} INFO - DAG(s) 'Hook_dag' retrieved from /mnt/c/Users/Tilto/Desktop/Work/Airflow/dags/hook_dag.py
[2024-05-06T19:05:42.982-0300] {logging_mixin.py:188} INFO - [2024-05-06T19:05:42.982-0300] {dag.py:3096} INFO - Sync 1 DAGs
[2024-05-06T19:05:42.994-0300] {logging_mixin.py:188} INFO - [2024-05-06T19:05:42.994-0300] {dag.py:3954} INFO - Setting next_dagrun for Hook_dag to None, run_after=None
[2024-05-06T19:05:43.052-0300] {processor.py:183} INFO - Processing /mnt/c/Users/Tilto/Desktop/Work/Airflow/dags/hook_dag.py took 0.119 seconds
[2024-05-06T19:06:10.398-0300] {processor.py:161} INFO - Started process (PID=11943) to work on /mnt/c/Users/Tilto/Desktop/Work/Airflow/dags/hook_dag.py
[2024-05-06T19:06:10.400-0300] {processor.py:830} INFO - Processing file /mnt/c/Users/Tilto/Desktop/Work/Airflow/dags/hook_dag.py for tasks to queue
[2024-05-06T19:06:10.401-0300] {logging_mixin.py:188} INFO - [2024-05-06T19:06:10.401-0300] {dagbag.py:540} INFO - Filling up the DagBag from /mnt/c/Users/Tilto/Desktop/Work/Airflow/dags/hook_dag.py
[2024-05-06T19:06:10.443-0300] {processor.py:840} INFO - DAG(s) 'hook_dag' retrieved from /mnt/c/Users/Tilto/Desktop/Work/Airflow/dags/hook_dag.py
[2024-05-06T19:06:10.607-0300] {logging_mixin.py:188} INFO - [2024-05-06T19:06:10.606-0300] {override.py:1829} INFO - Created Permission View: can read on DAG:hook_dag
[2024-05-06T19:06:10.651-0300] {logging_mixin.py:188} INFO - [2024-05-06T19:06:10.651-0300] {override.py:1829} INFO - Created Permission View: can edit on DAG:hook_dag
[2024-05-06T19:06:10.695-0300] {logging_mixin.py:188} INFO - [2024-05-06T19:06:10.694-0300] {override.py:1829} INFO - Created Permission View: can delete on DAG:hook_dag
[2024-05-06T19:06:10.696-0300] {logging_mixin.py:188} INFO - [2024-05-06T19:06:10.695-0300] {dag.py:3096} INFO - Sync 1 DAGs
[2024-05-06T19:06:10.714-0300] {logging_mixin.py:188} INFO - [2024-05-06T19:06:10.714-0300] {dag.py:3118} INFO - Creating ORM DAG for hook_dag
[2024-05-06T19:06:10.715-0300] {logging_mixin.py:188} INFO - [2024-05-06T19:06:10.715-0300] {dag.py:3954} INFO - Setting next_dagrun for hook_dag to None, run_after=None
[2024-05-06T19:06:10.782-0300] {processor.py:183} INFO - Processing /mnt/c/Users/Tilto/Desktop/Work/Airflow/dags/hook_dag.py took 0.390 seconds
[2024-05-06T19:06:41.124-0300] {processor.py:161} INFO - Started process (PID=12071) to work on /mnt/c/Users/Tilto/Desktop/Work/Airflow/dags/hook_dag.py
[2024-05-06T19:06:41.125-0300] {processor.py:830} INFO - Processing file /mnt/c/Users/Tilto/Desktop/Work/Airflow/dags/hook_dag.py for tasks to queue
[2024-05-06T19:06:41.126-0300] {logging_mixin.py:188} INFO - [2024-05-06T19:06:41.126-0300] {dagbag.py:540} INFO - Filling up the DagBag from /mnt/c/Users/Tilto/Desktop/Work/Airflow/dags/hook_dag.py
[2024-05-06T19:06:41.144-0300] {processor.py:840} INFO - DAG(s) 'hook_dag' retrieved from /mnt/c/Users/Tilto/Desktop/Work/Airflow/dags/hook_dag.py
[2024-05-06T19:06:41.171-0300] {logging_mixin.py:188} INFO - [2024-05-06T19:06:41.171-0300] {dag.py:3096} INFO - Sync 1 DAGs
[2024-05-06T19:06:41.185-0300] {logging_mixin.py:188} INFO - [2024-05-06T19:06:41.185-0300] {dag.py:3954} INFO - Setting next_dagrun for hook_dag to None, run_after=None
[2024-05-06T19:06:41.246-0300] {processor.py:183} INFO - Processing /mnt/c/Users/Tilto/Desktop/Work/Airflow/dags/hook_dag.py took 0.128 seconds
[2024-05-06T19:06:56.132-0300] {processor.py:161} INFO - Started process (PID=12155) to work on /mnt/c/Users/Tilto/Desktop/Work/Airflow/dags/hook_dag.py
[2024-05-06T19:06:56.132-0300] {processor.py:830} INFO - Processing file /mnt/c/Users/Tilto/Desktop/Work/Airflow/dags/hook_dag.py for tasks to queue
[2024-05-06T19:06:56.134-0300] {logging_mixin.py:188} INFO - [2024-05-06T19:06:56.134-0300] {dagbag.py:540} INFO - Filling up the DagBag from /mnt/c/Users/Tilto/Desktop/Work/Airflow/dags/hook_dag.py
[2024-05-06T19:06:56.156-0300] {processor.py:840} INFO - DAG(s) 'hook_dag' retrieved from /mnt/c/Users/Tilto/Desktop/Work/Airflow/dags/hook_dag.py
[2024-05-06T19:06:56.168-0300] {logging_mixin.py:188} INFO - [2024-05-06T19:06:56.168-0300] {dag.py:3096} INFO - Sync 1 DAGs
[2024-05-06T19:06:56.181-0300] {logging_mixin.py:188} INFO - [2024-05-06T19:06:56.181-0300] {dag.py:3954} INFO - Setting next_dagrun for hook_dag to None, run_after=None
[2024-05-06T19:06:56.243-0300] {processor.py:183} INFO - Processing /mnt/c/Users/Tilto/Desktop/Work/Airflow/dags/hook_dag.py took 0.115 seconds
[2024-05-06T19:07:26.824-0300] {processor.py:161} INFO - Started process (PID=12287) to work on /mnt/c/Users/Tilto/Desktop/Work/Airflow/dags/hook_dag.py
[2024-05-06T19:07:26.825-0300] {processor.py:830} INFO - Processing file /mnt/c/Users/Tilto/Desktop/Work/Airflow/dags/hook_dag.py for tasks to queue
[2024-05-06T19:07:26.826-0300] {logging_mixin.py:188} INFO - [2024-05-06T19:07:26.826-0300] {dagbag.py:540} INFO - Filling up the DagBag from /mnt/c/Users/Tilto/Desktop/Work/Airflow/dags/hook_dag.py
[2024-05-06T19:07:26.848-0300] {processor.py:840} INFO - DAG(s) 'hook_dag' retrieved from /mnt/c/Users/Tilto/Desktop/Work/Airflow/dags/hook_dag.py
[2024-05-06T19:07:27.008-0300] {logging_mixin.py:188} INFO - [2024-05-06T19:07:27.008-0300] {dag.py:3096} INFO - Sync 1 DAGs
[2024-05-06T19:07:27.021-0300] {logging_mixin.py:188} INFO - [2024-05-06T19:07:27.021-0300] {dag.py:3954} INFO - Setting next_dagrun for hook_dag to None, run_after=None
[2024-05-06T19:07:27.084-0300] {processor.py:183} INFO - Processing /mnt/c/Users/Tilto/Desktop/Work/Airflow/dags/hook_dag.py took 0.264 seconds
[2024-05-06T19:07:57.616-0300] {processor.py:161} INFO - Started process (PID=12416) to work on /mnt/c/Users/Tilto/Desktop/Work/Airflow/dags/hook_dag.py
[2024-05-06T19:07:57.617-0300] {processor.py:830} INFO - Processing file /mnt/c/Users/Tilto/Desktop/Work/Airflow/dags/hook_dag.py for tasks to queue
[2024-05-06T19:07:57.619-0300] {logging_mixin.py:188} INFO - [2024-05-06T19:07:57.618-0300] {dagbag.py:540} INFO - Filling up the DagBag from /mnt/c/Users/Tilto/Desktop/Work/Airflow/dags/hook_dag.py
[2024-05-06T19:07:57.642-0300] {processor.py:840} INFO - DAG(s) 'hook_dag' retrieved from /mnt/c/Users/Tilto/Desktop/Work/Airflow/dags/hook_dag.py
[2024-05-06T19:07:57.674-0300] {logging_mixin.py:188} INFO - [2024-05-06T19:07:57.674-0300] {dag.py:3096} INFO - Sync 1 DAGs
[2024-05-06T19:07:57.689-0300] {logging_mixin.py:188} INFO - [2024-05-06T19:07:57.689-0300] {dag.py:3954} INFO - Setting next_dagrun for hook_dag to None, run_after=None
[2024-05-06T19:07:57.749-0300] {processor.py:183} INFO - Processing /mnt/c/Users/Tilto/Desktop/Work/Airflow/dags/hook_dag.py took 0.137 seconds
[2024-05-06T19:08:28.046-0300] {processor.py:161} INFO - Started process (PID=12544) to work on /mnt/c/Users/Tilto/Desktop/Work/Airflow/dags/hook_dag.py
[2024-05-06T19:08:28.047-0300] {processor.py:830} INFO - Processing file /mnt/c/Users/Tilto/Desktop/Work/Airflow/dags/hook_dag.py for tasks to queue
[2024-05-06T19:08:28.048-0300] {logging_mixin.py:188} INFO - [2024-05-06T19:08:28.047-0300] {dagbag.py:540} INFO - Filling up the DagBag from /mnt/c/Users/Tilto/Desktop/Work/Airflow/dags/hook_dag.py
[2024-05-06T19:08:28.069-0300] {processor.py:840} INFO - DAG(s) 'hook_dag' retrieved from /mnt/c/Users/Tilto/Desktop/Work/Airflow/dags/hook_dag.py
[2024-05-06T19:08:28.096-0300] {logging_mixin.py:188} INFO - [2024-05-06T19:08:28.095-0300] {dag.py:3096} INFO - Sync 1 DAGs
[2024-05-06T19:08:28.108-0300] {logging_mixin.py:188} INFO - [2024-05-06T19:08:28.108-0300] {dag.py:3954} INFO - Setting next_dagrun for hook_dag to None, run_after=None
[2024-05-06T19:08:28.167-0300] {processor.py:183} INFO - Processing /mnt/c/Users/Tilto/Desktop/Work/Airflow/dags/hook_dag.py took 0.126 seconds
[2024-05-06T19:12:43.281-0300] {processor.py:161} INFO - Started process (PID=13590) to work on /mnt/c/Users/Tilto/Desktop/Work/Airflow/dags/hook_dag.py
[2024-05-06T19:12:43.282-0300] {processor.py:830} INFO - Processing file /mnt/c/Users/Tilto/Desktop/Work/Airflow/dags/hook_dag.py for tasks to queue
[2024-05-06T19:12:43.283-0300] {logging_mixin.py:188} INFO - [2024-05-06T19:12:43.283-0300] {dagbag.py:540} INFO - Filling up the DagBag from /mnt/c/Users/Tilto/Desktop/Work/Airflow/dags/hook_dag.py
[2024-05-06T19:12:43.305-0300] {processor.py:840} INFO - DAG(s) 'hook_dag' retrieved from /mnt/c/Users/Tilto/Desktop/Work/Airflow/dags/hook_dag.py
[2024-05-06T19:12:43.317-0300] {logging_mixin.py:188} INFO - [2024-05-06T19:12:43.317-0300] {dag.py:3096} INFO - Sync 1 DAGs
[2024-05-06T19:12:43.330-0300] {logging_mixin.py:188} INFO - [2024-05-06T19:12:43.329-0300] {dag.py:3954} INFO - Setting next_dagrun for hook_dag to None, run_after=None
[2024-05-06T19:12:43.394-0300] {processor.py:183} INFO - Processing /mnt/c/Users/Tilto/Desktop/Work/Airflow/dags/hook_dag.py took 0.118 seconds
[2024-05-06T19:13:13.879-0300] {processor.py:161} INFO - Started process (PID=13726) to work on /mnt/c/Users/Tilto/Desktop/Work/Airflow/dags/hook_dag.py
[2024-05-06T19:13:13.880-0300] {processor.py:830} INFO - Processing file /mnt/c/Users/Tilto/Desktop/Work/Airflow/dags/hook_dag.py for tasks to queue
[2024-05-06T19:13:13.882-0300] {logging_mixin.py:188} INFO - [2024-05-06T19:13:13.882-0300] {dagbag.py:540} INFO - Filling up the DagBag from /mnt/c/Users/Tilto/Desktop/Work/Airflow/dags/hook_dag.py
[2024-05-06T19:13:13.909-0300] {processor.py:840} INFO - DAG(s) 'hook_dag' retrieved from /mnt/c/Users/Tilto/Desktop/Work/Airflow/dags/hook_dag.py
[2024-05-06T19:13:14.071-0300] {logging_mixin.py:188} INFO - [2024-05-06T19:13:14.071-0300] {dag.py:3096} INFO - Sync 1 DAGs
[2024-05-06T19:13:14.083-0300] {logging_mixin.py:188} INFO - [2024-05-06T19:13:14.083-0300] {dag.py:3954} INFO - Setting next_dagrun for hook_dag to None, run_after=None
[2024-05-06T19:13:14.146-0300] {processor.py:183} INFO - Processing /mnt/c/Users/Tilto/Desktop/Work/Airflow/dags/hook_dag.py took 0.274 seconds
[2024-05-06T19:13:44.586-0300] {processor.py:161} INFO - Started process (PID=13859) to work on /mnt/c/Users/Tilto/Desktop/Work/Airflow/dags/hook_dag.py
[2024-05-06T19:13:44.587-0300] {processor.py:830} INFO - Processing file /mnt/c/Users/Tilto/Desktop/Work/Airflow/dags/hook_dag.py for tasks to queue
[2024-05-06T19:13:44.588-0300] {logging_mixin.py:188} INFO - [2024-05-06T19:13:44.588-0300] {dagbag.py:540} INFO - Filling up the DagBag from /mnt/c/Users/Tilto/Desktop/Work/Airflow/dags/hook_dag.py
[2024-05-06T19:13:44.609-0300] {processor.py:840} INFO - DAG(s) 'hook_dag' retrieved from /mnt/c/Users/Tilto/Desktop/Work/Airflow/dags/hook_dag.py
[2024-05-06T19:13:44.635-0300] {logging_mixin.py:188} INFO - [2024-05-06T19:13:44.635-0300] {dag.py:3096} INFO - Sync 1 DAGs
[2024-05-06T19:13:44.649-0300] {logging_mixin.py:188} INFO - [2024-05-06T19:13:44.649-0300] {dag.py:3954} INFO - Setting next_dagrun for hook_dag to None, run_after=None
[2024-05-06T19:13:44.706-0300] {processor.py:183} INFO - Processing /mnt/c/Users/Tilto/Desktop/Work/Airflow/dags/hook_dag.py took 0.126 seconds
[2024-05-06T19:14:14.850-0300] {processor.py:161} INFO - Started process (PID=13985) to work on /mnt/c/Users/Tilto/Desktop/Work/Airflow/dags/hook_dag.py
[2024-05-06T19:14:14.851-0300] {processor.py:830} INFO - Processing file /mnt/c/Users/Tilto/Desktop/Work/Airflow/dags/hook_dag.py for tasks to queue
[2024-05-06T19:14:14.852-0300] {logging_mixin.py:188} INFO - [2024-05-06T19:14:14.852-0300] {dagbag.py:540} INFO - Filling up the DagBag from /mnt/c/Users/Tilto/Desktop/Work/Airflow/dags/hook_dag.py
[2024-05-06T19:14:14.873-0300] {processor.py:840} INFO - DAG(s) 'hook_dag' retrieved from /mnt/c/Users/Tilto/Desktop/Work/Airflow/dags/hook_dag.py
[2024-05-06T19:14:14.900-0300] {logging_mixin.py:188} INFO - [2024-05-06T19:14:14.900-0300] {dag.py:3096} INFO - Sync 1 DAGs
[2024-05-06T19:14:14.912-0300] {logging_mixin.py:188} INFO - [2024-05-06T19:14:14.912-0300] {dag.py:3954} INFO - Setting next_dagrun for hook_dag to None, run_after=None
[2024-05-06T19:14:15.050-0300] {processor.py:183} INFO - Processing /mnt/c/Users/Tilto/Desktop/Work/Airflow/dags/hook_dag.py took 0.204 seconds
[2024-05-06T19:14:45.388-0300] {processor.py:161} INFO - Started process (PID=14112) to work on /mnt/c/Users/Tilto/Desktop/Work/Airflow/dags/hook_dag.py
[2024-05-06T19:14:45.389-0300] {processor.py:830} INFO - Processing file /mnt/c/Users/Tilto/Desktop/Work/Airflow/dags/hook_dag.py for tasks to queue
[2024-05-06T19:14:45.390-0300] {logging_mixin.py:188} INFO - [2024-05-06T19:14:45.390-0300] {dagbag.py:540} INFO - Filling up the DagBag from /mnt/c/Users/Tilto/Desktop/Work/Airflow/dags/hook_dag.py
[2024-05-06T19:14:45.406-0300] {processor.py:840} INFO - DAG(s) 'hook_dag' retrieved from /mnt/c/Users/Tilto/Desktop/Work/Airflow/dags/hook_dag.py
[2024-05-06T19:14:45.430-0300] {logging_mixin.py:188} INFO - [2024-05-06T19:14:45.429-0300] {dag.py:3096} INFO - Sync 1 DAGs
[2024-05-06T19:14:45.442-0300] {logging_mixin.py:188} INFO - [2024-05-06T19:14:45.442-0300] {dag.py:3954} INFO - Setting next_dagrun for hook_dag to None, run_after=None
[2024-05-06T19:14:45.491-0300] {processor.py:183} INFO - Processing /mnt/c/Users/Tilto/Desktop/Work/Airflow/dags/hook_dag.py took 0.108 seconds
[2024-05-06T19:15:15.611-0300] {processor.py:161} INFO - Started process (PID=14238) to work on /mnt/c/Users/Tilto/Desktop/Work/Airflow/dags/hook_dag.py
[2024-05-06T19:15:15.612-0300] {processor.py:830} INFO - Processing file /mnt/c/Users/Tilto/Desktop/Work/Airflow/dags/hook_dag.py for tasks to queue
[2024-05-06T19:15:15.614-0300] {logging_mixin.py:188} INFO - [2024-05-06T19:15:15.614-0300] {dagbag.py:540} INFO - Filling up the DagBag from /mnt/c/Users/Tilto/Desktop/Work/Airflow/dags/hook_dag.py
[2024-05-06T19:15:15.631-0300] {processor.py:840} INFO - DAG(s) 'hook_dag' retrieved from /mnt/c/Users/Tilto/Desktop/Work/Airflow/dags/hook_dag.py
[2024-05-06T19:15:15.654-0300] {logging_mixin.py:188} INFO - [2024-05-06T19:15:15.653-0300] {dag.py:3096} INFO - Sync 1 DAGs
[2024-05-06T19:15:15.665-0300] {logging_mixin.py:188} INFO - [2024-05-06T19:15:15.665-0300] {dag.py:3954} INFO - Setting next_dagrun for hook_dag to None, run_after=None
[2024-05-06T19:15:15.715-0300] {processor.py:183} INFO - Processing /mnt/c/Users/Tilto/Desktop/Work/Airflow/dags/hook_dag.py took 0.108 seconds
[2024-05-06T19:15:46.324-0300] {processor.py:161} INFO - Started process (PID=14369) to work on /mnt/c/Users/Tilto/Desktop/Work/Airflow/dags/hook_dag.py
[2024-05-06T19:15:46.324-0300] {processor.py:830} INFO - Processing file /mnt/c/Users/Tilto/Desktop/Work/Airflow/dags/hook_dag.py for tasks to queue
[2024-05-06T19:15:46.326-0300] {logging_mixin.py:188} INFO - [2024-05-06T19:15:46.326-0300] {dagbag.py:540} INFO - Filling up the DagBag from /mnt/c/Users/Tilto/Desktop/Work/Airflow/dags/hook_dag.py
[2024-05-06T19:15:46.343-0300] {processor.py:840} INFO - DAG(s) 'hook_dag' retrieved from /mnt/c/Users/Tilto/Desktop/Work/Airflow/dags/hook_dag.py
[2024-05-06T19:15:46.366-0300] {logging_mixin.py:188} INFO - [2024-05-06T19:15:46.366-0300] {dag.py:3096} INFO - Sync 1 DAGs
[2024-05-06T19:15:46.377-0300] {logging_mixin.py:188} INFO - [2024-05-06T19:15:46.377-0300] {dag.py:3954} INFO - Setting next_dagrun for hook_dag to None, run_after=None
[2024-05-06T19:15:46.429-0300] {processor.py:183} INFO - Processing /mnt/c/Users/Tilto/Desktop/Work/Airflow/dags/hook_dag.py took 0.109 seconds
[2024-05-06T19:16:16.866-0300] {processor.py:161} INFO - Started process (PID=14496) to work on /mnt/c/Users/Tilto/Desktop/Work/Airflow/dags/hook_dag.py
[2024-05-06T19:16:16.867-0300] {processor.py:830} INFO - Processing file /mnt/c/Users/Tilto/Desktop/Work/Airflow/dags/hook_dag.py for tasks to queue
[2024-05-06T19:16:16.868-0300] {logging_mixin.py:188} INFO - [2024-05-06T19:16:16.868-0300] {dagbag.py:540} INFO - Filling up the DagBag from /mnt/c/Users/Tilto/Desktop/Work/Airflow/dags/hook_dag.py
[2024-05-06T19:16:16.885-0300] {processor.py:840} INFO - DAG(s) 'hook_dag' retrieved from /mnt/c/Users/Tilto/Desktop/Work/Airflow/dags/hook_dag.py
[2024-05-06T19:16:16.908-0300] {logging_mixin.py:188} INFO - [2024-05-06T19:16:16.908-0300] {dag.py:3096} INFO - Sync 1 DAGs
[2024-05-06T19:16:16.921-0300] {logging_mixin.py:188} INFO - [2024-05-06T19:16:16.921-0300] {dag.py:3954} INFO - Setting next_dagrun for hook_dag to None, run_after=None
[2024-05-06T19:16:16.973-0300] {processor.py:183} INFO - Processing /mnt/c/Users/Tilto/Desktop/Work/Airflow/dags/hook_dag.py took 0.112 seconds
[2024-05-06T19:18:52.787-0300] {processor.py:161} INFO - Started process (PID=15139) to work on /mnt/c/Users/Tilto/Desktop/Work/Airflow/dags/hook_dag.py
[2024-05-06T19:18:52.788-0300] {processor.py:830} INFO - Processing file /mnt/c/Users/Tilto/Desktop/Work/Airflow/dags/hook_dag.py for tasks to queue
[2024-05-06T19:18:52.789-0300] {logging_mixin.py:188} INFO - [2024-05-06T19:18:52.789-0300] {dagbag.py:540} INFO - Filling up the DagBag from /mnt/c/Users/Tilto/Desktop/Work/Airflow/dags/hook_dag.py
[2024-05-06T19:18:52.820-0300] {processor.py:840} INFO - DAG(s) 'Hook_dag' retrieved from /mnt/c/Users/Tilto/Desktop/Work/Airflow/dags/hook_dag.py
[2024-05-06T19:18:52.933-0300] {logging_mixin.py:188} INFO - [2024-05-06T19:18:52.933-0300] {dag.py:3096} INFO - Sync 1 DAGs
[2024-05-06T19:18:52.945-0300] {logging_mixin.py:188} INFO - [2024-05-06T19:18:52.945-0300] {dag.py:3954} INFO - Setting next_dagrun for Hook_dag to None, run_after=None
[2024-05-06T19:18:53.052-0300] {processor.py:183} INFO - Processing /mnt/c/Users/Tilto/Desktop/Work/Airflow/dags/hook_dag.py took 0.269 seconds
[2024-05-06T19:19:23.579-0300] {processor.py:161} INFO - Started process (PID=15267) to work on /mnt/c/Users/Tilto/Desktop/Work/Airflow/dags/hook_dag.py
[2024-05-06T19:19:23.580-0300] {processor.py:830} INFO - Processing file /mnt/c/Users/Tilto/Desktop/Work/Airflow/dags/hook_dag.py for tasks to queue
[2024-05-06T19:19:23.581-0300] {logging_mixin.py:188} INFO - [2024-05-06T19:19:23.581-0300] {dagbag.py:540} INFO - Filling up the DagBag from /mnt/c/Users/Tilto/Desktop/Work/Airflow/dags/hook_dag.py
[2024-05-06T19:19:23.602-0300] {logging_mixin.py:188} INFO - [2024-05-06T19:19:23.600-0300] {dagbag.py:350} ERROR - Failed to import: /mnt/c/Users/Tilto/Desktop/Work/Airflow/dags/hook_dag.py
Traceback (most recent call last):
  File "/usr/local/lib/python3.10/dist-packages/airflow/models/dagbag.py", line 346, in parse
    loader.exec_module(new_module)
  File "<frozen importlib._bootstrap_external>", line 879, in exec_module
  File "<frozen importlib._bootstrap_external>", line 1017, in get_code
  File "<frozen importlib._bootstrap_external>", line 947, in source_to_code
  File "<frozen importlib._bootstrap>", line 241, in _call_with_frames_removed
  File "/mnt/c/Users/Tilto/Desktop/Work/Airflow/dags/hook_dag.py", line 17
    lines = "'
            ^
SyntaxError: unterminated string literal (detected at line 17)
[2024-05-06T19:19:23.602-0300] {processor.py:842} WARNING - No viable dags retrieved from /mnt/c/Users/Tilto/Desktop/Work/Airflow/dags/hook_dag.py
[2024-05-06T19:19:23.640-0300] {processor.py:183} INFO - Processing /mnt/c/Users/Tilto/Desktop/Work/Airflow/dags/hook_dag.py took 0.065 seconds
[2024-05-06T19:19:30.119-0300] {processor.py:161} INFO - Started process (PID=15298) to work on /mnt/c/Users/Tilto/Desktop/Work/Airflow/dags/hook_dag.py
[2024-05-06T19:19:30.120-0300] {processor.py:830} INFO - Processing file /mnt/c/Users/Tilto/Desktop/Work/Airflow/dags/hook_dag.py for tasks to queue
[2024-05-06T19:19:30.121-0300] {logging_mixin.py:188} INFO - [2024-05-06T19:19:30.120-0300] {dagbag.py:540} INFO - Filling up the DagBag from /mnt/c/Users/Tilto/Desktop/Work/Airflow/dags/hook_dag.py
[2024-05-06T19:19:30.140-0300] {logging_mixin.py:188} INFO - [2024-05-06T19:19:30.140-0300] {dagbag.py:350} ERROR - Failed to import: /mnt/c/Users/Tilto/Desktop/Work/Airflow/dags/hook_dag.py
Traceback (most recent call last):
  File "/usr/local/lib/python3.10/dist-packages/airflow/models/dagbag.py", line 346, in parse
    loader.exec_module(new_module)
  File "<frozen importlib._bootstrap_external>", line 879, in exec_module
  File "<frozen importlib._bootstrap_external>", line 1017, in get_code
  File "<frozen importlib._bootstrap_external>", line 947, in source_to_code
  File "<frozen importlib._bootstrap>", line 241, in _call_with_frames_removed
  File "/mnt/c/Users/Tilto/Desktop/Work/Airflow/dags/hook_dag.py", line 17
    lines = '"''
               ^
SyntaxError: unterminated string literal (detected at line 17)
[2024-05-06T19:19:30.141-0300] {processor.py:842} WARNING - No viable dags retrieved from /mnt/c/Users/Tilto/Desktop/Work/Airflow/dags/hook_dag.py
[2024-05-06T19:19:30.177-0300] {processor.py:183} INFO - Processing /mnt/c/Users/Tilto/Desktop/Work/Airflow/dags/hook_dag.py took 0.063 seconds
[2024-05-06T19:19:32.638-0300] {processor.py:161} INFO - Started process (PID=15310) to work on /mnt/c/Users/Tilto/Desktop/Work/Airflow/dags/hook_dag.py
[2024-05-06T19:19:32.639-0300] {processor.py:830} INFO - Processing file /mnt/c/Users/Tilto/Desktop/Work/Airflow/dags/hook_dag.py for tasks to queue
[2024-05-06T19:19:32.640-0300] {logging_mixin.py:188} INFO - [2024-05-06T19:19:32.640-0300] {dagbag.py:540} INFO - Filling up the DagBag from /mnt/c/Users/Tilto/Desktop/Work/Airflow/dags/hook_dag.py
[2024-05-06T19:19:32.671-0300] {processor.py:840} INFO - DAG(s) 'Hook_dag' retrieved from /mnt/c/Users/Tilto/Desktop/Work/Airflow/dags/hook_dag.py
[2024-05-06T19:19:32.697-0300] {logging_mixin.py:188} INFO - [2024-05-06T19:19:32.697-0300] {dag.py:3096} INFO - Sync 1 DAGs
[2024-05-06T19:19:32.709-0300] {logging_mixin.py:188} INFO - [2024-05-06T19:19:32.709-0300] {dag.py:3954} INFO - Setting next_dagrun for Hook_dag to None, run_after=None
[2024-05-06T19:19:32.782-0300] {processor.py:183} INFO - Processing /mnt/c/Users/Tilto/Desktop/Work/Airflow/dags/hook_dag.py took 0.149 seconds
[2024-05-06T19:20:36.342-0300] {processor.py:161} INFO - Started process (PID=15840) to work on /mnt/c/Users/Tilto/Desktop/Work/Airflow/dags/hook_dag.py
[2024-05-06T19:20:36.343-0300] {processor.py:830} INFO - Processing file /mnt/c/Users/Tilto/Desktop/Work/Airflow/dags/hook_dag.py for tasks to queue
[2024-05-06T19:20:36.344-0300] {logging_mixin.py:188} INFO - [2024-05-06T19:20:36.344-0300] {dagbag.py:540} INFO - Filling up the DagBag from /mnt/c/Users/Tilto/Desktop/Work/Airflow/dags/hook_dag.py
[2024-05-06T19:20:36.366-0300] {processor.py:840} INFO - DAG(s) 'Hook_dag' retrieved from /mnt/c/Users/Tilto/Desktop/Work/Airflow/dags/hook_dag.py
[2024-05-06T19:20:36.378-0300] {logging_mixin.py:188} INFO - [2024-05-06T19:20:36.378-0300] {dag.py:3096} INFO - Sync 1 DAGs
[2024-05-06T19:20:36.390-0300] {logging_mixin.py:188} INFO - [2024-05-06T19:20:36.390-0300] {dag.py:3954} INFO - Setting next_dagrun for Hook_dag to None, run_after=None
[2024-05-06T19:20:36.450-0300] {processor.py:183} INFO - Processing /mnt/c/Users/Tilto/Desktop/Work/Airflow/dags/hook_dag.py took 0.112 seconds
[2024-05-06T19:21:07.199-0300] {processor.py:161} INFO - Started process (PID=15974) to work on /mnt/c/Users/Tilto/Desktop/Work/Airflow/dags/hook_dag.py
[2024-05-06T19:21:07.200-0300] {processor.py:830} INFO - Processing file /mnt/c/Users/Tilto/Desktop/Work/Airflow/dags/hook_dag.py for tasks to queue
[2024-05-06T19:21:07.202-0300] {logging_mixin.py:188} INFO - [2024-05-06T19:21:07.202-0300] {dagbag.py:540} INFO - Filling up the DagBag from /mnt/c/Users/Tilto/Desktop/Work/Airflow/dags/hook_dag.py
[2024-05-06T19:21:07.225-0300] {processor.py:840} INFO - DAG(s) 'Hook_dag' retrieved from /mnt/c/Users/Tilto/Desktop/Work/Airflow/dags/hook_dag.py
[2024-05-06T19:21:07.335-0300] {logging_mixin.py:188} INFO - [2024-05-06T19:21:07.335-0300] {dag.py:3096} INFO - Sync 1 DAGs
[2024-05-06T19:21:07.348-0300] {logging_mixin.py:188} INFO - [2024-05-06T19:21:07.348-0300] {dag.py:3954} INFO - Setting next_dagrun for Hook_dag to None, run_after=None
[2024-05-06T19:21:07.408-0300] {processor.py:183} INFO - Processing /mnt/c/Users/Tilto/Desktop/Work/Airflow/dags/hook_dag.py took 0.213 seconds
[2024-05-06T19:21:37.864-0300] {processor.py:161} INFO - Started process (PID=16101) to work on /mnt/c/Users/Tilto/Desktop/Work/Airflow/dags/hook_dag.py
[2024-05-06T19:21:37.865-0300] {processor.py:830} INFO - Processing file /mnt/c/Users/Tilto/Desktop/Work/Airflow/dags/hook_dag.py for tasks to queue
[2024-05-06T19:21:37.867-0300] {logging_mixin.py:188} INFO - [2024-05-06T19:21:37.867-0300] {dagbag.py:540} INFO - Filling up the DagBag from /mnt/c/Users/Tilto/Desktop/Work/Airflow/dags/hook_dag.py
[2024-05-06T19:21:37.910-0300] {processor.py:840} INFO - DAG(s) 'Hook_dag' retrieved from /mnt/c/Users/Tilto/Desktop/Work/Airflow/dags/hook_dag.py
[2024-05-06T19:21:37.968-0300] {logging_mixin.py:188} INFO - [2024-05-06T19:21:37.968-0300] {dag.py:3096} INFO - Sync 1 DAGs
[2024-05-06T19:21:37.990-0300] {logging_mixin.py:188} INFO - [2024-05-06T19:21:37.990-0300] {dag.py:3954} INFO - Setting next_dagrun for Hook_dag to None, run_after=None
[2024-05-06T19:21:38.061-0300] {processor.py:183} INFO - Processing /mnt/c/Users/Tilto/Desktop/Work/Airflow/dags/hook_dag.py took 0.201 seconds
[2024-05-06T19:22:08.322-0300] {processor.py:161} INFO - Started process (PID=16229) to work on /mnt/c/Users/Tilto/Desktop/Work/Airflow/dags/hook_dag.py
[2024-05-06T19:22:08.323-0300] {processor.py:830} INFO - Processing file /mnt/c/Users/Tilto/Desktop/Work/Airflow/dags/hook_dag.py for tasks to queue
[2024-05-06T19:22:08.325-0300] {logging_mixin.py:188} INFO - [2024-05-06T19:22:08.325-0300] {dagbag.py:540} INFO - Filling up the DagBag from /mnt/c/Users/Tilto/Desktop/Work/Airflow/dags/hook_dag.py
[2024-05-06T19:22:08.349-0300] {processor.py:840} INFO - DAG(s) 'Hook_dag' retrieved from /mnt/c/Users/Tilto/Desktop/Work/Airflow/dags/hook_dag.py
[2024-05-06T19:22:08.378-0300] {logging_mixin.py:188} INFO - [2024-05-06T19:22:08.378-0300] {dag.py:3096} INFO - Sync 1 DAGs
[2024-05-06T19:22:08.390-0300] {logging_mixin.py:188} INFO - [2024-05-06T19:22:08.390-0300] {dag.py:3954} INFO - Setting next_dagrun for Hook_dag to None, run_after=None
[2024-05-06T19:22:08.454-0300] {processor.py:183} INFO - Processing /mnt/c/Users/Tilto/Desktop/Work/Airflow/dags/hook_dag.py took 0.136 seconds
[2024-05-06T19:22:38.844-0300] {processor.py:161} INFO - Started process (PID=16357) to work on /mnt/c/Users/Tilto/Desktop/Work/Airflow/dags/hook_dag.py
[2024-05-06T19:22:38.845-0300] {processor.py:830} INFO - Processing file /mnt/c/Users/Tilto/Desktop/Work/Airflow/dags/hook_dag.py for tasks to queue
[2024-05-06T19:22:38.846-0300] {logging_mixin.py:188} INFO - [2024-05-06T19:22:38.846-0300] {dagbag.py:540} INFO - Filling up the DagBag from /mnt/c/Users/Tilto/Desktop/Work/Airflow/dags/hook_dag.py
[2024-05-06T19:22:38.869-0300] {processor.py:840} INFO - DAG(s) 'Hook_dag' retrieved from /mnt/c/Users/Tilto/Desktop/Work/Airflow/dags/hook_dag.py
[2024-05-06T19:22:38.903-0300] {logging_mixin.py:188} INFO - [2024-05-06T19:22:38.903-0300] {dag.py:3096} INFO - Sync 1 DAGs
[2024-05-06T19:22:38.916-0300] {logging_mixin.py:188} INFO - [2024-05-06T19:22:38.916-0300] {dag.py:3954} INFO - Setting next_dagrun for Hook_dag to None, run_after=None
[2024-05-06T19:22:38.985-0300] {processor.py:183} INFO - Processing /mnt/c/Users/Tilto/Desktop/Work/Airflow/dags/hook_dag.py took 0.147 seconds
[2024-05-06T19:23:09.257-0300] {processor.py:161} INFO - Started process (PID=16483) to work on /mnt/c/Users/Tilto/Desktop/Work/Airflow/dags/hook_dag.py
[2024-05-06T19:23:09.258-0300] {processor.py:830} INFO - Processing file /mnt/c/Users/Tilto/Desktop/Work/Airflow/dags/hook_dag.py for tasks to queue
[2024-05-06T19:23:09.260-0300] {logging_mixin.py:188} INFO - [2024-05-06T19:23:09.260-0300] {dagbag.py:540} INFO - Filling up the DagBag from /mnt/c/Users/Tilto/Desktop/Work/Airflow/dags/hook_dag.py
[2024-05-06T19:23:09.284-0300] {processor.py:840} INFO - DAG(s) 'Hook_dag' retrieved from /mnt/c/Users/Tilto/Desktop/Work/Airflow/dags/hook_dag.py
[2024-05-06T19:23:09.317-0300] {logging_mixin.py:188} INFO - [2024-05-06T19:23:09.317-0300] {dag.py:3096} INFO - Sync 1 DAGs
[2024-05-06T19:23:09.330-0300] {logging_mixin.py:188} INFO - [2024-05-06T19:23:09.330-0300] {dag.py:3954} INFO - Setting next_dagrun for Hook_dag to None, run_after=None
[2024-05-06T19:23:09.402-0300] {processor.py:183} INFO - Processing /mnt/c/Users/Tilto/Desktop/Work/Airflow/dags/hook_dag.py took 0.151 seconds
[2024-05-06T19:23:40.084-0300] {processor.py:161} INFO - Started process (PID=16612) to work on /mnt/c/Users/Tilto/Desktop/Work/Airflow/dags/hook_dag.py
[2024-05-06T19:23:40.085-0300] {processor.py:830} INFO - Processing file /mnt/c/Users/Tilto/Desktop/Work/Airflow/dags/hook_dag.py for tasks to queue
[2024-05-06T19:23:40.086-0300] {logging_mixin.py:188} INFO - [2024-05-06T19:23:40.086-0300] {dagbag.py:540} INFO - Filling up the DagBag from /mnt/c/Users/Tilto/Desktop/Work/Airflow/dags/hook_dag.py
[2024-05-06T19:23:40.106-0300] {processor.py:840} INFO - DAG(s) 'Hook_dag' retrieved from /mnt/c/Users/Tilto/Desktop/Work/Airflow/dags/hook_dag.py
[2024-05-06T19:23:40.131-0300] {logging_mixin.py:188} INFO - [2024-05-06T19:23:40.130-0300] {dag.py:3096} INFO - Sync 1 DAGs
[2024-05-06T19:23:40.143-0300] {logging_mixin.py:188} INFO - [2024-05-06T19:23:40.143-0300] {dag.py:3954} INFO - Setting next_dagrun for Hook_dag to None, run_after=None
[2024-05-06T19:23:40.204-0300] {processor.py:183} INFO - Processing /mnt/c/Users/Tilto/Desktop/Work/Airflow/dags/hook_dag.py took 0.124 seconds
[2024-05-06T19:24:10.484-0300] {processor.py:161} INFO - Started process (PID=16738) to work on /mnt/c/Users/Tilto/Desktop/Work/Airflow/dags/hook_dag.py
[2024-05-06T19:24:10.486-0300] {processor.py:830} INFO - Processing file /mnt/c/Users/Tilto/Desktop/Work/Airflow/dags/hook_dag.py for tasks to queue
[2024-05-06T19:24:10.489-0300] {logging_mixin.py:188} INFO - [2024-05-06T19:24:10.488-0300] {dagbag.py:540} INFO - Filling up the DagBag from /mnt/c/Users/Tilto/Desktop/Work/Airflow/dags/hook_dag.py
[2024-05-06T19:24:10.522-0300] {processor.py:840} INFO - DAG(s) 'Hook_dag' retrieved from /mnt/c/Users/Tilto/Desktop/Work/Airflow/dags/hook_dag.py
[2024-05-06T19:24:10.555-0300] {logging_mixin.py:188} INFO - [2024-05-06T19:24:10.555-0300] {dag.py:3096} INFO - Sync 1 DAGs
[2024-05-06T19:24:10.568-0300] {logging_mixin.py:188} INFO - [2024-05-06T19:24:10.568-0300] {dag.py:3954} INFO - Setting next_dagrun for Hook_dag to None, run_after=None
[2024-05-06T19:24:10.866-0300] {processor.py:183} INFO - Processing /mnt/c/Users/Tilto/Desktop/Work/Airflow/dags/hook_dag.py took 0.387 seconds
[2024-05-06T19:24:41.548-0300] {processor.py:161} INFO - Started process (PID=16867) to work on /mnt/c/Users/Tilto/Desktop/Work/Airflow/dags/hook_dag.py
[2024-05-06T19:24:41.548-0300] {processor.py:830} INFO - Processing file /mnt/c/Users/Tilto/Desktop/Work/Airflow/dags/hook_dag.py for tasks to queue
[2024-05-06T19:24:41.550-0300] {logging_mixin.py:188} INFO - [2024-05-06T19:24:41.550-0300] {dagbag.py:540} INFO - Filling up the DagBag from /mnt/c/Users/Tilto/Desktop/Work/Airflow/dags/hook_dag.py
[2024-05-06T19:24:41.571-0300] {processor.py:840} INFO - DAG(s) 'Hook_dag' retrieved from /mnt/c/Users/Tilto/Desktop/Work/Airflow/dags/hook_dag.py
[2024-05-06T19:24:41.597-0300] {logging_mixin.py:188} INFO - [2024-05-06T19:24:41.597-0300] {dag.py:3096} INFO - Sync 1 DAGs
[2024-05-06T19:24:41.609-0300] {logging_mixin.py:188} INFO - [2024-05-06T19:24:41.608-0300] {dag.py:3954} INFO - Setting next_dagrun for Hook_dag to None, run_after=None
[2024-05-06T19:24:41.666-0300] {processor.py:183} INFO - Processing /mnt/c/Users/Tilto/Desktop/Work/Airflow/dags/hook_dag.py took 0.123 seconds
[2024-05-06T19:25:08.646-0300] {processor.py:161} INFO - Started process (PID=16981) to work on /mnt/c/Users/Tilto/Desktop/Work/Airflow/dags/hook_dag.py
[2024-05-06T19:25:08.648-0300] {processor.py:830} INFO - Processing file /mnt/c/Users/Tilto/Desktop/Work/Airflow/dags/hook_dag.py for tasks to queue
[2024-05-06T19:25:08.651-0300] {logging_mixin.py:188} INFO - [2024-05-06T19:25:08.650-0300] {dagbag.py:540} INFO - Filling up the DagBag from /mnt/c/Users/Tilto/Desktop/Work/Airflow/dags/hook_dag.py
[2024-05-06T19:25:08.704-0300] {processor.py:840} INFO - DAG(s) 'Hook_dag' retrieved from /mnt/c/Users/Tilto/Desktop/Work/Airflow/dags/hook_dag.py
[2024-05-06T19:25:08.870-0300] {logging_mixin.py:188} INFO - [2024-05-06T19:25:08.870-0300] {dag.py:3096} INFO - Sync 1 DAGs
[2024-05-06T19:25:08.887-0300] {logging_mixin.py:188} INFO - [2024-05-06T19:25:08.887-0300] {dag.py:3954} INFO - Setting next_dagrun for Hook_dag to None, run_after=None
[2024-05-06T19:25:09.081-0300] {processor.py:183} INFO - Processing /mnt/c/Users/Tilto/Desktop/Work/Airflow/dags/hook_dag.py took 0.441 seconds
[2024-05-06T19:25:44.948-0300] {processor.py:161} INFO - Started process (PID=17142) to work on /mnt/c/Users/Tilto/Desktop/Work/Airflow/dags/hook_dag.py
[2024-05-06T19:25:44.949-0300] {processor.py:830} INFO - Processing file /mnt/c/Users/Tilto/Desktop/Work/Airflow/dags/hook_dag.py for tasks to queue
[2024-05-06T19:25:44.951-0300] {logging_mixin.py:188} INFO - [2024-05-06T19:25:44.951-0300] {dagbag.py:540} INFO - Filling up the DagBag from /mnt/c/Users/Tilto/Desktop/Work/Airflow/dags/hook_dag.py
[2024-05-06T19:25:44.976-0300] {processor.py:840} INFO - DAG(s) 'Hook_dag' retrieved from /mnt/c/Users/Tilto/Desktop/Work/Airflow/dags/hook_dag.py
[2024-05-06T19:25:44.989-0300] {logging_mixin.py:188} INFO - [2024-05-06T19:25:44.989-0300] {dag.py:3096} INFO - Sync 1 DAGs
[2024-05-06T19:25:45.002-0300] {logging_mixin.py:188} INFO - [2024-05-06T19:25:45.002-0300] {dag.py:3954} INFO - Setting next_dagrun for Hook_dag to None, run_after=None
[2024-05-06T19:25:45.062-0300] {processor.py:183} INFO - Processing /mnt/c/Users/Tilto/Desktop/Work/Airflow/dags/hook_dag.py took 0.118 seconds
[2024-05-06T19:26:15.748-0300] {processor.py:161} INFO - Started process (PID=17282) to work on /mnt/c/Users/Tilto/Desktop/Work/Airflow/dags/hook_dag.py
[2024-05-06T19:26:15.749-0300] {processor.py:830} INFO - Processing file /mnt/c/Users/Tilto/Desktop/Work/Airflow/dags/hook_dag.py for tasks to queue
[2024-05-06T19:26:15.750-0300] {logging_mixin.py:188} INFO - [2024-05-06T19:26:15.750-0300] {dagbag.py:540} INFO - Filling up the DagBag from /mnt/c/Users/Tilto/Desktop/Work/Airflow/dags/hook_dag.py
[2024-05-06T19:26:15.772-0300] {processor.py:840} INFO - DAG(s) 'Hook_dag' retrieved from /mnt/c/Users/Tilto/Desktop/Work/Airflow/dags/hook_dag.py
[2024-05-06T19:26:15.902-0300] {logging_mixin.py:188} INFO - [2024-05-06T19:26:15.902-0300] {dag.py:3096} INFO - Sync 1 DAGs
[2024-05-06T19:26:15.920-0300] {logging_mixin.py:188} INFO - [2024-05-06T19:26:15.919-0300] {dag.py:3954} INFO - Setting next_dagrun for Hook_dag to None, run_after=None
[2024-05-06T19:26:15.998-0300] {processor.py:183} INFO - Processing /mnt/c/Users/Tilto/Desktop/Work/Airflow/dags/hook_dag.py took 0.255 seconds
