[2024-05-06T18:23:41.273-0300] {processor.py:161} INFO - Started process (PID=1087) to work on /mnt/c/Users/Tilto/Desktop/Work/Airflow/dags/primeira_dagv1.py
[2024-05-06T18:23:41.274-0300] {processor.py:830} INFO - Processing file /mnt/c/Users/Tilto/Desktop/Work/Airflow/dags/primeira_dagv1.py for tasks to queue
[2024-05-06T18:23:41.276-0300] {logging_mixin.py:188} INFO - [2024-05-06T18:23:41.275-0300] {dagbag.py:540} INFO - Filling up the DagBag from /mnt/c/Users/Tilto/Desktop/Work/Airflow/dags/primeira_dagv1.py
[2024-05-06T18:23:41.300-0300] {processor.py:840} INFO - DAG(s) 'a_primeira_DAG_v1' retrieved from /mnt/c/Users/Tilto/Desktop/Work/Airflow/dags/primeira_dagv1.py
[2024-05-06T18:23:41.316-0300] {logging_mixin.py:188} INFO - [2024-05-06T18:23:41.315-0300] {dag.py:3096} INFO - Sync 1 DAGs
[2024-05-06T18:23:41.345-0300] {logging_mixin.py:188} INFO - [2024-05-06T18:23:41.345-0300] {dag.py:3954} INFO - Setting next_dagrun for a_primeira_DAG_v1 to 2024-05-06 00:00:00+00:00, run_after=2024-05-07 00:00:00+00:00
[2024-05-06T18:23:41.422-0300] {processor.py:183} INFO - Processing /mnt/c/Users/Tilto/Desktop/Work/Airflow/dags/primeira_dagv1.py took 0.155 seconds
[2024-05-06T18:24:12.630-0300] {processor.py:161} INFO - Started process (PID=1224) to work on /mnt/c/Users/Tilto/Desktop/Work/Airflow/dags/primeira_dagv1.py
[2024-05-06T18:24:12.631-0300] {processor.py:830} INFO - Processing file /mnt/c/Users/Tilto/Desktop/Work/Airflow/dags/primeira_dagv1.py for tasks to queue
[2024-05-06T18:24:12.632-0300] {logging_mixin.py:188} INFO - [2024-05-06T18:24:12.632-0300] {dagbag.py:540} INFO - Filling up the DagBag from /mnt/c/Users/Tilto/Desktop/Work/Airflow/dags/primeira_dagv1.py
[2024-05-06T18:24:12.660-0300] {processor.py:840} INFO - DAG(s) 'a_primeira_DAG_v1' retrieved from /mnt/c/Users/Tilto/Desktop/Work/Airflow/dags/primeira_dagv1.py
[2024-05-06T18:24:12.777-0300] {logging_mixin.py:188} INFO - [2024-05-06T18:24:12.777-0300] {dag.py:3096} INFO - Sync 1 DAGs
[2024-05-06T18:24:12.801-0300] {logging_mixin.py:188} INFO - [2024-05-06T18:24:12.801-0300] {dag.py:3954} INFO - Setting next_dagrun for a_primeira_DAG_v1 to 2024-05-06 00:00:00+00:00, run_after=2024-05-07 00:00:00+00:00
[2024-05-06T18:24:12.865-0300] {processor.py:183} INFO - Processing /mnt/c/Users/Tilto/Desktop/Work/Airflow/dags/primeira_dagv1.py took 0.240 seconds
[2024-05-06T18:24:42.980-0300] {processor.py:161} INFO - Started process (PID=1350) to work on /mnt/c/Users/Tilto/Desktop/Work/Airflow/dags/primeira_dagv1.py
[2024-05-06T18:24:42.981-0300] {processor.py:830} INFO - Processing file /mnt/c/Users/Tilto/Desktop/Work/Airflow/dags/primeira_dagv1.py for tasks to queue
[2024-05-06T18:24:42.982-0300] {logging_mixin.py:188} INFO - [2024-05-06T18:24:42.982-0300] {dagbag.py:540} INFO - Filling up the DagBag from /mnt/c/Users/Tilto/Desktop/Work/Airflow/dags/primeira_dagv1.py
[2024-05-06T18:24:43.004-0300] {processor.py:840} INFO - DAG(s) 'a_primeira_DAG_v1' retrieved from /mnt/c/Users/Tilto/Desktop/Work/Airflow/dags/primeira_dagv1.py
[2024-05-06T18:24:43.030-0300] {logging_mixin.py:188} INFO - [2024-05-06T18:24:43.029-0300] {dag.py:3096} INFO - Sync 1 DAGs
[2024-05-06T18:24:43.054-0300] {logging_mixin.py:188} INFO - [2024-05-06T18:24:43.054-0300] {dag.py:3954} INFO - Setting next_dagrun for a_primeira_DAG_v1 to 2024-05-06 00:00:00+00:00, run_after=2024-05-07 00:00:00+00:00
[2024-05-06T18:24:43.563-0300] {processor.py:183} INFO - Processing /mnt/c/Users/Tilto/Desktop/Work/Airflow/dags/primeira_dagv1.py took 0.587 seconds
[2024-05-06T18:25:13.843-0300] {processor.py:161} INFO - Started process (PID=1479) to work on /mnt/c/Users/Tilto/Desktop/Work/Airflow/dags/primeira_dagv1.py
[2024-05-06T18:25:13.844-0300] {processor.py:830} INFO - Processing file /mnt/c/Users/Tilto/Desktop/Work/Airflow/dags/primeira_dagv1.py for tasks to queue
[2024-05-06T18:25:13.845-0300] {logging_mixin.py:188} INFO - [2024-05-06T18:25:13.845-0300] {dagbag.py:540} INFO - Filling up the DagBag from /mnt/c/Users/Tilto/Desktop/Work/Airflow/dags/primeira_dagv1.py
[2024-05-06T18:25:13.867-0300] {processor.py:840} INFO - DAG(s) 'a_primeira_DAG_v1' retrieved from /mnt/c/Users/Tilto/Desktop/Work/Airflow/dags/primeira_dagv1.py
[2024-05-06T18:25:13.893-0300] {logging_mixin.py:188} INFO - [2024-05-06T18:25:13.892-0300] {dag.py:3096} INFO - Sync 1 DAGs
[2024-05-06T18:25:13.915-0300] {logging_mixin.py:188} INFO - [2024-05-06T18:25:13.915-0300] {dag.py:3954} INFO - Setting next_dagrun for a_primeira_DAG_v1 to 2024-05-06 00:00:00+00:00, run_after=2024-05-07 00:00:00+00:00
[2024-05-06T18:25:14.053-0300] {processor.py:183} INFO - Processing /mnt/c/Users/Tilto/Desktop/Work/Airflow/dags/primeira_dagv1.py took 0.215 seconds
[2024-05-06T18:25:44.494-0300] {processor.py:161} INFO - Started process (PID=1609) to work on /mnt/c/Users/Tilto/Desktop/Work/Airflow/dags/primeira_dagv1.py
[2024-05-06T18:25:44.495-0300] {processor.py:830} INFO - Processing file /mnt/c/Users/Tilto/Desktop/Work/Airflow/dags/primeira_dagv1.py for tasks to queue
[2024-05-06T18:25:44.497-0300] {logging_mixin.py:188} INFO - [2024-05-06T18:25:44.497-0300] {dagbag.py:540} INFO - Filling up the DagBag from /mnt/c/Users/Tilto/Desktop/Work/Airflow/dags/primeira_dagv1.py
[2024-05-06T18:25:44.528-0300] {processor.py:840} INFO - DAG(s) 'a_primeira_DAG_v1' retrieved from /mnt/c/Users/Tilto/Desktop/Work/Airflow/dags/primeira_dagv1.py
[2024-05-06T18:25:44.562-0300] {logging_mixin.py:188} INFO - [2024-05-06T18:25:44.562-0300] {dag.py:3096} INFO - Sync 1 DAGs
[2024-05-06T18:25:44.585-0300] {logging_mixin.py:188} INFO - [2024-05-06T18:25:44.585-0300] {dag.py:3954} INFO - Setting next_dagrun for a_primeira_DAG_v1 to 2024-05-06 00:00:00+00:00, run_after=2024-05-07 00:00:00+00:00
[2024-05-06T18:25:44.645-0300] {processor.py:183} INFO - Processing /mnt/c/Users/Tilto/Desktop/Work/Airflow/dags/primeira_dagv1.py took 0.156 seconds
[2024-05-06T18:26:14.929-0300] {processor.py:161} INFO - Started process (PID=1737) to work on /mnt/c/Users/Tilto/Desktop/Work/Airflow/dags/primeira_dagv1.py
[2024-05-06T18:26:14.930-0300] {processor.py:830} INFO - Processing file /mnt/c/Users/Tilto/Desktop/Work/Airflow/dags/primeira_dagv1.py for tasks to queue
[2024-05-06T18:26:14.932-0300] {logging_mixin.py:188} INFO - [2024-05-06T18:26:14.932-0300] {dagbag.py:540} INFO - Filling up the DagBag from /mnt/c/Users/Tilto/Desktop/Work/Airflow/dags/primeira_dagv1.py
[2024-05-06T18:26:14.964-0300] {processor.py:840} INFO - DAG(s) 'a_primeira_DAG_v1' retrieved from /mnt/c/Users/Tilto/Desktop/Work/Airflow/dags/primeira_dagv1.py
[2024-05-06T18:26:14.996-0300] {logging_mixin.py:188} INFO - [2024-05-06T18:26:14.996-0300] {dag.py:3096} INFO - Sync 1 DAGs
[2024-05-06T18:26:15.023-0300] {logging_mixin.py:188} INFO - [2024-05-06T18:26:15.022-0300] {dag.py:3954} INFO - Setting next_dagrun for a_primeira_DAG_v1 to 2024-05-06 00:00:00+00:00, run_after=2024-05-07 00:00:00+00:00
[2024-05-06T18:26:15.090-0300] {processor.py:183} INFO - Processing /mnt/c/Users/Tilto/Desktop/Work/Airflow/dags/primeira_dagv1.py took 0.167 seconds
[2024-05-06T18:26:45.505-0300] {processor.py:161} INFO - Started process (PID=1864) to work on /mnt/c/Users/Tilto/Desktop/Work/Airflow/dags/primeira_dagv1.py
[2024-05-06T18:26:45.506-0300] {processor.py:830} INFO - Processing file /mnt/c/Users/Tilto/Desktop/Work/Airflow/dags/primeira_dagv1.py for tasks to queue
[2024-05-06T18:26:45.507-0300] {logging_mixin.py:188} INFO - [2024-05-06T18:26:45.507-0300] {dagbag.py:540} INFO - Filling up the DagBag from /mnt/c/Users/Tilto/Desktop/Work/Airflow/dags/primeira_dagv1.py
[2024-05-06T18:26:45.534-0300] {processor.py:840} INFO - DAG(s) 'a_primeira_DAG_v1' retrieved from /mnt/c/Users/Tilto/Desktop/Work/Airflow/dags/primeira_dagv1.py
[2024-05-06T18:26:45.560-0300] {logging_mixin.py:188} INFO - [2024-05-06T18:26:45.560-0300] {dag.py:3096} INFO - Sync 1 DAGs
[2024-05-06T18:26:45.585-0300] {logging_mixin.py:188} INFO - [2024-05-06T18:26:45.585-0300] {dag.py:3954} INFO - Setting next_dagrun for a_primeira_DAG_v1 to 2024-05-06 00:00:00+00:00, run_after=2024-05-07 00:00:00+00:00
[2024-05-06T18:26:45.649-0300] {processor.py:183} INFO - Processing /mnt/c/Users/Tilto/Desktop/Work/Airflow/dags/primeira_dagv1.py took 0.148 seconds
[2024-05-06T18:27:16.731-0300] {processor.py:161} INFO - Started process (PID=1994) to work on /mnt/c/Users/Tilto/Desktop/Work/Airflow/dags/primeira_dagv1.py
[2024-05-06T18:27:16.732-0300] {processor.py:830} INFO - Processing file /mnt/c/Users/Tilto/Desktop/Work/Airflow/dags/primeira_dagv1.py for tasks to queue
[2024-05-06T18:27:16.734-0300] {logging_mixin.py:188} INFO - [2024-05-06T18:27:16.734-0300] {dagbag.py:540} INFO - Filling up the DagBag from /mnt/c/Users/Tilto/Desktop/Work/Airflow/dags/primeira_dagv1.py
[2024-05-06T18:27:16.757-0300] {processor.py:840} INFO - DAG(s) 'a_primeira_DAG_v1' retrieved from /mnt/c/Users/Tilto/Desktop/Work/Airflow/dags/primeira_dagv1.py
[2024-05-06T18:27:16.784-0300] {logging_mixin.py:188} INFO - [2024-05-06T18:27:16.783-0300] {dag.py:3096} INFO - Sync 1 DAGs
[2024-05-06T18:27:16.808-0300] {logging_mixin.py:188} INFO - [2024-05-06T18:27:16.807-0300] {dag.py:3954} INFO - Setting next_dagrun for a_primeira_DAG_v1 to 2024-05-06 00:00:00+00:00, run_after=2024-05-07 00:00:00+00:00
[2024-05-06T18:27:16.872-0300] {processor.py:183} INFO - Processing /mnt/c/Users/Tilto/Desktop/Work/Airflow/dags/primeira_dagv1.py took 0.145 seconds
[2024-05-06T18:27:47.986-0300] {processor.py:161} INFO - Started process (PID=2127) to work on /mnt/c/Users/Tilto/Desktop/Work/Airflow/dags/primeira_dagv1.py
[2024-05-06T18:27:47.993-0300] {processor.py:830} INFO - Processing file /mnt/c/Users/Tilto/Desktop/Work/Airflow/dags/primeira_dagv1.py for tasks to queue
[2024-05-06T18:27:48.001-0300] {logging_mixin.py:188} INFO - [2024-05-06T18:27:48.001-0300] {dagbag.py:540} INFO - Filling up the DagBag from /mnt/c/Users/Tilto/Desktop/Work/Airflow/dags/primeira_dagv1.py
[2024-05-06T18:27:48.053-0300] {processor.py:840} INFO - DAG(s) 'a_primeira_DAG_v1' retrieved from /mnt/c/Users/Tilto/Desktop/Work/Airflow/dags/primeira_dagv1.py
[2024-05-06T18:27:48.090-0300] {logging_mixin.py:188} INFO - [2024-05-06T18:27:48.089-0300] {dag.py:3096} INFO - Sync 1 DAGs
[2024-05-06T18:27:48.127-0300] {logging_mixin.py:188} INFO - [2024-05-06T18:27:48.127-0300] {dag.py:3954} INFO - Setting next_dagrun for a_primeira_DAG_v1 to 2024-05-06 00:00:00+00:00, run_after=2024-05-07 00:00:00+00:00
[2024-05-06T18:27:48.213-0300] {processor.py:183} INFO - Processing /mnt/c/Users/Tilto/Desktop/Work/Airflow/dags/primeira_dagv1.py took 0.236 seconds
[2024-05-06T18:28:18.665-0300] {processor.py:161} INFO - Started process (PID=2255) to work on /mnt/c/Users/Tilto/Desktop/Work/Airflow/dags/primeira_dagv1.py
[2024-05-06T18:28:18.666-0300] {processor.py:830} INFO - Processing file /mnt/c/Users/Tilto/Desktop/Work/Airflow/dags/primeira_dagv1.py for tasks to queue
[2024-05-06T18:28:18.668-0300] {logging_mixin.py:188} INFO - [2024-05-06T18:28:18.667-0300] {dagbag.py:540} INFO - Filling up the DagBag from /mnt/c/Users/Tilto/Desktop/Work/Airflow/dags/primeira_dagv1.py
[2024-05-06T18:28:18.691-0300] {processor.py:840} INFO - DAG(s) 'a_primeira_DAG_v1' retrieved from /mnt/c/Users/Tilto/Desktop/Work/Airflow/dags/primeira_dagv1.py
[2024-05-06T18:28:18.718-0300] {logging_mixin.py:188} INFO - [2024-05-06T18:28:18.718-0300] {dag.py:3096} INFO - Sync 1 DAGs
[2024-05-06T18:28:18.744-0300] {logging_mixin.py:188} INFO - [2024-05-06T18:28:18.744-0300] {dag.py:3954} INFO - Setting next_dagrun for a_primeira_DAG_v1 to 2024-05-06 00:00:00+00:00, run_after=2024-05-07 00:00:00+00:00
[2024-05-06T18:28:18.804-0300] {processor.py:183} INFO - Processing /mnt/c/Users/Tilto/Desktop/Work/Airflow/dags/primeira_dagv1.py took 0.143 seconds
[2024-05-06T18:28:49.487-0300] {processor.py:161} INFO - Started process (PID=2383) to work on /mnt/c/Users/Tilto/Desktop/Work/Airflow/dags/primeira_dagv1.py
[2024-05-06T18:28:49.488-0300] {processor.py:830} INFO - Processing file /mnt/c/Users/Tilto/Desktop/Work/Airflow/dags/primeira_dagv1.py for tasks to queue
[2024-05-06T18:28:49.489-0300] {logging_mixin.py:188} INFO - [2024-05-06T18:28:49.489-0300] {dagbag.py:540} INFO - Filling up the DagBag from /mnt/c/Users/Tilto/Desktop/Work/Airflow/dags/primeira_dagv1.py
[2024-05-06T18:28:49.511-0300] {processor.py:840} INFO - DAG(s) 'a_primeira_DAG_v1' retrieved from /mnt/c/Users/Tilto/Desktop/Work/Airflow/dags/primeira_dagv1.py
[2024-05-06T18:28:49.538-0300] {logging_mixin.py:188} INFO - [2024-05-06T18:28:49.538-0300] {dag.py:3096} INFO - Sync 1 DAGs
[2024-05-06T18:28:49.565-0300] {logging_mixin.py:188} INFO - [2024-05-06T18:28:49.565-0300] {dag.py:3954} INFO - Setting next_dagrun for a_primeira_DAG_v1 to 2024-05-06 00:00:00+00:00, run_after=2024-05-07 00:00:00+00:00
[2024-05-06T18:28:49.626-0300] {processor.py:183} INFO - Processing /mnt/c/Users/Tilto/Desktop/Work/Airflow/dags/primeira_dagv1.py took 0.144 seconds
[2024-05-06T18:29:20.076-0300] {processor.py:161} INFO - Started process (PID=2511) to work on /mnt/c/Users/Tilto/Desktop/Work/Airflow/dags/primeira_dagv1.py
[2024-05-06T18:29:20.077-0300] {processor.py:830} INFO - Processing file /mnt/c/Users/Tilto/Desktop/Work/Airflow/dags/primeira_dagv1.py for tasks to queue
[2024-05-06T18:29:20.079-0300] {logging_mixin.py:188} INFO - [2024-05-06T18:29:20.078-0300] {dagbag.py:540} INFO - Filling up the DagBag from /mnt/c/Users/Tilto/Desktop/Work/Airflow/dags/primeira_dagv1.py
[2024-05-06T18:29:20.100-0300] {processor.py:840} INFO - DAG(s) 'a_primeira_DAG_v1' retrieved from /mnt/c/Users/Tilto/Desktop/Work/Airflow/dags/primeira_dagv1.py
[2024-05-06T18:29:20.127-0300] {logging_mixin.py:188} INFO - [2024-05-06T18:29:20.127-0300] {dag.py:3096} INFO - Sync 1 DAGs
[2024-05-06T18:29:20.152-0300] {logging_mixin.py:188} INFO - [2024-05-06T18:29:20.152-0300] {dag.py:3954} INFO - Setting next_dagrun for a_primeira_DAG_v1 to 2024-05-06 00:00:00+00:00, run_after=2024-05-07 00:00:00+00:00
[2024-05-06T18:29:20.215-0300] {processor.py:183} INFO - Processing /mnt/c/Users/Tilto/Desktop/Work/Airflow/dags/primeira_dagv1.py took 0.144 seconds
[2024-05-06T18:29:50.995-0300] {processor.py:161} INFO - Started process (PID=2643) to work on /mnt/c/Users/Tilto/Desktop/Work/Airflow/dags/primeira_dagv1.py
[2024-05-06T18:29:50.996-0300] {processor.py:830} INFO - Processing file /mnt/c/Users/Tilto/Desktop/Work/Airflow/dags/primeira_dagv1.py for tasks to queue
[2024-05-06T18:29:50.997-0300] {logging_mixin.py:188} INFO - [2024-05-06T18:29:50.997-0300] {dagbag.py:540} INFO - Filling up the DagBag from /mnt/c/Users/Tilto/Desktop/Work/Airflow/dags/primeira_dagv1.py
[2024-05-06T18:29:51.022-0300] {processor.py:840} INFO - DAG(s) 'a_primeira_DAG_v1' retrieved from /mnt/c/Users/Tilto/Desktop/Work/Airflow/dags/primeira_dagv1.py
[2024-05-06T18:29:51.049-0300] {logging_mixin.py:188} INFO - [2024-05-06T18:29:51.049-0300] {dag.py:3096} INFO - Sync 1 DAGs
[2024-05-06T18:29:51.075-0300] {logging_mixin.py:188} INFO - [2024-05-06T18:29:51.075-0300] {dag.py:3954} INFO - Setting next_dagrun for a_primeira_DAG_v1 to 2024-05-06 00:00:00+00:00, run_after=2024-05-07 00:00:00+00:00
[2024-05-06T18:29:51.135-0300] {processor.py:183} INFO - Processing /mnt/c/Users/Tilto/Desktop/Work/Airflow/dags/primeira_dagv1.py took 0.144 seconds
[2024-05-06T18:30:21.762-0300] {processor.py:161} INFO - Started process (PID=2774) to work on /mnt/c/Users/Tilto/Desktop/Work/Airflow/dags/primeira_dagv1.py
[2024-05-06T18:30:21.763-0300] {processor.py:830} INFO - Processing file /mnt/c/Users/Tilto/Desktop/Work/Airflow/dags/primeira_dagv1.py for tasks to queue
[2024-05-06T18:30:21.765-0300] {logging_mixin.py:188} INFO - [2024-05-06T18:30:21.765-0300] {dagbag.py:540} INFO - Filling up the DagBag from /mnt/c/Users/Tilto/Desktop/Work/Airflow/dags/primeira_dagv1.py
[2024-05-06T18:30:21.786-0300] {processor.py:840} INFO - DAG(s) 'a_primeira_DAG_v1' retrieved from /mnt/c/Users/Tilto/Desktop/Work/Airflow/dags/primeira_dagv1.py
[2024-05-06T18:30:21.811-0300] {logging_mixin.py:188} INFO - [2024-05-06T18:30:21.811-0300] {dag.py:3096} INFO - Sync 1 DAGs
[2024-05-06T18:30:21.833-0300] {logging_mixin.py:188} INFO - [2024-05-06T18:30:21.833-0300] {dag.py:3954} INFO - Setting next_dagrun for a_primeira_DAG_v1 to 2024-05-06 00:00:00+00:00, run_after=2024-05-07 00:00:00+00:00
[2024-05-06T18:30:21.890-0300] {processor.py:183} INFO - Processing /mnt/c/Users/Tilto/Desktop/Work/Airflow/dags/primeira_dagv1.py took 0.132 seconds
[2024-05-06T18:30:52.255-0300] {processor.py:161} INFO - Started process (PID=2901) to work on /mnt/c/Users/Tilto/Desktop/Work/Airflow/dags/primeira_dagv1.py
[2024-05-06T18:30:52.256-0300] {processor.py:830} INFO - Processing file /mnt/c/Users/Tilto/Desktop/Work/Airflow/dags/primeira_dagv1.py for tasks to queue
[2024-05-06T18:30:52.257-0300] {logging_mixin.py:188} INFO - [2024-05-06T18:30:52.257-0300] {dagbag.py:540} INFO - Filling up the DagBag from /mnt/c/Users/Tilto/Desktop/Work/Airflow/dags/primeira_dagv1.py
[2024-05-06T18:30:52.279-0300] {processor.py:840} INFO - DAG(s) 'a_primeira_DAG_v1' retrieved from /mnt/c/Users/Tilto/Desktop/Work/Airflow/dags/primeira_dagv1.py
[2024-05-06T18:30:52.305-0300] {logging_mixin.py:188} INFO - [2024-05-06T18:30:52.305-0300] {dag.py:3096} INFO - Sync 1 DAGs
[2024-05-06T18:30:52.328-0300] {logging_mixin.py:188} INFO - [2024-05-06T18:30:52.328-0300] {dag.py:3954} INFO - Setting next_dagrun for a_primeira_DAG_v1 to 2024-05-06 00:00:00+00:00, run_after=2024-05-07 00:00:00+00:00
[2024-05-06T18:30:52.387-0300] {processor.py:183} INFO - Processing /mnt/c/Users/Tilto/Desktop/Work/Airflow/dags/primeira_dagv1.py took 0.136 seconds
[2024-05-06T18:31:22.701-0300] {processor.py:161} INFO - Started process (PID=3028) to work on /mnt/c/Users/Tilto/Desktop/Work/Airflow/dags/primeira_dagv1.py
[2024-05-06T18:31:22.702-0300] {processor.py:830} INFO - Processing file /mnt/c/Users/Tilto/Desktop/Work/Airflow/dags/primeira_dagv1.py for tasks to queue
[2024-05-06T18:31:22.703-0300] {logging_mixin.py:188} INFO - [2024-05-06T18:31:22.703-0300] {dagbag.py:540} INFO - Filling up the DagBag from /mnt/c/Users/Tilto/Desktop/Work/Airflow/dags/primeira_dagv1.py
[2024-05-06T18:31:22.727-0300] {processor.py:840} INFO - DAG(s) 'a_primeira_DAG_v1' retrieved from /mnt/c/Users/Tilto/Desktop/Work/Airflow/dags/primeira_dagv1.py
[2024-05-06T18:31:22.756-0300] {logging_mixin.py:188} INFO - [2024-05-06T18:31:22.755-0300] {dag.py:3096} INFO - Sync 1 DAGs
[2024-05-06T18:31:22.786-0300] {logging_mixin.py:188} INFO - [2024-05-06T18:31:22.786-0300] {dag.py:3954} INFO - Setting next_dagrun for a_primeira_DAG_v1 to 2024-05-06 00:00:00+00:00, run_after=2024-05-07 00:00:00+00:00
[2024-05-06T18:31:22.857-0300] {processor.py:183} INFO - Processing /mnt/c/Users/Tilto/Desktop/Work/Airflow/dags/primeira_dagv1.py took 0.161 seconds
[2024-05-06T18:31:53.585-0300] {processor.py:161} INFO - Started process (PID=3232) to work on /mnt/c/Users/Tilto/Desktop/Work/Airflow/dags/primeira_dagv1.py
[2024-05-06T18:31:53.586-0300] {processor.py:830} INFO - Processing file /mnt/c/Users/Tilto/Desktop/Work/Airflow/dags/primeira_dagv1.py for tasks to queue
[2024-05-06T18:31:53.588-0300] {logging_mixin.py:188} INFO - [2024-05-06T18:31:53.587-0300] {dagbag.py:540} INFO - Filling up the DagBag from /mnt/c/Users/Tilto/Desktop/Work/Airflow/dags/primeira_dagv1.py
[2024-05-06T18:31:53.612-0300] {processor.py:840} INFO - DAG(s) 'a_primeira_DAG_v1' retrieved from /mnt/c/Users/Tilto/Desktop/Work/Airflow/dags/primeira_dagv1.py
[2024-05-06T18:31:53.636-0300] {logging_mixin.py:188} INFO - [2024-05-06T18:31:53.636-0300] {dag.py:3096} INFO - Sync 1 DAGs
[2024-05-06T18:31:53.661-0300] {logging_mixin.py:188} INFO - [2024-05-06T18:31:53.661-0300] {dag.py:3954} INFO - Setting next_dagrun for a_primeira_DAG_v1 to 2024-05-06 00:00:00+00:00, run_after=2024-05-07 00:00:00+00:00
[2024-05-06T18:31:53.721-0300] {processor.py:183} INFO - Processing /mnt/c/Users/Tilto/Desktop/Work/Airflow/dags/primeira_dagv1.py took 0.140 seconds
[2024-05-06T18:32:24.422-0300] {processor.py:161} INFO - Started process (PID=3360) to work on /mnt/c/Users/Tilto/Desktop/Work/Airflow/dags/primeira_dagv1.py
[2024-05-06T18:32:24.423-0300] {processor.py:830} INFO - Processing file /mnt/c/Users/Tilto/Desktop/Work/Airflow/dags/primeira_dagv1.py for tasks to queue
[2024-05-06T18:32:24.424-0300] {logging_mixin.py:188} INFO - [2024-05-06T18:32:24.424-0300] {dagbag.py:540} INFO - Filling up the DagBag from /mnt/c/Users/Tilto/Desktop/Work/Airflow/dags/primeira_dagv1.py
[2024-05-06T18:32:24.447-0300] {processor.py:840} INFO - DAG(s) 'a_primeira_DAG_v1' retrieved from /mnt/c/Users/Tilto/Desktop/Work/Airflow/dags/primeira_dagv1.py
[2024-05-06T18:32:24.473-0300] {logging_mixin.py:188} INFO - [2024-05-06T18:32:24.473-0300] {dag.py:3096} INFO - Sync 1 DAGs
[2024-05-06T18:32:24.499-0300] {logging_mixin.py:188} INFO - [2024-05-06T18:32:24.499-0300] {dag.py:3954} INFO - Setting next_dagrun for a_primeira_DAG_v1 to 2024-05-06 00:00:00+00:00, run_after=2024-05-07 00:00:00+00:00
[2024-05-06T18:32:24.630-0300] {processor.py:183} INFO - Processing /mnt/c/Users/Tilto/Desktop/Work/Airflow/dags/primeira_dagv1.py took 0.212 seconds
[2024-05-06T18:32:55.072-0300] {processor.py:161} INFO - Started process (PID=3491) to work on /mnt/c/Users/Tilto/Desktop/Work/Airflow/dags/primeira_dagv1.py
[2024-05-06T18:32:55.073-0300] {processor.py:830} INFO - Processing file /mnt/c/Users/Tilto/Desktop/Work/Airflow/dags/primeira_dagv1.py for tasks to queue
[2024-05-06T18:32:55.074-0300] {logging_mixin.py:188} INFO - [2024-05-06T18:32:55.074-0300] {dagbag.py:540} INFO - Filling up the DagBag from /mnt/c/Users/Tilto/Desktop/Work/Airflow/dags/primeira_dagv1.py
[2024-05-06T18:32:55.096-0300] {processor.py:840} INFO - DAG(s) 'a_primeira_DAG_v1' retrieved from /mnt/c/Users/Tilto/Desktop/Work/Airflow/dags/primeira_dagv1.py
[2024-05-06T18:32:55.121-0300] {logging_mixin.py:188} INFO - [2024-05-06T18:32:55.121-0300] {dag.py:3096} INFO - Sync 1 DAGs
[2024-05-06T18:32:55.213-0300] {logging_mixin.py:188} INFO - [2024-05-06T18:32:55.213-0300] {dag.py:3954} INFO - Setting next_dagrun for a_primeira_DAG_v1 to 2024-05-06 00:00:00+00:00, run_after=2024-05-07 00:00:00+00:00
[2024-05-06T18:32:55.270-0300] {processor.py:183} INFO - Processing /mnt/c/Users/Tilto/Desktop/Work/Airflow/dags/primeira_dagv1.py took 0.203 seconds
[2024-05-06T18:33:25.885-0300] {processor.py:161} INFO - Started process (PID=3619) to work on /mnt/c/Users/Tilto/Desktop/Work/Airflow/dags/primeira_dagv1.py
[2024-05-06T18:33:25.886-0300] {processor.py:830} INFO - Processing file /mnt/c/Users/Tilto/Desktop/Work/Airflow/dags/primeira_dagv1.py for tasks to queue
[2024-05-06T18:33:25.887-0300] {logging_mixin.py:188} INFO - [2024-05-06T18:33:25.887-0300] {dagbag.py:540} INFO - Filling up the DagBag from /mnt/c/Users/Tilto/Desktop/Work/Airflow/dags/primeira_dagv1.py
[2024-05-06T18:33:25.911-0300] {processor.py:840} INFO - DAG(s) 'a_primeira_DAG_v1' retrieved from /mnt/c/Users/Tilto/Desktop/Work/Airflow/dags/primeira_dagv1.py
[2024-05-06T18:33:25.936-0300] {logging_mixin.py:188} INFO - [2024-05-06T18:33:25.936-0300] {dag.py:3096} INFO - Sync 1 DAGs
[2024-05-06T18:33:26.022-0300] {logging_mixin.py:188} INFO - [2024-05-06T18:33:26.022-0300] {dag.py:3954} INFO - Setting next_dagrun for a_primeira_DAG_v1 to 2024-05-06 00:00:00+00:00, run_after=2024-05-07 00:00:00+00:00
[2024-05-06T18:33:26.079-0300] {processor.py:183} INFO - Processing /mnt/c/Users/Tilto/Desktop/Work/Airflow/dags/primeira_dagv1.py took 0.199 seconds
[2024-05-06T18:33:56.500-0300] {processor.py:161} INFO - Started process (PID=3756) to work on /mnt/c/Users/Tilto/Desktop/Work/Airflow/dags/primeira_dagv1.py
[2024-05-06T18:33:56.501-0300] {processor.py:830} INFO - Processing file /mnt/c/Users/Tilto/Desktop/Work/Airflow/dags/primeira_dagv1.py for tasks to queue
[2024-05-06T18:33:56.503-0300] {logging_mixin.py:188} INFO - [2024-05-06T18:33:56.503-0300] {dagbag.py:540} INFO - Filling up the DagBag from /mnt/c/Users/Tilto/Desktop/Work/Airflow/dags/primeira_dagv1.py
[2024-05-06T18:33:56.528-0300] {processor.py:840} INFO - DAG(s) 'a_primeira_DAG_v1' retrieved from /mnt/c/Users/Tilto/Desktop/Work/Airflow/dags/primeira_dagv1.py
[2024-05-06T18:33:56.564-0300] {logging_mixin.py:188} INFO - [2024-05-06T18:33:56.564-0300] {dag.py:3096} INFO - Sync 1 DAGs
[2024-05-06T18:33:56.669-0300] {logging_mixin.py:188} INFO - [2024-05-06T18:33:56.669-0300] {dag.py:3954} INFO - Setting next_dagrun for a_primeira_DAG_v1 to 2024-05-06 00:00:00+00:00, run_after=2024-05-07 00:00:00+00:00
[2024-05-06T18:33:56.819-0300] {processor.py:183} INFO - Processing /mnt/c/Users/Tilto/Desktop/Work/Airflow/dags/primeira_dagv1.py took 0.324 seconds
[2024-05-06T18:34:27.979-0300] {processor.py:161} INFO - Started process (PID=3889) to work on /mnt/c/Users/Tilto/Desktop/Work/Airflow/dags/primeira_dagv1.py
[2024-05-06T18:34:27.980-0300] {processor.py:830} INFO - Processing file /mnt/c/Users/Tilto/Desktop/Work/Airflow/dags/primeira_dagv1.py for tasks to queue
[2024-05-06T18:34:27.981-0300] {logging_mixin.py:188} INFO - [2024-05-06T18:34:27.981-0300] {dagbag.py:540} INFO - Filling up the DagBag from /mnt/c/Users/Tilto/Desktop/Work/Airflow/dags/primeira_dagv1.py
[2024-05-06T18:34:28.003-0300] {processor.py:840} INFO - DAG(s) 'a_primeira_DAG_v1' retrieved from /mnt/c/Users/Tilto/Desktop/Work/Airflow/dags/primeira_dagv1.py
[2024-05-06T18:34:28.092-0300] {logging_mixin.py:188} INFO - [2024-05-06T18:34:28.092-0300] {dag.py:3096} INFO - Sync 1 DAGs
[2024-05-06T18:34:28.115-0300] {logging_mixin.py:188} INFO - [2024-05-06T18:34:28.114-0300] {dag.py:3954} INFO - Setting next_dagrun for a_primeira_DAG_v1 to 2024-05-06 00:00:00+00:00, run_after=2024-05-07 00:00:00+00:00
[2024-05-06T18:34:28.168-0300] {processor.py:183} INFO - Processing /mnt/c/Users/Tilto/Desktop/Work/Airflow/dags/primeira_dagv1.py took 0.193 seconds
[2024-05-06T18:34:59.248-0300] {processor.py:161} INFO - Started process (PID=4019) to work on /mnt/c/Users/Tilto/Desktop/Work/Airflow/dags/primeira_dagv1.py
[2024-05-06T18:34:59.249-0300] {processor.py:830} INFO - Processing file /mnt/c/Users/Tilto/Desktop/Work/Airflow/dags/primeira_dagv1.py for tasks to queue
[2024-05-06T18:34:59.251-0300] {logging_mixin.py:188} INFO - [2024-05-06T18:34:59.251-0300] {dagbag.py:540} INFO - Filling up the DagBag from /mnt/c/Users/Tilto/Desktop/Work/Airflow/dags/primeira_dagv1.py
[2024-05-06T18:34:59.275-0300] {processor.py:840} INFO - DAG(s) 'a_primeira_DAG_v1' retrieved from /mnt/c/Users/Tilto/Desktop/Work/Airflow/dags/primeira_dagv1.py
[2024-05-06T18:34:59.364-0300] {logging_mixin.py:188} INFO - [2024-05-06T18:34:59.364-0300] {dag.py:3096} INFO - Sync 1 DAGs
[2024-05-06T18:34:59.387-0300] {logging_mixin.py:188} INFO - [2024-05-06T18:34:59.386-0300] {dag.py:3954} INFO - Setting next_dagrun for a_primeira_DAG_v1 to 2024-05-06 00:00:00+00:00, run_after=2024-05-07 00:00:00+00:00
[2024-05-06T18:34:59.443-0300] {processor.py:183} INFO - Processing /mnt/c/Users/Tilto/Desktop/Work/Airflow/dags/primeira_dagv1.py took 0.199 seconds
[2024-05-06T18:35:30.035-0300] {processor.py:161} INFO - Started process (PID=4147) to work on /mnt/c/Users/Tilto/Desktop/Work/Airflow/dags/primeira_dagv1.py
[2024-05-06T18:35:30.036-0300] {processor.py:830} INFO - Processing file /mnt/c/Users/Tilto/Desktop/Work/Airflow/dags/primeira_dagv1.py for tasks to queue
[2024-05-06T18:35:30.114-0300] {logging_mixin.py:188} INFO - [2024-05-06T18:35:30.114-0300] {dagbag.py:540} INFO - Filling up the DagBag from /mnt/c/Users/Tilto/Desktop/Work/Airflow/dags/primeira_dagv1.py
[2024-05-06T18:35:30.135-0300] {processor.py:840} INFO - DAG(s) 'a_primeira_DAG_v1' retrieved from /mnt/c/Users/Tilto/Desktop/Work/Airflow/dags/primeira_dagv1.py
[2024-05-06T18:35:30.157-0300] {logging_mixin.py:188} INFO - [2024-05-06T18:35:30.157-0300] {dag.py:3096} INFO - Sync 1 DAGs
[2024-05-06T18:35:30.181-0300] {logging_mixin.py:188} INFO - [2024-05-06T18:35:30.181-0300] {dag.py:3954} INFO - Setting next_dagrun for a_primeira_DAG_v1 to 2024-05-06 00:00:00+00:00, run_after=2024-05-07 00:00:00+00:00
[2024-05-06T18:35:30.338-0300] {processor.py:183} INFO - Processing /mnt/c/Users/Tilto/Desktop/Work/Airflow/dags/primeira_dagv1.py took 0.310 seconds
[2024-05-06T18:36:00.760-0300] {processor.py:161} INFO - Started process (PID=4275) to work on /mnt/c/Users/Tilto/Desktop/Work/Airflow/dags/primeira_dagv1.py
[2024-05-06T18:36:00.761-0300] {processor.py:830} INFO - Processing file /mnt/c/Users/Tilto/Desktop/Work/Airflow/dags/primeira_dagv1.py for tasks to queue
[2024-05-06T18:36:00.762-0300] {logging_mixin.py:188} INFO - [2024-05-06T18:36:00.762-0300] {dagbag.py:540} INFO - Filling up the DagBag from /mnt/c/Users/Tilto/Desktop/Work/Airflow/dags/primeira_dagv1.py
[2024-05-06T18:36:00.783-0300] {processor.py:840} INFO - DAG(s) 'a_primeira_DAG_v1' retrieved from /mnt/c/Users/Tilto/Desktop/Work/Airflow/dags/primeira_dagv1.py
[2024-05-06T18:36:00.807-0300] {logging_mixin.py:188} INFO - [2024-05-06T18:36:00.807-0300] {dag.py:3096} INFO - Sync 1 DAGs
[2024-05-06T18:36:00.830-0300] {logging_mixin.py:188} INFO - [2024-05-06T18:36:00.830-0300] {dag.py:3954} INFO - Setting next_dagrun for a_primeira_DAG_v1 to 2024-05-06 00:00:00+00:00, run_after=2024-05-07 00:00:00+00:00
[2024-05-06T18:36:00.887-0300] {processor.py:183} INFO - Processing /mnt/c/Users/Tilto/Desktop/Work/Airflow/dags/primeira_dagv1.py took 0.131 seconds
[2024-05-06T18:36:31.444-0300] {processor.py:161} INFO - Started process (PID=4407) to work on /mnt/c/Users/Tilto/Desktop/Work/Airflow/dags/primeira_dagv1.py
[2024-05-06T18:36:31.445-0300] {processor.py:830} INFO - Processing file /mnt/c/Users/Tilto/Desktop/Work/Airflow/dags/primeira_dagv1.py for tasks to queue
[2024-05-06T18:36:31.447-0300] {logging_mixin.py:188} INFO - [2024-05-06T18:36:31.447-0300] {dagbag.py:540} INFO - Filling up the DagBag from /mnt/c/Users/Tilto/Desktop/Work/Airflow/dags/primeira_dagv1.py
[2024-05-06T18:36:31.470-0300] {processor.py:840} INFO - DAG(s) 'a_primeira_DAG_v1' retrieved from /mnt/c/Users/Tilto/Desktop/Work/Airflow/dags/primeira_dagv1.py
[2024-05-06T18:36:31.500-0300] {logging_mixin.py:188} INFO - [2024-05-06T18:36:31.500-0300] {dag.py:3096} INFO - Sync 1 DAGs
[2024-05-06T18:36:31.527-0300] {logging_mixin.py:188} INFO - [2024-05-06T18:36:31.526-0300] {dag.py:3954} INFO - Setting next_dagrun for a_primeira_DAG_v1 to 2024-05-06 00:00:00+00:00, run_after=2024-05-07 00:00:00+00:00
[2024-05-06T18:36:31.588-0300] {processor.py:183} INFO - Processing /mnt/c/Users/Tilto/Desktop/Work/Airflow/dags/primeira_dagv1.py took 0.149 seconds
[2024-05-06T18:38:05.987-0300] {processor.py:161} INFO - Started process (PID=4810) to work on /mnt/c/Users/Tilto/Desktop/Work/Airflow/dags/primeira_dagv1.py
[2024-05-06T18:38:05.988-0300] {processor.py:830} INFO - Processing file /mnt/c/Users/Tilto/Desktop/Work/Airflow/dags/primeira_dagv1.py for tasks to queue
[2024-05-06T18:38:05.990-0300] {logging_mixin.py:188} INFO - [2024-05-06T18:38:05.990-0300] {dagbag.py:540} INFO - Filling up the DagBag from /mnt/c/Users/Tilto/Desktop/Work/Airflow/dags/primeira_dagv1.py
[2024-05-06T18:38:06.031-0300] {processor.py:840} INFO - DAG(s) 'a_primeira_DAG_v1' retrieved from /mnt/c/Users/Tilto/Desktop/Work/Airflow/dags/primeira_dagv1.py
[2024-05-06T18:38:06.051-0300] {logging_mixin.py:188} INFO - [2024-05-06T18:38:06.051-0300] {dag.py:3096} INFO - Sync 1 DAGs
[2024-05-06T18:38:06.090-0300] {logging_mixin.py:188} INFO - [2024-05-06T18:38:06.090-0300] {dag.py:3954} INFO - Setting next_dagrun for a_primeira_DAG_v1 to 2024-05-06 00:00:00+00:00, run_after=2024-05-07 00:00:00+00:00
[2024-05-06T18:38:06.181-0300] {processor.py:183} INFO - Processing /mnt/c/Users/Tilto/Desktop/Work/Airflow/dags/primeira_dagv1.py took 0.206 seconds
[2024-05-06T18:38:37.329-0300] {processor.py:161} INFO - Started process (PID=4966) to work on /mnt/c/Users/Tilto/Desktop/Work/Airflow/dags/primeira_dagv1.py
[2024-05-06T18:38:37.330-0300] {processor.py:830} INFO - Processing file /mnt/c/Users/Tilto/Desktop/Work/Airflow/dags/primeira_dagv1.py for tasks to queue
[2024-05-06T18:38:37.332-0300] {logging_mixin.py:188} INFO - [2024-05-06T18:38:37.332-0300] {dagbag.py:540} INFO - Filling up the DagBag from /mnt/c/Users/Tilto/Desktop/Work/Airflow/dags/primeira_dagv1.py
[2024-05-06T18:38:37.356-0300] {processor.py:840} INFO - DAG(s) 'a_primeira_DAG_v1' retrieved from /mnt/c/Users/Tilto/Desktop/Work/Airflow/dags/primeira_dagv1.py
[2024-05-06T18:38:37.465-0300] {logging_mixin.py:188} INFO - [2024-05-06T18:38:37.464-0300] {dag.py:3096} INFO - Sync 1 DAGs
[2024-05-06T18:38:37.488-0300] {logging_mixin.py:188} INFO - [2024-05-06T18:38:37.488-0300] {dag.py:3954} INFO - Setting next_dagrun for a_primeira_DAG_v1 to 2024-05-06 00:00:00+00:00, run_after=2024-05-07 00:00:00+00:00
[2024-05-06T18:38:37.685-0300] {processor.py:183} INFO - Processing /mnt/c/Users/Tilto/Desktop/Work/Airflow/dags/primeira_dagv1.py took 0.362 seconds
[2024-05-06T18:39:09.697-0300] {processor.py:161} INFO - Started process (PID=5108) to work on /mnt/c/Users/Tilto/Desktop/Work/Airflow/dags/primeira_dagv1.py
[2024-05-06T18:39:09.698-0300] {processor.py:830} INFO - Processing file /mnt/c/Users/Tilto/Desktop/Work/Airflow/dags/primeira_dagv1.py for tasks to queue
[2024-05-06T18:39:09.701-0300] {logging_mixin.py:188} INFO - [2024-05-06T18:39:09.700-0300] {dagbag.py:540} INFO - Filling up the DagBag from /mnt/c/Users/Tilto/Desktop/Work/Airflow/dags/primeira_dagv1.py
[2024-05-06T18:39:09.735-0300] {processor.py:840} INFO - DAG(s) 'a_primeira_DAG_v1' retrieved from /mnt/c/Users/Tilto/Desktop/Work/Airflow/dags/primeira_dagv1.py
[2024-05-06T18:39:09.773-0300] {logging_mixin.py:188} INFO - [2024-05-06T18:39:09.773-0300] {dag.py:3096} INFO - Sync 1 DAGs
[2024-05-06T18:39:09.808-0300] {logging_mixin.py:188} INFO - [2024-05-06T18:39:09.807-0300] {dag.py:3954} INFO - Setting next_dagrun for a_primeira_DAG_v1 to 2024-05-06 00:00:00+00:00, run_after=2024-05-07 00:00:00+00:00
[2024-05-06T18:39:09.906-0300] {processor.py:183} INFO - Processing /mnt/c/Users/Tilto/Desktop/Work/Airflow/dags/primeira_dagv1.py took 0.222 seconds
[2024-05-06T18:39:40.984-0300] {processor.py:161} INFO - Started process (PID=5239) to work on /mnt/c/Users/Tilto/Desktop/Work/Airflow/dags/primeira_dagv1.py
[2024-05-06T18:39:40.985-0300] {processor.py:830} INFO - Processing file /mnt/c/Users/Tilto/Desktop/Work/Airflow/dags/primeira_dagv1.py for tasks to queue
[2024-05-06T18:39:40.987-0300] {logging_mixin.py:188} INFO - [2024-05-06T18:39:40.986-0300] {dagbag.py:540} INFO - Filling up the DagBag from /mnt/c/Users/Tilto/Desktop/Work/Airflow/dags/primeira_dagv1.py
[2024-05-06T18:39:41.019-0300] {processor.py:840} INFO - DAG(s) 'a_primeira_DAG_v1' retrieved from /mnt/c/Users/Tilto/Desktop/Work/Airflow/dags/primeira_dagv1.py
[2024-05-06T18:39:41.048-0300] {logging_mixin.py:188} INFO - [2024-05-06T18:39:41.048-0300] {dag.py:3096} INFO - Sync 1 DAGs
[2024-05-06T18:39:41.074-0300] {logging_mixin.py:188} INFO - [2024-05-06T18:39:41.074-0300] {dag.py:3954} INFO - Setting next_dagrun for a_primeira_DAG_v1 to 2024-05-06 00:00:00+00:00, run_after=2024-05-07 00:00:00+00:00
[2024-05-06T18:39:41.134-0300] {processor.py:183} INFO - Processing /mnt/c/Users/Tilto/Desktop/Work/Airflow/dags/primeira_dagv1.py took 0.155 seconds
[2024-05-06T18:40:11.492-0300] {processor.py:161} INFO - Started process (PID=5370) to work on /mnt/c/Users/Tilto/Desktop/Work/Airflow/dags/primeira_dagv1.py
[2024-05-06T18:40:11.493-0300] {processor.py:830} INFO - Processing file /mnt/c/Users/Tilto/Desktop/Work/Airflow/dags/primeira_dagv1.py for tasks to queue
[2024-05-06T18:40:11.494-0300] {logging_mixin.py:188} INFO - [2024-05-06T18:40:11.494-0300] {dagbag.py:540} INFO - Filling up the DagBag from /mnt/c/Users/Tilto/Desktop/Work/Airflow/dags/primeira_dagv1.py
[2024-05-06T18:40:11.518-0300] {processor.py:840} INFO - DAG(s) 'a_primeira_DAG_v1' retrieved from /mnt/c/Users/Tilto/Desktop/Work/Airflow/dags/primeira_dagv1.py
[2024-05-06T18:40:11.549-0300] {logging_mixin.py:188} INFO - [2024-05-06T18:40:11.549-0300] {dag.py:3096} INFO - Sync 1 DAGs
[2024-05-06T18:40:11.573-0300] {logging_mixin.py:188} INFO - [2024-05-06T18:40:11.573-0300] {dag.py:3954} INFO - Setting next_dagrun for a_primeira_DAG_v1 to 2024-05-06 00:00:00+00:00, run_after=2024-05-07 00:00:00+00:00
[2024-05-06T18:40:11.635-0300] {processor.py:183} INFO - Processing /mnt/c/Users/Tilto/Desktop/Work/Airflow/dags/primeira_dagv1.py took 0.149 seconds
[2024-05-06T18:40:43.813-0300] {processor.py:161} INFO - Started process (PID=5504) to work on /mnt/c/Users/Tilto/Desktop/Work/Airflow/dags/primeira_dagv1.py
[2024-05-06T18:40:43.814-0300] {processor.py:830} INFO - Processing file /mnt/c/Users/Tilto/Desktop/Work/Airflow/dags/primeira_dagv1.py for tasks to queue
[2024-05-06T18:40:43.815-0300] {logging_mixin.py:188} INFO - [2024-05-06T18:40:43.815-0300] {dagbag.py:540} INFO - Filling up the DagBag from /mnt/c/Users/Tilto/Desktop/Work/Airflow/dags/primeira_dagv1.py
[2024-05-06T18:40:43.838-0300] {processor.py:840} INFO - DAG(s) 'a_primeira_DAG_v1' retrieved from /mnt/c/Users/Tilto/Desktop/Work/Airflow/dags/primeira_dagv1.py
[2024-05-06T18:40:43.866-0300] {logging_mixin.py:188} INFO - [2024-05-06T18:40:43.866-0300] {dag.py:3096} INFO - Sync 1 DAGs
[2024-05-06T18:40:43.893-0300] {logging_mixin.py:188} INFO - [2024-05-06T18:40:43.893-0300] {dag.py:3954} INFO - Setting next_dagrun for a_primeira_DAG_v1 to 2024-05-06 00:00:00+00:00, run_after=2024-05-07 00:00:00+00:00
[2024-05-06T18:40:44.392-0300] {processor.py:183} INFO - Processing /mnt/c/Users/Tilto/Desktop/Work/Airflow/dags/primeira_dagv1.py took 0.583 seconds
[2024-05-06T18:41:15.307-0300] {processor.py:161} INFO - Started process (PID=5635) to work on /mnt/c/Users/Tilto/Desktop/Work/Airflow/dags/primeira_dagv1.py
[2024-05-06T18:41:15.308-0300] {processor.py:830} INFO - Processing file /mnt/c/Users/Tilto/Desktop/Work/Airflow/dags/primeira_dagv1.py for tasks to queue
[2024-05-06T18:41:15.309-0300] {logging_mixin.py:188} INFO - [2024-05-06T18:41:15.309-0300] {dagbag.py:540} INFO - Filling up the DagBag from /mnt/c/Users/Tilto/Desktop/Work/Airflow/dags/primeira_dagv1.py
[2024-05-06T18:41:15.330-0300] {processor.py:840} INFO - DAG(s) 'a_primeira_DAG_v1' retrieved from /mnt/c/Users/Tilto/Desktop/Work/Airflow/dags/primeira_dagv1.py
[2024-05-06T18:41:15.356-0300] {logging_mixin.py:188} INFO - [2024-05-06T18:41:15.356-0300] {dag.py:3096} INFO - Sync 1 DAGs
[2024-05-06T18:41:15.378-0300] {logging_mixin.py:188} INFO - [2024-05-06T18:41:15.378-0300] {dag.py:3954} INFO - Setting next_dagrun for a_primeira_DAG_v1 to 2024-05-06 00:00:00+00:00, run_after=2024-05-07 00:00:00+00:00
[2024-05-06T18:41:15.438-0300] {processor.py:183} INFO - Processing /mnt/c/Users/Tilto/Desktop/Work/Airflow/dags/primeira_dagv1.py took 0.135 seconds
[2024-05-06T18:41:46.056-0300] {processor.py:161} INFO - Started process (PID=5763) to work on /mnt/c/Users/Tilto/Desktop/Work/Airflow/dags/primeira_dagv1.py
[2024-05-06T18:41:46.057-0300] {processor.py:830} INFO - Processing file /mnt/c/Users/Tilto/Desktop/Work/Airflow/dags/primeira_dagv1.py for tasks to queue
[2024-05-06T18:41:46.059-0300] {logging_mixin.py:188} INFO - [2024-05-06T18:41:46.058-0300] {dagbag.py:540} INFO - Filling up the DagBag from /mnt/c/Users/Tilto/Desktop/Work/Airflow/dags/primeira_dagv1.py
[2024-05-06T18:41:46.081-0300] {processor.py:840} INFO - DAG(s) 'a_primeira_DAG_v1' retrieved from /mnt/c/Users/Tilto/Desktop/Work/Airflow/dags/primeira_dagv1.py
[2024-05-06T18:41:46.106-0300] {logging_mixin.py:188} INFO - [2024-05-06T18:41:46.106-0300] {dag.py:3096} INFO - Sync 1 DAGs
[2024-05-06T18:41:46.129-0300] {logging_mixin.py:188} INFO - [2024-05-06T18:41:46.129-0300] {dag.py:3954} INFO - Setting next_dagrun for a_primeira_DAG_v1 to 2024-05-06 00:00:00+00:00, run_after=2024-05-07 00:00:00+00:00
[2024-05-06T18:41:46.198-0300] {processor.py:183} INFO - Processing /mnt/c/Users/Tilto/Desktop/Work/Airflow/dags/primeira_dagv1.py took 0.146 seconds
[2024-05-06T18:42:17.329-0300] {processor.py:161} INFO - Started process (PID=5894) to work on /mnt/c/Users/Tilto/Desktop/Work/Airflow/dags/primeira_dagv1.py
[2024-05-06T18:42:17.330-0300] {processor.py:830} INFO - Processing file /mnt/c/Users/Tilto/Desktop/Work/Airflow/dags/primeira_dagv1.py for tasks to queue
[2024-05-06T18:42:17.332-0300] {logging_mixin.py:188} INFO - [2024-05-06T18:42:17.331-0300] {dagbag.py:540} INFO - Filling up the DagBag from /mnt/c/Users/Tilto/Desktop/Work/Airflow/dags/primeira_dagv1.py
[2024-05-06T18:42:17.354-0300] {processor.py:840} INFO - DAG(s) 'a_primeira_DAG_v1' retrieved from /mnt/c/Users/Tilto/Desktop/Work/Airflow/dags/primeira_dagv1.py
[2024-05-06T18:42:17.380-0300] {logging_mixin.py:188} INFO - [2024-05-06T18:42:17.380-0300] {dag.py:3096} INFO - Sync 1 DAGs
[2024-05-06T18:42:17.404-0300] {logging_mixin.py:188} INFO - [2024-05-06T18:42:17.404-0300] {dag.py:3954} INFO - Setting next_dagrun for a_primeira_DAG_v1 to 2024-05-06 00:00:00+00:00, run_after=2024-05-07 00:00:00+00:00
[2024-05-06T18:42:17.467-0300] {processor.py:183} INFO - Processing /mnt/c/Users/Tilto/Desktop/Work/Airflow/dags/primeira_dagv1.py took 0.143 seconds
[2024-05-06T18:42:48.258-0300] {processor.py:161} INFO - Started process (PID=6023) to work on /mnt/c/Users/Tilto/Desktop/Work/Airflow/dags/primeira_dagv1.py
[2024-05-06T18:42:48.259-0300] {processor.py:830} INFO - Processing file /mnt/c/Users/Tilto/Desktop/Work/Airflow/dags/primeira_dagv1.py for tasks to queue
[2024-05-06T18:42:48.261-0300] {logging_mixin.py:188} INFO - [2024-05-06T18:42:48.261-0300] {dagbag.py:540} INFO - Filling up the DagBag from /mnt/c/Users/Tilto/Desktop/Work/Airflow/dags/primeira_dagv1.py
[2024-05-06T18:42:48.283-0300] {processor.py:840} INFO - DAG(s) 'a_primeira_DAG_v1' retrieved from /mnt/c/Users/Tilto/Desktop/Work/Airflow/dags/primeira_dagv1.py
[2024-05-06T18:42:48.308-0300] {logging_mixin.py:188} INFO - [2024-05-06T18:42:48.308-0300] {dag.py:3096} INFO - Sync 1 DAGs
[2024-05-06T18:42:48.334-0300] {logging_mixin.py:188} INFO - [2024-05-06T18:42:48.333-0300] {dag.py:3954} INFO - Setting next_dagrun for a_primeira_DAG_v1 to 2024-05-06 00:00:00+00:00, run_after=2024-05-07 00:00:00+00:00
[2024-05-06T18:42:48.474-0300] {processor.py:183} INFO - Processing /mnt/c/Users/Tilto/Desktop/Work/Airflow/dags/primeira_dagv1.py took 0.220 seconds
[2024-05-06T18:43:19.279-0300] {processor.py:161} INFO - Started process (PID=6155) to work on /mnt/c/Users/Tilto/Desktop/Work/Airflow/dags/primeira_dagv1.py
[2024-05-06T18:43:19.280-0300] {processor.py:830} INFO - Processing file /mnt/c/Users/Tilto/Desktop/Work/Airflow/dags/primeira_dagv1.py for tasks to queue
[2024-05-06T18:43:19.281-0300] {logging_mixin.py:188} INFO - [2024-05-06T18:43:19.281-0300] {dagbag.py:540} INFO - Filling up the DagBag from /mnt/c/Users/Tilto/Desktop/Work/Airflow/dags/primeira_dagv1.py
[2024-05-06T18:43:19.303-0300] {processor.py:840} INFO - DAG(s) 'a_primeira_DAG_v1' retrieved from /mnt/c/Users/Tilto/Desktop/Work/Airflow/dags/primeira_dagv1.py
[2024-05-06T18:43:19.328-0300] {logging_mixin.py:188} INFO - [2024-05-06T18:43:19.327-0300] {dag.py:3096} INFO - Sync 1 DAGs
[2024-05-06T18:43:19.351-0300] {logging_mixin.py:188} INFO - [2024-05-06T18:43:19.351-0300] {dag.py:3954} INFO - Setting next_dagrun for a_primeira_DAG_v1 to 2024-05-06 00:00:00+00:00, run_after=2024-05-07 00:00:00+00:00
[2024-05-06T18:43:19.406-0300] {processor.py:183} INFO - Processing /mnt/c/Users/Tilto/Desktop/Work/Airflow/dags/primeira_dagv1.py took 0.132 seconds
[2024-05-06T18:44:08.139-0300] {processor.py:161} INFO - Started process (PID=6384) to work on /mnt/c/Users/Tilto/Desktop/Work/Airflow/dags/primeira_dagv1.py
[2024-05-06T18:44:08.143-0300] {processor.py:830} INFO - Processing file /mnt/c/Users/Tilto/Desktop/Work/Airflow/dags/primeira_dagv1.py for tasks to queue
[2024-05-06T18:44:08.149-0300] {logging_mixin.py:188} INFO - [2024-05-06T18:44:08.148-0300] {dagbag.py:540} INFO - Filling up the DagBag from /mnt/c/Users/Tilto/Desktop/Work/Airflow/dags/primeira_dagv1.py
[2024-05-06T18:44:08.207-0300] {processor.py:840} INFO - DAG(s) 'a_primeira_DAG_v1' retrieved from /mnt/c/Users/Tilto/Desktop/Work/Airflow/dags/primeira_dagv1.py
[2024-05-06T18:44:08.232-0300] {logging_mixin.py:188} INFO - [2024-05-06T18:44:08.232-0300] {dag.py:3096} INFO - Sync 1 DAGs
[2024-05-06T18:44:08.265-0300] {logging_mixin.py:188} INFO - [2024-05-06T18:44:08.265-0300] {dag.py:3954} INFO - Setting next_dagrun for a_primeira_DAG_v1 to 2024-05-06 00:00:00+00:00, run_after=2024-05-07 00:00:00+00:00
[2024-05-06T18:44:08.821-0300] {processor.py:183} INFO - Processing /mnt/c/Users/Tilto/Desktop/Work/Airflow/dags/primeira_dagv1.py took 0.690 seconds
[2024-05-06T18:44:39.934-0300] {processor.py:161} INFO - Started process (PID=6518) to work on /mnt/c/Users/Tilto/Desktop/Work/Airflow/dags/primeira_dagv1.py
[2024-05-06T18:44:39.935-0300] {processor.py:830} INFO - Processing file /mnt/c/Users/Tilto/Desktop/Work/Airflow/dags/primeira_dagv1.py for tasks to queue
[2024-05-06T18:44:39.936-0300] {logging_mixin.py:188} INFO - [2024-05-06T18:44:39.936-0300] {dagbag.py:540} INFO - Filling up the DagBag from /mnt/c/Users/Tilto/Desktop/Work/Airflow/dags/primeira_dagv1.py
[2024-05-06T18:44:39.958-0300] {processor.py:840} INFO - DAG(s) 'a_primeira_DAG_v1' retrieved from /mnt/c/Users/Tilto/Desktop/Work/Airflow/dags/primeira_dagv1.py
[2024-05-06T18:44:40.068-0300] {logging_mixin.py:188} INFO - [2024-05-06T18:44:40.068-0300] {dag.py:3096} INFO - Sync 1 DAGs
[2024-05-06T18:44:40.093-0300] {logging_mixin.py:188} INFO - [2024-05-06T18:44:40.093-0300] {dag.py:3954} INFO - Setting next_dagrun for a_primeira_DAG_v1 to 2024-05-06 00:00:00+00:00, run_after=2024-05-07 00:00:00+00:00
[2024-05-06T18:44:40.166-0300] {processor.py:183} INFO - Processing /mnt/c/Users/Tilto/Desktop/Work/Airflow/dags/primeira_dagv1.py took 0.236 seconds
[2024-05-06T18:51:03.985-0300] {processor.py:161} INFO - Started process (PID=8157) to work on /mnt/c/Users/Tilto/Desktop/Work/Airflow/dags/primeira_dagv1.py
[2024-05-06T18:51:03.986-0300] {processor.py:830} INFO - Processing file /mnt/c/Users/Tilto/Desktop/Work/Airflow/dags/primeira_dagv1.py for tasks to queue
[2024-05-06T18:51:03.988-0300] {logging_mixin.py:188} INFO - [2024-05-06T18:51:03.988-0300] {dagbag.py:540} INFO - Filling up the DagBag from /mnt/c/Users/Tilto/Desktop/Work/Airflow/dags/primeira_dagv1.py
[2024-05-06T18:51:04.014-0300] {processor.py:840} INFO - DAG(s) 'a_primeira_DAG_v1' retrieved from /mnt/c/Users/Tilto/Desktop/Work/Airflow/dags/primeira_dagv1.py
[2024-05-06T18:51:04.040-0300] {logging_mixin.py:188} INFO - [2024-05-06T18:51:04.039-0300] {dag.py:3096} INFO - Sync 1 DAGs
[2024-05-06T18:51:04.100-0300] {logging_mixin.py:188} INFO - [2024-05-06T18:51:04.100-0300] {dag.py:3954} INFO - Setting next_dagrun for a_primeira_DAG_v1 to 2024-05-06 00:00:00+00:00, run_after=2024-05-07 00:00:00+00:00
[2024-05-06T18:51:04.172-0300] {processor.py:183} INFO - Processing /mnt/c/Users/Tilto/Desktop/Work/Airflow/dags/primeira_dagv1.py took 0.192 seconds
[2024-05-06T18:53:32.961-0300] {processor.py:161} INFO - Started process (PID=8759) to work on /mnt/c/Users/Tilto/Desktop/Work/Airflow/dags/primeira_dagv1.py
[2024-05-06T18:53:32.962-0300] {processor.py:830} INFO - Processing file /mnt/c/Users/Tilto/Desktop/Work/Airflow/dags/primeira_dagv1.py for tasks to queue
[2024-05-06T18:53:32.963-0300] {logging_mixin.py:188} INFO - [2024-05-06T18:53:32.963-0300] {dagbag.py:540} INFO - Filling up the DagBag from /mnt/c/Users/Tilto/Desktop/Work/Airflow/dags/primeira_dagv1.py
[2024-05-06T18:53:32.985-0300] {processor.py:840} INFO - DAG(s) 'a_primeira_DAG_v1' retrieved from /mnt/c/Users/Tilto/Desktop/Work/Airflow/dags/primeira_dagv1.py
[2024-05-06T18:53:33.161-0300] {logging_mixin.py:188} INFO - [2024-05-06T18:53:33.161-0300] {dag.py:3096} INFO - Sync 1 DAGs
[2024-05-06T18:53:33.184-0300] {logging_mixin.py:188} INFO - [2024-05-06T18:53:33.183-0300] {dag.py:3954} INFO - Setting next_dagrun for a_primeira_DAG_v1 to 2024-05-06 00:00:00+00:00, run_after=2024-05-07 00:00:00+00:00
[2024-05-06T18:53:33.247-0300] {processor.py:183} INFO - Processing /mnt/c/Users/Tilto/Desktop/Work/Airflow/dags/primeira_dagv1.py took 0.291 seconds
[2024-05-06T18:56:00.185-0300] {processor.py:161} INFO - Started process (PID=9362) to work on /mnt/c/Users/Tilto/Desktop/Work/Airflow/dags/primeira_dagv1.py
[2024-05-06T18:56:00.186-0300] {processor.py:830} INFO - Processing file /mnt/c/Users/Tilto/Desktop/Work/Airflow/dags/primeira_dagv1.py for tasks to queue
[2024-05-06T18:56:00.187-0300] {logging_mixin.py:188} INFO - [2024-05-06T18:56:00.187-0300] {dagbag.py:540} INFO - Filling up the DagBag from /mnt/c/Users/Tilto/Desktop/Work/Airflow/dags/primeira_dagv1.py
[2024-05-06T18:56:00.208-0300] {processor.py:840} INFO - DAG(s) 'a_primeira_DAG_v1' retrieved from /mnt/c/Users/Tilto/Desktop/Work/Airflow/dags/primeira_dagv1.py
[2024-05-06T18:56:00.235-0300] {logging_mixin.py:188} INFO - [2024-05-06T18:56:00.235-0300] {dag.py:3096} INFO - Sync 1 DAGs
[2024-05-06T18:56:00.258-0300] {logging_mixin.py:188} INFO - [2024-05-06T18:56:00.258-0300] {dag.py:3954} INFO - Setting next_dagrun for a_primeira_DAG_v1 to 2024-05-06 00:00:00+00:00, run_after=2024-05-07 00:00:00+00:00
[2024-05-06T18:56:00.321-0300] {processor.py:183} INFO - Processing /mnt/c/Users/Tilto/Desktop/Work/Airflow/dags/primeira_dagv1.py took 0.140 seconds
[2024-05-06T18:56:31.451-0300] {processor.py:161} INFO - Started process (PID=9492) to work on /mnt/c/Users/Tilto/Desktop/Work/Airflow/dags/primeira_dagv1.py
[2024-05-06T18:56:31.452-0300] {processor.py:830} INFO - Processing file /mnt/c/Users/Tilto/Desktop/Work/Airflow/dags/primeira_dagv1.py for tasks to queue
[2024-05-06T18:56:31.453-0300] {logging_mixin.py:188} INFO - [2024-05-06T18:56:31.453-0300] {dagbag.py:540} INFO - Filling up the DagBag from /mnt/c/Users/Tilto/Desktop/Work/Airflow/dags/primeira_dagv1.py
[2024-05-06T18:56:31.477-0300] {processor.py:840} INFO - DAG(s) 'a_primeira_DAG_v1' retrieved from /mnt/c/Users/Tilto/Desktop/Work/Airflow/dags/primeira_dagv1.py
[2024-05-06T18:56:31.509-0300] {logging_mixin.py:188} INFO - [2024-05-06T18:56:31.508-0300] {dag.py:3096} INFO - Sync 1 DAGs
[2024-05-06T18:56:31.538-0300] {logging_mixin.py:188} INFO - [2024-05-06T18:56:31.537-0300] {dag.py:3954} INFO - Setting next_dagrun for a_primeira_DAG_v1 to 2024-05-06 00:00:00+00:00, run_after=2024-05-07 00:00:00+00:00
[2024-05-06T18:56:31.607-0300] {processor.py:183} INFO - Processing /mnt/c/Users/Tilto/Desktop/Work/Airflow/dags/primeira_dagv1.py took 0.161 seconds
[2024-05-06T18:57:02.548-0300] {processor.py:161} INFO - Started process (PID=9621) to work on /mnt/c/Users/Tilto/Desktop/Work/Airflow/dags/primeira_dagv1.py
[2024-05-06T18:57:02.549-0300] {processor.py:830} INFO - Processing file /mnt/c/Users/Tilto/Desktop/Work/Airflow/dags/primeira_dagv1.py for tasks to queue
[2024-05-06T18:57:02.550-0300] {logging_mixin.py:188} INFO - [2024-05-06T18:57:02.550-0300] {dagbag.py:540} INFO - Filling up the DagBag from /mnt/c/Users/Tilto/Desktop/Work/Airflow/dags/primeira_dagv1.py
[2024-05-06T18:57:02.572-0300] {processor.py:840} INFO - DAG(s) 'a_primeira_DAG_v1' retrieved from /mnt/c/Users/Tilto/Desktop/Work/Airflow/dags/primeira_dagv1.py
[2024-05-06T18:57:02.598-0300] {logging_mixin.py:188} INFO - [2024-05-06T18:57:02.598-0300] {dag.py:3096} INFO - Sync 1 DAGs
[2024-05-06T18:57:02.623-0300] {logging_mixin.py:188} INFO - [2024-05-06T18:57:02.623-0300] {dag.py:3954} INFO - Setting next_dagrun for a_primeira_DAG_v1 to 2024-05-06 00:00:00+00:00, run_after=2024-05-07 00:00:00+00:00
[2024-05-06T18:57:02.680-0300] {processor.py:183} INFO - Processing /mnt/c/Users/Tilto/Desktop/Work/Airflow/dags/primeira_dagv1.py took 0.136 seconds
[2024-05-06T18:57:33.353-0300] {processor.py:161} INFO - Started process (PID=9750) to work on /mnt/c/Users/Tilto/Desktop/Work/Airflow/dags/primeira_dagv1.py
[2024-05-06T18:57:33.354-0300] {processor.py:830} INFO - Processing file /mnt/c/Users/Tilto/Desktop/Work/Airflow/dags/primeira_dagv1.py for tasks to queue
[2024-05-06T18:57:33.355-0300] {logging_mixin.py:188} INFO - [2024-05-06T18:57:33.355-0300] {dagbag.py:540} INFO - Filling up the DagBag from /mnt/c/Users/Tilto/Desktop/Work/Airflow/dags/primeira_dagv1.py
[2024-05-06T18:57:33.375-0300] {processor.py:840} INFO - DAG(s) 'a_primeira_DAG_v1' retrieved from /mnt/c/Users/Tilto/Desktop/Work/Airflow/dags/primeira_dagv1.py
[2024-05-06T18:57:33.401-0300] {logging_mixin.py:188} INFO - [2024-05-06T18:57:33.401-0300] {dag.py:3096} INFO - Sync 1 DAGs
[2024-05-06T18:57:33.423-0300] {logging_mixin.py:188} INFO - [2024-05-06T18:57:33.423-0300] {dag.py:3954} INFO - Setting next_dagrun for a_primeira_DAG_v1 to 2024-05-06 00:00:00+00:00, run_after=2024-05-07 00:00:00+00:00
[2024-05-06T18:57:33.479-0300] {processor.py:183} INFO - Processing /mnt/c/Users/Tilto/Desktop/Work/Airflow/dags/primeira_dagv1.py took 0.130 seconds
[2024-05-06T18:58:04.405-0300] {processor.py:161} INFO - Started process (PID=9882) to work on /mnt/c/Users/Tilto/Desktop/Work/Airflow/dags/primeira_dagv1.py
[2024-05-06T18:58:04.406-0300] {processor.py:830} INFO - Processing file /mnt/c/Users/Tilto/Desktop/Work/Airflow/dags/primeira_dagv1.py for tasks to queue
[2024-05-06T18:58:04.408-0300] {logging_mixin.py:188} INFO - [2024-05-06T18:58:04.408-0300] {dagbag.py:540} INFO - Filling up the DagBag from /mnt/c/Users/Tilto/Desktop/Work/Airflow/dags/primeira_dagv1.py
[2024-05-06T18:58:04.435-0300] {processor.py:840} INFO - DAG(s) 'a_primeira_DAG_v1' retrieved from /mnt/c/Users/Tilto/Desktop/Work/Airflow/dags/primeira_dagv1.py
[2024-05-06T18:58:04.469-0300] {logging_mixin.py:188} INFO - [2024-05-06T18:58:04.469-0300] {dag.py:3096} INFO - Sync 1 DAGs
[2024-05-06T18:58:04.504-0300] {logging_mixin.py:188} INFO - [2024-05-06T18:58:04.504-0300] {dag.py:3954} INFO - Setting next_dagrun for a_primeira_DAG_v1 to 2024-05-06 00:00:00+00:00, run_after=2024-05-07 00:00:00+00:00
[2024-05-06T18:58:04.566-0300] {processor.py:183} INFO - Processing /mnt/c/Users/Tilto/Desktop/Work/Airflow/dags/primeira_dagv1.py took 0.168 seconds
[2024-05-06T18:58:43.739-0300] {processor.py:161} INFO - Started process (PID=10083) to work on /mnt/c/Users/Tilto/Desktop/Work/Airflow/dags/primeira_dagv1.py
[2024-05-06T18:58:43.741-0300] {processor.py:830} INFO - Processing file /mnt/c/Users/Tilto/Desktop/Work/Airflow/dags/primeira_dagv1.py for tasks to queue
[2024-05-06T18:58:43.743-0300] {logging_mixin.py:188} INFO - [2024-05-06T18:58:43.742-0300] {dagbag.py:540} INFO - Filling up the DagBag from /mnt/c/Users/Tilto/Desktop/Work/Airflow/dags/primeira_dagv1.py
[2024-05-06T18:58:43.783-0300] {processor.py:840} INFO - DAG(s) 'a_primeira_DAG_v1' retrieved from /mnt/c/Users/Tilto/Desktop/Work/Airflow/dags/primeira_dagv1.py
[2024-05-06T18:58:43.932-0300] {logging_mixin.py:188} INFO - [2024-05-06T18:58:43.932-0300] {dag.py:3096} INFO - Sync 1 DAGs
[2024-05-06T18:58:44.003-0300] {logging_mixin.py:188} INFO - [2024-05-06T18:58:44.003-0300] {dag.py:3954} INFO - Setting next_dagrun for a_primeira_DAG_v1 to 2024-05-06 00:00:00+00:00, run_after=2024-05-07 00:00:00+00:00
[2024-05-06T18:58:44.115-0300] {processor.py:183} INFO - Processing /mnt/c/Users/Tilto/Desktop/Work/Airflow/dags/primeira_dagv1.py took 0.381 seconds
[2024-05-06T18:59:15.760-0300] {processor.py:161} INFO - Started process (PID=10217) to work on /mnt/c/Users/Tilto/Desktop/Work/Airflow/dags/primeira_dagv1.py
[2024-05-06T18:59:15.761-0300] {processor.py:830} INFO - Processing file /mnt/c/Users/Tilto/Desktop/Work/Airflow/dags/primeira_dagv1.py for tasks to queue
[2024-05-06T18:59:15.763-0300] {logging_mixin.py:188} INFO - [2024-05-06T18:59:15.763-0300] {dagbag.py:540} INFO - Filling up the DagBag from /mnt/c/Users/Tilto/Desktop/Work/Airflow/dags/primeira_dagv1.py
[2024-05-06T18:59:15.792-0300] {processor.py:840} INFO - DAG(s) 'a_primeira_DAG_v1' retrieved from /mnt/c/Users/Tilto/Desktop/Work/Airflow/dags/primeira_dagv1.py
[2024-05-06T18:59:15.906-0300] {logging_mixin.py:188} INFO - [2024-05-06T18:59:15.906-0300] {dag.py:3096} INFO - Sync 1 DAGs
[2024-05-06T18:59:15.927-0300] {logging_mixin.py:188} INFO - [2024-05-06T18:59:15.927-0300] {dag.py:3954} INFO - Setting next_dagrun for a_primeira_DAG_v1 to 2024-05-06 00:00:00+00:00, run_after=2024-05-07 00:00:00+00:00
[2024-05-06T18:59:18.521-0300] {processor.py:183} INFO - Processing /mnt/c/Users/Tilto/Desktop/Work/Airflow/dags/primeira_dagv1.py took 2.766 seconds
[2024-05-06T19:02:14.020-0300] {processor.py:161} INFO - Started process (PID=10957) to work on /mnt/c/Users/Tilto/Desktop/Work/Airflow/dags/primeira_dagv1.py
[2024-05-06T19:02:14.021-0300] {processor.py:830} INFO - Processing file /mnt/c/Users/Tilto/Desktop/Work/Airflow/dags/primeira_dagv1.py for tasks to queue
[2024-05-06T19:02:14.022-0300] {logging_mixin.py:188} INFO - [2024-05-06T19:02:14.022-0300] {dagbag.py:540} INFO - Filling up the DagBag from /mnt/c/Users/Tilto/Desktop/Work/Airflow/dags/primeira_dagv1.py
[2024-05-06T19:02:14.042-0300] {processor.py:840} INFO - DAG(s) 'a_primeira_DAG_v1' retrieved from /mnt/c/Users/Tilto/Desktop/Work/Airflow/dags/primeira_dagv1.py
[2024-05-06T19:02:14.067-0300] {logging_mixin.py:188} INFO - [2024-05-06T19:02:14.067-0300] {dag.py:3096} INFO - Sync 1 DAGs
[2024-05-06T19:02:14.088-0300] {logging_mixin.py:188} INFO - [2024-05-06T19:02:14.088-0300] {dag.py:3954} INFO - Setting next_dagrun for a_primeira_DAG_v1 to 2024-05-06 00:00:00+00:00, run_after=2024-05-07 00:00:00+00:00
[2024-05-06T19:02:14.148-0300] {processor.py:183} INFO - Processing /mnt/c/Users/Tilto/Desktop/Work/Airflow/dags/primeira_dagv1.py took 0.133 seconds
[2024-05-06T19:02:45.265-0300] {processor.py:161} INFO - Started process (PID=11087) to work on /mnt/c/Users/Tilto/Desktop/Work/Airflow/dags/primeira_dagv1.py
[2024-05-06T19:02:45.266-0300] {processor.py:830} INFO - Processing file /mnt/c/Users/Tilto/Desktop/Work/Airflow/dags/primeira_dagv1.py for tasks to queue
[2024-05-06T19:02:45.267-0300] {logging_mixin.py:188} INFO - [2024-05-06T19:02:45.267-0300] {dagbag.py:540} INFO - Filling up the DagBag from /mnt/c/Users/Tilto/Desktop/Work/Airflow/dags/primeira_dagv1.py
[2024-05-06T19:02:45.288-0300] {processor.py:840} INFO - DAG(s) 'a_primeira_DAG_v1' retrieved from /mnt/c/Users/Tilto/Desktop/Work/Airflow/dags/primeira_dagv1.py
[2024-05-06T19:02:45.315-0300] {logging_mixin.py:188} INFO - [2024-05-06T19:02:45.315-0300] {dag.py:3096} INFO - Sync 1 DAGs
[2024-05-06T19:02:45.337-0300] {logging_mixin.py:188} INFO - [2024-05-06T19:02:45.337-0300] {dag.py:3954} INFO - Setting next_dagrun for a_primeira_DAG_v1 to 2024-05-06 00:00:00+00:00, run_after=2024-05-07 00:00:00+00:00
[2024-05-06T19:02:45.397-0300] {processor.py:183} INFO - Processing /mnt/c/Users/Tilto/Desktop/Work/Airflow/dags/primeira_dagv1.py took 0.136 seconds
[2024-05-06T19:03:16.232-0300] {processor.py:161} INFO - Started process (PID=11216) to work on /mnt/c/Users/Tilto/Desktop/Work/Airflow/dags/primeira_dagv1.py
[2024-05-06T19:03:16.233-0300] {processor.py:830} INFO - Processing file /mnt/c/Users/Tilto/Desktop/Work/Airflow/dags/primeira_dagv1.py for tasks to queue
[2024-05-06T19:03:16.234-0300] {logging_mixin.py:188} INFO - [2024-05-06T19:03:16.234-0300] {dagbag.py:540} INFO - Filling up the DagBag from /mnt/c/Users/Tilto/Desktop/Work/Airflow/dags/primeira_dagv1.py
[2024-05-06T19:03:16.256-0300] {processor.py:840} INFO - DAG(s) 'a_primeira_DAG_v1' retrieved from /mnt/c/Users/Tilto/Desktop/Work/Airflow/dags/primeira_dagv1.py
[2024-05-06T19:03:16.281-0300] {logging_mixin.py:188} INFO - [2024-05-06T19:03:16.281-0300] {dag.py:3096} INFO - Sync 1 DAGs
[2024-05-06T19:03:16.302-0300] {logging_mixin.py:188} INFO - [2024-05-06T19:03:16.302-0300] {dag.py:3954} INFO - Setting next_dagrun for a_primeira_DAG_v1 to 2024-05-06 00:00:00+00:00, run_after=2024-05-07 00:00:00+00:00
[2024-05-06T19:03:16.363-0300] {processor.py:183} INFO - Processing /mnt/c/Users/Tilto/Desktop/Work/Airflow/dags/primeira_dagv1.py took 0.137 seconds
[2024-05-06T19:03:47.274-0300] {processor.py:161} INFO - Started process (PID=11345) to work on /mnt/c/Users/Tilto/Desktop/Work/Airflow/dags/primeira_dagv1.py
[2024-05-06T19:03:47.275-0300] {processor.py:830} INFO - Processing file /mnt/c/Users/Tilto/Desktop/Work/Airflow/dags/primeira_dagv1.py for tasks to queue
[2024-05-06T19:03:47.276-0300] {logging_mixin.py:188} INFO - [2024-05-06T19:03:47.275-0300] {dagbag.py:540} INFO - Filling up the DagBag from /mnt/c/Users/Tilto/Desktop/Work/Airflow/dags/primeira_dagv1.py
[2024-05-06T19:03:47.293-0300] {processor.py:840} INFO - DAG(s) 'a_primeira_DAG_v1' retrieved from /mnt/c/Users/Tilto/Desktop/Work/Airflow/dags/primeira_dagv1.py
[2024-05-06T19:03:47.317-0300] {logging_mixin.py:188} INFO - [2024-05-06T19:03:47.317-0300] {dag.py:3096} INFO - Sync 1 DAGs
[2024-05-06T19:03:47.338-0300] {logging_mixin.py:188} INFO - [2024-05-06T19:03:47.338-0300] {dag.py:3954} INFO - Setting next_dagrun for a_primeira_DAG_v1 to 2024-05-06 00:00:00+00:00, run_after=2024-05-07 00:00:00+00:00
[2024-05-06T19:03:47.405-0300] {processor.py:183} INFO - Processing /mnt/c/Users/Tilto/Desktop/Work/Airflow/dags/primeira_dagv1.py took 0.136 seconds
[2024-05-06T19:04:18.426-0300] {processor.py:161} INFO - Started process (PID=11478) to work on /mnt/c/Users/Tilto/Desktop/Work/Airflow/dags/primeira_dagv1.py
[2024-05-06T19:04:18.427-0300] {processor.py:830} INFO - Processing file /mnt/c/Users/Tilto/Desktop/Work/Airflow/dags/primeira_dagv1.py for tasks to queue
[2024-05-06T19:04:18.428-0300] {logging_mixin.py:188} INFO - [2024-05-06T19:04:18.428-0300] {dagbag.py:540} INFO - Filling up the DagBag from /mnt/c/Users/Tilto/Desktop/Work/Airflow/dags/primeira_dagv1.py
[2024-05-06T19:04:18.445-0300] {processor.py:840} INFO - DAG(s) 'a_primeira_DAG_v1' retrieved from /mnt/c/Users/Tilto/Desktop/Work/Airflow/dags/primeira_dagv1.py
[2024-05-06T19:04:18.469-0300] {logging_mixin.py:188} INFO - [2024-05-06T19:04:18.469-0300] {dag.py:3096} INFO - Sync 1 DAGs
[2024-05-06T19:04:18.490-0300] {logging_mixin.py:188} INFO - [2024-05-06T19:04:18.489-0300] {dag.py:3954} INFO - Setting next_dagrun for a_primeira_DAG_v1 to 2024-05-06 00:00:00+00:00, run_after=2024-05-07 00:00:00+00:00
[2024-05-06T19:04:18.541-0300] {processor.py:183} INFO - Processing /mnt/c/Users/Tilto/Desktop/Work/Airflow/dags/primeira_dagv1.py took 0.120 seconds
[2024-05-06T19:04:49.538-0300] {processor.py:161} INFO - Started process (PID=11607) to work on /mnt/c/Users/Tilto/Desktop/Work/Airflow/dags/primeira_dagv1.py
[2024-05-06T19:04:49.539-0300] {processor.py:830} INFO - Processing file /mnt/c/Users/Tilto/Desktop/Work/Airflow/dags/primeira_dagv1.py for tasks to queue
[2024-05-06T19:04:49.540-0300] {logging_mixin.py:188} INFO - [2024-05-06T19:04:49.540-0300] {dagbag.py:540} INFO - Filling up the DagBag from /mnt/c/Users/Tilto/Desktop/Work/Airflow/dags/primeira_dagv1.py
[2024-05-06T19:04:49.561-0300] {processor.py:840} INFO - DAG(s) 'a_primeira_DAG_v1' retrieved from /mnt/c/Users/Tilto/Desktop/Work/Airflow/dags/primeira_dagv1.py
[2024-05-06T19:04:49.587-0300] {logging_mixin.py:188} INFO - [2024-05-06T19:04:49.587-0300] {dag.py:3096} INFO - Sync 1 DAGs
[2024-05-06T19:04:49.607-0300] {logging_mixin.py:188} INFO - [2024-05-06T19:04:49.607-0300] {dag.py:3954} INFO - Setting next_dagrun for a_primeira_DAG_v1 to 2024-05-06 00:00:00+00:00, run_after=2024-05-07 00:00:00+00:00
[2024-05-06T19:04:49.657-0300] {processor.py:183} INFO - Processing /mnt/c/Users/Tilto/Desktop/Work/Airflow/dags/primeira_dagv1.py took 0.126 seconds
[2024-05-06T19:05:20.431-0300] {processor.py:161} INFO - Started process (PID=11736) to work on /mnt/c/Users/Tilto/Desktop/Work/Airflow/dags/primeira_dagv1.py
[2024-05-06T19:05:20.432-0300] {processor.py:830} INFO - Processing file /mnt/c/Users/Tilto/Desktop/Work/Airflow/dags/primeira_dagv1.py for tasks to queue
[2024-05-06T19:05:20.433-0300] {logging_mixin.py:188} INFO - [2024-05-06T19:05:20.433-0300] {dagbag.py:540} INFO - Filling up the DagBag from /mnt/c/Users/Tilto/Desktop/Work/Airflow/dags/primeira_dagv1.py
[2024-05-06T19:05:20.455-0300] {processor.py:840} INFO - DAG(s) 'a_primeira_DAG_v1' retrieved from /mnt/c/Users/Tilto/Desktop/Work/Airflow/dags/primeira_dagv1.py
[2024-05-06T19:05:20.485-0300] {logging_mixin.py:188} INFO - [2024-05-06T19:05:20.485-0300] {dag.py:3096} INFO - Sync 1 DAGs
[2024-05-06T19:05:20.508-0300] {logging_mixin.py:188} INFO - [2024-05-06T19:05:20.507-0300] {dag.py:3954} INFO - Setting next_dagrun for a_primeira_DAG_v1 to 2024-05-06 00:00:00+00:00, run_after=2024-05-07 00:00:00+00:00
[2024-05-06T19:05:20.565-0300] {processor.py:183} INFO - Processing /mnt/c/Users/Tilto/Desktop/Work/Airflow/dags/primeira_dagv1.py took 0.141 seconds
[2024-05-06T19:05:51.499-0300] {processor.py:161} INFO - Started process (PID=11865) to work on /mnt/c/Users/Tilto/Desktop/Work/Airflow/dags/primeira_dagv1.py
[2024-05-06T19:05:51.500-0300] {processor.py:830} INFO - Processing file /mnt/c/Users/Tilto/Desktop/Work/Airflow/dags/primeira_dagv1.py for tasks to queue
[2024-05-06T19:05:51.501-0300] {logging_mixin.py:188} INFO - [2024-05-06T19:05:51.501-0300] {dagbag.py:540} INFO - Filling up the DagBag from /mnt/c/Users/Tilto/Desktop/Work/Airflow/dags/primeira_dagv1.py
[2024-05-06T19:05:51.521-0300] {processor.py:840} INFO - DAG(s) 'a_primeira_DAG_v1' retrieved from /mnt/c/Users/Tilto/Desktop/Work/Airflow/dags/primeira_dagv1.py
[2024-05-06T19:05:51.547-0300] {logging_mixin.py:188} INFO - [2024-05-06T19:05:51.547-0300] {dag.py:3096} INFO - Sync 1 DAGs
[2024-05-06T19:05:51.570-0300] {logging_mixin.py:188} INFO - [2024-05-06T19:05:51.570-0300] {dag.py:3954} INFO - Setting next_dagrun for a_primeira_DAG_v1 to 2024-05-06 00:00:00+00:00, run_after=2024-05-07 00:00:00+00:00
[2024-05-06T19:05:51.623-0300] {processor.py:183} INFO - Processing /mnt/c/Users/Tilto/Desktop/Work/Airflow/dags/primeira_dagv1.py took 0.128 seconds
[2024-05-06T19:06:22.504-0300] {processor.py:161} INFO - Started process (PID=11994) to work on /mnt/c/Users/Tilto/Desktop/Work/Airflow/dags/primeira_dagv1.py
[2024-05-06T19:06:22.505-0300] {processor.py:830} INFO - Processing file /mnt/c/Users/Tilto/Desktop/Work/Airflow/dags/primeira_dagv1.py for tasks to queue
[2024-05-06T19:06:22.506-0300] {logging_mixin.py:188} INFO - [2024-05-06T19:06:22.506-0300] {dagbag.py:540} INFO - Filling up the DagBag from /mnt/c/Users/Tilto/Desktop/Work/Airflow/dags/primeira_dagv1.py
[2024-05-06T19:06:22.528-0300] {processor.py:840} INFO - DAG(s) 'a_primeira_DAG_v1' retrieved from /mnt/c/Users/Tilto/Desktop/Work/Airflow/dags/primeira_dagv1.py
[2024-05-06T19:06:22.553-0300] {logging_mixin.py:188} INFO - [2024-05-06T19:06:22.552-0300] {dag.py:3096} INFO - Sync 1 DAGs
[2024-05-06T19:06:22.576-0300] {logging_mixin.py:188} INFO - [2024-05-06T19:06:22.576-0300] {dag.py:3954} INFO - Setting next_dagrun for a_primeira_DAG_v1 to 2024-05-06 00:00:00+00:00, run_after=2024-05-07 00:00:00+00:00
[2024-05-06T19:06:22.653-0300] {processor.py:183} INFO - Processing /mnt/c/Users/Tilto/Desktop/Work/Airflow/dags/primeira_dagv1.py took 0.154 seconds
[2024-05-06T19:07:00.765-0300] {processor.py:161} INFO - Started process (PID=12182) to work on /mnt/c/Users/Tilto/Desktop/Work/Airflow/dags/primeira_dagv1.py
[2024-05-06T19:07:00.766-0300] {processor.py:830} INFO - Processing file /mnt/c/Users/Tilto/Desktop/Work/Airflow/dags/primeira_dagv1.py for tasks to queue
[2024-05-06T19:07:00.768-0300] {logging_mixin.py:188} INFO - [2024-05-06T19:07:00.768-0300] {dagbag.py:540} INFO - Filling up the DagBag from /mnt/c/Users/Tilto/Desktop/Work/Airflow/dags/primeira_dagv1.py
[2024-05-06T19:07:00.795-0300] {processor.py:840} INFO - DAG(s) 'a_primeira_DAG_v1' retrieved from /mnt/c/Users/Tilto/Desktop/Work/Airflow/dags/primeira_dagv1.py
[2024-05-06T19:07:00.810-0300] {logging_mixin.py:188} INFO - [2024-05-06T19:07:00.810-0300] {dag.py:3096} INFO - Sync 1 DAGs
[2024-05-06T19:07:00.837-0300] {logging_mixin.py:188} INFO - [2024-05-06T19:07:00.837-0300] {dag.py:3954} INFO - Setting next_dagrun for a_primeira_DAG_v1 to 2024-05-06 00:00:00+00:00, run_after=2024-05-07 00:00:00+00:00
[2024-05-06T19:07:00.941-0300] {processor.py:183} INFO - Processing /mnt/c/Users/Tilto/Desktop/Work/Airflow/dags/primeira_dagv1.py took 0.181 seconds
[2024-05-06T19:07:32.270-0300] {processor.py:161} INFO - Started process (PID=12313) to work on /mnt/c/Users/Tilto/Desktop/Work/Airflow/dags/primeira_dagv1.py
[2024-05-06T19:07:32.271-0300] {processor.py:830} INFO - Processing file /mnt/c/Users/Tilto/Desktop/Work/Airflow/dags/primeira_dagv1.py for tasks to queue
[2024-05-06T19:07:32.273-0300] {logging_mixin.py:188} INFO - [2024-05-06T19:07:32.273-0300] {dagbag.py:540} INFO - Filling up the DagBag from /mnt/c/Users/Tilto/Desktop/Work/Airflow/dags/primeira_dagv1.py
[2024-05-06T19:07:32.298-0300] {processor.py:840} INFO - DAG(s) 'a_primeira_DAG_v1' retrieved from /mnt/c/Users/Tilto/Desktop/Work/Airflow/dags/primeira_dagv1.py
[2024-05-06T19:07:32.410-0300] {logging_mixin.py:188} INFO - [2024-05-06T19:07:32.410-0300] {dag.py:3096} INFO - Sync 1 DAGs
[2024-05-06T19:07:32.434-0300] {logging_mixin.py:188} INFO - [2024-05-06T19:07:32.434-0300] {dag.py:3954} INFO - Setting next_dagrun for a_primeira_DAG_v1 to 2024-05-06 00:00:00+00:00, run_after=2024-05-07 00:00:00+00:00
[2024-05-06T19:07:32.538-0300] {processor.py:183} INFO - Processing /mnt/c/Users/Tilto/Desktop/Work/Airflow/dags/primeira_dagv1.py took 0.274 seconds
[2024-05-06T19:08:03.500-0300] {processor.py:161} INFO - Started process (PID=12443) to work on /mnt/c/Users/Tilto/Desktop/Work/Airflow/dags/primeira_dagv1.py
[2024-05-06T19:08:03.502-0300] {processor.py:830} INFO - Processing file /mnt/c/Users/Tilto/Desktop/Work/Airflow/dags/primeira_dagv1.py for tasks to queue
[2024-05-06T19:08:03.503-0300] {logging_mixin.py:188} INFO - [2024-05-06T19:08:03.503-0300] {dagbag.py:540} INFO - Filling up the DagBag from /mnt/c/Users/Tilto/Desktop/Work/Airflow/dags/primeira_dagv1.py
[2024-05-06T19:08:03.527-0300] {processor.py:840} INFO - DAG(s) 'a_primeira_DAG_v1' retrieved from /mnt/c/Users/Tilto/Desktop/Work/Airflow/dags/primeira_dagv1.py
[2024-05-06T19:08:03.555-0300] {logging_mixin.py:188} INFO - [2024-05-06T19:08:03.555-0300] {dag.py:3096} INFO - Sync 1 DAGs
[2024-05-06T19:08:03.580-0300] {logging_mixin.py:188} INFO - [2024-05-06T19:08:03.580-0300] {dag.py:3954} INFO - Setting next_dagrun for a_primeira_DAG_v1 to 2024-05-06 00:00:00+00:00, run_after=2024-05-07 00:00:00+00:00
[2024-05-06T19:08:03.642-0300] {processor.py:183} INFO - Processing /mnt/c/Users/Tilto/Desktop/Work/Airflow/dags/primeira_dagv1.py took 0.146 seconds
[2024-05-06T19:08:34.373-0300] {processor.py:161} INFO - Started process (PID=12575) to work on /mnt/c/Users/Tilto/Desktop/Work/Airflow/dags/primeira_dagv1.py
[2024-05-06T19:08:34.374-0300] {processor.py:830} INFO - Processing file /mnt/c/Users/Tilto/Desktop/Work/Airflow/dags/primeira_dagv1.py for tasks to queue
[2024-05-06T19:08:34.375-0300] {logging_mixin.py:188} INFO - [2024-05-06T19:08:34.375-0300] {dagbag.py:540} INFO - Filling up the DagBag from /mnt/c/Users/Tilto/Desktop/Work/Airflow/dags/primeira_dagv1.py
[2024-05-06T19:08:34.398-0300] {processor.py:840} INFO - DAG(s) 'a_primeira_DAG_v1' retrieved from /mnt/c/Users/Tilto/Desktop/Work/Airflow/dags/primeira_dagv1.py
[2024-05-06T19:08:34.426-0300] {logging_mixin.py:188} INFO - [2024-05-06T19:08:34.426-0300] {dag.py:3096} INFO - Sync 1 DAGs
[2024-05-06T19:08:34.450-0300] {logging_mixin.py:188} INFO - [2024-05-06T19:08:34.449-0300] {dag.py:3954} INFO - Setting next_dagrun for a_primeira_DAG_v1 to 2024-05-06 00:00:00+00:00, run_after=2024-05-07 00:00:00+00:00
[2024-05-06T19:08:34.514-0300] {processor.py:183} INFO - Processing /mnt/c/Users/Tilto/Desktop/Work/Airflow/dags/primeira_dagv1.py took 0.146 seconds
[2024-05-06T19:12:47.967-0300] {processor.py:161} INFO - Started process (PID=13617) to work on /mnt/c/Users/Tilto/Desktop/Work/Airflow/dags/primeira_dagv1.py
[2024-05-06T19:12:47.968-0300] {processor.py:830} INFO - Processing file /mnt/c/Users/Tilto/Desktop/Work/Airflow/dags/primeira_dagv1.py for tasks to queue
[2024-05-06T19:12:47.970-0300] {logging_mixin.py:188} INFO - [2024-05-06T19:12:47.970-0300] {dagbag.py:540} INFO - Filling up the DagBag from /mnt/c/Users/Tilto/Desktop/Work/Airflow/dags/primeira_dagv1.py
[2024-05-06T19:12:47.998-0300] {processor.py:840} INFO - DAG(s) 'a_primeira_DAG_v1' retrieved from /mnt/c/Users/Tilto/Desktop/Work/Airflow/dags/primeira_dagv1.py
[2024-05-06T19:12:48.012-0300] {logging_mixin.py:188} INFO - [2024-05-06T19:12:48.012-0300] {dag.py:3096} INFO - Sync 1 DAGs
[2024-05-06T19:12:48.039-0300] {logging_mixin.py:188} INFO - [2024-05-06T19:12:48.039-0300] {dag.py:3954} INFO - Setting next_dagrun for a_primeira_DAG_v1 to 2024-05-06 00:00:00+00:00, run_after=2024-05-07 00:00:00+00:00
[2024-05-06T19:12:48.102-0300] {processor.py:183} INFO - Processing /mnt/c/Users/Tilto/Desktop/Work/Airflow/dags/primeira_dagv1.py took 0.140 seconds
[2024-05-06T19:13:19.433-0300] {processor.py:161} INFO - Started process (PID=13752) to work on /mnt/c/Users/Tilto/Desktop/Work/Airflow/dags/primeira_dagv1.py
[2024-05-06T19:13:19.433-0300] {processor.py:830} INFO - Processing file /mnt/c/Users/Tilto/Desktop/Work/Airflow/dags/primeira_dagv1.py for tasks to queue
[2024-05-06T19:13:19.436-0300] {logging_mixin.py:188} INFO - [2024-05-06T19:13:19.435-0300] {dagbag.py:540} INFO - Filling up the DagBag from /mnt/c/Users/Tilto/Desktop/Work/Airflow/dags/primeira_dagv1.py
[2024-05-06T19:13:19.459-0300] {processor.py:840} INFO - DAG(s) 'a_primeira_DAG_v1' retrieved from /mnt/c/Users/Tilto/Desktop/Work/Airflow/dags/primeira_dagv1.py
[2024-05-06T19:13:19.560-0300] {logging_mixin.py:188} INFO - [2024-05-06T19:13:19.560-0300] {dag.py:3096} INFO - Sync 1 DAGs
[2024-05-06T19:13:19.583-0300] {logging_mixin.py:188} INFO - [2024-05-06T19:13:19.583-0300] {dag.py:3954} INFO - Setting next_dagrun for a_primeira_DAG_v1 to 2024-05-06 00:00:00+00:00, run_after=2024-05-07 00:00:00+00:00
[2024-05-06T19:13:19.642-0300] {processor.py:183} INFO - Processing /mnt/c/Users/Tilto/Desktop/Work/Airflow/dags/primeira_dagv1.py took 0.214 seconds
[2024-05-06T19:13:50.557-0300] {processor.py:161} INFO - Started process (PID=13886) to work on /mnt/c/Users/Tilto/Desktop/Work/Airflow/dags/primeira_dagv1.py
[2024-05-06T19:13:50.558-0300] {processor.py:830} INFO - Processing file /mnt/c/Users/Tilto/Desktop/Work/Airflow/dags/primeira_dagv1.py for tasks to queue
[2024-05-06T19:13:50.559-0300] {logging_mixin.py:188} INFO - [2024-05-06T19:13:50.559-0300] {dagbag.py:540} INFO - Filling up the DagBag from /mnt/c/Users/Tilto/Desktop/Work/Airflow/dags/primeira_dagv1.py
[2024-05-06T19:13:50.580-0300] {processor.py:840} INFO - DAG(s) 'a_primeira_DAG_v1' retrieved from /mnt/c/Users/Tilto/Desktop/Work/Airflow/dags/primeira_dagv1.py
[2024-05-06T19:13:50.605-0300] {logging_mixin.py:188} INFO - [2024-05-06T19:13:50.604-0300] {dag.py:3096} INFO - Sync 1 DAGs
[2024-05-06T19:13:50.628-0300] {logging_mixin.py:188} INFO - [2024-05-06T19:13:50.628-0300] {dag.py:3954} INFO - Setting next_dagrun for a_primeira_DAG_v1 to 2024-05-06 00:00:00+00:00, run_after=2024-05-07 00:00:00+00:00
[2024-05-06T19:13:50.686-0300] {processor.py:183} INFO - Processing /mnt/c/Users/Tilto/Desktop/Work/Airflow/dags/primeira_dagv1.py took 0.133 seconds
[2024-05-06T19:14:21.595-0300] {processor.py:161} INFO - Started process (PID=14016) to work on /mnt/c/Users/Tilto/Desktop/Work/Airflow/dags/primeira_dagv1.py
[2024-05-06T19:14:21.596-0300] {processor.py:830} INFO - Processing file /mnt/c/Users/Tilto/Desktop/Work/Airflow/dags/primeira_dagv1.py for tasks to queue
[2024-05-06T19:14:21.598-0300] {logging_mixin.py:188} INFO - [2024-05-06T19:14:21.598-0300] {dagbag.py:540} INFO - Filling up the DagBag from /mnt/c/Users/Tilto/Desktop/Work/Airflow/dags/primeira_dagv1.py
[2024-05-06T19:14:21.616-0300] {processor.py:840} INFO - DAG(s) 'a_primeira_DAG_v1' retrieved from /mnt/c/Users/Tilto/Desktop/Work/Airflow/dags/primeira_dagv1.py
[2024-05-06T19:14:21.639-0300] {logging_mixin.py:188} INFO - [2024-05-06T19:14:21.639-0300] {dag.py:3096} INFO - Sync 1 DAGs
[2024-05-06T19:14:21.661-0300] {logging_mixin.py:188} INFO - [2024-05-06T19:14:21.661-0300] {dag.py:3954} INFO - Setting next_dagrun for a_primeira_DAG_v1 to 2024-05-06 00:00:00+00:00, run_after=2024-05-07 00:00:00+00:00
[2024-05-06T19:14:21.713-0300] {processor.py:183} INFO - Processing /mnt/c/Users/Tilto/Desktop/Work/Airflow/dags/primeira_dagv1.py took 0.122 seconds
[2024-05-06T19:14:52.756-0300] {processor.py:161} INFO - Started process (PID=14145) to work on /mnt/c/Users/Tilto/Desktop/Work/Airflow/dags/primeira_dagv1.py
[2024-05-06T19:14:52.757-0300] {processor.py:830} INFO - Processing file /mnt/c/Users/Tilto/Desktop/Work/Airflow/dags/primeira_dagv1.py for tasks to queue
[2024-05-06T19:14:52.758-0300] {logging_mixin.py:188} INFO - [2024-05-06T19:14:52.758-0300] {dagbag.py:540} INFO - Filling up the DagBag from /mnt/c/Users/Tilto/Desktop/Work/Airflow/dags/primeira_dagv1.py
[2024-05-06T19:14:52.776-0300] {processor.py:840} INFO - DAG(s) 'a_primeira_DAG_v1' retrieved from /mnt/c/Users/Tilto/Desktop/Work/Airflow/dags/primeira_dagv1.py
[2024-05-06T19:14:52.800-0300] {logging_mixin.py:188} INFO - [2024-05-06T19:14:52.800-0300] {dag.py:3096} INFO - Sync 1 DAGs
[2024-05-06T19:14:52.822-0300] {logging_mixin.py:188} INFO - [2024-05-06T19:14:52.822-0300] {dag.py:3954} INFO - Setting next_dagrun for a_primeira_DAG_v1 to 2024-05-06 00:00:00+00:00, run_after=2024-05-07 00:00:00+00:00
[2024-05-06T19:14:52.871-0300] {processor.py:183} INFO - Processing /mnt/c/Users/Tilto/Desktop/Work/Airflow/dags/primeira_dagv1.py took 0.120 seconds
[2024-05-06T19:15:23.805-0300] {processor.py:161} INFO - Started process (PID=14275) to work on /mnt/c/Users/Tilto/Desktop/Work/Airflow/dags/primeira_dagv1.py
[2024-05-06T19:15:23.806-0300] {processor.py:830} INFO - Processing file /mnt/c/Users/Tilto/Desktop/Work/Airflow/dags/primeira_dagv1.py for tasks to queue
[2024-05-06T19:15:23.808-0300] {logging_mixin.py:188} INFO - [2024-05-06T19:15:23.807-0300] {dagbag.py:540} INFO - Filling up the DagBag from /mnt/c/Users/Tilto/Desktop/Work/Airflow/dags/primeira_dagv1.py
[2024-05-06T19:15:23.826-0300] {processor.py:840} INFO - DAG(s) 'a_primeira_DAG_v1' retrieved from /mnt/c/Users/Tilto/Desktop/Work/Airflow/dags/primeira_dagv1.py
[2024-05-06T19:15:23.854-0300] {logging_mixin.py:188} INFO - [2024-05-06T19:15:23.854-0300] {dag.py:3096} INFO - Sync 1 DAGs
[2024-05-06T19:15:23.880-0300] {logging_mixin.py:188} INFO - [2024-05-06T19:15:23.879-0300] {dag.py:3954} INFO - Setting next_dagrun for a_primeira_DAG_v1 to 2024-05-06 00:00:00+00:00, run_after=2024-05-07 00:00:00+00:00
[2024-05-06T19:15:23.996-0300] {processor.py:183} INFO - Processing /mnt/c/Users/Tilto/Desktop/Work/Airflow/dags/primeira_dagv1.py took 0.195 seconds
[2024-05-06T19:15:54.800-0300] {processor.py:161} INFO - Started process (PID=14407) to work on /mnt/c/Users/Tilto/Desktop/Work/Airflow/dags/primeira_dagv1.py
[2024-05-06T19:15:54.801-0300] {processor.py:830} INFO - Processing file /mnt/c/Users/Tilto/Desktop/Work/Airflow/dags/primeira_dagv1.py for tasks to queue
[2024-05-06T19:15:54.802-0300] {logging_mixin.py:188} INFO - [2024-05-06T19:15:54.802-0300] {dagbag.py:540} INFO - Filling up the DagBag from /mnt/c/Users/Tilto/Desktop/Work/Airflow/dags/primeira_dagv1.py
[2024-05-06T19:15:54.820-0300] {processor.py:840} INFO - DAG(s) 'a_primeira_DAG_v1' retrieved from /mnt/c/Users/Tilto/Desktop/Work/Airflow/dags/primeira_dagv1.py
[2024-05-06T19:15:54.844-0300] {logging_mixin.py:188} INFO - [2024-05-06T19:15:54.844-0300] {dag.py:3096} INFO - Sync 1 DAGs
[2024-05-06T19:15:54.866-0300] {logging_mixin.py:188} INFO - [2024-05-06T19:15:54.866-0300] {dag.py:3954} INFO - Setting next_dagrun for a_primeira_DAG_v1 to 2024-05-06 00:00:00+00:00, run_after=2024-05-07 00:00:00+00:00
[2024-05-06T19:15:54.917-0300] {processor.py:183} INFO - Processing /mnt/c/Users/Tilto/Desktop/Work/Airflow/dags/primeira_dagv1.py took 0.122 seconds
[2024-05-06T19:16:25.865-0300] {processor.py:161} INFO - Started process (PID=14536) to work on /mnt/c/Users/Tilto/Desktop/Work/Airflow/dags/primeira_dagv1.py
[2024-05-06T19:16:25.866-0300] {processor.py:830} INFO - Processing file /mnt/c/Users/Tilto/Desktop/Work/Airflow/dags/primeira_dagv1.py for tasks to queue
[2024-05-06T19:16:25.868-0300] {logging_mixin.py:188} INFO - [2024-05-06T19:16:25.868-0300] {dagbag.py:540} INFO - Filling up the DagBag from /mnt/c/Users/Tilto/Desktop/Work/Airflow/dags/primeira_dagv1.py
[2024-05-06T19:16:25.886-0300] {processor.py:840} INFO - DAG(s) 'a_primeira_DAG_v1' retrieved from /mnt/c/Users/Tilto/Desktop/Work/Airflow/dags/primeira_dagv1.py
[2024-05-06T19:16:25.910-0300] {logging_mixin.py:188} INFO - [2024-05-06T19:16:25.909-0300] {dag.py:3096} INFO - Sync 1 DAGs
[2024-05-06T19:16:25.932-0300] {logging_mixin.py:188} INFO - [2024-05-06T19:16:25.932-0300] {dag.py:3954} INFO - Setting next_dagrun for a_primeira_DAG_v1 to 2024-05-06 00:00:00+00:00, run_after=2024-05-07 00:00:00+00:00
[2024-05-06T19:16:25.982-0300] {processor.py:183} INFO - Processing /mnt/c/Users/Tilto/Desktop/Work/Airflow/dags/primeira_dagv1.py took 0.121 seconds
[2024-05-06T19:18:57.542-0300] {processor.py:161} INFO - Started process (PID=15162) to work on /mnt/c/Users/Tilto/Desktop/Work/Airflow/dags/primeira_dagv1.py
[2024-05-06T19:18:57.543-0300] {processor.py:830} INFO - Processing file /mnt/c/Users/Tilto/Desktop/Work/Airflow/dags/primeira_dagv1.py for tasks to queue
[2024-05-06T19:18:57.544-0300] {logging_mixin.py:188} INFO - [2024-05-06T19:18:57.544-0300] {dagbag.py:540} INFO - Filling up the DagBag from /mnt/c/Users/Tilto/Desktop/Work/Airflow/dags/primeira_dagv1.py
[2024-05-06T19:18:57.564-0300] {processor.py:840} INFO - DAG(s) 'a_primeira_DAG_v1' retrieved from /mnt/c/Users/Tilto/Desktop/Work/Airflow/dags/primeira_dagv1.py
[2024-05-06T19:18:57.591-0300] {logging_mixin.py:188} INFO - [2024-05-06T19:18:57.590-0300] {dag.py:3096} INFO - Sync 1 DAGs
[2024-05-06T19:18:57.613-0300] {logging_mixin.py:188} INFO - [2024-05-06T19:18:57.612-0300] {dag.py:3954} INFO - Setting next_dagrun for a_primeira_DAG_v1 to 2024-05-06 00:00:00+00:00, run_after=2024-05-07 00:00:00+00:00
[2024-05-06T19:18:57.676-0300] {processor.py:183} INFO - Processing /mnt/c/Users/Tilto/Desktop/Work/Airflow/dags/primeira_dagv1.py took 0.138 seconds
[2024-05-06T19:19:28.766-0300] {processor.py:161} INFO - Started process (PID=15292) to work on /mnt/c/Users/Tilto/Desktop/Work/Airflow/dags/primeira_dagv1.py
[2024-05-06T19:19:28.767-0300] {processor.py:830} INFO - Processing file /mnt/c/Users/Tilto/Desktop/Work/Airflow/dags/primeira_dagv1.py for tasks to queue
[2024-05-06T19:19:28.768-0300] {logging_mixin.py:188} INFO - [2024-05-06T19:19:28.768-0300] {dagbag.py:540} INFO - Filling up the DagBag from /mnt/c/Users/Tilto/Desktop/Work/Airflow/dags/primeira_dagv1.py
[2024-05-06T19:19:28.790-0300] {processor.py:840} INFO - DAG(s) 'a_primeira_DAG_v1' retrieved from /mnt/c/Users/Tilto/Desktop/Work/Airflow/dags/primeira_dagv1.py
[2024-05-06T19:19:28.816-0300] {logging_mixin.py:188} INFO - [2024-05-06T19:19:28.816-0300] {dag.py:3096} INFO - Sync 1 DAGs
[2024-05-06T19:19:28.838-0300] {logging_mixin.py:188} INFO - [2024-05-06T19:19:28.837-0300] {dag.py:3954} INFO - Setting next_dagrun for a_primeira_DAG_v1 to 2024-05-06 00:00:00+00:00, run_after=2024-05-07 00:00:00+00:00
[2024-05-06T19:19:28.897-0300] {processor.py:183} INFO - Processing /mnt/c/Users/Tilto/Desktop/Work/Airflow/dags/primeira_dagv1.py took 0.135 seconds
[2024-05-06T19:20:41.231-0300] {processor.py:161} INFO - Started process (PID=15869) to work on /mnt/c/Users/Tilto/Desktop/Work/Airflow/dags/primeira_dagv1.py
[2024-05-06T19:20:41.232-0300] {processor.py:830} INFO - Processing file /mnt/c/Users/Tilto/Desktop/Work/Airflow/dags/primeira_dagv1.py for tasks to queue
[2024-05-06T19:20:41.234-0300] {logging_mixin.py:188} INFO - [2024-05-06T19:20:41.233-0300] {dagbag.py:540} INFO - Filling up the DagBag from /mnt/c/Users/Tilto/Desktop/Work/Airflow/dags/primeira_dagv1.py
[2024-05-06T19:20:41.259-0300] {processor.py:840} INFO - DAG(s) 'a_primeira_DAG_v1' retrieved from /mnt/c/Users/Tilto/Desktop/Work/Airflow/dags/primeira_dagv1.py
[2024-05-06T19:20:41.273-0300] {logging_mixin.py:188} INFO - [2024-05-06T19:20:41.273-0300] {dag.py:3096} INFO - Sync 1 DAGs
[2024-05-06T19:20:41.301-0300] {logging_mixin.py:188} INFO - [2024-05-06T19:20:41.301-0300] {dag.py:3954} INFO - Setting next_dagrun for a_primeira_DAG_v1 to 2024-05-06 00:00:00+00:00, run_after=2024-05-07 00:00:00+00:00
[2024-05-06T19:20:41.378-0300] {processor.py:183} INFO - Processing /mnt/c/Users/Tilto/Desktop/Work/Airflow/dags/primeira_dagv1.py took 0.152 seconds
[2024-05-06T19:21:12.729-0300] {processor.py:161} INFO - Started process (PID=16000) to work on /mnt/c/Users/Tilto/Desktop/Work/Airflow/dags/primeira_dagv1.py
[2024-05-06T19:21:12.730-0300] {processor.py:830} INFO - Processing file /mnt/c/Users/Tilto/Desktop/Work/Airflow/dags/primeira_dagv1.py for tasks to queue
[2024-05-06T19:21:12.732-0300] {logging_mixin.py:188} INFO - [2024-05-06T19:21:12.732-0300] {dagbag.py:540} INFO - Filling up the DagBag from /mnt/c/Users/Tilto/Desktop/Work/Airflow/dags/primeira_dagv1.py
[2024-05-06T19:21:12.757-0300] {processor.py:840} INFO - DAG(s) 'a_primeira_DAG_v1' retrieved from /mnt/c/Users/Tilto/Desktop/Work/Airflow/dags/primeira_dagv1.py
[2024-05-06T19:21:12.889-0300] {logging_mixin.py:188} INFO - [2024-05-06T19:21:12.889-0300] {dag.py:3096} INFO - Sync 1 DAGs
[2024-05-06T19:21:12.959-0300] {logging_mixin.py:188} INFO - [2024-05-06T19:21:12.959-0300] {dag.py:3954} INFO - Setting next_dagrun for a_primeira_DAG_v1 to 2024-05-06 00:00:00+00:00, run_after=2024-05-07 00:00:00+00:00
[2024-05-06T19:21:13.055-0300] {processor.py:183} INFO - Processing /mnt/c/Users/Tilto/Desktop/Work/Airflow/dags/primeira_dagv1.py took 0.331 seconds
[2024-05-06T19:21:44.149-0300] {processor.py:161} INFO - Started process (PID=16130) to work on /mnt/c/Users/Tilto/Desktop/Work/Airflow/dags/primeira_dagv1.py
[2024-05-06T19:21:44.150-0300] {processor.py:830} INFO - Processing file /mnt/c/Users/Tilto/Desktop/Work/Airflow/dags/primeira_dagv1.py for tasks to queue
[2024-05-06T19:21:44.151-0300] {logging_mixin.py:188} INFO - [2024-05-06T19:21:44.151-0300] {dagbag.py:540} INFO - Filling up the DagBag from /mnt/c/Users/Tilto/Desktop/Work/Airflow/dags/primeira_dagv1.py
[2024-05-06T19:21:44.174-0300] {processor.py:840} INFO - DAG(s) 'a_primeira_DAG_v1' retrieved from /mnt/c/Users/Tilto/Desktop/Work/Airflow/dags/primeira_dagv1.py
[2024-05-06T19:21:44.199-0300] {logging_mixin.py:188} INFO - [2024-05-06T19:21:44.199-0300] {dag.py:3096} INFO - Sync 1 DAGs
[2024-05-06T19:21:44.223-0300] {logging_mixin.py:188} INFO - [2024-05-06T19:21:44.223-0300] {dag.py:3954} INFO - Setting next_dagrun for a_primeira_DAG_v1 to 2024-05-06 00:00:00+00:00, run_after=2024-05-07 00:00:00+00:00
[2024-05-06T19:21:44.282-0300] {processor.py:183} INFO - Processing /mnt/c/Users/Tilto/Desktop/Work/Airflow/dags/primeira_dagv1.py took 0.137 seconds
[2024-05-06T19:22:15.228-0300] {processor.py:161} INFO - Started process (PID=16261) to work on /mnt/c/Users/Tilto/Desktop/Work/Airflow/dags/primeira_dagv1.py
[2024-05-06T19:22:15.229-0300] {processor.py:830} INFO - Processing file /mnt/c/Users/Tilto/Desktop/Work/Airflow/dags/primeira_dagv1.py for tasks to queue
[2024-05-06T19:22:15.231-0300] {logging_mixin.py:188} INFO - [2024-05-06T19:22:15.230-0300] {dagbag.py:540} INFO - Filling up the DagBag from /mnt/c/Users/Tilto/Desktop/Work/Airflow/dags/primeira_dagv1.py
[2024-05-06T19:22:15.258-0300] {processor.py:840} INFO - DAG(s) 'a_primeira_DAG_v1' retrieved from /mnt/c/Users/Tilto/Desktop/Work/Airflow/dags/primeira_dagv1.py
[2024-05-06T19:22:15.294-0300] {logging_mixin.py:188} INFO - [2024-05-06T19:22:15.293-0300] {dag.py:3096} INFO - Sync 1 DAGs
[2024-05-06T19:22:15.324-0300] {logging_mixin.py:188} INFO - [2024-05-06T19:22:15.324-0300] {dag.py:3954} INFO - Setting next_dagrun for a_primeira_DAG_v1 to 2024-05-06 00:00:00+00:00, run_after=2024-05-07 00:00:00+00:00
[2024-05-06T19:22:15.475-0300] {processor.py:183} INFO - Processing /mnt/c/Users/Tilto/Desktop/Work/Airflow/dags/primeira_dagv1.py took 0.252 seconds
[2024-05-06T19:22:46.343-0300] {processor.py:161} INFO - Started process (PID=16390) to work on /mnt/c/Users/Tilto/Desktop/Work/Airflow/dags/primeira_dagv1.py
[2024-05-06T19:22:46.344-0300] {processor.py:830} INFO - Processing file /mnt/c/Users/Tilto/Desktop/Work/Airflow/dags/primeira_dagv1.py for tasks to queue
[2024-05-06T19:22:46.346-0300] {logging_mixin.py:188} INFO - [2024-05-06T19:22:46.345-0300] {dagbag.py:540} INFO - Filling up the DagBag from /mnt/c/Users/Tilto/Desktop/Work/Airflow/dags/primeira_dagv1.py
[2024-05-06T19:22:46.366-0300] {processor.py:840} INFO - DAG(s) 'a_primeira_DAG_v1' retrieved from /mnt/c/Users/Tilto/Desktop/Work/Airflow/dags/primeira_dagv1.py
[2024-05-06T19:22:46.392-0300] {logging_mixin.py:188} INFO - [2024-05-06T19:22:46.392-0300] {dag.py:3096} INFO - Sync 1 DAGs
[2024-05-06T19:22:46.416-0300] {logging_mixin.py:188} INFO - [2024-05-06T19:22:46.416-0300] {dag.py:3954} INFO - Setting next_dagrun for a_primeira_DAG_v1 to 2024-05-06 00:00:00+00:00, run_after=2024-05-07 00:00:00+00:00
[2024-05-06T19:22:46.478-0300] {processor.py:183} INFO - Processing /mnt/c/Users/Tilto/Desktop/Work/Airflow/dags/primeira_dagv1.py took 0.139 seconds
[2024-05-06T19:23:17.504-0300] {processor.py:161} INFO - Started process (PID=16520) to work on /mnt/c/Users/Tilto/Desktop/Work/Airflow/dags/primeira_dagv1.py
[2024-05-06T19:23:17.506-0300] {processor.py:830} INFO - Processing file /mnt/c/Users/Tilto/Desktop/Work/Airflow/dags/primeira_dagv1.py for tasks to queue
[2024-05-06T19:23:17.508-0300] {logging_mixin.py:188} INFO - [2024-05-06T19:23:17.508-0300] {dagbag.py:540} INFO - Filling up the DagBag from /mnt/c/Users/Tilto/Desktop/Work/Airflow/dags/primeira_dagv1.py
[2024-05-06T19:23:17.534-0300] {processor.py:840} INFO - DAG(s) 'a_primeira_DAG_v1' retrieved from /mnt/c/Users/Tilto/Desktop/Work/Airflow/dags/primeira_dagv1.py
[2024-05-06T19:23:17.566-0300] {logging_mixin.py:188} INFO - [2024-05-06T19:23:17.566-0300] {dag.py:3096} INFO - Sync 1 DAGs
[2024-05-06T19:23:17.592-0300] {logging_mixin.py:188} INFO - [2024-05-06T19:23:17.592-0300] {dag.py:3954} INFO - Setting next_dagrun for a_primeira_DAG_v1 to 2024-05-06 00:00:00+00:00, run_after=2024-05-07 00:00:00+00:00
[2024-05-06T19:23:17.656-0300] {processor.py:183} INFO - Processing /mnt/c/Users/Tilto/Desktop/Work/Airflow/dags/primeira_dagv1.py took 0.156 seconds
[2024-05-06T19:23:48.528-0300] {processor.py:161} INFO - Started process (PID=16649) to work on /mnt/c/Users/Tilto/Desktop/Work/Airflow/dags/primeira_dagv1.py
[2024-05-06T19:23:48.529-0300] {processor.py:830} INFO - Processing file /mnt/c/Users/Tilto/Desktop/Work/Airflow/dags/primeira_dagv1.py for tasks to queue
[2024-05-06T19:23:48.530-0300] {logging_mixin.py:188} INFO - [2024-05-06T19:23:48.530-0300] {dagbag.py:540} INFO - Filling up the DagBag from /mnt/c/Users/Tilto/Desktop/Work/Airflow/dags/primeira_dagv1.py
[2024-05-06T19:23:48.552-0300] {processor.py:840} INFO - DAG(s) 'a_primeira_DAG_v1' retrieved from /mnt/c/Users/Tilto/Desktop/Work/Airflow/dags/primeira_dagv1.py
[2024-05-06T19:23:48.578-0300] {logging_mixin.py:188} INFO - [2024-05-06T19:23:48.577-0300] {dag.py:3096} INFO - Sync 1 DAGs
[2024-05-06T19:23:48.602-0300] {logging_mixin.py:188} INFO - [2024-05-06T19:23:48.601-0300] {dag.py:3954} INFO - Setting next_dagrun for a_primeira_DAG_v1 to 2024-05-06 00:00:00+00:00, run_after=2024-05-07 00:00:00+00:00
[2024-05-06T19:23:49.032-0300] {processor.py:183} INFO - Processing /mnt/c/Users/Tilto/Desktop/Work/Airflow/dags/primeira_dagv1.py took 0.509 seconds
[2024-05-06T19:24:20.219-0300] {processor.py:161} INFO - Started process (PID=16780) to work on /mnt/c/Users/Tilto/Desktop/Work/Airflow/dags/primeira_dagv1.py
[2024-05-06T19:24:20.221-0300] {processor.py:830} INFO - Processing file /mnt/c/Users/Tilto/Desktop/Work/Airflow/dags/primeira_dagv1.py for tasks to queue
[2024-05-06T19:24:20.225-0300] {logging_mixin.py:188} INFO - [2024-05-06T19:24:20.224-0300] {dagbag.py:540} INFO - Filling up the DagBag from /mnt/c/Users/Tilto/Desktop/Work/Airflow/dags/primeira_dagv1.py
[2024-05-06T19:24:20.255-0300] {processor.py:840} INFO - DAG(s) 'a_primeira_DAG_v1' retrieved from /mnt/c/Users/Tilto/Desktop/Work/Airflow/dags/primeira_dagv1.py
[2024-05-06T19:24:20.290-0300] {logging_mixin.py:188} INFO - [2024-05-06T19:24:20.290-0300] {dag.py:3096} INFO - Sync 1 DAGs
[2024-05-06T19:24:20.319-0300] {logging_mixin.py:188} INFO - [2024-05-06T19:24:20.318-0300] {dag.py:3954} INFO - Setting next_dagrun for a_primeira_DAG_v1 to 2024-05-06 00:00:00+00:00, run_after=2024-05-07 00:00:00+00:00
[2024-05-06T19:24:20.483-0300] {processor.py:183} INFO - Processing /mnt/c/Users/Tilto/Desktop/Work/Airflow/dags/primeira_dagv1.py took 0.271 seconds
[2024-05-06T19:24:51.324-0300] {processor.py:161} INFO - Started process (PID=16910) to work on /mnt/c/Users/Tilto/Desktop/Work/Airflow/dags/primeira_dagv1.py
[2024-05-06T19:24:51.325-0300] {processor.py:830} INFO - Processing file /mnt/c/Users/Tilto/Desktop/Work/Airflow/dags/primeira_dagv1.py for tasks to queue
[2024-05-06T19:24:51.327-0300] {logging_mixin.py:188} INFO - [2024-05-06T19:24:51.327-0300] {dagbag.py:540} INFO - Filling up the DagBag from /mnt/c/Users/Tilto/Desktop/Work/Airflow/dags/primeira_dagv1.py
[2024-05-06T19:24:51.351-0300] {processor.py:840} INFO - DAG(s) 'a_primeira_DAG_v1' retrieved from /mnt/c/Users/Tilto/Desktop/Work/Airflow/dags/primeira_dagv1.py
[2024-05-06T19:24:51.381-0300] {logging_mixin.py:188} INFO - [2024-05-06T19:24:51.380-0300] {dag.py:3096} INFO - Sync 1 DAGs
[2024-05-06T19:24:51.406-0300] {logging_mixin.py:188} INFO - [2024-05-06T19:24:51.405-0300] {dag.py:3954} INFO - Setting next_dagrun for a_primeira_DAG_v1 to 2024-05-06 00:00:00+00:00, run_after=2024-05-07 00:00:00+00:00
[2024-05-06T19:24:51.472-0300] {processor.py:183} INFO - Processing /mnt/c/Users/Tilto/Desktop/Work/Airflow/dags/primeira_dagv1.py took 0.154 seconds
[2024-05-06T19:25:49.690-0300] {processor.py:161} INFO - Started process (PID=17172) to work on /mnt/c/Users/Tilto/Desktop/Work/Airflow/dags/primeira_dagv1.py
[2024-05-06T19:25:49.691-0300] {processor.py:830} INFO - Processing file /mnt/c/Users/Tilto/Desktop/Work/Airflow/dags/primeira_dagv1.py for tasks to queue
[2024-05-06T19:25:49.692-0300] {logging_mixin.py:188} INFO - [2024-05-06T19:25:49.692-0300] {dagbag.py:540} INFO - Filling up the DagBag from /mnt/c/Users/Tilto/Desktop/Work/Airflow/dags/primeira_dagv1.py
[2024-05-06T19:25:49.727-0300] {processor.py:840} INFO - DAG(s) 'a_primeira_DAG_v1' retrieved from /mnt/c/Users/Tilto/Desktop/Work/Airflow/dags/primeira_dagv1.py
[2024-05-06T19:25:49.746-0300] {logging_mixin.py:188} INFO - [2024-05-06T19:25:49.745-0300] {dag.py:3096} INFO - Sync 1 DAGs
[2024-05-06T19:25:49.806-0300] {logging_mixin.py:188} INFO - [2024-05-06T19:25:49.806-0300] {dag.py:3954} INFO - Setting next_dagrun for a_primeira_DAG_v1 to 2024-05-06 00:00:00+00:00, run_after=2024-05-07 00:00:00+00:00
[2024-05-06T19:25:49.894-0300] {processor.py:183} INFO - Processing /mnt/c/Users/Tilto/Desktop/Work/Airflow/dags/primeira_dagv1.py took 0.210 seconds
[2024-05-06T19:26:21.245-0300] {processor.py:161} INFO - Started process (PID=17309) to work on /mnt/c/Users/Tilto/Desktop/Work/Airflow/dags/primeira_dagv1.py
[2024-05-06T19:26:21.246-0300] {processor.py:830} INFO - Processing file /mnt/c/Users/Tilto/Desktop/Work/Airflow/dags/primeira_dagv1.py for tasks to queue
[2024-05-06T19:26:21.249-0300] {logging_mixin.py:188} INFO - [2024-05-06T19:26:21.249-0300] {dagbag.py:540} INFO - Filling up the DagBag from /mnt/c/Users/Tilto/Desktop/Work/Airflow/dags/primeira_dagv1.py
[2024-05-06T19:26:21.282-0300] {processor.py:840} INFO - DAG(s) 'a_primeira_DAG_v1' retrieved from /mnt/c/Users/Tilto/Desktop/Work/Airflow/dags/primeira_dagv1.py
[2024-05-06T19:26:21.414-0300] {logging_mixin.py:188} INFO - [2024-05-06T19:26:21.414-0300] {dag.py:3096} INFO - Sync 1 DAGs
[2024-05-06T19:26:21.439-0300] {logging_mixin.py:188} INFO - [2024-05-06T19:26:21.439-0300] {dag.py:3954} INFO - Setting next_dagrun for a_primeira_DAG_v1 to 2024-05-06 00:00:00+00:00, run_after=2024-05-07 00:00:00+00:00
[2024-05-06T19:26:21.507-0300] {processor.py:183} INFO - Processing /mnt/c/Users/Tilto/Desktop/Work/Airflow/dags/primeira_dagv1.py took 0.269 seconds
