[2024-05-02T19:32:14.680-0300] {local_task_job_runner.py:120} INFO - ::group::Pre task execution logs
[2024-05-02T19:32:14.707-0300] {taskinstance.py:2073} INFO - Dependencies all met for dep_context=non-requeueable deps ti=<TaskInstance: a_primeira_DAG_v1.hello scheduled__2023-10-07T00:00:00+00:00 [queued]>
[2024-05-02T19:32:14.724-0300] {taskinstance.py:2073} INFO - Dependencies all met for dep_context=requeueable deps ti=<TaskInstance: a_primeira_DAG_v1.hello scheduled__2023-10-07T00:00:00+00:00 [queued]>
[2024-05-02T19:32:14.725-0300] {taskinstance.py:2303} INFO - Starting attempt 1 of 1
[2024-05-02T19:32:14.762-0300] {taskinstance.py:2327} INFO - Executing <Task(BashOperator): hello> on 2023-10-07 00:00:00+00:00
[2024-05-02T19:32:14.765-0300] {standard_task_runner.py:63} INFO - Started process 6105 to run task
[2024-05-02T19:32:14.769-0300] {standard_task_runner.py:90} INFO - Running: ['airflow', 'tasks', 'run', 'a_primeira_DAG_v1', 'hello', 'scheduled__2023-10-07T00:00:00+00:00', '--job-id', '416', '--raw', '--subdir', 'DAGS_FOLDER/primeira_dagv1.py', '--cfg-path', '/tmp/tmp6dtgulf7']
[2024-05-02T19:32:14.770-0300] {standard_task_runner.py:91} INFO - Job 416: Subtask hello
[2024-05-02T19:32:14.852-0300] {task_command.py:426} INFO - Running <TaskInstance: a_primeira_DAG_v1.hello scheduled__2023-10-07T00:00:00+00:00 [running]> on host PC-Tilto.
[2024-05-02T19:32:15.039-0300] {taskinstance.py:2644} INFO - Exporting env vars: AIRFLOW_CTX_DAG_OWNER='airflow' AIRFLOW_CTX_DAG_ID='a_primeira_DAG_v1' AIRFLOW_CTX_TASK_ID='hello' AIRFLOW_CTX_EXECUTION_DATE='2023-10-07T00:00:00+00:00' AIRFLOW_CTX_TRY_NUMBER='1' AIRFLOW_CTX_DAG_RUN_ID='scheduled__2023-10-07T00:00:00+00:00'
[2024-05-02T19:32:15.040-0300] {taskinstance.py:430} INFO - ::endgroup::
[2024-05-02T19:32:15.057-0300] {subprocess.py:63} INFO - Tmp dir root location: /tmp
[2024-05-02T19:32:15.058-0300] {subprocess.py:75} INFO - Running command: ['/usr/bin/bash', '-c', 'echo hello world']
[2024-05-02T19:32:15.066-0300] {subprocess.py:86} INFO - Output:
[2024-05-02T19:32:15.067-0300] {subprocess.py:93} INFO - hello world
[2024-05-02T19:32:15.068-0300] {subprocess.py:97} INFO - Command exited with return code 0
[2024-05-02T19:32:15.069-0300] {taskinstance.py:441} INFO - ::group::Post task execution logs
[2024-05-02T19:32:15.172-0300] {taskinstance.py:1205} INFO - Marking task as SUCCESS. dag_id=a_primeira_DAG_v1, task_id=hello, execution_date=20231007T000000, start_date=20240502T223214, end_date=20240502T223215
[2024-05-02T19:32:15.263-0300] {local_task_job_runner.py:240} INFO - Task exited with return code 0
[2024-05-02T19:32:15.288-0300] {taskinstance.py:3482} INFO - 0 downstream tasks scheduled from follow-on schedule check
[2024-05-02T19:32:15.290-0300] {local_task_job_runner.py:222} INFO - ::endgroup::
