[2024-05-07T18:03:37.710-0300] {processor.py:161} INFO - Started process (PID=2777) to work on /mnt/c/Users/Tilto/Desktop/Work/Airflow/dags/dag_exemplo.py
[2024-05-07T18:03:37.711-0300] {processor.py:830} INFO - Processing file /mnt/c/Users/Tilto/Desktop/Work/Airflow/dags/dag_exemplo.py for tasks to queue
[2024-05-07T18:03:37.712-0300] {logging_mixin.py:188} INFO - [2024-05-07T18:03:37.711-0300] {dagbag.py:540} INFO - Filling up the DagBag from /mnt/c/Users/Tilto/Desktop/Work/Airflow/dags/dag_exemplo.py
[2024-05-07T18:03:37.730-0300] {processor.py:840} INFO - DAG(s) 'dag_exemplo' retrieved from /mnt/c/Users/Tilto/Desktop/Work/Airflow/dags/dag_exemplo.py
[2024-05-07T18:03:37.907-0300] {logging_mixin.py:188} INFO - [2024-05-07T18:03:37.907-0300] {dag.py:3096} INFO - Sync 1 DAGs
[2024-05-07T18:03:37.919-0300] {logging_mixin.py:188} INFO - [2024-05-07T18:03:37.918-0300] {dag.py:3954} INFO - Setting next_dagrun for dag_exemplo to None, run_after=None
[2024-05-07T18:03:37.980-0300] {processor.py:183} INFO - Processing /mnt/c/Users/Tilto/Desktop/Work/Airflow/dags/dag_exemplo.py took 0.275 seconds
[2024-05-07T18:04:08.343-0300] {processor.py:161} INFO - Started process (PID=2986) to work on /mnt/c/Users/Tilto/Desktop/Work/Airflow/dags/dag_exemplo.py
[2024-05-07T18:04:08.344-0300] {processor.py:830} INFO - Processing file /mnt/c/Users/Tilto/Desktop/Work/Airflow/dags/dag_exemplo.py for tasks to queue
[2024-05-07T18:04:08.345-0300] {logging_mixin.py:188} INFO - [2024-05-07T18:04:08.345-0300] {dagbag.py:540} INFO - Filling up the DagBag from /mnt/c/Users/Tilto/Desktop/Work/Airflow/dags/dag_exemplo.py
[2024-05-07T18:04:08.363-0300] {processor.py:840} INFO - DAG(s) 'dag_exemplo' retrieved from /mnt/c/Users/Tilto/Desktop/Work/Airflow/dags/dag_exemplo.py
[2024-05-07T18:04:08.388-0300] {logging_mixin.py:188} INFO - [2024-05-07T18:04:08.388-0300] {dag.py:3096} INFO - Sync 1 DAGs
[2024-05-07T18:04:08.400-0300] {logging_mixin.py:188} INFO - [2024-05-07T18:04:08.400-0300] {dag.py:3954} INFO - Setting next_dagrun for dag_exemplo to None, run_after=None
[2024-05-07T18:04:08.459-0300] {processor.py:183} INFO - Processing /mnt/c/Users/Tilto/Desktop/Work/Airflow/dags/dag_exemplo.py took 0.121 seconds
[2024-05-07T18:04:40.142-0300] {processor.py:161} INFO - Started process (PID=3119) to work on /mnt/c/Users/Tilto/Desktop/Work/Airflow/dags/dag_exemplo.py
[2024-05-07T18:04:40.143-0300] {processor.py:830} INFO - Processing file /mnt/c/Users/Tilto/Desktop/Work/Airflow/dags/dag_exemplo.py for tasks to queue
[2024-05-07T18:04:40.144-0300] {logging_mixin.py:188} INFO - [2024-05-07T18:04:40.143-0300] {dagbag.py:540} INFO - Filling up the DagBag from /mnt/c/Users/Tilto/Desktop/Work/Airflow/dags/dag_exemplo.py
[2024-05-07T18:04:40.161-0300] {processor.py:840} INFO - DAG(s) 'dag_exemplo' retrieved from /mnt/c/Users/Tilto/Desktop/Work/Airflow/dags/dag_exemplo.py
[2024-05-07T18:04:40.186-0300] {logging_mixin.py:188} INFO - [2024-05-07T18:04:40.185-0300] {dag.py:3096} INFO - Sync 1 DAGs
[2024-05-07T18:04:40.218-0300] {logging_mixin.py:188} INFO - [2024-05-07T18:04:40.218-0300] {dag.py:3954} INFO - Setting next_dagrun for dag_exemplo to None, run_after=None
[2024-05-07T18:04:40.397-0300] {processor.py:183} INFO - Processing /mnt/c/Users/Tilto/Desktop/Work/Airflow/dags/dag_exemplo.py took 0.260 seconds
[2024-05-07T18:05:10.839-0300] {processor.py:161} INFO - Started process (PID=3248) to work on /mnt/c/Users/Tilto/Desktop/Work/Airflow/dags/dag_exemplo.py
[2024-05-07T18:05:10.840-0300] {processor.py:830} INFO - Processing file /mnt/c/Users/Tilto/Desktop/Work/Airflow/dags/dag_exemplo.py for tasks to queue
[2024-05-07T18:05:10.841-0300] {logging_mixin.py:188} INFO - [2024-05-07T18:05:10.841-0300] {dagbag.py:540} INFO - Filling up the DagBag from /mnt/c/Users/Tilto/Desktop/Work/Airflow/dags/dag_exemplo.py
[2024-05-07T18:05:10.861-0300] {processor.py:840} INFO - DAG(s) 'dag_exemplo' retrieved from /mnt/c/Users/Tilto/Desktop/Work/Airflow/dags/dag_exemplo.py
[2024-05-07T18:05:10.888-0300] {logging_mixin.py:188} INFO - [2024-05-07T18:05:10.888-0300] {dag.py:3096} INFO - Sync 1 DAGs
[2024-05-07T18:05:10.970-0300] {logging_mixin.py:188} INFO - [2024-05-07T18:05:10.970-0300] {dag.py:3954} INFO - Setting next_dagrun for dag_exemplo to None, run_after=None
[2024-05-07T18:05:11.242-0300] {processor.py:183} INFO - Processing /mnt/c/Users/Tilto/Desktop/Work/Airflow/dags/dag_exemplo.py took 0.408 seconds
[2024-05-07T18:05:41.544-0300] {processor.py:161} INFO - Started process (PID=3376) to work on /mnt/c/Users/Tilto/Desktop/Work/Airflow/dags/dag_exemplo.py
[2024-05-07T18:05:41.545-0300] {processor.py:830} INFO - Processing file /mnt/c/Users/Tilto/Desktop/Work/Airflow/dags/dag_exemplo.py for tasks to queue
[2024-05-07T18:05:41.546-0300] {logging_mixin.py:188} INFO - [2024-05-07T18:05:41.545-0300] {dagbag.py:540} INFO - Filling up the DagBag from /mnt/c/Users/Tilto/Desktop/Work/Airflow/dags/dag_exemplo.py
[2024-05-07T18:05:41.563-0300] {processor.py:840} INFO - DAG(s) 'dag_exemplo' retrieved from /mnt/c/Users/Tilto/Desktop/Work/Airflow/dags/dag_exemplo.py
[2024-05-07T18:05:41.657-0300] {logging_mixin.py:188} INFO - [2024-05-07T18:05:41.656-0300] {dag.py:3096} INFO - Sync 1 DAGs
[2024-05-07T18:05:41.667-0300] {logging_mixin.py:188} INFO - [2024-05-07T18:05:41.667-0300] {dag.py:3954} INFO - Setting next_dagrun for dag_exemplo to None, run_after=None
[2024-05-07T18:05:41.723-0300] {processor.py:183} INFO - Processing /mnt/c/Users/Tilto/Desktop/Work/Airflow/dags/dag_exemplo.py took 0.184 seconds
[2024-05-07T18:06:12.182-0300] {processor.py:161} INFO - Started process (PID=3506) to work on /mnt/c/Users/Tilto/Desktop/Work/Airflow/dags/dag_exemplo.py
[2024-05-07T18:06:12.183-0300] {processor.py:830} INFO - Processing file /mnt/c/Users/Tilto/Desktop/Work/Airflow/dags/dag_exemplo.py for tasks to queue
[2024-05-07T18:06:12.184-0300] {logging_mixin.py:188} INFO - [2024-05-07T18:06:12.183-0300] {dagbag.py:540} INFO - Filling up the DagBag from /mnt/c/Users/Tilto/Desktop/Work/Airflow/dags/dag_exemplo.py
[2024-05-07T18:06:12.201-0300] {processor.py:840} INFO - DAG(s) 'dag_exemplo' retrieved from /mnt/c/Users/Tilto/Desktop/Work/Airflow/dags/dag_exemplo.py
[2024-05-07T18:06:12.293-0300] {logging_mixin.py:188} INFO - [2024-05-07T18:06:12.293-0300] {dag.py:3096} INFO - Sync 1 DAGs
[2024-05-07T18:06:12.303-0300] {logging_mixin.py:188} INFO - [2024-05-07T18:06:12.303-0300] {dag.py:3954} INFO - Setting next_dagrun for dag_exemplo to None, run_after=None
[2024-05-07T18:06:12.361-0300] {processor.py:183} INFO - Processing /mnt/c/Users/Tilto/Desktop/Work/Airflow/dags/dag_exemplo.py took 0.183 seconds
[2024-05-07T18:17:53.472-0300] {processor.py:161} INFO - Started process (PID=6315) to work on /mnt/c/Users/Tilto/Desktop/Work/Airflow/dags/dag_exemplo.py
[2024-05-07T18:17:53.473-0300] {processor.py:830} INFO - Processing file /mnt/c/Users/Tilto/Desktop/Work/Airflow/dags/dag_exemplo.py for tasks to queue
[2024-05-07T18:17:53.475-0300] {logging_mixin.py:188} INFO - [2024-05-07T18:17:53.474-0300] {dagbag.py:540} INFO - Filling up the DagBag from /mnt/c/Users/Tilto/Desktop/Work/Airflow/dags/dag_exemplo.py
[2024-05-07T18:17:53.499-0300] {processor.py:840} INFO - DAG(s) 'dag_exemplo' retrieved from /mnt/c/Users/Tilto/Desktop/Work/Airflow/dags/dag_exemplo.py
[2024-05-07T18:17:53.512-0300] {logging_mixin.py:188} INFO - [2024-05-07T18:17:53.512-0300] {dag.py:3096} INFO - Sync 1 DAGs
[2024-05-07T18:17:53.528-0300] {logging_mixin.py:188} INFO - [2024-05-07T18:17:53.527-0300] {dag.py:3954} INFO - Setting next_dagrun for dag_exemplo to None, run_after=None
[2024-05-07T18:17:53.588-0300] {processor.py:183} INFO - Processing /mnt/c/Users/Tilto/Desktop/Work/Airflow/dags/dag_exemplo.py took 0.123 seconds
[2024-05-07T18:18:24.138-0300] {processor.py:161} INFO - Started process (PID=6453) to work on /mnt/c/Users/Tilto/Desktop/Work/Airflow/dags/dag_exemplo.py
[2024-05-07T18:18:24.140-0300] {processor.py:830} INFO - Processing file /mnt/c/Users/Tilto/Desktop/Work/Airflow/dags/dag_exemplo.py for tasks to queue
[2024-05-07T18:18:24.142-0300] {logging_mixin.py:188} INFO - [2024-05-07T18:18:24.142-0300] {dagbag.py:540} INFO - Filling up the DagBag from /mnt/c/Users/Tilto/Desktop/Work/Airflow/dags/dag_exemplo.py
[2024-05-07T18:18:24.170-0300] {processor.py:840} INFO - DAG(s) 'dag_exemplo' retrieved from /mnt/c/Users/Tilto/Desktop/Work/Airflow/dags/dag_exemplo.py
[2024-05-07T18:18:24.294-0300] {logging_mixin.py:188} INFO - [2024-05-07T18:18:24.294-0300] {dag.py:3096} INFO - Sync 1 DAGs
[2024-05-07T18:18:24.308-0300] {logging_mixin.py:188} INFO - [2024-05-07T18:18:24.307-0300] {dag.py:3954} INFO - Setting next_dagrun for dag_exemplo to None, run_after=None
[2024-05-07T18:18:24.372-0300] {processor.py:183} INFO - Processing /mnt/c/Users/Tilto/Desktop/Work/Airflow/dags/dag_exemplo.py took 0.242 seconds
[2024-05-07T18:18:54.998-0300] {processor.py:161} INFO - Started process (PID=6583) to work on /mnt/c/Users/Tilto/Desktop/Work/Airflow/dags/dag_exemplo.py
[2024-05-07T18:18:54.999-0300] {processor.py:830} INFO - Processing file /mnt/c/Users/Tilto/Desktop/Work/Airflow/dags/dag_exemplo.py for tasks to queue
[2024-05-07T18:18:55.001-0300] {logging_mixin.py:188} INFO - [2024-05-07T18:18:55.000-0300] {dagbag.py:540} INFO - Filling up the DagBag from /mnt/c/Users/Tilto/Desktop/Work/Airflow/dags/dag_exemplo.py
[2024-05-07T18:18:55.022-0300] {processor.py:840} INFO - DAG(s) 'dag_exemplo' retrieved from /mnt/c/Users/Tilto/Desktop/Work/Airflow/dags/dag_exemplo.py
[2024-05-07T18:18:55.050-0300] {logging_mixin.py:188} INFO - [2024-05-07T18:18:55.050-0300] {dag.py:3096} INFO - Sync 1 DAGs
[2024-05-07T18:18:55.064-0300] {logging_mixin.py:188} INFO - [2024-05-07T18:18:55.064-0300] {dag.py:3954} INFO - Setting next_dagrun for dag_exemplo to None, run_after=None
[2024-05-07T18:18:55.125-0300] {processor.py:183} INFO - Processing /mnt/c/Users/Tilto/Desktop/Work/Airflow/dags/dag_exemplo.py took 0.132 seconds
[2024-05-07T18:19:23.812-0300] {processor.py:161} INFO - Started process (PID=6704) to work on /mnt/c/Users/Tilto/Desktop/Work/Airflow/dags/dag_exemplo.py
[2024-05-07T18:19:23.814-0300] {processor.py:830} INFO - Processing file /mnt/c/Users/Tilto/Desktop/Work/Airflow/dags/dag_exemplo.py for tasks to queue
[2024-05-07T18:19:23.817-0300] {logging_mixin.py:188} INFO - [2024-05-07T18:19:23.816-0300] {dagbag.py:540} INFO - Filling up the DagBag from /mnt/c/Users/Tilto/Desktop/Work/Airflow/dags/dag_exemplo.py
[2024-05-07T18:19:23.865-0300] {processor.py:840} INFO - DAG(s) 'dag_exemplo' retrieved from /mnt/c/Users/Tilto/Desktop/Work/Airflow/dags/dag_exemplo.py
[2024-05-07T18:19:23.902-0300] {logging_mixin.py:188} INFO - [2024-05-07T18:19:23.901-0300] {dag.py:3096} INFO - Sync 1 DAGs
[2024-05-07T18:19:23.917-0300] {logging_mixin.py:188} INFO - [2024-05-07T18:19:23.917-0300] {dag.py:3954} INFO - Setting next_dagrun for dag_exemplo to None, run_after=None
[2024-05-07T18:19:23.994-0300] {processor.py:183} INFO - Processing /mnt/c/Users/Tilto/Desktop/Work/Airflow/dags/dag_exemplo.py took 0.189 seconds
[2024-05-07T18:19:35.972-0300] {processor.py:161} INFO - Started process (PID=6772) to work on /mnt/c/Users/Tilto/Desktop/Work/Airflow/dags/dag_exemplo.py
[2024-05-07T18:19:35.973-0300] {processor.py:830} INFO - Processing file /mnt/c/Users/Tilto/Desktop/Work/Airflow/dags/dag_exemplo.py for tasks to queue
[2024-05-07T18:19:35.974-0300] {logging_mixin.py:188} INFO - [2024-05-07T18:19:35.974-0300] {dagbag.py:540} INFO - Filling up the DagBag from /mnt/c/Users/Tilto/Desktop/Work/Airflow/dags/dag_exemplo.py
[2024-05-07T18:19:35.999-0300] {processor.py:840} INFO - DAG(s) 'dag_exemplo' retrieved from /mnt/c/Users/Tilto/Desktop/Work/Airflow/dags/dag_exemplo.py
[2024-05-07T18:19:36.013-0300] {logging_mixin.py:188} INFO - [2024-05-07T18:19:36.012-0300] {dag.py:3096} INFO - Sync 1 DAGs
[2024-05-07T18:19:36.031-0300] {logging_mixin.py:188} INFO - [2024-05-07T18:19:36.031-0300] {dag.py:3954} INFO - Setting next_dagrun for dag_exemplo to None, run_after=None
[2024-05-07T18:19:36.101-0300] {processor.py:183} INFO - Processing /mnt/c/Users/Tilto/Desktop/Work/Airflow/dags/dag_exemplo.py took 0.132 seconds
[2024-05-07T18:20:07.267-0300] {processor.py:161} INFO - Started process (PID=6920) to work on /mnt/c/Users/Tilto/Desktop/Work/Airflow/dags/dag_exemplo.py
[2024-05-07T18:20:07.268-0300] {processor.py:830} INFO - Processing file /mnt/c/Users/Tilto/Desktop/Work/Airflow/dags/dag_exemplo.py for tasks to queue
[2024-05-07T18:20:07.270-0300] {logging_mixin.py:188} INFO - [2024-05-07T18:20:07.269-0300] {dagbag.py:540} INFO - Filling up the DagBag from /mnt/c/Users/Tilto/Desktop/Work/Airflow/dags/dag_exemplo.py
[2024-05-07T18:20:07.292-0300] {processor.py:840} INFO - DAG(s) 'dag_exemplo' retrieved from /mnt/c/Users/Tilto/Desktop/Work/Airflow/dags/dag_exemplo.py
[2024-05-07T18:20:07.412-0300] {logging_mixin.py:188} INFO - [2024-05-07T18:20:07.411-0300] {dag.py:3096} INFO - Sync 1 DAGs
[2024-05-07T18:20:07.431-0300] {logging_mixin.py:188} INFO - [2024-05-07T18:20:07.431-0300] {dag.py:3954} INFO - Setting next_dagrun for dag_exemplo to None, run_after=None
[2024-05-07T18:20:07.529-0300] {processor.py:183} INFO - Processing /mnt/c/Users/Tilto/Desktop/Work/Airflow/dags/dag_exemplo.py took 0.268 seconds
[2024-05-07T18:20:37.801-0300] {processor.py:161} INFO - Started process (PID=7051) to work on /mnt/c/Users/Tilto/Desktop/Work/Airflow/dags/dag_exemplo.py
[2024-05-07T18:20:37.803-0300] {processor.py:830} INFO - Processing file /mnt/c/Users/Tilto/Desktop/Work/Airflow/dags/dag_exemplo.py for tasks to queue
[2024-05-07T18:20:37.805-0300] {logging_mixin.py:188} INFO - [2024-05-07T18:20:37.804-0300] {dagbag.py:540} INFO - Filling up the DagBag from /mnt/c/Users/Tilto/Desktop/Work/Airflow/dags/dag_exemplo.py
[2024-05-07T18:20:37.827-0300] {processor.py:840} INFO - DAG(s) 'dag_exemplo' retrieved from /mnt/c/Users/Tilto/Desktop/Work/Airflow/dags/dag_exemplo.py
[2024-05-07T18:20:37.855-0300] {logging_mixin.py:188} INFO - [2024-05-07T18:20:37.855-0300] {dag.py:3096} INFO - Sync 1 DAGs
[2024-05-07T18:20:37.869-0300] {logging_mixin.py:188} INFO - [2024-05-07T18:20:37.868-0300] {dag.py:3954} INFO - Setting next_dagrun for dag_exemplo to None, run_after=None
[2024-05-07T18:20:37.916-0300] {processor.py:183} INFO - Processing /mnt/c/Users/Tilto/Desktop/Work/Airflow/dags/dag_exemplo.py took 0.122 seconds
[2024-05-07T18:21:08.271-0300] {processor.py:161} INFO - Started process (PID=7193) to work on /mnt/c/Users/Tilto/Desktop/Work/Airflow/dags/dag_exemplo.py
[2024-05-07T18:21:08.272-0300] {processor.py:830} INFO - Processing file /mnt/c/Users/Tilto/Desktop/Work/Airflow/dags/dag_exemplo.py for tasks to queue
[2024-05-07T18:21:08.273-0300] {logging_mixin.py:188} INFO - [2024-05-07T18:21:08.273-0300] {dagbag.py:540} INFO - Filling up the DagBag from /mnt/c/Users/Tilto/Desktop/Work/Airflow/dags/dag_exemplo.py
[2024-05-07T18:21:08.293-0300] {processor.py:840} INFO - DAG(s) 'dag_exemplo' retrieved from /mnt/c/Users/Tilto/Desktop/Work/Airflow/dags/dag_exemplo.py
[2024-05-07T18:21:08.319-0300] {logging_mixin.py:188} INFO - [2024-05-07T18:21:08.319-0300] {dag.py:3096} INFO - Sync 1 DAGs
[2024-05-07T18:21:08.333-0300] {logging_mixin.py:188} INFO - [2024-05-07T18:21:08.332-0300] {dag.py:3954} INFO - Setting next_dagrun for dag_exemplo to None, run_after=None
[2024-05-07T18:21:08.392-0300] {processor.py:183} INFO - Processing /mnt/c/Users/Tilto/Desktop/Work/Airflow/dags/dag_exemplo.py took 0.125 seconds
[2024-05-07T18:48:27.833-0300] {processor.py:161} INFO - Started process (PID=13738) to work on /mnt/c/Users/Tilto/Desktop/Work/Airflow/dags/dag_exemplo.py
[2024-05-07T18:48:27.833-0300] {processor.py:830} INFO - Processing file /mnt/c/Users/Tilto/Desktop/Work/Airflow/dags/dag_exemplo.py for tasks to queue
[2024-05-07T18:48:27.835-0300] {logging_mixin.py:188} INFO - [2024-05-07T18:48:27.835-0300] {dagbag.py:540} INFO - Filling up the DagBag from /mnt/c/Users/Tilto/Desktop/Work/Airflow/dags/dag_exemplo.py
[2024-05-07T18:48:27.859-0300] {processor.py:840} INFO - DAG(s) 'dag_exemplo' retrieved from /mnt/c/Users/Tilto/Desktop/Work/Airflow/dags/dag_exemplo.py
[2024-05-07T18:48:27.876-0300] {logging_mixin.py:188} INFO - [2024-05-07T18:48:27.876-0300] {dag.py:3096} INFO - Sync 1 DAGs
[2024-05-07T18:48:27.890-0300] {logging_mixin.py:188} INFO - [2024-05-07T18:48:27.890-0300] {dag.py:3954} INFO - Setting next_dagrun for dag_exemplo to None, run_after=None
[2024-05-07T18:48:27.951-0300] {processor.py:183} INFO - Processing /mnt/c/Users/Tilto/Desktop/Work/Airflow/dags/dag_exemplo.py took 0.124 seconds
[2024-05-07T18:48:58.475-0300] {processor.py:161} INFO - Started process (PID=13878) to work on /mnt/c/Users/Tilto/Desktop/Work/Airflow/dags/dag_exemplo.py
[2024-05-07T18:48:58.476-0300] {processor.py:830} INFO - Processing file /mnt/c/Users/Tilto/Desktop/Work/Airflow/dags/dag_exemplo.py for tasks to queue
[2024-05-07T18:48:58.478-0300] {logging_mixin.py:188} INFO - [2024-05-07T18:48:58.478-0300] {dagbag.py:540} INFO - Filling up the DagBag from /mnt/c/Users/Tilto/Desktop/Work/Airflow/dags/dag_exemplo.py
[2024-05-07T18:48:58.498-0300] {processor.py:840} INFO - DAG(s) 'dag_exemplo' retrieved from /mnt/c/Users/Tilto/Desktop/Work/Airflow/dags/dag_exemplo.py
[2024-05-07T18:48:58.603-0300] {logging_mixin.py:188} INFO - [2024-05-07T18:48:58.603-0300] {dag.py:3096} INFO - Sync 1 DAGs
[2024-05-07T18:48:58.616-0300] {logging_mixin.py:188} INFO - [2024-05-07T18:48:58.615-0300] {dag.py:3954} INFO - Setting next_dagrun for dag_exemplo to None, run_after=None
[2024-05-07T18:48:58.676-0300] {processor.py:183} INFO - Processing /mnt/c/Users/Tilto/Desktop/Work/Airflow/dags/dag_exemplo.py took 0.204 seconds
[2024-05-07T18:49:29.581-0300] {processor.py:161} INFO - Started process (PID=14008) to work on /mnt/c/Users/Tilto/Desktop/Work/Airflow/dags/dag_exemplo.py
[2024-05-07T18:49:29.582-0300] {processor.py:830} INFO - Processing file /mnt/c/Users/Tilto/Desktop/Work/Airflow/dags/dag_exemplo.py for tasks to queue
[2024-05-07T18:49:29.583-0300] {logging_mixin.py:188} INFO - [2024-05-07T18:49:29.583-0300] {dagbag.py:540} INFO - Filling up the DagBag from /mnt/c/Users/Tilto/Desktop/Work/Airflow/dags/dag_exemplo.py
[2024-05-07T18:49:29.599-0300] {processor.py:840} INFO - DAG(s) 'dag_exemplo' retrieved from /mnt/c/Users/Tilto/Desktop/Work/Airflow/dags/dag_exemplo.py
[2024-05-07T18:49:29.622-0300] {logging_mixin.py:188} INFO - [2024-05-07T18:49:29.622-0300] {dag.py:3096} INFO - Sync 1 DAGs
[2024-05-07T18:49:29.636-0300] {logging_mixin.py:188} INFO - [2024-05-07T18:49:29.636-0300] {dag.py:3954} INFO - Setting next_dagrun for dag_exemplo to None, run_after=None
[2024-05-07T18:49:29.685-0300] {processor.py:183} INFO - Processing /mnt/c/Users/Tilto/Desktop/Work/Airflow/dags/dag_exemplo.py took 0.108 seconds
[2024-05-07T18:50:00.600-0300] {processor.py:161} INFO - Started process (PID=14138) to work on /mnt/c/Users/Tilto/Desktop/Work/Airflow/dags/dag_exemplo.py
[2024-05-07T18:50:00.601-0300] {processor.py:830} INFO - Processing file /mnt/c/Users/Tilto/Desktop/Work/Airflow/dags/dag_exemplo.py for tasks to queue
[2024-05-07T18:50:00.602-0300] {logging_mixin.py:188} INFO - [2024-05-07T18:50:00.602-0300] {dagbag.py:540} INFO - Filling up the DagBag from /mnt/c/Users/Tilto/Desktop/Work/Airflow/dags/dag_exemplo.py
[2024-05-07T18:50:00.626-0300] {processor.py:840} INFO - DAG(s) 'dag_exemplo' retrieved from /mnt/c/Users/Tilto/Desktop/Work/Airflow/dags/dag_exemplo.py
[2024-05-07T18:50:00.686-0300] {logging_mixin.py:188} INFO - [2024-05-07T18:50:00.686-0300] {dag.py:3096} INFO - Sync 1 DAGs
[2024-05-07T18:50:00.733-0300] {logging_mixin.py:188} INFO - [2024-05-07T18:50:00.733-0300] {dag.py:3954} INFO - Setting next_dagrun for dag_exemplo to None, run_after=None
[2024-05-07T18:50:00.875-0300] {processor.py:183} INFO - Processing /mnt/c/Users/Tilto/Desktop/Work/Airflow/dags/dag_exemplo.py took 0.279 seconds
[2024-05-07T18:50:31.610-0300] {processor.py:161} INFO - Started process (PID=14272) to work on /mnt/c/Users/Tilto/Desktop/Work/Airflow/dags/dag_exemplo.py
[2024-05-07T18:50:31.611-0300] {processor.py:830} INFO - Processing file /mnt/c/Users/Tilto/Desktop/Work/Airflow/dags/dag_exemplo.py for tasks to queue
[2024-05-07T18:50:31.612-0300] {logging_mixin.py:188} INFO - [2024-05-07T18:50:31.612-0300] {dagbag.py:540} INFO - Filling up the DagBag from /mnt/c/Users/Tilto/Desktop/Work/Airflow/dags/dag_exemplo.py
[2024-05-07T18:50:31.633-0300] {processor.py:840} INFO - DAG(s) 'dag_exemplo' retrieved from /mnt/c/Users/Tilto/Desktop/Work/Airflow/dags/dag_exemplo.py
[2024-05-07T18:50:31.665-0300] {logging_mixin.py:188} INFO - [2024-05-07T18:50:31.664-0300] {dag.py:3096} INFO - Sync 1 DAGs
[2024-05-07T18:50:31.678-0300] {logging_mixin.py:188} INFO - [2024-05-07T18:50:31.678-0300] {dag.py:3954} INFO - Setting next_dagrun for dag_exemplo to None, run_after=None
[2024-05-07T18:50:31.738-0300] {processor.py:183} INFO - Processing /mnt/c/Users/Tilto/Desktop/Work/Airflow/dags/dag_exemplo.py took 0.133 seconds
[2024-05-07T18:51:02.620-0300] {processor.py:161} INFO - Started process (PID=14402) to work on /mnt/c/Users/Tilto/Desktop/Work/Airflow/dags/dag_exemplo.py
[2024-05-07T18:51:02.621-0300] {processor.py:830} INFO - Processing file /mnt/c/Users/Tilto/Desktop/Work/Airflow/dags/dag_exemplo.py for tasks to queue
[2024-05-07T18:51:02.623-0300] {logging_mixin.py:188} INFO - [2024-05-07T18:51:02.622-0300] {dagbag.py:540} INFO - Filling up the DagBag from /mnt/c/Users/Tilto/Desktop/Work/Airflow/dags/dag_exemplo.py
[2024-05-07T18:51:02.644-0300] {processor.py:840} INFO - DAG(s) 'dag_exemplo' retrieved from /mnt/c/Users/Tilto/Desktop/Work/Airflow/dags/dag_exemplo.py
[2024-05-07T18:51:02.668-0300] {logging_mixin.py:188} INFO - [2024-05-07T18:51:02.668-0300] {dag.py:3096} INFO - Sync 1 DAGs
[2024-05-07T18:51:02.680-0300] {logging_mixin.py:188} INFO - [2024-05-07T18:51:02.680-0300] {dag.py:3954} INFO - Setting next_dagrun for dag_exemplo to None, run_after=None
[2024-05-07T18:51:02.737-0300] {processor.py:183} INFO - Processing /mnt/c/Users/Tilto/Desktop/Work/Airflow/dags/dag_exemplo.py took 0.121 seconds
[2024-05-07T18:51:40.063-0300] {processor.py:161} INFO - Started process (PID=14623) to work on /mnt/c/Users/Tilto/Desktop/Work/Airflow/dags/dag_exemplo.py
[2024-05-07T18:51:40.065-0300] {processor.py:830} INFO - Processing file /mnt/c/Users/Tilto/Desktop/Work/Airflow/dags/dag_exemplo.py for tasks to queue
[2024-05-07T18:51:40.066-0300] {logging_mixin.py:188} INFO - [2024-05-07T18:51:40.066-0300] {dagbag.py:540} INFO - Filling up the DagBag from /mnt/c/Users/Tilto/Desktop/Work/Airflow/dags/dag_exemplo.py
[2024-05-07T18:51:40.090-0300] {processor.py:840} INFO - DAG(s) 'dag_exemplo' retrieved from /mnt/c/Users/Tilto/Desktop/Work/Airflow/dags/dag_exemplo.py
[2024-05-07T18:51:40.107-0300] {logging_mixin.py:188} INFO - [2024-05-07T18:51:40.107-0300] {dag.py:3096} INFO - Sync 1 DAGs
[2024-05-07T18:51:40.123-0300] {logging_mixin.py:188} INFO - [2024-05-07T18:51:40.123-0300] {dag.py:3954} INFO - Setting next_dagrun for dag_exemplo to None, run_after=None
[2024-05-07T18:51:40.190-0300] {processor.py:183} INFO - Processing /mnt/c/Users/Tilto/Desktop/Work/Airflow/dags/dag_exemplo.py took 0.131 seconds
[2024-05-07T18:52:11.719-0300] {processor.py:161} INFO - Started process (PID=14779) to work on /mnt/c/Users/Tilto/Desktop/Work/Airflow/dags/dag_exemplo.py
[2024-05-07T18:52:11.721-0300] {processor.py:830} INFO - Processing file /mnt/c/Users/Tilto/Desktop/Work/Airflow/dags/dag_exemplo.py for tasks to queue
[2024-05-07T18:52:11.723-0300] {logging_mixin.py:188} INFO - [2024-05-07T18:52:11.723-0300] {dagbag.py:540} INFO - Filling up the DagBag from /mnt/c/Users/Tilto/Desktop/Work/Airflow/dags/dag_exemplo.py
[2024-05-07T18:52:11.749-0300] {processor.py:840} INFO - DAG(s) 'dag_exemplo' retrieved from /mnt/c/Users/Tilto/Desktop/Work/Airflow/dags/dag_exemplo.py
[2024-05-07T18:52:11.857-0300] {logging_mixin.py:188} INFO - [2024-05-07T18:52:11.857-0300] {dag.py:3096} INFO - Sync 1 DAGs
[2024-05-07T18:52:11.869-0300] {logging_mixin.py:188} INFO - [2024-05-07T18:52:11.869-0300] {dag.py:3954} INFO - Setting next_dagrun for dag_exemplo to None, run_after=None
[2024-05-07T18:52:11.933-0300] {processor.py:183} INFO - Processing /mnt/c/Users/Tilto/Desktop/Work/Airflow/dags/dag_exemplo.py took 0.219 seconds
[2024-05-07T18:52:49.372-0300] {processor.py:161} INFO - Started process (PID=14993) to work on /mnt/c/Users/Tilto/Desktop/Work/Airflow/dags/dag_exemplo.py
[2024-05-07T18:52:49.374-0300] {processor.py:830} INFO - Processing file /mnt/c/Users/Tilto/Desktop/Work/Airflow/dags/dag_exemplo.py for tasks to queue
[2024-05-07T18:52:49.375-0300] {logging_mixin.py:188} INFO - [2024-05-07T18:52:49.375-0300] {dagbag.py:540} INFO - Filling up the DagBag from /mnt/c/Users/Tilto/Desktop/Work/Airflow/dags/dag_exemplo.py
[2024-05-07T18:52:49.396-0300] {processor.py:840} INFO - DAG(s) 'dag_exemplo' retrieved from /mnt/c/Users/Tilto/Desktop/Work/Airflow/dags/dag_exemplo.py
[2024-05-07T18:52:49.409-0300] {logging_mixin.py:188} INFO - [2024-05-07T18:52:49.408-0300] {dag.py:3096} INFO - Sync 1 DAGs
[2024-05-07T18:52:49.421-0300] {logging_mixin.py:188} INFO - [2024-05-07T18:52:49.421-0300] {dag.py:3954} INFO - Setting next_dagrun for dag_exemplo to None, run_after=None
[2024-05-07T18:52:49.481-0300] {processor.py:183} INFO - Processing /mnt/c/Users/Tilto/Desktop/Work/Airflow/dags/dag_exemplo.py took 0.113 seconds
[2024-05-07T18:53:20.893-0300] {processor.py:161} INFO - Started process (PID=15144) to work on /mnt/c/Users/Tilto/Desktop/Work/Airflow/dags/dag_exemplo.py
[2024-05-07T18:53:20.894-0300] {processor.py:830} INFO - Processing file /mnt/c/Users/Tilto/Desktop/Work/Airflow/dags/dag_exemplo.py for tasks to queue
[2024-05-07T18:53:20.896-0300] {logging_mixin.py:188} INFO - [2024-05-07T18:53:20.895-0300] {dagbag.py:540} INFO - Filling up the DagBag from /mnt/c/Users/Tilto/Desktop/Work/Airflow/dags/dag_exemplo.py
[2024-05-07T18:53:20.917-0300] {processor.py:840} INFO - DAG(s) 'dag_exemplo' retrieved from /mnt/c/Users/Tilto/Desktop/Work/Airflow/dags/dag_exemplo.py
[2024-05-07T18:53:21.018-0300] {logging_mixin.py:188} INFO - [2024-05-07T18:53:21.018-0300] {dag.py:3096} INFO - Sync 1 DAGs
[2024-05-07T18:53:21.029-0300] {logging_mixin.py:188} INFO - [2024-05-07T18:53:21.029-0300] {dag.py:3954} INFO - Setting next_dagrun for dag_exemplo to None, run_after=None
[2024-05-07T18:53:21.131-0300] {processor.py:183} INFO - Processing /mnt/c/Users/Tilto/Desktop/Work/Airflow/dags/dag_exemplo.py took 0.242 seconds
[2024-05-07T18:53:52.297-0300] {processor.py:161} INFO - Started process (PID=15305) to work on /mnt/c/Users/Tilto/Desktop/Work/Airflow/dags/dag_exemplo.py
[2024-05-07T18:53:52.298-0300] {processor.py:830} INFO - Processing file /mnt/c/Users/Tilto/Desktop/Work/Airflow/dags/dag_exemplo.py for tasks to queue
[2024-05-07T18:53:52.300-0300] {logging_mixin.py:188} INFO - [2024-05-07T18:53:52.300-0300] {dagbag.py:540} INFO - Filling up the DagBag from /mnt/c/Users/Tilto/Desktop/Work/Airflow/dags/dag_exemplo.py
[2024-05-07T18:53:52.319-0300] {processor.py:840} INFO - DAG(s) 'dag_exemplo' retrieved from /mnt/c/Users/Tilto/Desktop/Work/Airflow/dags/dag_exemplo.py
[2024-05-07T18:53:52.344-0300] {logging_mixin.py:188} INFO - [2024-05-07T18:53:52.344-0300] {dag.py:3096} INFO - Sync 1 DAGs
[2024-05-07T18:53:52.358-0300] {logging_mixin.py:188} INFO - [2024-05-07T18:53:52.357-0300] {dag.py:3954} INFO - Setting next_dagrun for dag_exemplo to None, run_after=None
[2024-05-07T18:53:52.420-0300] {processor.py:183} INFO - Processing /mnt/c/Users/Tilto/Desktop/Work/Airflow/dags/dag_exemplo.py took 0.127 seconds
[2024-05-07T18:54:23.912-0300] {processor.py:161} INFO - Started process (PID=15453) to work on /mnt/c/Users/Tilto/Desktop/Work/Airflow/dags/dag_exemplo.py
[2024-05-07T18:54:23.913-0300] {processor.py:830} INFO - Processing file /mnt/c/Users/Tilto/Desktop/Work/Airflow/dags/dag_exemplo.py for tasks to queue
[2024-05-07T18:54:23.915-0300] {logging_mixin.py:188} INFO - [2024-05-07T18:54:23.914-0300] {dagbag.py:540} INFO - Filling up the DagBag from /mnt/c/Users/Tilto/Desktop/Work/Airflow/dags/dag_exemplo.py
[2024-05-07T18:54:23.934-0300] {processor.py:840} INFO - DAG(s) 'dag_exemplo' retrieved from /mnt/c/Users/Tilto/Desktop/Work/Airflow/dags/dag_exemplo.py
[2024-05-07T18:54:23.961-0300] {logging_mixin.py:188} INFO - [2024-05-07T18:54:23.960-0300] {dag.py:3096} INFO - Sync 1 DAGs
[2024-05-07T18:54:23.973-0300] {logging_mixin.py:188} INFO - [2024-05-07T18:54:23.973-0300] {dag.py:3954} INFO - Setting next_dagrun for dag_exemplo to None, run_after=None
[2024-05-07T18:54:24.032-0300] {processor.py:183} INFO - Processing /mnt/c/Users/Tilto/Desktop/Work/Airflow/dags/dag_exemplo.py took 0.124 seconds
[2024-05-07T18:54:55.059-0300] {processor.py:161} INFO - Started process (PID=15600) to work on /mnt/c/Users/Tilto/Desktop/Work/Airflow/dags/dag_exemplo.py
[2024-05-07T18:54:55.060-0300] {processor.py:830} INFO - Processing file /mnt/c/Users/Tilto/Desktop/Work/Airflow/dags/dag_exemplo.py for tasks to queue
[2024-05-07T18:54:55.062-0300] {logging_mixin.py:188} INFO - [2024-05-07T18:54:55.061-0300] {dagbag.py:540} INFO - Filling up the DagBag from /mnt/c/Users/Tilto/Desktop/Work/Airflow/dags/dag_exemplo.py
[2024-05-07T18:54:55.083-0300] {processor.py:840} INFO - DAG(s) 'dag_exemplo' retrieved from /mnt/c/Users/Tilto/Desktop/Work/Airflow/dags/dag_exemplo.py
[2024-05-07T18:54:55.108-0300] {logging_mixin.py:188} INFO - [2024-05-07T18:54:55.108-0300] {dag.py:3096} INFO - Sync 1 DAGs
[2024-05-07T18:54:55.120-0300] {logging_mixin.py:188} INFO - [2024-05-07T18:54:55.120-0300] {dag.py:3954} INFO - Setting next_dagrun for dag_exemplo to None, run_after=None
[2024-05-07T18:54:55.183-0300] {processor.py:183} INFO - Processing /mnt/c/Users/Tilto/Desktop/Work/Airflow/dags/dag_exemplo.py took 0.128 seconds
[2024-05-07T18:55:26.209-0300] {processor.py:161} INFO - Started process (PID=15741) to work on /mnt/c/Users/Tilto/Desktop/Work/Airflow/dags/dag_exemplo.py
[2024-05-07T18:55:26.211-0300] {processor.py:830} INFO - Processing file /mnt/c/Users/Tilto/Desktop/Work/Airflow/dags/dag_exemplo.py for tasks to queue
[2024-05-07T18:55:26.212-0300] {logging_mixin.py:188} INFO - [2024-05-07T18:55:26.212-0300] {dagbag.py:540} INFO - Filling up the DagBag from /mnt/c/Users/Tilto/Desktop/Work/Airflow/dags/dag_exemplo.py
[2024-05-07T18:55:26.232-0300] {processor.py:840} INFO - DAG(s) 'dag_exemplo' retrieved from /mnt/c/Users/Tilto/Desktop/Work/Airflow/dags/dag_exemplo.py
[2024-05-07T18:55:26.257-0300] {logging_mixin.py:188} INFO - [2024-05-07T18:55:26.256-0300] {dag.py:3096} INFO - Sync 1 DAGs
[2024-05-07T18:55:26.269-0300] {logging_mixin.py:188} INFO - [2024-05-07T18:55:26.269-0300] {dag.py:3954} INFO - Setting next_dagrun for dag_exemplo to None, run_after=None
[2024-05-07T18:55:26.369-0300] {processor.py:183} INFO - Processing /mnt/c/Users/Tilto/Desktop/Work/Airflow/dags/dag_exemplo.py took 0.164 seconds
