[2024-05-07T18:03:40.578-0300] {processor.py:161} INFO - Started process (PID=2791) to work on /mnt/c/Users/Tilto/Desktop/Work/Airflow/dags/first_dag.py
[2024-05-07T18:03:40.579-0300] {processor.py:830} INFO - Processing file /mnt/c/Users/Tilto/Desktop/Work/Airflow/dags/first_dag.py for tasks to queue
[2024-05-07T18:03:40.580-0300] {logging_mixin.py:188} INFO - [2024-05-07T18:03:40.580-0300] {dagbag.py:540} INFO - Filling up the DagBag from /mnt/c/Users/Tilto/Desktop/Work/Airflow/dags/first_dag.py
[2024-05-07T18:03:40.598-0300] {logging_mixin.py:188} INFO - All Dag modules are ok ......
[2024-05-07T18:03:40.600-0300] {processor.py:840} INFO - DAG(s) 'first_dag' retrieved from /mnt/c/Users/Tilto/Desktop/Work/Airflow/dags/first_dag.py
[2024-05-07T18:03:40.790-0300] {logging_mixin.py:188} INFO - [2024-05-07T18:03:40.790-0300] {dag.py:3096} INFO - Sync 1 DAGs
[2024-05-07T18:03:40.812-0300] {logging_mixin.py:188} INFO - [2024-05-07T18:03:40.811-0300] {dag.py:3954} INFO - Setting next_dagrun for first_dag to None, run_after=None
[2024-05-07T18:03:40.879-0300] {processor.py:183} INFO - Processing /mnt/c/Users/Tilto/Desktop/Work/Airflow/dags/first_dag.py took 0.305 seconds
[2024-05-07T18:04:11.562-0300] {processor.py:161} INFO - Started process (PID=3001) to work on /mnt/c/Users/Tilto/Desktop/Work/Airflow/dags/first_dag.py
[2024-05-07T18:04:11.563-0300] {processor.py:830} INFO - Processing file /mnt/c/Users/Tilto/Desktop/Work/Airflow/dags/first_dag.py for tasks to queue
[2024-05-07T18:04:11.564-0300] {logging_mixin.py:188} INFO - [2024-05-07T18:04:11.564-0300] {dagbag.py:540} INFO - Filling up the DagBag from /mnt/c/Users/Tilto/Desktop/Work/Airflow/dags/first_dag.py
[2024-05-07T18:04:11.583-0300] {logging_mixin.py:188} INFO - All Dag modules are ok ......
[2024-05-07T18:04:11.585-0300] {processor.py:840} INFO - DAG(s) 'first_dag' retrieved from /mnt/c/Users/Tilto/Desktop/Work/Airflow/dags/first_dag.py
[2024-05-07T18:04:11.620-0300] {logging_mixin.py:188} INFO - [2024-05-07T18:04:11.619-0300] {dag.py:3096} INFO - Sync 1 DAGs
[2024-05-07T18:04:11.649-0300] {logging_mixin.py:188} INFO - [2024-05-07T18:04:11.649-0300] {dag.py:3954} INFO - Setting next_dagrun for first_dag to None, run_after=None
[2024-05-07T18:04:11.801-0300] {processor.py:183} INFO - Processing /mnt/c/Users/Tilto/Desktop/Work/Airflow/dags/first_dag.py took 0.244 seconds
[2024-05-07T18:04:42.148-0300] {processor.py:161} INFO - Started process (PID=3129) to work on /mnt/c/Users/Tilto/Desktop/Work/Airflow/dags/first_dag.py
[2024-05-07T18:04:42.149-0300] {processor.py:830} INFO - Processing file /mnt/c/Users/Tilto/Desktop/Work/Airflow/dags/first_dag.py for tasks to queue
[2024-05-07T18:04:42.150-0300] {logging_mixin.py:188} INFO - [2024-05-07T18:04:42.150-0300] {dagbag.py:540} INFO - Filling up the DagBag from /mnt/c/Users/Tilto/Desktop/Work/Airflow/dags/first_dag.py
[2024-05-07T18:04:42.164-0300] {logging_mixin.py:188} INFO - All Dag modules are ok ......
[2024-05-07T18:04:42.166-0300] {processor.py:840} INFO - DAG(s) 'first_dag' retrieved from /mnt/c/Users/Tilto/Desktop/Work/Airflow/dags/first_dag.py
[2024-05-07T18:04:42.195-0300] {logging_mixin.py:188} INFO - [2024-05-07T18:04:42.195-0300] {dag.py:3096} INFO - Sync 1 DAGs
[2024-05-07T18:04:42.282-0300] {logging_mixin.py:188} INFO - [2024-05-07T18:04:42.282-0300] {dag.py:3954} INFO - Setting next_dagrun for first_dag to None, run_after=None
[2024-05-07T18:04:42.337-0300] {processor.py:183} INFO - Processing /mnt/c/Users/Tilto/Desktop/Work/Airflow/dags/first_dag.py took 0.194 seconds
[2024-05-07T18:05:15.125-0300] {processor.py:161} INFO - Started process (PID=3267) to work on /mnt/c/Users/Tilto/Desktop/Work/Airflow/dags/first_dag.py
[2024-05-07T18:05:15.127-0300] {processor.py:830} INFO - Processing file /mnt/c/Users/Tilto/Desktop/Work/Airflow/dags/first_dag.py for tasks to queue
[2024-05-07T18:05:15.129-0300] {logging_mixin.py:188} INFO - [2024-05-07T18:05:15.128-0300] {dagbag.py:540} INFO - Filling up the DagBag from /mnt/c/Users/Tilto/Desktop/Work/Airflow/dags/first_dag.py
[2024-05-07T18:05:15.151-0300] {logging_mixin.py:188} INFO - All Dag modules are ok ......
[2024-05-07T18:05:15.153-0300] {processor.py:840} INFO - DAG(s) 'first_dag' retrieved from /mnt/c/Users/Tilto/Desktop/Work/Airflow/dags/first_dag.py
[2024-05-07T18:05:15.196-0300] {logging_mixin.py:188} INFO - [2024-05-07T18:05:15.196-0300] {dag.py:3096} INFO - Sync 1 DAGs
[2024-05-07T18:05:15.294-0300] {logging_mixin.py:188} INFO - [2024-05-07T18:05:15.294-0300] {dag.py:3954} INFO - Setting next_dagrun for first_dag to None, run_after=None
[2024-05-07T18:05:15.353-0300] {processor.py:183} INFO - Processing /mnt/c/Users/Tilto/Desktop/Work/Airflow/dags/first_dag.py took 0.235 seconds
[2024-05-07T18:05:45.831-0300] {processor.py:161} INFO - Started process (PID=3396) to work on /mnt/c/Users/Tilto/Desktop/Work/Airflow/dags/first_dag.py
[2024-05-07T18:05:45.832-0300] {processor.py:830} INFO - Processing file /mnt/c/Users/Tilto/Desktop/Work/Airflow/dags/first_dag.py for tasks to queue
[2024-05-07T18:05:45.833-0300] {logging_mixin.py:188} INFO - [2024-05-07T18:05:45.833-0300] {dagbag.py:540} INFO - Filling up the DagBag from /mnt/c/Users/Tilto/Desktop/Work/Airflow/dags/first_dag.py
[2024-05-07T18:05:45.850-0300] {logging_mixin.py:188} INFO - All Dag modules are ok ......
[2024-05-07T18:05:45.852-0300] {processor.py:840} INFO - DAG(s) 'first_dag' retrieved from /mnt/c/Users/Tilto/Desktop/Work/Airflow/dags/first_dag.py
[2024-05-07T18:05:45.957-0300] {logging_mixin.py:188} INFO - [2024-05-07T18:05:45.957-0300] {dag.py:3096} INFO - Sync 1 DAGs
[2024-05-07T18:05:45.977-0300] {logging_mixin.py:188} INFO - [2024-05-07T18:05:45.977-0300] {dag.py:3954} INFO - Setting next_dagrun for first_dag to None, run_after=None
[2024-05-07T18:05:46.034-0300] {processor.py:183} INFO - Processing /mnt/c/Users/Tilto/Desktop/Work/Airflow/dags/first_dag.py took 0.207 seconds
[2024-05-07T18:06:17.110-0300] {processor.py:161} INFO - Started process (PID=3527) to work on /mnt/c/Users/Tilto/Desktop/Work/Airflow/dags/first_dag.py
[2024-05-07T18:06:17.111-0300] {processor.py:830} INFO - Processing file /mnt/c/Users/Tilto/Desktop/Work/Airflow/dags/first_dag.py for tasks to queue
[2024-05-07T18:06:17.112-0300] {logging_mixin.py:188} INFO - [2024-05-07T18:06:17.112-0300] {dagbag.py:540} INFO - Filling up the DagBag from /mnt/c/Users/Tilto/Desktop/Work/Airflow/dags/first_dag.py
[2024-05-07T18:06:17.129-0300] {logging_mixin.py:188} INFO - All Dag modules are ok ......
[2024-05-07T18:06:17.131-0300] {processor.py:840} INFO - DAG(s) 'first_dag' retrieved from /mnt/c/Users/Tilto/Desktop/Work/Airflow/dags/first_dag.py
[2024-05-07T18:06:17.238-0300] {logging_mixin.py:188} INFO - [2024-05-07T18:06:17.238-0300] {dag.py:3096} INFO - Sync 1 DAGs
[2024-05-07T18:06:17.258-0300] {logging_mixin.py:188} INFO - [2024-05-07T18:06:17.258-0300] {dag.py:3954} INFO - Setting next_dagrun for first_dag to None, run_after=None
[2024-05-07T18:06:17.320-0300] {processor.py:183} INFO - Processing /mnt/c/Users/Tilto/Desktop/Work/Airflow/dags/first_dag.py took 0.214 seconds
[2024-05-07T18:18:01.089-0300] {processor.py:161} INFO - Started process (PID=6360) to work on /mnt/c/Users/Tilto/Desktop/Work/Airflow/dags/first_dag.py
[2024-05-07T18:18:01.090-0300] {processor.py:830} INFO - Processing file /mnt/c/Users/Tilto/Desktop/Work/Airflow/dags/first_dag.py for tasks to queue
[2024-05-07T18:18:01.092-0300] {logging_mixin.py:188} INFO - [2024-05-07T18:18:01.091-0300] {dagbag.py:540} INFO - Filling up the DagBag from /mnt/c/Users/Tilto/Desktop/Work/Airflow/dags/first_dag.py
[2024-05-07T18:18:01.117-0300] {logging_mixin.py:188} INFO - All Dag modules are ok ......
[2024-05-07T18:18:01.123-0300] {processor.py:840} INFO - DAG(s) 'first_dag' retrieved from /mnt/c/Users/Tilto/Desktop/Work/Airflow/dags/first_dag.py
[2024-05-07T18:18:01.191-0300] {logging_mixin.py:188} INFO - [2024-05-07T18:18:01.191-0300] {dag.py:3096} INFO - Sync 1 DAGs
[2024-05-07T18:18:01.238-0300] {logging_mixin.py:188} INFO - [2024-05-07T18:18:01.238-0300] {dag.py:3954} INFO - Setting next_dagrun for first_dag to None, run_after=None
[2024-05-07T18:18:01.366-0300] {processor.py:183} INFO - Processing /mnt/c/Users/Tilto/Desktop/Work/Airflow/dags/first_dag.py took 0.284 seconds
[2024-05-07T18:18:32.614-0300] {processor.py:161} INFO - Started process (PID=6493) to work on /mnt/c/Users/Tilto/Desktop/Work/Airflow/dags/first_dag.py
[2024-05-07T18:18:32.615-0300] {processor.py:830} INFO - Processing file /mnt/c/Users/Tilto/Desktop/Work/Airflow/dags/first_dag.py for tasks to queue
[2024-05-07T18:18:32.617-0300] {logging_mixin.py:188} INFO - [2024-05-07T18:18:32.616-0300] {dagbag.py:540} INFO - Filling up the DagBag from /mnt/c/Users/Tilto/Desktop/Work/Airflow/dags/first_dag.py
[2024-05-07T18:18:32.635-0300] {logging_mixin.py:188} INFO - All Dag modules are ok ......
[2024-05-07T18:18:32.639-0300] {processor.py:840} INFO - DAG(s) 'first_dag' retrieved from /mnt/c/Users/Tilto/Desktop/Work/Airflow/dags/first_dag.py
[2024-05-07T18:18:32.747-0300] {logging_mixin.py:188} INFO - [2024-05-07T18:18:32.746-0300] {dag.py:3096} INFO - Sync 1 DAGs
[2024-05-07T18:18:32.767-0300] {logging_mixin.py:188} INFO - [2024-05-07T18:18:32.767-0300] {dag.py:3954} INFO - Setting next_dagrun for first_dag to None, run_after=None
[2024-05-07T18:18:32.829-0300] {processor.py:183} INFO - Processing /mnt/c/Users/Tilto/Desktop/Work/Airflow/dags/first_dag.py took 0.220 seconds
[2024-05-07T18:19:03.565-0300] {processor.py:161} INFO - Started process (PID=6622) to work on /mnt/c/Users/Tilto/Desktop/Work/Airflow/dags/first_dag.py
[2024-05-07T18:19:03.567-0300] {processor.py:830} INFO - Processing file /mnt/c/Users/Tilto/Desktop/Work/Airflow/dags/first_dag.py for tasks to queue
[2024-05-07T18:19:03.568-0300] {logging_mixin.py:188} INFO - [2024-05-07T18:19:03.568-0300] {dagbag.py:540} INFO - Filling up the DagBag from /mnt/c/Users/Tilto/Desktop/Work/Airflow/dags/first_dag.py
[2024-05-07T18:19:03.585-0300] {logging_mixin.py:188} INFO - All Dag modules are ok ......
[2024-05-07T18:19:03.589-0300] {processor.py:840} INFO - DAG(s) 'first_dag' retrieved from /mnt/c/Users/Tilto/Desktop/Work/Airflow/dags/first_dag.py
[2024-05-07T18:19:03.621-0300] {logging_mixin.py:188} INFO - [2024-05-07T18:19:03.621-0300] {dag.py:3096} INFO - Sync 1 DAGs
[2024-05-07T18:19:03.645-0300] {logging_mixin.py:188} INFO - [2024-05-07T18:19:03.645-0300] {dag.py:3954} INFO - Setting next_dagrun for first_dag to None, run_after=None
[2024-05-07T18:19:03.701-0300] {processor.py:183} INFO - Processing /mnt/c/Users/Tilto/Desktop/Work/Airflow/dags/first_dag.py took 0.140 seconds
[2024-05-07T18:19:43.411-0300] {processor.py:161} INFO - Started process (PID=6816) to work on /mnt/c/Users/Tilto/Desktop/Work/Airflow/dags/first_dag.py
[2024-05-07T18:19:43.413-0300] {processor.py:830} INFO - Processing file /mnt/c/Users/Tilto/Desktop/Work/Airflow/dags/first_dag.py for tasks to queue
[2024-05-07T18:19:43.415-0300] {logging_mixin.py:188} INFO - [2024-05-07T18:19:43.415-0300] {dagbag.py:540} INFO - Filling up the DagBag from /mnt/c/Users/Tilto/Desktop/Work/Airflow/dags/first_dag.py
[2024-05-07T18:19:43.438-0300] {logging_mixin.py:188} INFO - All Dag modules are ok ......
[2024-05-07T18:19:43.443-0300] {processor.py:840} INFO - DAG(s) 'first_dag' retrieved from /mnt/c/Users/Tilto/Desktop/Work/Airflow/dags/first_dag.py
[2024-05-07T18:19:43.460-0300] {logging_mixin.py:188} INFO - [2024-05-07T18:19:43.459-0300] {dag.py:3096} INFO - Sync 1 DAGs
[2024-05-07T18:19:43.491-0300] {logging_mixin.py:188} INFO - [2024-05-07T18:19:43.491-0300] {dag.py:3954} INFO - Setting next_dagrun for first_dag to None, run_after=None
[2024-05-07T18:19:43.588-0300] {processor.py:183} INFO - Processing /mnt/c/Users/Tilto/Desktop/Work/Airflow/dags/first_dag.py took 0.182 seconds
[2024-05-07T18:20:15.164-0300] {processor.py:161} INFO - Started process (PID=6957) to work on /mnt/c/Users/Tilto/Desktop/Work/Airflow/dags/first_dag.py
[2024-05-07T18:20:15.165-0300] {processor.py:830} INFO - Processing file /mnt/c/Users/Tilto/Desktop/Work/Airflow/dags/first_dag.py for tasks to queue
[2024-05-07T18:20:15.166-0300] {logging_mixin.py:188} INFO - [2024-05-07T18:20:15.166-0300] {dagbag.py:540} INFO - Filling up the DagBag from /mnt/c/Users/Tilto/Desktop/Work/Airflow/dags/first_dag.py
[2024-05-07T18:20:15.183-0300] {logging_mixin.py:188} INFO - All Dag modules are ok ......
[2024-05-07T18:20:15.188-0300] {processor.py:840} INFO - DAG(s) 'first_dag' retrieved from /mnt/c/Users/Tilto/Desktop/Work/Airflow/dags/first_dag.py
[2024-05-07T18:20:15.302-0300] {logging_mixin.py:188} INFO - [2024-05-07T18:20:15.301-0300] {dag.py:3096} INFO - Sync 1 DAGs
[2024-05-07T18:20:15.325-0300] {logging_mixin.py:188} INFO - [2024-05-07T18:20:15.325-0300] {dag.py:3954} INFO - Setting next_dagrun for first_dag to None, run_after=None
[2024-05-07T18:20:15.394-0300] {processor.py:183} INFO - Processing /mnt/c/Users/Tilto/Desktop/Work/Airflow/dags/first_dag.py took 0.235 seconds
[2024-05-07T18:20:46.215-0300] {processor.py:161} INFO - Started process (PID=7092) to work on /mnt/c/Users/Tilto/Desktop/Work/Airflow/dags/first_dag.py
[2024-05-07T18:20:46.216-0300] {processor.py:830} INFO - Processing file /mnt/c/Users/Tilto/Desktop/Work/Airflow/dags/first_dag.py for tasks to queue
[2024-05-07T18:20:46.218-0300] {logging_mixin.py:188} INFO - [2024-05-07T18:20:46.217-0300] {dagbag.py:540} INFO - Filling up the DagBag from /mnt/c/Users/Tilto/Desktop/Work/Airflow/dags/first_dag.py
[2024-05-07T18:20:46.235-0300] {logging_mixin.py:188} INFO - All Dag modules are ok ......
[2024-05-07T18:20:46.240-0300] {processor.py:840} INFO - DAG(s) 'first_dag' retrieved from /mnt/c/Users/Tilto/Desktop/Work/Airflow/dags/first_dag.py
[2024-05-07T18:20:46.275-0300] {logging_mixin.py:188} INFO - [2024-05-07T18:20:46.275-0300] {dag.py:3096} INFO - Sync 1 DAGs
[2024-05-07T18:20:46.303-0300] {logging_mixin.py:188} INFO - [2024-05-07T18:20:46.303-0300] {dag.py:3954} INFO - Setting next_dagrun for first_dag to None, run_after=None
[2024-05-07T18:20:46.447-0300] {processor.py:183} INFO - Processing /mnt/c/Users/Tilto/Desktop/Work/Airflow/dags/first_dag.py took 0.239 seconds
[2024-05-07T18:21:17.581-0300] {processor.py:161} INFO - Started process (PID=7236) to work on /mnt/c/Users/Tilto/Desktop/Work/Airflow/dags/first_dag.py
[2024-05-07T18:21:17.582-0300] {processor.py:830} INFO - Processing file /mnt/c/Users/Tilto/Desktop/Work/Airflow/dags/first_dag.py for tasks to queue
[2024-05-07T18:21:17.584-0300] {logging_mixin.py:188} INFO - [2024-05-07T18:21:17.584-0300] {dagbag.py:540} INFO - Filling up the DagBag from /mnt/c/Users/Tilto/Desktop/Work/Airflow/dags/first_dag.py
[2024-05-07T18:21:17.603-0300] {logging_mixin.py:188} INFO - All Dag modules are ok ......
[2024-05-07T18:21:17.609-0300] {processor.py:840} INFO - DAG(s) 'first_dag' retrieved from /mnt/c/Users/Tilto/Desktop/Work/Airflow/dags/first_dag.py
[2024-05-07T18:21:17.648-0300] {logging_mixin.py:188} INFO - [2024-05-07T18:21:17.648-0300] {dag.py:3096} INFO - Sync 1 DAGs
[2024-05-07T18:21:17.674-0300] {logging_mixin.py:188} INFO - [2024-05-07T18:21:17.674-0300] {dag.py:3954} INFO - Setting next_dagrun for first_dag to None, run_after=None
[2024-05-07T18:21:17.749-0300] {processor.py:183} INFO - Processing /mnt/c/Users/Tilto/Desktop/Work/Airflow/dags/first_dag.py took 0.172 seconds
[2024-05-07T18:48:33.869-0300] {processor.py:161} INFO - Started process (PID=13771) to work on /mnt/c/Users/Tilto/Desktop/Work/Airflow/dags/first_dag.py
[2024-05-07T18:48:33.869-0300] {processor.py:830} INFO - Processing file /mnt/c/Users/Tilto/Desktop/Work/Airflow/dags/first_dag.py for tasks to queue
[2024-05-07T18:48:33.871-0300] {logging_mixin.py:188} INFO - [2024-05-07T18:48:33.870-0300] {dagbag.py:540} INFO - Filling up the DagBag from /mnt/c/Users/Tilto/Desktop/Work/Airflow/dags/first_dag.py
[2024-05-07T18:48:33.885-0300] {logging_mixin.py:188} INFO - All Dag modules are ok ......
[2024-05-07T18:48:33.889-0300] {processor.py:840} INFO - DAG(s) 'first_dag' retrieved from /mnt/c/Users/Tilto/Desktop/Work/Airflow/dags/first_dag.py
[2024-05-07T18:48:33.901-0300] {logging_mixin.py:188} INFO - [2024-05-07T18:48:33.901-0300] {dag.py:3096} INFO - Sync 1 DAGs
[2024-05-07T18:48:33.924-0300] {logging_mixin.py:188} INFO - [2024-05-07T18:48:33.924-0300] {dag.py:3954} INFO - Setting next_dagrun for first_dag to None, run_after=None
[2024-05-07T18:48:33.980-0300] {processor.py:183} INFO - Processing /mnt/c/Users/Tilto/Desktop/Work/Airflow/dags/first_dag.py took 0.116 seconds
[2024-05-07T18:49:05.388-0300] {processor.py:161} INFO - Started process (PID=13910) to work on /mnt/c/Users/Tilto/Desktop/Work/Airflow/dags/first_dag.py
[2024-05-07T18:49:05.389-0300] {processor.py:830} INFO - Processing file /mnt/c/Users/Tilto/Desktop/Work/Airflow/dags/first_dag.py for tasks to queue
[2024-05-07T18:49:05.390-0300] {logging_mixin.py:188} INFO - [2024-05-07T18:49:05.390-0300] {dagbag.py:540} INFO - Filling up the DagBag from /mnt/c/Users/Tilto/Desktop/Work/Airflow/dags/first_dag.py
[2024-05-07T18:49:05.406-0300] {logging_mixin.py:188} INFO - All Dag modules are ok ......
[2024-05-07T18:49:05.410-0300] {processor.py:840} INFO - DAG(s) 'first_dag' retrieved from /mnt/c/Users/Tilto/Desktop/Work/Airflow/dags/first_dag.py
[2024-05-07T18:49:05.519-0300] {logging_mixin.py:188} INFO - [2024-05-07T18:49:05.518-0300] {dag.py:3096} INFO - Sync 1 DAGs
[2024-05-07T18:49:05.539-0300] {logging_mixin.py:188} INFO - [2024-05-07T18:49:05.539-0300] {dag.py:3954} INFO - Setting next_dagrun for first_dag to None, run_after=None
[2024-05-07T18:49:05.605-0300] {processor.py:183} INFO - Processing /mnt/c/Users/Tilto/Desktop/Work/Airflow/dags/first_dag.py took 0.221 seconds
[2024-05-07T18:49:36.238-0300] {processor.py:161} INFO - Started process (PID=14039) to work on /mnt/c/Users/Tilto/Desktop/Work/Airflow/dags/first_dag.py
[2024-05-07T18:49:36.239-0300] {processor.py:830} INFO - Processing file /mnt/c/Users/Tilto/Desktop/Work/Airflow/dags/first_dag.py for tasks to queue
[2024-05-07T18:49:36.241-0300] {logging_mixin.py:188} INFO - [2024-05-07T18:49:36.240-0300] {dagbag.py:540} INFO - Filling up the DagBag from /mnt/c/Users/Tilto/Desktop/Work/Airflow/dags/first_dag.py
[2024-05-07T18:49:36.260-0300] {logging_mixin.py:188} INFO - All Dag modules are ok ......
[2024-05-07T18:49:36.265-0300] {processor.py:840} INFO - DAG(s) 'first_dag' retrieved from /mnt/c/Users/Tilto/Desktop/Work/Airflow/dags/first_dag.py
[2024-05-07T18:49:36.301-0300] {logging_mixin.py:188} INFO - [2024-05-07T18:49:36.301-0300] {dag.py:3096} INFO - Sync 1 DAGs
[2024-05-07T18:49:36.327-0300] {logging_mixin.py:188} INFO - [2024-05-07T18:49:36.327-0300] {dag.py:3954} INFO - Setting next_dagrun for first_dag to None, run_after=None
[2024-05-07T18:49:36.390-0300] {processor.py:183} INFO - Processing /mnt/c/Users/Tilto/Desktop/Work/Airflow/dags/first_dag.py took 0.158 seconds
[2024-05-07T18:50:07.257-0300] {processor.py:161} INFO - Started process (PID=14169) to work on /mnt/c/Users/Tilto/Desktop/Work/Airflow/dags/first_dag.py
[2024-05-07T18:50:07.258-0300] {processor.py:830} INFO - Processing file /mnt/c/Users/Tilto/Desktop/Work/Airflow/dags/first_dag.py for tasks to queue
[2024-05-07T18:50:07.259-0300] {logging_mixin.py:188} INFO - [2024-05-07T18:50:07.259-0300] {dagbag.py:540} INFO - Filling up the DagBag from /mnt/c/Users/Tilto/Desktop/Work/Airflow/dags/first_dag.py
[2024-05-07T18:50:07.276-0300] {logging_mixin.py:188} INFO - All Dag modules are ok ......
[2024-05-07T18:50:07.280-0300] {processor.py:840} INFO - DAG(s) 'first_dag' retrieved from /mnt/c/Users/Tilto/Desktop/Work/Airflow/dags/first_dag.py
[2024-05-07T18:50:07.313-0300] {logging_mixin.py:188} INFO - [2024-05-07T18:50:07.313-0300] {dag.py:3096} INFO - Sync 1 DAGs
[2024-05-07T18:50:07.336-0300] {logging_mixin.py:188} INFO - [2024-05-07T18:50:07.336-0300] {dag.py:3954} INFO - Setting next_dagrun for first_dag to None, run_after=None
[2024-05-07T18:50:07.395-0300] {processor.py:183} INFO - Processing /mnt/c/Users/Tilto/Desktop/Work/Airflow/dags/first_dag.py took 0.142 seconds
[2024-05-07T18:50:38.289-0300] {processor.py:161} INFO - Started process (PID=14303) to work on /mnt/c/Users/Tilto/Desktop/Work/Airflow/dags/first_dag.py
[2024-05-07T18:50:38.290-0300] {processor.py:830} INFO - Processing file /mnt/c/Users/Tilto/Desktop/Work/Airflow/dags/first_dag.py for tasks to queue
[2024-05-07T18:50:38.292-0300] {logging_mixin.py:188} INFO - [2024-05-07T18:50:38.292-0300] {dagbag.py:540} INFO - Filling up the DagBag from /mnt/c/Users/Tilto/Desktop/Work/Airflow/dags/first_dag.py
[2024-05-07T18:50:38.311-0300] {logging_mixin.py:188} INFO - All Dag modules are ok ......
[2024-05-07T18:50:38.316-0300] {processor.py:840} INFO - DAG(s) 'first_dag' retrieved from /mnt/c/Users/Tilto/Desktop/Work/Airflow/dags/first_dag.py
[2024-05-07T18:50:38.362-0300] {logging_mixin.py:188} INFO - [2024-05-07T18:50:38.362-0300] {dag.py:3096} INFO - Sync 1 DAGs
[2024-05-07T18:50:38.384-0300] {logging_mixin.py:188} INFO - [2024-05-07T18:50:38.384-0300] {dag.py:3954} INFO - Setting next_dagrun for first_dag to None, run_after=None
[2024-05-07T18:50:38.442-0300] {processor.py:183} INFO - Processing /mnt/c/Users/Tilto/Desktop/Work/Airflow/dags/first_dag.py took 0.157 seconds
[2024-05-07T18:51:08.833-0300] {processor.py:161} INFO - Started process (PID=14436) to work on /mnt/c/Users/Tilto/Desktop/Work/Airflow/dags/first_dag.py
[2024-05-07T18:51:08.835-0300] {processor.py:830} INFO - Processing file /mnt/c/Users/Tilto/Desktop/Work/Airflow/dags/first_dag.py for tasks to queue
[2024-05-07T18:51:08.836-0300] {logging_mixin.py:188} INFO - [2024-05-07T18:51:08.836-0300] {dagbag.py:540} INFO - Filling up the DagBag from /mnt/c/Users/Tilto/Desktop/Work/Airflow/dags/first_dag.py
[2024-05-07T18:51:08.854-0300] {logging_mixin.py:188} INFO - All Dag modules are ok ......
[2024-05-07T18:51:08.859-0300] {processor.py:840} INFO - DAG(s) 'first_dag' retrieved from /mnt/c/Users/Tilto/Desktop/Work/Airflow/dags/first_dag.py
[2024-05-07T18:51:08.896-0300] {logging_mixin.py:188} INFO - [2024-05-07T18:51:08.896-0300] {dag.py:3096} INFO - Sync 1 DAGs
[2024-05-07T18:51:08.920-0300] {logging_mixin.py:188} INFO - [2024-05-07T18:51:08.920-0300] {dag.py:3954} INFO - Setting next_dagrun for first_dag to None, run_after=None
[2024-05-07T18:51:08.982-0300] {processor.py:183} INFO - Processing /mnt/c/Users/Tilto/Desktop/Work/Airflow/dags/first_dag.py took 0.153 seconds
[2024-05-07T18:51:46.888-0300] {processor.py:161} INFO - Started process (PID=14659) to work on /mnt/c/Users/Tilto/Desktop/Work/Airflow/dags/first_dag.py
[2024-05-07T18:51:46.889-0300] {processor.py:830} INFO - Processing file /mnt/c/Users/Tilto/Desktop/Work/Airflow/dags/first_dag.py for tasks to queue
[2024-05-07T18:51:46.891-0300] {logging_mixin.py:188} INFO - [2024-05-07T18:51:46.891-0300] {dagbag.py:540} INFO - Filling up the DagBag from /mnt/c/Users/Tilto/Desktop/Work/Airflow/dags/first_dag.py
[2024-05-07T18:51:46.911-0300] {logging_mixin.py:188} INFO - All Dag modules are ok ......
[2024-05-07T18:51:46.917-0300] {processor.py:840} INFO - DAG(s) 'first_dag' retrieved from /mnt/c/Users/Tilto/Desktop/Work/Airflow/dags/first_dag.py
[2024-05-07T18:51:46.931-0300] {logging_mixin.py:188} INFO - [2024-05-07T18:51:46.931-0300] {dag.py:3096} INFO - Sync 1 DAGs
[2024-05-07T18:51:46.957-0300] {logging_mixin.py:188} INFO - [2024-05-07T18:51:46.957-0300] {dag.py:3954} INFO - Setting next_dagrun for first_dag to None, run_after=None
[2024-05-07T18:51:47.022-0300] {processor.py:183} INFO - Processing /mnt/c/Users/Tilto/Desktop/Work/Airflow/dags/first_dag.py took 0.141 seconds
[2024-05-07T18:52:18.491-0300] {processor.py:161} INFO - Started process (PID=14810) to work on /mnt/c/Users/Tilto/Desktop/Work/Airflow/dags/first_dag.py
[2024-05-07T18:52:18.492-0300] {processor.py:830} INFO - Processing file /mnt/c/Users/Tilto/Desktop/Work/Airflow/dags/first_dag.py for tasks to queue
[2024-05-07T18:52:18.493-0300] {logging_mixin.py:188} INFO - [2024-05-07T18:52:18.493-0300] {dagbag.py:540} INFO - Filling up the DagBag from /mnt/c/Users/Tilto/Desktop/Work/Airflow/dags/first_dag.py
[2024-05-07T18:52:18.510-0300] {logging_mixin.py:188} INFO - All Dag modules are ok ......
[2024-05-07T18:52:18.514-0300] {processor.py:840} INFO - DAG(s) 'first_dag' retrieved from /mnt/c/Users/Tilto/Desktop/Work/Airflow/dags/first_dag.py
[2024-05-07T18:52:18.641-0300] {logging_mixin.py:188} INFO - [2024-05-07T18:52:18.641-0300] {dag.py:3096} INFO - Sync 1 DAGs
[2024-05-07T18:52:18.666-0300] {logging_mixin.py:188} INFO - [2024-05-07T18:52:18.666-0300] {dag.py:3954} INFO - Setting next_dagrun for first_dag to None, run_after=None
[2024-05-07T18:52:18.729-0300] {processor.py:183} INFO - Processing /mnt/c/Users/Tilto/Desktop/Work/Airflow/dags/first_dag.py took 0.242 seconds
[2024-05-07T18:52:56.086-0300] {processor.py:161} INFO - Started process (PID=15029) to work on /mnt/c/Users/Tilto/Desktop/Work/Airflow/dags/first_dag.py
[2024-05-07T18:52:56.087-0300] {processor.py:830} INFO - Processing file /mnt/c/Users/Tilto/Desktop/Work/Airflow/dags/first_dag.py for tasks to queue
[2024-05-07T18:52:56.089-0300] {logging_mixin.py:188} INFO - [2024-05-07T18:52:56.088-0300] {dagbag.py:540} INFO - Filling up the DagBag from /mnt/c/Users/Tilto/Desktop/Work/Airflow/dags/first_dag.py
[2024-05-07T18:52:56.105-0300] {logging_mixin.py:188} INFO - All Dag modules are ok ......
[2024-05-07T18:52:56.109-0300] {processor.py:840} INFO - DAG(s) 'first_dag' retrieved from /mnt/c/Users/Tilto/Desktop/Work/Airflow/dags/first_dag.py
[2024-05-07T18:52:56.122-0300] {logging_mixin.py:188} INFO - [2024-05-07T18:52:56.121-0300] {dag.py:3096} INFO - Sync 1 DAGs
[2024-05-07T18:52:56.144-0300] {logging_mixin.py:188} INFO - [2024-05-07T18:52:56.144-0300] {dag.py:3954} INFO - Setting next_dagrun for first_dag to None, run_after=None
[2024-05-07T18:52:56.205-0300] {processor.py:183} INFO - Processing /mnt/c/Users/Tilto/Desktop/Work/Airflow/dags/first_dag.py took 0.123 seconds
[2024-05-07T18:53:27.538-0300] {processor.py:161} INFO - Started process (PID=15175) to work on /mnt/c/Users/Tilto/Desktop/Work/Airflow/dags/first_dag.py
[2024-05-07T18:53:27.539-0300] {processor.py:830} INFO - Processing file /mnt/c/Users/Tilto/Desktop/Work/Airflow/dags/first_dag.py for tasks to queue
[2024-05-07T18:53:27.540-0300] {logging_mixin.py:188} INFO - [2024-05-07T18:53:27.540-0300] {dagbag.py:540} INFO - Filling up the DagBag from /mnt/c/Users/Tilto/Desktop/Work/Airflow/dags/first_dag.py
[2024-05-07T18:53:27.557-0300] {logging_mixin.py:188} INFO - All Dag modules are ok ......
[2024-05-07T18:53:27.561-0300] {processor.py:840} INFO - DAG(s) 'first_dag' retrieved from /mnt/c/Users/Tilto/Desktop/Work/Airflow/dags/first_dag.py
[2024-05-07T18:53:27.690-0300] {logging_mixin.py:188} INFO - [2024-05-07T18:53:27.689-0300] {dag.py:3096} INFO - Sync 1 DAGs
[2024-05-07T18:53:27.714-0300] {logging_mixin.py:188} INFO - [2024-05-07T18:53:27.713-0300] {dag.py:3954} INFO - Setting next_dagrun for first_dag to None, run_after=None
[2024-05-07T18:53:27.785-0300] {processor.py:183} INFO - Processing /mnt/c/Users/Tilto/Desktop/Work/Airflow/dags/first_dag.py took 0.251 seconds
[2024-05-07T18:53:58.185-0300] {processor.py:161} INFO - Started process (PID=15336) to work on /mnt/c/Users/Tilto/Desktop/Work/Airflow/dags/first_dag.py
[2024-05-07T18:53:58.186-0300] {processor.py:830} INFO - Processing file /mnt/c/Users/Tilto/Desktop/Work/Airflow/dags/first_dag.py for tasks to queue
[2024-05-07T18:53:58.187-0300] {logging_mixin.py:188} INFO - [2024-05-07T18:53:58.187-0300] {dagbag.py:540} INFO - Filling up the DagBag from /mnt/c/Users/Tilto/Desktop/Work/Airflow/dags/first_dag.py
[2024-05-07T18:53:58.204-0300] {logging_mixin.py:188} INFO - All Dag modules are ok ......
[2024-05-07T18:53:58.208-0300] {processor.py:840} INFO - DAG(s) 'first_dag' retrieved from /mnt/c/Users/Tilto/Desktop/Work/Airflow/dags/first_dag.py
[2024-05-07T18:53:58.243-0300] {logging_mixin.py:188} INFO - [2024-05-07T18:53:58.243-0300] {dag.py:3096} INFO - Sync 1 DAGs
[2024-05-07T18:53:58.265-0300] {logging_mixin.py:188} INFO - [2024-05-07T18:53:58.265-0300] {dag.py:3954} INFO - Setting next_dagrun for first_dag to None, run_after=None
[2024-05-07T18:53:58.323-0300] {processor.py:183} INFO - Processing /mnt/c/Users/Tilto/Desktop/Work/Airflow/dags/first_dag.py took 0.143 seconds
[2024-05-07T18:54:29.264-0300] {processor.py:161} INFO - Started process (PID=15479) to work on /mnt/c/Users/Tilto/Desktop/Work/Airflow/dags/first_dag.py
[2024-05-07T18:54:29.265-0300] {processor.py:830} INFO - Processing file /mnt/c/Users/Tilto/Desktop/Work/Airflow/dags/first_dag.py for tasks to queue
[2024-05-07T18:54:29.266-0300] {logging_mixin.py:188} INFO - [2024-05-07T18:54:29.266-0300] {dagbag.py:540} INFO - Filling up the DagBag from /mnt/c/Users/Tilto/Desktop/Work/Airflow/dags/first_dag.py
[2024-05-07T18:54:29.284-0300] {logging_mixin.py:188} INFO - All Dag modules are ok ......
[2024-05-07T18:54:29.289-0300] {processor.py:840} INFO - DAG(s) 'first_dag' retrieved from /mnt/c/Users/Tilto/Desktop/Work/Airflow/dags/first_dag.py
[2024-05-07T18:54:29.326-0300] {logging_mixin.py:188} INFO - [2024-05-07T18:54:29.325-0300] {dag.py:3096} INFO - Sync 1 DAGs
[2024-05-07T18:54:29.352-0300] {logging_mixin.py:188} INFO - [2024-05-07T18:54:29.352-0300] {dag.py:3954} INFO - Setting next_dagrun for first_dag to None, run_after=None
[2024-05-07T18:54:29.422-0300] {processor.py:183} INFO - Processing /mnt/c/Users/Tilto/Desktop/Work/Airflow/dags/first_dag.py took 0.163 seconds
[2024-05-07T18:55:01.827-0300] {processor.py:161} INFO - Started process (PID=15631) to work on /mnt/c/Users/Tilto/Desktop/Work/Airflow/dags/first_dag.py
[2024-05-07T18:55:01.828-0300] {processor.py:830} INFO - Processing file /mnt/c/Users/Tilto/Desktop/Work/Airflow/dags/first_dag.py for tasks to queue
[2024-05-07T18:55:01.830-0300] {logging_mixin.py:188} INFO - [2024-05-07T18:55:01.829-0300] {dagbag.py:540} INFO - Filling up the DagBag from /mnt/c/Users/Tilto/Desktop/Work/Airflow/dags/first_dag.py
[2024-05-07T18:55:01.847-0300] {logging_mixin.py:188} INFO - All Dag modules are ok ......
[2024-05-07T18:55:01.852-0300] {processor.py:840} INFO - DAG(s) 'first_dag' retrieved from /mnt/c/Users/Tilto/Desktop/Work/Airflow/dags/first_dag.py
[2024-05-07T18:55:01.887-0300] {logging_mixin.py:188} INFO - [2024-05-07T18:55:01.886-0300] {dag.py:3096} INFO - Sync 1 DAGs
[2024-05-07T18:55:01.910-0300] {logging_mixin.py:188} INFO - [2024-05-07T18:55:01.910-0300] {dag.py:3954} INFO - Setting next_dagrun for first_dag to None, run_after=None
[2024-05-07T18:55:01.972-0300] {processor.py:183} INFO - Processing /mnt/c/Users/Tilto/Desktop/Work/Airflow/dags/first_dag.py took 0.149 seconds
[2024-05-07T18:55:32.723-0300] {processor.py:161} INFO - Started process (PID=15772) to work on /mnt/c/Users/Tilto/Desktop/Work/Airflow/dags/first_dag.py
[2024-05-07T18:55:32.730-0300] {processor.py:830} INFO - Processing file /mnt/c/Users/Tilto/Desktop/Work/Airflow/dags/first_dag.py for tasks to queue
[2024-05-07T18:55:32.733-0300] {logging_mixin.py:188} INFO - [2024-05-07T18:55:32.732-0300] {dagbag.py:540} INFO - Filling up the DagBag from /mnt/c/Users/Tilto/Desktop/Work/Airflow/dags/first_dag.py
[2024-05-07T18:55:32.761-0300] {logging_mixin.py:188} INFO - All Dag modules are ok ......
[2024-05-07T18:55:32.767-0300] {processor.py:840} INFO - DAG(s) 'first_dag' retrieved from /mnt/c/Users/Tilto/Desktop/Work/Airflow/dags/first_dag.py
[2024-05-07T18:55:32.813-0300] {logging_mixin.py:188} INFO - [2024-05-07T18:55:32.813-0300] {dag.py:3096} INFO - Sync 1 DAGs
[2024-05-07T18:55:32.843-0300] {logging_mixin.py:188} INFO - [2024-05-07T18:55:32.843-0300] {dag.py:3954} INFO - Setting next_dagrun for first_dag to None, run_after=None
[2024-05-07T18:55:32.911-0300] {processor.py:183} INFO - Processing /mnt/c/Users/Tilto/Desktop/Work/Airflow/dags/first_dag.py took 0.195 seconds
