[2024-05-07T18:03:34.071-0300] {processor.py:161} INFO - Started process (PID=2760) to work on /mnt/c/Users/Tilto/Desktop/Work/Airflow/dags/hook_dag.py
[2024-05-07T18:03:34.072-0300] {processor.py:830} INFO - Processing file /mnt/c/Users/Tilto/Desktop/Work/Airflow/dags/hook_dag.py for tasks to queue
[2024-05-07T18:03:34.073-0300] {logging_mixin.py:188} INFO - [2024-05-07T18:03:34.072-0300] {dagbag.py:540} INFO - Filling up the DagBag from /mnt/c/Users/Tilto/Desktop/Work/Airflow/dags/hook_dag.py
[2024-05-07T18:03:34.087-0300] {processor.py:840} INFO - DAG(s) 'Hook_dag' retrieved from /mnt/c/Users/Tilto/Desktop/Work/Airflow/dags/hook_dag.py
[2024-05-07T18:03:34.303-0300] {logging_mixin.py:188} INFO - [2024-05-07T18:03:34.303-0300] {dag.py:3096} INFO - Sync 1 DAGs
[2024-05-07T18:03:34.323-0300] {logging_mixin.py:188} INFO - [2024-05-07T18:03:34.323-0300] {dag.py:3954} INFO - Setting next_dagrun for Hook_dag to None, run_after=None
[2024-05-07T18:03:34.380-0300] {processor.py:183} INFO - Processing /mnt/c/Users/Tilto/Desktop/Work/Airflow/dags/hook_dag.py took 0.314 seconds
[2024-05-07T18:04:04.500-0300] {processor.py:161} INFO - Started process (PID=2968) to work on /mnt/c/Users/Tilto/Desktop/Work/Airflow/dags/hook_dag.py
[2024-05-07T18:04:04.501-0300] {processor.py:830} INFO - Processing file /mnt/c/Users/Tilto/Desktop/Work/Airflow/dags/hook_dag.py for tasks to queue
[2024-05-07T18:04:04.502-0300] {logging_mixin.py:188} INFO - [2024-05-07T18:04:04.502-0300] {dagbag.py:540} INFO - Filling up the DagBag from /mnt/c/Users/Tilto/Desktop/Work/Airflow/dags/hook_dag.py
[2024-05-07T18:04:04.522-0300] {processor.py:840} INFO - DAG(s) 'Hook_dag' retrieved from /mnt/c/Users/Tilto/Desktop/Work/Airflow/dags/hook_dag.py
[2024-05-07T18:04:04.549-0300] {logging_mixin.py:188} INFO - [2024-05-07T18:04:04.549-0300] {dag.py:3096} INFO - Sync 1 DAGs
[2024-05-07T18:04:04.562-0300] {logging_mixin.py:188} INFO - [2024-05-07T18:04:04.562-0300] {dag.py:3954} INFO - Setting next_dagrun for Hook_dag to None, run_after=None
[2024-05-07T18:04:04.623-0300] {processor.py:183} INFO - Processing /mnt/c/Users/Tilto/Desktop/Work/Airflow/dags/hook_dag.py took 0.128 seconds
[2024-05-07T18:04:35.349-0300] {processor.py:161} INFO - Started process (PID=3097) to work on /mnt/c/Users/Tilto/Desktop/Work/Airflow/dags/hook_dag.py
[2024-05-07T18:04:35.350-0300] {processor.py:830} INFO - Processing file /mnt/c/Users/Tilto/Desktop/Work/Airflow/dags/hook_dag.py for tasks to queue
[2024-05-07T18:04:35.351-0300] {logging_mixin.py:188} INFO - [2024-05-07T18:04:35.351-0300] {dagbag.py:540} INFO - Filling up the DagBag from /mnt/c/Users/Tilto/Desktop/Work/Airflow/dags/hook_dag.py
[2024-05-07T18:04:35.369-0300] {processor.py:840} INFO - DAG(s) 'Hook_dag' retrieved from /mnt/c/Users/Tilto/Desktop/Work/Airflow/dags/hook_dag.py
[2024-05-07T18:04:35.398-0300] {logging_mixin.py:188} INFO - [2024-05-07T18:04:35.397-0300] {dag.py:3096} INFO - Sync 1 DAGs
[2024-05-07T18:04:35.413-0300] {logging_mixin.py:188} INFO - [2024-05-07T18:04:35.413-0300] {dag.py:3954} INFO - Setting next_dagrun for Hook_dag to None, run_after=None
[2024-05-07T18:04:35.587-0300] {processor.py:183} INFO - Processing /mnt/c/Users/Tilto/Desktop/Work/Airflow/dags/hook_dag.py took 0.242 seconds
[2024-05-07T18:05:06.587-0300] {processor.py:161} INFO - Started process (PID=3228) to work on /mnt/c/Users/Tilto/Desktop/Work/Airflow/dags/hook_dag.py
[2024-05-07T18:05:06.588-0300] {processor.py:830} INFO - Processing file /mnt/c/Users/Tilto/Desktop/Work/Airflow/dags/hook_dag.py for tasks to queue
[2024-05-07T18:05:06.589-0300] {logging_mixin.py:188} INFO - [2024-05-07T18:05:06.589-0300] {dagbag.py:540} INFO - Filling up the DagBag from /mnt/c/Users/Tilto/Desktop/Work/Airflow/dags/hook_dag.py
[2024-05-07T18:05:06.607-0300] {processor.py:840} INFO - DAG(s) 'Hook_dag' retrieved from /mnt/c/Users/Tilto/Desktop/Work/Airflow/dags/hook_dag.py
[2024-05-07T18:05:06.634-0300] {logging_mixin.py:188} INFO - [2024-05-07T18:05:06.633-0300] {dag.py:3096} INFO - Sync 1 DAGs
[2024-05-07T18:05:06.715-0300] {logging_mixin.py:188} INFO - [2024-05-07T18:05:06.715-0300] {dag.py:3954} INFO - Setting next_dagrun for Hook_dag to None, run_after=None
[2024-05-07T18:05:06.764-0300] {processor.py:183} INFO - Processing /mnt/c/Users/Tilto/Desktop/Work/Airflow/dags/hook_dag.py took 0.182 seconds
[2024-05-07T18:05:37.671-0300] {processor.py:161} INFO - Started process (PID=3358) to work on /mnt/c/Users/Tilto/Desktop/Work/Airflow/dags/hook_dag.py
[2024-05-07T18:05:37.672-0300] {processor.py:830} INFO - Processing file /mnt/c/Users/Tilto/Desktop/Work/Airflow/dags/hook_dag.py for tasks to queue
[2024-05-07T18:05:37.673-0300] {logging_mixin.py:188} INFO - [2024-05-07T18:05:37.673-0300] {dagbag.py:540} INFO - Filling up the DagBag from /mnt/c/Users/Tilto/Desktop/Work/Airflow/dags/hook_dag.py
[2024-05-07T18:05:37.691-0300] {processor.py:840} INFO - DAG(s) 'Hook_dag' retrieved from /mnt/c/Users/Tilto/Desktop/Work/Airflow/dags/hook_dag.py
[2024-05-07T18:05:37.717-0300] {logging_mixin.py:188} INFO - [2024-05-07T18:05:37.717-0300] {dag.py:3096} INFO - Sync 1 DAGs
[2024-05-07T18:05:37.802-0300] {logging_mixin.py:188} INFO - [2024-05-07T18:05:37.802-0300] {dag.py:3954} INFO - Setting next_dagrun for Hook_dag to None, run_after=None
[2024-05-07T18:05:37.879-0300] {processor.py:183} INFO - Processing /mnt/c/Users/Tilto/Desktop/Work/Airflow/dags/hook_dag.py took 0.213 seconds
[2024-05-07T18:06:08.880-0300] {processor.py:161} INFO - Started process (PID=3490) to work on /mnt/c/Users/Tilto/Desktop/Work/Airflow/dags/hook_dag.py
[2024-05-07T18:06:08.881-0300] {processor.py:830} INFO - Processing file /mnt/c/Users/Tilto/Desktop/Work/Airflow/dags/hook_dag.py for tasks to queue
[2024-05-07T18:06:08.882-0300] {logging_mixin.py:188} INFO - [2024-05-07T18:06:08.881-0300] {dagbag.py:540} INFO - Filling up the DagBag from /mnt/c/Users/Tilto/Desktop/Work/Airflow/dags/hook_dag.py
[2024-05-07T18:06:08.899-0300] {processor.py:840} INFO - DAG(s) 'Hook_dag' retrieved from /mnt/c/Users/Tilto/Desktop/Work/Airflow/dags/hook_dag.py
[2024-05-07T18:06:08.994-0300] {logging_mixin.py:188} INFO - [2024-05-07T18:06:08.994-0300] {dag.py:3096} INFO - Sync 1 DAGs
[2024-05-07T18:06:09.005-0300] {logging_mixin.py:188} INFO - [2024-05-07T18:06:09.005-0300] {dag.py:3954} INFO - Setting next_dagrun for Hook_dag to None, run_after=None
[2024-05-07T18:06:09.062-0300] {processor.py:183} INFO - Processing /mnt/c/Users/Tilto/Desktop/Work/Airflow/dags/hook_dag.py took 0.187 seconds
[2024-05-07T18:17:56.070-0300] {processor.py:161} INFO - Started process (PID=6328) to work on /mnt/c/Users/Tilto/Desktop/Work/Airflow/dags/hook_dag.py
[2024-05-07T18:17:56.072-0300] {processor.py:830} INFO - Processing file /mnt/c/Users/Tilto/Desktop/Work/Airflow/dags/hook_dag.py for tasks to queue
[2024-05-07T18:17:56.073-0300] {logging_mixin.py:188} INFO - [2024-05-07T18:17:56.073-0300] {dagbag.py:540} INFO - Filling up the DagBag from /mnt/c/Users/Tilto/Desktop/Work/Airflow/dags/hook_dag.py
[2024-05-07T18:17:56.097-0300] {processor.py:840} INFO - DAG(s) 'Hook_dag' retrieved from /mnt/c/Users/Tilto/Desktop/Work/Airflow/dags/hook_dag.py
[2024-05-07T18:17:56.111-0300] {logging_mixin.py:188} INFO - [2024-05-07T18:17:56.111-0300] {dag.py:3096} INFO - Sync 1 DAGs
[2024-05-07T18:17:56.125-0300] {logging_mixin.py:188} INFO - [2024-05-07T18:17:56.124-0300] {dag.py:3954} INFO - Setting next_dagrun for Hook_dag to None, run_after=None
[2024-05-07T18:17:56.186-0300] {processor.py:183} INFO - Processing /mnt/c/Users/Tilto/Desktop/Work/Airflow/dags/hook_dag.py took 0.121 seconds
[2024-05-07T18:18:26.852-0300] {processor.py:161} INFO - Started process (PID=6466) to work on /mnt/c/Users/Tilto/Desktop/Work/Airflow/dags/hook_dag.py
[2024-05-07T18:18:26.853-0300] {processor.py:830} INFO - Processing file /mnt/c/Users/Tilto/Desktop/Work/Airflow/dags/hook_dag.py for tasks to queue
[2024-05-07T18:18:26.855-0300] {logging_mixin.py:188} INFO - [2024-05-07T18:18:26.855-0300] {dagbag.py:540} INFO - Filling up the DagBag from /mnt/c/Users/Tilto/Desktop/Work/Airflow/dags/hook_dag.py
[2024-05-07T18:18:26.876-0300] {processor.py:840} INFO - DAG(s) 'Hook_dag' retrieved from /mnt/c/Users/Tilto/Desktop/Work/Airflow/dags/hook_dag.py
[2024-05-07T18:18:26.980-0300] {logging_mixin.py:188} INFO - [2024-05-07T18:18:26.980-0300] {dag.py:3096} INFO - Sync 1 DAGs
[2024-05-07T18:18:26.992-0300] {logging_mixin.py:188} INFO - [2024-05-07T18:18:26.992-0300] {dag.py:3954} INFO - Setting next_dagrun for Hook_dag to None, run_after=None
[2024-05-07T18:18:27.086-0300] {processor.py:183} INFO - Processing /mnt/c/Users/Tilto/Desktop/Work/Airflow/dags/hook_dag.py took 0.239 seconds
[2024-05-07T18:18:57.198-0300] {processor.py:161} INFO - Started process (PID=6593) to work on /mnt/c/Users/Tilto/Desktop/Work/Airflow/dags/hook_dag.py
[2024-05-07T18:18:57.200-0300] {processor.py:830} INFO - Processing file /mnt/c/Users/Tilto/Desktop/Work/Airflow/dags/hook_dag.py for tasks to queue
[2024-05-07T18:18:57.201-0300] {logging_mixin.py:188} INFO - [2024-05-07T18:18:57.201-0300] {dagbag.py:540} INFO - Filling up the DagBag from /mnt/c/Users/Tilto/Desktop/Work/Airflow/dags/hook_dag.py
[2024-05-07T18:18:57.221-0300] {processor.py:840} INFO - DAG(s) 'Hook_dag' retrieved from /mnt/c/Users/Tilto/Desktop/Work/Airflow/dags/hook_dag.py
[2024-05-07T18:18:57.246-0300] {logging_mixin.py:188} INFO - [2024-05-07T18:18:57.245-0300] {dag.py:3096} INFO - Sync 1 DAGs
[2024-05-07T18:18:57.260-0300] {logging_mixin.py:188} INFO - [2024-05-07T18:18:57.260-0300] {dag.py:3954} INFO - Setting next_dagrun for Hook_dag to None, run_after=None
[2024-05-07T18:18:57.319-0300] {processor.py:183} INFO - Processing /mnt/c/Users/Tilto/Desktop/Work/Airflow/dags/hook_dag.py took 0.125 seconds
[2024-05-07T18:19:38.519-0300] {processor.py:161} INFO - Started process (PID=6785) to work on /mnt/c/Users/Tilto/Desktop/Work/Airflow/dags/hook_dag.py
[2024-05-07T18:19:38.520-0300] {processor.py:830} INFO - Processing file /mnt/c/Users/Tilto/Desktop/Work/Airflow/dags/hook_dag.py for tasks to queue
[2024-05-07T18:19:38.522-0300] {logging_mixin.py:188} INFO - [2024-05-07T18:19:38.521-0300] {dagbag.py:540} INFO - Filling up the DagBag from /mnt/c/Users/Tilto/Desktop/Work/Airflow/dags/hook_dag.py
[2024-05-07T18:19:38.549-0300] {processor.py:840} INFO - DAG(s) 'Hook_dag' retrieved from /mnt/c/Users/Tilto/Desktop/Work/Airflow/dags/hook_dag.py
[2024-05-07T18:19:38.563-0300] {logging_mixin.py:188} INFO - [2024-05-07T18:19:38.563-0300] {dag.py:3096} INFO - Sync 1 DAGs
[2024-05-07T18:19:38.577-0300] {logging_mixin.py:188} INFO - [2024-05-07T18:19:38.577-0300] {dag.py:3954} INFO - Setting next_dagrun for Hook_dag to None, run_after=None
[2024-05-07T18:19:38.641-0300] {processor.py:183} INFO - Processing /mnt/c/Users/Tilto/Desktop/Work/Airflow/dags/hook_dag.py took 0.128 seconds
[2024-05-07T18:20:09.700-0300] {processor.py:161} INFO - Started process (PID=6931) to work on /mnt/c/Users/Tilto/Desktop/Work/Airflow/dags/hook_dag.py
[2024-05-07T18:20:09.701-0300] {processor.py:830} INFO - Processing file /mnt/c/Users/Tilto/Desktop/Work/Airflow/dags/hook_dag.py for tasks to queue
[2024-05-07T18:20:09.702-0300] {logging_mixin.py:188} INFO - [2024-05-07T18:20:09.702-0300] {dagbag.py:540} INFO - Filling up the DagBag from /mnt/c/Users/Tilto/Desktop/Work/Airflow/dags/hook_dag.py
[2024-05-07T18:20:09.726-0300] {processor.py:840} INFO - DAG(s) 'Hook_dag' retrieved from /mnt/c/Users/Tilto/Desktop/Work/Airflow/dags/hook_dag.py
[2024-05-07T18:20:09.835-0300] {logging_mixin.py:188} INFO - [2024-05-07T18:20:09.835-0300] {dag.py:3096} INFO - Sync 1 DAGs
[2024-05-07T18:20:09.848-0300] {logging_mixin.py:188} INFO - [2024-05-07T18:20:09.848-0300] {dag.py:3954} INFO - Setting next_dagrun for Hook_dag to None, run_after=None
[2024-05-07T18:20:09.902-0300] {processor.py:183} INFO - Processing /mnt/c/Users/Tilto/Desktop/Work/Airflow/dags/hook_dag.py took 0.209 seconds
[2024-05-07T18:20:40.884-0300] {processor.py:161} INFO - Started process (PID=7065) to work on /mnt/c/Users/Tilto/Desktop/Work/Airflow/dags/hook_dag.py
[2024-05-07T18:20:40.885-0300] {processor.py:830} INFO - Processing file /mnt/c/Users/Tilto/Desktop/Work/Airflow/dags/hook_dag.py for tasks to queue
[2024-05-07T18:20:40.887-0300] {logging_mixin.py:188} INFO - [2024-05-07T18:20:40.886-0300] {dagbag.py:540} INFO - Filling up the DagBag from /mnt/c/Users/Tilto/Desktop/Work/Airflow/dags/hook_dag.py
[2024-05-07T18:20:40.907-0300] {processor.py:840} INFO - DAG(s) 'Hook_dag' retrieved from /mnt/c/Users/Tilto/Desktop/Work/Airflow/dags/hook_dag.py
[2024-05-07T18:20:40.934-0300] {logging_mixin.py:188} INFO - [2024-05-07T18:20:40.934-0300] {dag.py:3096} INFO - Sync 1 DAGs
[2024-05-07T18:20:40.948-0300] {logging_mixin.py:188} INFO - [2024-05-07T18:20:40.947-0300] {dag.py:3954} INFO - Setting next_dagrun for Hook_dag to None, run_after=None
[2024-05-07T18:20:41.009-0300] {processor.py:183} INFO - Processing /mnt/c/Users/Tilto/Desktop/Work/Airflow/dags/hook_dag.py took 0.129 seconds
[2024-05-07T18:21:11.440-0300] {processor.py:161} INFO - Started process (PID=7208) to work on /mnt/c/Users/Tilto/Desktop/Work/Airflow/dags/hook_dag.py
[2024-05-07T18:21:11.441-0300] {processor.py:830} INFO - Processing file /mnt/c/Users/Tilto/Desktop/Work/Airflow/dags/hook_dag.py for tasks to queue
[2024-05-07T18:21:11.443-0300] {logging_mixin.py:188} INFO - [2024-05-07T18:21:11.443-0300] {dagbag.py:540} INFO - Filling up the DagBag from /mnt/c/Users/Tilto/Desktop/Work/Airflow/dags/hook_dag.py
[2024-05-07T18:21:11.464-0300] {processor.py:840} INFO - DAG(s) 'Hook_dag' retrieved from /mnt/c/Users/Tilto/Desktop/Work/Airflow/dags/hook_dag.py
[2024-05-07T18:21:11.494-0300] {logging_mixin.py:188} INFO - [2024-05-07T18:21:11.494-0300] {dag.py:3096} INFO - Sync 1 DAGs
[2024-05-07T18:21:11.509-0300] {logging_mixin.py:188} INFO - [2024-05-07T18:21:11.509-0300] {dag.py:3954} INFO - Setting next_dagrun for Hook_dag to None, run_after=None
[2024-05-07T18:21:11.581-0300] {processor.py:183} INFO - Processing /mnt/c/Users/Tilto/Desktop/Work/Airflow/dags/hook_dag.py took 0.145 seconds
[2024-05-07T18:48:29.138-0300] {processor.py:161} INFO - Started process (PID=13745) to work on /mnt/c/Users/Tilto/Desktop/Work/Airflow/dags/hook_dag.py
[2024-05-07T18:48:29.139-0300] {processor.py:830} INFO - Processing file /mnt/c/Users/Tilto/Desktop/Work/Airflow/dags/hook_dag.py for tasks to queue
[2024-05-07T18:48:29.140-0300] {logging_mixin.py:188} INFO - [2024-05-07T18:48:29.140-0300] {dagbag.py:540} INFO - Filling up the DagBag from /mnt/c/Users/Tilto/Desktop/Work/Airflow/dags/hook_dag.py
[2024-05-07T18:48:29.162-0300] {processor.py:840} INFO - DAG(s) 'Hook_dag' retrieved from /mnt/c/Users/Tilto/Desktop/Work/Airflow/dags/hook_dag.py
[2024-05-07T18:48:29.174-0300] {logging_mixin.py:188} INFO - [2024-05-07T18:48:29.174-0300] {dag.py:3096} INFO - Sync 1 DAGs
[2024-05-07T18:48:29.187-0300] {logging_mixin.py:188} INFO - [2024-05-07T18:48:29.187-0300] {dag.py:3954} INFO - Setting next_dagrun for Hook_dag to None, run_after=None
[2024-05-07T18:48:29.244-0300] {processor.py:183} INFO - Processing /mnt/c/Users/Tilto/Desktop/Work/Airflow/dags/hook_dag.py took 0.111 seconds
[2024-05-07T18:48:59.883-0300] {processor.py:161} INFO - Started process (PID=13884) to work on /mnt/c/Users/Tilto/Desktop/Work/Airflow/dags/hook_dag.py
[2024-05-07T18:48:59.883-0300] {processor.py:830} INFO - Processing file /mnt/c/Users/Tilto/Desktop/Work/Airflow/dags/hook_dag.py for tasks to queue
[2024-05-07T18:48:59.885-0300] {logging_mixin.py:188} INFO - [2024-05-07T18:48:59.885-0300] {dagbag.py:540} INFO - Filling up the DagBag from /mnt/c/Users/Tilto/Desktop/Work/Airflow/dags/hook_dag.py
[2024-05-07T18:48:59.905-0300] {processor.py:840} INFO - DAG(s) 'Hook_dag' retrieved from /mnt/c/Users/Tilto/Desktop/Work/Airflow/dags/hook_dag.py
[2024-05-07T18:49:00.007-0300] {logging_mixin.py:188} INFO - [2024-05-07T18:49:00.007-0300] {dag.py:3096} INFO - Sync 1 DAGs
[2024-05-07T18:49:00.019-0300] {logging_mixin.py:188} INFO - [2024-05-07T18:49:00.019-0300] {dag.py:3954} INFO - Setting next_dagrun for Hook_dag to None, run_after=None
[2024-05-07T18:49:00.080-0300] {processor.py:183} INFO - Processing /mnt/c/Users/Tilto/Desktop/Work/Airflow/dags/hook_dag.py took 0.202 seconds
[2024-05-07T18:49:30.885-0300] {processor.py:161} INFO - Started process (PID=14014) to work on /mnt/c/Users/Tilto/Desktop/Work/Airflow/dags/hook_dag.py
[2024-05-07T18:49:30.886-0300] {processor.py:830} INFO - Processing file /mnt/c/Users/Tilto/Desktop/Work/Airflow/dags/hook_dag.py for tasks to queue
[2024-05-07T18:49:30.887-0300] {logging_mixin.py:188} INFO - [2024-05-07T18:49:30.887-0300] {dagbag.py:540} INFO - Filling up the DagBag from /mnt/c/Users/Tilto/Desktop/Work/Airflow/dags/hook_dag.py
[2024-05-07T18:49:30.907-0300] {processor.py:840} INFO - DAG(s) 'Hook_dag' retrieved from /mnt/c/Users/Tilto/Desktop/Work/Airflow/dags/hook_dag.py
[2024-05-07T18:49:30.932-0300] {logging_mixin.py:188} INFO - [2024-05-07T18:49:30.931-0300] {dag.py:3096} INFO - Sync 1 DAGs
[2024-05-07T18:49:30.945-0300] {logging_mixin.py:188} INFO - [2024-05-07T18:49:30.945-0300] {dag.py:3954} INFO - Setting next_dagrun for Hook_dag to None, run_after=None
[2024-05-07T18:49:31.002-0300] {processor.py:183} INFO - Processing /mnt/c/Users/Tilto/Desktop/Work/Airflow/dags/hook_dag.py took 0.121 seconds
[2024-05-07T18:50:02.127-0300] {processor.py:161} INFO - Started process (PID=14145) to work on /mnt/c/Users/Tilto/Desktop/Work/Airflow/dags/hook_dag.py
[2024-05-07T18:50:02.128-0300] {processor.py:830} INFO - Processing file /mnt/c/Users/Tilto/Desktop/Work/Airflow/dags/hook_dag.py for tasks to queue
[2024-05-07T18:50:02.130-0300] {logging_mixin.py:188} INFO - [2024-05-07T18:50:02.130-0300] {dagbag.py:540} INFO - Filling up the DagBag from /mnt/c/Users/Tilto/Desktop/Work/Airflow/dags/hook_dag.py
[2024-05-07T18:50:02.159-0300] {processor.py:840} INFO - DAG(s) 'Hook_dag' retrieved from /mnt/c/Users/Tilto/Desktop/Work/Airflow/dags/hook_dag.py
[2024-05-07T18:50:02.192-0300] {logging_mixin.py:188} INFO - [2024-05-07T18:50:02.192-0300] {dag.py:3096} INFO - Sync 1 DAGs
[2024-05-07T18:50:02.204-0300] {logging_mixin.py:188} INFO - [2024-05-07T18:50:02.204-0300] {dag.py:3954} INFO - Setting next_dagrun for Hook_dag to None, run_after=None
[2024-05-07T18:50:02.270-0300] {processor.py:183} INFO - Processing /mnt/c/Users/Tilto/Desktop/Work/Airflow/dags/hook_dag.py took 0.149 seconds
[2024-05-07T18:50:32.921-0300] {processor.py:161} INFO - Started process (PID=14278) to work on /mnt/c/Users/Tilto/Desktop/Work/Airflow/dags/hook_dag.py
[2024-05-07T18:50:32.922-0300] {processor.py:830} INFO - Processing file /mnt/c/Users/Tilto/Desktop/Work/Airflow/dags/hook_dag.py for tasks to queue
[2024-05-07T18:50:32.924-0300] {logging_mixin.py:188} INFO - [2024-05-07T18:50:32.924-0300] {dagbag.py:540} INFO - Filling up the DagBag from /mnt/c/Users/Tilto/Desktop/Work/Airflow/dags/hook_dag.py
[2024-05-07T18:50:32.947-0300] {processor.py:840} INFO - DAG(s) 'Hook_dag' retrieved from /mnt/c/Users/Tilto/Desktop/Work/Airflow/dags/hook_dag.py
[2024-05-07T18:50:32.975-0300] {logging_mixin.py:188} INFO - [2024-05-07T18:50:32.975-0300] {dag.py:3096} INFO - Sync 1 DAGs
[2024-05-07T18:50:32.987-0300] {logging_mixin.py:188} INFO - [2024-05-07T18:50:32.987-0300] {dag.py:3954} INFO - Setting next_dagrun for Hook_dag to None, run_after=None
[2024-05-07T18:50:33.049-0300] {processor.py:183} INFO - Processing /mnt/c/Users/Tilto/Desktop/Work/Airflow/dags/hook_dag.py took 0.135 seconds
[2024-05-07T18:51:03.926-0300] {processor.py:161} INFO - Started process (PID=14411) to work on /mnt/c/Users/Tilto/Desktop/Work/Airflow/dags/hook_dag.py
[2024-05-07T18:51:03.927-0300] {processor.py:830} INFO - Processing file /mnt/c/Users/Tilto/Desktop/Work/Airflow/dags/hook_dag.py for tasks to queue
[2024-05-07T18:51:03.929-0300] {logging_mixin.py:188} INFO - [2024-05-07T18:51:03.928-0300] {dagbag.py:540} INFO - Filling up the DagBag from /mnt/c/Users/Tilto/Desktop/Work/Airflow/dags/hook_dag.py
[2024-05-07T18:51:03.949-0300] {processor.py:840} INFO - DAG(s) 'Hook_dag' retrieved from /mnt/c/Users/Tilto/Desktop/Work/Airflow/dags/hook_dag.py
[2024-05-07T18:51:03.976-0300] {logging_mixin.py:188} INFO - [2024-05-07T18:51:03.976-0300] {dag.py:3096} INFO - Sync 1 DAGs
[2024-05-07T18:51:03.988-0300] {logging_mixin.py:188} INFO - [2024-05-07T18:51:03.987-0300] {dag.py:3954} INFO - Setting next_dagrun for Hook_dag to None, run_after=None
[2024-05-07T18:51:04.050-0300] {processor.py:183} INFO - Processing /mnt/c/Users/Tilto/Desktop/Work/Airflow/dags/hook_dag.py took 0.127 seconds
[2024-05-07T18:51:41.368-0300] {processor.py:161} INFO - Started process (PID=14629) to work on /mnt/c/Users/Tilto/Desktop/Work/Airflow/dags/hook_dag.py
[2024-05-07T18:51:41.369-0300] {processor.py:830} INFO - Processing file /mnt/c/Users/Tilto/Desktop/Work/Airflow/dags/hook_dag.py for tasks to queue
[2024-05-07T18:51:41.371-0300] {logging_mixin.py:188} INFO - [2024-05-07T18:51:41.370-0300] {dagbag.py:540} INFO - Filling up the DagBag from /mnt/c/Users/Tilto/Desktop/Work/Airflow/dags/hook_dag.py
[2024-05-07T18:51:41.393-0300] {processor.py:840} INFO - DAG(s) 'Hook_dag' retrieved from /mnt/c/Users/Tilto/Desktop/Work/Airflow/dags/hook_dag.py
[2024-05-07T18:51:41.407-0300] {logging_mixin.py:188} INFO - [2024-05-07T18:51:41.407-0300] {dag.py:3096} INFO - Sync 1 DAGs
[2024-05-07T18:51:41.467-0300] {logging_mixin.py:188} INFO - [2024-05-07T18:51:41.466-0300] {dag.py:3954} INFO - Setting next_dagrun for Hook_dag to None, run_after=None
[2024-05-07T18:51:41.721-0300] {processor.py:183} INFO - Processing /mnt/c/Users/Tilto/Desktop/Work/Airflow/dags/hook_dag.py took 0.357 seconds
[2024-05-07T18:52:13.129-0300] {processor.py:161} INFO - Started process (PID=14785) to work on /mnt/c/Users/Tilto/Desktop/Work/Airflow/dags/hook_dag.py
[2024-05-07T18:52:13.130-0300] {processor.py:830} INFO - Processing file /mnt/c/Users/Tilto/Desktop/Work/Airflow/dags/hook_dag.py for tasks to queue
[2024-05-07T18:52:13.132-0300] {logging_mixin.py:188} INFO - [2024-05-07T18:52:13.132-0300] {dagbag.py:540} INFO - Filling up the DagBag from /mnt/c/Users/Tilto/Desktop/Work/Airflow/dags/hook_dag.py
[2024-05-07T18:52:13.155-0300] {processor.py:840} INFO - DAG(s) 'Hook_dag' retrieved from /mnt/c/Users/Tilto/Desktop/Work/Airflow/dags/hook_dag.py
[2024-05-07T18:52:13.264-0300] {logging_mixin.py:188} INFO - [2024-05-07T18:52:13.263-0300] {dag.py:3096} INFO - Sync 1 DAGs
[2024-05-07T18:52:13.276-0300] {logging_mixin.py:188} INFO - [2024-05-07T18:52:13.276-0300] {dag.py:3954} INFO - Setting next_dagrun for Hook_dag to None, run_after=None
[2024-05-07T18:52:13.408-0300] {processor.py:183} INFO - Processing /mnt/c/Users/Tilto/Desktop/Work/Airflow/dags/hook_dag.py took 0.283 seconds
[2024-05-07T18:52:50.671-0300] {processor.py:161} INFO - Started process (PID=14999) to work on /mnt/c/Users/Tilto/Desktop/Work/Airflow/dags/hook_dag.py
[2024-05-07T18:52:50.672-0300] {processor.py:830} INFO - Processing file /mnt/c/Users/Tilto/Desktop/Work/Airflow/dags/hook_dag.py for tasks to queue
[2024-05-07T18:52:50.673-0300] {logging_mixin.py:188} INFO - [2024-05-07T18:52:50.673-0300] {dagbag.py:540} INFO - Filling up the DagBag from /mnt/c/Users/Tilto/Desktop/Work/Airflow/dags/hook_dag.py
[2024-05-07T18:52:50.695-0300] {processor.py:840} INFO - DAG(s) 'Hook_dag' retrieved from /mnt/c/Users/Tilto/Desktop/Work/Airflow/dags/hook_dag.py
[2024-05-07T18:52:50.707-0300] {logging_mixin.py:188} INFO - [2024-05-07T18:52:50.707-0300] {dag.py:3096} INFO - Sync 1 DAGs
[2024-05-07T18:52:50.719-0300] {logging_mixin.py:188} INFO - [2024-05-07T18:52:50.719-0300] {dag.py:3954} INFO - Setting next_dagrun for Hook_dag to None, run_after=None
[2024-05-07T18:52:50.775-0300] {processor.py:183} INFO - Processing /mnt/c/Users/Tilto/Desktop/Work/Airflow/dags/hook_dag.py took 0.108 seconds
[2024-05-07T18:53:22.336-0300] {processor.py:161} INFO - Started process (PID=15150) to work on /mnt/c/Users/Tilto/Desktop/Work/Airflow/dags/hook_dag.py
[2024-05-07T18:53:22.337-0300] {processor.py:830} INFO - Processing file /mnt/c/Users/Tilto/Desktop/Work/Airflow/dags/hook_dag.py for tasks to queue
[2024-05-07T18:53:22.338-0300] {logging_mixin.py:188} INFO - [2024-05-07T18:53:22.338-0300] {dagbag.py:540} INFO - Filling up the DagBag from /mnt/c/Users/Tilto/Desktop/Work/Airflow/dags/hook_dag.py
[2024-05-07T18:53:22.359-0300] {processor.py:840} INFO - DAG(s) 'Hook_dag' retrieved from /mnt/c/Users/Tilto/Desktop/Work/Airflow/dags/hook_dag.py
[2024-05-07T18:53:22.476-0300] {logging_mixin.py:188} INFO - [2024-05-07T18:53:22.476-0300] {dag.py:3096} INFO - Sync 1 DAGs
[2024-05-07T18:53:22.487-0300] {logging_mixin.py:188} INFO - [2024-05-07T18:53:22.487-0300] {dag.py:3954} INFO - Setting next_dagrun for Hook_dag to None, run_after=None
[2024-05-07T18:53:22.550-0300] {processor.py:183} INFO - Processing /mnt/c/Users/Tilto/Desktop/Work/Airflow/dags/hook_dag.py took 0.218 seconds
[2024-05-07T18:53:52.986-0300] {processor.py:161} INFO - Started process (PID=15309) to work on /mnt/c/Users/Tilto/Desktop/Work/Airflow/dags/hook_dag.py
[2024-05-07T18:53:52.987-0300] {processor.py:830} INFO - Processing file /mnt/c/Users/Tilto/Desktop/Work/Airflow/dags/hook_dag.py for tasks to queue
[2024-05-07T18:53:52.989-0300] {logging_mixin.py:188} INFO - [2024-05-07T18:53:52.988-0300] {dagbag.py:540} INFO - Filling up the DagBag from /mnt/c/Users/Tilto/Desktop/Work/Airflow/dags/hook_dag.py
[2024-05-07T18:53:53.009-0300] {processor.py:840} INFO - DAG(s) 'Hook_dag' retrieved from /mnt/c/Users/Tilto/Desktop/Work/Airflow/dags/hook_dag.py
[2024-05-07T18:53:53.035-0300] {logging_mixin.py:188} INFO - [2024-05-07T18:53:53.034-0300] {dag.py:3096} INFO - Sync 1 DAGs
[2024-05-07T18:53:53.048-0300] {logging_mixin.py:188} INFO - [2024-05-07T18:53:53.048-0300] {dag.py:3954} INFO - Setting next_dagrun for Hook_dag to None, run_after=None
[2024-05-07T18:53:53.168-0300] {processor.py:183} INFO - Processing /mnt/c/Users/Tilto/Desktop/Work/Airflow/dags/hook_dag.py took 0.186 seconds
[2024-05-07T18:54:25.245-0300] {processor.py:161} INFO - Started process (PID=15460) to work on /mnt/c/Users/Tilto/Desktop/Work/Airflow/dags/hook_dag.py
[2024-05-07T18:54:25.246-0300] {processor.py:830} INFO - Processing file /mnt/c/Users/Tilto/Desktop/Work/Airflow/dags/hook_dag.py for tasks to queue
[2024-05-07T18:54:25.247-0300] {logging_mixin.py:188} INFO - [2024-05-07T18:54:25.247-0300] {dagbag.py:540} INFO - Filling up the DagBag from /mnt/c/Users/Tilto/Desktop/Work/Airflow/dags/hook_dag.py
[2024-05-07T18:54:25.263-0300] {processor.py:840} INFO - DAG(s) 'Hook_dag' retrieved from /mnt/c/Users/Tilto/Desktop/Work/Airflow/dags/hook_dag.py
[2024-05-07T18:54:25.286-0300] {logging_mixin.py:188} INFO - [2024-05-07T18:54:25.286-0300] {dag.py:3096} INFO - Sync 1 DAGs
[2024-05-07T18:54:25.298-0300] {logging_mixin.py:188} INFO - [2024-05-07T18:54:25.297-0300] {dag.py:3954} INFO - Setting next_dagrun for Hook_dag to None, run_after=None
[2024-05-07T18:54:25.346-0300] {processor.py:183} INFO - Processing /mnt/c/Users/Tilto/Desktop/Work/Airflow/dags/hook_dag.py took 0.105 seconds
[2024-05-07T18:54:56.515-0300] {processor.py:161} INFO - Started process (PID=15606) to work on /mnt/c/Users/Tilto/Desktop/Work/Airflow/dags/hook_dag.py
[2024-05-07T18:54:56.516-0300] {processor.py:830} INFO - Processing file /mnt/c/Users/Tilto/Desktop/Work/Airflow/dags/hook_dag.py for tasks to queue
[2024-05-07T18:54:56.518-0300] {logging_mixin.py:188} INFO - [2024-05-07T18:54:56.517-0300] {dagbag.py:540} INFO - Filling up the DagBag from /mnt/c/Users/Tilto/Desktop/Work/Airflow/dags/hook_dag.py
[2024-05-07T18:54:56.539-0300] {processor.py:840} INFO - DAG(s) 'Hook_dag' retrieved from /mnt/c/Users/Tilto/Desktop/Work/Airflow/dags/hook_dag.py
[2024-05-07T18:54:56.566-0300] {logging_mixin.py:188} INFO - [2024-05-07T18:54:56.566-0300] {dag.py:3096} INFO - Sync 1 DAGs
[2024-05-07T18:54:56.580-0300] {logging_mixin.py:188} INFO - [2024-05-07T18:54:56.579-0300] {dag.py:3954} INFO - Setting next_dagrun for Hook_dag to None, run_after=None
[2024-05-07T18:54:56.660-0300] {processor.py:183} INFO - Processing /mnt/c/Users/Tilto/Desktop/Work/Airflow/dags/hook_dag.py took 0.150 seconds
[2024-05-07T18:55:27.611-0300] {processor.py:161} INFO - Started process (PID=15748) to work on /mnt/c/Users/Tilto/Desktop/Work/Airflow/dags/hook_dag.py
[2024-05-07T18:55:27.612-0300] {processor.py:830} INFO - Processing file /mnt/c/Users/Tilto/Desktop/Work/Airflow/dags/hook_dag.py for tasks to queue
[2024-05-07T18:55:27.614-0300] {logging_mixin.py:188} INFO - [2024-05-07T18:55:27.614-0300] {dagbag.py:540} INFO - Filling up the DagBag from /mnt/c/Users/Tilto/Desktop/Work/Airflow/dags/hook_dag.py
[2024-05-07T18:55:27.640-0300] {processor.py:840} INFO - DAG(s) 'Hook_dag' retrieved from /mnt/c/Users/Tilto/Desktop/Work/Airflow/dags/hook_dag.py
[2024-05-07T18:55:27.673-0300] {logging_mixin.py:188} INFO - [2024-05-07T18:55:27.673-0300] {dag.py:3096} INFO - Sync 1 DAGs
[2024-05-07T18:55:27.689-0300] {logging_mixin.py:188} INFO - [2024-05-07T18:55:27.688-0300] {dag.py:3954} INFO - Setting next_dagrun for Hook_dag to None, run_after=None
[2024-05-07T18:55:27.801-0300] {processor.py:183} INFO - Processing /mnt/c/Users/Tilto/Desktop/Work/Airflow/dags/hook_dag.py took 0.195 seconds
