[2024-05-07T18:03:35.632-0300] {processor.py:161} INFO - Started process (PID=2767) to work on /mnt/c/Users/Tilto/Desktop/Work/Airflow/dags/Operator_dag.py
[2024-05-07T18:03:35.633-0300] {processor.py:830} INFO - Processing file /mnt/c/Users/Tilto/Desktop/Work/Airflow/dags/Operator_dag.py for tasks to queue
[2024-05-07T18:03:35.634-0300] {logging_mixin.py:188} INFO - [2024-05-07T18:03:35.634-0300] {dagbag.py:540} INFO - Filling up the DagBag from /mnt/c/Users/Tilto/Desktop/Work/Airflow/dags/Operator_dag.py
[2024-05-07T18:03:35.652-0300] {processor.py:840} INFO - DAG(s) 'Operator_dag' retrieved from /mnt/c/Users/Tilto/Desktop/Work/Airflow/dags/Operator_dag.py
[2024-05-07T18:03:35.818-0300] {logging_mixin.py:188} INFO - [2024-05-07T18:03:35.818-0300] {dag.py:3096} INFO - Sync 1 DAGs
[2024-05-07T18:03:35.828-0300] {logging_mixin.py:188} INFO - [2024-05-07T18:03:35.828-0300] {dag.py:3954} INFO - Setting next_dagrun for Operator_dag to None, run_after=None
[2024-05-07T18:03:35.887-0300] {processor.py:183} INFO - Processing /mnt/c/Users/Tilto/Desktop/Work/Airflow/dags/Operator_dag.py took 0.259 seconds
[2024-05-07T18:04:06.341-0300] {processor.py:161} INFO - Started process (PID=2976) to work on /mnt/c/Users/Tilto/Desktop/Work/Airflow/dags/Operator_dag.py
[2024-05-07T18:04:06.342-0300] {processor.py:830} INFO - Processing file /mnt/c/Users/Tilto/Desktop/Work/Airflow/dags/Operator_dag.py for tasks to queue
[2024-05-07T18:04:06.343-0300] {logging_mixin.py:188} INFO - [2024-05-07T18:04:06.343-0300] {dagbag.py:540} INFO - Filling up the DagBag from /mnt/c/Users/Tilto/Desktop/Work/Airflow/dags/Operator_dag.py
[2024-05-07T18:04:06.360-0300] {processor.py:840} INFO - DAG(s) 'Operator_dag' retrieved from /mnt/c/Users/Tilto/Desktop/Work/Airflow/dags/Operator_dag.py
[2024-05-07T18:04:06.417-0300] {logging_mixin.py:188} INFO - [2024-05-07T18:04:06.417-0300] {dag.py:3096} INFO - Sync 1 DAGs
[2024-05-07T18:04:06.430-0300] {logging_mixin.py:188} INFO - [2024-05-07T18:04:06.430-0300] {dag.py:3954} INFO - Setting next_dagrun for Operator_dag to None, run_after=None
[2024-05-07T18:04:06.487-0300] {processor.py:183} INFO - Processing /mnt/c/Users/Tilto/Desktop/Work/Airflow/dags/Operator_dag.py took 0.150 seconds
[2024-05-07T18:04:37.307-0300] {processor.py:161} INFO - Started process (PID=3106) to work on /mnt/c/Users/Tilto/Desktop/Work/Airflow/dags/Operator_dag.py
[2024-05-07T18:04:37.308-0300] {processor.py:830} INFO - Processing file /mnt/c/Users/Tilto/Desktop/Work/Airflow/dags/Operator_dag.py for tasks to queue
[2024-05-07T18:04:37.309-0300] {logging_mixin.py:188} INFO - [2024-05-07T18:04:37.309-0300] {dagbag.py:540} INFO - Filling up the DagBag from /mnt/c/Users/Tilto/Desktop/Work/Airflow/dags/Operator_dag.py
[2024-05-07T18:04:37.327-0300] {processor.py:840} INFO - DAG(s) 'Operator_dag' retrieved from /mnt/c/Users/Tilto/Desktop/Work/Airflow/dags/Operator_dag.py
[2024-05-07T18:04:37.353-0300] {logging_mixin.py:188} INFO - [2024-05-07T18:04:37.352-0300] {dag.py:3096} INFO - Sync 1 DAGs
[2024-05-07T18:04:37.366-0300] {logging_mixin.py:188} INFO - [2024-05-07T18:04:37.365-0300] {dag.py:3954} INFO - Setting next_dagrun for Operator_dag to None, run_after=None
[2024-05-07T18:04:37.492-0300] {processor.py:183} INFO - Processing /mnt/c/Users/Tilto/Desktop/Work/Airflow/dags/Operator_dag.py took 0.189 seconds
[2024-05-07T18:05:08.010-0300] {processor.py:161} INFO - Started process (PID=3235) to work on /mnt/c/Users/Tilto/Desktop/Work/Airflow/dags/Operator_dag.py
[2024-05-07T18:05:08.011-0300] {processor.py:830} INFO - Processing file /mnt/c/Users/Tilto/Desktop/Work/Airflow/dags/Operator_dag.py for tasks to queue
[2024-05-07T18:05:08.012-0300] {logging_mixin.py:188} INFO - [2024-05-07T18:05:08.011-0300] {dagbag.py:540} INFO - Filling up the DagBag from /mnt/c/Users/Tilto/Desktop/Work/Airflow/dags/Operator_dag.py
[2024-05-07T18:05:08.030-0300] {processor.py:840} INFO - DAG(s) 'Operator_dag' retrieved from /mnt/c/Users/Tilto/Desktop/Work/Airflow/dags/Operator_dag.py
[2024-05-07T18:05:08.056-0300] {logging_mixin.py:188} INFO - [2024-05-07T18:05:08.055-0300] {dag.py:3096} INFO - Sync 1 DAGs
[2024-05-07T18:05:08.138-0300] {logging_mixin.py:188} INFO - [2024-05-07T18:05:08.137-0300] {dag.py:3954} INFO - Setting next_dagrun for Operator_dag to None, run_after=None
[2024-05-07T18:05:08.197-0300] {processor.py:183} INFO - Processing /mnt/c/Users/Tilto/Desktop/Work/Airflow/dags/Operator_dag.py took 0.192 seconds
[2024-05-07T18:05:38.671-0300] {processor.py:161} INFO - Started process (PID=3363) to work on /mnt/c/Users/Tilto/Desktop/Work/Airflow/dags/Operator_dag.py
[2024-05-07T18:05:38.672-0300] {processor.py:830} INFO - Processing file /mnt/c/Users/Tilto/Desktop/Work/Airflow/dags/Operator_dag.py for tasks to queue
[2024-05-07T18:05:38.673-0300] {logging_mixin.py:188} INFO - [2024-05-07T18:05:38.673-0300] {dagbag.py:540} INFO - Filling up the DagBag from /mnt/c/Users/Tilto/Desktop/Work/Airflow/dags/Operator_dag.py
[2024-05-07T18:05:38.691-0300] {processor.py:840} INFO - DAG(s) 'Operator_dag' retrieved from /mnt/c/Users/Tilto/Desktop/Work/Airflow/dags/Operator_dag.py
[2024-05-07T18:05:38.716-0300] {logging_mixin.py:188} INFO - [2024-05-07T18:05:38.716-0300] {dag.py:3096} INFO - Sync 1 DAGs
[2024-05-07T18:05:38.794-0300] {logging_mixin.py:188} INFO - [2024-05-07T18:05:38.794-0300] {dag.py:3954} INFO - Setting next_dagrun for Operator_dag to None, run_after=None
[2024-05-07T18:05:38.856-0300] {processor.py:183} INFO - Processing /mnt/c/Users/Tilto/Desktop/Work/Airflow/dags/Operator_dag.py took 0.189 seconds
[2024-05-07T18:06:09.380-0300] {processor.py:161} INFO - Started process (PID=3493) to work on /mnt/c/Users/Tilto/Desktop/Work/Airflow/dags/Operator_dag.py
[2024-05-07T18:06:09.381-0300] {processor.py:830} INFO - Processing file /mnt/c/Users/Tilto/Desktop/Work/Airflow/dags/Operator_dag.py for tasks to queue
[2024-05-07T18:06:09.382-0300] {logging_mixin.py:188} INFO - [2024-05-07T18:06:09.382-0300] {dagbag.py:540} INFO - Filling up the DagBag from /mnt/c/Users/Tilto/Desktop/Work/Airflow/dags/Operator_dag.py
[2024-05-07T18:06:09.396-0300] {processor.py:840} INFO - DAG(s) 'Operator_dag' retrieved from /mnt/c/Users/Tilto/Desktop/Work/Airflow/dags/Operator_dag.py
[2024-05-07T18:06:09.488-0300] {logging_mixin.py:188} INFO - [2024-05-07T18:06:09.488-0300] {dag.py:3096} INFO - Sync 1 DAGs
[2024-05-07T18:06:09.498-0300] {logging_mixin.py:188} INFO - [2024-05-07T18:06:09.498-0300] {dag.py:3954} INFO - Setting next_dagrun for Operator_dag to None, run_after=None
[2024-05-07T18:06:09.596-0300] {processor.py:183} INFO - Processing /mnt/c/Users/Tilto/Desktop/Work/Airflow/dags/Operator_dag.py took 0.220 seconds
[2024-05-07T18:17:57.379-0300] {processor.py:161} INFO - Started process (PID=6338) to work on /mnt/c/Users/Tilto/Desktop/Work/Airflow/dags/Operator_dag.py
[2024-05-07T18:17:57.380-0300] {processor.py:830} INFO - Processing file /mnt/c/Users/Tilto/Desktop/Work/Airflow/dags/Operator_dag.py for tasks to queue
[2024-05-07T18:17:57.382-0300] {logging_mixin.py:188} INFO - [2024-05-07T18:17:57.381-0300] {dagbag.py:540} INFO - Filling up the DagBag from /mnt/c/Users/Tilto/Desktop/Work/Airflow/dags/Operator_dag.py
[2024-05-07T18:17:57.409-0300] {processor.py:840} INFO - DAG(s) 'Operator_dag' retrieved from /mnt/c/Users/Tilto/Desktop/Work/Airflow/dags/Operator_dag.py
[2024-05-07T18:17:57.424-0300] {logging_mixin.py:188} INFO - [2024-05-07T18:17:57.424-0300] {dag.py:3096} INFO - Sync 1 DAGs
[2024-05-07T18:17:57.439-0300] {logging_mixin.py:188} INFO - [2024-05-07T18:17:57.438-0300] {dag.py:3954} INFO - Setting next_dagrun for Operator_dag to None, run_after=None
[2024-05-07T18:17:57.506-0300] {processor.py:183} INFO - Processing /mnt/c/Users/Tilto/Desktop/Work/Airflow/dags/Operator_dag.py took 0.133 seconds
[2024-05-07T18:18:28.291-0300] {processor.py:161} INFO - Started process (PID=6473) to work on /mnt/c/Users/Tilto/Desktop/Work/Airflow/dags/Operator_dag.py
[2024-05-07T18:18:28.292-0300] {processor.py:830} INFO - Processing file /mnt/c/Users/Tilto/Desktop/Work/Airflow/dags/Operator_dag.py for tasks to queue
[2024-05-07T18:18:28.294-0300] {logging_mixin.py:188} INFO - [2024-05-07T18:18:28.293-0300] {dagbag.py:540} INFO - Filling up the DagBag from /mnt/c/Users/Tilto/Desktop/Work/Airflow/dags/Operator_dag.py
[2024-05-07T18:18:28.316-0300] {processor.py:840} INFO - DAG(s) 'Operator_dag' retrieved from /mnt/c/Users/Tilto/Desktop/Work/Airflow/dags/Operator_dag.py
[2024-05-07T18:18:28.417-0300] {logging_mixin.py:188} INFO - [2024-05-07T18:18:28.417-0300] {dag.py:3096} INFO - Sync 1 DAGs
[2024-05-07T18:18:28.429-0300] {logging_mixin.py:188} INFO - [2024-05-07T18:18:28.429-0300] {dag.py:3954} INFO - Setting next_dagrun for Operator_dag to None, run_after=None
[2024-05-07T18:18:28.491-0300] {processor.py:183} INFO - Processing /mnt/c/Users/Tilto/Desktop/Work/Airflow/dags/Operator_dag.py took 0.205 seconds
[2024-05-07T18:18:59.605-0300] {processor.py:161} INFO - Started process (PID=6604) to work on /mnt/c/Users/Tilto/Desktop/Work/Airflow/dags/Operator_dag.py
[2024-05-07T18:18:59.606-0300] {processor.py:830} INFO - Processing file /mnt/c/Users/Tilto/Desktop/Work/Airflow/dags/Operator_dag.py for tasks to queue
[2024-05-07T18:18:59.607-0300] {logging_mixin.py:188} INFO - [2024-05-07T18:18:59.607-0300] {dagbag.py:540} INFO - Filling up the DagBag from /mnt/c/Users/Tilto/Desktop/Work/Airflow/dags/Operator_dag.py
[2024-05-07T18:18:59.627-0300] {processor.py:840} INFO - DAG(s) 'Operator_dag' retrieved from /mnt/c/Users/Tilto/Desktop/Work/Airflow/dags/Operator_dag.py
[2024-05-07T18:18:59.653-0300] {logging_mixin.py:188} INFO - [2024-05-07T18:18:59.652-0300] {dag.py:3096} INFO - Sync 1 DAGs
[2024-05-07T18:18:59.666-0300] {logging_mixin.py:188} INFO - [2024-05-07T18:18:59.665-0300] {dag.py:3954} INFO - Setting next_dagrun for Operator_dag to None, run_after=None
[2024-05-07T18:18:59.723-0300] {processor.py:183} INFO - Processing /mnt/c/Users/Tilto/Desktop/Work/Airflow/dags/Operator_dag.py took 0.123 seconds
[2024-05-07T18:19:39.807-0300] {processor.py:161} INFO - Started process (PID=6795) to work on /mnt/c/Users/Tilto/Desktop/Work/Airflow/dags/Operator_dag.py
[2024-05-07T18:19:39.807-0300] {processor.py:830} INFO - Processing file /mnt/c/Users/Tilto/Desktop/Work/Airflow/dags/Operator_dag.py for tasks to queue
[2024-05-07T18:19:39.809-0300] {logging_mixin.py:188} INFO - [2024-05-07T18:19:39.809-0300] {dagbag.py:540} INFO - Filling up the DagBag from /mnt/c/Users/Tilto/Desktop/Work/Airflow/dags/Operator_dag.py
[2024-05-07T18:19:39.831-0300] {processor.py:840} INFO - DAG(s) 'Operator_dag' retrieved from /mnt/c/Users/Tilto/Desktop/Work/Airflow/dags/Operator_dag.py
[2024-05-07T18:19:39.845-0300] {logging_mixin.py:188} INFO - [2024-05-07T18:19:39.845-0300] {dag.py:3096} INFO - Sync 1 DAGs
[2024-05-07T18:19:39.858-0300] {logging_mixin.py:188} INFO - [2024-05-07T18:19:39.858-0300] {dag.py:3954} INFO - Setting next_dagrun for Operator_dag to None, run_after=None
[2024-05-07T18:19:39.917-0300] {processor.py:183} INFO - Processing /mnt/c/Users/Tilto/Desktop/Work/Airflow/dags/Operator_dag.py took 0.115 seconds
[2024-05-07T18:20:11.117-0300] {processor.py:161} INFO - Started process (PID=6938) to work on /mnt/c/Users/Tilto/Desktop/Work/Airflow/dags/Operator_dag.py
[2024-05-07T18:20:11.118-0300] {processor.py:830} INFO - Processing file /mnt/c/Users/Tilto/Desktop/Work/Airflow/dags/Operator_dag.py for tasks to queue
[2024-05-07T18:20:11.119-0300] {logging_mixin.py:188} INFO - [2024-05-07T18:20:11.119-0300] {dagbag.py:540} INFO - Filling up the DagBag from /mnt/c/Users/Tilto/Desktop/Work/Airflow/dags/Operator_dag.py
[2024-05-07T18:20:11.139-0300] {processor.py:840} INFO - DAG(s) 'Operator_dag' retrieved from /mnt/c/Users/Tilto/Desktop/Work/Airflow/dags/Operator_dag.py
[2024-05-07T18:20:11.241-0300] {logging_mixin.py:188} INFO - [2024-05-07T18:20:11.241-0300] {dag.py:3096} INFO - Sync 1 DAGs
[2024-05-07T18:20:11.253-0300] {logging_mixin.py:188} INFO - [2024-05-07T18:20:11.253-0300] {dag.py:3954} INFO - Setting next_dagrun for Operator_dag to None, run_after=None
[2024-05-07T18:20:11.313-0300] {processor.py:183} INFO - Processing /mnt/c/Users/Tilto/Desktop/Work/Airflow/dags/Operator_dag.py took 0.201 seconds
[2024-05-07T18:20:42.195-0300] {processor.py:161} INFO - Started process (PID=7071) to work on /mnt/c/Users/Tilto/Desktop/Work/Airflow/dags/Operator_dag.py
[2024-05-07T18:20:42.196-0300] {processor.py:830} INFO - Processing file /mnt/c/Users/Tilto/Desktop/Work/Airflow/dags/Operator_dag.py for tasks to queue
[2024-05-07T18:20:42.198-0300] {logging_mixin.py:188} INFO - [2024-05-07T18:20:42.198-0300] {dagbag.py:540} INFO - Filling up the DagBag from /mnt/c/Users/Tilto/Desktop/Work/Airflow/dags/Operator_dag.py
[2024-05-07T18:20:42.217-0300] {processor.py:840} INFO - DAG(s) 'Operator_dag' retrieved from /mnt/c/Users/Tilto/Desktop/Work/Airflow/dags/Operator_dag.py
[2024-05-07T18:20:42.242-0300] {logging_mixin.py:188} INFO - [2024-05-07T18:20:42.242-0300] {dag.py:3096} INFO - Sync 1 DAGs
[2024-05-07T18:20:42.256-0300] {logging_mixin.py:188} INFO - [2024-05-07T18:20:42.256-0300] {dag.py:3954} INFO - Setting next_dagrun for Operator_dag to None, run_after=None
[2024-05-07T18:20:42.313-0300] {processor.py:183} INFO - Processing /mnt/c/Users/Tilto/Desktop/Work/Airflow/dags/Operator_dag.py took 0.122 seconds
[2024-05-07T18:21:12.760-0300] {processor.py:161} INFO - Started process (PID=7214) to work on /mnt/c/Users/Tilto/Desktop/Work/Airflow/dags/Operator_dag.py
[2024-05-07T18:21:12.761-0300] {processor.py:830} INFO - Processing file /mnt/c/Users/Tilto/Desktop/Work/Airflow/dags/Operator_dag.py for tasks to queue
[2024-05-07T18:21:12.763-0300] {logging_mixin.py:188} INFO - [2024-05-07T18:21:12.763-0300] {dagbag.py:540} INFO - Filling up the DagBag from /mnt/c/Users/Tilto/Desktop/Work/Airflow/dags/Operator_dag.py
[2024-05-07T18:21:12.784-0300] {processor.py:840} INFO - DAG(s) 'Operator_dag' retrieved from /mnt/c/Users/Tilto/Desktop/Work/Airflow/dags/Operator_dag.py
[2024-05-07T18:21:12.811-0300] {logging_mixin.py:188} INFO - [2024-05-07T18:21:12.810-0300] {dag.py:3096} INFO - Sync 1 DAGs
[2024-05-07T18:21:12.825-0300] {logging_mixin.py:188} INFO - [2024-05-07T18:21:12.824-0300] {dag.py:3954} INFO - Setting next_dagrun for Operator_dag to None, run_after=None
[2024-05-07T18:21:12.889-0300] {processor.py:183} INFO - Processing /mnt/c/Users/Tilto/Desktop/Work/Airflow/dags/Operator_dag.py took 0.133 seconds
[2024-05-07T18:48:30.438-0300] {processor.py:161} INFO - Started process (PID=13755) to work on /mnt/c/Users/Tilto/Desktop/Work/Airflow/dags/Operator_dag.py
[2024-05-07T18:48:30.439-0300] {processor.py:830} INFO - Processing file /mnt/c/Users/Tilto/Desktop/Work/Airflow/dags/Operator_dag.py for tasks to queue
[2024-05-07T18:48:30.441-0300] {logging_mixin.py:188} INFO - [2024-05-07T18:48:30.441-0300] {dagbag.py:540} INFO - Filling up the DagBag from /mnt/c/Users/Tilto/Desktop/Work/Airflow/dags/Operator_dag.py
[2024-05-07T18:48:30.465-0300] {processor.py:840} INFO - DAG(s) 'Operator_dag' retrieved from /mnt/c/Users/Tilto/Desktop/Work/Airflow/dags/Operator_dag.py
[2024-05-07T18:48:30.479-0300] {logging_mixin.py:188} INFO - [2024-05-07T18:48:30.478-0300] {dag.py:3096} INFO - Sync 1 DAGs
[2024-05-07T18:48:30.492-0300] {logging_mixin.py:188} INFO - [2024-05-07T18:48:30.492-0300] {dag.py:3954} INFO - Setting next_dagrun for Operator_dag to None, run_after=None
[2024-05-07T18:48:30.551-0300] {processor.py:183} INFO - Processing /mnt/c/Users/Tilto/Desktop/Work/Airflow/dags/Operator_dag.py took 0.118 seconds
[2024-05-07T18:49:01.290-0300] {processor.py:161} INFO - Started process (PID=13891) to work on /mnt/c/Users/Tilto/Desktop/Work/Airflow/dags/Operator_dag.py
[2024-05-07T18:49:01.291-0300] {processor.py:830} INFO - Processing file /mnt/c/Users/Tilto/Desktop/Work/Airflow/dags/Operator_dag.py for tasks to queue
[2024-05-07T18:49:01.293-0300] {logging_mixin.py:188} INFO - [2024-05-07T18:49:01.293-0300] {dagbag.py:540} INFO - Filling up the DagBag from /mnt/c/Users/Tilto/Desktop/Work/Airflow/dags/Operator_dag.py
[2024-05-07T18:49:01.313-0300] {processor.py:840} INFO - DAG(s) 'Operator_dag' retrieved from /mnt/c/Users/Tilto/Desktop/Work/Airflow/dags/Operator_dag.py
[2024-05-07T18:49:01.417-0300] {logging_mixin.py:188} INFO - [2024-05-07T18:49:01.417-0300] {dag.py:3096} INFO - Sync 1 DAGs
[2024-05-07T18:49:01.429-0300] {logging_mixin.py:188} INFO - [2024-05-07T18:49:01.429-0300] {dag.py:3954} INFO - Setting next_dagrun for Operator_dag to None, run_after=None
[2024-05-07T18:49:01.490-0300] {processor.py:183} INFO - Processing /mnt/c/Users/Tilto/Desktop/Work/Airflow/dags/Operator_dag.py took 0.204 seconds
[2024-05-07T18:49:32.196-0300] {processor.py:161} INFO - Started process (PID=14020) to work on /mnt/c/Users/Tilto/Desktop/Work/Airflow/dags/Operator_dag.py
[2024-05-07T18:49:32.197-0300] {processor.py:830} INFO - Processing file /mnt/c/Users/Tilto/Desktop/Work/Airflow/dags/Operator_dag.py for tasks to queue
[2024-05-07T18:49:32.198-0300] {logging_mixin.py:188} INFO - [2024-05-07T18:49:32.198-0300] {dagbag.py:540} INFO - Filling up the DagBag from /mnt/c/Users/Tilto/Desktop/Work/Airflow/dags/Operator_dag.py
[2024-05-07T18:49:32.218-0300] {processor.py:840} INFO - DAG(s) 'Operator_dag' retrieved from /mnt/c/Users/Tilto/Desktop/Work/Airflow/dags/Operator_dag.py
[2024-05-07T18:49:32.243-0300] {logging_mixin.py:188} INFO - [2024-05-07T18:49:32.243-0300] {dag.py:3096} INFO - Sync 1 DAGs
[2024-05-07T18:49:32.256-0300] {logging_mixin.py:188} INFO - [2024-05-07T18:49:32.256-0300] {dag.py:3954} INFO - Setting next_dagrun for Operator_dag to None, run_after=None
[2024-05-07T18:49:32.315-0300] {processor.py:183} INFO - Processing /mnt/c/Users/Tilto/Desktop/Work/Airflow/dags/Operator_dag.py took 0.124 seconds
[2024-05-07T18:50:03.576-0300] {processor.py:161} INFO - Started process (PID=14152) to work on /mnt/c/Users/Tilto/Desktop/Work/Airflow/dags/Operator_dag.py
[2024-05-07T18:50:03.577-0300] {processor.py:830} INFO - Processing file /mnt/c/Users/Tilto/Desktop/Work/Airflow/dags/Operator_dag.py for tasks to queue
[2024-05-07T18:50:03.579-0300] {logging_mixin.py:188} INFO - [2024-05-07T18:50:03.579-0300] {dagbag.py:540} INFO - Filling up the DagBag from /mnt/c/Users/Tilto/Desktop/Work/Airflow/dags/Operator_dag.py
[2024-05-07T18:50:03.600-0300] {processor.py:840} INFO - DAG(s) 'Operator_dag' retrieved from /mnt/c/Users/Tilto/Desktop/Work/Airflow/dags/Operator_dag.py
[2024-05-07T18:50:03.627-0300] {logging_mixin.py:188} INFO - [2024-05-07T18:50:03.627-0300] {dag.py:3096} INFO - Sync 1 DAGs
[2024-05-07T18:50:03.640-0300] {logging_mixin.py:188} INFO - [2024-05-07T18:50:03.639-0300] {dag.py:3954} INFO - Setting next_dagrun for Operator_dag to None, run_after=None
[2024-05-07T18:50:03.702-0300] {processor.py:183} INFO - Processing /mnt/c/Users/Tilto/Desktop/Work/Airflow/dags/Operator_dag.py took 0.131 seconds
[2024-05-07T18:50:34.224-0300] {processor.py:161} INFO - Started process (PID=14284) to work on /mnt/c/Users/Tilto/Desktop/Work/Airflow/dags/Operator_dag.py
[2024-05-07T18:50:34.225-0300] {processor.py:830} INFO - Processing file /mnt/c/Users/Tilto/Desktop/Work/Airflow/dags/Operator_dag.py for tasks to queue
[2024-05-07T18:50:34.226-0300] {logging_mixin.py:188} INFO - [2024-05-07T18:50:34.226-0300] {dagbag.py:540} INFO - Filling up the DagBag from /mnt/c/Users/Tilto/Desktop/Work/Airflow/dags/Operator_dag.py
[2024-05-07T18:50:34.245-0300] {processor.py:840} INFO - DAG(s) 'Operator_dag' retrieved from /mnt/c/Users/Tilto/Desktop/Work/Airflow/dags/Operator_dag.py
[2024-05-07T18:50:34.270-0300] {logging_mixin.py:188} INFO - [2024-05-07T18:50:34.270-0300] {dag.py:3096} INFO - Sync 1 DAGs
[2024-05-07T18:50:34.282-0300] {logging_mixin.py:188} INFO - [2024-05-07T18:50:34.282-0300] {dag.py:3954} INFO - Setting next_dagrun for Operator_dag to None, run_after=None
[2024-05-07T18:50:34.342-0300] {processor.py:183} INFO - Processing /mnt/c/Users/Tilto/Desktop/Work/Airflow/dags/Operator_dag.py took 0.123 seconds
[2024-05-07T18:51:05.249-0300] {processor.py:161} INFO - Started process (PID=14418) to work on /mnt/c/Users/Tilto/Desktop/Work/Airflow/dags/Operator_dag.py
[2024-05-07T18:51:05.250-0300] {processor.py:830} INFO - Processing file /mnt/c/Users/Tilto/Desktop/Work/Airflow/dags/Operator_dag.py for tasks to queue
[2024-05-07T18:51:05.251-0300] {logging_mixin.py:188} INFO - [2024-05-07T18:51:05.251-0300] {dagbag.py:540} INFO - Filling up the DagBag from /mnt/c/Users/Tilto/Desktop/Work/Airflow/dags/Operator_dag.py
[2024-05-07T18:51:05.274-0300] {processor.py:840} INFO - DAG(s) 'Operator_dag' retrieved from /mnt/c/Users/Tilto/Desktop/Work/Airflow/dags/Operator_dag.py
[2024-05-07T18:51:05.301-0300] {logging_mixin.py:188} INFO - [2024-05-07T18:51:05.301-0300] {dag.py:3096} INFO - Sync 1 DAGs
[2024-05-07T18:51:05.314-0300] {logging_mixin.py:188} INFO - [2024-05-07T18:51:05.314-0300] {dag.py:3954} INFO - Setting next_dagrun for Operator_dag to None, run_after=None
[2024-05-07T18:51:05.377-0300] {processor.py:183} INFO - Processing /mnt/c/Users/Tilto/Desktop/Work/Airflow/dags/Operator_dag.py took 0.133 seconds
[2024-05-07T18:51:42.928-0300] {processor.py:161} INFO - Started process (PID=14641) to work on /mnt/c/Users/Tilto/Desktop/Work/Airflow/dags/Operator_dag.py
[2024-05-07T18:51:42.929-0300] {processor.py:830} INFO - Processing file /mnt/c/Users/Tilto/Desktop/Work/Airflow/dags/Operator_dag.py for tasks to queue
[2024-05-07T18:51:42.930-0300] {logging_mixin.py:188} INFO - [2024-05-07T18:51:42.930-0300] {dagbag.py:540} INFO - Filling up the DagBag from /mnt/c/Users/Tilto/Desktop/Work/Airflow/dags/Operator_dag.py
[2024-05-07T18:51:42.953-0300] {processor.py:840} INFO - DAG(s) 'Operator_dag' retrieved from /mnt/c/Users/Tilto/Desktop/Work/Airflow/dags/Operator_dag.py
[2024-05-07T18:51:42.966-0300] {logging_mixin.py:188} INFO - [2024-05-07T18:51:42.965-0300] {dag.py:3096} INFO - Sync 1 DAGs
[2024-05-07T18:51:42.979-0300] {logging_mixin.py:188} INFO - [2024-05-07T18:51:42.979-0300] {dag.py:3954} INFO - Setting next_dagrun for Operator_dag to None, run_after=None
[2024-05-07T18:51:43.047-0300] {processor.py:183} INFO - Processing /mnt/c/Users/Tilto/Desktop/Work/Airflow/dags/Operator_dag.py took 0.124 seconds
[2024-05-07T18:52:14.086-0300] {processor.py:161} INFO - Started process (PID=14790) to work on /mnt/c/Users/Tilto/Desktop/Work/Airflow/dags/Operator_dag.py
[2024-05-07T18:52:14.088-0300] {processor.py:830} INFO - Processing file /mnt/c/Users/Tilto/Desktop/Work/Airflow/dags/Operator_dag.py for tasks to queue
[2024-05-07T18:52:14.090-0300] {logging_mixin.py:188} INFO - [2024-05-07T18:52:14.090-0300] {dagbag.py:540} INFO - Filling up the DagBag from /mnt/c/Users/Tilto/Desktop/Work/Airflow/dags/Operator_dag.py
[2024-05-07T18:52:14.110-0300] {processor.py:840} INFO - DAG(s) 'Operator_dag' retrieved from /mnt/c/Users/Tilto/Desktop/Work/Airflow/dags/Operator_dag.py
[2024-05-07T18:52:14.215-0300] {logging_mixin.py:188} INFO - [2024-05-07T18:52:14.215-0300] {dag.py:3096} INFO - Sync 1 DAGs
[2024-05-07T18:52:14.227-0300] {logging_mixin.py:188} INFO - [2024-05-07T18:52:14.227-0300] {dag.py:3954} INFO - Setting next_dagrun for Operator_dag to None, run_after=None
[2024-05-07T18:52:14.297-0300] {processor.py:183} INFO - Processing /mnt/c/Users/Tilto/Desktop/Work/Airflow/dags/Operator_dag.py took 0.215 seconds
[2024-05-07T18:52:51.960-0300] {processor.py:161} INFO - Started process (PID=15009) to work on /mnt/c/Users/Tilto/Desktop/Work/Airflow/dags/Operator_dag.py
[2024-05-07T18:52:51.961-0300] {processor.py:830} INFO - Processing file /mnt/c/Users/Tilto/Desktop/Work/Airflow/dags/Operator_dag.py for tasks to queue
[2024-05-07T18:52:51.962-0300] {logging_mixin.py:188} INFO - [2024-05-07T18:52:51.962-0300] {dagbag.py:540} INFO - Filling up the DagBag from /mnt/c/Users/Tilto/Desktop/Work/Airflow/dags/Operator_dag.py
[2024-05-07T18:52:51.983-0300] {processor.py:840} INFO - DAG(s) 'Operator_dag' retrieved from /mnt/c/Users/Tilto/Desktop/Work/Airflow/dags/Operator_dag.py
[2024-05-07T18:52:51.996-0300] {logging_mixin.py:188} INFO - [2024-05-07T18:52:51.995-0300] {dag.py:3096} INFO - Sync 1 DAGs
[2024-05-07T18:52:52.008-0300] {logging_mixin.py:188} INFO - [2024-05-07T18:52:52.008-0300] {dag.py:3954} INFO - Setting next_dagrun for Operator_dag to None, run_after=None
[2024-05-07T18:52:52.069-0300] {processor.py:183} INFO - Processing /mnt/c/Users/Tilto/Desktop/Work/Airflow/dags/Operator_dag.py took 0.113 seconds
[2024-05-07T18:53:23.174-0300] {processor.py:161} INFO - Started process (PID=15155) to work on /mnt/c/Users/Tilto/Desktop/Work/Airflow/dags/Operator_dag.py
[2024-05-07T18:53:23.175-0300] {processor.py:830} INFO - Processing file /mnt/c/Users/Tilto/Desktop/Work/Airflow/dags/Operator_dag.py for tasks to queue
[2024-05-07T18:53:23.177-0300] {logging_mixin.py:188} INFO - [2024-05-07T18:53:23.177-0300] {dagbag.py:540} INFO - Filling up the DagBag from /mnt/c/Users/Tilto/Desktop/Work/Airflow/dags/Operator_dag.py
[2024-05-07T18:53:23.197-0300] {processor.py:840} INFO - DAG(s) 'Operator_dag' retrieved from /mnt/c/Users/Tilto/Desktop/Work/Airflow/dags/Operator_dag.py
[2024-05-07T18:53:23.299-0300] {logging_mixin.py:188} INFO - [2024-05-07T18:53:23.299-0300] {dag.py:3096} INFO - Sync 1 DAGs
[2024-05-07T18:53:23.310-0300] {logging_mixin.py:188} INFO - [2024-05-07T18:53:23.310-0300] {dag.py:3954} INFO - Setting next_dagrun for Operator_dag to None, run_after=None
[2024-05-07T18:53:23.372-0300] {processor.py:183} INFO - Processing /mnt/c/Users/Tilto/Desktop/Work/Airflow/dags/Operator_dag.py took 0.202 seconds
[2024-05-07T18:53:54.403-0300] {processor.py:161} INFO - Started process (PID=15315) to work on /mnt/c/Users/Tilto/Desktop/Work/Airflow/dags/Operator_dag.py
[2024-05-07T18:53:54.404-0300] {processor.py:830} INFO - Processing file /mnt/c/Users/Tilto/Desktop/Work/Airflow/dags/Operator_dag.py for tasks to queue
[2024-05-07T18:53:54.405-0300] {logging_mixin.py:188} INFO - [2024-05-07T18:53:54.405-0300] {dagbag.py:540} INFO - Filling up the DagBag from /mnt/c/Users/Tilto/Desktop/Work/Airflow/dags/Operator_dag.py
[2024-05-07T18:53:54.428-0300] {processor.py:840} INFO - DAG(s) 'Operator_dag' retrieved from /mnt/c/Users/Tilto/Desktop/Work/Airflow/dags/Operator_dag.py
[2024-05-07T18:53:54.457-0300] {logging_mixin.py:188} INFO - [2024-05-07T18:53:54.457-0300] {dag.py:3096} INFO - Sync 1 DAGs
[2024-05-07T18:53:54.469-0300] {logging_mixin.py:188} INFO - [2024-05-07T18:53:54.469-0300] {dag.py:3954} INFO - Setting next_dagrun for Operator_dag to None, run_after=None
[2024-05-07T18:53:54.560-0300] {processor.py:183} INFO - Processing /mnt/c/Users/Tilto/Desktop/Work/Airflow/dags/Operator_dag.py took 0.162 seconds
[2024-05-07T18:54:26.556-0300] {processor.py:161} INFO - Started process (PID=15466) to work on /mnt/c/Users/Tilto/Desktop/Work/Airflow/dags/Operator_dag.py
[2024-05-07T18:54:26.557-0300] {processor.py:830} INFO - Processing file /mnt/c/Users/Tilto/Desktop/Work/Airflow/dags/Operator_dag.py for tasks to queue
[2024-05-07T18:54:26.558-0300] {logging_mixin.py:188} INFO - [2024-05-07T18:54:26.558-0300] {dagbag.py:540} INFO - Filling up the DagBag from /mnt/c/Users/Tilto/Desktop/Work/Airflow/dags/Operator_dag.py
[2024-05-07T18:54:26.578-0300] {processor.py:840} INFO - DAG(s) 'Operator_dag' retrieved from /mnt/c/Users/Tilto/Desktop/Work/Airflow/dags/Operator_dag.py
[2024-05-07T18:54:26.604-0300] {logging_mixin.py:188} INFO - [2024-05-07T18:54:26.604-0300] {dag.py:3096} INFO - Sync 1 DAGs
[2024-05-07T18:54:26.616-0300] {logging_mixin.py:188} INFO - [2024-05-07T18:54:26.616-0300] {dag.py:3954} INFO - Setting next_dagrun for Operator_dag to None, run_after=None
[2024-05-07T18:54:26.676-0300] {processor.py:183} INFO - Processing /mnt/c/Users/Tilto/Desktop/Work/Airflow/dags/Operator_dag.py took 0.124 seconds
[2024-05-07T18:54:57.857-0300] {processor.py:161} INFO - Started process (PID=15613) to work on /mnt/c/Users/Tilto/Desktop/Work/Airflow/dags/Operator_dag.py
[2024-05-07T18:54:57.858-0300] {processor.py:830} INFO - Processing file /mnt/c/Users/Tilto/Desktop/Work/Airflow/dags/Operator_dag.py for tasks to queue
[2024-05-07T18:54:57.860-0300] {logging_mixin.py:188} INFO - [2024-05-07T18:54:57.860-0300] {dagbag.py:540} INFO - Filling up the DagBag from /mnt/c/Users/Tilto/Desktop/Work/Airflow/dags/Operator_dag.py
[2024-05-07T18:54:57.881-0300] {processor.py:840} INFO - DAG(s) 'Operator_dag' retrieved from /mnt/c/Users/Tilto/Desktop/Work/Airflow/dags/Operator_dag.py
[2024-05-07T18:54:57.906-0300] {logging_mixin.py:188} INFO - [2024-05-07T18:54:57.906-0300] {dag.py:3096} INFO - Sync 1 DAGs
[2024-05-07T18:54:57.919-0300] {logging_mixin.py:188} INFO - [2024-05-07T18:54:57.918-0300] {dag.py:3954} INFO - Setting next_dagrun for Operator_dag to None, run_after=None
[2024-05-07T18:54:57.980-0300] {processor.py:183} INFO - Processing /mnt/c/Users/Tilto/Desktop/Work/Airflow/dags/Operator_dag.py took 0.127 seconds
[2024-05-07T18:55:29.010-0300] {processor.py:161} INFO - Started process (PID=15754) to work on /mnt/c/Users/Tilto/Desktop/Work/Airflow/dags/Operator_dag.py
[2024-05-07T18:55:29.011-0300] {processor.py:830} INFO - Processing file /mnt/c/Users/Tilto/Desktop/Work/Airflow/dags/Operator_dag.py for tasks to queue
[2024-05-07T18:55:29.013-0300] {logging_mixin.py:188} INFO - [2024-05-07T18:55:29.012-0300] {dagbag.py:540} INFO - Filling up the DagBag from /mnt/c/Users/Tilto/Desktop/Work/Airflow/dags/Operator_dag.py
[2024-05-07T18:55:29.033-0300] {processor.py:840} INFO - DAG(s) 'Operator_dag' retrieved from /mnt/c/Users/Tilto/Desktop/Work/Airflow/dags/Operator_dag.py
[2024-05-07T18:55:29.058-0300] {logging_mixin.py:188} INFO - [2024-05-07T18:55:29.057-0300] {dag.py:3096} INFO - Sync 1 DAGs
[2024-05-07T18:55:29.070-0300] {logging_mixin.py:188} INFO - [2024-05-07T18:55:29.069-0300] {dag.py:3954} INFO - Setting next_dagrun for Operator_dag to None, run_after=None
[2024-05-07T18:55:29.127-0300] {processor.py:183} INFO - Processing /mnt/c/Users/Tilto/Desktop/Work/Airflow/dags/Operator_dag.py took 0.121 seconds
