[2024-05-07T18:03:39.136-0300] {processor.py:161} INFO - Started process (PID=2784) to work on /mnt/c/Users/Tilto/Desktop/Work/Airflow/dags/primeira_dagv1.py
[2024-05-07T18:03:39.137-0300] {processor.py:830} INFO - Processing file /mnt/c/Users/Tilto/Desktop/Work/Airflow/dags/primeira_dagv1.py for tasks to queue
[2024-05-07T18:03:39.137-0300] {logging_mixin.py:188} INFO - [2024-05-07T18:03:39.137-0300] {dagbag.py:540} INFO - Filling up the DagBag from /mnt/c/Users/Tilto/Desktop/Work/Airflow/dags/primeira_dagv1.py
[2024-05-07T18:03:39.153-0300] {processor.py:840} INFO - DAG(s) 'a_primeira_DAG_v1' retrieved from /mnt/c/Users/Tilto/Desktop/Work/Airflow/dags/primeira_dagv1.py
[2024-05-07T18:03:39.315-0300] {logging_mixin.py:188} INFO - [2024-05-07T18:03:39.315-0300] {dag.py:3096} INFO - Sync 1 DAGs
[2024-05-07T18:03:39.334-0300] {logging_mixin.py:188} INFO - [2024-05-07T18:03:39.334-0300] {dag.py:3954} INFO - Setting next_dagrun for a_primeira_DAG_v1 to 2024-05-07 00:00:00+00:00, run_after=2024-05-08 00:00:00+00:00
[2024-05-07T18:03:39.381-0300] {processor.py:183} INFO - Processing /mnt/c/Users/Tilto/Desktop/Work/Airflow/dags/primeira_dagv1.py took 0.250 seconds
[2024-05-07T18:04:09.646-0300] {processor.py:161} INFO - Started process (PID=2992) to work on /mnt/c/Users/Tilto/Desktop/Work/Airflow/dags/primeira_dagv1.py
[2024-05-07T18:04:09.647-0300] {processor.py:830} INFO - Processing file /mnt/c/Users/Tilto/Desktop/Work/Airflow/dags/primeira_dagv1.py for tasks to queue
[2024-05-07T18:04:09.648-0300] {logging_mixin.py:188} INFO - [2024-05-07T18:04:09.648-0300] {dagbag.py:540} INFO - Filling up the DagBag from /mnt/c/Users/Tilto/Desktop/Work/Airflow/dags/primeira_dagv1.py
[2024-05-07T18:04:09.667-0300] {processor.py:840} INFO - DAG(s) 'a_primeira_DAG_v1' retrieved from /mnt/c/Users/Tilto/Desktop/Work/Airflow/dags/primeira_dagv1.py
[2024-05-07T18:04:09.698-0300] {logging_mixin.py:188} INFO - [2024-05-07T18:04:09.697-0300] {dag.py:3096} INFO - Sync 1 DAGs
[2024-05-07T18:04:09.721-0300] {logging_mixin.py:188} INFO - [2024-05-07T18:04:09.721-0300] {dag.py:3954} INFO - Setting next_dagrun for a_primeira_DAG_v1 to 2024-05-07 00:00:00+00:00, run_after=2024-05-08 00:00:00+00:00
[2024-05-07T18:04:09.851-0300] {processor.py:183} INFO - Processing /mnt/c/Users/Tilto/Desktop/Work/Airflow/dags/primeira_dagv1.py took 0.210 seconds
[2024-05-07T18:04:41.246-0300] {processor.py:161} INFO - Started process (PID=3124) to work on /mnt/c/Users/Tilto/Desktop/Work/Airflow/dags/primeira_dagv1.py
[2024-05-07T18:04:41.247-0300] {processor.py:830} INFO - Processing file /mnt/c/Users/Tilto/Desktop/Work/Airflow/dags/primeira_dagv1.py for tasks to queue
[2024-05-07T18:04:41.248-0300] {logging_mixin.py:188} INFO - [2024-05-07T18:04:41.248-0300] {dagbag.py:540} INFO - Filling up the DagBag from /mnt/c/Users/Tilto/Desktop/Work/Airflow/dags/primeira_dagv1.py
[2024-05-07T18:04:41.268-0300] {processor.py:840} INFO - DAG(s) 'a_primeira_DAG_v1' retrieved from /mnt/c/Users/Tilto/Desktop/Work/Airflow/dags/primeira_dagv1.py
[2024-05-07T18:04:41.301-0300] {logging_mixin.py:188} INFO - [2024-05-07T18:04:41.301-0300] {dag.py:3096} INFO - Sync 1 DAGs
[2024-05-07T18:04:41.399-0300] {logging_mixin.py:188} INFO - [2024-05-07T18:04:41.399-0300] {dag.py:3954} INFO - Setting next_dagrun for a_primeira_DAG_v1 to 2024-05-07 00:00:00+00:00, run_after=2024-05-08 00:00:00+00:00
[2024-05-07T18:04:41.458-0300] {processor.py:183} INFO - Processing /mnt/c/Users/Tilto/Desktop/Work/Airflow/dags/primeira_dagv1.py took 0.216 seconds
[2024-05-07T18:05:12.451-0300] {processor.py:161} INFO - Started process (PID=3255) to work on /mnt/c/Users/Tilto/Desktop/Work/Airflow/dags/primeira_dagv1.py
[2024-05-07T18:05:12.452-0300] {processor.py:830} INFO - Processing file /mnt/c/Users/Tilto/Desktop/Work/Airflow/dags/primeira_dagv1.py for tasks to queue
[2024-05-07T18:05:12.453-0300] {logging_mixin.py:188} INFO - [2024-05-07T18:05:12.453-0300] {dagbag.py:540} INFO - Filling up the DagBag from /mnt/c/Users/Tilto/Desktop/Work/Airflow/dags/primeira_dagv1.py
[2024-05-07T18:05:12.472-0300] {processor.py:840} INFO - DAG(s) 'a_primeira_DAG_v1' retrieved from /mnt/c/Users/Tilto/Desktop/Work/Airflow/dags/primeira_dagv1.py
[2024-05-07T18:05:12.499-0300] {logging_mixin.py:188} INFO - [2024-05-07T18:05:12.498-0300] {dag.py:3096} INFO - Sync 1 DAGs
[2024-05-07T18:05:12.589-0300] {logging_mixin.py:188} INFO - [2024-05-07T18:05:12.589-0300] {dag.py:3954} INFO - Setting next_dagrun for a_primeira_DAG_v1 to 2024-05-07 00:00:00+00:00, run_after=2024-05-08 00:00:00+00:00
[2024-05-07T18:05:12.648-0300] {processor.py:183} INFO - Processing /mnt/c/Users/Tilto/Desktop/Work/Airflow/dags/primeira_dagv1.py took 0.201 seconds
[2024-05-07T18:05:42.855-0300] {processor.py:161} INFO - Started process (PID=3383) to work on /mnt/c/Users/Tilto/Desktop/Work/Airflow/dags/primeira_dagv1.py
[2024-05-07T18:05:42.856-0300] {processor.py:830} INFO - Processing file /mnt/c/Users/Tilto/Desktop/Work/Airflow/dags/primeira_dagv1.py for tasks to queue
[2024-05-07T18:05:42.857-0300] {logging_mixin.py:188} INFO - [2024-05-07T18:05:42.857-0300] {dagbag.py:540} INFO - Filling up the DagBag from /mnt/c/Users/Tilto/Desktop/Work/Airflow/dags/primeira_dagv1.py
[2024-05-07T18:05:42.875-0300] {processor.py:840} INFO - DAG(s) 'a_primeira_DAG_v1' retrieved from /mnt/c/Users/Tilto/Desktop/Work/Airflow/dags/primeira_dagv1.py
[2024-05-07T18:05:42.968-0300] {logging_mixin.py:188} INFO - [2024-05-07T18:05:42.968-0300] {dag.py:3096} INFO - Sync 1 DAGs
[2024-05-07T18:05:42.986-0300] {logging_mixin.py:188} INFO - [2024-05-07T18:05:42.985-0300] {dag.py:3954} INFO - Setting next_dagrun for a_primeira_DAG_v1 to 2024-05-07 00:00:00+00:00, run_after=2024-05-08 00:00:00+00:00
[2024-05-07T18:05:43.031-0300] {processor.py:183} INFO - Processing /mnt/c/Users/Tilto/Desktop/Work/Airflow/dags/primeira_dagv1.py took 0.181 seconds
[2024-05-07T18:06:13.458-0300] {processor.py:161} INFO - Started process (PID=3512) to work on /mnt/c/Users/Tilto/Desktop/Work/Airflow/dags/primeira_dagv1.py
[2024-05-07T18:06:13.459-0300] {processor.py:830} INFO - Processing file /mnt/c/Users/Tilto/Desktop/Work/Airflow/dags/primeira_dagv1.py for tasks to queue
[2024-05-07T18:06:13.460-0300] {logging_mixin.py:188} INFO - [2024-05-07T18:06:13.460-0300] {dagbag.py:540} INFO - Filling up the DagBag from /mnt/c/Users/Tilto/Desktop/Work/Airflow/dags/primeira_dagv1.py
[2024-05-07T18:06:13.480-0300] {processor.py:840} INFO - DAG(s) 'a_primeira_DAG_v1' retrieved from /mnt/c/Users/Tilto/Desktop/Work/Airflow/dags/primeira_dagv1.py
[2024-05-07T18:06:13.575-0300] {logging_mixin.py:188} INFO - [2024-05-07T18:06:13.575-0300] {dag.py:3096} INFO - Sync 1 DAGs
[2024-05-07T18:06:13.597-0300] {logging_mixin.py:188} INFO - [2024-05-07T18:06:13.597-0300] {dag.py:3954} INFO - Setting next_dagrun for a_primeira_DAG_v1 to 2024-05-07 00:00:00+00:00, run_after=2024-05-08 00:00:00+00:00
[2024-05-07T18:06:13.661-0300] {processor.py:183} INFO - Processing /mnt/c/Users/Tilto/Desktop/Work/Airflow/dags/primeira_dagv1.py took 0.207 seconds
[2024-05-07T18:17:59.523-0300] {processor.py:161} INFO - Started process (PID=6351) to work on /mnt/c/Users/Tilto/Desktop/Work/Airflow/dags/primeira_dagv1.py
[2024-05-07T18:17:59.524-0300] {processor.py:830} INFO - Processing file /mnt/c/Users/Tilto/Desktop/Work/Airflow/dags/primeira_dagv1.py for tasks to queue
[2024-05-07T18:17:59.527-0300] {logging_mixin.py:188} INFO - [2024-05-07T18:17:59.526-0300] {dagbag.py:540} INFO - Filling up the DagBag from /mnt/c/Users/Tilto/Desktop/Work/Airflow/dags/primeira_dagv1.py
[2024-05-07T18:17:59.554-0300] {processor.py:840} INFO - DAG(s) 'a_primeira_DAG_v1' retrieved from /mnt/c/Users/Tilto/Desktop/Work/Airflow/dags/primeira_dagv1.py
[2024-05-07T18:17:59.568-0300] {logging_mixin.py:188} INFO - [2024-05-07T18:17:59.568-0300] {dag.py:3096} INFO - Sync 1 DAGs
[2024-05-07T18:17:59.596-0300] {logging_mixin.py:188} INFO - [2024-05-07T18:17:59.596-0300] {dag.py:3954} INFO - Setting next_dagrun for a_primeira_DAG_v1 to 2024-05-07 00:00:00+00:00, run_after=2024-05-08 00:00:00+00:00
[2024-05-07T18:17:59.828-0300] {processor.py:183} INFO - Processing /mnt/c/Users/Tilto/Desktop/Work/Airflow/dags/primeira_dagv1.py took 0.312 seconds
[2024-05-07T18:18:31.211-0300] {processor.py:161} INFO - Started process (PID=6486) to work on /mnt/c/Users/Tilto/Desktop/Work/Airflow/dags/primeira_dagv1.py
[2024-05-07T18:18:31.213-0300] {processor.py:830} INFO - Processing file /mnt/c/Users/Tilto/Desktop/Work/Airflow/dags/primeira_dagv1.py for tasks to queue
[2024-05-07T18:18:31.215-0300] {logging_mixin.py:188} INFO - [2024-05-07T18:18:31.214-0300] {dagbag.py:540} INFO - Filling up the DagBag from /mnt/c/Users/Tilto/Desktop/Work/Airflow/dags/primeira_dagv1.py
[2024-05-07T18:18:31.239-0300] {processor.py:840} INFO - DAG(s) 'a_primeira_DAG_v1' retrieved from /mnt/c/Users/Tilto/Desktop/Work/Airflow/dags/primeira_dagv1.py
[2024-05-07T18:18:31.356-0300] {logging_mixin.py:188} INFO - [2024-05-07T18:18:31.356-0300] {dag.py:3096} INFO - Sync 1 DAGs
[2024-05-07T18:18:31.380-0300] {logging_mixin.py:188} INFO - [2024-05-07T18:18:31.380-0300] {dag.py:3954} INFO - Setting next_dagrun for a_primeira_DAG_v1 to 2024-05-07 00:00:00+00:00, run_after=2024-05-08 00:00:00+00:00
[2024-05-07T18:18:31.446-0300] {processor.py:183} INFO - Processing /mnt/c/Users/Tilto/Desktop/Work/Airflow/dags/primeira_dagv1.py took 0.239 seconds
[2024-05-07T18:19:02.258-0300] {processor.py:161} INFO - Started process (PID=6616) to work on /mnt/c/Users/Tilto/Desktop/Work/Airflow/dags/primeira_dagv1.py
[2024-05-07T18:19:02.259-0300] {processor.py:830} INFO - Processing file /mnt/c/Users/Tilto/Desktop/Work/Airflow/dags/primeira_dagv1.py for tasks to queue
[2024-05-07T18:19:02.260-0300] {logging_mixin.py:188} INFO - [2024-05-07T18:19:02.260-0300] {dagbag.py:540} INFO - Filling up the DagBag from /mnt/c/Users/Tilto/Desktop/Work/Airflow/dags/primeira_dagv1.py
[2024-05-07T18:19:02.282-0300] {processor.py:840} INFO - DAG(s) 'a_primeira_DAG_v1' retrieved from /mnt/c/Users/Tilto/Desktop/Work/Airflow/dags/primeira_dagv1.py
[2024-05-07T18:19:02.307-0300] {logging_mixin.py:188} INFO - [2024-05-07T18:19:02.307-0300] {dag.py:3096} INFO - Sync 1 DAGs
[2024-05-07T18:19:02.331-0300] {logging_mixin.py:188} INFO - [2024-05-07T18:19:02.331-0300] {dag.py:3954} INFO - Setting next_dagrun for a_primeira_DAG_v1 to 2024-05-07 00:00:00+00:00, run_after=2024-05-08 00:00:00+00:00
[2024-05-07T18:19:02.388-0300] {processor.py:183} INFO - Processing /mnt/c/Users/Tilto/Desktop/Work/Airflow/dags/primeira_dagv1.py took 0.134 seconds
[2024-05-07T18:19:42.044-0300] {processor.py:161} INFO - Started process (PID=6809) to work on /mnt/c/Users/Tilto/Desktop/Work/Airflow/dags/primeira_dagv1.py
[2024-05-07T18:19:42.046-0300] {processor.py:830} INFO - Processing file /mnt/c/Users/Tilto/Desktop/Work/Airflow/dags/primeira_dagv1.py for tasks to queue
[2024-05-07T18:19:42.048-0300] {logging_mixin.py:188} INFO - [2024-05-07T18:19:42.047-0300] {dagbag.py:540} INFO - Filling up the DagBag from /mnt/c/Users/Tilto/Desktop/Work/Airflow/dags/primeira_dagv1.py
[2024-05-07T18:19:42.072-0300] {processor.py:840} INFO - DAG(s) 'a_primeira_DAG_v1' retrieved from /mnt/c/Users/Tilto/Desktop/Work/Airflow/dags/primeira_dagv1.py
[2024-05-07T18:19:42.087-0300] {logging_mixin.py:188} INFO - [2024-05-07T18:19:42.087-0300] {dag.py:3096} INFO - Sync 1 DAGs
[2024-05-07T18:19:42.114-0300] {logging_mixin.py:188} INFO - [2024-05-07T18:19:42.114-0300] {dag.py:3954} INFO - Setting next_dagrun for a_primeira_DAG_v1 to 2024-05-07 00:00:00+00:00, run_after=2024-05-08 00:00:00+00:00
[2024-05-07T18:19:42.179-0300] {processor.py:183} INFO - Processing /mnt/c/Users/Tilto/Desktop/Work/Airflow/dags/primeira_dagv1.py took 0.140 seconds
[2024-05-07T18:20:13.694-0300] {processor.py:161} INFO - Started process (PID=6950) to work on /mnt/c/Users/Tilto/Desktop/Work/Airflow/dags/primeira_dagv1.py
[2024-05-07T18:20:13.696-0300] {processor.py:830} INFO - Processing file /mnt/c/Users/Tilto/Desktop/Work/Airflow/dags/primeira_dagv1.py for tasks to queue
[2024-05-07T18:20:13.697-0300] {logging_mixin.py:188} INFO - [2024-05-07T18:20:13.697-0300] {dagbag.py:540} INFO - Filling up the DagBag from /mnt/c/Users/Tilto/Desktop/Work/Airflow/dags/primeira_dagv1.py
[2024-05-07T18:20:13.720-0300] {processor.py:840} INFO - DAG(s) 'a_primeira_DAG_v1' retrieved from /mnt/c/Users/Tilto/Desktop/Work/Airflow/dags/primeira_dagv1.py
[2024-05-07T18:20:13.828-0300] {logging_mixin.py:188} INFO - [2024-05-07T18:20:13.828-0300] {dag.py:3096} INFO - Sync 1 DAGs
[2024-05-07T18:20:13.853-0300] {logging_mixin.py:188} INFO - [2024-05-07T18:20:13.852-0300] {dag.py:3954} INFO - Setting next_dagrun for a_primeira_DAG_v1 to 2024-05-07 00:00:00+00:00, run_after=2024-05-08 00:00:00+00:00
[2024-05-07T18:20:13.968-0300] {processor.py:183} INFO - Processing /mnt/c/Users/Tilto/Desktop/Work/Airflow/dags/primeira_dagv1.py took 0.278 seconds
[2024-05-07T18:20:44.816-0300] {processor.py:161} INFO - Started process (PID=7083) to work on /mnt/c/Users/Tilto/Desktop/Work/Airflow/dags/primeira_dagv1.py
[2024-05-07T18:20:44.817-0300] {processor.py:830} INFO - Processing file /mnt/c/Users/Tilto/Desktop/Work/Airflow/dags/primeira_dagv1.py for tasks to queue
[2024-05-07T18:20:44.819-0300] {logging_mixin.py:188} INFO - [2024-05-07T18:20:44.819-0300] {dagbag.py:540} INFO - Filling up the DagBag from /mnt/c/Users/Tilto/Desktop/Work/Airflow/dags/primeira_dagv1.py
[2024-05-07T18:20:44.841-0300] {processor.py:840} INFO - DAG(s) 'a_primeira_DAG_v1' retrieved from /mnt/c/Users/Tilto/Desktop/Work/Airflow/dags/primeira_dagv1.py
[2024-05-07T18:20:44.868-0300] {logging_mixin.py:188} INFO - [2024-05-07T18:20:44.867-0300] {dag.py:3096} INFO - Sync 1 DAGs
[2024-05-07T18:20:44.892-0300] {logging_mixin.py:188} INFO - [2024-05-07T18:20:44.892-0300] {dag.py:3954} INFO - Setting next_dagrun for a_primeira_DAG_v1 to 2024-05-07 00:00:00+00:00, run_after=2024-05-08 00:00:00+00:00
[2024-05-07T18:20:44.952-0300] {processor.py:183} INFO - Processing /mnt/c/Users/Tilto/Desktop/Work/Airflow/dags/primeira_dagv1.py took 0.140 seconds
[2024-05-07T18:21:16.258-0300] {processor.py:161} INFO - Started process (PID=7230) to work on /mnt/c/Users/Tilto/Desktop/Work/Airflow/dags/primeira_dagv1.py
[2024-05-07T18:21:16.259-0300] {processor.py:830} INFO - Processing file /mnt/c/Users/Tilto/Desktop/Work/Airflow/dags/primeira_dagv1.py for tasks to queue
[2024-05-07T18:21:16.261-0300] {logging_mixin.py:188} INFO - [2024-05-07T18:21:16.260-0300] {dagbag.py:540} INFO - Filling up the DagBag from /mnt/c/Users/Tilto/Desktop/Work/Airflow/dags/primeira_dagv1.py
[2024-05-07T18:21:16.286-0300] {processor.py:840} INFO - DAG(s) 'a_primeira_DAG_v1' retrieved from /mnt/c/Users/Tilto/Desktop/Work/Airflow/dags/primeira_dagv1.py
[2024-05-07T18:21:16.317-0300] {logging_mixin.py:188} INFO - [2024-05-07T18:21:16.317-0300] {dag.py:3096} INFO - Sync 1 DAGs
[2024-05-07T18:21:16.342-0300] {logging_mixin.py:188} INFO - [2024-05-07T18:21:16.342-0300] {dag.py:3954} INFO - Setting next_dagrun for a_primeira_DAG_v1 to 2024-05-07 00:00:00+00:00, run_after=2024-05-08 00:00:00+00:00
[2024-05-07T18:21:16.415-0300] {processor.py:183} INFO - Processing /mnt/c/Users/Tilto/Desktop/Work/Airflow/dags/primeira_dagv1.py took 0.162 seconds
[2024-05-07T18:48:32.566-0300] {processor.py:161} INFO - Started process (PID=13765) to work on /mnt/c/Users/Tilto/Desktop/Work/Airflow/dags/primeira_dagv1.py
[2024-05-07T18:48:32.567-0300] {processor.py:830} INFO - Processing file /mnt/c/Users/Tilto/Desktop/Work/Airflow/dags/primeira_dagv1.py for tasks to queue
[2024-05-07T18:48:32.568-0300] {logging_mixin.py:188} INFO - [2024-05-07T18:48:32.568-0300] {dagbag.py:540} INFO - Filling up the DagBag from /mnt/c/Users/Tilto/Desktop/Work/Airflow/dags/primeira_dagv1.py
[2024-05-07T18:48:32.586-0300] {processor.py:840} INFO - DAG(s) 'a_primeira_DAG_v1' retrieved from /mnt/c/Users/Tilto/Desktop/Work/Airflow/dags/primeira_dagv1.py
[2024-05-07T18:48:32.598-0300] {logging_mixin.py:188} INFO - [2024-05-07T18:48:32.597-0300] {dag.py:3096} INFO - Sync 1 DAGs
[2024-05-07T18:48:32.621-0300] {logging_mixin.py:188} INFO - [2024-05-07T18:48:32.621-0300] {dag.py:3954} INFO - Setting next_dagrun for a_primeira_DAG_v1 to 2024-05-07 00:00:00+00:00, run_after=2024-05-08 00:00:00+00:00
[2024-05-07T18:48:32.673-0300] {processor.py:183} INFO - Processing /mnt/c/Users/Tilto/Desktop/Work/Airflow/dags/primeira_dagv1.py took 0.111 seconds
[2024-05-07T18:49:03.983-0300] {processor.py:161} INFO - Started process (PID=13903) to work on /mnt/c/Users/Tilto/Desktop/Work/Airflow/dags/primeira_dagv1.py
[2024-05-07T18:49:03.984-0300] {processor.py:830} INFO - Processing file /mnt/c/Users/Tilto/Desktop/Work/Airflow/dags/primeira_dagv1.py for tasks to queue
[2024-05-07T18:49:03.986-0300] {logging_mixin.py:188} INFO - [2024-05-07T18:49:03.985-0300] {dagbag.py:540} INFO - Filling up the DagBag from /mnt/c/Users/Tilto/Desktop/Work/Airflow/dags/primeira_dagv1.py
[2024-05-07T18:49:04.009-0300] {processor.py:840} INFO - DAG(s) 'a_primeira_DAG_v1' retrieved from /mnt/c/Users/Tilto/Desktop/Work/Airflow/dags/primeira_dagv1.py
[2024-05-07T18:49:04.114-0300] {logging_mixin.py:188} INFO - [2024-05-07T18:49:04.113-0300] {dag.py:3096} INFO - Sync 1 DAGs
[2024-05-07T18:49:04.135-0300] {logging_mixin.py:188} INFO - [2024-05-07T18:49:04.135-0300] {dag.py:3954} INFO - Setting next_dagrun for a_primeira_DAG_v1 to 2024-05-07 00:00:00+00:00, run_after=2024-05-08 00:00:00+00:00
[2024-05-07T18:49:04.194-0300] {processor.py:183} INFO - Processing /mnt/c/Users/Tilto/Desktop/Work/Airflow/dags/primeira_dagv1.py took 0.215 seconds
[2024-05-07T18:49:34.853-0300] {processor.py:161} INFO - Started process (PID=14033) to work on /mnt/c/Users/Tilto/Desktop/Work/Airflow/dags/primeira_dagv1.py
[2024-05-07T18:49:34.854-0300] {processor.py:830} INFO - Processing file /mnt/c/Users/Tilto/Desktop/Work/Airflow/dags/primeira_dagv1.py for tasks to queue
[2024-05-07T18:49:34.856-0300] {logging_mixin.py:188} INFO - [2024-05-07T18:49:34.855-0300] {dagbag.py:540} INFO - Filling up the DagBag from /mnt/c/Users/Tilto/Desktop/Work/Airflow/dags/primeira_dagv1.py
[2024-05-07T18:49:34.879-0300] {processor.py:840} INFO - DAG(s) 'a_primeira_DAG_v1' retrieved from /mnt/c/Users/Tilto/Desktop/Work/Airflow/dags/primeira_dagv1.py
[2024-05-07T18:49:34.904-0300] {logging_mixin.py:188} INFO - [2024-05-07T18:49:34.904-0300] {dag.py:3096} INFO - Sync 1 DAGs
[2024-05-07T18:49:34.928-0300] {logging_mixin.py:188} INFO - [2024-05-07T18:49:34.928-0300] {dag.py:3954} INFO - Setting next_dagrun for a_primeira_DAG_v1 to 2024-05-07 00:00:00+00:00, run_after=2024-05-08 00:00:00+00:00
[2024-05-07T18:49:34.989-0300] {processor.py:183} INFO - Processing /mnt/c/Users/Tilto/Desktop/Work/Airflow/dags/primeira_dagv1.py took 0.139 seconds
[2024-05-07T18:50:05.950-0300] {processor.py:161} INFO - Started process (PID=14163) to work on /mnt/c/Users/Tilto/Desktop/Work/Airflow/dags/primeira_dagv1.py
[2024-05-07T18:50:05.950-0300] {processor.py:830} INFO - Processing file /mnt/c/Users/Tilto/Desktop/Work/Airflow/dags/primeira_dagv1.py for tasks to queue
[2024-05-07T18:50:05.952-0300] {logging_mixin.py:188} INFO - [2024-05-07T18:50:05.952-0300] {dagbag.py:540} INFO - Filling up the DagBag from /mnt/c/Users/Tilto/Desktop/Work/Airflow/dags/primeira_dagv1.py
[2024-05-07T18:50:05.974-0300] {processor.py:840} INFO - DAG(s) 'a_primeira_DAG_v1' retrieved from /mnt/c/Users/Tilto/Desktop/Work/Airflow/dags/primeira_dagv1.py
[2024-05-07T18:50:06.000-0300] {logging_mixin.py:188} INFO - [2024-05-07T18:50:06.000-0300] {dag.py:3096} INFO - Sync 1 DAGs
[2024-05-07T18:50:06.023-0300] {logging_mixin.py:188} INFO - [2024-05-07T18:50:06.023-0300] {dag.py:3954} INFO - Setting next_dagrun for a_primeira_DAG_v1 to 2024-05-07 00:00:00+00:00, run_after=2024-05-08 00:00:00+00:00
[2024-05-07T18:50:06.084-0300] {processor.py:183} INFO - Processing /mnt/c/Users/Tilto/Desktop/Work/Airflow/dags/primeira_dagv1.py took 0.138 seconds
[2024-05-07T18:50:36.878-0300] {processor.py:161} INFO - Started process (PID=14297) to work on /mnt/c/Users/Tilto/Desktop/Work/Airflow/dags/primeira_dagv1.py
[2024-05-07T18:50:36.879-0300] {processor.py:830} INFO - Processing file /mnt/c/Users/Tilto/Desktop/Work/Airflow/dags/primeira_dagv1.py for tasks to queue
[2024-05-07T18:50:36.881-0300] {logging_mixin.py:188} INFO - [2024-05-07T18:50:36.880-0300] {dagbag.py:540} INFO - Filling up the DagBag from /mnt/c/Users/Tilto/Desktop/Work/Airflow/dags/primeira_dagv1.py
[2024-05-07T18:50:36.902-0300] {processor.py:840} INFO - DAG(s) 'a_primeira_DAG_v1' retrieved from /mnt/c/Users/Tilto/Desktop/Work/Airflow/dags/primeira_dagv1.py
[2024-05-07T18:50:36.929-0300] {logging_mixin.py:188} INFO - [2024-05-07T18:50:36.929-0300] {dag.py:3096} INFO - Sync 1 DAGs
[2024-05-07T18:50:36.953-0300] {logging_mixin.py:188} INFO - [2024-05-07T18:50:36.953-0300] {dag.py:3954} INFO - Setting next_dagrun for a_primeira_DAG_v1 to 2024-05-07 00:00:00+00:00, run_after=2024-05-08 00:00:00+00:00
[2024-05-07T18:50:37.059-0300] {processor.py:183} INFO - Processing /mnt/c/Users/Tilto/Desktop/Work/Airflow/dags/primeira_dagv1.py took 0.187 seconds
[2024-05-07T18:51:07.911-0300] {processor.py:161} INFO - Started process (PID=14431) to work on /mnt/c/Users/Tilto/Desktop/Work/Airflow/dags/primeira_dagv1.py
[2024-05-07T18:51:07.912-0300] {processor.py:830} INFO - Processing file /mnt/c/Users/Tilto/Desktop/Work/Airflow/dags/primeira_dagv1.py for tasks to queue
[2024-05-07T18:51:07.913-0300] {logging_mixin.py:188} INFO - [2024-05-07T18:51:07.913-0300] {dagbag.py:540} INFO - Filling up the DagBag from /mnt/c/Users/Tilto/Desktop/Work/Airflow/dags/primeira_dagv1.py
[2024-05-07T18:51:07.936-0300] {processor.py:840} INFO - DAG(s) 'a_primeira_DAG_v1' retrieved from /mnt/c/Users/Tilto/Desktop/Work/Airflow/dags/primeira_dagv1.py
[2024-05-07T18:51:07.961-0300] {logging_mixin.py:188} INFO - [2024-05-07T18:51:07.961-0300] {dag.py:3096} INFO - Sync 1 DAGs
[2024-05-07T18:51:07.984-0300] {logging_mixin.py:188} INFO - [2024-05-07T18:51:07.984-0300] {dag.py:3954} INFO - Setting next_dagrun for a_primeira_DAG_v1 to 2024-05-07 00:00:00+00:00, run_after=2024-05-08 00:00:00+00:00
[2024-05-07T18:51:08.042-0300] {processor.py:183} INFO - Processing /mnt/c/Users/Tilto/Desktop/Work/Airflow/dags/primeira_dagv1.py took 0.136 seconds
[2024-05-07T18:51:45.576-0300] {processor.py:161} INFO - Started process (PID=14653) to work on /mnt/c/Users/Tilto/Desktop/Work/Airflow/dags/primeira_dagv1.py
[2024-05-07T18:51:45.577-0300] {processor.py:830} INFO - Processing file /mnt/c/Users/Tilto/Desktop/Work/Airflow/dags/primeira_dagv1.py for tasks to queue
[2024-05-07T18:51:45.578-0300] {logging_mixin.py:188} INFO - [2024-05-07T18:51:45.578-0300] {dagbag.py:540} INFO - Filling up the DagBag from /mnt/c/Users/Tilto/Desktop/Work/Airflow/dags/primeira_dagv1.py
[2024-05-07T18:51:45.600-0300] {processor.py:840} INFO - DAG(s) 'a_primeira_DAG_v1' retrieved from /mnt/c/Users/Tilto/Desktop/Work/Airflow/dags/primeira_dagv1.py
[2024-05-07T18:51:45.613-0300] {logging_mixin.py:188} INFO - [2024-05-07T18:51:45.613-0300] {dag.py:3096} INFO - Sync 1 DAGs
[2024-05-07T18:51:45.638-0300] {logging_mixin.py:188} INFO - [2024-05-07T18:51:45.637-0300] {dag.py:3954} INFO - Setting next_dagrun for a_primeira_DAG_v1 to 2024-05-07 00:00:00+00:00, run_after=2024-05-08 00:00:00+00:00
[2024-05-07T18:51:45.704-0300] {processor.py:183} INFO - Processing /mnt/c/Users/Tilto/Desktop/Work/Airflow/dags/primeira_dagv1.py took 0.132 seconds
[2024-05-07T18:52:17.079-0300] {processor.py:161} INFO - Started process (PID=14804) to work on /mnt/c/Users/Tilto/Desktop/Work/Airflow/dags/primeira_dagv1.py
[2024-05-07T18:52:17.080-0300] {processor.py:830} INFO - Processing file /mnt/c/Users/Tilto/Desktop/Work/Airflow/dags/primeira_dagv1.py for tasks to queue
[2024-05-07T18:52:17.082-0300] {logging_mixin.py:188} INFO - [2024-05-07T18:52:17.082-0300] {dagbag.py:540} INFO - Filling up the DagBag from /mnt/c/Users/Tilto/Desktop/Work/Airflow/dags/primeira_dagv1.py
[2024-05-07T18:52:17.108-0300] {processor.py:840} INFO - DAG(s) 'a_primeira_DAG_v1' retrieved from /mnt/c/Users/Tilto/Desktop/Work/Airflow/dags/primeira_dagv1.py
[2024-05-07T18:52:17.215-0300] {logging_mixin.py:188} INFO - [2024-05-07T18:52:17.215-0300] {dag.py:3096} INFO - Sync 1 DAGs
[2024-05-07T18:52:17.238-0300] {logging_mixin.py:188} INFO - [2024-05-07T18:52:17.238-0300] {dag.py:3954} INFO - Setting next_dagrun for a_primeira_DAG_v1 to 2024-05-07 00:00:00+00:00, run_after=2024-05-08 00:00:00+00:00
[2024-05-07T18:52:17.306-0300] {processor.py:183} INFO - Processing /mnt/c/Users/Tilto/Desktop/Work/Airflow/dags/primeira_dagv1.py took 0.231 seconds
[2024-05-07T18:52:54.792-0300] {processor.py:161} INFO - Started process (PID=15023) to work on /mnt/c/Users/Tilto/Desktop/Work/Airflow/dags/primeira_dagv1.py
[2024-05-07T18:52:54.793-0300] {processor.py:830} INFO - Processing file /mnt/c/Users/Tilto/Desktop/Work/Airflow/dags/primeira_dagv1.py for tasks to queue
[2024-05-07T18:52:54.795-0300] {logging_mixin.py:188} INFO - [2024-05-07T18:52:54.795-0300] {dagbag.py:540} INFO - Filling up the DagBag from /mnt/c/Users/Tilto/Desktop/Work/Airflow/dags/primeira_dagv1.py
[2024-05-07T18:52:54.817-0300] {processor.py:840} INFO - DAG(s) 'a_primeira_DAG_v1' retrieved from /mnt/c/Users/Tilto/Desktop/Work/Airflow/dags/primeira_dagv1.py
[2024-05-07T18:52:54.829-0300] {logging_mixin.py:188} INFO - [2024-05-07T18:52:54.829-0300] {dag.py:3096} INFO - Sync 1 DAGs
[2024-05-07T18:52:54.854-0300] {logging_mixin.py:188} INFO - [2024-05-07T18:52:54.854-0300] {dag.py:3954} INFO - Setting next_dagrun for a_primeira_DAG_v1 to 2024-05-07 00:00:00+00:00, run_after=2024-05-08 00:00:00+00:00
[2024-05-07T18:52:54.913-0300] {processor.py:183} INFO - Processing /mnt/c/Users/Tilto/Desktop/Work/Airflow/dags/primeira_dagv1.py took 0.124 seconds
[2024-05-07T18:53:26.122-0300] {processor.py:161} INFO - Started process (PID=15168) to work on /mnt/c/Users/Tilto/Desktop/Work/Airflow/dags/primeira_dagv1.py
[2024-05-07T18:53:26.123-0300] {processor.py:830} INFO - Processing file /mnt/c/Users/Tilto/Desktop/Work/Airflow/dags/primeira_dagv1.py for tasks to queue
[2024-05-07T18:53:26.124-0300] {logging_mixin.py:188} INFO - [2024-05-07T18:53:26.124-0300] {dagbag.py:540} INFO - Filling up the DagBag from /mnt/c/Users/Tilto/Desktop/Work/Airflow/dags/primeira_dagv1.py
[2024-05-07T18:53:26.147-0300] {processor.py:840} INFO - DAG(s) 'a_primeira_DAG_v1' retrieved from /mnt/c/Users/Tilto/Desktop/Work/Airflow/dags/primeira_dagv1.py
[2024-05-07T18:53:26.254-0300] {logging_mixin.py:188} INFO - [2024-05-07T18:53:26.254-0300] {dag.py:3096} INFO - Sync 1 DAGs
[2024-05-07T18:53:26.279-0300] {logging_mixin.py:188} INFO - [2024-05-07T18:53:26.278-0300] {dag.py:3954} INFO - Setting next_dagrun for a_primeira_DAG_v1 to 2024-05-07 00:00:00+00:00, run_after=2024-05-08 00:00:00+00:00
[2024-05-07T18:53:26.345-0300] {processor.py:183} INFO - Processing /mnt/c/Users/Tilto/Desktop/Work/Airflow/dags/primeira_dagv1.py took 0.227 seconds
[2024-05-07T18:53:57.037-0300] {processor.py:161} INFO - Started process (PID=15331) to work on /mnt/c/Users/Tilto/Desktop/Work/Airflow/dags/primeira_dagv1.py
[2024-05-07T18:53:57.038-0300] {processor.py:830} INFO - Processing file /mnt/c/Users/Tilto/Desktop/Work/Airflow/dags/primeira_dagv1.py for tasks to queue
[2024-05-07T18:53:57.039-0300] {logging_mixin.py:188} INFO - [2024-05-07T18:53:57.039-0300] {dagbag.py:540} INFO - Filling up the DagBag from /mnt/c/Users/Tilto/Desktop/Work/Airflow/dags/primeira_dagv1.py
[2024-05-07T18:53:57.063-0300] {processor.py:840} INFO - DAG(s) 'a_primeira_DAG_v1' retrieved from /mnt/c/Users/Tilto/Desktop/Work/Airflow/dags/primeira_dagv1.py
[2024-05-07T18:53:57.093-0300] {logging_mixin.py:188} INFO - [2024-05-07T18:53:57.093-0300] {dag.py:3096} INFO - Sync 1 DAGs
[2024-05-07T18:53:57.121-0300] {logging_mixin.py:188} INFO - [2024-05-07T18:53:57.121-0300] {dag.py:3954} INFO - Setting next_dagrun for a_primeira_DAG_v1 to 2024-05-07 00:00:00+00:00, run_after=2024-05-08 00:00:00+00:00
[2024-05-07T18:53:57.183-0300] {processor.py:183} INFO - Processing /mnt/c/Users/Tilto/Desktop/Work/Airflow/dags/primeira_dagv1.py took 0.151 seconds
[2024-05-07T18:54:28.739-0300] {processor.py:161} INFO - Started process (PID=15476) to work on /mnt/c/Users/Tilto/Desktop/Work/Airflow/dags/primeira_dagv1.py
[2024-05-07T18:54:28.740-0300] {processor.py:830} INFO - Processing file /mnt/c/Users/Tilto/Desktop/Work/Airflow/dags/primeira_dagv1.py for tasks to queue
[2024-05-07T18:54:28.741-0300] {logging_mixin.py:188} INFO - [2024-05-07T18:54:28.741-0300] {dagbag.py:540} INFO - Filling up the DagBag from /mnt/c/Users/Tilto/Desktop/Work/Airflow/dags/primeira_dagv1.py
[2024-05-07T18:54:28.768-0300] {processor.py:840} INFO - DAG(s) 'a_primeira_DAG_v1' retrieved from /mnt/c/Users/Tilto/Desktop/Work/Airflow/dags/primeira_dagv1.py
[2024-05-07T18:54:28.801-0300] {logging_mixin.py:188} INFO - [2024-05-07T18:54:28.801-0300] {dag.py:3096} INFO - Sync 1 DAGs
[2024-05-07T18:54:28.825-0300] {logging_mixin.py:188} INFO - [2024-05-07T18:54:28.824-0300] {dag.py:3954} INFO - Setting next_dagrun for a_primeira_DAG_v1 to 2024-05-07 00:00:00+00:00, run_after=2024-05-08 00:00:00+00:00
[2024-05-07T18:54:28.886-0300] {processor.py:183} INFO - Processing /mnt/c/Users/Tilto/Desktop/Work/Airflow/dags/primeira_dagv1.py took 0.151 seconds
[2024-05-07T18:55:00.477-0300] {processor.py:161} INFO - Started process (PID=15625) to work on /mnt/c/Users/Tilto/Desktop/Work/Airflow/dags/primeira_dagv1.py
[2024-05-07T18:55:00.478-0300] {processor.py:830} INFO - Processing file /mnt/c/Users/Tilto/Desktop/Work/Airflow/dags/primeira_dagv1.py for tasks to queue
[2024-05-07T18:55:00.480-0300] {logging_mixin.py:188} INFO - [2024-05-07T18:55:00.479-0300] {dagbag.py:540} INFO - Filling up the DagBag from /mnt/c/Users/Tilto/Desktop/Work/Airflow/dags/primeira_dagv1.py
[2024-05-07T18:55:00.502-0300] {processor.py:840} INFO - DAG(s) 'a_primeira_DAG_v1' retrieved from /mnt/c/Users/Tilto/Desktop/Work/Airflow/dags/primeira_dagv1.py
[2024-05-07T18:55:00.531-0300] {logging_mixin.py:188} INFO - [2024-05-07T18:55:00.531-0300] {dag.py:3096} INFO - Sync 1 DAGs
[2024-05-07T18:55:00.557-0300] {logging_mixin.py:188} INFO - [2024-05-07T18:55:00.557-0300] {dag.py:3954} INFO - Setting next_dagrun for a_primeira_DAG_v1 to 2024-05-07 00:00:00+00:00, run_after=2024-05-08 00:00:00+00:00
[2024-05-07T18:55:00.620-0300] {processor.py:183} INFO - Processing /mnt/c/Users/Tilto/Desktop/Work/Airflow/dags/primeira_dagv1.py took 0.147 seconds
[2024-05-07T18:55:31.001-0300] {processor.py:161} INFO - Started process (PID=15764) to work on /mnt/c/Users/Tilto/Desktop/Work/Airflow/dags/primeira_dagv1.py
[2024-05-07T18:55:31.002-0300] {processor.py:830} INFO - Processing file /mnt/c/Users/Tilto/Desktop/Work/Airflow/dags/primeira_dagv1.py for tasks to queue
[2024-05-07T18:55:31.004-0300] {logging_mixin.py:188} INFO - [2024-05-07T18:55:31.004-0300] {dagbag.py:540} INFO - Filling up the DagBag from /mnt/c/Users/Tilto/Desktop/Work/Airflow/dags/primeira_dagv1.py
[2024-05-07T18:55:31.026-0300] {processor.py:840} INFO - DAG(s) 'a_primeira_DAG_v1' retrieved from /mnt/c/Users/Tilto/Desktop/Work/Airflow/dags/primeira_dagv1.py
[2024-05-07T18:55:31.052-0300] {logging_mixin.py:188} INFO - [2024-05-07T18:55:31.052-0300] {dag.py:3096} INFO - Sync 1 DAGs
[2024-05-07T18:55:31.076-0300] {logging_mixin.py:188} INFO - [2024-05-07T18:55:31.076-0300] {dag.py:3954} INFO - Setting next_dagrun for a_primeira_DAG_v1 to 2024-05-07 00:00:00+00:00, run_after=2024-05-08 00:00:00+00:00
[2024-05-07T18:55:31.137-0300] {processor.py:183} INFO - Processing /mnt/c/Users/Tilto/Desktop/Work/Airflow/dags/primeira_dagv1.py took 0.139 seconds
