[2024-05-07T18:03:36.199-0300] {processor.py:161} INFO - Started process (PID=2771) to work on /mnt/c/Users/Tilto/Desktop/Work/Airflow/dags/primeira_dag_v2.py
[2024-05-07T18:03:36.201-0300] {processor.py:830} INFO - Processing file /mnt/c/Users/Tilto/Desktop/Work/Airflow/dags/primeira_dag_v2.py for tasks to queue
[2024-05-07T18:03:36.202-0300] {logging_mixin.py:188} INFO - [2024-05-07T18:03:36.201-0300] {dagbag.py:540} INFO - Filling up the DagBag from /mnt/c/Users/Tilto/Desktop/Work/Airflow/dags/primeira_dag_v2.py
[2024-05-07T18:03:36.224-0300] {processor.py:840} INFO - DAG(s) 'a_primeira_DAG_v2' retrieved from /mnt/c/Users/Tilto/Desktop/Work/Airflow/dags/primeira_dag_v2.py
[2024-05-07T18:03:36.399-0300] {logging_mixin.py:188} INFO - [2024-05-07T18:03:36.398-0300] {dag.py:3096} INFO - Sync 1 DAGs
[2024-05-07T18:03:36.421-0300] {logging_mixin.py:188} INFO - [2024-05-07T18:03:36.421-0300] {dag.py:3954} INFO - Setting next_dagrun for a_primeira_DAG_v2 to 2024-05-07 00:00:00+00:00, run_after=2024-05-08 00:00:00+00:00
[2024-05-07T18:03:36.484-0300] {processor.py:183} INFO - Processing /mnt/c/Users/Tilto/Desktop/Work/Airflow/dags/primeira_dag_v2.py took 0.289 seconds
[2024-05-07T18:04:06.926-0300] {processor.py:161} INFO - Started process (PID=2979) to work on /mnt/c/Users/Tilto/Desktop/Work/Airflow/dags/primeira_dag_v2.py
[2024-05-07T18:04:06.927-0300] {processor.py:830} INFO - Processing file /mnt/c/Users/Tilto/Desktop/Work/Airflow/dags/primeira_dag_v2.py for tasks to queue
[2024-05-07T18:04:06.928-0300] {logging_mixin.py:188} INFO - [2024-05-07T18:04:06.928-0300] {dagbag.py:540} INFO - Filling up the DagBag from /mnt/c/Users/Tilto/Desktop/Work/Airflow/dags/primeira_dag_v2.py
[2024-05-07T18:04:06.947-0300] {processor.py:840} INFO - DAG(s) 'a_primeira_DAG_v2' retrieved from /mnt/c/Users/Tilto/Desktop/Work/Airflow/dags/primeira_dag_v2.py
[2024-05-07T18:04:06.973-0300] {logging_mixin.py:188} INFO - [2024-05-07T18:04:06.972-0300] {dag.py:3096} INFO - Sync 1 DAGs
[2024-05-07T18:04:06.995-0300] {logging_mixin.py:188} INFO - [2024-05-07T18:04:06.995-0300] {dag.py:3954} INFO - Setting next_dagrun for a_primeira_DAG_v2 to 2024-05-07 00:00:00+00:00, run_after=2024-05-08 00:00:00+00:00
[2024-05-07T18:04:07.128-0300] {processor.py:183} INFO - Processing /mnt/c/Users/Tilto/Desktop/Work/Airflow/dags/primeira_dag_v2.py took 0.206 seconds
[2024-05-07T18:04:38.729-0300] {processor.py:161} INFO - Started process (PID=3112) to work on /mnt/c/Users/Tilto/Desktop/Work/Airflow/dags/primeira_dag_v2.py
[2024-05-07T18:04:38.731-0300] {processor.py:830} INFO - Processing file /mnt/c/Users/Tilto/Desktop/Work/Airflow/dags/primeira_dag_v2.py for tasks to queue
[2024-05-07T18:04:38.731-0300] {logging_mixin.py:188} INFO - [2024-05-07T18:04:38.731-0300] {dagbag.py:540} INFO - Filling up the DagBag from /mnt/c/Users/Tilto/Desktop/Work/Airflow/dags/primeira_dag_v2.py
[2024-05-07T18:04:38.763-0300] {processor.py:840} INFO - DAG(s) 'a_primeira_DAG_v2' retrieved from /mnt/c/Users/Tilto/Desktop/Work/Airflow/dags/primeira_dag_v2.py
[2024-05-07T18:04:38.795-0300] {logging_mixin.py:188} INFO - [2024-05-07T18:04:38.795-0300] {dag.py:3096} INFO - Sync 1 DAGs
[2024-05-07T18:04:38.901-0300] {logging_mixin.py:188} INFO - [2024-05-07T18:04:38.901-0300] {dag.py:3954} INFO - Setting next_dagrun for a_primeira_DAG_v2 to 2024-05-07 00:00:00+00:00, run_after=2024-05-08 00:00:00+00:00
[2024-05-07T18:04:38.970-0300] {processor.py:183} INFO - Processing /mnt/c/Users/Tilto/Desktop/Work/Airflow/dags/primeira_dag_v2.py took 0.245 seconds
[2024-05-07T18:05:09.428-0300] {processor.py:161} INFO - Started process (PID=3241) to work on /mnt/c/Users/Tilto/Desktop/Work/Airflow/dags/primeira_dag_v2.py
[2024-05-07T18:05:09.429-0300] {processor.py:830} INFO - Processing file /mnt/c/Users/Tilto/Desktop/Work/Airflow/dags/primeira_dag_v2.py for tasks to queue
[2024-05-07T18:05:09.430-0300] {logging_mixin.py:188} INFO - [2024-05-07T18:05:09.430-0300] {dagbag.py:540} INFO - Filling up the DagBag from /mnt/c/Users/Tilto/Desktop/Work/Airflow/dags/primeira_dag_v2.py
[2024-05-07T18:05:09.451-0300] {processor.py:840} INFO - DAG(s) 'a_primeira_DAG_v2' retrieved from /mnt/c/Users/Tilto/Desktop/Work/Airflow/dags/primeira_dag_v2.py
[2024-05-07T18:05:09.477-0300] {logging_mixin.py:188} INFO - [2024-05-07T18:05:09.477-0300] {dag.py:3096} INFO - Sync 1 DAGs
[2024-05-07T18:05:09.570-0300] {logging_mixin.py:188} INFO - [2024-05-07T18:05:09.570-0300] {dag.py:3954} INFO - Setting next_dagrun for a_primeira_DAG_v2 to 2024-05-07 00:00:00+00:00, run_after=2024-05-08 00:00:00+00:00
[2024-05-07T18:05:09.632-0300] {processor.py:183} INFO - Processing /mnt/c/Users/Tilto/Desktop/Work/Airflow/dags/primeira_dag_v2.py took 0.208 seconds
[2024-05-07T18:05:40.139-0300] {processor.py:161} INFO - Started process (PID=3370) to work on /mnt/c/Users/Tilto/Desktop/Work/Airflow/dags/primeira_dag_v2.py
[2024-05-07T18:05:40.140-0300] {processor.py:830} INFO - Processing file /mnt/c/Users/Tilto/Desktop/Work/Airflow/dags/primeira_dag_v2.py for tasks to queue
[2024-05-07T18:05:40.141-0300] {logging_mixin.py:188} INFO - [2024-05-07T18:05:40.141-0300] {dagbag.py:540} INFO - Filling up the DagBag from /mnt/c/Users/Tilto/Desktop/Work/Airflow/dags/primeira_dag_v2.py
[2024-05-07T18:05:40.162-0300] {processor.py:840} INFO - DAG(s) 'a_primeira_DAG_v2' retrieved from /mnt/c/Users/Tilto/Desktop/Work/Airflow/dags/primeira_dag_v2.py
[2024-05-07T18:05:40.257-0300] {logging_mixin.py:188} INFO - [2024-05-07T18:05:40.257-0300] {dag.py:3096} INFO - Sync 1 DAGs
[2024-05-07T18:05:40.278-0300] {logging_mixin.py:188} INFO - [2024-05-07T18:05:40.277-0300] {dag.py:3954} INFO - Setting next_dagrun for a_primeira_DAG_v2 to 2024-05-07 00:00:00+00:00, run_after=2024-05-08 00:00:00+00:00
[2024-05-07T18:05:40.335-0300] {processor.py:183} INFO - Processing /mnt/c/Users/Tilto/Desktop/Work/Airflow/dags/primeira_dag_v2.py took 0.202 seconds
[2024-05-07T18:06:10.759-0300] {processor.py:161} INFO - Started process (PID=3499) to work on /mnt/c/Users/Tilto/Desktop/Work/Airflow/dags/primeira_dag_v2.py
[2024-05-07T18:06:10.760-0300] {processor.py:830} INFO - Processing file /mnt/c/Users/Tilto/Desktop/Work/Airflow/dags/primeira_dag_v2.py for tasks to queue
[2024-05-07T18:06:10.761-0300] {logging_mixin.py:188} INFO - [2024-05-07T18:06:10.760-0300] {dagbag.py:540} INFO - Filling up the DagBag from /mnt/c/Users/Tilto/Desktop/Work/Airflow/dags/primeira_dag_v2.py
[2024-05-07T18:06:10.781-0300] {processor.py:840} INFO - DAG(s) 'a_primeira_DAG_v2' retrieved from /mnt/c/Users/Tilto/Desktop/Work/Airflow/dags/primeira_dag_v2.py
[2024-05-07T18:06:10.874-0300] {logging_mixin.py:188} INFO - [2024-05-07T18:06:10.874-0300] {dag.py:3096} INFO - Sync 1 DAGs
[2024-05-07T18:06:10.896-0300] {logging_mixin.py:188} INFO - [2024-05-07T18:06:10.896-0300] {dag.py:3954} INFO - Setting next_dagrun for a_primeira_DAG_v2 to 2024-05-07 00:00:00+00:00, run_after=2024-05-08 00:00:00+00:00
[2024-05-07T18:06:10.958-0300] {processor.py:183} INFO - Processing /mnt/c/Users/Tilto/Desktop/Work/Airflow/dags/primeira_dag_v2.py took 0.203 seconds
[2024-05-07T18:17:58.094-0300] {processor.py:161} INFO - Started process (PID=6342) to work on /mnt/c/Users/Tilto/Desktop/Work/Airflow/dags/primeira_dag_v2.py
[2024-05-07T18:17:58.095-0300] {processor.py:830} INFO - Processing file /mnt/c/Users/Tilto/Desktop/Work/Airflow/dags/primeira_dag_v2.py for tasks to queue
[2024-05-07T18:17:58.097-0300] {logging_mixin.py:188} INFO - [2024-05-07T18:17:58.097-0300] {dagbag.py:540} INFO - Filling up the DagBag from /mnt/c/Users/Tilto/Desktop/Work/Airflow/dags/primeira_dag_v2.py
[2024-05-07T18:17:58.123-0300] {processor.py:840} INFO - DAG(s) 'a_primeira_DAG_v2' retrieved from /mnt/c/Users/Tilto/Desktop/Work/Airflow/dags/primeira_dag_v2.py
[2024-05-07T18:17:58.136-0300] {logging_mixin.py:188} INFO - [2024-05-07T18:17:58.136-0300] {dag.py:3096} INFO - Sync 1 DAGs
[2024-05-07T18:17:58.161-0300] {logging_mixin.py:188} INFO - [2024-05-07T18:17:58.161-0300] {dag.py:3954} INFO - Setting next_dagrun for a_primeira_DAG_v2 to 2024-05-07 00:00:00+00:00, run_after=2024-05-08 00:00:00+00:00
[2024-05-07T18:17:58.225-0300] {processor.py:183} INFO - Processing /mnt/c/Users/Tilto/Desktop/Work/Airflow/dags/primeira_dag_v2.py took 0.134 seconds
[2024-05-07T18:18:29.658-0300] {processor.py:161} INFO - Started process (PID=6479) to work on /mnt/c/Users/Tilto/Desktop/Work/Airflow/dags/primeira_dag_v2.py
[2024-05-07T18:18:29.660-0300] {processor.py:830} INFO - Processing file /mnt/c/Users/Tilto/Desktop/Work/Airflow/dags/primeira_dag_v2.py for tasks to queue
[2024-05-07T18:18:29.663-0300] {logging_mixin.py:188} INFO - [2024-05-07T18:18:29.662-0300] {dagbag.py:540} INFO - Filling up the DagBag from /mnt/c/Users/Tilto/Desktop/Work/Airflow/dags/primeira_dag_v2.py
[2024-05-07T18:18:29.699-0300] {processor.py:840} INFO - DAG(s) 'a_primeira_DAG_v2' retrieved from /mnt/c/Users/Tilto/Desktop/Work/Airflow/dags/primeira_dag_v2.py
[2024-05-07T18:18:29.852-0300] {logging_mixin.py:188} INFO - [2024-05-07T18:18:29.852-0300] {dag.py:3096} INFO - Sync 1 DAGs
[2024-05-07T18:18:29.877-0300] {logging_mixin.py:188} INFO - [2024-05-07T18:18:29.876-0300] {dag.py:3954} INFO - Setting next_dagrun for a_primeira_DAG_v2 to 2024-05-07 00:00:00+00:00, run_after=2024-05-08 00:00:00+00:00
[2024-05-07T18:18:29.938-0300] {processor.py:183} INFO - Processing /mnt/c/Users/Tilto/Desktop/Work/Airflow/dags/primeira_dag_v2.py took 0.289 seconds
[2024-05-07T18:19:00.913-0300] {processor.py:161} INFO - Started process (PID=6610) to work on /mnt/c/Users/Tilto/Desktop/Work/Airflow/dags/primeira_dag_v2.py
[2024-05-07T18:19:00.914-0300] {processor.py:830} INFO - Processing file /mnt/c/Users/Tilto/Desktop/Work/Airflow/dags/primeira_dag_v2.py for tasks to queue
[2024-05-07T18:19:00.915-0300] {logging_mixin.py:188} INFO - [2024-05-07T18:19:00.915-0300] {dagbag.py:540} INFO - Filling up the DagBag from /mnt/c/Users/Tilto/Desktop/Work/Airflow/dags/primeira_dag_v2.py
[2024-05-07T18:19:00.938-0300] {processor.py:840} INFO - DAG(s) 'a_primeira_DAG_v2' retrieved from /mnt/c/Users/Tilto/Desktop/Work/Airflow/dags/primeira_dag_v2.py
[2024-05-07T18:19:00.963-0300] {logging_mixin.py:188} INFO - [2024-05-07T18:19:00.963-0300] {dag.py:3096} INFO - Sync 1 DAGs
[2024-05-07T18:19:00.989-0300] {logging_mixin.py:188} INFO - [2024-05-07T18:19:00.989-0300] {dag.py:3954} INFO - Setting next_dagrun for a_primeira_DAG_v2 to 2024-05-07 00:00:00+00:00, run_after=2024-05-08 00:00:00+00:00
[2024-05-07T18:19:01.049-0300] {processor.py:183} INFO - Processing /mnt/c/Users/Tilto/Desktop/Work/Airflow/dags/primeira_dag_v2.py took 0.141 seconds
[2024-05-07T18:19:40.684-0300] {processor.py:161} INFO - Started process (PID=6800) to work on /mnt/c/Users/Tilto/Desktop/Work/Airflow/dags/primeira_dag_v2.py
[2024-05-07T18:19:40.685-0300] {processor.py:830} INFO - Processing file /mnt/c/Users/Tilto/Desktop/Work/Airflow/dags/primeira_dag_v2.py for tasks to queue
[2024-05-07T18:19:40.686-0300] {logging_mixin.py:188} INFO - [2024-05-07T18:19:40.686-0300] {dagbag.py:540} INFO - Filling up the DagBag from /mnt/c/Users/Tilto/Desktop/Work/Airflow/dags/primeira_dag_v2.py
[2024-05-07T18:19:40.711-0300] {processor.py:840} INFO - DAG(s) 'a_primeira_DAG_v2' retrieved from /mnt/c/Users/Tilto/Desktop/Work/Airflow/dags/primeira_dag_v2.py
[2024-05-07T18:19:40.726-0300] {logging_mixin.py:188} INFO - [2024-05-07T18:19:40.726-0300] {dag.py:3096} INFO - Sync 1 DAGs
[2024-05-07T18:19:40.758-0300] {logging_mixin.py:188} INFO - [2024-05-07T18:19:40.758-0300] {dag.py:3954} INFO - Setting next_dagrun for a_primeira_DAG_v2 to 2024-05-07 00:00:00+00:00, run_after=2024-05-08 00:00:00+00:00
[2024-05-07T18:19:40.852-0300] {processor.py:183} INFO - Processing /mnt/c/Users/Tilto/Desktop/Work/Airflow/dags/primeira_dag_v2.py took 0.173 seconds
[2024-05-07T18:20:12.519-0300] {processor.py:161} INFO - Started process (PID=6944) to work on /mnt/c/Users/Tilto/Desktop/Work/Airflow/dags/primeira_dag_v2.py
[2024-05-07T18:20:12.520-0300] {processor.py:830} INFO - Processing file /mnt/c/Users/Tilto/Desktop/Work/Airflow/dags/primeira_dag_v2.py for tasks to queue
[2024-05-07T18:20:12.522-0300] {logging_mixin.py:188} INFO - [2024-05-07T18:20:12.521-0300] {dagbag.py:540} INFO - Filling up the DagBag from /mnt/c/Users/Tilto/Desktop/Work/Airflow/dags/primeira_dag_v2.py
[2024-05-07T18:20:12.544-0300] {processor.py:840} INFO - DAG(s) 'a_primeira_DAG_v2' retrieved from /mnt/c/Users/Tilto/Desktop/Work/Airflow/dags/primeira_dag_v2.py
[2024-05-07T18:20:12.654-0300] {logging_mixin.py:188} INFO - [2024-05-07T18:20:12.654-0300] {dag.py:3096} INFO - Sync 1 DAGs
[2024-05-07T18:20:12.678-0300] {logging_mixin.py:188} INFO - [2024-05-07T18:20:12.678-0300] {dag.py:3954} INFO - Setting next_dagrun for a_primeira_DAG_v2 to 2024-05-07 00:00:00+00:00, run_after=2024-05-08 00:00:00+00:00
[2024-05-07T18:20:12.763-0300] {processor.py:183} INFO - Processing /mnt/c/Users/Tilto/Desktop/Work/Airflow/dags/primeira_dag_v2.py took 0.249 seconds
[2024-05-07T18:20:43.500-0300] {processor.py:161} INFO - Started process (PID=7077) to work on /mnt/c/Users/Tilto/Desktop/Work/Airflow/dags/primeira_dag_v2.py
[2024-05-07T18:20:43.501-0300] {processor.py:830} INFO - Processing file /mnt/c/Users/Tilto/Desktop/Work/Airflow/dags/primeira_dag_v2.py for tasks to queue
[2024-05-07T18:20:43.503-0300] {logging_mixin.py:188} INFO - [2024-05-07T18:20:43.502-0300] {dagbag.py:540} INFO - Filling up the DagBag from /mnt/c/Users/Tilto/Desktop/Work/Airflow/dags/primeira_dag_v2.py
[2024-05-07T18:20:43.524-0300] {processor.py:840} INFO - DAG(s) 'a_primeira_DAG_v2' retrieved from /mnt/c/Users/Tilto/Desktop/Work/Airflow/dags/primeira_dag_v2.py
[2024-05-07T18:20:43.550-0300] {logging_mixin.py:188} INFO - [2024-05-07T18:20:43.550-0300] {dag.py:3096} INFO - Sync 1 DAGs
[2024-05-07T18:20:43.576-0300] {logging_mixin.py:188} INFO - [2024-05-07T18:20:43.575-0300] {dag.py:3954} INFO - Setting next_dagrun for a_primeira_DAG_v2 to 2024-05-07 00:00:00+00:00, run_after=2024-05-08 00:00:00+00:00
[2024-05-07T18:20:43.636-0300] {processor.py:183} INFO - Processing /mnt/c/Users/Tilto/Desktop/Work/Airflow/dags/primeira_dag_v2.py took 0.140 seconds
[2024-05-07T18:21:14.801-0300] {processor.py:161} INFO - Started process (PID=7223) to work on /mnt/c/Users/Tilto/Desktop/Work/Airflow/dags/primeira_dag_v2.py
[2024-05-07T18:21:14.802-0300] {processor.py:830} INFO - Processing file /mnt/c/Users/Tilto/Desktop/Work/Airflow/dags/primeira_dag_v2.py for tasks to queue
[2024-05-07T18:21:14.804-0300] {logging_mixin.py:188} INFO - [2024-05-07T18:21:14.803-0300] {dagbag.py:540} INFO - Filling up the DagBag from /mnt/c/Users/Tilto/Desktop/Work/Airflow/dags/primeira_dag_v2.py
[2024-05-07T18:21:14.827-0300] {processor.py:840} INFO - DAG(s) 'a_primeira_DAG_v2' retrieved from /mnt/c/Users/Tilto/Desktop/Work/Airflow/dags/primeira_dag_v2.py
[2024-05-07T18:21:14.853-0300] {logging_mixin.py:188} INFO - [2024-05-07T18:21:14.853-0300] {dag.py:3096} INFO - Sync 1 DAGs
[2024-05-07T18:21:14.876-0300] {logging_mixin.py:188} INFO - [2024-05-07T18:21:14.876-0300] {dag.py:3954} INFO - Setting next_dagrun for a_primeira_DAG_v2 to 2024-05-07 00:00:00+00:00, run_after=2024-05-08 00:00:00+00:00
[2024-05-07T18:21:14.995-0300] {processor.py:183} INFO - Processing /mnt/c/Users/Tilto/Desktop/Work/Airflow/dags/primeira_dag_v2.py took 0.198 seconds
[2024-05-07T18:48:31.230-0300] {processor.py:161} INFO - Started process (PID=13759) to work on /mnt/c/Users/Tilto/Desktop/Work/Airflow/dags/primeira_dag_v2.py
[2024-05-07T18:48:31.231-0300] {processor.py:830} INFO - Processing file /mnt/c/Users/Tilto/Desktop/Work/Airflow/dags/primeira_dag_v2.py for tasks to queue
[2024-05-07T18:48:31.232-0300] {logging_mixin.py:188} INFO - [2024-05-07T18:48:31.232-0300] {dagbag.py:540} INFO - Filling up the DagBag from /mnt/c/Users/Tilto/Desktop/Work/Airflow/dags/primeira_dag_v2.py
[2024-05-07T18:48:31.262-0300] {processor.py:840} INFO - DAG(s) 'a_primeira_DAG_v2' retrieved from /mnt/c/Users/Tilto/Desktop/Work/Airflow/dags/primeira_dag_v2.py
[2024-05-07T18:48:31.275-0300] {logging_mixin.py:188} INFO - [2024-05-07T18:48:31.275-0300] {dag.py:3096} INFO - Sync 1 DAGs
[2024-05-07T18:48:31.310-0300] {logging_mixin.py:188} INFO - [2024-05-07T18:48:31.310-0300] {dag.py:3954} INFO - Setting next_dagrun for a_primeira_DAG_v2 to 2024-05-07 00:00:00+00:00, run_after=2024-05-08 00:00:00+00:00
[2024-05-07T18:48:31.373-0300] {processor.py:183} INFO - Processing /mnt/c/Users/Tilto/Desktop/Work/Airflow/dags/primeira_dag_v2.py took 0.148 seconds
[2024-05-07T18:49:02.474-0300] {processor.py:161} INFO - Started process (PID=13897) to work on /mnt/c/Users/Tilto/Desktop/Work/Airflow/dags/primeira_dag_v2.py
[2024-05-07T18:49:02.475-0300] {processor.py:830} INFO - Processing file /mnt/c/Users/Tilto/Desktop/Work/Airflow/dags/primeira_dag_v2.py for tasks to queue
[2024-05-07T18:49:02.477-0300] {logging_mixin.py:188} INFO - [2024-05-07T18:49:02.476-0300] {dagbag.py:540} INFO - Filling up the DagBag from /mnt/c/Users/Tilto/Desktop/Work/Airflow/dags/primeira_dag_v2.py
[2024-05-07T18:49:02.498-0300] {processor.py:840} INFO - DAG(s) 'a_primeira_DAG_v2' retrieved from /mnt/c/Users/Tilto/Desktop/Work/Airflow/dags/primeira_dag_v2.py
[2024-05-07T18:49:02.600-0300] {logging_mixin.py:188} INFO - [2024-05-07T18:49:02.600-0300] {dag.py:3096} INFO - Sync 1 DAGs
[2024-05-07T18:49:02.622-0300] {logging_mixin.py:188} INFO - [2024-05-07T18:49:02.622-0300] {dag.py:3954} INFO - Setting next_dagrun for a_primeira_DAG_v2 to 2024-05-07 00:00:00+00:00, run_after=2024-05-08 00:00:00+00:00
[2024-05-07T18:49:02.687-0300] {processor.py:183} INFO - Processing /mnt/c/Users/Tilto/Desktop/Work/Airflow/dags/primeira_dag_v2.py took 0.217 seconds
[2024-05-07T18:49:33.508-0300] {processor.py:161} INFO - Started process (PID=14027) to work on /mnt/c/Users/Tilto/Desktop/Work/Airflow/dags/primeira_dag_v2.py
[2024-05-07T18:49:33.509-0300] {processor.py:830} INFO - Processing file /mnt/c/Users/Tilto/Desktop/Work/Airflow/dags/primeira_dag_v2.py for tasks to queue
[2024-05-07T18:49:33.511-0300] {logging_mixin.py:188} INFO - [2024-05-07T18:49:33.511-0300] {dagbag.py:540} INFO - Filling up the DagBag from /mnt/c/Users/Tilto/Desktop/Work/Airflow/dags/primeira_dag_v2.py
[2024-05-07T18:49:33.534-0300] {processor.py:840} INFO - DAG(s) 'a_primeira_DAG_v2' retrieved from /mnt/c/Users/Tilto/Desktop/Work/Airflow/dags/primeira_dag_v2.py
[2024-05-07T18:49:33.561-0300] {logging_mixin.py:188} INFO - [2024-05-07T18:49:33.561-0300] {dag.py:3096} INFO - Sync 1 DAGs
[2024-05-07T18:49:33.587-0300] {logging_mixin.py:188} INFO - [2024-05-07T18:49:33.586-0300] {dag.py:3954} INFO - Setting next_dagrun for a_primeira_DAG_v2 to 2024-05-07 00:00:00+00:00, run_after=2024-05-08 00:00:00+00:00
[2024-05-07T18:49:33.648-0300] {processor.py:183} INFO - Processing /mnt/c/Users/Tilto/Desktop/Work/Airflow/dags/primeira_dag_v2.py took 0.144 seconds
[2024-05-07T18:50:04.605-0300] {processor.py:161} INFO - Started process (PID=14157) to work on /mnt/c/Users/Tilto/Desktop/Work/Airflow/dags/primeira_dag_v2.py
[2024-05-07T18:50:04.606-0300] {processor.py:830} INFO - Processing file /mnt/c/Users/Tilto/Desktop/Work/Airflow/dags/primeira_dag_v2.py for tasks to queue
[2024-05-07T18:50:04.608-0300] {logging_mixin.py:188} INFO - [2024-05-07T18:50:04.608-0300] {dagbag.py:540} INFO - Filling up the DagBag from /mnt/c/Users/Tilto/Desktop/Work/Airflow/dags/primeira_dag_v2.py
[2024-05-07T18:50:04.634-0300] {processor.py:840} INFO - DAG(s) 'a_primeira_DAG_v2' retrieved from /mnt/c/Users/Tilto/Desktop/Work/Airflow/dags/primeira_dag_v2.py
[2024-05-07T18:50:04.660-0300] {logging_mixin.py:188} INFO - [2024-05-07T18:50:04.659-0300] {dag.py:3096} INFO - Sync 1 DAGs
[2024-05-07T18:50:04.683-0300] {logging_mixin.py:188} INFO - [2024-05-07T18:50:04.683-0300] {dag.py:3954} INFO - Setting next_dagrun for a_primeira_DAG_v2 to 2024-05-07 00:00:00+00:00, run_after=2024-05-08 00:00:00+00:00
[2024-05-07T18:50:04.746-0300] {processor.py:183} INFO - Processing /mnt/c/Users/Tilto/Desktop/Work/Airflow/dags/primeira_dag_v2.py took 0.145 seconds
[2024-05-07T18:50:35.529-0300] {processor.py:161} INFO - Started process (PID=14291) to work on /mnt/c/Users/Tilto/Desktop/Work/Airflow/dags/primeira_dag_v2.py
[2024-05-07T18:50:35.530-0300] {processor.py:830} INFO - Processing file /mnt/c/Users/Tilto/Desktop/Work/Airflow/dags/primeira_dag_v2.py for tasks to queue
[2024-05-07T18:50:35.531-0300] {logging_mixin.py:188} INFO - [2024-05-07T18:50:35.531-0300] {dagbag.py:540} INFO - Filling up the DagBag from /mnt/c/Users/Tilto/Desktop/Work/Airflow/dags/primeira_dag_v2.py
[2024-05-07T18:50:35.556-0300] {processor.py:840} INFO - DAG(s) 'a_primeira_DAG_v2' retrieved from /mnt/c/Users/Tilto/Desktop/Work/Airflow/dags/primeira_dag_v2.py
[2024-05-07T18:50:35.587-0300] {logging_mixin.py:188} INFO - [2024-05-07T18:50:35.587-0300] {dag.py:3096} INFO - Sync 1 DAGs
[2024-05-07T18:50:35.612-0300] {logging_mixin.py:188} INFO - [2024-05-07T18:50:35.612-0300] {dag.py:3954} INFO - Setting next_dagrun for a_primeira_DAG_v2 to 2024-05-07 00:00:00+00:00, run_after=2024-05-08 00:00:00+00:00
[2024-05-07T18:50:35.671-0300] {processor.py:183} INFO - Processing /mnt/c/Users/Tilto/Desktop/Work/Airflow/dags/primeira_dag_v2.py took 0.147 seconds
[2024-05-07T18:51:06.566-0300] {processor.py:161} INFO - Started process (PID=14425) to work on /mnt/c/Users/Tilto/Desktop/Work/Airflow/dags/primeira_dag_v2.py
[2024-05-07T18:51:06.567-0300] {processor.py:830} INFO - Processing file /mnt/c/Users/Tilto/Desktop/Work/Airflow/dags/primeira_dag_v2.py for tasks to queue
[2024-05-07T18:51:06.568-0300] {logging_mixin.py:188} INFO - [2024-05-07T18:51:06.568-0300] {dagbag.py:540} INFO - Filling up the DagBag from /mnt/c/Users/Tilto/Desktop/Work/Airflow/dags/primeira_dag_v2.py
[2024-05-07T18:51:06.592-0300] {processor.py:840} INFO - DAG(s) 'a_primeira_DAG_v2' retrieved from /mnt/c/Users/Tilto/Desktop/Work/Airflow/dags/primeira_dag_v2.py
[2024-05-07T18:51:06.616-0300] {logging_mixin.py:188} INFO - [2024-05-07T18:51:06.616-0300] {dag.py:3096} INFO - Sync 1 DAGs
[2024-05-07T18:51:06.641-0300] {logging_mixin.py:188} INFO - [2024-05-07T18:51:06.640-0300] {dag.py:3954} INFO - Setting next_dagrun for a_primeira_DAG_v2 to 2024-05-07 00:00:00+00:00, run_after=2024-05-08 00:00:00+00:00
[2024-05-07T18:51:06.698-0300] {processor.py:183} INFO - Processing /mnt/c/Users/Tilto/Desktop/Work/Airflow/dags/primeira_dag_v2.py took 0.136 seconds
[2024-05-07T18:51:44.278-0300] {processor.py:161} INFO - Started process (PID=14647) to work on /mnt/c/Users/Tilto/Desktop/Work/Airflow/dags/primeira_dag_v2.py
[2024-05-07T18:51:44.279-0300] {processor.py:830} INFO - Processing file /mnt/c/Users/Tilto/Desktop/Work/Airflow/dags/primeira_dag_v2.py for tasks to queue
[2024-05-07T18:51:44.280-0300] {logging_mixin.py:188} INFO - [2024-05-07T18:51:44.280-0300] {dagbag.py:540} INFO - Filling up the DagBag from /mnt/c/Users/Tilto/Desktop/Work/Airflow/dags/primeira_dag_v2.py
[2024-05-07T18:51:44.302-0300] {processor.py:840} INFO - DAG(s) 'a_primeira_DAG_v2' retrieved from /mnt/c/Users/Tilto/Desktop/Work/Airflow/dags/primeira_dag_v2.py
[2024-05-07T18:51:44.315-0300] {logging_mixin.py:188} INFO - [2024-05-07T18:51:44.314-0300] {dag.py:3096} INFO - Sync 1 DAGs
[2024-05-07T18:51:44.340-0300] {logging_mixin.py:188} INFO - [2024-05-07T18:51:44.339-0300] {dag.py:3954} INFO - Setting next_dagrun for a_primeira_DAG_v2 to 2024-05-07 00:00:00+00:00, run_after=2024-05-08 00:00:00+00:00
[2024-05-07T18:51:44.400-0300] {processor.py:183} INFO - Processing /mnt/c/Users/Tilto/Desktop/Work/Airflow/dags/primeira_dag_v2.py took 0.126 seconds
[2024-05-07T18:52:15.551-0300] {processor.py:161} INFO - Started process (PID=14797) to work on /mnt/c/Users/Tilto/Desktop/Work/Airflow/dags/primeira_dag_v2.py
[2024-05-07T18:52:15.552-0300] {processor.py:830} INFO - Processing file /mnt/c/Users/Tilto/Desktop/Work/Airflow/dags/primeira_dag_v2.py for tasks to queue
[2024-05-07T18:52:15.554-0300] {logging_mixin.py:188} INFO - [2024-05-07T18:52:15.554-0300] {dagbag.py:540} INFO - Filling up the DagBag from /mnt/c/Users/Tilto/Desktop/Work/Airflow/dags/primeira_dag_v2.py
[2024-05-07T18:52:15.577-0300] {processor.py:840} INFO - DAG(s) 'a_primeira_DAG_v2' retrieved from /mnt/c/Users/Tilto/Desktop/Work/Airflow/dags/primeira_dag_v2.py
[2024-05-07T18:52:15.695-0300] {logging_mixin.py:188} INFO - [2024-05-07T18:52:15.695-0300] {dag.py:3096} INFO - Sync 1 DAGs
[2024-05-07T18:52:15.722-0300] {logging_mixin.py:188} INFO - [2024-05-07T18:52:15.722-0300] {dag.py:3954} INFO - Setting next_dagrun for a_primeira_DAG_v2 to 2024-05-07 00:00:00+00:00, run_after=2024-05-08 00:00:00+00:00
[2024-05-07T18:52:15.868-0300] {processor.py:183} INFO - Processing /mnt/c/Users/Tilto/Desktop/Work/Airflow/dags/primeira_dag_v2.py took 0.321 seconds
[2024-05-07T18:52:53.381-0300] {processor.py:161} INFO - Started process (PID=15016) to work on /mnt/c/Users/Tilto/Desktop/Work/Airflow/dags/primeira_dag_v2.py
[2024-05-07T18:52:53.382-0300] {processor.py:830} INFO - Processing file /mnt/c/Users/Tilto/Desktop/Work/Airflow/dags/primeira_dag_v2.py for tasks to queue
[2024-05-07T18:52:53.385-0300] {logging_mixin.py:188} INFO - [2024-05-07T18:52:53.384-0300] {dagbag.py:540} INFO - Filling up the DagBag from /mnt/c/Users/Tilto/Desktop/Work/Airflow/dags/primeira_dag_v2.py
[2024-05-07T18:52:53.410-0300] {processor.py:840} INFO - DAG(s) 'a_primeira_DAG_v2' retrieved from /mnt/c/Users/Tilto/Desktop/Work/Airflow/dags/primeira_dag_v2.py
[2024-05-07T18:52:53.424-0300] {logging_mixin.py:188} INFO - [2024-05-07T18:52:53.423-0300] {dag.py:3096} INFO - Sync 1 DAGs
[2024-05-07T18:52:53.452-0300] {logging_mixin.py:188} INFO - [2024-05-07T18:52:53.452-0300] {dag.py:3954} INFO - Setting next_dagrun for a_primeira_DAG_v2 to 2024-05-07 00:00:00+00:00, run_after=2024-05-08 00:00:00+00:00
[2024-05-07T18:52:53.595-0300] {processor.py:183} INFO - Processing /mnt/c/Users/Tilto/Desktop/Work/Airflow/dags/primeira_dag_v2.py took 0.219 seconds
[2024-05-07T18:53:24.659-0300] {processor.py:161} INFO - Started process (PID=15161) to work on /mnt/c/Users/Tilto/Desktop/Work/Airflow/dags/primeira_dag_v2.py
[2024-05-07T18:53:24.660-0300] {processor.py:830} INFO - Processing file /mnt/c/Users/Tilto/Desktop/Work/Airflow/dags/primeira_dag_v2.py for tasks to queue
[2024-05-07T18:53:24.661-0300] {logging_mixin.py:188} INFO - [2024-05-07T18:53:24.661-0300] {dagbag.py:540} INFO - Filling up the DagBag from /mnt/c/Users/Tilto/Desktop/Work/Airflow/dags/primeira_dag_v2.py
[2024-05-07T18:53:24.684-0300] {processor.py:840} INFO - DAG(s) 'a_primeira_DAG_v2' retrieved from /mnt/c/Users/Tilto/Desktop/Work/Airflow/dags/primeira_dag_v2.py
[2024-05-07T18:53:24.790-0300] {logging_mixin.py:188} INFO - [2024-05-07T18:53:24.790-0300] {dag.py:3096} INFO - Sync 1 DAGs
[2024-05-07T18:53:24.814-0300] {logging_mixin.py:188} INFO - [2024-05-07T18:53:24.814-0300] {dag.py:3954} INFO - Setting next_dagrun for a_primeira_DAG_v2 to 2024-05-07 00:00:00+00:00, run_after=2024-05-08 00:00:00+00:00
[2024-05-07T18:53:24.933-0300] {processor.py:183} INFO - Processing /mnt/c/Users/Tilto/Desktop/Work/Airflow/dags/primeira_dag_v2.py took 0.278 seconds
[2024-05-07T18:53:55.714-0300] {processor.py:161} INFO - Started process (PID=15324) to work on /mnt/c/Users/Tilto/Desktop/Work/Airflow/dags/primeira_dag_v2.py
[2024-05-07T18:53:55.715-0300] {processor.py:830} INFO - Processing file /mnt/c/Users/Tilto/Desktop/Work/Airflow/dags/primeira_dag_v2.py for tasks to queue
[2024-05-07T18:53:55.716-0300] {logging_mixin.py:188} INFO - [2024-05-07T18:53:55.716-0300] {dagbag.py:540} INFO - Filling up the DagBag from /mnt/c/Users/Tilto/Desktop/Work/Airflow/dags/primeira_dag_v2.py
[2024-05-07T18:53:55.739-0300] {processor.py:840} INFO - DAG(s) 'a_primeira_DAG_v2' retrieved from /mnt/c/Users/Tilto/Desktop/Work/Airflow/dags/primeira_dag_v2.py
[2024-05-07T18:53:55.766-0300] {logging_mixin.py:188} INFO - [2024-05-07T18:53:55.766-0300] {dag.py:3096} INFO - Sync 1 DAGs
[2024-05-07T18:53:55.789-0300] {logging_mixin.py:188} INFO - [2024-05-07T18:53:55.789-0300] {dag.py:3954} INFO - Setting next_dagrun for a_primeira_DAG_v2 to 2024-05-07 00:00:00+00:00, run_after=2024-05-08 00:00:00+00:00
[2024-05-07T18:53:55.860-0300] {processor.py:183} INFO - Processing /mnt/c/Users/Tilto/Desktop/Work/Airflow/dags/primeira_dag_v2.py took 0.150 seconds
[2024-05-07T18:54:27.868-0300] {processor.py:161} INFO - Started process (PID=15472) to work on /mnt/c/Users/Tilto/Desktop/Work/Airflow/dags/primeira_dag_v2.py
[2024-05-07T18:54:27.869-0300] {processor.py:830} INFO - Processing file /mnt/c/Users/Tilto/Desktop/Work/Airflow/dags/primeira_dag_v2.py for tasks to queue
[2024-05-07T18:54:27.872-0300] {logging_mixin.py:188} INFO - [2024-05-07T18:54:27.871-0300] {dagbag.py:540} INFO - Filling up the DagBag from /mnt/c/Users/Tilto/Desktop/Work/Airflow/dags/primeira_dag_v2.py
[2024-05-07T18:54:27.898-0300] {processor.py:840} INFO - DAG(s) 'a_primeira_DAG_v2' retrieved from /mnt/c/Users/Tilto/Desktop/Work/Airflow/dags/primeira_dag_v2.py
[2024-05-07T18:54:27.933-0300] {logging_mixin.py:188} INFO - [2024-05-07T18:54:27.933-0300] {dag.py:3096} INFO - Sync 1 DAGs
[2024-05-07T18:54:27.961-0300] {logging_mixin.py:188} INFO - [2024-05-07T18:54:27.961-0300] {dag.py:3954} INFO - Setting next_dagrun for a_primeira_DAG_v2 to 2024-05-07 00:00:00+00:00, run_after=2024-05-08 00:00:00+00:00
[2024-05-07T18:54:28.069-0300] {processor.py:183} INFO - Processing /mnt/c/Users/Tilto/Desktop/Work/Airflow/dags/primeira_dag_v2.py took 0.208 seconds
[2024-05-07T18:54:59.166-0300] {processor.py:161} INFO - Started process (PID=15619) to work on /mnt/c/Users/Tilto/Desktop/Work/Airflow/dags/primeira_dag_v2.py
[2024-05-07T18:54:59.167-0300] {processor.py:830} INFO - Processing file /mnt/c/Users/Tilto/Desktop/Work/Airflow/dags/primeira_dag_v2.py for tasks to queue
[2024-05-07T18:54:59.169-0300] {logging_mixin.py:188} INFO - [2024-05-07T18:54:59.169-0300] {dagbag.py:540} INFO - Filling up the DagBag from /mnt/c/Users/Tilto/Desktop/Work/Airflow/dags/primeira_dag_v2.py
[2024-05-07T18:54:59.192-0300] {processor.py:840} INFO - DAG(s) 'a_primeira_DAG_v2' retrieved from /mnt/c/Users/Tilto/Desktop/Work/Airflow/dags/primeira_dag_v2.py
[2024-05-07T18:54:59.220-0300] {logging_mixin.py:188} INFO - [2024-05-07T18:54:59.220-0300] {dag.py:3096} INFO - Sync 1 DAGs
[2024-05-07T18:54:59.244-0300] {logging_mixin.py:188} INFO - [2024-05-07T18:54:59.244-0300] {dag.py:3954} INFO - Setting next_dagrun for a_primeira_DAG_v2 to 2024-05-07 00:00:00+00:00, run_after=2024-05-08 00:00:00+00:00
[2024-05-07T18:54:59.310-0300] {processor.py:183} INFO - Processing /mnt/c/Users/Tilto/Desktop/Work/Airflow/dags/primeira_dag_v2.py took 0.148 seconds
[2024-05-07T18:55:29.691-0300] {processor.py:161} INFO - Started process (PID=15758) to work on /mnt/c/Users/Tilto/Desktop/Work/Airflow/dags/primeira_dag_v2.py
[2024-05-07T18:55:29.692-0300] {processor.py:830} INFO - Processing file /mnt/c/Users/Tilto/Desktop/Work/Airflow/dags/primeira_dag_v2.py for tasks to queue
[2024-05-07T18:55:29.694-0300] {logging_mixin.py:188} INFO - [2024-05-07T18:55:29.693-0300] {dagbag.py:540} INFO - Filling up the DagBag from /mnt/c/Users/Tilto/Desktop/Work/Airflow/dags/primeira_dag_v2.py
[2024-05-07T18:55:29.727-0300] {processor.py:840} INFO - DAG(s) 'a_primeira_DAG_v2' retrieved from /mnt/c/Users/Tilto/Desktop/Work/Airflow/dags/primeira_dag_v2.py
[2024-05-07T18:55:29.775-0300] {logging_mixin.py:188} INFO - [2024-05-07T18:55:29.775-0300] {dag.py:3096} INFO - Sync 1 DAGs
[2024-05-07T18:55:29.801-0300] {logging_mixin.py:188} INFO - [2024-05-07T18:55:29.801-0300] {dag.py:3954} INFO - Setting next_dagrun for a_primeira_DAG_v2 to 2024-05-07 00:00:00+00:00, run_after=2024-05-08 00:00:00+00:00
[2024-05-07T18:55:29.864-0300] {processor.py:183} INFO - Processing /mnt/c/Users/Tilto/Desktop/Work/Airflow/dags/primeira_dag_v2.py took 0.178 seconds
