[2024-05-03T21:13:53.771-0300] {local_task_job_runner.py:120} INFO - ::group::Pre task execution logs
[2024-05-03T21:13:53.797-0300] {taskinstance.py:2073} INFO - Dependencies all met for dep_context=non-requeueable deps ti=<TaskInstance: a_primeira_DAG_v1.hello scheduled__2024-03-07T00:00:00+00:00 [queued]>
[2024-05-03T21:13:53.816-0300] {taskinstance.py:2073} INFO - Dependencies all met for dep_context=requeueable deps ti=<TaskInstance: a_primeira_DAG_v1.hello scheduled__2024-03-07T00:00:00+00:00 [queued]>
[2024-05-03T21:13:53.816-0300] {taskinstance.py:2303} INFO - Starting attempt 1 of 1
[2024-05-03T21:13:53.854-0300] {taskinstance.py:2327} INFO - Executing <Task(BashOperator): hello> on 2024-03-07 00:00:00+00:00
[2024-05-03T21:13:53.856-0300] {standard_task_runner.py:63} INFO - Started process 19359 to run task
[2024-05-03T21:13:53.858-0300] {standard_task_runner.py:90} INFO - Running: ['airflow', 'tasks', 'run', 'a_primeira_DAG_v1', 'hello', 'scheduled__2024-03-07T00:00:00+00:00', '--job-id', '885', '--raw', '--subdir', 'DAGS_FOLDER/primeira_dagv1.py', '--cfg-path', '/tmp/tmpwhpvsh5s']
[2024-05-03T21:13:53.860-0300] {standard_task_runner.py:91} INFO - Job 885: Subtask hello
[2024-05-03T21:13:54.009-0300] {task_command.py:426} INFO - Running <TaskInstance: a_primeira_DAG_v1.hello scheduled__2024-03-07T00:00:00+00:00 [running]> on host PC-Tilto.
[2024-05-03T21:13:54.214-0300] {taskinstance.py:2644} INFO - Exporting env vars: AIRFLOW_CTX_DAG_OWNER='airflow' AIRFLOW_CTX_DAG_ID='a_primeira_DAG_v1' AIRFLOW_CTX_TASK_ID='hello' AIRFLOW_CTX_EXECUTION_DATE='2024-03-07T00:00:00+00:00' AIRFLOW_CTX_TRY_NUMBER='1' AIRFLOW_CTX_DAG_RUN_ID='scheduled__2024-03-07T00:00:00+00:00'
[2024-05-03T21:13:54.215-0300] {taskinstance.py:430} INFO - ::endgroup::
[2024-05-03T21:13:54.226-0300] {subprocess.py:63} INFO - Tmp dir root location: /tmp
[2024-05-03T21:13:54.227-0300] {subprocess.py:75} INFO - Running command: ['/usr/bin/bash', '-c', 'echo hello world']
[2024-05-03T21:13:54.231-0300] {subprocess.py:86} INFO - Output:
[2024-05-03T21:13:54.233-0300] {subprocess.py:93} INFO - hello world
[2024-05-03T21:13:54.233-0300] {subprocess.py:97} INFO - Command exited with return code 0
[2024-05-03T21:13:54.234-0300] {taskinstance.py:441} INFO - ::group::Post task execution logs
[2024-05-03T21:13:54.283-0300] {taskinstance.py:1205} INFO - Marking task as SUCCESS. dag_id=a_primeira_DAG_v1, task_id=hello, execution_date=20240307T000000, start_date=20240504T001353, end_date=20240504T001354
[2024-05-03T21:13:54.353-0300] {local_task_job_runner.py:240} INFO - Task exited with return code 0
[2024-05-03T21:13:54.374-0300] {taskinstance.py:3482} INFO - 0 downstream tasks scheduled from follow-on schedule check
[2024-05-03T21:13:54.376-0300] {local_task_job_runner.py:222} INFO - ::endgroup::
