[2024-05-03T20:52:44.825-0300] {local_task_job_runner.py:120} INFO - ::group::Pre task execution logs
[2024-05-03T20:52:44.851-0300] {taskinstance.py:2073} INFO - Dependencies all met for dep_context=non-requeueable deps ti=<TaskInstance: a_primeira_DAG_v0.hello scheduled__2023-11-18T00:00:00+00:00 [queued]>
[2024-05-03T20:52:44.865-0300] {taskinstance.py:2073} INFO - Dependencies all met for dep_context=requeueable deps ti=<TaskInstance: a_primeira_DAG_v0.hello scheduled__2023-11-18T00:00:00+00:00 [queued]>
[2024-05-03T20:52:44.866-0300] {taskinstance.py:2303} INFO - Starting attempt 1 of 1
[2024-05-03T20:52:44.900-0300] {taskinstance.py:2327} INFO - Executing <Task(BashOperator): hello> on 2023-11-18 00:00:00+00:00
[2024-05-03T20:52:44.903-0300] {standard_task_runner.py:63} INFO - Started process 13157 to run task
[2024-05-03T20:52:44.905-0300] {standard_task_runner.py:90} INFO - Running: ['airflow', 'tasks', 'run', 'a_primeira_DAG_v0', 'hello', 'scheduled__2023-11-18T00:00:00+00:00', '--job-id', '548', '--raw', '--subdir', 'DAGS_FOLDER/primeira_dag.py', '--cfg-path', '/tmp/tmptifu_cn5']
[2024-05-03T20:52:44.906-0300] {standard_task_runner.py:91} INFO - Job 548: Subtask hello
[2024-05-03T20:52:44.987-0300] {task_command.py:426} INFO - Running <TaskInstance: a_primeira_DAG_v0.hello scheduled__2023-11-18T00:00:00+00:00 [running]> on host PC-Tilto.
[2024-05-03T20:52:45.227-0300] {taskinstance.py:2644} INFO - Exporting env vars: AIRFLOW_CTX_DAG_OWNER='airflow' AIRFLOW_CTX_DAG_ID='a_primeira_DAG_v0' AIRFLOW_CTX_TASK_ID='hello' AIRFLOW_CTX_EXECUTION_DATE='2023-11-18T00:00:00+00:00' AIRFLOW_CTX_TRY_NUMBER='1' AIRFLOW_CTX_DAG_RUN_ID='scheduled__2023-11-18T00:00:00+00:00'
[2024-05-03T20:52:45.228-0300] {taskinstance.py:430} INFO - ::endgroup::
[2024-05-03T20:52:45.240-0300] {subprocess.py:63} INFO - Tmp dir root location: /tmp
[2024-05-03T20:52:45.241-0300] {subprocess.py:75} INFO - Running command: ['/usr/bin/bash', '-c', 'echo hello world']
[2024-05-03T20:52:45.247-0300] {subprocess.py:86} INFO - Output:
[2024-05-03T20:52:45.248-0300] {subprocess.py:93} INFO - hello world
[2024-05-03T20:52:45.249-0300] {subprocess.py:97} INFO - Command exited with return code 0
[2024-05-03T20:52:45.250-0300] {taskinstance.py:441} INFO - ::group::Post task execution logs
[2024-05-03T20:52:45.340-0300] {taskinstance.py:1205} INFO - Marking task as SUCCESS. dag_id=a_primeira_DAG_v0, task_id=hello, execution_date=20231118T000000, start_date=20240503T235244, end_date=20240503T235245
[2024-05-03T20:52:45.400-0300] {local_task_job_runner.py:240} INFO - Task exited with return code 0
[2024-05-03T20:52:45.425-0300] {taskinstance.py:3482} INFO - 0 downstream tasks scheduled from follow-on schedule check
[2024-05-03T20:52:45.428-0300] {local_task_job_runner.py:222} INFO - ::endgroup::
