[2024-05-03T20:53:52.379-0300] {local_task_job_runner.py:120} INFO - ::group::Pre task execution logs
[2024-05-03T20:53:52.402-0300] {taskinstance.py:2073} INFO - Dependencies all met for dep_context=non-requeueable deps ti=<TaskInstance: a_primeira_DAG_v1.hello scheduled__2023-11-26T00:00:00+00:00 [queued]>
[2024-05-03T20:53:52.416-0300] {taskinstance.py:2073} INFO - Dependencies all met for dep_context=requeueable deps ti=<TaskInstance: a_primeira_DAG_v1.hello scheduled__2023-11-26T00:00:00+00:00 [queued]>
[2024-05-03T20:53:52.417-0300] {taskinstance.py:2303} INFO - Starting attempt 1 of 1
[2024-05-03T20:53:52.454-0300] {taskinstance.py:2327} INFO - Executing <Task(BashOperator): hello> on 2023-11-26 00:00:00+00:00
[2024-05-03T20:53:52.456-0300] {standard_task_runner.py:63} INFO - Started process 13511 to run task
[2024-05-03T20:53:52.458-0300] {standard_task_runner.py:90} INFO - Running: ['airflow', 'tasks', 'run', 'a_primeira_DAG_v1', 'hello', 'scheduled__2023-11-26T00:00:00+00:00', '--job-id', '573', '--raw', '--subdir', 'DAGS_FOLDER/primeira_dagv1.py', '--cfg-path', '/tmp/tmpbkrv1pey']
[2024-05-03T20:53:52.459-0300] {standard_task_runner.py:91} INFO - Job 573: Subtask hello
[2024-05-03T20:53:52.549-0300] {task_command.py:426} INFO - Running <TaskInstance: a_primeira_DAG_v1.hello scheduled__2023-11-26T00:00:00+00:00 [running]> on host PC-Tilto.
[2024-05-03T20:53:52.748-0300] {taskinstance.py:2644} INFO - Exporting env vars: AIRFLOW_CTX_DAG_OWNER='airflow' AIRFLOW_CTX_DAG_ID='a_primeira_DAG_v1' AIRFLOW_CTX_TASK_ID='hello' AIRFLOW_CTX_EXECUTION_DATE='2023-11-26T00:00:00+00:00' AIRFLOW_CTX_TRY_NUMBER='1' AIRFLOW_CTX_DAG_RUN_ID='scheduled__2023-11-26T00:00:00+00:00'
[2024-05-03T20:53:52.749-0300] {taskinstance.py:430} INFO - ::endgroup::
[2024-05-03T20:53:52.760-0300] {subprocess.py:63} INFO - Tmp dir root location: /tmp
[2024-05-03T20:53:52.761-0300] {subprocess.py:75} INFO - Running command: ['/usr/bin/bash', '-c', 'echo hello world']
[2024-05-03T20:53:52.766-0300] {subprocess.py:86} INFO - Output:
[2024-05-03T20:53:52.767-0300] {subprocess.py:93} INFO - hello world
[2024-05-03T20:53:52.767-0300] {subprocess.py:97} INFO - Command exited with return code 0
[2024-05-03T20:53:52.768-0300] {taskinstance.py:441} INFO - ::group::Post task execution logs
[2024-05-03T20:53:52.817-0300] {taskinstance.py:1205} INFO - Marking task as SUCCESS. dag_id=a_primeira_DAG_v1, task_id=hello, execution_date=20231126T000000, start_date=20240503T235352, end_date=20240503T235352
[2024-05-03T20:53:52.872-0300] {local_task_job_runner.py:240} INFO - Task exited with return code 0
[2024-05-03T20:53:52.893-0300] {taskinstance.py:3482} INFO - 0 downstream tasks scheduled from follow-on schedule check
[2024-05-03T20:53:52.895-0300] {local_task_job_runner.py:222} INFO - ::endgroup::
