[2024-05-04T00:23:05.120-0300] {local_task_job_runner.py:120} INFO - ::group::Pre task execution logs
[2024-05-04T00:23:05.174-0300] {taskinstance.py:2073} INFO - Dependencies all met for dep_context=non-requeueable deps ti=<TaskInstance: Operator_dag.task1 manual__2024-05-04T03:23:02.004683+00:00 [queued]>
[2024-05-04T00:23:05.198-0300] {taskinstance.py:2073} INFO - Dependencies all met for dep_context=requeueable deps ti=<TaskInstance: Operator_dag.task1 manual__2024-05-04T03:23:02.004683+00:00 [queued]>
[2024-05-04T00:23:05.200-0300] {taskinstance.py:2303} INFO - Starting attempt 1 of 1
[2024-05-04T00:23:05.272-0300] {taskinstance.py:2327} INFO - Executing <Task(BashOperator): task1> on 2024-05-04 03:23:02.004683+00:00
[2024-05-04T00:23:05.275-0300] {standard_task_runner.py:63} INFO - Started process 6942 to run task
[2024-05-04T00:23:05.281-0300] {standard_task_runner.py:90} INFO - Running: ['airflow', 'tasks', 'run', 'Operator_dag', 'task1', 'manual__2024-05-04T03:23:02.004683+00:00', '--job-id', '1119', '--raw', '--subdir', 'DAGS_FOLDER/Operator_dag.py', '--cfg-path', '/tmp/tmps78we1ob']
[2024-05-04T00:23:05.284-0300] {standard_task_runner.py:91} INFO - Job 1119: Subtask task1
[2024-05-04T00:23:05.407-0300] {task_command.py:426} INFO - Running <TaskInstance: Operator_dag.task1 manual__2024-05-04T03:23:02.004683+00:00 [running]> on host PC-Tilto.
[2024-05-04T00:23:05.795-0300] {taskinstance.py:2644} INFO - Exporting env vars: AIRFLOW_CTX_DAG_OWNER='airflow' AIRFLOW_CTX_DAG_ID='Operator_dag' AIRFLOW_CTX_TASK_ID='task1' AIRFLOW_CTX_EXECUTION_DATE='2024-05-04T03:23:02.004683+00:00' AIRFLOW_CTX_TRY_NUMBER='1' AIRFLOW_CTX_DAG_RUN_ID='manual__2024-05-04T03:23:02.004683+00:00'
[2024-05-04T00:23:05.797-0300] {taskinstance.py:430} INFO - ::endgroup::
[2024-05-04T00:23:05.812-0300] {subprocess.py:63} INFO - Tmp dir root location: /tmp
[2024-05-04T00:23:05.815-0300] {subprocess.py:75} INFO - Running command: ['/usr/bin/bash', '-c', "echo 'Olha Mundo'"]
[2024-05-04T00:23:05.822-0300] {subprocess.py:86} INFO - Output:
[2024-05-04T00:23:05.823-0300] {subprocess.py:93} INFO - Olha Mundo
[2024-05-04T00:23:05.824-0300] {subprocess.py:97} INFO - Command exited with return code 0
[2024-05-04T00:23:05.825-0300] {taskinstance.py:441} INFO - ::group::Post task execution logs
[2024-05-04T00:23:06.023-0300] {taskinstance.py:1205} INFO - Marking task as SUCCESS. dag_id=Operator_dag, task_id=task1, execution_date=20240504T032302, start_date=20240504T032305, end_date=20240504T032306
[2024-05-04T00:23:06.096-0300] {local_task_job_runner.py:240} INFO - Task exited with return code 0
[2024-05-04T00:23:06.133-0300] {taskinstance.py:3482} INFO - 1 downstream tasks scheduled from follow-on schedule check
[2024-05-04T00:23:06.149-0300] {local_task_job_runner.py:222} INFO - ::endgroup::
