[2024-05-03T21:29:27.082-0300] {local_task_job_runner.py:120} INFO - ::group::Pre task execution logs
[2024-05-03T21:29:27.254-0300] {taskinstance.py:2073} INFO - Dependencies all met for dep_context=non-requeueable deps ti=<TaskInstance: a_primeira_DAG_v1.hello scheduled__2024-04-22T00:00:00+00:00 [queued]>
[2024-05-03T21:29:27.278-0300] {taskinstance.py:2073} INFO - Dependencies all met for dep_context=requeueable deps ti=<TaskInstance: a_primeira_DAG_v1.hello scheduled__2024-04-22T00:00:00+00:00 [queued]>
[2024-05-03T21:29:27.279-0300] {taskinstance.py:2303} INFO - Starting attempt 1 of 1
[2024-05-03T21:29:27.336-0300] {taskinstance.py:2327} INFO - Executing <Task(BashOperator): hello> on 2024-04-22 00:00:00+00:00
[2024-05-03T21:29:27.340-0300] {standard_task_runner.py:63} INFO - Started process 2414 to run task
[2024-05-03T21:29:27.344-0300] {standard_task_runner.py:90} INFO - Running: ['airflow', 'tasks', 'run', 'a_primeira_DAG_v1', 'hello', 'scheduled__2024-04-22T00:00:00+00:00', '--job-id', '1037', '--raw', '--subdir', 'DAGS_FOLDER/primeira_dagv1.py', '--cfg-path', '/tmp/tmpaya0ufnx']
[2024-05-03T21:29:27.345-0300] {standard_task_runner.py:91} INFO - Job 1037: Subtask hello
[2024-05-03T21:29:27.447-0300] {task_command.py:426} INFO - Running <TaskInstance: a_primeira_DAG_v1.hello scheduled__2024-04-22T00:00:00+00:00 [running]> on host PC-Tilto.
[2024-05-03T21:29:27.735-0300] {taskinstance.py:2644} INFO - Exporting env vars: AIRFLOW_CTX_DAG_OWNER='airflow' AIRFLOW_CTX_DAG_ID='a_primeira_DAG_v1' AIRFLOW_CTX_TASK_ID='hello' AIRFLOW_CTX_EXECUTION_DATE='2024-04-22T00:00:00+00:00' AIRFLOW_CTX_TRY_NUMBER='1' AIRFLOW_CTX_DAG_RUN_ID='scheduled__2024-04-22T00:00:00+00:00'
[2024-05-03T21:29:27.736-0300] {taskinstance.py:430} INFO - ::endgroup::
[2024-05-03T21:29:27.748-0300] {subprocess.py:63} INFO - Tmp dir root location: /tmp
[2024-05-03T21:29:27.749-0300] {subprocess.py:75} INFO - Running command: ['/usr/bin/bash', '-c', 'echo hello world']
[2024-05-03T21:29:27.754-0300] {subprocess.py:86} INFO - Output:
[2024-05-03T21:29:27.756-0300] {subprocess.py:93} INFO - hello world
[2024-05-03T21:29:27.756-0300] {subprocess.py:97} INFO - Command exited with return code 0
[2024-05-03T21:29:27.757-0300] {taskinstance.py:441} INFO - ::group::Post task execution logs
[2024-05-03T21:29:27.844-0300] {taskinstance.py:1205} INFO - Marking task as SUCCESS. dag_id=a_primeira_DAG_v1, task_id=hello, execution_date=20240422T000000, start_date=20240504T002927, end_date=20240504T002927
[2024-05-03T21:29:27.918-0300] {local_task_job_runner.py:240} INFO - Task exited with return code 0
[2024-05-03T21:29:27.941-0300] {taskinstance.py:3482} INFO - 0 downstream tasks scheduled from follow-on schedule check
[2024-05-03T21:29:27.943-0300] {local_task_job_runner.py:222} INFO - ::endgroup::
