[2024-05-03T20:04:46.876-0300] {local_task_job_runner.py:120} INFO - ::group::Pre task execution logs
[2024-05-03T20:04:46.901-0300] {taskinstance.py:2073} INFO - Dependencies all met for dep_context=non-requeueable deps ti=<TaskInstance: a_primeira_DAG_v0.hello scheduled__2023-11-02T00:00:00+00:00 [queued]>
[2024-05-03T20:04:46.916-0300] {taskinstance.py:2073} INFO - Dependencies all met for dep_context=requeueable deps ti=<TaskInstance: a_primeira_DAG_v0.hello scheduled__2023-11-02T00:00:00+00:00 [queued]>
[2024-05-03T20:04:46.916-0300] {taskinstance.py:2303} INFO - Starting attempt 1 of 1
[2024-05-03T20:04:46.950-0300] {taskinstance.py:2327} INFO - Executing <Task(BashOperator): hello> on 2023-11-02 00:00:00+00:00
[2024-05-03T20:04:46.952-0300] {standard_task_runner.py:63} INFO - Started process 1669 to run task
[2024-05-03T20:04:46.954-0300] {standard_task_runner.py:90} INFO - Running: ['airflow', 'tasks', 'run', 'a_primeira_DAG_v0', 'hello', 'scheduled__2023-11-02T00:00:00+00:00', '--job-id', '500', '--raw', '--subdir', 'DAGS_FOLDER/primeira_dag.py', '--cfg-path', '/tmp/tmpx8stx9ng']
[2024-05-03T20:04:46.955-0300] {standard_task_runner.py:91} INFO - Job 500: Subtask hello
[2024-05-03T20:04:47.034-0300] {task_command.py:426} INFO - Running <TaskInstance: a_primeira_DAG_v0.hello scheduled__2023-11-02T00:00:00+00:00 [running]> on host PC-Tilto.
[2024-05-03T20:04:47.217-0300] {taskinstance.py:2644} INFO - Exporting env vars: AIRFLOW_CTX_DAG_OWNER='airflow' AIRFLOW_CTX_DAG_ID='a_primeira_DAG_v0' AIRFLOW_CTX_TASK_ID='hello' AIRFLOW_CTX_EXECUTION_DATE='2023-11-02T00:00:00+00:00' AIRFLOW_CTX_TRY_NUMBER='1' AIRFLOW_CTX_DAG_RUN_ID='scheduled__2023-11-02T00:00:00+00:00'
[2024-05-03T20:04:47.217-0300] {taskinstance.py:430} INFO - ::endgroup::
[2024-05-03T20:04:47.229-0300] {subprocess.py:63} INFO - Tmp dir root location: /tmp
[2024-05-03T20:04:47.230-0300] {subprocess.py:75} INFO - Running command: ['/usr/bin/bash', '-c', 'echo hello world']
[2024-05-03T20:04:47.236-0300] {subprocess.py:86} INFO - Output:
[2024-05-03T20:04:47.237-0300] {subprocess.py:93} INFO - hello world
[2024-05-03T20:04:47.238-0300] {subprocess.py:97} INFO - Command exited with return code 0
[2024-05-03T20:04:47.238-0300] {taskinstance.py:441} INFO - ::group::Post task execution logs
[2024-05-03T20:04:47.286-0300] {taskinstance.py:1205} INFO - Marking task as SUCCESS. dag_id=a_primeira_DAG_v0, task_id=hello, execution_date=20231102T000000, start_date=20240503T230446, end_date=20240503T230447
[2024-05-03T20:04:47.367-0300] {local_task_job_runner.py:240} INFO - Task exited with return code 0
[2024-05-03T20:04:47.388-0300] {taskinstance.py:3482} INFO - 0 downstream tasks scheduled from follow-on schedule check
[2024-05-03T20:04:47.390-0300] {local_task_job_runner.py:222} INFO - ::endgroup::
