[2024-05-01T18:35:20.738-0300] {local_task_job_runner.py:120} INFO - ::group::Pre task execution logs
[2024-05-01T18:35:20.771-0300] {taskinstance.py:2073} INFO - Dependencies all met for dep_context=non-requeueable deps ti=<TaskInstance: a_primeira_DAG_v0.hello manual__2024-05-01T21:35:00.942479+00:00 [queued]>
[2024-05-01T18:35:20.785-0300] {taskinstance.py:2073} INFO - Dependencies all met for dep_context=requeueable deps ti=<TaskInstance: a_primeira_DAG_v0.hello manual__2024-05-01T21:35:00.942479+00:00 [queued]>
[2024-05-01T18:35:20.786-0300] {taskinstance.py:2303} INFO - Starting attempt 1 of 1
[2024-05-01T18:35:20.846-0300] {taskinstance.py:2327} INFO - Executing <Task(BashOperator): hello> on 2024-05-01 21:35:00.942479+00:00
[2024-05-01T18:35:20.849-0300] {standard_task_runner.py:63} INFO - Started process 3490 to run task
[2024-05-01T18:35:20.852-0300] {standard_task_runner.py:90} INFO - Running: ['airflow', 'tasks', 'run', 'a_primeira_DAG_v0', 'hello', 'manual__2024-05-01T21:35:00.942479+00:00', '--job-id', '24', '--raw', '--subdir', 'DAGS_FOLDER/primeira_dag.py', '--cfg-path', '/tmp/tmpc05n8ze4']
[2024-05-01T18:35:20.854-0300] {standard_task_runner.py:91} INFO - Job 24: Subtask hello
[2024-05-01T18:35:21.029-0300] {task_command.py:426} INFO - Running <TaskInstance: a_primeira_DAG_v0.hello manual__2024-05-01T21:35:00.942479+00:00 [running]> on host PC-Tilto.
[2024-05-01T18:35:21.242-0300] {taskinstance.py:2644} INFO - Exporting env vars: AIRFLOW_CTX_DAG_OWNER='airflow' AIRFLOW_CTX_DAG_ID='a_primeira_DAG_v0' AIRFLOW_CTX_TASK_ID='hello' AIRFLOW_CTX_EXECUTION_DATE='2024-05-01T21:35:00.942479+00:00' AIRFLOW_CTX_TRY_NUMBER='1' AIRFLOW_CTX_DAG_RUN_ID='manual__2024-05-01T21:35:00.942479+00:00'
[2024-05-01T18:35:21.243-0300] {taskinstance.py:430} INFO - ::endgroup::
[2024-05-01T18:35:21.255-0300] {subprocess.py:63} INFO - Tmp dir root location: /tmp
[2024-05-01T18:35:21.256-0300] {subprocess.py:75} INFO - Running command: ['/usr/bin/bash', '-c', 'echo hello world']
[2024-05-01T18:35:21.261-0300] {subprocess.py:86} INFO - Output:
[2024-05-01T18:35:21.263-0300] {subprocess.py:93} INFO - hello world
[2024-05-01T18:35:21.263-0300] {subprocess.py:97} INFO - Command exited with return code 0
[2024-05-01T18:35:21.264-0300] {taskinstance.py:441} INFO - ::group::Post task execution logs
[2024-05-01T18:35:21.310-0300] {taskinstance.py:1205} INFO - Marking task as SUCCESS. dag_id=a_primeira_DAG_v0, task_id=hello, execution_date=20240501T213500, start_date=20240501T213520, end_date=20240501T213521
[2024-05-01T18:35:21.346-0300] {local_task_job_runner.py:240} INFO - Task exited with return code 0
[2024-05-01T18:35:21.366-0300] {taskinstance.py:3482} INFO - 0 downstream tasks scheduled from follow-on schedule check
[2024-05-01T18:35:21.369-0300] {local_task_job_runner.py:222} INFO - ::endgroup::
