[2024-05-02T18:20:49.092-0300] {processor.py:161} INFO - Started process (PID=896) to work on /mnt/c/Users/Tilto/Desktop/Work/Airflow/dags/first_dag.py
[2024-05-02T18:20:49.094-0300] {processor.py:830} INFO - Processing file /mnt/c/Users/Tilto/Desktop/Work/Airflow/dags/first_dag.py for tasks to queue
[2024-05-02T18:20:49.096-0300] {logging_mixin.py:188} INFO - [2024-05-02T18:20:49.096-0300] {dagbag.py:540} INFO - Filling up the DagBag from /mnt/c/Users/Tilto/Desktop/Work/Airflow/dags/first_dag.py
[2024-05-02T18:20:49.122-0300] {logging_mixin.py:188} INFO - All Dag modules are ok ......
[2024-05-02T18:20:49.127-0300] {processor.py:840} INFO - DAG(s) 'first_dag' retrieved from /mnt/c/Users/Tilto/Desktop/Work/Airflow/dags/first_dag.py
[2024-05-02T18:20:49.148-0300] {logging_mixin.py:188} INFO - [2024-05-02T18:20:49.148-0300] {dag.py:3096} INFO - Sync 1 DAGs
[2024-05-02T18:20:49.176-0300] {logging_mixin.py:188} INFO - [2024-05-02T18:20:49.176-0300] {dag.py:3954} INFO - Setting next_dagrun for first_dag to None, run_after=None
[2024-05-02T18:20:49.263-0300] {processor.py:183} INFO - Processing /mnt/c/Users/Tilto/Desktop/Work/Airflow/dags/first_dag.py took 0.177 seconds
[2024-05-02T18:21:20.220-0300] {processor.py:161} INFO - Started process (PID=1028) to work on /mnt/c/Users/Tilto/Desktop/Work/Airflow/dags/first_dag.py
[2024-05-02T18:21:20.221-0300] {processor.py:830} INFO - Processing file /mnt/c/Users/Tilto/Desktop/Work/Airflow/dags/first_dag.py for tasks to queue
[2024-05-02T18:21:20.222-0300] {logging_mixin.py:188} INFO - [2024-05-02T18:21:20.222-0300] {dagbag.py:540} INFO - Filling up the DagBag from /mnt/c/Users/Tilto/Desktop/Work/Airflow/dags/first_dag.py
[2024-05-02T18:21:20.247-0300] {logging_mixin.py:188} INFO - All Dag modules are ok ......
[2024-05-02T18:21:20.252-0300] {processor.py:840} INFO - DAG(s) 'first_dag' retrieved from /mnt/c/Users/Tilto/Desktop/Work/Airflow/dags/first_dag.py
[2024-05-02T18:21:20.387-0300] {logging_mixin.py:188} INFO - [2024-05-02T18:21:20.387-0300] {dag.py:3096} INFO - Sync 1 DAGs
[2024-05-02T18:21:20.414-0300] {logging_mixin.py:188} INFO - [2024-05-02T18:21:20.413-0300] {dag.py:3954} INFO - Setting next_dagrun for first_dag to None, run_after=None
[2024-05-02T18:21:20.499-0300] {processor.py:183} INFO - Processing /mnt/c/Users/Tilto/Desktop/Work/Airflow/dags/first_dag.py took 0.284 seconds
[2024-05-02T18:21:51.737-0300] {processor.py:161} INFO - Started process (PID=1162) to work on /mnt/c/Users/Tilto/Desktop/Work/Airflow/dags/first_dag.py
[2024-05-02T18:21:51.738-0300] {processor.py:830} INFO - Processing file /mnt/c/Users/Tilto/Desktop/Work/Airflow/dags/first_dag.py for tasks to queue
[2024-05-02T18:21:51.740-0300] {logging_mixin.py:188} INFO - [2024-05-02T18:21:51.739-0300] {dagbag.py:540} INFO - Filling up the DagBag from /mnt/c/Users/Tilto/Desktop/Work/Airflow/dags/first_dag.py
[2024-05-02T18:21:51.766-0300] {logging_mixin.py:188} INFO - All Dag modules are ok ......
[2024-05-02T18:21:51.771-0300] {processor.py:840} INFO - DAG(s) 'first_dag' retrieved from /mnt/c/Users/Tilto/Desktop/Work/Airflow/dags/first_dag.py
[2024-05-02T18:21:51.819-0300] {logging_mixin.py:188} INFO - [2024-05-02T18:21:51.819-0300] {dag.py:3096} INFO - Sync 1 DAGs
[2024-05-02T18:21:51.847-0300] {logging_mixin.py:188} INFO - [2024-05-02T18:21:51.847-0300] {dag.py:3954} INFO - Setting next_dagrun for first_dag to None, run_after=None
[2024-05-02T18:21:51.933-0300] {processor.py:183} INFO - Processing /mnt/c/Users/Tilto/Desktop/Work/Airflow/dags/first_dag.py took 0.201 seconds
[2024-05-02T18:22:23.026-0300] {processor.py:161} INFO - Started process (PID=1290) to work on /mnt/c/Users/Tilto/Desktop/Work/Airflow/dags/first_dag.py
[2024-05-02T18:22:23.027-0300] {processor.py:830} INFO - Processing file /mnt/c/Users/Tilto/Desktop/Work/Airflow/dags/first_dag.py for tasks to queue
[2024-05-02T18:22:23.029-0300] {logging_mixin.py:188} INFO - [2024-05-02T18:22:23.028-0300] {dagbag.py:540} INFO - Filling up the DagBag from /mnt/c/Users/Tilto/Desktop/Work/Airflow/dags/first_dag.py
[2024-05-02T18:22:23.055-0300] {logging_mixin.py:188} INFO - All Dag modules are ok ......
[2024-05-02T18:22:23.060-0300] {processor.py:840} INFO - DAG(s) 'first_dag' retrieved from /mnt/c/Users/Tilto/Desktop/Work/Airflow/dags/first_dag.py
[2024-05-02T18:22:23.111-0300] {logging_mixin.py:188} INFO - [2024-05-02T18:22:23.110-0300] {dag.py:3096} INFO - Sync 1 DAGs
[2024-05-02T18:22:23.146-0300] {logging_mixin.py:188} INFO - [2024-05-02T18:22:23.146-0300] {dag.py:3954} INFO - Setting next_dagrun for first_dag to None, run_after=None
[2024-05-02T18:22:23.256-0300] {processor.py:183} INFO - Processing /mnt/c/Users/Tilto/Desktop/Work/Airflow/dags/first_dag.py took 0.235 seconds
[2024-05-02T18:22:53.612-0300] {processor.py:161} INFO - Started process (PID=1415) to work on /mnt/c/Users/Tilto/Desktop/Work/Airflow/dags/first_dag.py
[2024-05-02T18:22:53.613-0300] {processor.py:830} INFO - Processing file /mnt/c/Users/Tilto/Desktop/Work/Airflow/dags/first_dag.py for tasks to queue
[2024-05-02T18:22:53.614-0300] {logging_mixin.py:188} INFO - [2024-05-02T18:22:53.614-0300] {dagbag.py:540} INFO - Filling up the DagBag from /mnt/c/Users/Tilto/Desktop/Work/Airflow/dags/first_dag.py
[2024-05-02T18:22:53.637-0300] {logging_mixin.py:188} INFO - All Dag modules are ok ......
[2024-05-02T18:22:53.641-0300] {processor.py:840} INFO - DAG(s) 'first_dag' retrieved from /mnt/c/Users/Tilto/Desktop/Work/Airflow/dags/first_dag.py
[2024-05-02T18:22:53.683-0300] {logging_mixin.py:188} INFO - [2024-05-02T18:22:53.683-0300] {dag.py:3096} INFO - Sync 1 DAGs
[2024-05-02T18:22:53.710-0300] {logging_mixin.py:188} INFO - [2024-05-02T18:22:53.710-0300] {dag.py:3954} INFO - Setting next_dagrun for first_dag to None, run_after=None
[2024-05-02T18:22:53.785-0300] {processor.py:183} INFO - Processing /mnt/c/Users/Tilto/Desktop/Work/Airflow/dags/first_dag.py took 0.178 seconds
[2024-05-02T18:23:24.713-0300] {processor.py:161} INFO - Started process (PID=1545) to work on /mnt/c/Users/Tilto/Desktop/Work/Airflow/dags/first_dag.py
[2024-05-02T18:23:24.715-0300] {processor.py:830} INFO - Processing file /mnt/c/Users/Tilto/Desktop/Work/Airflow/dags/first_dag.py for tasks to queue
[2024-05-02T18:23:24.717-0300] {logging_mixin.py:188} INFO - [2024-05-02T18:23:24.716-0300] {dagbag.py:540} INFO - Filling up the DagBag from /mnt/c/Users/Tilto/Desktop/Work/Airflow/dags/first_dag.py
[2024-05-02T18:23:24.746-0300] {logging_mixin.py:188} INFO - All Dag modules are ok ......
[2024-05-02T18:23:24.753-0300] {processor.py:840} INFO - DAG(s) 'first_dag' retrieved from /mnt/c/Users/Tilto/Desktop/Work/Airflow/dags/first_dag.py
[2024-05-02T18:23:24.801-0300] {logging_mixin.py:188} INFO - [2024-05-02T18:23:24.801-0300] {dag.py:3096} INFO - Sync 1 DAGs
[2024-05-02T18:23:24.831-0300] {logging_mixin.py:188} INFO - [2024-05-02T18:23:24.831-0300] {dag.py:3954} INFO - Setting next_dagrun for first_dag to None, run_after=None
[2024-05-02T18:23:24.921-0300] {processor.py:183} INFO - Processing /mnt/c/Users/Tilto/Desktop/Work/Airflow/dags/first_dag.py took 0.213 seconds
[2024-05-02T18:23:55.841-0300] {processor.py:161} INFO - Started process (PID=1672) to work on /mnt/c/Users/Tilto/Desktop/Work/Airflow/dags/first_dag.py
[2024-05-02T18:23:55.842-0300] {processor.py:830} INFO - Processing file /mnt/c/Users/Tilto/Desktop/Work/Airflow/dags/first_dag.py for tasks to queue
[2024-05-02T18:23:55.844-0300] {logging_mixin.py:188} INFO - [2024-05-02T18:23:55.844-0300] {dagbag.py:540} INFO - Filling up the DagBag from /mnt/c/Users/Tilto/Desktop/Work/Airflow/dags/first_dag.py
[2024-05-02T18:23:55.868-0300] {logging_mixin.py:188} INFO - All Dag modules are ok ......
[2024-05-02T18:23:55.872-0300] {processor.py:840} INFO - DAG(s) 'first_dag' retrieved from /mnt/c/Users/Tilto/Desktop/Work/Airflow/dags/first_dag.py
[2024-05-02T18:23:55.918-0300] {logging_mixin.py:188} INFO - [2024-05-02T18:23:55.917-0300] {dag.py:3096} INFO - Sync 1 DAGs
[2024-05-02T18:23:55.947-0300] {logging_mixin.py:188} INFO - [2024-05-02T18:23:55.947-0300] {dag.py:3954} INFO - Setting next_dagrun for first_dag to None, run_after=None
[2024-05-02T18:23:56.445-0300] {processor.py:183} INFO - Processing /mnt/c/Users/Tilto/Desktop/Work/Airflow/dags/first_dag.py took 0.608 seconds
[2024-05-02T18:25:06.047-0300] {processor.py:161} INFO - Started process (PID=2250) to work on /mnt/c/Users/Tilto/Desktop/Work/Airflow/dags/first_dag.py
[2024-05-02T18:25:06.048-0300] {processor.py:830} INFO - Processing file /mnt/c/Users/Tilto/Desktop/Work/Airflow/dags/first_dag.py for tasks to queue
[2024-05-02T18:25:06.050-0300] {logging_mixin.py:188} INFO - [2024-05-02T18:25:06.050-0300] {dagbag.py:540} INFO - Filling up the DagBag from /mnt/c/Users/Tilto/Desktop/Work/Airflow/dags/first_dag.py
[2024-05-02T18:25:06.078-0300] {logging_mixin.py:188} INFO - All Dag modules are ok ......
[2024-05-02T18:25:06.082-0300] {processor.py:840} INFO - DAG(s) 'first_dag' retrieved from /mnt/c/Users/Tilto/Desktop/Work/Airflow/dags/first_dag.py
[2024-05-02T18:25:06.103-0300] {logging_mixin.py:188} INFO - [2024-05-02T18:25:06.103-0300] {dag.py:3096} INFO - Sync 1 DAGs
[2024-05-02T18:25:06.132-0300] {logging_mixin.py:188} INFO - [2024-05-02T18:25:06.132-0300] {dag.py:3954} INFO - Setting next_dagrun for first_dag to None, run_after=None
[2024-05-02T18:25:06.225-0300] {processor.py:183} INFO - Processing /mnt/c/Users/Tilto/Desktop/Work/Airflow/dags/first_dag.py took 0.184 seconds
[2024-05-02T19:13:20.840-0300] {processor.py:161} INFO - Started process (PID=655) to work on /mnt/c/Users/Tilto/Desktop/Work/Airflow/dags/first_dag.py
[2024-05-02T19:13:20.841-0300] {processor.py:830} INFO - Processing file /mnt/c/Users/Tilto/Desktop/Work/Airflow/dags/first_dag.py for tasks to queue
[2024-05-02T19:13:20.843-0300] {logging_mixin.py:188} INFO - [2024-05-02T19:13:20.843-0300] {dagbag.py:540} INFO - Filling up the DagBag from /mnt/c/Users/Tilto/Desktop/Work/Airflow/dags/first_dag.py
[2024-05-02T19:13:20.864-0300] {logging_mixin.py:188} INFO - All Dag modules are ok ......
[2024-05-02T19:13:20.869-0300] {processor.py:840} INFO - DAG(s) 'first_dag' retrieved from /mnt/c/Users/Tilto/Desktop/Work/Airflow/dags/first_dag.py
[2024-05-02T19:13:20.887-0300] {logging_mixin.py:188} INFO - [2024-05-02T19:13:20.886-0300] {dag.py:3096} INFO - Sync 1 DAGs
[2024-05-02T19:13:20.914-0300] {logging_mixin.py:188} INFO - [2024-05-02T19:13:20.914-0300] {dag.py:3954} INFO - Setting next_dagrun for first_dag to None, run_after=None
[2024-05-02T19:13:20.994-0300] {processor.py:183} INFO - Processing /mnt/c/Users/Tilto/Desktop/Work/Airflow/dags/first_dag.py took 0.159 seconds
[2024-05-02T19:13:51.918-0300] {processor.py:161} INFO - Started process (PID=790) to work on /mnt/c/Users/Tilto/Desktop/Work/Airflow/dags/first_dag.py
[2024-05-02T19:13:51.919-0300] {processor.py:830} INFO - Processing file /mnt/c/Users/Tilto/Desktop/Work/Airflow/dags/first_dag.py for tasks to queue
[2024-05-02T19:13:51.921-0300] {logging_mixin.py:188} INFO - [2024-05-02T19:13:51.920-0300] {dagbag.py:540} INFO - Filling up the DagBag from /mnt/c/Users/Tilto/Desktop/Work/Airflow/dags/first_dag.py
[2024-05-02T19:13:51.943-0300] {logging_mixin.py:188} INFO - All Dag modules are ok ......
[2024-05-02T19:13:51.949-0300] {processor.py:840} INFO - DAG(s) 'first_dag' retrieved from /mnt/c/Users/Tilto/Desktop/Work/Airflow/dags/first_dag.py
[2024-05-02T19:13:52.088-0300] {logging_mixin.py:188} INFO - [2024-05-02T19:13:52.087-0300] {dag.py:3096} INFO - Sync 1 DAGs
[2024-05-02T19:13:52.112-0300] {logging_mixin.py:188} INFO - [2024-05-02T19:13:52.112-0300] {dag.py:3954} INFO - Setting next_dagrun for first_dag to None, run_after=None
[2024-05-02T19:13:52.179-0300] {processor.py:183} INFO - Processing /mnt/c/Users/Tilto/Desktop/Work/Airflow/dags/first_dag.py took 0.266 seconds
[2024-05-02T19:14:22.277-0300] {processor.py:161} INFO - Started process (PID=919) to work on /mnt/c/Users/Tilto/Desktop/Work/Airflow/dags/first_dag.py
[2024-05-02T19:14:22.278-0300] {processor.py:830} INFO - Processing file /mnt/c/Users/Tilto/Desktop/Work/Airflow/dags/first_dag.py for tasks to queue
[2024-05-02T19:14:22.279-0300] {logging_mixin.py:188} INFO - [2024-05-02T19:14:22.279-0300] {dagbag.py:540} INFO - Filling up the DagBag from /mnt/c/Users/Tilto/Desktop/Work/Airflow/dags/first_dag.py
[2024-05-02T19:14:22.298-0300] {logging_mixin.py:188} INFO - All Dag modules are ok ......
[2024-05-02T19:14:22.302-0300] {processor.py:840} INFO - DAG(s) 'first_dag' retrieved from /mnt/c/Users/Tilto/Desktop/Work/Airflow/dags/first_dag.py
[2024-05-02T19:14:22.346-0300] {logging_mixin.py:188} INFO - [2024-05-02T19:14:22.346-0300] {dag.py:3096} INFO - Sync 1 DAGs
[2024-05-02T19:14:22.370-0300] {logging_mixin.py:188} INFO - [2024-05-02T19:14:22.370-0300] {dag.py:3954} INFO - Setting next_dagrun for first_dag to None, run_after=None
[2024-05-02T19:14:22.432-0300] {processor.py:183} INFO - Processing /mnt/c/Users/Tilto/Desktop/Work/Airflow/dags/first_dag.py took 0.160 seconds
[2024-05-02T19:15:02.568-0300] {processor.py:161} INFO - Started process (PID=1129) to work on /mnt/c/Users/Tilto/Desktop/Work/Airflow/dags/first_dag.py
[2024-05-02T19:15:02.569-0300] {processor.py:830} INFO - Processing file /mnt/c/Users/Tilto/Desktop/Work/Airflow/dags/first_dag.py for tasks to queue
[2024-05-02T19:15:02.572-0300] {logging_mixin.py:188} INFO - [2024-05-02T19:15:02.571-0300] {dagbag.py:540} INFO - Filling up the DagBag from /mnt/c/Users/Tilto/Desktop/Work/Airflow/dags/first_dag.py
[2024-05-02T19:15:02.590-0300] {logging_mixin.py:188} INFO - All Dag modules are ok ......
[2024-05-02T19:15:02.594-0300] {processor.py:840} INFO - DAG(s) 'first_dag' retrieved from /mnt/c/Users/Tilto/Desktop/Work/Airflow/dags/first_dag.py
[2024-05-02T19:15:02.635-0300] {logging_mixin.py:188} INFO - [2024-05-02T19:15:02.635-0300] {dag.py:3096} INFO - Sync 1 DAGs
[2024-05-02T19:15:02.660-0300] {logging_mixin.py:188} INFO - [2024-05-02T19:15:02.660-0300] {dag.py:3954} INFO - Setting next_dagrun for first_dag to None, run_after=None
[2024-05-02T19:15:02.723-0300] {processor.py:183} INFO - Processing /mnt/c/Users/Tilto/Desktop/Work/Airflow/dags/first_dag.py took 0.160 seconds
[2024-05-02T19:15:45.649-0300] {processor.py:161} INFO - Started process (PID=1352) to work on /mnt/c/Users/Tilto/Desktop/Work/Airflow/dags/first_dag.py
[2024-05-02T19:15:45.651-0300] {processor.py:830} INFO - Processing file /mnt/c/Users/Tilto/Desktop/Work/Airflow/dags/first_dag.py for tasks to queue
[2024-05-02T19:15:45.653-0300] {logging_mixin.py:188} INFO - [2024-05-02T19:15:45.653-0300] {dagbag.py:540} INFO - Filling up the DagBag from /mnt/c/Users/Tilto/Desktop/Work/Airflow/dags/first_dag.py
[2024-05-02T19:15:45.680-0300] {logging_mixin.py:188} INFO - All Dag modules are ok ......
[2024-05-02T19:15:45.685-0300] {processor.py:840} INFO - DAG(s) 'first_dag' retrieved from /mnt/c/Users/Tilto/Desktop/Work/Airflow/dags/first_dag.py
[2024-05-02T19:15:45.726-0300] {logging_mixin.py:188} INFO - [2024-05-02T19:15:45.725-0300] {dag.py:3096} INFO - Sync 1 DAGs
[2024-05-02T19:15:45.752-0300] {logging_mixin.py:188} INFO - [2024-05-02T19:15:45.752-0300] {dag.py:3954} INFO - Setting next_dagrun for first_dag to None, run_after=None
[2024-05-02T19:15:45.824-0300] {processor.py:183} INFO - Processing /mnt/c/Users/Tilto/Desktop/Work/Airflow/dags/first_dag.py took 0.183 seconds
[2024-05-02T19:16:15.973-0300] {processor.py:161} INFO - Started process (PID=1515) to work on /mnt/c/Users/Tilto/Desktop/Work/Airflow/dags/first_dag.py
[2024-05-02T19:16:15.974-0300] {processor.py:830} INFO - Processing file /mnt/c/Users/Tilto/Desktop/Work/Airflow/dags/first_dag.py for tasks to queue
[2024-05-02T19:16:15.976-0300] {logging_mixin.py:188} INFO - [2024-05-02T19:16:15.975-0300] {dagbag.py:540} INFO - Filling up the DagBag from /mnt/c/Users/Tilto/Desktop/Work/Airflow/dags/first_dag.py
[2024-05-02T19:16:15.993-0300] {logging_mixin.py:188} INFO - All Dag modules are ok ......
[2024-05-02T19:16:15.998-0300] {processor.py:840} INFO - DAG(s) 'first_dag' retrieved from /mnt/c/Users/Tilto/Desktop/Work/Airflow/dags/first_dag.py
[2024-05-02T19:16:16.036-0300] {logging_mixin.py:188} INFO - [2024-05-02T19:16:16.035-0300] {dag.py:3096} INFO - Sync 1 DAGs
[2024-05-02T19:16:16.060-0300] {logging_mixin.py:188} INFO - [2024-05-02T19:16:16.060-0300] {dag.py:3954} INFO - Setting next_dagrun for first_dag to None, run_after=None
[2024-05-02T19:16:16.124-0300] {processor.py:183} INFO - Processing /mnt/c/Users/Tilto/Desktop/Work/Airflow/dags/first_dag.py took 0.155 seconds
[2024-05-02T19:16:46.425-0300] {processor.py:161} INFO - Started process (PID=1684) to work on /mnt/c/Users/Tilto/Desktop/Work/Airflow/dags/first_dag.py
[2024-05-02T19:16:46.426-0300] {processor.py:830} INFO - Processing file /mnt/c/Users/Tilto/Desktop/Work/Airflow/dags/first_dag.py for tasks to queue
[2024-05-02T19:16:46.427-0300] {logging_mixin.py:188} INFO - [2024-05-02T19:16:46.427-0300] {dagbag.py:540} INFO - Filling up the DagBag from /mnt/c/Users/Tilto/Desktop/Work/Airflow/dags/first_dag.py
[2024-05-02T19:16:46.446-0300] {logging_mixin.py:188} INFO - All Dag modules are ok ......
[2024-05-02T19:16:46.451-0300] {processor.py:840} INFO - DAG(s) 'first_dag' retrieved from /mnt/c/Users/Tilto/Desktop/Work/Airflow/dags/first_dag.py
[2024-05-02T19:16:46.488-0300] {logging_mixin.py:188} INFO - [2024-05-02T19:16:46.488-0300] {dag.py:3096} INFO - Sync 1 DAGs
[2024-05-02T19:16:46.515-0300] {logging_mixin.py:188} INFO - [2024-05-02T19:16:46.515-0300] {dag.py:3954} INFO - Setting next_dagrun for first_dag to None, run_after=None
[2024-05-02T19:16:46.588-0300] {processor.py:183} INFO - Processing /mnt/c/Users/Tilto/Desktop/Work/Airflow/dags/first_dag.py took 0.168 seconds
[2024-05-02T19:17:19.810-0300] {processor.py:161} INFO - Started process (PID=1859) to work on /mnt/c/Users/Tilto/Desktop/Work/Airflow/dags/first_dag.py
[2024-05-02T19:17:19.811-0300] {processor.py:830} INFO - Processing file /mnt/c/Users/Tilto/Desktop/Work/Airflow/dags/first_dag.py for tasks to queue
[2024-05-02T19:17:19.813-0300] {logging_mixin.py:188} INFO - [2024-05-02T19:17:19.813-0300] {dagbag.py:540} INFO - Filling up the DagBag from /mnt/c/Users/Tilto/Desktop/Work/Airflow/dags/first_dag.py
[2024-05-02T19:17:19.831-0300] {logging_mixin.py:188} INFO - All Dag modules are ok ......
[2024-05-02T19:17:19.836-0300] {processor.py:840} INFO - DAG(s) 'first_dag' retrieved from /mnt/c/Users/Tilto/Desktop/Work/Airflow/dags/first_dag.py
[2024-05-02T19:17:19.872-0300] {logging_mixin.py:188} INFO - [2024-05-02T19:17:19.872-0300] {dag.py:3096} INFO - Sync 1 DAGs
[2024-05-02T19:17:19.896-0300] {logging_mixin.py:188} INFO - [2024-05-02T19:17:19.896-0300] {dag.py:3954} INFO - Setting next_dagrun for first_dag to None, run_after=None
[2024-05-02T19:17:19.963-0300] {processor.py:183} INFO - Processing /mnt/c/Users/Tilto/Desktop/Work/Airflow/dags/first_dag.py took 0.157 seconds
[2024-05-02T19:24:14.972-0300] {processor.py:161} INFO - Started process (PID=3644) to work on /mnt/c/Users/Tilto/Desktop/Work/Airflow/dags/first_dag.py
[2024-05-02T19:24:14.974-0300] {processor.py:830} INFO - Processing file /mnt/c/Users/Tilto/Desktop/Work/Airflow/dags/first_dag.py for tasks to queue
[2024-05-02T19:24:14.976-0300] {logging_mixin.py:188} INFO - [2024-05-02T19:24:14.975-0300] {dagbag.py:540} INFO - Filling up the DagBag from /mnt/c/Users/Tilto/Desktop/Work/Airflow/dags/first_dag.py
[2024-05-02T19:24:14.996-0300] {logging_mixin.py:188} INFO - All Dag modules are ok ......
[2024-05-02T19:24:15.001-0300] {processor.py:840} INFO - DAG(s) 'first_dag' retrieved from /mnt/c/Users/Tilto/Desktop/Work/Airflow/dags/first_dag.py
[2024-05-02T19:24:15.021-0300] {logging_mixin.py:188} INFO - [2024-05-02T19:24:15.020-0300] {dag.py:3096} INFO - Sync 1 DAGs
[2024-05-02T19:24:15.050-0300] {logging_mixin.py:188} INFO - [2024-05-02T19:24:15.050-0300] {dag.py:3954} INFO - Setting next_dagrun for first_dag to None, run_after=None
[2024-05-02T19:24:15.121-0300] {processor.py:183} INFO - Processing /mnt/c/Users/Tilto/Desktop/Work/Airflow/dags/first_dag.py took 0.155 seconds
[2024-05-02T19:24:45.269-0300] {processor.py:161} INFO - Started process (PID=3806) to work on /mnt/c/Users/Tilto/Desktop/Work/Airflow/dags/first_dag.py
[2024-05-02T19:24:45.270-0300] {processor.py:830} INFO - Processing file /mnt/c/Users/Tilto/Desktop/Work/Airflow/dags/first_dag.py for tasks to queue
[2024-05-02T19:24:45.272-0300] {logging_mixin.py:188} INFO - [2024-05-02T19:24:45.271-0300] {dagbag.py:540} INFO - Filling up the DagBag from /mnt/c/Users/Tilto/Desktop/Work/Airflow/dags/first_dag.py
[2024-05-02T19:24:45.289-0300] {logging_mixin.py:188} INFO - All Dag modules are ok ......
[2024-05-02T19:24:45.295-0300] {processor.py:840} INFO - DAG(s) 'first_dag' retrieved from /mnt/c/Users/Tilto/Desktop/Work/Airflow/dags/first_dag.py
[2024-05-02T19:24:45.416-0300] {logging_mixin.py:188} INFO - [2024-05-02T19:24:45.416-0300] {dag.py:3096} INFO - Sync 1 DAGs
[2024-05-02T19:24:45.443-0300] {logging_mixin.py:188} INFO - [2024-05-02T19:24:45.442-0300] {dag.py:3954} INFO - Setting next_dagrun for first_dag to None, run_after=None
[2024-05-02T19:24:45.534-0300] {processor.py:183} INFO - Processing /mnt/c/Users/Tilto/Desktop/Work/Airflow/dags/first_dag.py took 0.270 seconds
[2024-05-02T19:25:17.258-0300] {processor.py:161} INFO - Started process (PID=3972) to work on /mnt/c/Users/Tilto/Desktop/Work/Airflow/dags/first_dag.py
[2024-05-02T19:25:17.259-0300] {processor.py:830} INFO - Processing file /mnt/c/Users/Tilto/Desktop/Work/Airflow/dags/first_dag.py for tasks to queue
[2024-05-02T19:25:17.261-0300] {logging_mixin.py:188} INFO - [2024-05-02T19:25:17.261-0300] {dagbag.py:540} INFO - Filling up the DagBag from /mnt/c/Users/Tilto/Desktop/Work/Airflow/dags/first_dag.py
[2024-05-02T19:25:17.284-0300] {logging_mixin.py:188} INFO - All Dag modules are ok ......
[2024-05-02T19:25:17.288-0300] {processor.py:840} INFO - DAG(s) 'first_dag' retrieved from /mnt/c/Users/Tilto/Desktop/Work/Airflow/dags/first_dag.py
[2024-05-02T19:25:17.328-0300] {logging_mixin.py:188} INFO - [2024-05-02T19:25:17.327-0300] {dag.py:3096} INFO - Sync 1 DAGs
[2024-05-02T19:25:17.354-0300] {logging_mixin.py:188} INFO - [2024-05-02T19:25:17.354-0300] {dag.py:3954} INFO - Setting next_dagrun for first_dag to None, run_after=None
[2024-05-02T19:25:17.427-0300] {processor.py:183} INFO - Processing /mnt/c/Users/Tilto/Desktop/Work/Airflow/dags/first_dag.py took 0.173 seconds
[2024-05-02T19:25:53.495-0300] {processor.py:161} INFO - Started process (PID=4155) to work on /mnt/c/Users/Tilto/Desktop/Work/Airflow/dags/first_dag.py
[2024-05-02T19:25:53.496-0300] {processor.py:830} INFO - Processing file /mnt/c/Users/Tilto/Desktop/Work/Airflow/dags/first_dag.py for tasks to queue
[2024-05-02T19:25:53.497-0300] {logging_mixin.py:188} INFO - [2024-05-02T19:25:53.497-0300] {dagbag.py:540} INFO - Filling up the DagBag from /mnt/c/Users/Tilto/Desktop/Work/Airflow/dags/first_dag.py
[2024-05-02T19:25:53.520-0300] {logging_mixin.py:188} INFO - All Dag modules are ok ......
[2024-05-02T19:25:53.525-0300] {processor.py:840} INFO - DAG(s) 'first_dag' retrieved from /mnt/c/Users/Tilto/Desktop/Work/Airflow/dags/first_dag.py
[2024-05-02T19:25:53.565-0300] {logging_mixin.py:188} INFO - [2024-05-02T19:25:53.565-0300] {dag.py:3096} INFO - Sync 1 DAGs
[2024-05-02T19:25:53.598-0300] {logging_mixin.py:188} INFO - [2024-05-02T19:25:53.597-0300] {dag.py:3954} INFO - Setting next_dagrun for first_dag to None, run_after=None
[2024-05-02T19:25:53.725-0300] {processor.py:183} INFO - Processing /mnt/c/Users/Tilto/Desktop/Work/Airflow/dags/first_dag.py took 0.235 seconds
[2024-05-02T19:26:26.792-0300] {processor.py:161} INFO - Started process (PID=4327) to work on /mnt/c/Users/Tilto/Desktop/Work/Airflow/dags/first_dag.py
[2024-05-02T19:26:26.793-0300] {processor.py:830} INFO - Processing file /mnt/c/Users/Tilto/Desktop/Work/Airflow/dags/first_dag.py for tasks to queue
[2024-05-02T19:26:26.794-0300] {logging_mixin.py:188} INFO - [2024-05-02T19:26:26.794-0300] {dagbag.py:540} INFO - Filling up the DagBag from /mnt/c/Users/Tilto/Desktop/Work/Airflow/dags/first_dag.py
[2024-05-02T19:26:26.813-0300] {logging_mixin.py:188} INFO - All Dag modules are ok ......
[2024-05-02T19:26:26.817-0300] {processor.py:840} INFO - DAG(s) 'first_dag' retrieved from /mnt/c/Users/Tilto/Desktop/Work/Airflow/dags/first_dag.py
[2024-05-02T19:26:26.854-0300] {logging_mixin.py:188} INFO - [2024-05-02T19:26:26.854-0300] {dag.py:3096} INFO - Sync 1 DAGs
[2024-05-02T19:26:26.878-0300] {logging_mixin.py:188} INFO - [2024-05-02T19:26:26.878-0300] {dag.py:3954} INFO - Setting next_dagrun for first_dag to None, run_after=None
[2024-05-02T19:26:26.944-0300] {processor.py:183} INFO - Processing /mnt/c/Users/Tilto/Desktop/Work/Airflow/dags/first_dag.py took 0.157 seconds
[2024-05-02T19:27:00.413-0300] {processor.py:161} INFO - Started process (PID=4500) to work on /mnt/c/Users/Tilto/Desktop/Work/Airflow/dags/first_dag.py
[2024-05-02T19:27:00.414-0300] {processor.py:830} INFO - Processing file /mnt/c/Users/Tilto/Desktop/Work/Airflow/dags/first_dag.py for tasks to queue
[2024-05-02T19:27:00.417-0300] {logging_mixin.py:188} INFO - [2024-05-02T19:27:00.417-0300] {dagbag.py:540} INFO - Filling up the DagBag from /mnt/c/Users/Tilto/Desktop/Work/Airflow/dags/first_dag.py
[2024-05-02T19:27:00.435-0300] {logging_mixin.py:188} INFO - All Dag modules are ok ......
[2024-05-02T19:27:00.440-0300] {processor.py:840} INFO - DAG(s) 'first_dag' retrieved from /mnt/c/Users/Tilto/Desktop/Work/Airflow/dags/first_dag.py
[2024-05-02T19:27:00.483-0300] {logging_mixin.py:188} INFO - [2024-05-02T19:27:00.483-0300] {dag.py:3096} INFO - Sync 1 DAGs
[2024-05-02T19:27:00.508-0300] {logging_mixin.py:188} INFO - [2024-05-02T19:27:00.508-0300] {dag.py:3954} INFO - Setting next_dagrun for first_dag to None, run_after=None
[2024-05-02T19:27:00.573-0300] {processor.py:183} INFO - Processing /mnt/c/Users/Tilto/Desktop/Work/Airflow/dags/first_dag.py took 0.164 seconds
[2024-05-02T19:27:32.370-0300] {processor.py:161} INFO - Started process (PID=4668) to work on /mnt/c/Users/Tilto/Desktop/Work/Airflow/dags/first_dag.py
[2024-05-02T19:27:32.371-0300] {processor.py:830} INFO - Processing file /mnt/c/Users/Tilto/Desktop/Work/Airflow/dags/first_dag.py for tasks to queue
[2024-05-02T19:27:32.372-0300] {logging_mixin.py:188} INFO - [2024-05-02T19:27:32.372-0300] {dagbag.py:540} INFO - Filling up the DagBag from /mnt/c/Users/Tilto/Desktop/Work/Airflow/dags/first_dag.py
[2024-05-02T19:27:32.386-0300] {logging_mixin.py:188} INFO - All Dag modules are ok ......
[2024-05-02T19:27:32.390-0300] {processor.py:840} INFO - DAG(s) 'first_dag' retrieved from /mnt/c/Users/Tilto/Desktop/Work/Airflow/dags/first_dag.py
[2024-05-02T19:27:32.422-0300] {logging_mixin.py:188} INFO - [2024-05-02T19:27:32.422-0300] {dag.py:3096} INFO - Sync 1 DAGs
[2024-05-02T19:27:32.444-0300] {logging_mixin.py:188} INFO - [2024-05-02T19:27:32.444-0300] {dag.py:3954} INFO - Setting next_dagrun for first_dag to None, run_after=None
[2024-05-02T19:27:32.500-0300] {processor.py:183} INFO - Processing /mnt/c/Users/Tilto/Desktop/Work/Airflow/dags/first_dag.py took 0.135 seconds
[2024-05-02T19:28:27.390-0300] {processor.py:161} INFO - Started process (PID=4926) to work on /mnt/c/Users/Tilto/Desktop/Work/Airflow/dags/first_dag.py
[2024-05-02T19:28:27.391-0300] {processor.py:830} INFO - Processing file /mnt/c/Users/Tilto/Desktop/Work/Airflow/dags/first_dag.py for tasks to queue
[2024-05-02T19:28:27.392-0300] {logging_mixin.py:188} INFO - [2024-05-02T19:28:27.392-0300] {dagbag.py:540} INFO - Filling up the DagBag from /mnt/c/Users/Tilto/Desktop/Work/Airflow/dags/first_dag.py
[2024-05-02T19:28:27.411-0300] {logging_mixin.py:188} INFO - All Dag modules are ok ......
[2024-05-02T19:28:27.415-0300] {processor.py:840} INFO - DAG(s) 'first_dag' retrieved from /mnt/c/Users/Tilto/Desktop/Work/Airflow/dags/first_dag.py
[2024-05-02T19:28:27.450-0300] {logging_mixin.py:188} INFO - [2024-05-02T19:28:27.450-0300] {dag.py:3096} INFO - Sync 1 DAGs
[2024-05-02T19:28:27.474-0300] {logging_mixin.py:188} INFO - [2024-05-02T19:28:27.474-0300] {dag.py:3954} INFO - Setting next_dagrun for first_dag to None, run_after=None
[2024-05-02T19:28:27.537-0300] {processor.py:183} INFO - Processing /mnt/c/Users/Tilto/Desktop/Work/Airflow/dags/first_dag.py took 0.151 seconds
[2024-05-02T19:28:59.041-0300] {processor.py:161} INFO - Started process (PID=5091) to work on /mnt/c/Users/Tilto/Desktop/Work/Airflow/dags/first_dag.py
[2024-05-02T19:28:59.042-0300] {processor.py:830} INFO - Processing file /mnt/c/Users/Tilto/Desktop/Work/Airflow/dags/first_dag.py for tasks to queue
[2024-05-02T19:28:59.044-0300] {logging_mixin.py:188} INFO - [2024-05-02T19:28:59.044-0300] {dagbag.py:540} INFO - Filling up the DagBag from /mnt/c/Users/Tilto/Desktop/Work/Airflow/dags/first_dag.py
[2024-05-02T19:28:59.061-0300] {logging_mixin.py:188} INFO - All Dag modules are ok ......
[2024-05-02T19:28:59.066-0300] {processor.py:840} INFO - DAG(s) 'first_dag' retrieved from /mnt/c/Users/Tilto/Desktop/Work/Airflow/dags/first_dag.py
[2024-05-02T19:28:59.102-0300] {logging_mixin.py:188} INFO - [2024-05-02T19:28:59.102-0300] {dag.py:3096} INFO - Sync 1 DAGs
[2024-05-02T19:28:59.126-0300] {logging_mixin.py:188} INFO - [2024-05-02T19:28:59.126-0300] {dag.py:3954} INFO - Setting next_dagrun for first_dag to None, run_after=None
[2024-05-02T19:28:59.205-0300] {processor.py:183} INFO - Processing /mnt/c/Users/Tilto/Desktop/Work/Airflow/dags/first_dag.py took 0.168 seconds
[2024-05-02T19:29:31.140-0300] {processor.py:161} INFO - Started process (PID=5258) to work on /mnt/c/Users/Tilto/Desktop/Work/Airflow/dags/first_dag.py
[2024-05-02T19:29:31.141-0300] {processor.py:830} INFO - Processing file /mnt/c/Users/Tilto/Desktop/Work/Airflow/dags/first_dag.py for tasks to queue
[2024-05-02T19:29:31.143-0300] {logging_mixin.py:188} INFO - [2024-05-02T19:29:31.142-0300] {dagbag.py:540} INFO - Filling up the DagBag from /mnt/c/Users/Tilto/Desktop/Work/Airflow/dags/first_dag.py
[2024-05-02T19:29:31.160-0300] {logging_mixin.py:188} INFO - All Dag modules are ok ......
[2024-05-02T19:29:31.164-0300] {processor.py:840} INFO - DAG(s) 'first_dag' retrieved from /mnt/c/Users/Tilto/Desktop/Work/Airflow/dags/first_dag.py
[2024-05-02T19:29:31.198-0300] {logging_mixin.py:188} INFO - [2024-05-02T19:29:31.198-0300] {dag.py:3096} INFO - Sync 1 DAGs
[2024-05-02T19:29:31.222-0300] {logging_mixin.py:188} INFO - [2024-05-02T19:29:31.221-0300] {dag.py:3954} INFO - Setting next_dagrun for first_dag to None, run_after=None
[2024-05-02T19:29:31.284-0300] {processor.py:183} INFO - Processing /mnt/c/Users/Tilto/Desktop/Work/Airflow/dags/first_dag.py took 0.148 seconds
[2024-05-02T19:30:03.310-0300] {processor.py:161} INFO - Started process (PID=5426) to work on /mnt/c/Users/Tilto/Desktop/Work/Airflow/dags/first_dag.py
[2024-05-02T19:30:03.311-0300] {processor.py:830} INFO - Processing file /mnt/c/Users/Tilto/Desktop/Work/Airflow/dags/first_dag.py for tasks to queue
[2024-05-02T19:30:03.312-0300] {logging_mixin.py:188} INFO - [2024-05-02T19:30:03.312-0300] {dagbag.py:540} INFO - Filling up the DagBag from /mnt/c/Users/Tilto/Desktop/Work/Airflow/dags/first_dag.py
[2024-05-02T19:30:03.333-0300] {logging_mixin.py:188} INFO - All Dag modules are ok ......
[2024-05-02T19:30:03.339-0300] {processor.py:840} INFO - DAG(s) 'first_dag' retrieved from /mnt/c/Users/Tilto/Desktop/Work/Airflow/dags/first_dag.py
[2024-05-02T19:30:03.379-0300] {logging_mixin.py:188} INFO - [2024-05-02T19:30:03.379-0300] {dag.py:3096} INFO - Sync 1 DAGs
[2024-05-02T19:30:03.405-0300] {logging_mixin.py:188} INFO - [2024-05-02T19:30:03.405-0300] {dag.py:3954} INFO - Setting next_dagrun for first_dag to None, run_after=None
[2024-05-02T19:30:03.474-0300] {processor.py:183} INFO - Processing /mnt/c/Users/Tilto/Desktop/Work/Airflow/dags/first_dag.py took 0.171 seconds
[2024-05-02T19:30:40.219-0300] {processor.py:161} INFO - Started process (PID=5611) to work on /mnt/c/Users/Tilto/Desktop/Work/Airflow/dags/first_dag.py
[2024-05-02T19:30:40.220-0300] {processor.py:830} INFO - Processing file /mnt/c/Users/Tilto/Desktop/Work/Airflow/dags/first_dag.py for tasks to queue
[2024-05-02T19:30:40.221-0300] {logging_mixin.py:188} INFO - [2024-05-02T19:30:40.221-0300] {dagbag.py:540} INFO - Filling up the DagBag from /mnt/c/Users/Tilto/Desktop/Work/Airflow/dags/first_dag.py
[2024-05-02T19:30:40.240-0300] {logging_mixin.py:188} INFO - All Dag modules are ok ......
[2024-05-02T19:30:40.244-0300] {processor.py:840} INFO - DAG(s) 'first_dag' retrieved from /mnt/c/Users/Tilto/Desktop/Work/Airflow/dags/first_dag.py
[2024-05-02T19:30:40.279-0300] {logging_mixin.py:188} INFO - [2024-05-02T19:30:40.279-0300] {dag.py:3096} INFO - Sync 1 DAGs
[2024-05-02T19:30:40.304-0300] {logging_mixin.py:188} INFO - [2024-05-02T19:30:40.304-0300] {dag.py:3954} INFO - Setting next_dagrun for first_dag to None, run_after=None
[2024-05-02T19:30:40.368-0300] {processor.py:183} INFO - Processing /mnt/c/Users/Tilto/Desktop/Work/Airflow/dags/first_dag.py took 0.153 seconds
[2024-05-02T19:31:16.746-0300] {processor.py:161} INFO - Started process (PID=5803) to work on /mnt/c/Users/Tilto/Desktop/Work/Airflow/dags/first_dag.py
[2024-05-02T19:31:16.747-0300] {processor.py:830} INFO - Processing file /mnt/c/Users/Tilto/Desktop/Work/Airflow/dags/first_dag.py for tasks to queue
[2024-05-02T19:31:16.748-0300] {logging_mixin.py:188} INFO - [2024-05-02T19:31:16.748-0300] {dagbag.py:540} INFO - Filling up the DagBag from /mnt/c/Users/Tilto/Desktop/Work/Airflow/dags/first_dag.py
[2024-05-02T19:31:16.766-0300] {logging_mixin.py:188} INFO - All Dag modules are ok ......
[2024-05-02T19:31:16.771-0300] {processor.py:840} INFO - DAG(s) 'first_dag' retrieved from /mnt/c/Users/Tilto/Desktop/Work/Airflow/dags/first_dag.py
[2024-05-02T19:31:16.807-0300] {logging_mixin.py:188} INFO - [2024-05-02T19:31:16.806-0300] {dag.py:3096} INFO - Sync 1 DAGs
[2024-05-02T19:31:16.831-0300] {logging_mixin.py:188} INFO - [2024-05-02T19:31:16.830-0300] {dag.py:3954} INFO - Setting next_dagrun for first_dag to None, run_after=None
[2024-05-02T19:31:16.893-0300] {processor.py:183} INFO - Processing /mnt/c/Users/Tilto/Desktop/Work/Airflow/dags/first_dag.py took 0.152 seconds
[2024-05-02T19:31:48.519-0300] {processor.py:161} INFO - Started process (PID=5968) to work on /mnt/c/Users/Tilto/Desktop/Work/Airflow/dags/first_dag.py
[2024-05-02T19:31:48.520-0300] {processor.py:830} INFO - Processing file /mnt/c/Users/Tilto/Desktop/Work/Airflow/dags/first_dag.py for tasks to queue
[2024-05-02T19:31:48.521-0300] {logging_mixin.py:188} INFO - [2024-05-02T19:31:48.521-0300] {dagbag.py:540} INFO - Filling up the DagBag from /mnt/c/Users/Tilto/Desktop/Work/Airflow/dags/first_dag.py
[2024-05-02T19:31:48.540-0300] {logging_mixin.py:188} INFO - All Dag modules are ok ......
[2024-05-02T19:31:48.544-0300] {processor.py:840} INFO - DAG(s) 'first_dag' retrieved from /mnt/c/Users/Tilto/Desktop/Work/Airflow/dags/first_dag.py
[2024-05-02T19:31:48.580-0300] {logging_mixin.py:188} INFO - [2024-05-02T19:31:48.580-0300] {dag.py:3096} INFO - Sync 1 DAGs
[2024-05-02T19:31:48.606-0300] {logging_mixin.py:188} INFO - [2024-05-02T19:31:48.605-0300] {dag.py:3954} INFO - Setting next_dagrun for first_dag to None, run_after=None
[2024-05-02T19:31:48.675-0300] {processor.py:183} INFO - Processing /mnt/c/Users/Tilto/Desktop/Work/Airflow/dags/first_dag.py took 0.161 seconds
[2024-05-02T19:32:21.132-0300] {processor.py:161} INFO - Started process (PID=6139) to work on /mnt/c/Users/Tilto/Desktop/Work/Airflow/dags/first_dag.py
[2024-05-02T19:32:21.133-0300] {processor.py:830} INFO - Processing file /mnt/c/Users/Tilto/Desktop/Work/Airflow/dags/first_dag.py for tasks to queue
[2024-05-02T19:32:21.134-0300] {logging_mixin.py:188} INFO - [2024-05-02T19:32:21.134-0300] {dagbag.py:540} INFO - Filling up the DagBag from /mnt/c/Users/Tilto/Desktop/Work/Airflow/dags/first_dag.py
[2024-05-02T19:32:21.152-0300] {logging_mixin.py:188} INFO - All Dag modules are ok ......
[2024-05-02T19:32:21.156-0300] {processor.py:840} INFO - DAG(s) 'first_dag' retrieved from /mnt/c/Users/Tilto/Desktop/Work/Airflow/dags/first_dag.py
[2024-05-02T19:32:21.193-0300] {logging_mixin.py:188} INFO - [2024-05-02T19:32:21.192-0300] {dag.py:3096} INFO - Sync 1 DAGs
[2024-05-02T19:32:21.218-0300] {logging_mixin.py:188} INFO - [2024-05-02T19:32:21.218-0300] {dag.py:3954} INFO - Setting next_dagrun for first_dag to None, run_after=None
[2024-05-02T19:32:21.279-0300] {processor.py:183} INFO - Processing /mnt/c/Users/Tilto/Desktop/Work/Airflow/dags/first_dag.py took 0.152 seconds
[2024-05-02T19:32:54.430-0300] {processor.py:161} INFO - Started process (PID=6311) to work on /mnt/c/Users/Tilto/Desktop/Work/Airflow/dags/first_dag.py
[2024-05-02T19:32:54.431-0300] {processor.py:830} INFO - Processing file /mnt/c/Users/Tilto/Desktop/Work/Airflow/dags/first_dag.py for tasks to queue
[2024-05-02T19:32:54.432-0300] {logging_mixin.py:188} INFO - [2024-05-02T19:32:54.432-0300] {dagbag.py:540} INFO - Filling up the DagBag from /mnt/c/Users/Tilto/Desktop/Work/Airflow/dags/first_dag.py
[2024-05-02T19:32:54.446-0300] {logging_mixin.py:188} INFO - All Dag modules are ok ......
[2024-05-02T19:32:54.451-0300] {processor.py:840} INFO - DAG(s) 'first_dag' retrieved from /mnt/c/Users/Tilto/Desktop/Work/Airflow/dags/first_dag.py
[2024-05-02T19:32:54.482-0300] {logging_mixin.py:188} INFO - [2024-05-02T19:32:54.481-0300] {dag.py:3096} INFO - Sync 1 DAGs
[2024-05-02T19:32:54.506-0300] {logging_mixin.py:188} INFO - [2024-05-02T19:32:54.506-0300] {dag.py:3954} INFO - Setting next_dagrun for first_dag to None, run_after=None
[2024-05-02T19:32:54.586-0300] {processor.py:183} INFO - Processing /mnt/c/Users/Tilto/Desktop/Work/Airflow/dags/first_dag.py took 0.161 seconds
