[2024-05-02T18:20:47.657-0300] {processor.py:161} INFO - Started process (PID=886) to work on /mnt/c/Users/Tilto/Desktop/Work/Airflow/dags/primeira_dagv1.py
[2024-05-02T18:20:47.658-0300] {processor.py:830} INFO - Processing file /mnt/c/Users/Tilto/Desktop/Work/Airflow/dags/primeira_dagv1.py for tasks to queue
[2024-05-02T18:20:47.661-0300] {logging_mixin.py:188} INFO - [2024-05-02T18:20:47.660-0300] {dagbag.py:540} INFO - Filling up the DagBag from /mnt/c/Users/Tilto/Desktop/Work/Airflow/dags/primeira_dagv1.py
[2024-05-02T18:20:47.700-0300] {processor.py:840} INFO - DAG(s) 'a_primeira_DAG_v1' retrieved from /mnt/c/Users/Tilto/Desktop/Work/Airflow/dags/primeira_dagv1.py
[2024-05-02T18:20:47.723-0300] {logging_mixin.py:188} INFO - [2024-05-02T18:20:47.723-0300] {dag.py:3096} INFO - Sync 1 DAGs
[2024-05-02T18:20:47.765-0300] {logging_mixin.py:188} INFO - [2024-05-02T18:20:47.764-0300] {dag.py:3954} INFO - Setting next_dagrun for a_primeira_DAG_v1 to 2023-07-20 00:00:00+00:00, run_after=2023-07-21 00:00:00+00:00
[2024-05-02T18:20:47.861-0300] {processor.py:183} INFO - Processing /mnt/c/Users/Tilto/Desktop/Work/Airflow/dags/primeira_dagv1.py took 0.208 seconds
[2024-05-02T18:21:19.221-0300] {processor.py:161} INFO - Started process (PID=1023) to work on /mnt/c/Users/Tilto/Desktop/Work/Airflow/dags/primeira_dagv1.py
[2024-05-02T18:21:19.222-0300] {processor.py:830} INFO - Processing file /mnt/c/Users/Tilto/Desktop/Work/Airflow/dags/primeira_dagv1.py for tasks to queue
[2024-05-02T18:21:19.224-0300] {logging_mixin.py:188} INFO - [2024-05-02T18:21:19.223-0300] {dagbag.py:540} INFO - Filling up the DagBag from /mnt/c/Users/Tilto/Desktop/Work/Airflow/dags/primeira_dagv1.py
[2024-05-02T18:21:19.255-0300] {processor.py:840} INFO - DAG(s) 'a_primeira_DAG_v1' retrieved from /mnt/c/Users/Tilto/Desktop/Work/Airflow/dags/primeira_dagv1.py
[2024-05-02T18:21:19.387-0300] {logging_mixin.py:188} INFO - [2024-05-02T18:21:19.387-0300] {dag.py:3096} INFO - Sync 1 DAGs
[2024-05-02T18:21:19.419-0300] {logging_mixin.py:188} INFO - [2024-05-02T18:21:19.418-0300] {dag.py:3954} INFO - Setting next_dagrun for a_primeira_DAG_v1 to 2023-07-20 00:00:00+00:00, run_after=2023-07-21 00:00:00+00:00
[2024-05-02T18:21:19.514-0300] {processor.py:183} INFO - Processing /mnt/c/Users/Tilto/Desktop/Work/Airflow/dags/primeira_dagv1.py took 0.298 seconds
[2024-05-02T18:21:50.526-0300] {processor.py:161} INFO - Started process (PID=1156) to work on /mnt/c/Users/Tilto/Desktop/Work/Airflow/dags/primeira_dagv1.py
[2024-05-02T18:21:50.527-0300] {processor.py:830} INFO - Processing file /mnt/c/Users/Tilto/Desktop/Work/Airflow/dags/primeira_dagv1.py for tasks to queue
[2024-05-02T18:21:50.529-0300] {logging_mixin.py:188} INFO - [2024-05-02T18:21:50.528-0300] {dagbag.py:540} INFO - Filling up the DagBag from /mnt/c/Users/Tilto/Desktop/Work/Airflow/dags/primeira_dagv1.py
[2024-05-02T18:21:50.559-0300] {processor.py:840} INFO - DAG(s) 'a_primeira_DAG_v1' retrieved from /mnt/c/Users/Tilto/Desktop/Work/Airflow/dags/primeira_dagv1.py
[2024-05-02T18:21:50.590-0300] {logging_mixin.py:188} INFO - [2024-05-02T18:21:50.590-0300] {dag.py:3096} INFO - Sync 1 DAGs
[2024-05-02T18:21:50.617-0300] {logging_mixin.py:188} INFO - [2024-05-02T18:21:50.617-0300] {dag.py:3954} INFO - Setting next_dagrun for a_primeira_DAG_v1 to 2023-07-20 00:00:00+00:00, run_after=2023-07-21 00:00:00+00:00
[2024-05-02T18:21:50.706-0300] {processor.py:183} INFO - Processing /mnt/c/Users/Tilto/Desktop/Work/Airflow/dags/primeira_dagv1.py took 0.185 seconds
[2024-05-02T18:22:21.804-0300] {processor.py:161} INFO - Started process (PID=1284) to work on /mnt/c/Users/Tilto/Desktop/Work/Airflow/dags/primeira_dagv1.py
[2024-05-02T18:22:21.805-0300] {processor.py:830} INFO - Processing file /mnt/c/Users/Tilto/Desktop/Work/Airflow/dags/primeira_dagv1.py for tasks to queue
[2024-05-02T18:22:21.807-0300] {logging_mixin.py:188} INFO - [2024-05-02T18:22:21.807-0300] {dagbag.py:540} INFO - Filling up the DagBag from /mnt/c/Users/Tilto/Desktop/Work/Airflow/dags/primeira_dagv1.py
[2024-05-02T18:22:21.841-0300] {processor.py:840} INFO - DAG(s) 'a_primeira_DAG_v1' retrieved from /mnt/c/Users/Tilto/Desktop/Work/Airflow/dags/primeira_dagv1.py
[2024-05-02T18:22:21.873-0300] {logging_mixin.py:188} INFO - [2024-05-02T18:22:21.873-0300] {dag.py:3096} INFO - Sync 1 DAGs
[2024-05-02T18:22:21.901-0300] {logging_mixin.py:188} INFO - [2024-05-02T18:22:21.901-0300] {dag.py:3954} INFO - Setting next_dagrun for a_primeira_DAG_v1 to 2023-07-20 00:00:00+00:00, run_after=2023-07-21 00:00:00+00:00
[2024-05-02T18:22:21.990-0300] {processor.py:183} INFO - Processing /mnt/c/Users/Tilto/Desktop/Work/Airflow/dags/primeira_dagv1.py took 0.191 seconds
[2024-05-02T18:22:52.147-0300] {processor.py:161} INFO - Started process (PID=1408) to work on /mnt/c/Users/Tilto/Desktop/Work/Airflow/dags/primeira_dagv1.py
[2024-05-02T18:22:52.148-0300] {processor.py:830} INFO - Processing file /mnt/c/Users/Tilto/Desktop/Work/Airflow/dags/primeira_dagv1.py for tasks to queue
[2024-05-02T18:22:52.150-0300] {logging_mixin.py:188} INFO - [2024-05-02T18:22:52.149-0300] {dagbag.py:540} INFO - Filling up the DagBag from /mnt/c/Users/Tilto/Desktop/Work/Airflow/dags/primeira_dagv1.py
[2024-05-02T18:22:52.180-0300] {processor.py:840} INFO - DAG(s) 'a_primeira_DAG_v1' retrieved from /mnt/c/Users/Tilto/Desktop/Work/Airflow/dags/primeira_dagv1.py
[2024-05-02T18:22:52.213-0300] {logging_mixin.py:188} INFO - [2024-05-02T18:22:52.213-0300] {dag.py:3096} INFO - Sync 1 DAGs
[2024-05-02T18:22:52.243-0300] {logging_mixin.py:188} INFO - [2024-05-02T18:22:52.243-0300] {dag.py:3954} INFO - Setting next_dagrun for a_primeira_DAG_v1 to 2023-07-20 00:00:00+00:00, run_after=2023-07-21 00:00:00+00:00
[2024-05-02T18:22:52.328-0300] {processor.py:183} INFO - Processing /mnt/c/Users/Tilto/Desktop/Work/Airflow/dags/primeira_dagv1.py took 0.186 seconds
[2024-05-02T18:23:23.269-0300] {processor.py:161} INFO - Started process (PID=1538) to work on /mnt/c/Users/Tilto/Desktop/Work/Airflow/dags/primeira_dagv1.py
[2024-05-02T18:23:23.270-0300] {processor.py:830} INFO - Processing file /mnt/c/Users/Tilto/Desktop/Work/Airflow/dags/primeira_dagv1.py for tasks to queue
[2024-05-02T18:23:23.273-0300] {logging_mixin.py:188} INFO - [2024-05-02T18:23:23.272-0300] {dagbag.py:540} INFO - Filling up the DagBag from /mnt/c/Users/Tilto/Desktop/Work/Airflow/dags/primeira_dagv1.py
[2024-05-02T18:23:23.307-0300] {processor.py:840} INFO - DAG(s) 'a_primeira_DAG_v1' retrieved from /mnt/c/Users/Tilto/Desktop/Work/Airflow/dags/primeira_dagv1.py
[2024-05-02T18:23:23.377-0300] {logging_mixin.py:188} INFO - [2024-05-02T18:23:23.377-0300] {dag.py:3096} INFO - Sync 1 DAGs
[2024-05-02T18:23:23.408-0300] {logging_mixin.py:188} INFO - [2024-05-02T18:23:23.408-0300] {dag.py:3954} INFO - Setting next_dagrun for a_primeira_DAG_v1 to 2023-07-20 00:00:00+00:00, run_after=2023-07-21 00:00:00+00:00
[2024-05-02T18:23:23.493-0300] {processor.py:183} INFO - Processing /mnt/c/Users/Tilto/Desktop/Work/Airflow/dags/primeira_dagv1.py took 0.230 seconds
[2024-05-02T18:23:54.402-0300] {processor.py:161} INFO - Started process (PID=1666) to work on /mnt/c/Users/Tilto/Desktop/Work/Airflow/dags/primeira_dagv1.py
[2024-05-02T18:23:54.403-0300] {processor.py:830} INFO - Processing file /mnt/c/Users/Tilto/Desktop/Work/Airflow/dags/primeira_dagv1.py for tasks to queue
[2024-05-02T18:23:54.405-0300] {logging_mixin.py:188} INFO - [2024-05-02T18:23:54.404-0300] {dagbag.py:540} INFO - Filling up the DagBag from /mnt/c/Users/Tilto/Desktop/Work/Airflow/dags/primeira_dagv1.py
[2024-05-02T18:23:54.438-0300] {processor.py:840} INFO - DAG(s) 'a_primeira_DAG_v1' retrieved from /mnt/c/Users/Tilto/Desktop/Work/Airflow/dags/primeira_dagv1.py
[2024-05-02T18:23:54.473-0300] {logging_mixin.py:188} INFO - [2024-05-02T18:23:54.473-0300] {dag.py:3096} INFO - Sync 1 DAGs
[2024-05-02T18:23:54.504-0300] {logging_mixin.py:188} INFO - [2024-05-02T18:23:54.504-0300] {dag.py:3954} INFO - Setting next_dagrun for a_primeira_DAG_v1 to 2023-07-20 00:00:00+00:00, run_after=2023-07-21 00:00:00+00:00
[2024-05-02T18:23:54.590-0300] {processor.py:183} INFO - Processing /mnt/c/Users/Tilto/Desktop/Work/Airflow/dags/primeira_dagv1.py took 0.193 seconds
[2024-05-02T18:25:04.602-0300] {processor.py:161} INFO - Started process (PID=2239) to work on /mnt/c/Users/Tilto/Desktop/Work/Airflow/dags/primeira_dagv1.py
[2024-05-02T18:25:04.603-0300] {processor.py:830} INFO - Processing file /mnt/c/Users/Tilto/Desktop/Work/Airflow/dags/primeira_dagv1.py for tasks to queue
[2024-05-02T18:25:04.605-0300] {logging_mixin.py:188} INFO - [2024-05-02T18:25:04.605-0300] {dagbag.py:540} INFO - Filling up the DagBag from /mnt/c/Users/Tilto/Desktop/Work/Airflow/dags/primeira_dagv1.py
[2024-05-02T18:25:04.645-0300] {processor.py:840} INFO - DAG(s) 'a_primeira_DAG_v1' retrieved from /mnt/c/Users/Tilto/Desktop/Work/Airflow/dags/primeira_dagv1.py
[2024-05-02T18:25:04.666-0300] {logging_mixin.py:188} INFO - [2024-05-02T18:25:04.666-0300] {dag.py:3096} INFO - Sync 1 DAGs
[2024-05-02T18:25:04.705-0300] {logging_mixin.py:188} INFO - [2024-05-02T18:25:04.704-0300] {dag.py:3954} INFO - Setting next_dagrun for a_primeira_DAG_v1 to 2023-07-20 00:00:00+00:00, run_after=2023-07-21 00:00:00+00:00
[2024-05-02T18:25:04.803-0300] {processor.py:183} INFO - Processing /mnt/c/Users/Tilto/Desktop/Work/Airflow/dags/primeira_dagv1.py took 0.207 seconds
[2024-05-02T19:13:19.537-0300] {processor.py:161} INFO - Started process (PID=645) to work on /mnt/c/Users/Tilto/Desktop/Work/Airflow/dags/primeira_dagv1.py
[2024-05-02T19:13:19.539-0300] {processor.py:830} INFO - Processing file /mnt/c/Users/Tilto/Desktop/Work/Airflow/dags/primeira_dagv1.py for tasks to queue
[2024-05-02T19:13:19.541-0300] {logging_mixin.py:188} INFO - [2024-05-02T19:13:19.540-0300] {dagbag.py:540} INFO - Filling up the DagBag from /mnt/c/Users/Tilto/Desktop/Work/Airflow/dags/primeira_dagv1.py
[2024-05-02T19:13:19.571-0300] {processor.py:840} INFO - DAG(s) 'a_primeira_DAG_v1' retrieved from /mnt/c/Users/Tilto/Desktop/Work/Airflow/dags/primeira_dagv1.py
[2024-05-02T19:13:19.589-0300] {logging_mixin.py:188} INFO - [2024-05-02T19:13:19.588-0300] {dag.py:3096} INFO - Sync 1 DAGs
[2024-05-02T19:13:19.619-0300] {logging_mixin.py:188} INFO - [2024-05-02T19:13:19.619-0300] {dag.py:3954} INFO - Setting next_dagrun for a_primeira_DAG_v1 to 2023-07-20 00:00:00+00:00, run_after=2023-07-21 00:00:00+00:00
[2024-05-02T19:13:19.686-0300] {processor.py:183} INFO - Processing /mnt/c/Users/Tilto/Desktop/Work/Airflow/dags/primeira_dagv1.py took 0.155 seconds
[2024-05-02T19:13:50.491-0300] {processor.py:161} INFO - Started process (PID=782) to work on /mnt/c/Users/Tilto/Desktop/Work/Airflow/dags/primeira_dagv1.py
[2024-05-02T19:13:50.492-0300] {processor.py:830} INFO - Processing file /mnt/c/Users/Tilto/Desktop/Work/Airflow/dags/primeira_dagv1.py for tasks to queue
[2024-05-02T19:13:50.494-0300] {logging_mixin.py:188} INFO - [2024-05-02T19:13:50.494-0300] {dagbag.py:540} INFO - Filling up the DagBag from /mnt/c/Users/Tilto/Desktop/Work/Airflow/dags/primeira_dagv1.py
[2024-05-02T19:13:50.517-0300] {processor.py:840} INFO - DAG(s) 'a_primeira_DAG_v1' retrieved from /mnt/c/Users/Tilto/Desktop/Work/Airflow/dags/primeira_dagv1.py
[2024-05-02T19:13:50.625-0300] {logging_mixin.py:188} INFO - [2024-05-02T19:13:50.625-0300] {dag.py:3096} INFO - Sync 1 DAGs
[2024-05-02T19:13:50.649-0300] {logging_mixin.py:188} INFO - [2024-05-02T19:13:50.649-0300] {dag.py:3954} INFO - Setting next_dagrun for a_primeira_DAG_v1 to 2023-07-20 00:00:00+00:00, run_after=2023-07-21 00:00:00+00:00
[2024-05-02T19:13:50.719-0300] {processor.py:183} INFO - Processing /mnt/c/Users/Tilto/Desktop/Work/Airflow/dags/primeira_dagv1.py took 0.232 seconds
[2024-05-02T19:14:20.874-0300] {processor.py:161} INFO - Started process (PID=910) to work on /mnt/c/Users/Tilto/Desktop/Work/Airflow/dags/primeira_dagv1.py
[2024-05-02T19:14:20.875-0300] {processor.py:830} INFO - Processing file /mnt/c/Users/Tilto/Desktop/Work/Airflow/dags/primeira_dagv1.py for tasks to queue
[2024-05-02T19:14:20.876-0300] {logging_mixin.py:188} INFO - [2024-05-02T19:14:20.876-0300] {dagbag.py:540} INFO - Filling up the DagBag from /mnt/c/Users/Tilto/Desktop/Work/Airflow/dags/primeira_dagv1.py
[2024-05-02T19:14:20.899-0300] {processor.py:840} INFO - DAG(s) 'a_primeira_DAG_v1' retrieved from /mnt/c/Users/Tilto/Desktop/Work/Airflow/dags/primeira_dagv1.py
[2024-05-02T19:14:20.927-0300] {logging_mixin.py:188} INFO - [2024-05-02T19:14:20.927-0300] {dag.py:3096} INFO - Sync 1 DAGs
[2024-05-02T19:14:20.951-0300] {logging_mixin.py:188} INFO - [2024-05-02T19:14:20.951-0300] {dag.py:3954} INFO - Setting next_dagrun for a_primeira_DAG_v1 to 2023-07-20 00:00:00+00:00, run_after=2023-07-21 00:00:00+00:00
[2024-05-02T19:14:21.016-0300] {processor.py:183} INFO - Processing /mnt/c/Users/Tilto/Desktop/Work/Airflow/dags/primeira_dagv1.py took 0.148 seconds
[2024-05-02T19:14:57.334-0300] {processor.py:161} INFO - Started process (PID=1100) to work on /mnt/c/Users/Tilto/Desktop/Work/Airflow/dags/primeira_dagv1.py
[2024-05-02T19:14:57.335-0300] {processor.py:830} INFO - Processing file /mnt/c/Users/Tilto/Desktop/Work/Airflow/dags/primeira_dagv1.py for tasks to queue
[2024-05-02T19:14:57.337-0300] {logging_mixin.py:188} INFO - [2024-05-02T19:14:57.337-0300] {dagbag.py:540} INFO - Filling up the DagBag from /mnt/c/Users/Tilto/Desktop/Work/Airflow/dags/primeira_dagv1.py
[2024-05-02T19:14:57.360-0300] {processor.py:840} INFO - DAG(s) 'a_primeira_DAG_v1' retrieved from /mnt/c/Users/Tilto/Desktop/Work/Airflow/dags/primeira_dagv1.py
[2024-05-02T19:14:57.388-0300] {logging_mixin.py:188} INFO - [2024-05-02T19:14:57.387-0300] {dag.py:3096} INFO - Sync 1 DAGs
[2024-05-02T19:14:57.413-0300] {logging_mixin.py:188} INFO - [2024-05-02T19:14:57.413-0300] {dag.py:3954} INFO - Setting next_dagrun for a_primeira_DAG_v1 to 2023-07-24 00:00:00+00:00, run_after=2023-07-25 00:00:00+00:00
[2024-05-02T19:14:57.480-0300] {processor.py:183} INFO - Processing /mnt/c/Users/Tilto/Desktop/Work/Airflow/dags/primeira_dagv1.py took 0.150 seconds
[2024-05-02T19:15:38.207-0300] {processor.py:161} INFO - Started process (PID=1312) to work on /mnt/c/Users/Tilto/Desktop/Work/Airflow/dags/primeira_dagv1.py
[2024-05-02T19:15:38.208-0300] {processor.py:830} INFO - Processing file /mnt/c/Users/Tilto/Desktop/Work/Airflow/dags/primeira_dagv1.py for tasks to queue
[2024-05-02T19:15:38.210-0300] {logging_mixin.py:188} INFO - [2024-05-02T19:15:38.209-0300] {dagbag.py:540} INFO - Filling up the DagBag from /mnt/c/Users/Tilto/Desktop/Work/Airflow/dags/primeira_dagv1.py
[2024-05-02T19:15:38.229-0300] {processor.py:840} INFO - DAG(s) 'a_primeira_DAG_v1' retrieved from /mnt/c/Users/Tilto/Desktop/Work/Airflow/dags/primeira_dagv1.py
[2024-05-02T19:15:38.256-0300] {logging_mixin.py:188} INFO - [2024-05-02T19:15:38.256-0300] {dag.py:3096} INFO - Sync 1 DAGs
[2024-05-02T19:15:38.279-0300] {logging_mixin.py:188} INFO - [2024-05-02T19:15:38.279-0300] {dag.py:3954} INFO - Setting next_dagrun for a_primeira_DAG_v1 to 2023-07-29 00:00:00+00:00, run_after=2023-07-30 00:00:00+00:00
[2024-05-02T19:15:38.336-0300] {processor.py:183} INFO - Processing /mnt/c/Users/Tilto/Desktop/Work/Airflow/dags/primeira_dagv1.py took 0.133 seconds
[2024-05-02T19:16:10.093-0300] {processor.py:161} INFO - Started process (PID=1481) to work on /mnt/c/Users/Tilto/Desktop/Work/Airflow/dags/primeira_dagv1.py
[2024-05-02T19:16:10.094-0300] {processor.py:830} INFO - Processing file /mnt/c/Users/Tilto/Desktop/Work/Airflow/dags/primeira_dagv1.py for tasks to queue
[2024-05-02T19:16:10.096-0300] {logging_mixin.py:188} INFO - [2024-05-02T19:16:10.096-0300] {dagbag.py:540} INFO - Filling up the DagBag from /mnt/c/Users/Tilto/Desktop/Work/Airflow/dags/primeira_dagv1.py
[2024-05-02T19:16:10.129-0300] {processor.py:840} INFO - DAG(s) 'a_primeira_DAG_v1' retrieved from /mnt/c/Users/Tilto/Desktop/Work/Airflow/dags/primeira_dagv1.py
[2024-05-02T19:16:10.163-0300] {logging_mixin.py:188} INFO - [2024-05-02T19:16:10.162-0300] {dag.py:3096} INFO - Sync 1 DAGs
[2024-05-02T19:16:10.192-0300] {logging_mixin.py:188} INFO - [2024-05-02T19:16:10.191-0300] {dag.py:3954} INFO - Setting next_dagrun for a_primeira_DAG_v1 to 2023-08-02 00:00:00+00:00, run_after=2023-08-03 00:00:00+00:00
[2024-05-02T19:16:10.272-0300] {processor.py:183} INFO - Processing /mnt/c/Users/Tilto/Desktop/Work/Airflow/dags/primeira_dagv1.py took 0.185 seconds
[2024-05-02T19:16:40.629-0300] {processor.py:161} INFO - Started process (PID=1651) to work on /mnt/c/Users/Tilto/Desktop/Work/Airflow/dags/primeira_dagv1.py
[2024-05-02T19:16:40.630-0300] {processor.py:830} INFO - Processing file /mnt/c/Users/Tilto/Desktop/Work/Airflow/dags/primeira_dagv1.py for tasks to queue
[2024-05-02T19:16:40.632-0300] {logging_mixin.py:188} INFO - [2024-05-02T19:16:40.632-0300] {dagbag.py:540} INFO - Filling up the DagBag from /mnt/c/Users/Tilto/Desktop/Work/Airflow/dags/primeira_dagv1.py
[2024-05-02T19:16:40.656-0300] {processor.py:840} INFO - DAG(s) 'a_primeira_DAG_v1' retrieved from /mnt/c/Users/Tilto/Desktop/Work/Airflow/dags/primeira_dagv1.py
[2024-05-02T19:16:40.683-0300] {logging_mixin.py:188} INFO - [2024-05-02T19:16:40.682-0300] {dag.py:3096} INFO - Sync 1 DAGs
[2024-05-02T19:16:40.708-0300] {logging_mixin.py:188} INFO - [2024-05-02T19:16:40.707-0300] {dag.py:3954} INFO - Setting next_dagrun for a_primeira_DAG_v1 to 2023-08-05 00:00:00+00:00, run_after=2023-08-06 00:00:00+00:00
[2024-05-02T19:16:40.774-0300] {processor.py:183} INFO - Processing /mnt/c/Users/Tilto/Desktop/Work/Airflow/dags/primeira_dagv1.py took 0.149 seconds
[2024-05-02T19:17:11.403-0300] {processor.py:161} INFO - Started process (PID=1816) to work on /mnt/c/Users/Tilto/Desktop/Work/Airflow/dags/primeira_dagv1.py
[2024-05-02T19:17:11.404-0300] {processor.py:830} INFO - Processing file /mnt/c/Users/Tilto/Desktop/Work/Airflow/dags/primeira_dagv1.py for tasks to queue
[2024-05-02T19:17:11.406-0300] {logging_mixin.py:188} INFO - [2024-05-02T19:17:11.406-0300] {dagbag.py:540} INFO - Filling up the DagBag from /mnt/c/Users/Tilto/Desktop/Work/Airflow/dags/primeira_dagv1.py
[2024-05-02T19:17:11.435-0300] {processor.py:840} INFO - DAG(s) 'a_primeira_DAG_v1' retrieved from /mnt/c/Users/Tilto/Desktop/Work/Airflow/dags/primeira_dagv1.py
[2024-05-02T19:17:11.468-0300] {logging_mixin.py:188} INFO - [2024-05-02T19:17:11.468-0300] {dag.py:3096} INFO - Sync 1 DAGs
[2024-05-02T19:17:11.499-0300] {logging_mixin.py:188} INFO - [2024-05-02T19:17:11.499-0300] {dag.py:3954} INFO - Setting next_dagrun for a_primeira_DAG_v1 to 2023-08-08 00:00:00+00:00, run_after=2023-08-09 00:00:00+00:00
[2024-05-02T19:17:11.567-0300] {processor.py:183} INFO - Processing /mnt/c/Users/Tilto/Desktop/Work/Airflow/dags/primeira_dagv1.py took 0.169 seconds
[2024-05-02T19:24:09.749-0300] {processor.py:161} INFO - Started process (PID=3615) to work on /mnt/c/Users/Tilto/Desktop/Work/Airflow/dags/primeira_dagv1.py
[2024-05-02T19:24:09.750-0300] {processor.py:830} INFO - Processing file /mnt/c/Users/Tilto/Desktop/Work/Airflow/dags/primeira_dagv1.py for tasks to queue
[2024-05-02T19:24:09.751-0300] {logging_mixin.py:188} INFO - [2024-05-02T19:24:09.751-0300] {dagbag.py:540} INFO - Filling up the DagBag from /mnt/c/Users/Tilto/Desktop/Work/Airflow/dags/primeira_dagv1.py
[2024-05-02T19:24:09.770-0300] {processor.py:840} INFO - DAG(s) 'a_primeira_DAG_v1' retrieved from /mnt/c/Users/Tilto/Desktop/Work/Airflow/dags/primeira_dagv1.py
[2024-05-02T19:24:09.784-0300] {logging_mixin.py:188} INFO - [2024-05-02T19:24:09.784-0300] {dag.py:3096} INFO - Sync 1 DAGs
[2024-05-02T19:24:09.816-0300] {logging_mixin.py:188} INFO - [2024-05-02T19:24:09.816-0300] {dag.py:3954} INFO - Setting next_dagrun for a_primeira_DAG_v1 to 2023-08-13 00:00:00+00:00, run_after=2023-08-14 00:00:00+00:00
[2024-05-02T19:24:09.978-0300] {processor.py:183} INFO - Processing /mnt/c/Users/Tilto/Desktop/Work/Airflow/dags/primeira_dagv1.py took 0.234 seconds
[2024-05-02T19:24:40.087-0300] {processor.py:161} INFO - Started process (PID=3778) to work on /mnt/c/Users/Tilto/Desktop/Work/Airflow/dags/primeira_dagv1.py
[2024-05-02T19:24:40.089-0300] {processor.py:830} INFO - Processing file /mnt/c/Users/Tilto/Desktop/Work/Airflow/dags/primeira_dagv1.py for tasks to queue
[2024-05-02T19:24:40.090-0300] {logging_mixin.py:188} INFO - [2024-05-02T19:24:40.090-0300] {dagbag.py:540} INFO - Filling up the DagBag from /mnt/c/Users/Tilto/Desktop/Work/Airflow/dags/primeira_dagv1.py
[2024-05-02T19:24:40.116-0300] {processor.py:840} INFO - DAG(s) 'a_primeira_DAG_v1' retrieved from /mnt/c/Users/Tilto/Desktop/Work/Airflow/dags/primeira_dagv1.py
[2024-05-02T19:24:40.220-0300] {logging_mixin.py:188} INFO - [2024-05-02T19:24:40.220-0300] {dag.py:3096} INFO - Sync 1 DAGs
[2024-05-02T19:24:40.242-0300] {logging_mixin.py:188} INFO - [2024-05-02T19:24:40.242-0300] {dag.py:3954} INFO - Setting next_dagrun for a_primeira_DAG_v1 to 2023-08-17 00:00:00+00:00, run_after=2023-08-18 00:00:00+00:00
[2024-05-02T19:24:40.310-0300] {processor.py:183} INFO - Processing /mnt/c/Users/Tilto/Desktop/Work/Airflow/dags/primeira_dagv1.py took 0.226 seconds
[2024-05-02T19:25:11.578-0300] {processor.py:161} INFO - Started process (PID=3943) to work on /mnt/c/Users/Tilto/Desktop/Work/Airflow/dags/primeira_dagv1.py
[2024-05-02T19:25:11.579-0300] {processor.py:830} INFO - Processing file /mnt/c/Users/Tilto/Desktop/Work/Airflow/dags/primeira_dagv1.py for tasks to queue
[2024-05-02T19:25:11.580-0300] {logging_mixin.py:188} INFO - [2024-05-02T19:25:11.580-0300] {dagbag.py:540} INFO - Filling up the DagBag from /mnt/c/Users/Tilto/Desktop/Work/Airflow/dags/primeira_dagv1.py
[2024-05-02T19:25:11.606-0300] {processor.py:840} INFO - DAG(s) 'a_primeira_DAG_v1' retrieved from /mnt/c/Users/Tilto/Desktop/Work/Airflow/dags/primeira_dagv1.py
[2024-05-02T19:25:11.634-0300] {logging_mixin.py:188} INFO - [2024-05-02T19:25:11.634-0300] {dag.py:3096} INFO - Sync 1 DAGs
[2024-05-02T19:25:11.661-0300] {logging_mixin.py:188} INFO - [2024-05-02T19:25:11.661-0300] {dag.py:3954} INFO - Setting next_dagrun for a_primeira_DAG_v1 to 2023-08-21 00:00:00+00:00, run_after=2023-08-22 00:00:00+00:00
[2024-05-02T19:25:11.740-0300] {processor.py:183} INFO - Processing /mnt/c/Users/Tilto/Desktop/Work/Airflow/dags/primeira_dagv1.py took 0.167 seconds
[2024-05-02T19:25:47.844-0300] {processor.py:161} INFO - Started process (PID=4126) to work on /mnt/c/Users/Tilto/Desktop/Work/Airflow/dags/primeira_dagv1.py
[2024-05-02T19:25:47.845-0300] {processor.py:830} INFO - Processing file /mnt/c/Users/Tilto/Desktop/Work/Airflow/dags/primeira_dagv1.py for tasks to queue
[2024-05-02T19:25:47.846-0300] {logging_mixin.py:188} INFO - [2024-05-02T19:25:47.846-0300] {dagbag.py:540} INFO - Filling up the DagBag from /mnt/c/Users/Tilto/Desktop/Work/Airflow/dags/primeira_dagv1.py
[2024-05-02T19:25:47.870-0300] {processor.py:840} INFO - DAG(s) 'a_primeira_DAG_v1' retrieved from /mnt/c/Users/Tilto/Desktop/Work/Airflow/dags/primeira_dagv1.py
[2024-05-02T19:25:47.899-0300] {logging_mixin.py:188} INFO - [2024-05-02T19:25:47.898-0300] {dag.py:3096} INFO - Sync 1 DAGs
[2024-05-02T19:25:47.923-0300] {logging_mixin.py:188} INFO - [2024-05-02T19:25:47.923-0300] {dag.py:3954} INFO - Setting next_dagrun for a_primeira_DAG_v1 to 2023-08-25 00:00:00+00:00, run_after=2023-08-26 00:00:00+00:00
[2024-05-02T19:25:47.988-0300] {processor.py:183} INFO - Processing /mnt/c/Users/Tilto/Desktop/Work/Airflow/dags/primeira_dagv1.py took 0.149 seconds
[2024-05-02T19:26:21.468-0300] {processor.py:161} INFO - Started process (PID=4299) to work on /mnt/c/Users/Tilto/Desktop/Work/Airflow/dags/primeira_dagv1.py
[2024-05-02T19:26:21.470-0300] {processor.py:830} INFO - Processing file /mnt/c/Users/Tilto/Desktop/Work/Airflow/dags/primeira_dagv1.py for tasks to queue
[2024-05-02T19:26:21.471-0300] {logging_mixin.py:188} INFO - [2024-05-02T19:26:21.471-0300] {dagbag.py:540} INFO - Filling up the DagBag from /mnt/c/Users/Tilto/Desktop/Work/Airflow/dags/primeira_dagv1.py
[2024-05-02T19:26:21.494-0300] {processor.py:840} INFO - DAG(s) 'a_primeira_DAG_v1' retrieved from /mnt/c/Users/Tilto/Desktop/Work/Airflow/dags/primeira_dagv1.py
[2024-05-02T19:26:21.522-0300] {logging_mixin.py:188} INFO - [2024-05-02T19:26:21.521-0300] {dag.py:3096} INFO - Sync 1 DAGs
[2024-05-02T19:26:21.548-0300] {logging_mixin.py:188} INFO - [2024-05-02T19:26:21.548-0300] {dag.py:3954} INFO - Setting next_dagrun for a_primeira_DAG_v1 to 2023-08-29 00:00:00+00:00, run_after=2023-08-30 00:00:00+00:00
[2024-05-02T19:26:21.647-0300] {processor.py:183} INFO - Processing /mnt/c/Users/Tilto/Desktop/Work/Airflow/dags/primeira_dagv1.py took 0.183 seconds
[2024-05-02T19:26:54.912-0300] {processor.py:161} INFO - Started process (PID=4471) to work on /mnt/c/Users/Tilto/Desktop/Work/Airflow/dags/primeira_dagv1.py
[2024-05-02T19:26:54.913-0300] {processor.py:830} INFO - Processing file /mnt/c/Users/Tilto/Desktop/Work/Airflow/dags/primeira_dagv1.py for tasks to queue
[2024-05-02T19:26:54.915-0300] {logging_mixin.py:188} INFO - [2024-05-02T19:26:54.915-0300] {dagbag.py:540} INFO - Filling up the DagBag from /mnt/c/Users/Tilto/Desktop/Work/Airflow/dags/primeira_dagv1.py
[2024-05-02T19:26:54.939-0300] {processor.py:840} INFO - DAG(s) 'a_primeira_DAG_v1' retrieved from /mnt/c/Users/Tilto/Desktop/Work/Airflow/dags/primeira_dagv1.py
[2024-05-02T19:26:54.970-0300] {logging_mixin.py:188} INFO - [2024-05-02T19:26:54.970-0300] {dag.py:3096} INFO - Sync 1 DAGs
[2024-05-02T19:26:54.998-0300] {logging_mixin.py:188} INFO - [2024-05-02T19:26:54.997-0300] {dag.py:3954} INFO - Setting next_dagrun for a_primeira_DAG_v1 to 2023-09-02 00:00:00+00:00, run_after=2023-09-03 00:00:00+00:00
[2024-05-02T19:26:55.068-0300] {processor.py:183} INFO - Processing /mnt/c/Users/Tilto/Desktop/Work/Airflow/dags/primeira_dagv1.py took 0.160 seconds
[2024-05-02T19:27:27.154-0300] {processor.py:161} INFO - Started process (PID=4640) to work on /mnt/c/Users/Tilto/Desktop/Work/Airflow/dags/primeira_dagv1.py
[2024-05-02T19:27:27.155-0300] {processor.py:830} INFO - Processing file /mnt/c/Users/Tilto/Desktop/Work/Airflow/dags/primeira_dagv1.py for tasks to queue
[2024-05-02T19:27:27.157-0300] {logging_mixin.py:188} INFO - [2024-05-02T19:27:27.157-0300] {dagbag.py:540} INFO - Filling up the DagBag from /mnt/c/Users/Tilto/Desktop/Work/Airflow/dags/primeira_dagv1.py
[2024-05-02T19:27:27.184-0300] {processor.py:840} INFO - DAG(s) 'a_primeira_DAG_v1' retrieved from /mnt/c/Users/Tilto/Desktop/Work/Airflow/dags/primeira_dagv1.py
[2024-05-02T19:27:27.217-0300] {logging_mixin.py:188} INFO - [2024-05-02T19:27:27.216-0300] {dag.py:3096} INFO - Sync 1 DAGs
[2024-05-02T19:27:27.243-0300] {logging_mixin.py:188} INFO - [2024-05-02T19:27:27.243-0300] {dag.py:3954} INFO - Setting next_dagrun for a_primeira_DAG_v1 to 2023-09-06 00:00:00+00:00, run_after=2023-09-07 00:00:00+00:00
[2024-05-02T19:27:27.310-0300] {processor.py:183} INFO - Processing /mnt/c/Users/Tilto/Desktop/Work/Airflow/dags/primeira_dagv1.py took 0.163 seconds
[2024-05-02T19:28:22.301-0300] {processor.py:161} INFO - Started process (PID=4899) to work on /mnt/c/Users/Tilto/Desktop/Work/Airflow/dags/primeira_dagv1.py
[2024-05-02T19:28:22.302-0300] {processor.py:830} INFO - Processing file /mnt/c/Users/Tilto/Desktop/Work/Airflow/dags/primeira_dagv1.py for tasks to queue
[2024-05-02T19:28:22.304-0300] {logging_mixin.py:188} INFO - [2024-05-02T19:28:22.304-0300] {dagbag.py:540} INFO - Filling up the DagBag from /mnt/c/Users/Tilto/Desktop/Work/Airflow/dags/primeira_dagv1.py
[2024-05-02T19:28:22.329-0300] {processor.py:840} INFO - DAG(s) 'a_primeira_DAG_v1' retrieved from /mnt/c/Users/Tilto/Desktop/Work/Airflow/dags/primeira_dagv1.py
[2024-05-02T19:28:22.355-0300] {logging_mixin.py:188} INFO - [2024-05-02T19:28:22.354-0300] {dag.py:3096} INFO - Sync 1 DAGs
[2024-05-02T19:28:22.379-0300] {logging_mixin.py:188} INFO - [2024-05-02T19:28:22.379-0300] {dag.py:3954} INFO - Setting next_dagrun for a_primeira_DAG_v1 to 2023-09-10 00:00:00+00:00, run_after=2023-09-11 00:00:00+00:00
[2024-05-02T19:28:22.439-0300] {processor.py:183} INFO - Processing /mnt/c/Users/Tilto/Desktop/Work/Airflow/dags/primeira_dagv1.py took 0.142 seconds
[2024-05-02T19:28:53.747-0300] {processor.py:161} INFO - Started process (PID=5063) to work on /mnt/c/Users/Tilto/Desktop/Work/Airflow/dags/primeira_dagv1.py
[2024-05-02T19:28:53.748-0300] {processor.py:830} INFO - Processing file /mnt/c/Users/Tilto/Desktop/Work/Airflow/dags/primeira_dagv1.py for tasks to queue
[2024-05-02T19:28:53.750-0300] {logging_mixin.py:188} INFO - [2024-05-02T19:28:53.749-0300] {dagbag.py:540} INFO - Filling up the DagBag from /mnt/c/Users/Tilto/Desktop/Work/Airflow/dags/primeira_dagv1.py
[2024-05-02T19:28:53.772-0300] {processor.py:840} INFO - DAG(s) 'a_primeira_DAG_v1' retrieved from /mnt/c/Users/Tilto/Desktop/Work/Airflow/dags/primeira_dagv1.py
[2024-05-02T19:28:53.799-0300] {logging_mixin.py:188} INFO - [2024-05-02T19:28:53.799-0300] {dag.py:3096} INFO - Sync 1 DAGs
[2024-05-02T19:28:53.823-0300] {logging_mixin.py:188} INFO - [2024-05-02T19:28:53.823-0300] {dag.py:3954} INFO - Setting next_dagrun for a_primeira_DAG_v1 to 2023-09-14 00:00:00+00:00, run_after=2023-09-15 00:00:00+00:00
[2024-05-02T19:28:53.882-0300] {processor.py:183} INFO - Processing /mnt/c/Users/Tilto/Desktop/Work/Airflow/dags/primeira_dagv1.py took 0.140 seconds
[2024-05-02T19:29:26.029-0300] {processor.py:161} INFO - Started process (PID=5231) to work on /mnt/c/Users/Tilto/Desktop/Work/Airflow/dags/primeira_dagv1.py
[2024-05-02T19:29:26.030-0300] {processor.py:830} INFO - Processing file /mnt/c/Users/Tilto/Desktop/Work/Airflow/dags/primeira_dagv1.py for tasks to queue
[2024-05-02T19:29:26.033-0300] {logging_mixin.py:188} INFO - [2024-05-02T19:29:26.032-0300] {dagbag.py:540} INFO - Filling up the DagBag from /mnt/c/Users/Tilto/Desktop/Work/Airflow/dags/primeira_dagv1.py
[2024-05-02T19:29:26.058-0300] {processor.py:840} INFO - DAG(s) 'a_primeira_DAG_v1' retrieved from /mnt/c/Users/Tilto/Desktop/Work/Airflow/dags/primeira_dagv1.py
[2024-05-02T19:29:26.084-0300] {logging_mixin.py:188} INFO - [2024-05-02T19:29:26.084-0300] {dag.py:3096} INFO - Sync 1 DAGs
[2024-05-02T19:29:26.108-0300] {logging_mixin.py:188} INFO - [2024-05-02T19:29:26.108-0300] {dag.py:3954} INFO - Setting next_dagrun for a_primeira_DAG_v1 to 2023-09-18 00:00:00+00:00, run_after=2023-09-19 00:00:00+00:00
[2024-05-02T19:29:26.171-0300] {processor.py:183} INFO - Processing /mnt/c/Users/Tilto/Desktop/Work/Airflow/dags/primeira_dagv1.py took 0.146 seconds
[2024-05-02T19:29:57.939-0300] {processor.py:161} INFO - Started process (PID=5397) to work on /mnt/c/Users/Tilto/Desktop/Work/Airflow/dags/primeira_dagv1.py
[2024-05-02T19:29:57.940-0300] {processor.py:830} INFO - Processing file /mnt/c/Users/Tilto/Desktop/Work/Airflow/dags/primeira_dagv1.py for tasks to queue
[2024-05-02T19:29:57.941-0300] {logging_mixin.py:188} INFO - [2024-05-02T19:29:57.941-0300] {dagbag.py:540} INFO - Filling up the DagBag from /mnt/c/Users/Tilto/Desktop/Work/Airflow/dags/primeira_dagv1.py
[2024-05-02T19:29:57.964-0300] {processor.py:840} INFO - DAG(s) 'a_primeira_DAG_v1' retrieved from /mnt/c/Users/Tilto/Desktop/Work/Airflow/dags/primeira_dagv1.py
[2024-05-02T19:29:57.990-0300] {logging_mixin.py:188} INFO - [2024-05-02T19:29:57.990-0300] {dag.py:3096} INFO - Sync 1 DAGs
[2024-05-02T19:29:58.016-0300] {logging_mixin.py:188} INFO - [2024-05-02T19:29:58.016-0300] {dag.py:3954} INFO - Setting next_dagrun for a_primeira_DAG_v1 to 2023-09-22 00:00:00+00:00, run_after=2023-09-23 00:00:00+00:00
[2024-05-02T19:29:58.081-0300] {processor.py:183} INFO - Processing /mnt/c/Users/Tilto/Desktop/Work/Airflow/dags/primeira_dagv1.py took 0.147 seconds
[2024-05-02T19:30:34.256-0300] {processor.py:161} INFO - Started process (PID=5581) to work on /mnt/c/Users/Tilto/Desktop/Work/Airflow/dags/primeira_dagv1.py
[2024-05-02T19:30:34.258-0300] {processor.py:830} INFO - Processing file /mnt/c/Users/Tilto/Desktop/Work/Airflow/dags/primeira_dagv1.py for tasks to queue
[2024-05-02T19:30:34.260-0300] {logging_mixin.py:188} INFO - [2024-05-02T19:30:34.259-0300] {dagbag.py:540} INFO - Filling up the DagBag from /mnt/c/Users/Tilto/Desktop/Work/Airflow/dags/primeira_dagv1.py
[2024-05-02T19:30:34.284-0300] {processor.py:840} INFO - DAG(s) 'a_primeira_DAG_v1' retrieved from /mnt/c/Users/Tilto/Desktop/Work/Airflow/dags/primeira_dagv1.py
[2024-05-02T19:30:34.312-0300] {logging_mixin.py:188} INFO - [2024-05-02T19:30:34.312-0300] {dag.py:3096} INFO - Sync 1 DAGs
[2024-05-02T19:30:34.337-0300] {logging_mixin.py:188} INFO - [2024-05-02T19:30:34.337-0300] {dag.py:3954} INFO - Setting next_dagrun for a_primeira_DAG_v1 to 2023-09-26 00:00:00+00:00, run_after=2023-09-27 00:00:00+00:00
[2024-05-02T19:30:34.404-0300] {processor.py:183} INFO - Processing /mnt/c/Users/Tilto/Desktop/Work/Airflow/dags/primeira_dagv1.py took 0.153 seconds
[2024-05-02T19:31:08.105-0300] {processor.py:161} INFO - Started process (PID=5758) to work on /mnt/c/Users/Tilto/Desktop/Work/Airflow/dags/primeira_dagv1.py
[2024-05-02T19:31:08.106-0300] {processor.py:830} INFO - Processing file /mnt/c/Users/Tilto/Desktop/Work/Airflow/dags/primeira_dagv1.py for tasks to queue
[2024-05-02T19:31:08.108-0300] {logging_mixin.py:188} INFO - [2024-05-02T19:31:08.107-0300] {dagbag.py:540} INFO - Filling up the DagBag from /mnt/c/Users/Tilto/Desktop/Work/Airflow/dags/primeira_dagv1.py
[2024-05-02T19:31:08.133-0300] {processor.py:840} INFO - DAG(s) 'a_primeira_DAG_v1' retrieved from /mnt/c/Users/Tilto/Desktop/Work/Airflow/dags/primeira_dagv1.py
[2024-05-02T19:31:08.160-0300] {logging_mixin.py:188} INFO - [2024-05-02T19:31:08.159-0300] {dag.py:3096} INFO - Sync 1 DAGs
[2024-05-02T19:31:08.189-0300] {logging_mixin.py:188} INFO - [2024-05-02T19:31:08.189-0300] {dag.py:3954} INFO - Setting next_dagrun for a_primeira_DAG_v1 to 2023-09-30 00:00:00+00:00, run_after=2023-10-01 00:00:00+00:00
[2024-05-02T19:31:08.255-0300] {processor.py:183} INFO - Processing /mnt/c/Users/Tilto/Desktop/Work/Airflow/dags/primeira_dagv1.py took 0.155 seconds
[2024-05-02T19:31:40.149-0300] {processor.py:161} INFO - Started process (PID=5924) to work on /mnt/c/Users/Tilto/Desktop/Work/Airflow/dags/primeira_dagv1.py
[2024-05-02T19:31:40.150-0300] {processor.py:830} INFO - Processing file /mnt/c/Users/Tilto/Desktop/Work/Airflow/dags/primeira_dagv1.py for tasks to queue
[2024-05-02T19:31:40.152-0300] {logging_mixin.py:188} INFO - [2024-05-02T19:31:40.152-0300] {dagbag.py:540} INFO - Filling up the DagBag from /mnt/c/Users/Tilto/Desktop/Work/Airflow/dags/primeira_dagv1.py
[2024-05-02T19:31:40.181-0300] {processor.py:840} INFO - DAG(s) 'a_primeira_DAG_v1' retrieved from /mnt/c/Users/Tilto/Desktop/Work/Airflow/dags/primeira_dagv1.py
[2024-05-02T19:31:40.213-0300] {logging_mixin.py:188} INFO - [2024-05-02T19:31:40.213-0300] {dag.py:3096} INFO - Sync 1 DAGs
[2024-05-02T19:31:40.429-0300] {logging_mixin.py:188} INFO - [2024-05-02T19:31:40.429-0300] {dag.py:3954} INFO - Setting next_dagrun for a_primeira_DAG_v1 to 2023-10-04 00:00:00+00:00, run_after=2023-10-05 00:00:00+00:00
[2024-05-02T19:31:40.597-0300] {processor.py:183} INFO - Processing /mnt/c/Users/Tilto/Desktop/Work/Airflow/dags/primeira_dagv1.py took 0.454 seconds
[2024-05-02T19:32:12.668-0300] {processor.py:161} INFO - Started process (PID=6095) to work on /mnt/c/Users/Tilto/Desktop/Work/Airflow/dags/primeira_dagv1.py
[2024-05-02T19:32:12.669-0300] {processor.py:830} INFO - Processing file /mnt/c/Users/Tilto/Desktop/Work/Airflow/dags/primeira_dagv1.py for tasks to queue
[2024-05-02T19:32:12.670-0300] {logging_mixin.py:188} INFO - [2024-05-02T19:32:12.670-0300] {dagbag.py:540} INFO - Filling up the DagBag from /mnt/c/Users/Tilto/Desktop/Work/Airflow/dags/primeira_dagv1.py
[2024-05-02T19:32:12.689-0300] {processor.py:840} INFO - DAG(s) 'a_primeira_DAG_v1' retrieved from /mnt/c/Users/Tilto/Desktop/Work/Airflow/dags/primeira_dagv1.py
[2024-05-02T19:32:12.717-0300] {logging_mixin.py:188} INFO - [2024-05-02T19:32:12.717-0300] {dag.py:3096} INFO - Sync 1 DAGs
[2024-05-02T19:32:12.746-0300] {logging_mixin.py:188} INFO - [2024-05-02T19:32:12.746-0300] {dag.py:3954} INFO - Setting next_dagrun for a_primeira_DAG_v1 to 2023-10-08 00:00:00+00:00, run_after=2023-10-09 00:00:00+00:00
[2024-05-02T19:32:12.803-0300] {processor.py:183} INFO - Processing /mnt/c/Users/Tilto/Desktop/Work/Airflow/dags/primeira_dagv1.py took 0.141 seconds
[2024-05-02T19:32:46.074-0300] {processor.py:161} INFO - Started process (PID=6267) to work on /mnt/c/Users/Tilto/Desktop/Work/Airflow/dags/primeira_dagv1.py
[2024-05-02T19:32:46.075-0300] {processor.py:830} INFO - Processing file /mnt/c/Users/Tilto/Desktop/Work/Airflow/dags/primeira_dagv1.py for tasks to queue
[2024-05-02T19:32:46.077-0300] {logging_mixin.py:188} INFO - [2024-05-02T19:32:46.076-0300] {dagbag.py:540} INFO - Filling up the DagBag from /mnt/c/Users/Tilto/Desktop/Work/Airflow/dags/primeira_dagv1.py
[2024-05-02T19:32:46.096-0300] {processor.py:840} INFO - DAG(s) 'a_primeira_DAG_v1' retrieved from /mnt/c/Users/Tilto/Desktop/Work/Airflow/dags/primeira_dagv1.py
[2024-05-02T19:32:46.122-0300] {logging_mixin.py:188} INFO - [2024-05-02T19:32:46.122-0300] {dag.py:3096} INFO - Sync 1 DAGs
[2024-05-02T19:32:46.149-0300] {logging_mixin.py:188} INFO - [2024-05-02T19:32:46.148-0300] {dag.py:3954} INFO - Setting next_dagrun for a_primeira_DAG_v1 to 2023-10-12 00:00:00+00:00, run_after=2023-10-13 00:00:00+00:00
[2024-05-02T19:32:46.207-0300] {processor.py:183} INFO - Processing /mnt/c/Users/Tilto/Desktop/Work/Airflow/dags/primeira_dagv1.py took 0.137 seconds
