[2024-05-02T18:20:50.592-0300] {processor.py:161} INFO - Started process (PID=903) to work on /mnt/c/Users/Tilto/Desktop/Work/Airflow/dags/primeira_dag.py
[2024-05-02T18:20:50.593-0300] {processor.py:830} INFO - Processing file /mnt/c/Users/Tilto/Desktop/Work/Airflow/dags/primeira_dag.py for tasks to queue
[2024-05-02T18:20:50.595-0300] {logging_mixin.py:188} INFO - [2024-05-02T18:20:50.595-0300] {dagbag.py:540} INFO - Filling up the DagBag from /mnt/c/Users/Tilto/Desktop/Work/Airflow/dags/primeira_dag.py
[2024-05-02T18:20:50.632-0300] {processor.py:840} INFO - DAG(s) 'a_primeira_DAG_v0' retrieved from /mnt/c/Users/Tilto/Desktop/Work/Airflow/dags/primeira_dag.py
[2024-05-02T18:20:50.652-0300] {logging_mixin.py:188} INFO - [2024-05-02T18:20:50.652-0300] {dag.py:3096} INFO - Sync 1 DAGs
[2024-05-02T18:20:50.685-0300] {logging_mixin.py:188} INFO - [2024-05-02T18:20:50.685-0300] {dag.py:3954} INFO - Setting next_dagrun for a_primeira_DAG_v0 to 2023-07-21 00:00:00+00:00, run_after=2023-07-22 00:00:00+00:00
[2024-05-02T18:20:50.778-0300] {processor.py:183} INFO - Processing /mnt/c/Users/Tilto/Desktop/Work/Airflow/dags/primeira_dag.py took 0.191 seconds
[2024-05-02T18:21:21.846-0300] {processor.py:161} INFO - Started process (PID=1035) to work on /mnt/c/Users/Tilto/Desktop/Work/Airflow/dags/primeira_dag.py
[2024-05-02T18:21:21.847-0300] {processor.py:830} INFO - Processing file /mnt/c/Users/Tilto/Desktop/Work/Airflow/dags/primeira_dag.py for tasks to queue
[2024-05-02T18:21:21.849-0300] {logging_mixin.py:188} INFO - [2024-05-02T18:21:21.848-0300] {dagbag.py:540} INFO - Filling up the DagBag from /mnt/c/Users/Tilto/Desktop/Work/Airflow/dags/primeira_dag.py
[2024-05-02T18:21:21.882-0300] {processor.py:840} INFO - DAG(s) 'a_primeira_DAG_v0' retrieved from /mnt/c/Users/Tilto/Desktop/Work/Airflow/dags/primeira_dag.py
[2024-05-02T18:21:22.012-0300] {logging_mixin.py:188} INFO - [2024-05-02T18:21:22.011-0300] {dag.py:3096} INFO - Sync 1 DAGs
[2024-05-02T18:21:22.039-0300] {logging_mixin.py:188} INFO - [2024-05-02T18:21:22.039-0300] {dag.py:3954} INFO - Setting next_dagrun for a_primeira_DAG_v0 to 2023-07-21 00:00:00+00:00, run_after=2023-07-22 00:00:00+00:00
[2024-05-02T18:21:22.131-0300] {processor.py:183} INFO - Processing /mnt/c/Users/Tilto/Desktop/Work/Airflow/dags/primeira_dag.py took 0.290 seconds
[2024-05-02T18:21:53.242-0300] {processor.py:161} INFO - Started process (PID=1168) to work on /mnt/c/Users/Tilto/Desktop/Work/Airflow/dags/primeira_dag.py
[2024-05-02T18:21:53.243-0300] {processor.py:830} INFO - Processing file /mnt/c/Users/Tilto/Desktop/Work/Airflow/dags/primeira_dag.py for tasks to queue
[2024-05-02T18:21:53.244-0300] {logging_mixin.py:188} INFO - [2024-05-02T18:21:53.244-0300] {dagbag.py:540} INFO - Filling up the DagBag from /mnt/c/Users/Tilto/Desktop/Work/Airflow/dags/primeira_dag.py
[2024-05-02T18:21:53.277-0300] {processor.py:840} INFO - DAG(s) 'a_primeira_DAG_v0' retrieved from /mnt/c/Users/Tilto/Desktop/Work/Airflow/dags/primeira_dag.py
[2024-05-02T18:21:53.309-0300] {logging_mixin.py:188} INFO - [2024-05-02T18:21:53.309-0300] {dag.py:3096} INFO - Sync 1 DAGs
[2024-05-02T18:21:53.336-0300] {logging_mixin.py:188} INFO - [2024-05-02T18:21:53.335-0300] {dag.py:3954} INFO - Setting next_dagrun for a_primeira_DAG_v0 to 2023-07-21 00:00:00+00:00, run_after=2023-07-22 00:00:00+00:00
[2024-05-02T18:21:53.423-0300] {processor.py:183} INFO - Processing /mnt/c/Users/Tilto/Desktop/Work/Airflow/dags/primeira_dag.py took 0.187 seconds
[2024-05-02T18:22:24.569-0300] {processor.py:161} INFO - Started process (PID=1297) to work on /mnt/c/Users/Tilto/Desktop/Work/Airflow/dags/primeira_dag.py
[2024-05-02T18:22:24.570-0300] {processor.py:830} INFO - Processing file /mnt/c/Users/Tilto/Desktop/Work/Airflow/dags/primeira_dag.py for tasks to queue
[2024-05-02T18:22:24.571-0300] {logging_mixin.py:188} INFO - [2024-05-02T18:22:24.571-0300] {dagbag.py:540} INFO - Filling up the DagBag from /mnt/c/Users/Tilto/Desktop/Work/Airflow/dags/primeira_dag.py
[2024-05-02T18:22:24.602-0300] {processor.py:840} INFO - DAG(s) 'a_primeira_DAG_v0' retrieved from /mnt/c/Users/Tilto/Desktop/Work/Airflow/dags/primeira_dag.py
[2024-05-02T18:22:24.634-0300] {logging_mixin.py:188} INFO - [2024-05-02T18:22:24.634-0300] {dag.py:3096} INFO - Sync 1 DAGs
[2024-05-02T18:22:24.663-0300] {logging_mixin.py:188} INFO - [2024-05-02T18:22:24.662-0300] {dag.py:3954} INFO - Setting next_dagrun for a_primeira_DAG_v0 to 2023-07-21 00:00:00+00:00, run_after=2023-07-22 00:00:00+00:00
[2024-05-02T18:22:24.750-0300] {processor.py:183} INFO - Processing /mnt/c/Users/Tilto/Desktop/Work/Airflow/dags/primeira_dag.py took 0.186 seconds
[2024-05-02T18:22:55.880-0300] {processor.py:161} INFO - Started process (PID=1425) to work on /mnt/c/Users/Tilto/Desktop/Work/Airflow/dags/primeira_dag.py
[2024-05-02T18:22:55.882-0300] {processor.py:830} INFO - Processing file /mnt/c/Users/Tilto/Desktop/Work/Airflow/dags/primeira_dag.py for tasks to queue
[2024-05-02T18:22:55.883-0300] {logging_mixin.py:188} INFO - [2024-05-02T18:22:55.883-0300] {dagbag.py:540} INFO - Filling up the DagBag from /mnt/c/Users/Tilto/Desktop/Work/Airflow/dags/primeira_dag.py
[2024-05-02T18:22:55.915-0300] {processor.py:840} INFO - DAG(s) 'a_primeira_DAG_v0' retrieved from /mnt/c/Users/Tilto/Desktop/Work/Airflow/dags/primeira_dag.py
[2024-05-02T18:22:55.947-0300] {logging_mixin.py:188} INFO - [2024-05-02T18:22:55.947-0300] {dag.py:3096} INFO - Sync 1 DAGs
[2024-05-02T18:22:55.976-0300] {logging_mixin.py:188} INFO - [2024-05-02T18:22:55.976-0300] {dag.py:3954} INFO - Setting next_dagrun for a_primeira_DAG_v0 to 2023-07-21 00:00:00+00:00, run_after=2023-07-22 00:00:00+00:00
[2024-05-02T18:22:56.060-0300] {processor.py:183} INFO - Processing /mnt/c/Users/Tilto/Desktop/Work/Airflow/dags/primeira_dag.py took 0.185 seconds
[2024-05-02T18:23:26.600-0300] {processor.py:161} INFO - Started process (PID=1553) to work on /mnt/c/Users/Tilto/Desktop/Work/Airflow/dags/primeira_dag.py
[2024-05-02T18:23:26.601-0300] {processor.py:830} INFO - Processing file /mnt/c/Users/Tilto/Desktop/Work/Airflow/dags/primeira_dag.py for tasks to queue
[2024-05-02T18:23:26.604-0300] {logging_mixin.py:188} INFO - [2024-05-02T18:23:26.603-0300] {dagbag.py:540} INFO - Filling up the DagBag from /mnt/c/Users/Tilto/Desktop/Work/Airflow/dags/primeira_dag.py
[2024-05-02T18:23:26.638-0300] {processor.py:840} INFO - DAG(s) 'a_primeira_DAG_v0' retrieved from /mnt/c/Users/Tilto/Desktop/Work/Airflow/dags/primeira_dag.py
[2024-05-02T18:23:26.677-0300] {logging_mixin.py:188} INFO - [2024-05-02T18:23:26.677-0300] {dag.py:3096} INFO - Sync 1 DAGs
[2024-05-02T18:23:26.710-0300] {logging_mixin.py:188} INFO - [2024-05-02T18:23:26.710-0300] {dag.py:3954} INFO - Setting next_dagrun for a_primeira_DAG_v0 to 2023-07-21 00:00:00+00:00, run_after=2023-07-22 00:00:00+00:00
[2024-05-02T18:23:26.799-0300] {processor.py:183} INFO - Processing /mnt/c/Users/Tilto/Desktop/Work/Airflow/dags/primeira_dag.py took 0.206 seconds
[2024-05-02T18:23:56.945-0300] {processor.py:161} INFO - Started process (PID=1679) to work on /mnt/c/Users/Tilto/Desktop/Work/Airflow/dags/primeira_dag.py
[2024-05-02T18:23:56.946-0300] {processor.py:830} INFO - Processing file /mnt/c/Users/Tilto/Desktop/Work/Airflow/dags/primeira_dag.py for tasks to queue
[2024-05-02T18:23:56.948-0300] {logging_mixin.py:188} INFO - [2024-05-02T18:23:56.947-0300] {dagbag.py:540} INFO - Filling up the DagBag from /mnt/c/Users/Tilto/Desktop/Work/Airflow/dags/primeira_dag.py
[2024-05-02T18:23:56.977-0300] {processor.py:840} INFO - DAG(s) 'a_primeira_DAG_v0' retrieved from /mnt/c/Users/Tilto/Desktop/Work/Airflow/dags/primeira_dag.py
[2024-05-02T18:23:57.006-0300] {logging_mixin.py:188} INFO - [2024-05-02T18:23:57.006-0300] {dag.py:3096} INFO - Sync 1 DAGs
[2024-05-02T18:23:57.037-0300] {logging_mixin.py:188} INFO - [2024-05-02T18:23:57.037-0300] {dag.py:3954} INFO - Setting next_dagrun for a_primeira_DAG_v0 to 2023-07-21 00:00:00+00:00, run_after=2023-07-22 00:00:00+00:00
[2024-05-02T18:23:57.494-0300] {processor.py:183} INFO - Processing /mnt/c/Users/Tilto/Desktop/Work/Airflow/dags/primeira_dag.py took 0.553 seconds
[2024-05-02T18:25:07.564-0300] {processor.py:161} INFO - Started process (PID=2257) to work on /mnt/c/Users/Tilto/Desktop/Work/Airflow/dags/primeira_dag.py
[2024-05-02T18:25:07.565-0300] {processor.py:830} INFO - Processing file /mnt/c/Users/Tilto/Desktop/Work/Airflow/dags/primeira_dag.py for tasks to queue
[2024-05-02T18:25:07.567-0300] {logging_mixin.py:188} INFO - [2024-05-02T18:25:07.567-0300] {dagbag.py:540} INFO - Filling up the DagBag from /mnt/c/Users/Tilto/Desktop/Work/Airflow/dags/primeira_dag.py
[2024-05-02T18:25:07.603-0300] {processor.py:840} INFO - DAG(s) 'a_primeira_DAG_v0' retrieved from /mnt/c/Users/Tilto/Desktop/Work/Airflow/dags/primeira_dag.py
[2024-05-02T18:25:07.624-0300] {logging_mixin.py:188} INFO - [2024-05-02T18:25:07.624-0300] {dag.py:3096} INFO - Sync 1 DAGs
[2024-05-02T18:25:07.656-0300] {logging_mixin.py:188} INFO - [2024-05-02T18:25:07.656-0300] {dag.py:3954} INFO - Setting next_dagrun for a_primeira_DAG_v0 to 2023-07-21 00:00:00+00:00, run_after=2023-07-22 00:00:00+00:00
[2024-05-02T18:25:07.762-0300] {processor.py:183} INFO - Processing /mnt/c/Users/Tilto/Desktop/Work/Airflow/dags/primeira_dag.py took 0.203 seconds
[2024-05-02T19:13:21.583-0300] {processor.py:161} INFO - Started process (PID=659) to work on /mnt/c/Users/Tilto/Desktop/Work/Airflow/dags/primeira_dag.py
[2024-05-02T19:13:21.585-0300] {processor.py:830} INFO - Processing file /mnt/c/Users/Tilto/Desktop/Work/Airflow/dags/primeira_dag.py for tasks to queue
[2024-05-02T19:13:21.586-0300] {logging_mixin.py:188} INFO - [2024-05-02T19:13:21.586-0300] {dagbag.py:540} INFO - Filling up the DagBag from /mnt/c/Users/Tilto/Desktop/Work/Airflow/dags/primeira_dag.py
[2024-05-02T19:13:21.609-0300] {processor.py:840} INFO - DAG(s) 'a_primeira_DAG_v0' retrieved from /mnt/c/Users/Tilto/Desktop/Work/Airflow/dags/primeira_dag.py
[2024-05-02T19:13:21.625-0300] {logging_mixin.py:188} INFO - [2024-05-02T19:13:21.625-0300] {dag.py:3096} INFO - Sync 1 DAGs
[2024-05-02T19:13:21.650-0300] {logging_mixin.py:188} INFO - [2024-05-02T19:13:21.650-0300] {dag.py:3954} INFO - Setting next_dagrun for a_primeira_DAG_v0 to 2023-07-21 00:00:00+00:00, run_after=2023-07-22 00:00:00+00:00
[2024-05-02T19:13:21.714-0300] {processor.py:183} INFO - Processing /mnt/c/Users/Tilto/Desktop/Work/Airflow/dags/primeira_dag.py took 0.135 seconds
[2024-05-02T19:13:55.447-0300] {processor.py:161} INFO - Started process (PID=807) to work on /mnt/c/Users/Tilto/Desktop/Work/Airflow/dags/primeira_dag.py
[2024-05-02T19:13:55.448-0300] {processor.py:830} INFO - Processing file /mnt/c/Users/Tilto/Desktop/Work/Airflow/dags/primeira_dag.py for tasks to queue
[2024-05-02T19:13:55.450-0300] {logging_mixin.py:188} INFO - [2024-05-02T19:13:55.449-0300] {dagbag.py:540} INFO - Filling up the DagBag from /mnt/c/Users/Tilto/Desktop/Work/Airflow/dags/primeira_dag.py
[2024-05-02T19:13:55.475-0300] {processor.py:840} INFO - DAG(s) 'a_primeira_DAG_v0' retrieved from /mnt/c/Users/Tilto/Desktop/Work/Airflow/dags/primeira_dag.py
[2024-05-02T19:13:55.593-0300] {logging_mixin.py:188} INFO - [2024-05-02T19:13:55.592-0300] {dag.py:3096} INFO - Sync 1 DAGs
[2024-05-02T19:13:55.617-0300] {logging_mixin.py:188} INFO - [2024-05-02T19:13:55.617-0300] {dag.py:3954} INFO - Setting next_dagrun for a_primeira_DAG_v0 to 2023-07-21 00:00:00+00:00, run_after=2023-07-22 00:00:00+00:00
[2024-05-02T19:13:55.680-0300] {processor.py:183} INFO - Processing /mnt/c/Users/Tilto/Desktop/Work/Airflow/dags/primeira_dag.py took 0.238 seconds
[2024-05-02T19:14:25.802-0300] {processor.py:161} INFO - Started process (PID=934) to work on /mnt/c/Users/Tilto/Desktop/Work/Airflow/dags/primeira_dag.py
[2024-05-02T19:14:25.805-0300] {processor.py:830} INFO - Processing file /mnt/c/Users/Tilto/Desktop/Work/Airflow/dags/primeira_dag.py for tasks to queue
[2024-05-02T19:14:25.807-0300] {logging_mixin.py:188} INFO - [2024-05-02T19:14:25.807-0300] {dagbag.py:540} INFO - Filling up the DagBag from /mnt/c/Users/Tilto/Desktop/Work/Airflow/dags/primeira_dag.py
[2024-05-02T19:14:25.833-0300] {processor.py:840} INFO - DAG(s) 'a_primeira_DAG_v0' retrieved from /mnt/c/Users/Tilto/Desktop/Work/Airflow/dags/primeira_dag.py
[2024-05-02T19:14:25.861-0300] {logging_mixin.py:188} INFO - [2024-05-02T19:14:25.860-0300] {dag.py:3096} INFO - Sync 1 DAGs
[2024-05-02T19:14:25.888-0300] {logging_mixin.py:188} INFO - [2024-05-02T19:14:25.888-0300] {dag.py:3954} INFO - Setting next_dagrun for a_primeira_DAG_v0 to 2023-07-21 00:00:00+00:00, run_after=2023-07-22 00:00:00+00:00
[2024-05-02T19:14:25.986-0300] {processor.py:183} INFO - Processing /mnt/c/Users/Tilto/Desktop/Work/Airflow/dags/primeira_dag.py took 0.191 seconds
[2024-05-02T19:15:07.707-0300] {processor.py:161} INFO - Started process (PID=1156) to work on /mnt/c/Users/Tilto/Desktop/Work/Airflow/dags/primeira_dag.py
[2024-05-02T19:15:07.708-0300] {processor.py:830} INFO - Processing file /mnt/c/Users/Tilto/Desktop/Work/Airflow/dags/primeira_dag.py for tasks to queue
[2024-05-02T19:15:07.710-0300] {logging_mixin.py:188} INFO - [2024-05-02T19:15:07.710-0300] {dagbag.py:540} INFO - Filling up the DagBag from /mnt/c/Users/Tilto/Desktop/Work/Airflow/dags/primeira_dag.py
[2024-05-02T19:15:07.734-0300] {processor.py:840} INFO - DAG(s) 'a_primeira_DAG_v0' retrieved from /mnt/c/Users/Tilto/Desktop/Work/Airflow/dags/primeira_dag.py
[2024-05-02T19:15:07.762-0300] {logging_mixin.py:188} INFO - [2024-05-02T19:15:07.761-0300] {dag.py:3096} INFO - Sync 1 DAGs
[2024-05-02T19:15:07.789-0300] {logging_mixin.py:188} INFO - [2024-05-02T19:15:07.789-0300] {dag.py:3954} INFO - Setting next_dagrun for a_primeira_DAG_v0 to 2023-07-26 00:00:00+00:00, run_after=2023-07-27 00:00:00+00:00
[2024-05-02T19:15:07.859-0300] {processor.py:183} INFO - Processing /mnt/c/Users/Tilto/Desktop/Work/Airflow/dags/primeira_dag.py took 0.156 seconds
[2024-05-02T19:15:53.126-0300] {processor.py:161} INFO - Started process (PID=1393) to work on /mnt/c/Users/Tilto/Desktop/Work/Airflow/dags/primeira_dag.py
[2024-05-02T19:15:53.126-0300] {processor.py:830} INFO - Processing file /mnt/c/Users/Tilto/Desktop/Work/Airflow/dags/primeira_dag.py for tasks to queue
[2024-05-02T19:15:53.128-0300] {logging_mixin.py:188} INFO - [2024-05-02T19:15:53.127-0300] {dagbag.py:540} INFO - Filling up the DagBag from /mnt/c/Users/Tilto/Desktop/Work/Airflow/dags/primeira_dag.py
[2024-05-02T19:15:53.150-0300] {processor.py:840} INFO - DAG(s) 'a_primeira_DAG_v0' retrieved from /mnt/c/Users/Tilto/Desktop/Work/Airflow/dags/primeira_dag.py
[2024-05-02T19:15:53.182-0300] {logging_mixin.py:188} INFO - [2024-05-02T19:15:53.181-0300] {dag.py:3096} INFO - Sync 1 DAGs
[2024-05-02T19:15:53.210-0300] {logging_mixin.py:188} INFO - [2024-05-02T19:15:53.210-0300] {dag.py:3954} INFO - Setting next_dagrun for a_primeira_DAG_v0 to 2023-07-31 00:00:00+00:00, run_after=2023-08-01 00:00:00+00:00
[2024-05-02T19:15:53.278-0300] {processor.py:183} INFO - Processing /mnt/c/Users/Tilto/Desktop/Work/Airflow/dags/primeira_dag.py took 0.157 seconds
[2024-05-02T19:16:23.567-0300] {processor.py:161} INFO - Started process (PID=1556) to work on /mnt/c/Users/Tilto/Desktop/Work/Airflow/dags/primeira_dag.py
[2024-05-02T19:16:23.568-0300] {processor.py:830} INFO - Processing file /mnt/c/Users/Tilto/Desktop/Work/Airflow/dags/primeira_dag.py for tasks to queue
[2024-05-02T19:16:23.570-0300] {logging_mixin.py:188} INFO - [2024-05-02T19:16:23.569-0300] {dagbag.py:540} INFO - Filling up the DagBag from /mnt/c/Users/Tilto/Desktop/Work/Airflow/dags/primeira_dag.py
[2024-05-02T19:16:23.593-0300] {processor.py:840} INFO - DAG(s) 'a_primeira_DAG_v0' retrieved from /mnt/c/Users/Tilto/Desktop/Work/Airflow/dags/primeira_dag.py
[2024-05-02T19:16:23.621-0300] {logging_mixin.py:188} INFO - [2024-05-02T19:16:23.621-0300] {dag.py:3096} INFO - Sync 1 DAGs
[2024-05-02T19:16:23.647-0300] {logging_mixin.py:188} INFO - [2024-05-02T19:16:23.646-0300] {dag.py:3954} INFO - Setting next_dagrun for a_primeira_DAG_v0 to 2023-08-04 00:00:00+00:00, run_after=2023-08-05 00:00:00+00:00
[2024-05-02T19:16:23.716-0300] {processor.py:183} INFO - Processing /mnt/c/Users/Tilto/Desktop/Work/Airflow/dags/primeira_dag.py took 0.154 seconds
[2024-05-02T19:17:05.448-0300] {processor.py:161} INFO - Started process (PID=1785) to work on /mnt/c/Users/Tilto/Desktop/Work/Airflow/dags/primeira_dag.py
[2024-05-02T19:17:05.449-0300] {processor.py:830} INFO - Processing file /mnt/c/Users/Tilto/Desktop/Work/Airflow/dags/primeira_dag.py for tasks to queue
[2024-05-02T19:17:05.451-0300] {logging_mixin.py:188} INFO - [2024-05-02T19:17:05.451-0300] {dagbag.py:540} INFO - Filling up the DagBag from /mnt/c/Users/Tilto/Desktop/Work/Airflow/dags/primeira_dag.py
[2024-05-02T19:17:05.474-0300] {processor.py:840} INFO - DAG(s) 'a_primeira_DAG_v0' retrieved from /mnt/c/Users/Tilto/Desktop/Work/Airflow/dags/primeira_dag.py
[2024-05-02T19:17:05.501-0300] {logging_mixin.py:188} INFO - [2024-05-02T19:17:05.501-0300] {dag.py:3096} INFO - Sync 1 DAGs
[2024-05-02T19:17:05.527-0300] {logging_mixin.py:188} INFO - [2024-05-02T19:17:05.527-0300] {dag.py:3954} INFO - Setting next_dagrun for a_primeira_DAG_v0 to 2023-08-09 00:00:00+00:00, run_after=2023-08-10 00:00:00+00:00
[2024-05-02T19:17:05.598-0300] {processor.py:183} INFO - Processing /mnt/c/Users/Tilto/Desktop/Work/Airflow/dags/primeira_dag.py took 0.154 seconds
[2024-05-02T19:24:18.175-0300] {processor.py:161} INFO - Started process (PID=3663) to work on /mnt/c/Users/Tilto/Desktop/Work/Airflow/dags/primeira_dag.py
[2024-05-02T19:24:18.176-0300] {processor.py:830} INFO - Processing file /mnt/c/Users/Tilto/Desktop/Work/Airflow/dags/primeira_dag.py for tasks to queue
[2024-05-02T19:24:18.178-0300] {logging_mixin.py:188} INFO - [2024-05-02T19:24:18.177-0300] {dagbag.py:540} INFO - Filling up the DagBag from /mnt/c/Users/Tilto/Desktop/Work/Airflow/dags/primeira_dag.py
[2024-05-02T19:24:18.204-0300] {processor.py:840} INFO - DAG(s) 'a_primeira_DAG_v0' retrieved from /mnt/c/Users/Tilto/Desktop/Work/Airflow/dags/primeira_dag.py
[2024-05-02T19:24:18.240-0300] {logging_mixin.py:188} INFO - [2024-05-02T19:24:18.240-0300] {dag.py:3096} INFO - Sync 1 DAGs
[2024-05-02T19:24:18.269-0300] {logging_mixin.py:188} INFO - [2024-05-02T19:24:18.269-0300] {dag.py:3954} INFO - Setting next_dagrun for a_primeira_DAG_v0 to 2023-08-14 00:00:00+00:00, run_after=2023-08-15 00:00:00+00:00
[2024-05-02T19:24:18.345-0300] {processor.py:183} INFO - Processing /mnt/c/Users/Tilto/Desktop/Work/Airflow/dags/primeira_dag.py took 0.175 seconds
[2024-05-02T19:24:50.875-0300] {processor.py:161} INFO - Started process (PID=3835) to work on /mnt/c/Users/Tilto/Desktop/Work/Airflow/dags/primeira_dag.py
[2024-05-02T19:24:50.876-0300] {processor.py:830} INFO - Processing file /mnt/c/Users/Tilto/Desktop/Work/Airflow/dags/primeira_dag.py for tasks to queue
[2024-05-02T19:24:50.877-0300] {logging_mixin.py:188} INFO - [2024-05-02T19:24:50.877-0300] {dagbag.py:540} INFO - Filling up the DagBag from /mnt/c/Users/Tilto/Desktop/Work/Airflow/dags/primeira_dag.py
[2024-05-02T19:24:50.904-0300] {processor.py:840} INFO - DAG(s) 'a_primeira_DAG_v0' retrieved from /mnt/c/Users/Tilto/Desktop/Work/Airflow/dags/primeira_dag.py
[2024-05-02T19:24:51.015-0300] {logging_mixin.py:188} INFO - [2024-05-02T19:24:51.015-0300] {dag.py:3096} INFO - Sync 1 DAGs
[2024-05-02T19:24:51.039-0300] {logging_mixin.py:188} INFO - [2024-05-02T19:24:51.039-0300] {dag.py:3954} INFO - Setting next_dagrun for a_primeira_DAG_v0 to 2023-08-18 00:00:00+00:00, run_after=2023-08-19 00:00:00+00:00
[2024-05-02T19:24:51.103-0300] {processor.py:183} INFO - Processing /mnt/c/Users/Tilto/Desktop/Work/Airflow/dags/primeira_dag.py took 0.233 seconds
[2024-05-02T19:25:23.322-0300] {processor.py:161} INFO - Started process (PID=4003) to work on /mnt/c/Users/Tilto/Desktop/Work/Airflow/dags/primeira_dag.py
[2024-05-02T19:25:23.323-0300] {processor.py:830} INFO - Processing file /mnt/c/Users/Tilto/Desktop/Work/Airflow/dags/primeira_dag.py for tasks to queue
[2024-05-02T19:25:23.327-0300] {logging_mixin.py:188} INFO - [2024-05-02T19:25:23.327-0300] {dagbag.py:540} INFO - Filling up the DagBag from /mnt/c/Users/Tilto/Desktop/Work/Airflow/dags/primeira_dag.py
[2024-05-02T19:25:23.356-0300] {processor.py:840} INFO - DAG(s) 'a_primeira_DAG_v0' retrieved from /mnt/c/Users/Tilto/Desktop/Work/Airflow/dags/primeira_dag.py
[2024-05-02T19:25:23.386-0300] {logging_mixin.py:188} INFO - [2024-05-02T19:25:23.385-0300] {dag.py:3096} INFO - Sync 1 DAGs
[2024-05-02T19:25:23.413-0300] {logging_mixin.py:188} INFO - [2024-05-02T19:25:23.413-0300] {dag.py:3954} INFO - Setting next_dagrun for a_primeira_DAG_v0 to 2023-08-22 00:00:00+00:00, run_after=2023-08-23 00:00:00+00:00
[2024-05-02T19:25:23.515-0300] {processor.py:183} INFO - Processing /mnt/c/Users/Tilto/Desktop/Work/Airflow/dags/primeira_dag.py took 0.198 seconds
[2024-05-02T19:25:57.024-0300] {processor.py:161} INFO - Started process (PID=4173) to work on /mnt/c/Users/Tilto/Desktop/Work/Airflow/dags/primeira_dag.py
[2024-05-02T19:25:57.025-0300] {processor.py:830} INFO - Processing file /mnt/c/Users/Tilto/Desktop/Work/Airflow/dags/primeira_dag.py for tasks to queue
[2024-05-02T19:25:57.026-0300] {logging_mixin.py:188} INFO - [2024-05-02T19:25:57.026-0300] {dagbag.py:540} INFO - Filling up the DagBag from /mnt/c/Users/Tilto/Desktop/Work/Airflow/dags/primeira_dag.py
[2024-05-02T19:25:57.056-0300] {processor.py:840} INFO - DAG(s) 'a_primeira_DAG_v0' retrieved from /mnt/c/Users/Tilto/Desktop/Work/Airflow/dags/primeira_dag.py
[2024-05-02T19:25:57.088-0300] {logging_mixin.py:188} INFO - [2024-05-02T19:25:57.088-0300] {dag.py:3096} INFO - Sync 1 DAGs
[2024-05-02T19:25:57.119-0300] {logging_mixin.py:188} INFO - [2024-05-02T19:25:57.119-0300] {dag.py:3954} INFO - Setting next_dagrun for a_primeira_DAG_v0 to 2023-08-25 00:00:00+00:00, run_after=2023-08-26 00:00:00+00:00
[2024-05-02T19:25:57.189-0300] {processor.py:183} INFO - Processing /mnt/c/Users/Tilto/Desktop/Work/Airflow/dags/primeira_dag.py took 0.170 seconds
[2024-05-02T19:26:29.834-0300] {processor.py:161} INFO - Started process (PID=4343) to work on /mnt/c/Users/Tilto/Desktop/Work/Airflow/dags/primeira_dag.py
[2024-05-02T19:26:29.835-0300] {processor.py:830} INFO - Processing file /mnt/c/Users/Tilto/Desktop/Work/Airflow/dags/primeira_dag.py for tasks to queue
[2024-05-02T19:26:29.837-0300] {logging_mixin.py:188} INFO - [2024-05-02T19:26:29.836-0300] {dagbag.py:540} INFO - Filling up the DagBag from /mnt/c/Users/Tilto/Desktop/Work/Airflow/dags/primeira_dag.py
[2024-05-02T19:26:29.861-0300] {processor.py:840} INFO - DAG(s) 'a_primeira_DAG_v0' retrieved from /mnt/c/Users/Tilto/Desktop/Work/Airflow/dags/primeira_dag.py
[2024-05-02T19:26:29.890-0300] {logging_mixin.py:188} INFO - [2024-05-02T19:26:29.889-0300] {dag.py:3096} INFO - Sync 1 DAGs
[2024-05-02T19:26:29.915-0300] {logging_mixin.py:188} INFO - [2024-05-02T19:26:29.915-0300] {dag.py:3954} INFO - Setting next_dagrun for a_primeira_DAG_v0 to 2023-08-29 00:00:00+00:00, run_after=2023-08-30 00:00:00+00:00
[2024-05-02T19:26:29.981-0300] {processor.py:183} INFO - Processing /mnt/c/Users/Tilto/Desktop/Work/Airflow/dags/primeira_dag.py took 0.153 seconds
[2024-05-02T19:27:03.317-0300] {processor.py:161} INFO - Started process (PID=4515) to work on /mnt/c/Users/Tilto/Desktop/Work/Airflow/dags/primeira_dag.py
[2024-05-02T19:27:03.318-0300] {processor.py:830} INFO - Processing file /mnt/c/Users/Tilto/Desktop/Work/Airflow/dags/primeira_dag.py for tasks to queue
[2024-05-02T19:27:03.319-0300] {logging_mixin.py:188} INFO - [2024-05-02T19:27:03.319-0300] {dagbag.py:540} INFO - Filling up the DagBag from /mnt/c/Users/Tilto/Desktop/Work/Airflow/dags/primeira_dag.py
[2024-05-02T19:27:03.344-0300] {processor.py:840} INFO - DAG(s) 'a_primeira_DAG_v0' retrieved from /mnt/c/Users/Tilto/Desktop/Work/Airflow/dags/primeira_dag.py
[2024-05-02T19:27:03.371-0300] {logging_mixin.py:188} INFO - [2024-05-02T19:27:03.371-0300] {dag.py:3096} INFO - Sync 1 DAGs
[2024-05-02T19:27:03.396-0300] {logging_mixin.py:188} INFO - [2024-05-02T19:27:03.396-0300] {dag.py:3954} INFO - Setting next_dagrun for a_primeira_DAG_v0 to 2023-09-02 00:00:00+00:00, run_after=2023-09-03 00:00:00+00:00
[2024-05-02T19:27:03.460-0300] {processor.py:183} INFO - Processing /mnt/c/Users/Tilto/Desktop/Work/Airflow/dags/primeira_dag.py took 0.148 seconds
[2024-05-02T19:27:35.318-0300] {processor.py:161} INFO - Started process (PID=4683) to work on /mnt/c/Users/Tilto/Desktop/Work/Airflow/dags/primeira_dag.py
[2024-05-02T19:27:35.320-0300] {processor.py:830} INFO - Processing file /mnt/c/Users/Tilto/Desktop/Work/Airflow/dags/primeira_dag.py for tasks to queue
[2024-05-02T19:27:35.321-0300] {logging_mixin.py:188} INFO - [2024-05-02T19:27:35.321-0300] {dagbag.py:540} INFO - Filling up the DagBag from /mnt/c/Users/Tilto/Desktop/Work/Airflow/dags/primeira_dag.py
[2024-05-02T19:27:35.348-0300] {processor.py:840} INFO - DAG(s) 'a_primeira_DAG_v0' retrieved from /mnt/c/Users/Tilto/Desktop/Work/Airflow/dags/primeira_dag.py
[2024-05-02T19:27:35.377-0300] {logging_mixin.py:188} INFO - [2024-05-02T19:27:35.377-0300] {dag.py:3096} INFO - Sync 1 DAGs
[2024-05-02T19:27:35.407-0300] {logging_mixin.py:188} INFO - [2024-05-02T19:27:35.406-0300] {dag.py:3954} INFO - Setting next_dagrun for a_primeira_DAG_v0 to 2023-09-06 00:00:00+00:00, run_after=2023-09-07 00:00:00+00:00
[2024-05-02T19:27:35.479-0300] {processor.py:183} INFO - Processing /mnt/c/Users/Tilto/Desktop/Work/Airflow/dags/primeira_dag.py took 0.168 seconds
[2024-05-02T19:28:30.193-0300] {processor.py:161} INFO - Started process (PID=4941) to work on /mnt/c/Users/Tilto/Desktop/Work/Airflow/dags/primeira_dag.py
[2024-05-02T19:28:30.194-0300] {processor.py:830} INFO - Processing file /mnt/c/Users/Tilto/Desktop/Work/Airflow/dags/primeira_dag.py for tasks to queue
[2024-05-02T19:28:30.196-0300] {logging_mixin.py:188} INFO - [2024-05-02T19:28:30.195-0300] {dagbag.py:540} INFO - Filling up the DagBag from /mnt/c/Users/Tilto/Desktop/Work/Airflow/dags/primeira_dag.py
[2024-05-02T19:28:30.219-0300] {processor.py:840} INFO - DAG(s) 'a_primeira_DAG_v0' retrieved from /mnt/c/Users/Tilto/Desktop/Work/Airflow/dags/primeira_dag.py
[2024-05-02T19:28:30.245-0300] {logging_mixin.py:188} INFO - [2024-05-02T19:28:30.245-0300] {dag.py:3096} INFO - Sync 1 DAGs
[2024-05-02T19:28:30.271-0300] {logging_mixin.py:188} INFO - [2024-05-02T19:28:30.271-0300] {dag.py:3954} INFO - Setting next_dagrun for a_primeira_DAG_v0 to 2023-09-10 00:00:00+00:00, run_after=2023-09-11 00:00:00+00:00
[2024-05-02T19:28:30.337-0300] {processor.py:183} INFO - Processing /mnt/c/Users/Tilto/Desktop/Work/Airflow/dags/primeira_dag.py took 0.148 seconds
[2024-05-02T19:29:01.876-0300] {processor.py:161} INFO - Started process (PID=5106) to work on /mnt/c/Users/Tilto/Desktop/Work/Airflow/dags/primeira_dag.py
[2024-05-02T19:29:01.877-0300] {processor.py:830} INFO - Processing file /mnt/c/Users/Tilto/Desktop/Work/Airflow/dags/primeira_dag.py for tasks to queue
[2024-05-02T19:29:01.878-0300] {logging_mixin.py:188} INFO - [2024-05-02T19:29:01.878-0300] {dagbag.py:540} INFO - Filling up the DagBag from /mnt/c/Users/Tilto/Desktop/Work/Airflow/dags/primeira_dag.py
[2024-05-02T19:29:01.901-0300] {processor.py:840} INFO - DAG(s) 'a_primeira_DAG_v0' retrieved from /mnt/c/Users/Tilto/Desktop/Work/Airflow/dags/primeira_dag.py
[2024-05-02T19:29:01.927-0300] {logging_mixin.py:188} INFO - [2024-05-02T19:29:01.927-0300] {dag.py:3096} INFO - Sync 1 DAGs
[2024-05-02T19:29:01.952-0300] {logging_mixin.py:188} INFO - [2024-05-02T19:29:01.952-0300] {dag.py:3954} INFO - Setting next_dagrun for a_primeira_DAG_v0 to 2023-09-14 00:00:00+00:00, run_after=2023-09-15 00:00:00+00:00
[2024-05-02T19:29:02.015-0300] {processor.py:183} INFO - Processing /mnt/c/Users/Tilto/Desktop/Work/Airflow/dags/primeira_dag.py took 0.144 seconds
[2024-05-02T19:29:33.875-0300] {processor.py:161} INFO - Started process (PID=5273) to work on /mnt/c/Users/Tilto/Desktop/Work/Airflow/dags/primeira_dag.py
[2024-05-02T19:29:33.876-0300] {processor.py:830} INFO - Processing file /mnt/c/Users/Tilto/Desktop/Work/Airflow/dags/primeira_dag.py for tasks to queue
[2024-05-02T19:29:33.878-0300] {logging_mixin.py:188} INFO - [2024-05-02T19:29:33.877-0300] {dagbag.py:540} INFO - Filling up the DagBag from /mnt/c/Users/Tilto/Desktop/Work/Airflow/dags/primeira_dag.py
[2024-05-02T19:29:33.907-0300] {processor.py:840} INFO - DAG(s) 'a_primeira_DAG_v0' retrieved from /mnt/c/Users/Tilto/Desktop/Work/Airflow/dags/primeira_dag.py
[2024-05-02T19:29:33.935-0300] {logging_mixin.py:188} INFO - [2024-05-02T19:29:33.934-0300] {dag.py:3096} INFO - Sync 1 DAGs
[2024-05-02T19:29:33.961-0300] {logging_mixin.py:188} INFO - [2024-05-02T19:29:33.961-0300] {dag.py:3954} INFO - Setting next_dagrun for a_primeira_DAG_v0 to 2023-09-18 00:00:00+00:00, run_after=2023-09-19 00:00:00+00:00
[2024-05-02T19:29:34.032-0300] {processor.py:183} INFO - Processing /mnt/c/Users/Tilto/Desktop/Work/Airflow/dags/primeira_dag.py took 0.162 seconds
[2024-05-02T19:30:06.446-0300] {processor.py:161} INFO - Started process (PID=5442) to work on /mnt/c/Users/Tilto/Desktop/Work/Airflow/dags/primeira_dag.py
[2024-05-02T19:30:06.446-0300] {processor.py:830} INFO - Processing file /mnt/c/Users/Tilto/Desktop/Work/Airflow/dags/primeira_dag.py for tasks to queue
[2024-05-02T19:30:06.449-0300] {logging_mixin.py:188} INFO - [2024-05-02T19:30:06.448-0300] {dagbag.py:540} INFO - Filling up the DagBag from /mnt/c/Users/Tilto/Desktop/Work/Airflow/dags/primeira_dag.py
[2024-05-02T19:30:06.474-0300] {processor.py:840} INFO - DAG(s) 'a_primeira_DAG_v0' retrieved from /mnt/c/Users/Tilto/Desktop/Work/Airflow/dags/primeira_dag.py
[2024-05-02T19:30:06.510-0300] {logging_mixin.py:188} INFO - [2024-05-02T19:30:06.509-0300] {dag.py:3096} INFO - Sync 1 DAGs
[2024-05-02T19:30:06.537-0300] {logging_mixin.py:188} INFO - [2024-05-02T19:30:06.536-0300] {dag.py:3954} INFO - Setting next_dagrun for a_primeira_DAG_v0 to 2023-09-22 00:00:00+00:00, run_after=2023-09-23 00:00:00+00:00
[2024-05-02T19:30:06.612-0300] {processor.py:183} INFO - Processing /mnt/c/Users/Tilto/Desktop/Work/Airflow/dags/primeira_dag.py took 0.172 seconds
[2024-05-02T19:30:46.659-0300] {processor.py:161} INFO - Started process (PID=5647) to work on /mnt/c/Users/Tilto/Desktop/Work/Airflow/dags/primeira_dag.py
[2024-05-02T19:30:46.660-0300] {processor.py:830} INFO - Processing file /mnt/c/Users/Tilto/Desktop/Work/Airflow/dags/primeira_dag.py for tasks to queue
[2024-05-02T19:30:46.662-0300] {logging_mixin.py:188} INFO - [2024-05-02T19:30:46.662-0300] {dagbag.py:540} INFO - Filling up the DagBag from /mnt/c/Users/Tilto/Desktop/Work/Airflow/dags/primeira_dag.py
[2024-05-02T19:30:46.688-0300] {processor.py:840} INFO - DAG(s) 'a_primeira_DAG_v0' retrieved from /mnt/c/Users/Tilto/Desktop/Work/Airflow/dags/primeira_dag.py
[2024-05-02T19:30:46.719-0300] {logging_mixin.py:188} INFO - [2024-05-02T19:30:46.719-0300] {dag.py:3096} INFO - Sync 1 DAGs
[2024-05-02T19:30:46.749-0300] {logging_mixin.py:188} INFO - [2024-05-02T19:30:46.749-0300] {dag.py:3954} INFO - Setting next_dagrun for a_primeira_DAG_v0 to 2023-09-27 00:00:00+00:00, run_after=2023-09-28 00:00:00+00:00
[2024-05-02T19:30:46.819-0300] {processor.py:183} INFO - Processing /mnt/c/Users/Tilto/Desktop/Work/Airflow/dags/primeira_dag.py took 0.165 seconds
[2024-05-02T19:31:19.612-0300] {processor.py:161} INFO - Started process (PID=5818) to work on /mnt/c/Users/Tilto/Desktop/Work/Airflow/dags/primeira_dag.py
[2024-05-02T19:31:19.613-0300] {processor.py:830} INFO - Processing file /mnt/c/Users/Tilto/Desktop/Work/Airflow/dags/primeira_dag.py for tasks to queue
[2024-05-02T19:31:19.614-0300] {logging_mixin.py:188} INFO - [2024-05-02T19:31:19.614-0300] {dagbag.py:540} INFO - Filling up the DagBag from /mnt/c/Users/Tilto/Desktop/Work/Airflow/dags/primeira_dag.py
[2024-05-02T19:31:19.640-0300] {processor.py:840} INFO - DAG(s) 'a_primeira_DAG_v0' retrieved from /mnt/c/Users/Tilto/Desktop/Work/Airflow/dags/primeira_dag.py
[2024-05-02T19:31:19.671-0300] {logging_mixin.py:188} INFO - [2024-05-02T19:31:19.671-0300] {dag.py:3096} INFO - Sync 1 DAGs
[2024-05-02T19:31:19.698-0300] {logging_mixin.py:188} INFO - [2024-05-02T19:31:19.697-0300] {dag.py:3954} INFO - Setting next_dagrun for a_primeira_DAG_v0 to 2023-10-01 00:00:00+00:00, run_after=2023-10-02 00:00:00+00:00
[2024-05-02T19:31:19.763-0300] {processor.py:183} INFO - Processing /mnt/c/Users/Tilto/Desktop/Work/Airflow/dags/primeira_dag.py took 0.156 seconds
[2024-05-02T19:31:51.411-0300] {processor.py:161} INFO - Started process (PID=5986) to work on /mnt/c/Users/Tilto/Desktop/Work/Airflow/dags/primeira_dag.py
[2024-05-02T19:31:51.412-0300] {processor.py:830} INFO - Processing file /mnt/c/Users/Tilto/Desktop/Work/Airflow/dags/primeira_dag.py for tasks to queue
[2024-05-02T19:31:51.414-0300] {logging_mixin.py:188} INFO - [2024-05-02T19:31:51.413-0300] {dagbag.py:540} INFO - Filling up the DagBag from /mnt/c/Users/Tilto/Desktop/Work/Airflow/dags/primeira_dag.py
[2024-05-02T19:31:51.440-0300] {processor.py:840} INFO - DAG(s) 'a_primeira_DAG_v0' retrieved from /mnt/c/Users/Tilto/Desktop/Work/Airflow/dags/primeira_dag.py
[2024-05-02T19:31:51.472-0300] {logging_mixin.py:188} INFO - [2024-05-02T19:31:51.472-0300] {dag.py:3096} INFO - Sync 1 DAGs
[2024-05-02T19:31:51.508-0300] {logging_mixin.py:188} INFO - [2024-05-02T19:31:51.508-0300] {dag.py:3954} INFO - Setting next_dagrun for a_primeira_DAG_v0 to 2023-10-05 00:00:00+00:00, run_after=2023-10-06 00:00:00+00:00
[2024-05-02T19:31:51.573-0300] {processor.py:183} INFO - Processing /mnt/c/Users/Tilto/Desktop/Work/Airflow/dags/primeira_dag.py took 0.166 seconds
[2024-05-02T19:32:24.078-0300] {processor.py:161} INFO - Started process (PID=6155) to work on /mnt/c/Users/Tilto/Desktop/Work/Airflow/dags/primeira_dag.py
[2024-05-02T19:32:24.080-0300] {processor.py:830} INFO - Processing file /mnt/c/Users/Tilto/Desktop/Work/Airflow/dags/primeira_dag.py for tasks to queue
[2024-05-02T19:32:24.082-0300] {logging_mixin.py:188} INFO - [2024-05-02T19:32:24.081-0300] {dagbag.py:540} INFO - Filling up the DagBag from /mnt/c/Users/Tilto/Desktop/Work/Airflow/dags/primeira_dag.py
[2024-05-02T19:32:24.109-0300] {processor.py:840} INFO - DAG(s) 'a_primeira_DAG_v0' retrieved from /mnt/c/Users/Tilto/Desktop/Work/Airflow/dags/primeira_dag.py
[2024-05-02T19:32:24.136-0300] {logging_mixin.py:188} INFO - [2024-05-02T19:32:24.136-0300] {dag.py:3096} INFO - Sync 1 DAGs
[2024-05-02T19:32:24.162-0300] {logging_mixin.py:188} INFO - [2024-05-02T19:32:24.162-0300] {dag.py:3954} INFO - Setting next_dagrun for a_primeira_DAG_v0 to 2023-10-09 00:00:00+00:00, run_after=2023-10-10 00:00:00+00:00
[2024-05-02T19:32:24.268-0300] {processor.py:183} INFO - Processing /mnt/c/Users/Tilto/Desktop/Work/Airflow/dags/primeira_dag.py took 0.194 seconds
[2024-05-02T19:32:57.827-0300] {processor.py:161} INFO - Started process (PID=6328) to work on /mnt/c/Users/Tilto/Desktop/Work/Airflow/dags/primeira_dag.py
[2024-05-02T19:32:57.828-0300] {processor.py:830} INFO - Processing file /mnt/c/Users/Tilto/Desktop/Work/Airflow/dags/primeira_dag.py for tasks to queue
[2024-05-02T19:32:57.830-0300] {logging_mixin.py:188} INFO - [2024-05-02T19:32:57.829-0300] {dagbag.py:540} INFO - Filling up the DagBag from /mnt/c/Users/Tilto/Desktop/Work/Airflow/dags/primeira_dag.py
[2024-05-02T19:32:57.858-0300] {processor.py:840} INFO - DAG(s) 'a_primeira_DAG_v0' retrieved from /mnt/c/Users/Tilto/Desktop/Work/Airflow/dags/primeira_dag.py
[2024-05-02T19:32:57.892-0300] {logging_mixin.py:188} INFO - [2024-05-02T19:32:57.892-0300] {dag.py:3096} INFO - Sync 1 DAGs
[2024-05-02T19:32:57.921-0300] {logging_mixin.py:188} INFO - [2024-05-02T19:32:57.921-0300] {dag.py:3954} INFO - Setting next_dagrun for a_primeira_DAG_v0 to 2023-10-13 00:00:00+00:00, run_after=2023-10-14 00:00:00+00:00
[2024-05-02T19:32:58.052-0300] {processor.py:183} INFO - Processing /mnt/c/Users/Tilto/Desktop/Work/Airflow/dags/primeira_dag.py took 0.230 seconds
