[2024-05-02T18:20:46.222-0300] {processor.py:161} INFO - Started process (PID=879) to work on /mnt/c/Users/Tilto/Desktop/Work/Airflow/dags/primeira_dag_v2.py
[2024-05-02T18:20:46.223-0300] {processor.py:830} INFO - Processing file /mnt/c/Users/Tilto/Desktop/Work/Airflow/dags/primeira_dag_v2.py for tasks to queue
[2024-05-02T18:20:46.225-0300] {logging_mixin.py:188} INFO - [2024-05-02T18:20:46.225-0300] {dagbag.py:540} INFO - Filling up the DagBag from /mnt/c/Users/Tilto/Desktop/Work/Airflow/dags/primeira_dag_v2.py
[2024-05-02T18:20:46.259-0300] {processor.py:840} INFO - DAG(s) 'a_primeira_DAG_v2' retrieved from /mnt/c/Users/Tilto/Desktop/Work/Airflow/dags/primeira_dag_v2.py
[2024-05-02T18:20:46.277-0300] {logging_mixin.py:188} INFO - [2024-05-02T18:20:46.277-0300] {dag.py:3096} INFO - Sync 1 DAGs
[2024-05-02T18:20:46.311-0300] {logging_mixin.py:188} INFO - [2024-05-02T18:20:46.310-0300] {dag.py:3954} INFO - Setting next_dagrun for a_primeira_DAG_v2 to 2023-07-20 00:00:00+00:00, run_after=2023-07-21 00:00:00+00:00
[2024-05-02T18:20:46.396-0300] {processor.py:183} INFO - Processing /mnt/c/Users/Tilto/Desktop/Work/Airflow/dags/primeira_dag_v2.py took 0.179 seconds
[2024-05-02T18:21:17.672-0300] {processor.py:161} INFO - Started process (PID=1016) to work on /mnt/c/Users/Tilto/Desktop/Work/Airflow/dags/primeira_dag_v2.py
[2024-05-02T18:21:17.673-0300] {processor.py:830} INFO - Processing file /mnt/c/Users/Tilto/Desktop/Work/Airflow/dags/primeira_dag_v2.py for tasks to queue
[2024-05-02T18:21:17.674-0300] {logging_mixin.py:188} INFO - [2024-05-02T18:21:17.674-0300] {dagbag.py:540} INFO - Filling up the DagBag from /mnt/c/Users/Tilto/Desktop/Work/Airflow/dags/primeira_dag_v2.py
[2024-05-02T18:21:17.709-0300] {processor.py:840} INFO - DAG(s) 'a_primeira_DAG_v2' retrieved from /mnt/c/Users/Tilto/Desktop/Work/Airflow/dags/primeira_dag_v2.py
[2024-05-02T18:21:17.851-0300] {logging_mixin.py:188} INFO - [2024-05-02T18:21:17.851-0300] {dag.py:3096} INFO - Sync 1 DAGs
[2024-05-02T18:21:17.879-0300] {logging_mixin.py:188} INFO - [2024-05-02T18:21:17.878-0300] {dag.py:3954} INFO - Setting next_dagrun for a_primeira_DAG_v2 to 2023-07-20 00:00:00+00:00, run_after=2023-07-21 00:00:00+00:00
[2024-05-02T18:21:17.964-0300] {processor.py:183} INFO - Processing /mnt/c/Users/Tilto/Desktop/Work/Airflow/dags/primeira_dag_v2.py took 0.297 seconds
[2024-05-02T18:21:49.078-0300] {processor.py:161} INFO - Started process (PID=1149) to work on /mnt/c/Users/Tilto/Desktop/Work/Airflow/dags/primeira_dag_v2.py
[2024-05-02T18:21:49.078-0300] {processor.py:830} INFO - Processing file /mnt/c/Users/Tilto/Desktop/Work/Airflow/dags/primeira_dag_v2.py for tasks to queue
[2024-05-02T18:21:49.080-0300] {logging_mixin.py:188} INFO - [2024-05-02T18:21:49.080-0300] {dagbag.py:540} INFO - Filling up the DagBag from /mnt/c/Users/Tilto/Desktop/Work/Airflow/dags/primeira_dag_v2.py
[2024-05-02T18:21:49.113-0300] {processor.py:840} INFO - DAG(s) 'a_primeira_DAG_v2' retrieved from /mnt/c/Users/Tilto/Desktop/Work/Airflow/dags/primeira_dag_v2.py
[2024-05-02T18:21:49.145-0300] {logging_mixin.py:188} INFO - [2024-05-02T18:21:49.145-0300] {dag.py:3096} INFO - Sync 1 DAGs
[2024-05-02T18:21:49.173-0300] {logging_mixin.py:188} INFO - [2024-05-02T18:21:49.173-0300] {dag.py:3954} INFO - Setting next_dagrun for a_primeira_DAG_v2 to 2023-07-20 00:00:00+00:00, run_after=2023-07-21 00:00:00+00:00
[2024-05-02T18:21:49.261-0300] {processor.py:183} INFO - Processing /mnt/c/Users/Tilto/Desktop/Work/Airflow/dags/primeira_dag_v2.py took 0.189 seconds
[2024-05-02T18:22:20.357-0300] {processor.py:161} INFO - Started process (PID=1277) to work on /mnt/c/Users/Tilto/Desktop/Work/Airflow/dags/primeira_dag_v2.py
[2024-05-02T18:22:20.358-0300] {processor.py:830} INFO - Processing file /mnt/c/Users/Tilto/Desktop/Work/Airflow/dags/primeira_dag_v2.py for tasks to queue
[2024-05-02T18:22:20.360-0300] {logging_mixin.py:188} INFO - [2024-05-02T18:22:20.359-0300] {dagbag.py:540} INFO - Filling up the DagBag from /mnt/c/Users/Tilto/Desktop/Work/Airflow/dags/primeira_dag_v2.py
[2024-05-02T18:22:20.391-0300] {processor.py:840} INFO - DAG(s) 'a_primeira_DAG_v2' retrieved from /mnt/c/Users/Tilto/Desktop/Work/Airflow/dags/primeira_dag_v2.py
[2024-05-02T18:22:20.425-0300] {logging_mixin.py:188} INFO - [2024-05-02T18:22:20.424-0300] {dag.py:3096} INFO - Sync 1 DAGs
[2024-05-02T18:22:20.455-0300] {logging_mixin.py:188} INFO - [2024-05-02T18:22:20.455-0300] {dag.py:3954} INFO - Setting next_dagrun for a_primeira_DAG_v2 to 2023-07-20 00:00:00+00:00, run_after=2023-07-21 00:00:00+00:00
[2024-05-02T18:22:20.543-0300] {processor.py:183} INFO - Processing /mnt/c/Users/Tilto/Desktop/Work/Airflow/dags/primeira_dag_v2.py took 0.190 seconds
[2024-05-02T18:22:50.701-0300] {processor.py:161} INFO - Started process (PID=1401) to work on /mnt/c/Users/Tilto/Desktop/Work/Airflow/dags/primeira_dag_v2.py
[2024-05-02T18:22:50.702-0300] {processor.py:830} INFO - Processing file /mnt/c/Users/Tilto/Desktop/Work/Airflow/dags/primeira_dag_v2.py for tasks to queue
[2024-05-02T18:22:50.704-0300] {logging_mixin.py:188} INFO - [2024-05-02T18:22:50.703-0300] {dagbag.py:540} INFO - Filling up the DagBag from /mnt/c/Users/Tilto/Desktop/Work/Airflow/dags/primeira_dag_v2.py
[2024-05-02T18:22:50.737-0300] {processor.py:840} INFO - DAG(s) 'a_primeira_DAG_v2' retrieved from /mnt/c/Users/Tilto/Desktop/Work/Airflow/dags/primeira_dag_v2.py
[2024-05-02T18:22:50.769-0300] {logging_mixin.py:188} INFO - [2024-05-02T18:22:50.769-0300] {dag.py:3096} INFO - Sync 1 DAGs
[2024-05-02T18:22:50.798-0300] {logging_mixin.py:188} INFO - [2024-05-02T18:22:50.797-0300] {dag.py:3954} INFO - Setting next_dagrun for a_primeira_DAG_v2 to 2023-07-20 00:00:00+00:00, run_after=2023-07-21 00:00:00+00:00
[2024-05-02T18:22:50.884-0300] {processor.py:183} INFO - Processing /mnt/c/Users/Tilto/Desktop/Work/Airflow/dags/primeira_dag_v2.py took 0.188 seconds
[2024-05-02T18:23:21.809-0300] {processor.py:161} INFO - Started process (PID=1532) to work on /mnt/c/Users/Tilto/Desktop/Work/Airflow/dags/primeira_dag_v2.py
[2024-05-02T18:23:21.810-0300] {processor.py:830} INFO - Processing file /mnt/c/Users/Tilto/Desktop/Work/Airflow/dags/primeira_dag_v2.py for tasks to queue
[2024-05-02T18:23:21.812-0300] {logging_mixin.py:188} INFO - [2024-05-02T18:23:21.811-0300] {dagbag.py:540} INFO - Filling up the DagBag from /mnt/c/Users/Tilto/Desktop/Work/Airflow/dags/primeira_dag_v2.py
[2024-05-02T18:23:21.844-0300] {processor.py:840} INFO - DAG(s) 'a_primeira_DAG_v2' retrieved from /mnt/c/Users/Tilto/Desktop/Work/Airflow/dags/primeira_dag_v2.py
[2024-05-02T18:23:21.875-0300] {logging_mixin.py:188} INFO - [2024-05-02T18:23:21.875-0300] {dag.py:3096} INFO - Sync 1 DAGs
[2024-05-02T18:23:21.906-0300] {logging_mixin.py:188} INFO - [2024-05-02T18:23:21.905-0300] {dag.py:3954} INFO - Setting next_dagrun for a_primeira_DAG_v2 to 2023-07-20 00:00:00+00:00, run_after=2023-07-21 00:00:00+00:00
[2024-05-02T18:23:21.992-0300] {processor.py:183} INFO - Processing /mnt/c/Users/Tilto/Desktop/Work/Airflow/dags/primeira_dag_v2.py took 0.188 seconds
[2024-05-02T18:23:52.952-0300] {processor.py:161} INFO - Started process (PID=1659) to work on /mnt/c/Users/Tilto/Desktop/Work/Airflow/dags/primeira_dag_v2.py
[2024-05-02T18:23:52.953-0300] {processor.py:830} INFO - Processing file /mnt/c/Users/Tilto/Desktop/Work/Airflow/dags/primeira_dag_v2.py for tasks to queue
[2024-05-02T18:23:52.955-0300] {logging_mixin.py:188} INFO - [2024-05-02T18:23:52.954-0300] {dagbag.py:540} INFO - Filling up the DagBag from /mnt/c/Users/Tilto/Desktop/Work/Airflow/dags/primeira_dag_v2.py
[2024-05-02T18:23:52.991-0300] {processor.py:840} INFO - DAG(s) 'a_primeira_DAG_v2' retrieved from /mnt/c/Users/Tilto/Desktop/Work/Airflow/dags/primeira_dag_v2.py
[2024-05-02T18:23:53.022-0300] {logging_mixin.py:188} INFO - [2024-05-02T18:23:53.021-0300] {dag.py:3096} INFO - Sync 1 DAGs
[2024-05-02T18:23:53.053-0300] {logging_mixin.py:188} INFO - [2024-05-02T18:23:53.052-0300] {dag.py:3954} INFO - Setting next_dagrun for a_primeira_DAG_v2 to 2023-07-20 00:00:00+00:00, run_after=2023-07-21 00:00:00+00:00
[2024-05-02T18:23:53.148-0300] {processor.py:183} INFO - Processing /mnt/c/Users/Tilto/Desktop/Work/Airflow/dags/primeira_dag_v2.py took 0.200 seconds
[2024-05-02T18:25:03.148-0300] {processor.py:161} INFO - Started process (PID=2233) to work on /mnt/c/Users/Tilto/Desktop/Work/Airflow/dags/primeira_dag_v2.py
[2024-05-02T18:25:03.150-0300] {processor.py:830} INFO - Processing file /mnt/c/Users/Tilto/Desktop/Work/Airflow/dags/primeira_dag_v2.py for tasks to queue
[2024-05-02T18:25:03.151-0300] {logging_mixin.py:188} INFO - [2024-05-02T18:25:03.151-0300] {dagbag.py:540} INFO - Filling up the DagBag from /mnt/c/Users/Tilto/Desktop/Work/Airflow/dags/primeira_dag_v2.py
[2024-05-02T18:25:03.189-0300] {processor.py:840} INFO - DAG(s) 'a_primeira_DAG_v2' retrieved from /mnt/c/Users/Tilto/Desktop/Work/Airflow/dags/primeira_dag_v2.py
[2024-05-02T18:25:03.207-0300] {logging_mixin.py:188} INFO - [2024-05-02T18:25:03.207-0300] {dag.py:3096} INFO - Sync 1 DAGs
[2024-05-02T18:25:03.240-0300] {logging_mixin.py:188} INFO - [2024-05-02T18:25:03.240-0300] {dag.py:3954} INFO - Setting next_dagrun for a_primeira_DAG_v2 to 2023-07-20 00:00:00+00:00, run_after=2023-07-21 00:00:00+00:00
[2024-05-02T18:25:03.395-0300] {processor.py:183} INFO - Processing /mnt/c/Users/Tilto/Desktop/Work/Airflow/dags/primeira_dag_v2.py took 0.252 seconds
[2024-05-02T19:13:18.225-0300] {processor.py:161} INFO - Started process (PID=639) to work on /mnt/c/Users/Tilto/Desktop/Work/Airflow/dags/primeira_dag_v2.py
[2024-05-02T19:13:18.227-0300] {processor.py:830} INFO - Processing file /mnt/c/Users/Tilto/Desktop/Work/Airflow/dags/primeira_dag_v2.py for tasks to queue
[2024-05-02T19:13:18.228-0300] {logging_mixin.py:188} INFO - [2024-05-02T19:13:18.228-0300] {dagbag.py:540} INFO - Filling up the DagBag from /mnt/c/Users/Tilto/Desktop/Work/Airflow/dags/primeira_dag_v2.py
[2024-05-02T19:13:18.255-0300] {processor.py:840} INFO - DAG(s) 'a_primeira_DAG_v2' retrieved from /mnt/c/Users/Tilto/Desktop/Work/Airflow/dags/primeira_dag_v2.py
[2024-05-02T19:13:18.273-0300] {logging_mixin.py:188} INFO - [2024-05-02T19:13:18.273-0300] {dag.py:3096} INFO - Sync 1 DAGs
[2024-05-02T19:13:18.303-0300] {logging_mixin.py:188} INFO - [2024-05-02T19:13:18.302-0300] {dag.py:3954} INFO - Setting next_dagrun for a_primeira_DAG_v2 to 2023-07-20 00:00:00+00:00, run_after=2023-07-21 00:00:00+00:00
[2024-05-02T19:13:18.370-0300] {processor.py:183} INFO - Processing /mnt/c/Users/Tilto/Desktop/Work/Airflow/dags/primeira_dag_v2.py took 0.151 seconds
[2024-05-02T19:13:49.080-0300] {processor.py:161} INFO - Started process (PID=776) to work on /mnt/c/Users/Tilto/Desktop/Work/Airflow/dags/primeira_dag_v2.py
[2024-05-02T19:13:49.081-0300] {processor.py:830} INFO - Processing file /mnt/c/Users/Tilto/Desktop/Work/Airflow/dags/primeira_dag_v2.py for tasks to queue
[2024-05-02T19:13:49.083-0300] {logging_mixin.py:188} INFO - [2024-05-02T19:13:49.083-0300] {dagbag.py:540} INFO - Filling up the DagBag from /mnt/c/Users/Tilto/Desktop/Work/Airflow/dags/primeira_dag_v2.py
[2024-05-02T19:13:49.108-0300] {processor.py:840} INFO - DAG(s) 'a_primeira_DAG_v2' retrieved from /mnt/c/Users/Tilto/Desktop/Work/Airflow/dags/primeira_dag_v2.py
[2024-05-02T19:13:49.229-0300] {logging_mixin.py:188} INFO - [2024-05-02T19:13:49.228-0300] {dag.py:3096} INFO - Sync 1 DAGs
[2024-05-02T19:13:49.253-0300] {logging_mixin.py:188} INFO - [2024-05-02T19:13:49.253-0300] {dag.py:3954} INFO - Setting next_dagrun for a_primeira_DAG_v2 to 2023-07-20 00:00:00+00:00, run_after=2023-07-21 00:00:00+00:00
[2024-05-02T19:13:49.330-0300] {processor.py:183} INFO - Processing /mnt/c/Users/Tilto/Desktop/Work/Airflow/dags/primeira_dag_v2.py took 0.254 seconds
[2024-05-02T19:14:19.558-0300] {processor.py:161} INFO - Started process (PID=903) to work on /mnt/c/Users/Tilto/Desktop/Work/Airflow/dags/primeira_dag_v2.py
[2024-05-02T19:14:19.559-0300] {processor.py:830} INFO - Processing file /mnt/c/Users/Tilto/Desktop/Work/Airflow/dags/primeira_dag_v2.py for tasks to queue
[2024-05-02T19:14:19.561-0300] {logging_mixin.py:188} INFO - [2024-05-02T19:14:19.560-0300] {dagbag.py:540} INFO - Filling up the DagBag from /mnt/c/Users/Tilto/Desktop/Work/Airflow/dags/primeira_dag_v2.py
[2024-05-02T19:14:19.584-0300] {processor.py:840} INFO - DAG(s) 'a_primeira_DAG_v2' retrieved from /mnt/c/Users/Tilto/Desktop/Work/Airflow/dags/primeira_dag_v2.py
[2024-05-02T19:14:19.613-0300] {logging_mixin.py:188} INFO - [2024-05-02T19:14:19.613-0300] {dag.py:3096} INFO - Sync 1 DAGs
[2024-05-02T19:14:19.640-0300] {logging_mixin.py:188} INFO - [2024-05-02T19:14:19.640-0300] {dag.py:3954} INFO - Setting next_dagrun for a_primeira_DAG_v2 to 2023-07-20 00:00:00+00:00, run_after=2023-07-21 00:00:00+00:00
[2024-05-02T19:14:19.706-0300] {processor.py:183} INFO - Processing /mnt/c/Users/Tilto/Desktop/Work/Airflow/dags/primeira_dag_v2.py took 0.153 seconds
[2024-05-02T19:14:55.818-0300] {processor.py:161} INFO - Started process (PID=1093) to work on /mnt/c/Users/Tilto/Desktop/Work/Airflow/dags/primeira_dag_v2.py
[2024-05-02T19:14:55.819-0300] {processor.py:830} INFO - Processing file /mnt/c/Users/Tilto/Desktop/Work/Airflow/dags/primeira_dag_v2.py for tasks to queue
[2024-05-02T19:14:55.821-0300] {logging_mixin.py:188} INFO - [2024-05-02T19:14:55.821-0300] {dagbag.py:540} INFO - Filling up the DagBag from /mnt/c/Users/Tilto/Desktop/Work/Airflow/dags/primeira_dag_v2.py
[2024-05-02T19:14:55.846-0300] {processor.py:840} INFO - DAG(s) 'a_primeira_DAG_v2' retrieved from /mnt/c/Users/Tilto/Desktop/Work/Airflow/dags/primeira_dag_v2.py
[2024-05-02T19:14:55.877-0300] {logging_mixin.py:188} INFO - [2024-05-02T19:14:55.877-0300] {dag.py:3096} INFO - Sync 1 DAGs
[2024-05-02T19:14:55.910-0300] {logging_mixin.py:188} INFO - [2024-05-02T19:14:55.909-0300] {dag.py:3954} INFO - Setting next_dagrun for a_primeira_DAG_v2 to 2023-07-24 00:00:00+00:00, run_after=2023-07-25 00:00:00+00:00
[2024-05-02T19:14:55.983-0300] {processor.py:183} INFO - Processing /mnt/c/Users/Tilto/Desktop/Work/Airflow/dags/primeira_dag_v2.py took 0.169 seconds
[2024-05-02T19:15:30.512-0300] {processor.py:161} INFO - Started process (PID=1272) to work on /mnt/c/Users/Tilto/Desktop/Work/Airflow/dags/primeira_dag_v2.py
[2024-05-02T19:15:30.512-0300] {processor.py:830} INFO - Processing file /mnt/c/Users/Tilto/Desktop/Work/Airflow/dags/primeira_dag_v2.py for tasks to queue
[2024-05-02T19:15:30.514-0300] {logging_mixin.py:188} INFO - [2024-05-02T19:15:30.514-0300] {dagbag.py:540} INFO - Filling up the DagBag from /mnt/c/Users/Tilto/Desktop/Work/Airflow/dags/primeira_dag_v2.py
[2024-05-02T19:15:30.536-0300] {processor.py:840} INFO - DAG(s) 'a_primeira_DAG_v2' retrieved from /mnt/c/Users/Tilto/Desktop/Work/Airflow/dags/primeira_dag_v2.py
[2024-05-02T19:15:30.562-0300] {logging_mixin.py:188} INFO - [2024-05-02T19:15:30.561-0300] {dag.py:3096} INFO - Sync 1 DAGs
[2024-05-02T19:15:30.587-0300] {logging_mixin.py:188} INFO - [2024-05-02T19:15:30.587-0300] {dag.py:3954} INFO - Setting next_dagrun for a_primeira_DAG_v2 to 2023-07-29 00:00:00+00:00, run_after=2023-07-30 00:00:00+00:00
[2024-05-02T19:15:30.655-0300] {processor.py:183} INFO - Processing /mnt/c/Users/Tilto/Desktop/Work/Airflow/dags/primeira_dag_v2.py took 0.147 seconds
[2024-05-02T19:16:02.509-0300] {processor.py:161} INFO - Started process (PID=1441) to work on /mnt/c/Users/Tilto/Desktop/Work/Airflow/dags/primeira_dag_v2.py
[2024-05-02T19:16:02.510-0300] {processor.py:830} INFO - Processing file /mnt/c/Users/Tilto/Desktop/Work/Airflow/dags/primeira_dag_v2.py for tasks to queue
[2024-05-02T19:16:02.512-0300] {logging_mixin.py:188} INFO - [2024-05-02T19:16:02.512-0300] {dagbag.py:540} INFO - Filling up the DagBag from /mnt/c/Users/Tilto/Desktop/Work/Airflow/dags/primeira_dag_v2.py
[2024-05-02T19:16:02.544-0300] {processor.py:840} INFO - DAG(s) 'a_primeira_DAG_v2' retrieved from /mnt/c/Users/Tilto/Desktop/Work/Airflow/dags/primeira_dag_v2.py
[2024-05-02T19:16:02.595-0300] {logging_mixin.py:188} INFO - [2024-05-02T19:16:02.594-0300] {dag.py:3096} INFO - Sync 1 DAGs
[2024-05-02T19:16:02.640-0300] {logging_mixin.py:188} INFO - [2024-05-02T19:16:02.640-0300] {dag.py:3954} INFO - Setting next_dagrun for a_primeira_DAG_v2 to 2023-08-02 00:00:00+00:00, run_after=2023-08-03 00:00:00+00:00
[2024-05-02T19:16:02.720-0300] {processor.py:183} INFO - Processing /mnt/c/Users/Tilto/Desktop/Work/Airflow/dags/primeira_dag_v2.py took 0.216 seconds
[2024-05-02T19:16:34.944-0300] {processor.py:161} INFO - Started process (PID=1622) to work on /mnt/c/Users/Tilto/Desktop/Work/Airflow/dags/primeira_dag_v2.py
[2024-05-02T19:16:34.946-0300] {processor.py:830} INFO - Processing file /mnt/c/Users/Tilto/Desktop/Work/Airflow/dags/primeira_dag_v2.py for tasks to queue
[2024-05-02T19:16:34.949-0300] {logging_mixin.py:188} INFO - [2024-05-02T19:16:34.948-0300] {dagbag.py:540} INFO - Filling up the DagBag from /mnt/c/Users/Tilto/Desktop/Work/Airflow/dags/primeira_dag_v2.py
[2024-05-02T19:16:34.985-0300] {processor.py:840} INFO - DAG(s) 'a_primeira_DAG_v2' retrieved from /mnt/c/Users/Tilto/Desktop/Work/Airflow/dags/primeira_dag_v2.py
[2024-05-02T19:16:35.040-0300] {logging_mixin.py:188} INFO - [2024-05-02T19:16:35.039-0300] {dag.py:3096} INFO - Sync 1 DAGs
[2024-05-02T19:16:35.084-0300] {logging_mixin.py:188} INFO - [2024-05-02T19:16:35.083-0300] {dag.py:3954} INFO - Setting next_dagrun for a_primeira_DAG_v2 to 2023-08-05 00:00:00+00:00, run_after=2023-08-06 00:00:00+00:00
[2024-05-02T19:16:35.163-0300] {processor.py:183} INFO - Processing /mnt/c/Users/Tilto/Desktop/Work/Airflow/dags/primeira_dag_v2.py took 0.225 seconds
[2024-05-02T19:17:08.311-0300] {processor.py:161} INFO - Started process (PID=1800) to work on /mnt/c/Users/Tilto/Desktop/Work/Airflow/dags/primeira_dag_v2.py
[2024-05-02T19:17:08.313-0300] {processor.py:830} INFO - Processing file /mnt/c/Users/Tilto/Desktop/Work/Airflow/dags/primeira_dag_v2.py for tasks to queue
[2024-05-02T19:17:08.315-0300] {logging_mixin.py:188} INFO - [2024-05-02T19:17:08.315-0300] {dagbag.py:540} INFO - Filling up the DagBag from /mnt/c/Users/Tilto/Desktop/Work/Airflow/dags/primeira_dag_v2.py
[2024-05-02T19:17:08.340-0300] {processor.py:840} INFO - DAG(s) 'a_primeira_DAG_v2' retrieved from /mnt/c/Users/Tilto/Desktop/Work/Airflow/dags/primeira_dag_v2.py
[2024-05-02T19:17:08.368-0300] {logging_mixin.py:188} INFO - [2024-05-02T19:17:08.368-0300] {dag.py:3096} INFO - Sync 1 DAGs
[2024-05-02T19:17:08.392-0300] {logging_mixin.py:188} INFO - [2024-05-02T19:17:08.392-0300] {dag.py:3954} INFO - Setting next_dagrun for a_primeira_DAG_v2 to 2023-08-08 00:00:00+00:00, run_after=2023-08-09 00:00:00+00:00
[2024-05-02T19:17:08.458-0300] {processor.py:183} INFO - Processing /mnt/c/Users/Tilto/Desktop/Work/Airflow/dags/primeira_dag_v2.py took 0.151 seconds
[2024-05-02T19:24:01.494-0300] {processor.py:161} INFO - Started process (PID=3570) to work on /mnt/c/Users/Tilto/Desktop/Work/Airflow/dags/primeira_dag_v2.py
[2024-05-02T19:24:01.496-0300] {processor.py:830} INFO - Processing file /mnt/c/Users/Tilto/Desktop/Work/Airflow/dags/primeira_dag_v2.py for tasks to queue
[2024-05-02T19:24:01.500-0300] {logging_mixin.py:188} INFO - [2024-05-02T19:24:01.500-0300] {dagbag.py:540} INFO - Filling up the DagBag from /mnt/c/Users/Tilto/Desktop/Work/Airflow/dags/primeira_dag_v2.py
[2024-05-02T19:24:01.542-0300] {processor.py:840} INFO - DAG(s) 'a_primeira_DAG_v2' retrieved from /mnt/c/Users/Tilto/Desktop/Work/Airflow/dags/primeira_dag_v2.py
[2024-05-02T19:24:01.561-0300] {logging_mixin.py:188} INFO - [2024-05-02T19:24:01.560-0300] {dag.py:3096} INFO - Sync 1 DAGs
[2024-05-02T19:24:01.604-0300] {logging_mixin.py:188} INFO - [2024-05-02T19:24:01.604-0300] {dag.py:3954} INFO - Setting next_dagrun for a_primeira_DAG_v2 to 2023-08-13 00:00:00+00:00, run_after=2023-08-14 00:00:00+00:00
[2024-05-02T19:24:01.754-0300] {processor.py:183} INFO - Processing /mnt/c/Users/Tilto/Desktop/Work/Airflow/dags/primeira_dag_v2.py took 0.267 seconds
[2024-05-02T19:24:32.545-0300] {processor.py:161} INFO - Started process (PID=3739) to work on /mnt/c/Users/Tilto/Desktop/Work/Airflow/dags/primeira_dag_v2.py
[2024-05-02T19:24:32.546-0300] {processor.py:830} INFO - Processing file /mnt/c/Users/Tilto/Desktop/Work/Airflow/dags/primeira_dag_v2.py for tasks to queue
[2024-05-02T19:24:32.547-0300] {logging_mixin.py:188} INFO - [2024-05-02T19:24:32.547-0300] {dagbag.py:540} INFO - Filling up the DagBag from /mnt/c/Users/Tilto/Desktop/Work/Airflow/dags/primeira_dag_v2.py
[2024-05-02T19:24:32.573-0300] {processor.py:840} INFO - DAG(s) 'a_primeira_DAG_v2' retrieved from /mnt/c/Users/Tilto/Desktop/Work/Airflow/dags/primeira_dag_v2.py
[2024-05-02T19:24:32.680-0300] {logging_mixin.py:188} INFO - [2024-05-02T19:24:32.680-0300] {dag.py:3096} INFO - Sync 1 DAGs
[2024-05-02T19:24:32.703-0300] {logging_mixin.py:188} INFO - [2024-05-02T19:24:32.703-0300] {dag.py:3954} INFO - Setting next_dagrun for a_primeira_DAG_v2 to 2023-08-17 00:00:00+00:00, run_after=2023-08-18 00:00:00+00:00
[2024-05-02T19:24:32.766-0300] {processor.py:183} INFO - Processing /mnt/c/Users/Tilto/Desktop/Work/Airflow/dags/primeira_dag_v2.py took 0.225 seconds
[2024-05-02T19:25:04.023-0300] {processor.py:161} INFO - Started process (PID=3903) to work on /mnt/c/Users/Tilto/Desktop/Work/Airflow/dags/primeira_dag_v2.py
[2024-05-02T19:25:04.024-0300] {processor.py:830} INFO - Processing file /mnt/c/Users/Tilto/Desktop/Work/Airflow/dags/primeira_dag_v2.py for tasks to queue
[2024-05-02T19:25:04.026-0300] {logging_mixin.py:188} INFO - [2024-05-02T19:25:04.025-0300] {dagbag.py:540} INFO - Filling up the DagBag from /mnt/c/Users/Tilto/Desktop/Work/Airflow/dags/primeira_dag_v2.py
[2024-05-02T19:25:04.052-0300] {processor.py:840} INFO - DAG(s) 'a_primeira_DAG_v2' retrieved from /mnt/c/Users/Tilto/Desktop/Work/Airflow/dags/primeira_dag_v2.py
[2024-05-02T19:25:04.079-0300] {logging_mixin.py:188} INFO - [2024-05-02T19:25:04.079-0300] {dag.py:3096} INFO - Sync 1 DAGs
[2024-05-02T19:25:04.108-0300] {logging_mixin.py:188} INFO - [2024-05-02T19:25:04.108-0300] {dag.py:3954} INFO - Setting next_dagrun for a_primeira_DAG_v2 to 2023-08-21 00:00:00+00:00, run_after=2023-08-22 00:00:00+00:00
[2024-05-02T19:25:04.181-0300] {processor.py:183} INFO - Processing /mnt/c/Users/Tilto/Desktop/Work/Airflow/dags/primeira_dag_v2.py took 0.162 seconds
[2024-05-02T19:25:39.100-0300] {processor.py:161} INFO - Started process (PID=4082) to work on /mnt/c/Users/Tilto/Desktop/Work/Airflow/dags/primeira_dag_v2.py
[2024-05-02T19:25:39.105-0300] {processor.py:830} INFO - Processing file /mnt/c/Users/Tilto/Desktop/Work/Airflow/dags/primeira_dag_v2.py for tasks to queue
[2024-05-02T19:25:39.108-0300] {logging_mixin.py:188} INFO - [2024-05-02T19:25:39.107-0300] {dagbag.py:540} INFO - Filling up the DagBag from /mnt/c/Users/Tilto/Desktop/Work/Airflow/dags/primeira_dag_v2.py
[2024-05-02T19:25:39.145-0300] {processor.py:840} INFO - DAG(s) 'a_primeira_DAG_v2' retrieved from /mnt/c/Users/Tilto/Desktop/Work/Airflow/dags/primeira_dag_v2.py
[2024-05-02T19:25:39.179-0300] {logging_mixin.py:188} INFO - [2024-05-02T19:25:39.179-0300] {dag.py:3096} INFO - Sync 1 DAGs
[2024-05-02T19:25:39.211-0300] {logging_mixin.py:188} INFO - [2024-05-02T19:25:39.211-0300] {dag.py:3954} INFO - Setting next_dagrun for a_primeira_DAG_v2 to 2023-08-25 00:00:00+00:00, run_after=2023-08-26 00:00:00+00:00
[2024-05-02T19:25:39.294-0300] {processor.py:183} INFO - Processing /mnt/c/Users/Tilto/Desktop/Work/Airflow/dags/primeira_dag_v2.py took 0.203 seconds
[2024-05-02T19:26:13.958-0300] {processor.py:161} INFO - Started process (PID=4260) to work on /mnt/c/Users/Tilto/Desktop/Work/Airflow/dags/primeira_dag_v2.py
[2024-05-02T19:26:13.959-0300] {processor.py:830} INFO - Processing file /mnt/c/Users/Tilto/Desktop/Work/Airflow/dags/primeira_dag_v2.py for tasks to queue
[2024-05-02T19:26:13.960-0300] {logging_mixin.py:188} INFO - [2024-05-02T19:26:13.960-0300] {dagbag.py:540} INFO - Filling up the DagBag from /mnt/c/Users/Tilto/Desktop/Work/Airflow/dags/primeira_dag_v2.py
[2024-05-02T19:26:13.985-0300] {processor.py:840} INFO - DAG(s) 'a_primeira_DAG_v2' retrieved from /mnt/c/Users/Tilto/Desktop/Work/Airflow/dags/primeira_dag_v2.py
[2024-05-02T19:26:14.018-0300] {logging_mixin.py:188} INFO - [2024-05-02T19:26:14.018-0300] {dag.py:3096} INFO - Sync 1 DAGs
[2024-05-02T19:26:14.044-0300] {logging_mixin.py:188} INFO - [2024-05-02T19:26:14.044-0300] {dag.py:3954} INFO - Setting next_dagrun for a_primeira_DAG_v2 to 2023-08-29 00:00:00+00:00, run_after=2023-08-30 00:00:00+00:00
[2024-05-02T19:26:14.114-0300] {processor.py:183} INFO - Processing /mnt/c/Users/Tilto/Desktop/Work/Airflow/dags/primeira_dag_v2.py took 0.161 seconds
[2024-05-02T19:26:46.890-0300] {processor.py:161} INFO - Started process (PID=4430) to work on /mnt/c/Users/Tilto/Desktop/Work/Airflow/dags/primeira_dag_v2.py
[2024-05-02T19:26:46.891-0300] {processor.py:830} INFO - Processing file /mnt/c/Users/Tilto/Desktop/Work/Airflow/dags/primeira_dag_v2.py for tasks to queue
[2024-05-02T19:26:46.893-0300] {logging_mixin.py:188} INFO - [2024-05-02T19:26:46.892-0300] {dagbag.py:540} INFO - Filling up the DagBag from /mnt/c/Users/Tilto/Desktop/Work/Airflow/dags/primeira_dag_v2.py
[2024-05-02T19:26:46.919-0300] {processor.py:840} INFO - DAG(s) 'a_primeira_DAG_v2' retrieved from /mnt/c/Users/Tilto/Desktop/Work/Airflow/dags/primeira_dag_v2.py
[2024-05-02T19:26:46.950-0300] {logging_mixin.py:188} INFO - [2024-05-02T19:26:46.949-0300] {dag.py:3096} INFO - Sync 1 DAGs
[2024-05-02T19:26:46.976-0300] {logging_mixin.py:188} INFO - [2024-05-02T19:26:46.976-0300] {dag.py:3954} INFO - Setting next_dagrun for a_primeira_DAG_v2 to 2023-09-02 00:00:00+00:00, run_after=2023-09-03 00:00:00+00:00
[2024-05-02T19:26:47.044-0300] {processor.py:183} INFO - Processing /mnt/c/Users/Tilto/Desktop/Work/Airflow/dags/primeira_dag_v2.py took 0.159 seconds
[2024-05-02T19:27:19.366-0300] {processor.py:161} INFO - Started process (PID=4598) to work on /mnt/c/Users/Tilto/Desktop/Work/Airflow/dags/primeira_dag_v2.py
[2024-05-02T19:27:19.367-0300] {processor.py:830} INFO - Processing file /mnt/c/Users/Tilto/Desktop/Work/Airflow/dags/primeira_dag_v2.py for tasks to queue
[2024-05-02T19:27:19.369-0300] {logging_mixin.py:188} INFO - [2024-05-02T19:27:19.368-0300] {dagbag.py:540} INFO - Filling up the DagBag from /mnt/c/Users/Tilto/Desktop/Work/Airflow/dags/primeira_dag_v2.py
[2024-05-02T19:27:19.391-0300] {processor.py:840} INFO - DAG(s) 'a_primeira_DAG_v2' retrieved from /mnt/c/Users/Tilto/Desktop/Work/Airflow/dags/primeira_dag_v2.py
[2024-05-02T19:27:19.419-0300] {logging_mixin.py:188} INFO - [2024-05-02T19:27:19.419-0300] {dag.py:3096} INFO - Sync 1 DAGs
[2024-05-02T19:27:19.443-0300] {logging_mixin.py:188} INFO - [2024-05-02T19:27:19.443-0300] {dag.py:3954} INFO - Setting next_dagrun for a_primeira_DAG_v2 to 2023-09-06 00:00:00+00:00, run_after=2023-09-07 00:00:00+00:00
[2024-05-02T19:27:19.505-0300] {processor.py:183} INFO - Processing /mnt/c/Users/Tilto/Desktop/Work/Airflow/dags/primeira_dag_v2.py took 0.144 seconds
[2024-05-02T19:28:09.948-0300] {processor.py:161} INFO - Started process (PID=4840) to work on /mnt/c/Users/Tilto/Desktop/Work/Airflow/dags/primeira_dag_v2.py
[2024-05-02T19:28:09.949-0300] {processor.py:830} INFO - Processing file /mnt/c/Users/Tilto/Desktop/Work/Airflow/dags/primeira_dag_v2.py for tasks to queue
[2024-05-02T19:28:09.950-0300] {logging_mixin.py:188} INFO - [2024-05-02T19:28:09.950-0300] {dagbag.py:540} INFO - Filling up the DagBag from /mnt/c/Users/Tilto/Desktop/Work/Airflow/dags/primeira_dag_v2.py
[2024-05-02T19:28:09.972-0300] {processor.py:840} INFO - DAG(s) 'a_primeira_DAG_v2' retrieved from /mnt/c/Users/Tilto/Desktop/Work/Airflow/dags/primeira_dag_v2.py
[2024-05-02T19:28:09.997-0300] {logging_mixin.py:188} INFO - [2024-05-02T19:28:09.997-0300] {dag.py:3096} INFO - Sync 1 DAGs
[2024-05-02T19:28:10.022-0300] {logging_mixin.py:188} INFO - [2024-05-02T19:28:10.022-0300] {dag.py:3954} INFO - Setting next_dagrun for a_primeira_DAG_v2 to 2023-09-10 00:00:00+00:00, run_after=2023-09-11 00:00:00+00:00
[2024-05-02T19:28:10.252-0300] {processor.py:183} INFO - Processing /mnt/c/Users/Tilto/Desktop/Work/Airflow/dags/primeira_dag_v2.py took 0.309 seconds
[2024-05-02T19:28:41.458-0300] {processor.py:161} INFO - Started process (PID=4999) to work on /mnt/c/Users/Tilto/Desktop/Work/Airflow/dags/primeira_dag_v2.py
[2024-05-02T19:28:41.460-0300] {processor.py:830} INFO - Processing file /mnt/c/Users/Tilto/Desktop/Work/Airflow/dags/primeira_dag_v2.py for tasks to queue
[2024-05-02T19:28:41.461-0300] {logging_mixin.py:188} INFO - [2024-05-02T19:28:41.461-0300] {dagbag.py:540} INFO - Filling up the DagBag from /mnt/c/Users/Tilto/Desktop/Work/Airflow/dags/primeira_dag_v2.py
[2024-05-02T19:28:41.484-0300] {processor.py:840} INFO - DAG(s) 'a_primeira_DAG_v2' retrieved from /mnt/c/Users/Tilto/Desktop/Work/Airflow/dags/primeira_dag_v2.py
[2024-05-02T19:28:41.512-0300] {logging_mixin.py:188} INFO - [2024-05-02T19:28:41.512-0300] {dag.py:3096} INFO - Sync 1 DAGs
[2024-05-02T19:28:41.539-0300] {logging_mixin.py:188} INFO - [2024-05-02T19:28:41.539-0300] {dag.py:3954} INFO - Setting next_dagrun for a_primeira_DAG_v2 to 2023-09-13 00:00:00+00:00, run_after=2023-09-14 00:00:00+00:00
[2024-05-02T19:28:41.604-0300] {processor.py:183} INFO - Processing /mnt/c/Users/Tilto/Desktop/Work/Airflow/dags/primeira_dag_v2.py took 0.150 seconds
[2024-05-02T19:29:13.130-0300] {processor.py:161} INFO - Started process (PID=5164) to work on /mnt/c/Users/Tilto/Desktop/Work/Airflow/dags/primeira_dag_v2.py
[2024-05-02T19:29:13.131-0300] {processor.py:830} INFO - Processing file /mnt/c/Users/Tilto/Desktop/Work/Airflow/dags/primeira_dag_v2.py for tasks to queue
[2024-05-02T19:29:13.133-0300] {logging_mixin.py:188} INFO - [2024-05-02T19:29:13.133-0300] {dagbag.py:540} INFO - Filling up the DagBag from /mnt/c/Users/Tilto/Desktop/Work/Airflow/dags/primeira_dag_v2.py
[2024-05-02T19:29:13.158-0300] {processor.py:840} INFO - DAG(s) 'a_primeira_DAG_v2' retrieved from /mnt/c/Users/Tilto/Desktop/Work/Airflow/dags/primeira_dag_v2.py
[2024-05-02T19:29:13.184-0300] {logging_mixin.py:188} INFO - [2024-05-02T19:29:13.184-0300] {dag.py:3096} INFO - Sync 1 DAGs
[2024-05-02T19:29:13.208-0300] {logging_mixin.py:188} INFO - [2024-05-02T19:29:13.208-0300] {dag.py:3954} INFO - Setting next_dagrun for a_primeira_DAG_v2 to 2023-09-17 00:00:00+00:00, run_after=2023-09-18 00:00:00+00:00
[2024-05-02T19:29:13.271-0300] {processor.py:183} INFO - Processing /mnt/c/Users/Tilto/Desktop/Work/Airflow/dags/primeira_dag_v2.py took 0.145 seconds
[2024-05-02T19:29:44.562-0300] {processor.py:161} INFO - Started process (PID=5329) to work on /mnt/c/Users/Tilto/Desktop/Work/Airflow/dags/primeira_dag_v2.py
[2024-05-02T19:29:44.563-0300] {processor.py:830} INFO - Processing file /mnt/c/Users/Tilto/Desktop/Work/Airflow/dags/primeira_dag_v2.py for tasks to queue
[2024-05-02T19:29:44.565-0300] {logging_mixin.py:188} INFO - [2024-05-02T19:29:44.565-0300] {dagbag.py:540} INFO - Filling up the DagBag from /mnt/c/Users/Tilto/Desktop/Work/Airflow/dags/primeira_dag_v2.py
[2024-05-02T19:29:44.589-0300] {processor.py:840} INFO - DAG(s) 'a_primeira_DAG_v2' retrieved from /mnt/c/Users/Tilto/Desktop/Work/Airflow/dags/primeira_dag_v2.py
[2024-05-02T19:29:44.617-0300] {logging_mixin.py:188} INFO - [2024-05-02T19:29:44.617-0300] {dag.py:3096} INFO - Sync 1 DAGs
[2024-05-02T19:29:44.643-0300] {logging_mixin.py:188} INFO - [2024-05-02T19:29:44.643-0300] {dag.py:3954} INFO - Setting next_dagrun for a_primeira_DAG_v2 to 2023-09-21 00:00:00+00:00, run_after=2023-09-22 00:00:00+00:00
[2024-05-02T19:29:44.716-0300] {processor.py:183} INFO - Processing /mnt/c/Users/Tilto/Desktop/Work/Airflow/dags/primeira_dag_v2.py took 0.158 seconds
[2024-05-02T19:30:20.353-0300] {processor.py:161} INFO - Started process (PID=5510) to work on /mnt/c/Users/Tilto/Desktop/Work/Airflow/dags/primeira_dag_v2.py
[2024-05-02T19:30:20.354-0300] {processor.py:830} INFO - Processing file /mnt/c/Users/Tilto/Desktop/Work/Airflow/dags/primeira_dag_v2.py for tasks to queue
[2024-05-02T19:30:20.356-0300] {logging_mixin.py:188} INFO - [2024-05-02T19:30:20.356-0300] {dagbag.py:540} INFO - Filling up the DagBag from /mnt/c/Users/Tilto/Desktop/Work/Airflow/dags/primeira_dag_v2.py
[2024-05-02T19:30:20.381-0300] {processor.py:840} INFO - DAG(s) 'a_primeira_DAG_v2' retrieved from /mnt/c/Users/Tilto/Desktop/Work/Airflow/dags/primeira_dag_v2.py
[2024-05-02T19:30:20.408-0300] {logging_mixin.py:188} INFO - [2024-05-02T19:30:20.407-0300] {dag.py:3096} INFO - Sync 1 DAGs
[2024-05-02T19:30:20.431-0300] {logging_mixin.py:188} INFO - [2024-05-02T19:30:20.431-0300] {dag.py:3954} INFO - Setting next_dagrun for a_primeira_DAG_v2 to 2023-09-25 00:00:00+00:00, run_after=2023-09-26 00:00:00+00:00
[2024-05-02T19:30:20.497-0300] {processor.py:183} INFO - Processing /mnt/c/Users/Tilto/Desktop/Work/Airflow/dags/primeira_dag_v2.py took 0.149 seconds
[2024-05-02T19:30:54.852-0300] {processor.py:161} INFO - Started process (PID=5690) to work on /mnt/c/Users/Tilto/Desktop/Work/Airflow/dags/primeira_dag_v2.py
[2024-05-02T19:30:54.855-0300] {processor.py:830} INFO - Processing file /mnt/c/Users/Tilto/Desktop/Work/Airflow/dags/primeira_dag_v2.py for tasks to queue
[2024-05-02T19:30:54.858-0300] {logging_mixin.py:188} INFO - [2024-05-02T19:30:54.857-0300] {dagbag.py:540} INFO - Filling up the DagBag from /mnt/c/Users/Tilto/Desktop/Work/Airflow/dags/primeira_dag_v2.py
[2024-05-02T19:30:54.890-0300] {processor.py:840} INFO - DAG(s) 'a_primeira_DAG_v2' retrieved from /mnt/c/Users/Tilto/Desktop/Work/Airflow/dags/primeira_dag_v2.py
[2024-05-02T19:30:54.930-0300] {logging_mixin.py:188} INFO - [2024-05-02T19:30:54.930-0300] {dag.py:3096} INFO - Sync 1 DAGs
[2024-05-02T19:30:54.967-0300] {logging_mixin.py:188} INFO - [2024-05-02T19:30:54.966-0300] {dag.py:3954} INFO - Setting next_dagrun for a_primeira_DAG_v2 to 2023-09-29 00:00:00+00:00, run_after=2023-09-30 00:00:00+00:00
[2024-05-02T19:30:55.063-0300] {processor.py:183} INFO - Processing /mnt/c/Users/Tilto/Desktop/Work/Airflow/dags/primeira_dag_v2.py took 0.220 seconds
[2024-05-02T19:31:27.641-0300] {processor.py:161} INFO - Started process (PID=5859) to work on /mnt/c/Users/Tilto/Desktop/Work/Airflow/dags/primeira_dag_v2.py
[2024-05-02T19:31:27.641-0300] {processor.py:830} INFO - Processing file /mnt/c/Users/Tilto/Desktop/Work/Airflow/dags/primeira_dag_v2.py for tasks to queue
[2024-05-02T19:31:27.643-0300] {logging_mixin.py:188} INFO - [2024-05-02T19:31:27.643-0300] {dagbag.py:540} INFO - Filling up the DagBag from /mnt/c/Users/Tilto/Desktop/Work/Airflow/dags/primeira_dag_v2.py
[2024-05-02T19:31:27.676-0300] {processor.py:840} INFO - DAG(s) 'a_primeira_DAG_v2' retrieved from /mnt/c/Users/Tilto/Desktop/Work/Airflow/dags/primeira_dag_v2.py
[2024-05-02T19:31:27.711-0300] {logging_mixin.py:188} INFO - [2024-05-02T19:31:27.711-0300] {dag.py:3096} INFO - Sync 1 DAGs
[2024-05-02T19:31:27.742-0300] {logging_mixin.py:188} INFO - [2024-05-02T19:31:27.741-0300] {dag.py:3954} INFO - Setting next_dagrun for a_primeira_DAG_v2 to 2023-10-03 00:00:00+00:00, run_after=2023-10-04 00:00:00+00:00
[2024-05-02T19:31:27.808-0300] {processor.py:183} INFO - Processing /mnt/c/Users/Tilto/Desktop/Work/Airflow/dags/primeira_dag_v2.py took 0.172 seconds
[2024-05-02T19:31:59.576-0300] {processor.py:161} INFO - Started process (PID=6028) to work on /mnt/c/Users/Tilto/Desktop/Work/Airflow/dags/primeira_dag_v2.py
[2024-05-02T19:31:59.576-0300] {processor.py:830} INFO - Processing file /mnt/c/Users/Tilto/Desktop/Work/Airflow/dags/primeira_dag_v2.py for tasks to queue
[2024-05-02T19:31:59.578-0300] {logging_mixin.py:188} INFO - [2024-05-02T19:31:59.578-0300] {dagbag.py:540} INFO - Filling up the DagBag from /mnt/c/Users/Tilto/Desktop/Work/Airflow/dags/primeira_dag_v2.py
[2024-05-02T19:31:59.601-0300] {processor.py:840} INFO - DAG(s) 'a_primeira_DAG_v2' retrieved from /mnt/c/Users/Tilto/Desktop/Work/Airflow/dags/primeira_dag_v2.py
[2024-05-02T19:31:59.626-0300] {logging_mixin.py:188} INFO - [2024-05-02T19:31:59.626-0300] {dag.py:3096} INFO - Sync 1 DAGs
[2024-05-02T19:31:59.659-0300] {logging_mixin.py:188} INFO - [2024-05-02T19:31:59.659-0300] {dag.py:3954} INFO - Setting next_dagrun for a_primeira_DAG_v2 to 2023-10-07 00:00:00+00:00, run_after=2023-10-08 00:00:00+00:00
[2024-05-02T19:31:59.741-0300] {processor.py:183} INFO - Processing /mnt/c/Users/Tilto/Desktop/Work/Airflow/dags/primeira_dag_v2.py took 0.169 seconds
[2024-05-02T19:32:32.862-0300] {processor.py:161} INFO - Started process (PID=6199) to work on /mnt/c/Users/Tilto/Desktop/Work/Airflow/dags/primeira_dag_v2.py
[2024-05-02T19:32:32.863-0300] {processor.py:830} INFO - Processing file /mnt/c/Users/Tilto/Desktop/Work/Airflow/dags/primeira_dag_v2.py for tasks to queue
[2024-05-02T19:32:32.864-0300] {logging_mixin.py:188} INFO - [2024-05-02T19:32:32.864-0300] {dagbag.py:540} INFO - Filling up the DagBag from /mnt/c/Users/Tilto/Desktop/Work/Airflow/dags/primeira_dag_v2.py
[2024-05-02T19:32:32.884-0300] {processor.py:840} INFO - DAG(s) 'a_primeira_DAG_v2' retrieved from /mnt/c/Users/Tilto/Desktop/Work/Airflow/dags/primeira_dag_v2.py
[2024-05-02T19:32:32.908-0300] {logging_mixin.py:188} INFO - [2024-05-02T19:32:32.908-0300] {dag.py:3096} INFO - Sync 1 DAGs
[2024-05-02T19:32:32.934-0300] {logging_mixin.py:188} INFO - [2024-05-02T19:32:32.934-0300] {dag.py:3954} INFO - Setting next_dagrun for a_primeira_DAG_v2 to 2023-10-11 00:00:00+00:00, run_after=2023-10-12 00:00:00+00:00
[2024-05-02T19:32:33.000-0300] {processor.py:183} INFO - Processing /mnt/c/Users/Tilto/Desktop/Work/Airflow/dags/primeira_dag_v2.py took 0.142 seconds
[2024-05-02T19:33:06.713-0300] {processor.py:161} INFO - Started process (PID=6373) to work on /mnt/c/Users/Tilto/Desktop/Work/Airflow/dags/primeira_dag_v2.py
[2024-05-02T19:33:06.714-0300] {processor.py:830} INFO - Processing file /mnt/c/Users/Tilto/Desktop/Work/Airflow/dags/primeira_dag_v2.py for tasks to queue
[2024-05-02T19:33:06.715-0300] {logging_mixin.py:188} INFO - [2024-05-02T19:33:06.715-0300] {dagbag.py:540} INFO - Filling up the DagBag from /mnt/c/Users/Tilto/Desktop/Work/Airflow/dags/primeira_dag_v2.py
[2024-05-02T19:33:06.739-0300] {processor.py:840} INFO - DAG(s) 'a_primeira_DAG_v2' retrieved from /mnt/c/Users/Tilto/Desktop/Work/Airflow/dags/primeira_dag_v2.py
[2024-05-02T19:33:06.765-0300] {logging_mixin.py:188} INFO - [2024-05-02T19:33:06.765-0300] {dag.py:3096} INFO - Sync 1 DAGs
[2024-05-02T19:33:06.791-0300] {logging_mixin.py:188} INFO - [2024-05-02T19:33:06.790-0300] {dag.py:3954} INFO - Setting next_dagrun for a_primeira_DAG_v2 to 2023-10-15 00:00:00+00:00, run_after=2023-10-16 00:00:00+00:00
[2024-05-02T19:33:06.852-0300] {processor.py:183} INFO - Processing /mnt/c/Users/Tilto/Desktop/Work/Airflow/dags/primeira_dag_v2.py took 0.144 seconds
