[2024-05-03T21:13:12.566-0300] {local_task_job_runner.py:120} INFO - ::group::Pre task execution logs
[2024-05-03T21:13:12.592-0300] {taskinstance.py:2073} INFO - Dependencies all met for dep_context=non-requeueable deps ti=<TaskInstance: a_primeira_DAG_v1.hello scheduled__2024-03-02T00:00:00+00:00 [queued]>
[2024-05-03T21:13:12.610-0300] {taskinstance.py:2073} INFO - Dependencies all met for dep_context=requeueable deps ti=<TaskInstance: a_primeira_DAG_v1.hello scheduled__2024-03-02T00:00:00+00:00 [queued]>
[2024-05-03T21:13:12.610-0300] {taskinstance.py:2303} INFO - Starting attempt 1 of 1
[2024-05-03T21:13:12.647-0300] {taskinstance.py:2327} INFO - Executing <Task(BashOperator): hello> on 2024-03-02 00:00:00+00:00
[2024-05-03T21:13:12.649-0300] {standard_task_runner.py:63} INFO - Started process 19142 to run task
[2024-05-03T21:13:12.651-0300] {standard_task_runner.py:90} INFO - Running: ['airflow', 'tasks', 'run', 'a_primeira_DAG_v1', 'hello', 'scheduled__2024-03-02T00:00:00+00:00', '--job-id', '870', '--raw', '--subdir', 'DAGS_FOLDER/primeira_dagv1.py', '--cfg-path', '/tmp/tmp0wth74tc']
[2024-05-03T21:13:12.652-0300] {standard_task_runner.py:91} INFO - Job 870: Subtask hello
[2024-05-03T21:13:12.729-0300] {task_command.py:426} INFO - Running <TaskInstance: a_primeira_DAG_v1.hello scheduled__2024-03-02T00:00:00+00:00 [running]> on host PC-Tilto.
[2024-05-03T21:13:12.970-0300] {taskinstance.py:2644} INFO - Exporting env vars: AIRFLOW_CTX_DAG_OWNER='airflow' AIRFLOW_CTX_DAG_ID='a_primeira_DAG_v1' AIRFLOW_CTX_TASK_ID='hello' AIRFLOW_CTX_EXECUTION_DATE='2024-03-02T00:00:00+00:00' AIRFLOW_CTX_TRY_NUMBER='1' AIRFLOW_CTX_DAG_RUN_ID='scheduled__2024-03-02T00:00:00+00:00'
[2024-05-03T21:13:12.971-0300] {taskinstance.py:430} INFO - ::endgroup::
[2024-05-03T21:13:12.983-0300] {subprocess.py:63} INFO - Tmp dir root location: /tmp
[2024-05-03T21:13:12.984-0300] {subprocess.py:75} INFO - Running command: ['/usr/bin/bash', '-c', 'echo hello world']
[2024-05-03T21:13:12.990-0300] {subprocess.py:86} INFO - Output:
[2024-05-03T21:13:12.990-0300] {subprocess.py:93} INFO - hello world
[2024-05-03T21:13:12.991-0300] {subprocess.py:97} INFO - Command exited with return code 0
[2024-05-03T21:13:12.991-0300] {taskinstance.py:441} INFO - ::group::Post task execution logs
[2024-05-03T21:13:13.091-0300] {taskinstance.py:1205} INFO - Marking task as SUCCESS. dag_id=a_primeira_DAG_v1, task_id=hello, execution_date=20240302T000000, start_date=20240504T001312, end_date=20240504T001313
[2024-05-03T21:13:13.144-0300] {local_task_job_runner.py:240} INFO - Task exited with return code 0
[2024-05-03T21:13:13.165-0300] {taskinstance.py:3482} INFO - 0 downstream tasks scheduled from follow-on schedule check
[2024-05-03T21:13:13.167-0300] {local_task_job_runner.py:222} INFO - ::endgroup::
