[2024-05-02T19:17:01.784-0300] {local_task_job_runner.py:120} INFO - ::group::Pre task execution logs
[2024-05-02T19:17:01.821-0300] {taskinstance.py:2073} INFO - Dependencies all met for dep_context=non-requeueable deps ti=<TaskInstance: a_primeira_DAG_v1.hello scheduled__2023-08-07T00:00:00+00:00 [queued]>
[2024-05-02T19:17:01.840-0300] {taskinstance.py:2073} INFO - Dependencies all met for dep_context=requeueable deps ti=<TaskInstance: a_primeira_DAG_v1.hello scheduled__2023-08-07T00:00:00+00:00 [queued]>
[2024-05-02T19:17:01.841-0300] {taskinstance.py:2303} INFO - Starting attempt 1 of 1
[2024-05-02T19:17:01.886-0300] {taskinstance.py:2327} INFO - Executing <Task(BashOperator): hello> on 2023-08-07 00:00:00+00:00
[2024-05-02T19:17:01.889-0300] {standard_task_runner.py:63} INFO - Started process 1766 to run task
[2024-05-02T19:17:01.891-0300] {standard_task_runner.py:90} INFO - Running: ['airflow', 'tasks', 'run', 'a_primeira_DAG_v1', 'hello', 'scheduled__2023-08-07T00:00:00+00:00', '--job-id', '229', '--raw', '--subdir', 'DAGS_FOLDER/primeira_dagv1.py', '--cfg-path', '/tmp/tmpzqdm5gfb']
[2024-05-02T19:17:01.893-0300] {standard_task_runner.py:91} INFO - Job 229: Subtask hello
[2024-05-02T19:17:01.996-0300] {task_command.py:426} INFO - Running <TaskInstance: a_primeira_DAG_v1.hello scheduled__2023-08-07T00:00:00+00:00 [running]> on host PC-Tilto.
[2024-05-02T19:17:02.183-0300] {taskinstance.py:2644} INFO - Exporting env vars: AIRFLOW_CTX_DAG_OWNER='airflow' AIRFLOW_CTX_DAG_ID='a_primeira_DAG_v1' AIRFLOW_CTX_TASK_ID='hello' AIRFLOW_CTX_EXECUTION_DATE='2023-08-07T00:00:00+00:00' AIRFLOW_CTX_TRY_NUMBER='1' AIRFLOW_CTX_DAG_RUN_ID='scheduled__2023-08-07T00:00:00+00:00'
[2024-05-02T19:17:02.183-0300] {taskinstance.py:430} INFO - ::endgroup::
[2024-05-02T19:17:02.195-0300] {subprocess.py:63} INFO - Tmp dir root location: /tmp
[2024-05-02T19:17:02.197-0300] {subprocess.py:75} INFO - Running command: ['/usr/bin/bash', '-c', 'echo hello world']
[2024-05-02T19:17:02.203-0300] {subprocess.py:86} INFO - Output:
[2024-05-02T19:17:02.205-0300] {subprocess.py:93} INFO - hello world
[2024-05-02T19:17:02.206-0300] {subprocess.py:97} INFO - Command exited with return code 0
[2024-05-02T19:17:02.207-0300] {taskinstance.py:441} INFO - ::group::Post task execution logs
[2024-05-02T19:17:02.285-0300] {taskinstance.py:1205} INFO - Marking task as SUCCESS. dag_id=a_primeira_DAG_v1, task_id=hello, execution_date=20230807T000000, start_date=20240502T221701, end_date=20240502T221702
[2024-05-02T19:17:02.385-0300] {local_task_job_runner.py:240} INFO - Task exited with return code 0
[2024-05-02T19:17:02.410-0300] {taskinstance.py:3482} INFO - 0 downstream tasks scheduled from follow-on schedule check
[2024-05-02T19:17:02.413-0300] {local_task_job_runner.py:222} INFO - ::endgroup::
