[2024-05-01T18:35:07.494-0300] {local_task_job_runner.py:120} INFO - ::group::Pre task execution logs
[2024-05-01T18:35:07.518-0300] {taskinstance.py:2073} INFO - Dependencies all met for dep_context=non-requeueable deps ti=<TaskInstance: a_primeira_DAG_v2.hello scheduled__2023-06-03T00:00:00+00:00 [queued]>
[2024-05-01T18:35:07.532-0300] {taskinstance.py:2073} INFO - Dependencies all met for dep_context=requeueable deps ti=<TaskInstance: a_primeira_DAG_v2.hello scheduled__2023-06-03T00:00:00+00:00 [queued]>
[2024-05-01T18:35:07.533-0300] {taskinstance.py:2303} INFO - Starting attempt 1 of 1
[2024-05-01T18:35:07.569-0300] {taskinstance.py:2327} INFO - Executing <Task(BashOperator): hello> on 2023-06-03 00:00:00+00:00
[2024-05-01T18:35:07.572-0300] {standard_task_runner.py:63} INFO - Started process 3419 to run task
[2024-05-01T18:35:07.574-0300] {standard_task_runner.py:90} INFO - Running: ['airflow', 'tasks', 'run', 'a_primeira_DAG_v2', 'hello', 'scheduled__2023-06-03T00:00:00+00:00', '--job-id', '19', '--raw', '--subdir', 'DAGS_FOLDER/primeira_dag_v2.py', '--cfg-path', '/tmp/tmpxrjnpqzp']
[2024-05-01T18:35:07.575-0300] {standard_task_runner.py:91} INFO - Job 19: Subtask hello
[2024-05-01T18:35:07.654-0300] {task_command.py:426} INFO - Running <TaskInstance: a_primeira_DAG_v2.hello scheduled__2023-06-03T00:00:00+00:00 [running]> on host PC-Tilto.
[2024-05-01T18:35:07.782-0300] {taskinstance.py:2644} INFO - Exporting env vars: AIRFLOW_CTX_DAG_OWNER='airflow' AIRFLOW_CTX_DAG_ID='a_primeira_DAG_v2' AIRFLOW_CTX_TASK_ID='hello' AIRFLOW_CTX_EXECUTION_DATE='2023-06-03T00:00:00+00:00' AIRFLOW_CTX_TRY_NUMBER='1' AIRFLOW_CTX_DAG_RUN_ID='scheduled__2023-06-03T00:00:00+00:00'
[2024-05-01T18:35:07.783-0300] {taskinstance.py:430} INFO - ::endgroup::
[2024-05-01T18:35:07.784-0300] {subprocess.py:63} INFO - Tmp dir root location: /tmp
[2024-05-01T18:35:07.785-0300] {subprocess.py:75} INFO - Running command: ['/usr/bin/bash', '-c', 'echo hello world']
[2024-05-01T18:35:07.789-0300] {subprocess.py:86} INFO - Output:
[2024-05-01T18:35:07.790-0300] {subprocess.py:93} INFO - hello world
[2024-05-01T18:35:07.790-0300] {subprocess.py:97} INFO - Command exited with return code 0
[2024-05-01T18:35:07.791-0300] {taskinstance.py:441} INFO - ::group::Post task execution logs
[2024-05-01T18:35:07.838-0300] {taskinstance.py:1205} INFO - Marking task as SUCCESS. dag_id=a_primeira_DAG_v2, task_id=hello, execution_date=20230603T000000, start_date=20240501T213507, end_date=20240501T213507
[2024-05-01T18:35:07.907-0300] {local_task_job_runner.py:240} INFO - Task exited with return code 0
[2024-05-01T18:35:07.929-0300] {taskinstance.py:3482} INFO - 0 downstream tasks scheduled from follow-on schedule check
[2024-05-01T18:35:07.931-0300] {local_task_job_runner.py:222} INFO - ::endgroup::
