[2024-05-03T21:30:41.051-0300] {local_task_job_runner.py:120} INFO - ::group::Pre task execution logs
[2024-05-03T21:30:41.076-0300] {taskinstance.py:2073} INFO - Dependencies all met for dep_context=non-requeueable deps ti=<TaskInstance: a_primeira_DAG_v1.hello scheduled__2024-04-30T00:00:00+00:00 [queued]>
[2024-05-03T21:30:41.095-0300] {taskinstance.py:2073} INFO - Dependencies all met for dep_context=requeueable deps ti=<TaskInstance: a_primeira_DAG_v1.hello scheduled__2024-04-30T00:00:00+00:00 [queued]>
[2024-05-03T21:30:41.095-0300] {taskinstance.py:2303} INFO - Starting attempt 1 of 1
[2024-05-03T21:30:41.134-0300] {taskinstance.py:2327} INFO - Executing <Task(BashOperator): hello> on 2024-04-30 00:00:00+00:00
[2024-05-03T21:30:41.137-0300] {standard_task_runner.py:63} INFO - Started process 2815 to run task
[2024-05-03T21:30:41.139-0300] {standard_task_runner.py:90} INFO - Running: ['airflow', 'tasks', 'run', 'a_primeira_DAG_v1', 'hello', 'scheduled__2024-04-30T00:00:00+00:00', '--job-id', '1063', '--raw', '--subdir', 'DAGS_FOLDER/primeira_dagv1.py', '--cfg-path', '/tmp/tmpol6yjq9s']
[2024-05-03T21:30:41.140-0300] {standard_task_runner.py:91} INFO - Job 1063: Subtask hello
[2024-05-03T21:30:41.218-0300] {task_command.py:426} INFO - Running <TaskInstance: a_primeira_DAG_v1.hello scheduled__2024-04-30T00:00:00+00:00 [running]> on host PC-Tilto.
[2024-05-03T21:30:41.423-0300] {taskinstance.py:2644} INFO - Exporting env vars: AIRFLOW_CTX_DAG_OWNER='airflow' AIRFLOW_CTX_DAG_ID='a_primeira_DAG_v1' AIRFLOW_CTX_TASK_ID='hello' AIRFLOW_CTX_EXECUTION_DATE='2024-04-30T00:00:00+00:00' AIRFLOW_CTX_TRY_NUMBER='1' AIRFLOW_CTX_DAG_RUN_ID='scheduled__2024-04-30T00:00:00+00:00'
[2024-05-03T21:30:41.424-0300] {taskinstance.py:430} INFO - ::endgroup::
[2024-05-03T21:30:41.437-0300] {subprocess.py:63} INFO - Tmp dir root location: /tmp
[2024-05-03T21:30:41.438-0300] {subprocess.py:75} INFO - Running command: ['/usr/bin/bash', '-c', 'echo hello world']
[2024-05-03T21:30:41.442-0300] {subprocess.py:86} INFO - Output:
[2024-05-03T21:30:41.443-0300] {subprocess.py:93} INFO - hello world
[2024-05-03T21:30:41.443-0300] {subprocess.py:97} INFO - Command exited with return code 0
[2024-05-03T21:30:41.444-0300] {taskinstance.py:441} INFO - ::group::Post task execution logs
[2024-05-03T21:30:41.489-0300] {taskinstance.py:1205} INFO - Marking task as SUCCESS. dag_id=a_primeira_DAG_v1, task_id=hello, execution_date=20240430T000000, start_date=20240504T003041, end_date=20240504T003041
[2024-05-03T21:30:41.552-0300] {local_task_job_runner.py:240} INFO - Task exited with return code 0
[2024-05-03T21:30:41.572-0300] {taskinstance.py:3482} INFO - 0 downstream tasks scheduled from follow-on schedule check
[2024-05-03T21:30:41.574-0300] {local_task_job_runner.py:222} INFO - ::endgroup::
