[2024-05-02T19:30:24.845-0300] {local_task_job_runner.py:120} INFO - ::group::Pre task execution logs
[2024-05-02T19:30:24.868-0300] {taskinstance.py:2073} INFO - Dependencies all met for dep_context=non-requeueable deps ti=<TaskInstance: a_primeira_DAG_v2.hello scheduled__2023-09-24T00:00:00+00:00 [queued]>
[2024-05-02T19:30:24.882-0300] {taskinstance.py:2073} INFO - Dependencies all met for dep_context=requeueable deps ti=<TaskInstance: a_primeira_DAG_v2.hello scheduled__2023-09-24T00:00:00+00:00 [queued]>
[2024-05-02T19:30:24.882-0300] {taskinstance.py:2303} INFO - Starting attempt 1 of 1
[2024-05-02T19:30:24.916-0300] {taskinstance.py:2327} INFO - Executing <Task(BashOperator): hello> on 2023-09-24 00:00:00+00:00
[2024-05-02T19:30:24.919-0300] {standard_task_runner.py:63} INFO - Started process 5533 to run task
[2024-05-02T19:30:24.921-0300] {standard_task_runner.py:90} INFO - Running: ['airflow', 'tasks', 'run', 'a_primeira_DAG_v2', 'hello', 'scheduled__2023-09-24T00:00:00+00:00', '--job-id', '376', '--raw', '--subdir', 'DAGS_FOLDER/primeira_dag_v2.py', '--cfg-path', '/tmp/tmp3biwiwl_']
[2024-05-02T19:30:24.922-0300] {standard_task_runner.py:91} INFO - Job 376: Subtask hello
[2024-05-02T19:30:25.011-0300] {task_command.py:426} INFO - Running <TaskInstance: a_primeira_DAG_v2.hello scheduled__2023-09-24T00:00:00+00:00 [running]> on host PC-Tilto.
[2024-05-02T19:30:25.211-0300] {taskinstance.py:2644} INFO - Exporting env vars: AIRFLOW_CTX_DAG_OWNER='airflow' AIRFLOW_CTX_DAG_ID='a_primeira_DAG_v2' AIRFLOW_CTX_TASK_ID='hello' AIRFLOW_CTX_EXECUTION_DATE='2023-09-24T00:00:00+00:00' AIRFLOW_CTX_TRY_NUMBER='1' AIRFLOW_CTX_DAG_RUN_ID='scheduled__2023-09-24T00:00:00+00:00'
[2024-05-02T19:30:25.212-0300] {taskinstance.py:430} INFO - ::endgroup::
[2024-05-02T19:30:25.213-0300] {subprocess.py:63} INFO - Tmp dir root location: /tmp
[2024-05-02T19:30:25.214-0300] {subprocess.py:75} INFO - Running command: ['/usr/bin/bash', '-c', 'echo hello world']
[2024-05-02T19:30:25.219-0300] {subprocess.py:86} INFO - Output:
[2024-05-02T19:30:25.221-0300] {subprocess.py:93} INFO - hello world
[2024-05-02T19:30:25.221-0300] {subprocess.py:97} INFO - Command exited with return code 0
[2024-05-02T19:30:25.222-0300] {taskinstance.py:441} INFO - ::group::Post task execution logs
[2024-05-02T19:30:25.277-0300] {taskinstance.py:1205} INFO - Marking task as SUCCESS. dag_id=a_primeira_DAG_v2, task_id=hello, execution_date=20230924T000000, start_date=20240502T223024, end_date=20240502T223025
[2024-05-02T19:30:25.336-0300] {local_task_job_runner.py:240} INFO - Task exited with return code 0
[2024-05-02T19:30:25.361-0300] {taskinstance.py:3482} INFO - 0 downstream tasks scheduled from follow-on schedule check
[2024-05-02T19:30:25.363-0300] {local_task_job_runner.py:222} INFO - ::endgroup::
