[2024-05-03T22:07:17.845-0300] {processor.py:161} INFO - Started process (PID=8824) to work on /mnt/c/Users/Tilto/Desktop/Work/Airflow/dags/dag_exemplov1.py
[2024-05-03T22:07:17.846-0300] {processor.py:830} INFO - Processing file /mnt/c/Users/Tilto/Desktop/Work/Airflow/dags/dag_exemplov1.py for tasks to queue
[2024-05-03T22:07:17.849-0300] {logging_mixin.py:188} INFO - [2024-05-03T22:07:17.848-0300] {dagbag.py:540} INFO - Filling up the DagBag from /mnt/c/Users/Tilto/Desktop/Work/Airflow/dags/dag_exemplov1.py
[2024-05-03T22:07:17.869-0300] {processor.py:840} INFO - DAG(s) 'dag_exemplo' retrieved from /mnt/c/Users/Tilto/Desktop/Work/Airflow/dags/dag_exemplov1.py
[2024-05-03T22:07:17.884-0300] {logging_mixin.py:188} INFO - [2024-05-03T22:07:17.883-0300] {dag.py:3096} INFO - Sync 1 DAGs
[2024-05-03T22:07:17.905-0300] {logging_mixin.py:188} INFO - [2024-05-03T22:07:17.905-0300] {dag.py:3954} INFO - Setting next_dagrun for dag_exemplo to None, run_after=None
[2024-05-03T22:07:17.975-0300] {processor.py:183} INFO - Processing /mnt/c/Users/Tilto/Desktop/Work/Airflow/dags/dag_exemplov1.py took 0.138 seconds
[2024-05-03T22:07:48.771-0300] {processor.py:161} INFO - Started process (PID=8967) to work on /mnt/c/Users/Tilto/Desktop/Work/Airflow/dags/dag_exemplov1.py
[2024-05-03T22:07:48.772-0300] {processor.py:830} INFO - Processing file /mnt/c/Users/Tilto/Desktop/Work/Airflow/dags/dag_exemplov1.py for tasks to queue
[2024-05-03T22:07:48.773-0300] {logging_mixin.py:188} INFO - [2024-05-03T22:07:48.773-0300] {dagbag.py:540} INFO - Filling up the DagBag from /mnt/c/Users/Tilto/Desktop/Work/Airflow/dags/dag_exemplov1.py
[2024-05-03T22:07:48.793-0300] {processor.py:840} INFO - DAG(s) 'dag_exemplo' retrieved from /mnt/c/Users/Tilto/Desktop/Work/Airflow/dags/dag_exemplov1.py
[2024-05-03T22:07:48.898-0300] {logging_mixin.py:188} INFO - [2024-05-03T22:07:48.898-0300] {dag.py:3096} INFO - Sync 1 DAGs
[2024-05-03T22:07:48.909-0300] {logging_mixin.py:188} INFO - [2024-05-03T22:07:48.909-0300] {dag.py:3954} INFO - Setting next_dagrun for dag_exemplo to None, run_after=None
[2024-05-03T22:07:49.082-0300] {processor.py:183} INFO - Processing /mnt/c/Users/Tilto/Desktop/Work/Airflow/dags/dag_exemplov1.py took 0.315 seconds
[2024-05-03T22:08:19.461-0300] {processor.py:161} INFO - Started process (PID=9095) to work on /mnt/c/Users/Tilto/Desktop/Work/Airflow/dags/dag_exemplov1.py
[2024-05-03T22:08:19.462-0300] {processor.py:830} INFO - Processing file /mnt/c/Users/Tilto/Desktop/Work/Airflow/dags/dag_exemplov1.py for tasks to queue
[2024-05-03T22:08:19.464-0300] {logging_mixin.py:188} INFO - [2024-05-03T22:08:19.464-0300] {dagbag.py:540} INFO - Filling up the DagBag from /mnt/c/Users/Tilto/Desktop/Work/Airflow/dags/dag_exemplov1.py
[2024-05-03T22:08:19.485-0300] {processor.py:840} INFO - DAG(s) 'dag_exemplo' retrieved from /mnt/c/Users/Tilto/Desktop/Work/Airflow/dags/dag_exemplov1.py
[2024-05-03T22:08:19.514-0300] {logging_mixin.py:188} INFO - [2024-05-03T22:08:19.514-0300] {dag.py:3096} INFO - Sync 1 DAGs
[2024-05-03T22:08:19.528-0300] {logging_mixin.py:188} INFO - [2024-05-03T22:08:19.527-0300] {dag.py:3954} INFO - Setting next_dagrun for dag_exemplo to None, run_after=None
[2024-05-03T22:08:19.589-0300] {processor.py:183} INFO - Processing /mnt/c/Users/Tilto/Desktop/Work/Airflow/dags/dag_exemplov1.py took 0.132 seconds
[2024-05-03T22:08:50.118-0300] {processor.py:161} INFO - Started process (PID=9222) to work on /mnt/c/Users/Tilto/Desktop/Work/Airflow/dags/dag_exemplov1.py
[2024-05-03T22:08:50.119-0300] {processor.py:830} INFO - Processing file /mnt/c/Users/Tilto/Desktop/Work/Airflow/dags/dag_exemplov1.py for tasks to queue
[2024-05-03T22:08:50.121-0300] {logging_mixin.py:188} INFO - [2024-05-03T22:08:50.120-0300] {dagbag.py:540} INFO - Filling up the DagBag from /mnt/c/Users/Tilto/Desktop/Work/Airflow/dags/dag_exemplov1.py
[2024-05-03T22:08:50.139-0300] {processor.py:840} INFO - DAG(s) 'dag_exemplo' retrieved from /mnt/c/Users/Tilto/Desktop/Work/Airflow/dags/dag_exemplov1.py
[2024-05-03T22:08:50.153-0300] {logging_mixin.py:188} INFO - [2024-05-03T22:08:50.153-0300] {dag.py:3096} INFO - Sync 1 DAGs
[2024-05-03T22:08:50.168-0300] {logging_mixin.py:188} INFO - [2024-05-03T22:08:50.168-0300] {dag.py:3954} INFO - Setting next_dagrun for dag_exemplo to None, run_after=None
[2024-05-03T22:08:50.226-0300] {processor.py:183} INFO - Processing /mnt/c/Users/Tilto/Desktop/Work/Airflow/dags/dag_exemplov1.py took 0.113 seconds
[2024-05-03T22:09:20.786-0300] {processor.py:161} INFO - Started process (PID=9349) to work on /mnt/c/Users/Tilto/Desktop/Work/Airflow/dags/dag_exemplov1.py
[2024-05-03T22:09:20.786-0300] {processor.py:830} INFO - Processing file /mnt/c/Users/Tilto/Desktop/Work/Airflow/dags/dag_exemplov1.py for tasks to queue
[2024-05-03T22:09:20.788-0300] {logging_mixin.py:188} INFO - [2024-05-03T22:09:20.787-0300] {dagbag.py:540} INFO - Filling up the DagBag from /mnt/c/Users/Tilto/Desktop/Work/Airflow/dags/dag_exemplov1.py
[2024-05-03T22:09:20.803-0300] {processor.py:840} INFO - DAG(s) 'dag_exemplo' retrieved from /mnt/c/Users/Tilto/Desktop/Work/Airflow/dags/dag_exemplov1.py
[2024-05-03T22:09:20.908-0300] {logging_mixin.py:188} INFO - [2024-05-03T22:09:20.907-0300] {dag.py:3096} INFO - Sync 1 DAGs
[2024-05-03T22:09:20.919-0300] {logging_mixin.py:188} INFO - [2024-05-03T22:09:20.919-0300] {dag.py:3954} INFO - Setting next_dagrun for dag_exemplo to None, run_after=None
[2024-05-03T22:09:20.988-0300] {processor.py:183} INFO - Processing /mnt/c/Users/Tilto/Desktop/Work/Airflow/dags/dag_exemplov1.py took 0.207 seconds
[2024-05-03T22:09:31.154-0300] {processor.py:161} INFO - Started process (PID=9395) to work on /mnt/c/Users/Tilto/Desktop/Work/Airflow/dags/dag_exemplov1.py
[2024-05-03T22:09:31.155-0300] {processor.py:830} INFO - Processing file /mnt/c/Users/Tilto/Desktop/Work/Airflow/dags/dag_exemplov1.py for tasks to queue
[2024-05-03T22:09:31.157-0300] {logging_mixin.py:188} INFO - [2024-05-03T22:09:31.156-0300] {dagbag.py:540} INFO - Filling up the DagBag from /mnt/c/Users/Tilto/Desktop/Work/Airflow/dags/dag_exemplov1.py
[2024-05-03T22:09:31.185-0300] {processor.py:840} INFO - DAG(s) 'dag_exemplo' retrieved from /mnt/c/Users/Tilto/Desktop/Work/Airflow/dags/dag_exemplov1.py
[2024-05-03T22:09:31.198-0300] {logging_mixin.py:188} INFO - [2024-05-03T22:09:31.197-0300] {dag.py:3096} INFO - Sync 1 DAGs
[2024-05-03T22:09:31.210-0300] {logging_mixin.py:188} INFO - [2024-05-03T22:09:31.210-0300] {dag.py:3954} INFO - Setting next_dagrun for dag_exemplo to None, run_after=None
[2024-05-03T22:09:31.281-0300] {processor.py:183} INFO - Processing /mnt/c/Users/Tilto/Desktop/Work/Airflow/dags/dag_exemplov1.py took 0.134 seconds
[2024-05-03T22:10:03.192-0300] {processor.py:161} INFO - Started process (PID=9546) to work on /mnt/c/Users/Tilto/Desktop/Work/Airflow/dags/dag_exemplov1.py
[2024-05-03T22:10:03.193-0300] {processor.py:830} INFO - Processing file /mnt/c/Users/Tilto/Desktop/Work/Airflow/dags/dag_exemplov1.py for tasks to queue
[2024-05-03T22:10:03.195-0300] {logging_mixin.py:188} INFO - [2024-05-03T22:10:03.194-0300] {dagbag.py:540} INFO - Filling up the DagBag from /mnt/c/Users/Tilto/Desktop/Work/Airflow/dags/dag_exemplov1.py
[2024-05-03T22:10:03.212-0300] {logging_mixin.py:188} INFO - [2024-05-03T22:10:03.209-0300] {dagbag.py:350} ERROR - Failed to import: /mnt/c/Users/Tilto/Desktop/Work/Airflow/dags/dag_exemplov1.py
Traceback (most recent call last):
  File "/usr/local/lib/python3.10/dist-packages/airflow/models/dagbag.py", line 346, in parse
    loader.exec_module(new_module)
  File "<frozen importlib._bootstrap_external>", line 883, in exec_module
  File "<frozen importlib._bootstrap>", line 241, in _call_with_frames_removed
  File "/mnt/c/Users/Tilto/Desktop/Work/Airflow/dags/dag_exemplov1.py", line 30, in <module>
    start_date=datetime.datetime(2020, 1, 1),
AttributeError: type object 'datetime.datetime' has no attribute 'datetime'
[2024-05-03T22:10:03.214-0300] {processor.py:842} WARNING - No viable dags retrieved from /mnt/c/Users/Tilto/Desktop/Work/Airflow/dags/dag_exemplov1.py
[2024-05-03T22:10:03.247-0300] {processor.py:183} INFO - Processing /mnt/c/Users/Tilto/Desktop/Work/Airflow/dags/dag_exemplov1.py took 0.060 seconds
[2024-05-03T22:10:34.014-0300] {processor.py:161} INFO - Started process (PID=9685) to work on /mnt/c/Users/Tilto/Desktop/Work/Airflow/dags/dag_exemplov1.py
[2024-05-03T22:10:34.015-0300] {processor.py:830} INFO - Processing file /mnt/c/Users/Tilto/Desktop/Work/Airflow/dags/dag_exemplov1.py for tasks to queue
[2024-05-03T22:10:34.017-0300] {logging_mixin.py:188} INFO - [2024-05-03T22:10:34.017-0300] {dagbag.py:540} INFO - Filling up the DagBag from /mnt/c/Users/Tilto/Desktop/Work/Airflow/dags/dag_exemplov1.py
[2024-05-03T22:10:34.052-0300] {processor.py:840} INFO - DAG(s) 'dag_exemplo' retrieved from /mnt/c/Users/Tilto/Desktop/Work/Airflow/dags/dag_exemplov1.py
[2024-05-03T22:10:34.175-0300] {logging_mixin.py:188} INFO - [2024-05-03T22:10:34.175-0300] {dag.py:3096} INFO - Sync 1 DAGs
[2024-05-03T22:10:34.188-0300] {logging_mixin.py:188} INFO - [2024-05-03T22:10:34.187-0300] {dag.py:3954} INFO - Setting next_dagrun for dag_exemplo to None, run_after=None
[2024-05-03T22:10:34.355-0300] {processor.py:183} INFO - Processing /mnt/c/Users/Tilto/Desktop/Work/Airflow/dags/dag_exemplov1.py took 0.345 seconds
[2024-05-03T22:10:56.576-0300] {processor.py:161} INFO - Started process (PID=9805) to work on /mnt/c/Users/Tilto/Desktop/Work/Airflow/dags/dag_exemplov1.py
[2024-05-03T22:10:56.577-0300] {processor.py:830} INFO - Processing file /mnt/c/Users/Tilto/Desktop/Work/Airflow/dags/dag_exemplov1.py for tasks to queue
[2024-05-03T22:10:56.579-0300] {logging_mixin.py:188} INFO - [2024-05-03T22:10:56.578-0300] {dagbag.py:540} INFO - Filling up the DagBag from /mnt/c/Users/Tilto/Desktop/Work/Airflow/dags/dag_exemplov1.py
[2024-05-03T22:10:56.599-0300] {processor.py:840} INFO - DAG(s) 'dag_exemplo' retrieved from /mnt/c/Users/Tilto/Desktop/Work/Airflow/dags/dag_exemplov1.py
[2024-05-03T22:10:56.612-0300] {logging_mixin.py:188} INFO - [2024-05-03T22:10:56.612-0300] {dag.py:3096} INFO - Sync 1 DAGs
[2024-05-03T22:10:56.629-0300] {logging_mixin.py:188} INFO - [2024-05-03T22:10:56.629-0300] {dag.py:3954} INFO - Setting next_dagrun for dag_exemplo to None, run_after=None
[2024-05-03T22:10:56.687-0300] {processor.py:183} INFO - Processing /mnt/c/Users/Tilto/Desktop/Work/Airflow/dags/dag_exemplov1.py took 0.115 seconds
[2024-05-03T22:11:27.317-0300] {processor.py:161} INFO - Started process (PID=9943) to work on /mnt/c/Users/Tilto/Desktop/Work/Airflow/dags/dag_exemplov1.py
[2024-05-03T22:11:27.318-0300] {processor.py:830} INFO - Processing file /mnt/c/Users/Tilto/Desktop/Work/Airflow/dags/dag_exemplov1.py for tasks to queue
[2024-05-03T22:11:27.319-0300] {logging_mixin.py:188} INFO - [2024-05-03T22:11:27.319-0300] {dagbag.py:540} INFO - Filling up the DagBag from /mnt/c/Users/Tilto/Desktop/Work/Airflow/dags/dag_exemplov1.py
[2024-05-03T22:11:27.335-0300] {processor.py:840} INFO - DAG(s) 'dag_exemplo' retrieved from /mnt/c/Users/Tilto/Desktop/Work/Airflow/dags/dag_exemplov1.py
[2024-05-03T22:11:27.431-0300] {logging_mixin.py:188} INFO - [2024-05-03T22:11:27.431-0300] {dag.py:3096} INFO - Sync 1 DAGs
[2024-05-03T22:11:27.442-0300] {logging_mixin.py:188} INFO - [2024-05-03T22:11:27.442-0300] {dag.py:3954} INFO - Setting next_dagrun for dag_exemplo to None, run_after=None
[2024-05-03T22:11:27.501-0300] {processor.py:183} INFO - Processing /mnt/c/Users/Tilto/Desktop/Work/Airflow/dags/dag_exemplov1.py took 0.188 seconds
[2024-05-03T22:11:56.775-0300] {processor.py:161} INFO - Started process (PID=10065) to work on /mnt/c/Users/Tilto/Desktop/Work/Airflow/dags/dag_exemplov1.py
[2024-05-03T22:11:56.776-0300] {processor.py:830} INFO - Processing file /mnt/c/Users/Tilto/Desktop/Work/Airflow/dags/dag_exemplov1.py for tasks to queue
[2024-05-03T22:11:56.777-0300] {logging_mixin.py:188} INFO - [2024-05-03T22:11:56.777-0300] {dagbag.py:540} INFO - Filling up the DagBag from /mnt/c/Users/Tilto/Desktop/Work/Airflow/dags/dag_exemplov1.py
[2024-05-03T22:11:56.792-0300] {logging_mixin.py:188} INFO - [2024-05-03T22:11:56.791-0300] {dagbag.py:350} ERROR - Failed to import: /mnt/c/Users/Tilto/Desktop/Work/Airflow/dags/dag_exemplov1.py
Traceback (most recent call last):
  File "/usr/local/lib/python3.10/dist-packages/airflow/models/dagbag.py", line 346, in parse
    loader.exec_module(new_module)
  File "<frozen importlib._bootstrap_external>", line 879, in exec_module
  File "<frozen importlib._bootstrap_external>", line 1017, in get_code
  File "<frozen importlib._bootstrap_external>", line 947, in source_to_code
  File "<frozen importlib._bootstrap>", line 241, in _call_with_frames_removed
  File "/mnt/c/Users/Tilto/Desktop/Work/Airflow/dags/dag_exemplov1.py", line 7
    AIRFLOW_HOME = "C:\Users\Tilto\Desktop\Work\Airflow\"
                   ^
SyntaxError: unterminated string literal (detected at line 7)
[2024-05-03T22:11:56.792-0300] {processor.py:842} WARNING - No viable dags retrieved from /mnt/c/Users/Tilto/Desktop/Work/Airflow/dags/dag_exemplov1.py
[2024-05-03T22:11:56.827-0300] {processor.py:183} INFO - Processing /mnt/c/Users/Tilto/Desktop/Work/Airflow/dags/dag_exemplov1.py took 0.056 seconds
[2024-05-03T22:13:04.608-0300] {processor.py:161} INFO - Started process (PID=10354) to work on /mnt/c/Users/Tilto/Desktop/Work/Airflow/dags/dag_exemplov1.py
[2024-05-03T22:13:04.609-0300] {processor.py:830} INFO - Processing file /mnt/c/Users/Tilto/Desktop/Work/Airflow/dags/dag_exemplov1.py for tasks to queue
[2024-05-03T22:13:04.610-0300] {logging_mixin.py:188} INFO - [2024-05-03T22:13:04.610-0300] {dagbag.py:540} INFO - Filling up the DagBag from /mnt/c/Users/Tilto/Desktop/Work/Airflow/dags/dag_exemplov1.py
[2024-05-03T22:13:04.625-0300] {logging_mixin.py:188} INFO - [2024-05-03T22:13:04.624-0300] {dagbag.py:350} ERROR - Failed to import: /mnt/c/Users/Tilto/Desktop/Work/Airflow/dags/dag_exemplov1.py
Traceback (most recent call last):
  File "/usr/local/lib/python3.10/dist-packages/airflow/models/dagbag.py", line 346, in parse
    loader.exec_module(new_module)
  File "<frozen importlib._bootstrap_external>", line 879, in exec_module
  File "<frozen importlib._bootstrap_external>", line 1017, in get_code
  File "<frozen importlib._bootstrap_external>", line 947, in source_to_code
  File "<frozen importlib._bootstrap>", line 241, in _call_with_frames_removed
  File "/mnt/c/Users/Tilto/Desktop/Work/Airflow/dags/dag_exemplov1.py", line 7
    AIRFLOW_HOME = "C:\Users\Tilto\Desktop\Work\Airflow\"
                   ^
SyntaxError: unterminated string literal (detected at line 7)
[2024-05-03T22:13:04.625-0300] {processor.py:842} WARNING - No viable dags retrieved from /mnt/c/Users/Tilto/Desktop/Work/Airflow/dags/dag_exemplov1.py
[2024-05-03T22:13:04.658-0300] {processor.py:183} INFO - Processing /mnt/c/Users/Tilto/Desktop/Work/Airflow/dags/dag_exemplov1.py took 0.053 seconds
[2024-05-03T22:13:35.280-0300] {processor.py:161} INFO - Started process (PID=10491) to work on /mnt/c/Users/Tilto/Desktop/Work/Airflow/dags/dag_exemplov1.py
[2024-05-03T22:13:35.281-0300] {processor.py:830} INFO - Processing file /mnt/c/Users/Tilto/Desktop/Work/Airflow/dags/dag_exemplov1.py for tasks to queue
[2024-05-03T22:13:35.282-0300] {logging_mixin.py:188} INFO - [2024-05-03T22:13:35.282-0300] {dagbag.py:540} INFO - Filling up the DagBag from /mnt/c/Users/Tilto/Desktop/Work/Airflow/dags/dag_exemplov1.py
[2024-05-03T22:13:35.297-0300] {logging_mixin.py:188} INFO - [2024-05-03T22:13:35.296-0300] {dagbag.py:350} ERROR - Failed to import: /mnt/c/Users/Tilto/Desktop/Work/Airflow/dags/dag_exemplov1.py
Traceback (most recent call last):
  File "/usr/local/lib/python3.10/dist-packages/airflow/models/dagbag.py", line 346, in parse
    loader.exec_module(new_module)
  File "<frozen importlib._bootstrap_external>", line 879, in exec_module
  File "<frozen importlib._bootstrap_external>", line 1017, in get_code
  File "<frozen importlib._bootstrap_external>", line 947, in source_to_code
  File "<frozen importlib._bootstrap>", line 241, in _call_with_frames_removed
  File "/mnt/c/Users/Tilto/Desktop/Work/Airflow/dags/dag_exemplov1.py", line 7
    AIRFLOW_HOME = "C:\Users\Tilto\Desktop\Work\Airflow\"
                   ^
SyntaxError: unterminated string literal (detected at line 7)
[2024-05-03T22:13:35.297-0300] {processor.py:842} WARNING - No viable dags retrieved from /mnt/c/Users/Tilto/Desktop/Work/Airflow/dags/dag_exemplov1.py
[2024-05-03T22:13:35.328-0300] {processor.py:183} INFO - Processing /mnt/c/Users/Tilto/Desktop/Work/Airflow/dags/dag_exemplov1.py took 0.052 seconds
[2024-05-03T22:14:06.284-0300] {processor.py:161} INFO - Started process (PID=10619) to work on /mnt/c/Users/Tilto/Desktop/Work/Airflow/dags/dag_exemplov1.py
[2024-05-03T22:14:06.285-0300] {processor.py:830} INFO - Processing file /mnt/c/Users/Tilto/Desktop/Work/Airflow/dags/dag_exemplov1.py for tasks to queue
[2024-05-03T22:14:06.287-0300] {logging_mixin.py:188} INFO - [2024-05-03T22:14:06.286-0300] {dagbag.py:540} INFO - Filling up the DagBag from /mnt/c/Users/Tilto/Desktop/Work/Airflow/dags/dag_exemplov1.py
[2024-05-03T22:14:06.302-0300] {logging_mixin.py:188} INFO - [2024-05-03T22:14:06.301-0300] {dagbag.py:350} ERROR - Failed to import: /mnt/c/Users/Tilto/Desktop/Work/Airflow/dags/dag_exemplov1.py
Traceback (most recent call last):
  File "/usr/local/lib/python3.10/dist-packages/airflow/models/dagbag.py", line 346, in parse
    loader.exec_module(new_module)
  File "<frozen importlib._bootstrap_external>", line 879, in exec_module
  File "<frozen importlib._bootstrap_external>", line 1017, in get_code
  File "<frozen importlib._bootstrap_external>", line 947, in source_to_code
  File "<frozen importlib._bootstrap>", line 241, in _call_with_frames_removed
  File "/mnt/c/Users/Tilto/Desktop/Work/Airflow/dags/dag_exemplov1.py", line 7
    AIRFLOW_HOME = "C:\Users\Tilto\Desktop\Work\Airflow\"
                   ^
SyntaxError: unterminated string literal (detected at line 7)
[2024-05-03T22:14:06.302-0300] {processor.py:842} WARNING - No viable dags retrieved from /mnt/c/Users/Tilto/Desktop/Work/Airflow/dags/dag_exemplov1.py
[2024-05-03T22:14:06.389-0300] {processor.py:183} INFO - Processing /mnt/c/Users/Tilto/Desktop/Work/Airflow/dags/dag_exemplov1.py took 0.110 seconds
