[2024-05-07T23:42:16.758-0300] {processor.py:161} INFO - Started process (PID=2852) to work on /mnt/c/Users/Tilto/Desktop/Work/Airflow/dags/dag_exemplo.py
[2024-05-07T23:42:16.759-0300] {processor.py:830} INFO - Processing file /mnt/c/Users/Tilto/Desktop/Work/Airflow/dags/dag_exemplo.py for tasks to queue
[2024-05-07T23:42:16.760-0300] {logging_mixin.py:188} INFO - [2024-05-07T23:42:16.760-0300] {dagbag.py:540} INFO - Filling up the DagBag from /mnt/c/Users/Tilto/Desktop/Work/Airflow/dags/dag_exemplo.py
[2024-05-07T23:42:16.782-0300] {processor.py:840} INFO - DAG(s) 'dag_exemplo' retrieved from /mnt/c/Users/Tilto/Desktop/Work/Airflow/dags/dag_exemplo.py
[2024-05-07T23:42:16.795-0300] {logging_mixin.py:188} INFO - [2024-05-07T23:42:16.795-0300] {dag.py:3096} INFO - Sync 1 DAGs
[2024-05-07T23:42:16.809-0300] {logging_mixin.py:188} INFO - [2024-05-07T23:42:16.808-0300] {dag.py:3954} INFO - Setting next_dagrun for dag_exemplo to None, run_after=None
[2024-05-07T23:42:16.874-0300] {processor.py:183} INFO - Processing /mnt/c/Users/Tilto/Desktop/Work/Airflow/dags/dag_exemplo.py took 0.121 seconds
[2024-05-07T23:42:47.041-0300] {processor.py:161} INFO - Started process (PID=3083) to work on /mnt/c/Users/Tilto/Desktop/Work/Airflow/dags/dag_exemplo.py
[2024-05-07T23:42:47.042-0300] {processor.py:830} INFO - Processing file /mnt/c/Users/Tilto/Desktop/Work/Airflow/dags/dag_exemplo.py for tasks to queue
[2024-05-07T23:42:47.044-0300] {logging_mixin.py:188} INFO - [2024-05-07T23:42:47.043-0300] {dagbag.py:540} INFO - Filling up the DagBag from /mnt/c/Users/Tilto/Desktop/Work/Airflow/dags/dag_exemplo.py
[2024-05-07T23:42:47.064-0300] {processor.py:840} INFO - DAG(s) 'dag_exemplo' retrieved from /mnt/c/Users/Tilto/Desktop/Work/Airflow/dags/dag_exemplo.py
[2024-05-07T23:42:47.184-0300] {logging_mixin.py:188} INFO - [2024-05-07T23:42:47.184-0300] {dag.py:3096} INFO - Sync 1 DAGs
[2024-05-07T23:42:47.195-0300] {logging_mixin.py:188} INFO - [2024-05-07T23:42:47.195-0300] {dag.py:3954} INFO - Setting next_dagrun for dag_exemplo to None, run_after=None
[2024-05-07T23:42:47.259-0300] {processor.py:183} INFO - Processing /mnt/c/Users/Tilto/Desktop/Work/Airflow/dags/dag_exemplo.py took 0.224 seconds
[2024-05-07T23:43:17.392-0300] {processor.py:161} INFO - Started process (PID=3235) to work on /mnt/c/Users/Tilto/Desktop/Work/Airflow/dags/dag_exemplo.py
[2024-05-07T23:43:17.393-0300] {processor.py:830} INFO - Processing file /mnt/c/Users/Tilto/Desktop/Work/Airflow/dags/dag_exemplo.py for tasks to queue
[2024-05-07T23:43:17.395-0300] {logging_mixin.py:188} INFO - [2024-05-07T23:43:17.395-0300] {dagbag.py:540} INFO - Filling up the DagBag from /mnt/c/Users/Tilto/Desktop/Work/Airflow/dags/dag_exemplo.py
[2024-05-07T23:43:17.417-0300] {processor.py:840} INFO - DAG(s) 'dag_exemplo' retrieved from /mnt/c/Users/Tilto/Desktop/Work/Airflow/dags/dag_exemplo.py
[2024-05-07T23:43:17.445-0300] {logging_mixin.py:188} INFO - [2024-05-07T23:43:17.444-0300] {dag.py:3096} INFO - Sync 1 DAGs
[2024-05-07T23:43:17.458-0300] {logging_mixin.py:188} INFO - [2024-05-07T23:43:17.457-0300] {dag.py:3954} INFO - Setting next_dagrun for dag_exemplo to None, run_after=None
[2024-05-07T23:43:17.518-0300] {processor.py:183} INFO - Processing /mnt/c/Users/Tilto/Desktop/Work/Airflow/dags/dag_exemplo.py took 0.131 seconds
[2024-05-07T23:43:47.971-0300] {processor.py:161} INFO - Started process (PID=3386) to work on /mnt/c/Users/Tilto/Desktop/Work/Airflow/dags/dag_exemplo.py
[2024-05-07T23:43:47.972-0300] {processor.py:830} INFO - Processing file /mnt/c/Users/Tilto/Desktop/Work/Airflow/dags/dag_exemplo.py for tasks to queue
[2024-05-07T23:43:47.975-0300] {logging_mixin.py:188} INFO - [2024-05-07T23:43:47.974-0300] {dagbag.py:540} INFO - Filling up the DagBag from /mnt/c/Users/Tilto/Desktop/Work/Airflow/dags/dag_exemplo.py
[2024-05-07T23:43:47.999-0300] {processor.py:840} INFO - DAG(s) 'dag_exemplo' retrieved from /mnt/c/Users/Tilto/Desktop/Work/Airflow/dags/dag_exemplo.py
[2024-05-07T23:43:48.039-0300] {logging_mixin.py:188} INFO - [2024-05-07T23:43:48.039-0300] {dag.py:3096} INFO - Sync 1 DAGs
[2024-05-07T23:43:48.059-0300] {logging_mixin.py:188} INFO - [2024-05-07T23:43:48.058-0300] {dag.py:3954} INFO - Setting next_dagrun for dag_exemplo to None, run_after=None
[2024-05-07T23:43:48.148-0300] {processor.py:183} INFO - Processing /mnt/c/Users/Tilto/Desktop/Work/Airflow/dags/dag_exemplo.py took 0.185 seconds
[2024-05-07T23:44:18.971-0300] {processor.py:161} INFO - Started process (PID=3539) to work on /mnt/c/Users/Tilto/Desktop/Work/Airflow/dags/dag_exemplo.py
[2024-05-07T23:44:18.972-0300] {processor.py:830} INFO - Processing file /mnt/c/Users/Tilto/Desktop/Work/Airflow/dags/dag_exemplo.py for tasks to queue
[2024-05-07T23:44:18.974-0300] {logging_mixin.py:188} INFO - [2024-05-07T23:44:18.974-0300] {dagbag.py:540} INFO - Filling up the DagBag from /mnt/c/Users/Tilto/Desktop/Work/Airflow/dags/dag_exemplo.py
[2024-05-07T23:44:18.999-0300] {processor.py:840} INFO - DAG(s) 'dag_exemplo' retrieved from /mnt/c/Users/Tilto/Desktop/Work/Airflow/dags/dag_exemplo.py
[2024-05-07T23:44:19.041-0300] {logging_mixin.py:188} INFO - [2024-05-07T23:44:19.041-0300] {dag.py:3096} INFO - Sync 1 DAGs
[2024-05-07T23:44:19.055-0300] {logging_mixin.py:188} INFO - [2024-05-07T23:44:19.055-0300] {dag.py:3954} INFO - Setting next_dagrun for dag_exemplo to None, run_after=None
[2024-05-07T23:44:19.127-0300] {processor.py:183} INFO - Processing /mnt/c/Users/Tilto/Desktop/Work/Airflow/dags/dag_exemplo.py took 0.161 seconds
[2024-05-07T23:44:49.632-0300] {processor.py:161} INFO - Started process (PID=3688) to work on /mnt/c/Users/Tilto/Desktop/Work/Airflow/dags/dag_exemplo.py
[2024-05-07T23:44:49.633-0300] {processor.py:830} INFO - Processing file /mnt/c/Users/Tilto/Desktop/Work/Airflow/dags/dag_exemplo.py for tasks to queue
[2024-05-07T23:44:49.634-0300] {logging_mixin.py:188} INFO - [2024-05-07T23:44:49.634-0300] {dagbag.py:540} INFO - Filling up the DagBag from /mnt/c/Users/Tilto/Desktop/Work/Airflow/dags/dag_exemplo.py
[2024-05-07T23:44:49.653-0300] {processor.py:840} INFO - DAG(s) 'dag_exemplo' retrieved from /mnt/c/Users/Tilto/Desktop/Work/Airflow/dags/dag_exemplo.py
[2024-05-07T23:44:49.678-0300] {logging_mixin.py:188} INFO - [2024-05-07T23:44:49.678-0300] {dag.py:3096} INFO - Sync 1 DAGs
[2024-05-07T23:44:49.690-0300] {logging_mixin.py:188} INFO - [2024-05-07T23:44:49.690-0300] {dag.py:3954} INFO - Setting next_dagrun for dag_exemplo to None, run_after=None
[2024-05-07T23:44:49.748-0300] {processor.py:183} INFO - Processing /mnt/c/Users/Tilto/Desktop/Work/Airflow/dags/dag_exemplo.py took 0.122 seconds
[2024-05-07T23:45:20.279-0300] {processor.py:161} INFO - Started process (PID=3848) to work on /mnt/c/Users/Tilto/Desktop/Work/Airflow/dags/dag_exemplo.py
[2024-05-07T23:45:20.280-0300] {processor.py:830} INFO - Processing file /mnt/c/Users/Tilto/Desktop/Work/Airflow/dags/dag_exemplo.py for tasks to queue
[2024-05-07T23:45:20.282-0300] {logging_mixin.py:188} INFO - [2024-05-07T23:45:20.281-0300] {dagbag.py:540} INFO - Filling up the DagBag from /mnt/c/Users/Tilto/Desktop/Work/Airflow/dags/dag_exemplo.py
[2024-05-07T23:45:20.302-0300] {processor.py:840} INFO - DAG(s) 'dag_exemplo' retrieved from /mnt/c/Users/Tilto/Desktop/Work/Airflow/dags/dag_exemplo.py
[2024-05-07T23:45:20.327-0300] {logging_mixin.py:188} INFO - [2024-05-07T23:45:20.327-0300] {dag.py:3096} INFO - Sync 1 DAGs
[2024-05-07T23:45:20.339-0300] {logging_mixin.py:188} INFO - [2024-05-07T23:45:20.339-0300] {dag.py:3954} INFO - Setting next_dagrun for dag_exemplo to None, run_after=None
[2024-05-07T23:45:20.398-0300] {processor.py:183} INFO - Processing /mnt/c/Users/Tilto/Desktop/Work/Airflow/dags/dag_exemplo.py took 0.123 seconds
[2024-05-07T23:45:51.118-0300] {processor.py:161} INFO - Started process (PID=3992) to work on /mnt/c/Users/Tilto/Desktop/Work/Airflow/dags/dag_exemplo.py
[2024-05-07T23:45:51.119-0300] {processor.py:830} INFO - Processing file /mnt/c/Users/Tilto/Desktop/Work/Airflow/dags/dag_exemplo.py for tasks to queue
[2024-05-07T23:45:51.121-0300] {logging_mixin.py:188} INFO - [2024-05-07T23:45:51.121-0300] {dagbag.py:540} INFO - Filling up the DagBag from /mnt/c/Users/Tilto/Desktop/Work/Airflow/dags/dag_exemplo.py
[2024-05-07T23:45:51.147-0300] {processor.py:840} INFO - DAG(s) 'dag_exemplo' retrieved from /mnt/c/Users/Tilto/Desktop/Work/Airflow/dags/dag_exemplo.py
[2024-05-07T23:45:51.258-0300] {logging_mixin.py:188} INFO - [2024-05-07T23:45:51.258-0300] {dag.py:3096} INFO - Sync 1 DAGs
[2024-05-07T23:45:51.275-0300] {logging_mixin.py:188} INFO - [2024-05-07T23:45:51.274-0300] {dag.py:3954} INFO - Setting next_dagrun for dag_exemplo to None, run_after=None
[2024-05-07T23:45:51.380-0300] {processor.py:183} INFO - Processing /mnt/c/Users/Tilto/Desktop/Work/Airflow/dags/dag_exemplo.py took 0.268 seconds
[2024-05-07T23:46:21.936-0300] {processor.py:161} INFO - Started process (PID=4133) to work on /mnt/c/Users/Tilto/Desktop/Work/Airflow/dags/dag_exemplo.py
[2024-05-07T23:46:21.937-0300] {processor.py:830} INFO - Processing file /mnt/c/Users/Tilto/Desktop/Work/Airflow/dags/dag_exemplo.py for tasks to queue
[2024-05-07T23:46:21.938-0300] {logging_mixin.py:188} INFO - [2024-05-07T23:46:21.938-0300] {dagbag.py:540} INFO - Filling up the DagBag from /mnt/c/Users/Tilto/Desktop/Work/Airflow/dags/dag_exemplo.py
[2024-05-07T23:46:21.958-0300] {processor.py:840} INFO - DAG(s) 'dag_exemplo' retrieved from /mnt/c/Users/Tilto/Desktop/Work/Airflow/dags/dag_exemplo.py
[2024-05-07T23:46:21.982-0300] {logging_mixin.py:188} INFO - [2024-05-07T23:46:21.982-0300] {dag.py:3096} INFO - Sync 1 DAGs
[2024-05-07T23:46:21.994-0300] {logging_mixin.py:188} INFO - [2024-05-07T23:46:21.994-0300] {dag.py:3954} INFO - Setting next_dagrun for dag_exemplo to None, run_after=None
[2024-05-07T23:46:22.050-0300] {processor.py:183} INFO - Processing /mnt/c/Users/Tilto/Desktop/Work/Airflow/dags/dag_exemplo.py took 0.118 seconds
[2024-05-07T23:46:52.684-0300] {processor.py:161} INFO - Started process (PID=4279) to work on /mnt/c/Users/Tilto/Desktop/Work/Airflow/dags/dag_exemplo.py
[2024-05-07T23:46:52.686-0300] {processor.py:830} INFO - Processing file /mnt/c/Users/Tilto/Desktop/Work/Airflow/dags/dag_exemplo.py for tasks to queue
[2024-05-07T23:46:52.688-0300] {logging_mixin.py:188} INFO - [2024-05-07T23:46:52.687-0300] {dagbag.py:540} INFO - Filling up the DagBag from /mnt/c/Users/Tilto/Desktop/Work/Airflow/dags/dag_exemplo.py
[2024-05-07T23:46:52.713-0300] {processor.py:840} INFO - DAG(s) 'dag_exemplo' retrieved from /mnt/c/Users/Tilto/Desktop/Work/Airflow/dags/dag_exemplo.py
[2024-05-07T23:46:52.743-0300] {logging_mixin.py:188} INFO - [2024-05-07T23:46:52.743-0300] {dag.py:3096} INFO - Sync 1 DAGs
[2024-05-07T23:46:52.766-0300] {logging_mixin.py:188} INFO - [2024-05-07T23:46:52.765-0300] {dag.py:3954} INFO - Setting next_dagrun for dag_exemplo to None, run_after=None
[2024-05-07T23:46:52.837-0300] {processor.py:183} INFO - Processing /mnt/c/Users/Tilto/Desktop/Work/Airflow/dags/dag_exemplo.py took 0.158 seconds
[2024-05-07T23:47:23.570-0300] {processor.py:161} INFO - Started process (PID=4434) to work on /mnt/c/Users/Tilto/Desktop/Work/Airflow/dags/dag_exemplo.py
[2024-05-07T23:47:23.571-0300] {processor.py:830} INFO - Processing file /mnt/c/Users/Tilto/Desktop/Work/Airflow/dags/dag_exemplo.py for tasks to queue
[2024-05-07T23:47:23.572-0300] {logging_mixin.py:188} INFO - [2024-05-07T23:47:23.572-0300] {dagbag.py:540} INFO - Filling up the DagBag from /mnt/c/Users/Tilto/Desktop/Work/Airflow/dags/dag_exemplo.py
[2024-05-07T23:47:23.593-0300] {processor.py:840} INFO - DAG(s) 'dag_exemplo' retrieved from /mnt/c/Users/Tilto/Desktop/Work/Airflow/dags/dag_exemplo.py
[2024-05-07T23:47:23.619-0300] {logging_mixin.py:188} INFO - [2024-05-07T23:47:23.619-0300] {dag.py:3096} INFO - Sync 1 DAGs
[2024-05-07T23:47:23.634-0300] {logging_mixin.py:188} INFO - [2024-05-07T23:47:23.633-0300] {dag.py:3954} INFO - Setting next_dagrun for dag_exemplo to None, run_after=None
[2024-05-07T23:47:23.687-0300] {processor.py:183} INFO - Processing /mnt/c/Users/Tilto/Desktop/Work/Airflow/dags/dag_exemplo.py took 0.123 seconds
[2024-05-07T23:47:54.103-0300] {processor.py:161} INFO - Started process (PID=4575) to work on /mnt/c/Users/Tilto/Desktop/Work/Airflow/dags/dag_exemplo.py
[2024-05-07T23:47:54.103-0300] {processor.py:830} INFO - Processing file /mnt/c/Users/Tilto/Desktop/Work/Airflow/dags/dag_exemplo.py for tasks to queue
[2024-05-07T23:47:54.105-0300] {logging_mixin.py:188} INFO - [2024-05-07T23:47:54.104-0300] {dagbag.py:540} INFO - Filling up the DagBag from /mnt/c/Users/Tilto/Desktop/Work/Airflow/dags/dag_exemplo.py
[2024-05-07T23:47:54.122-0300] {processor.py:840} INFO - DAG(s) 'dag_exemplo' retrieved from /mnt/c/Users/Tilto/Desktop/Work/Airflow/dags/dag_exemplo.py
[2024-05-07T23:47:54.146-0300] {logging_mixin.py:188} INFO - [2024-05-07T23:47:54.146-0300] {dag.py:3096} INFO - Sync 1 DAGs
[2024-05-07T23:47:54.158-0300] {logging_mixin.py:188} INFO - [2024-05-07T23:47:54.158-0300] {dag.py:3954} INFO - Setting next_dagrun for dag_exemplo to None, run_after=None
[2024-05-07T23:47:54.306-0300] {processor.py:183} INFO - Processing /mnt/c/Users/Tilto/Desktop/Work/Airflow/dags/dag_exemplo.py took 0.208 seconds
[2024-05-07T23:48:35.964-0300] {processor.py:161} INFO - Started process (PID=4796) to work on /mnt/c/Users/Tilto/Desktop/Work/Airflow/dags/dag_exemplo.py
[2024-05-07T23:48:35.965-0300] {processor.py:830} INFO - Processing file /mnt/c/Users/Tilto/Desktop/Work/Airflow/dags/dag_exemplo.py for tasks to queue
[2024-05-07T23:48:35.966-0300] {logging_mixin.py:188} INFO - [2024-05-07T23:48:35.966-0300] {dagbag.py:540} INFO - Filling up the DagBag from /mnt/c/Users/Tilto/Desktop/Work/Airflow/dags/dag_exemplo.py
[2024-05-07T23:48:35.988-0300] {processor.py:840} INFO - DAG(s) 'dag_exemplo' retrieved from /mnt/c/Users/Tilto/Desktop/Work/Airflow/dags/dag_exemplo.py
[2024-05-07T23:48:36.000-0300] {logging_mixin.py:188} INFO - [2024-05-07T23:48:36.000-0300] {dag.py:3096} INFO - Sync 1 DAGs
[2024-05-07T23:48:36.013-0300] {logging_mixin.py:188} INFO - [2024-05-07T23:48:36.013-0300] {dag.py:3954} INFO - Setting next_dagrun for dag_exemplo to None, run_after=None
[2024-05-07T23:48:36.071-0300] {processor.py:183} INFO - Processing /mnt/c/Users/Tilto/Desktop/Work/Airflow/dags/dag_exemplo.py took 0.112 seconds
[2024-05-07T23:49:07.496-0300] {processor.py:161} INFO - Started process (PID=4956) to work on /mnt/c/Users/Tilto/Desktop/Work/Airflow/dags/dag_exemplo.py
[2024-05-07T23:49:07.497-0300] {processor.py:830} INFO - Processing file /mnt/c/Users/Tilto/Desktop/Work/Airflow/dags/dag_exemplo.py for tasks to queue
[2024-05-07T23:49:07.498-0300] {logging_mixin.py:188} INFO - [2024-05-07T23:49:07.497-0300] {dagbag.py:540} INFO - Filling up the DagBag from /mnt/c/Users/Tilto/Desktop/Work/Airflow/dags/dag_exemplo.py
[2024-05-07T23:49:07.514-0300] {processor.py:840} INFO - DAG(s) 'dag_exemplo' retrieved from /mnt/c/Users/Tilto/Desktop/Work/Airflow/dags/dag_exemplo.py
[2024-05-07T23:49:07.609-0300] {logging_mixin.py:188} INFO - [2024-05-07T23:49:07.608-0300] {dag.py:3096} INFO - Sync 1 DAGs
[2024-05-07T23:49:07.618-0300] {logging_mixin.py:188} INFO - [2024-05-07T23:49:07.618-0300] {dag.py:3954} INFO - Setting next_dagrun for dag_exemplo to None, run_after=None
[2024-05-07T23:49:07.676-0300] {processor.py:183} INFO - Processing /mnt/c/Users/Tilto/Desktop/Work/Airflow/dags/dag_exemplo.py took 0.184 seconds
[2024-05-07T23:49:38.736-0300] {processor.py:161} INFO - Started process (PID=5105) to work on /mnt/c/Users/Tilto/Desktop/Work/Airflow/dags/dag_exemplo.py
[2024-05-07T23:49:38.737-0300] {processor.py:830} INFO - Processing file /mnt/c/Users/Tilto/Desktop/Work/Airflow/dags/dag_exemplo.py for tasks to queue
[2024-05-07T23:49:38.739-0300] {logging_mixin.py:188} INFO - [2024-05-07T23:49:38.738-0300] {dagbag.py:540} INFO - Filling up the DagBag from /mnt/c/Users/Tilto/Desktop/Work/Airflow/dags/dag_exemplo.py
[2024-05-07T23:49:38.768-0300] {processor.py:840} INFO - DAG(s) 'dag_exemplo' retrieved from /mnt/c/Users/Tilto/Desktop/Work/Airflow/dags/dag_exemplo.py
[2024-05-07T23:49:38.802-0300] {logging_mixin.py:188} INFO - [2024-05-07T23:49:38.802-0300] {dag.py:3096} INFO - Sync 1 DAGs
[2024-05-07T23:49:38.819-0300] {logging_mixin.py:188} INFO - [2024-05-07T23:49:38.819-0300] {dag.py:3954} INFO - Setting next_dagrun for dag_exemplo to None, run_after=None
[2024-05-07T23:49:38.902-0300] {processor.py:183} INFO - Processing /mnt/c/Users/Tilto/Desktop/Work/Airflow/dags/dag_exemplo.py took 0.173 seconds
[2024-05-07T23:50:09.652-0300] {processor.py:161} INFO - Started process (PID=5247) to work on /mnt/c/Users/Tilto/Desktop/Work/Airflow/dags/dag_exemplo.py
[2024-05-07T23:50:09.653-0300] {processor.py:830} INFO - Processing file /mnt/c/Users/Tilto/Desktop/Work/Airflow/dags/dag_exemplo.py for tasks to queue
[2024-05-07T23:50:09.654-0300] {logging_mixin.py:188} INFO - [2024-05-07T23:50:09.654-0300] {dagbag.py:540} INFO - Filling up the DagBag from /mnt/c/Users/Tilto/Desktop/Work/Airflow/dags/dag_exemplo.py
[2024-05-07T23:50:09.674-0300] {processor.py:840} INFO - DAG(s) 'dag_exemplo' retrieved from /mnt/c/Users/Tilto/Desktop/Work/Airflow/dags/dag_exemplo.py
[2024-05-07T23:50:09.702-0300] {logging_mixin.py:188} INFO - [2024-05-07T23:50:09.702-0300] {dag.py:3096} INFO - Sync 1 DAGs
[2024-05-07T23:50:09.716-0300] {logging_mixin.py:188} INFO - [2024-05-07T23:50:09.716-0300] {dag.py:3954} INFO - Setting next_dagrun for dag_exemplo to None, run_after=None
[2024-05-07T23:50:09.777-0300] {processor.py:183} INFO - Processing /mnt/c/Users/Tilto/Desktop/Work/Airflow/dags/dag_exemplo.py took 0.129 seconds
[2024-05-07T23:51:36.447-0300] {processor.py:161} INFO - Started process (PID=5702) to work on /mnt/c/Users/Tilto/Desktop/Work/Airflow/dags/dag_exemplo.py
[2024-05-07T23:51:36.448-0300] {processor.py:830} INFO - Processing file /mnt/c/Users/Tilto/Desktop/Work/Airflow/dags/dag_exemplo.py for tasks to queue
[2024-05-07T23:51:36.450-0300] {logging_mixin.py:188} INFO - [2024-05-07T23:51:36.449-0300] {dagbag.py:540} INFO - Filling up the DagBag from /mnt/c/Users/Tilto/Desktop/Work/Airflow/dags/dag_exemplo.py
[2024-05-07T23:51:36.472-0300] {processor.py:840} INFO - DAG(s) 'dag_exemplo' retrieved from /mnt/c/Users/Tilto/Desktop/Work/Airflow/dags/dag_exemplo.py
[2024-05-07T23:51:36.484-0300] {logging_mixin.py:188} INFO - [2024-05-07T23:51:36.484-0300] {dag.py:3096} INFO - Sync 1 DAGs
[2024-05-07T23:51:36.498-0300] {logging_mixin.py:188} INFO - [2024-05-07T23:51:36.498-0300] {dag.py:3954} INFO - Setting next_dagrun for dag_exemplo to None, run_after=None
[2024-05-07T23:51:36.561-0300] {processor.py:183} INFO - Processing /mnt/c/Users/Tilto/Desktop/Work/Airflow/dags/dag_exemplo.py took 0.119 seconds
[2024-05-07T23:57:34.875-0300] {processor.py:161} INFO - Started process (PID=7390) to work on /mnt/c/Users/Tilto/Desktop/Work/Airflow/dags/dag_exemplo.py
[2024-05-07T23:57:34.876-0300] {processor.py:830} INFO - Processing file /mnt/c/Users/Tilto/Desktop/Work/Airflow/dags/dag_exemplo.py for tasks to queue
[2024-05-07T23:57:34.877-0300] {logging_mixin.py:188} INFO - [2024-05-07T23:57:34.877-0300] {dagbag.py:540} INFO - Filling up the DagBag from /mnt/c/Users/Tilto/Desktop/Work/Airflow/dags/dag_exemplo.py
[2024-05-07T23:57:34.896-0300] {processor.py:840} INFO - DAG(s) 'dag_exemplo' retrieved from /mnt/c/Users/Tilto/Desktop/Work/Airflow/dags/dag_exemplo.py
[2024-05-07T23:57:35.065-0300] {logging_mixin.py:188} INFO - [2024-05-07T23:57:35.065-0300] {dag.py:3096} INFO - Sync 1 DAGs
[2024-05-07T23:57:35.076-0300] {logging_mixin.py:188} INFO - [2024-05-07T23:57:35.076-0300] {dag.py:3954} INFO - Setting next_dagrun for dag_exemplo to None, run_after=None
[2024-05-07T23:57:35.181-0300] {processor.py:183} INFO - Processing /mnt/c/Users/Tilto/Desktop/Work/Airflow/dags/dag_exemplo.py took 0.311 seconds
[2024-05-07T23:58:05.499-0300] {processor.py:161} INFO - Started process (PID=7534) to work on /mnt/c/Users/Tilto/Desktop/Work/Airflow/dags/dag_exemplo.py
[2024-05-07T23:58:05.501-0300] {processor.py:830} INFO - Processing file /mnt/c/Users/Tilto/Desktop/Work/Airflow/dags/dag_exemplo.py for tasks to queue
[2024-05-07T23:58:05.502-0300] {logging_mixin.py:188} INFO - [2024-05-07T23:58:05.502-0300] {dagbag.py:540} INFO - Filling up the DagBag from /mnt/c/Users/Tilto/Desktop/Work/Airflow/dags/dag_exemplo.py
[2024-05-07T23:58:05.523-0300] {processor.py:840} INFO - DAG(s) 'dag_exemplo' retrieved from /mnt/c/Users/Tilto/Desktop/Work/Airflow/dags/dag_exemplo.py
[2024-05-07T23:58:05.553-0300] {logging_mixin.py:188} INFO - [2024-05-07T23:58:05.552-0300] {dag.py:3096} INFO - Sync 1 DAGs
[2024-05-07T23:58:05.565-0300] {logging_mixin.py:188} INFO - [2024-05-07T23:58:05.565-0300] {dag.py:3954} INFO - Setting next_dagrun for dag_exemplo to None, run_after=None
[2024-05-07T23:58:05.660-0300] {processor.py:183} INFO - Processing /mnt/c/Users/Tilto/Desktop/Work/Airflow/dags/dag_exemplo.py took 0.167 seconds
[2024-05-07T23:58:36.458-0300] {processor.py:161} INFO - Started process (PID=7676) to work on /mnt/c/Users/Tilto/Desktop/Work/Airflow/dags/dag_exemplo.py
[2024-05-07T23:58:36.459-0300] {processor.py:830} INFO - Processing file /mnt/c/Users/Tilto/Desktop/Work/Airflow/dags/dag_exemplo.py for tasks to queue
[2024-05-07T23:58:36.460-0300] {logging_mixin.py:188} INFO - [2024-05-07T23:58:36.459-0300] {dagbag.py:540} INFO - Filling up the DagBag from /mnt/c/Users/Tilto/Desktop/Work/Airflow/dags/dag_exemplo.py
[2024-05-07T23:58:36.477-0300] {processor.py:840} INFO - DAG(s) 'dag_exemplo' retrieved from /mnt/c/Users/Tilto/Desktop/Work/Airflow/dags/dag_exemplo.py
[2024-05-07T23:58:36.507-0300] {logging_mixin.py:188} INFO - [2024-05-07T23:58:36.507-0300] {dag.py:3096} INFO - Sync 1 DAGs
[2024-05-07T23:58:36.521-0300] {logging_mixin.py:188} INFO - [2024-05-07T23:58:36.520-0300] {dag.py:3954} INFO - Setting next_dagrun for dag_exemplo to None, run_after=None
[2024-05-07T23:58:36.579-0300] {processor.py:183} INFO - Processing /mnt/c/Users/Tilto/Desktop/Work/Airflow/dags/dag_exemplo.py took 0.125 seconds
[2024-05-07T23:59:31.034-0300] {processor.py:161} INFO - Started process (PID=7967) to work on /mnt/c/Users/Tilto/Desktop/Work/Airflow/dags/dag_exemplo.py
[2024-05-07T23:59:31.035-0300] {processor.py:830} INFO - Processing file /mnt/c/Users/Tilto/Desktop/Work/Airflow/dags/dag_exemplo.py for tasks to queue
[2024-05-07T23:59:31.036-0300] {logging_mixin.py:188} INFO - [2024-05-07T23:59:31.036-0300] {dagbag.py:540} INFO - Filling up the DagBag from /mnt/c/Users/Tilto/Desktop/Work/Airflow/dags/dag_exemplo.py
[2024-05-07T23:59:31.061-0300] {processor.py:840} INFO - DAG(s) 'dag_exemplo' retrieved from /mnt/c/Users/Tilto/Desktop/Work/Airflow/dags/dag_exemplo.py
[2024-05-07T23:59:31.074-0300] {logging_mixin.py:188} INFO - [2024-05-07T23:59:31.074-0300] {dag.py:3096} INFO - Sync 1 DAGs
[2024-05-07T23:59:31.087-0300] {logging_mixin.py:188} INFO - [2024-05-07T23:59:31.087-0300] {dag.py:3954} INFO - Setting next_dagrun for dag_exemplo to None, run_after=None
[2024-05-07T23:59:31.146-0300] {processor.py:183} INFO - Processing /mnt/c/Users/Tilto/Desktop/Work/Airflow/dags/dag_exemplo.py took 0.117 seconds
[2024-05-08T00:00:01.869-0300] {processor.py:161} INFO - Started process (PID=8126) to work on /mnt/c/Users/Tilto/Desktop/Work/Airflow/dags/dag_exemplo.py
[2024-05-08T00:00:01.870-0300] {processor.py:830} INFO - Processing file /mnt/c/Users/Tilto/Desktop/Work/Airflow/dags/dag_exemplo.py for tasks to queue
[2024-05-08T00:00:01.872-0300] {logging_mixin.py:188} INFO - [2024-05-08T00:00:01.872-0300] {dagbag.py:540} INFO - Filling up the DagBag from /mnt/c/Users/Tilto/Desktop/Work/Airflow/dags/dag_exemplo.py
[2024-05-08T00:00:01.892-0300] {processor.py:840} INFO - DAG(s) 'dag_exemplo' retrieved from /mnt/c/Users/Tilto/Desktop/Work/Airflow/dags/dag_exemplo.py
[2024-05-08T00:00:01.992-0300] {logging_mixin.py:188} INFO - [2024-05-08T00:00:01.992-0300] {dag.py:3096} INFO - Sync 1 DAGs
[2024-05-08T00:00:02.003-0300] {logging_mixin.py:188} INFO - [2024-05-08T00:00:02.003-0300] {dag.py:3954} INFO - Setting next_dagrun for dag_exemplo to None, run_after=None
[2024-05-08T00:00:02.062-0300] {processor.py:183} INFO - Processing /mnt/c/Users/Tilto/Desktop/Work/Airflow/dags/dag_exemplo.py took 0.197 seconds
[2024-05-08T00:00:43.109-0300] {processor.py:161} INFO - Started process (PID=8343) to work on /mnt/c/Users/Tilto/Desktop/Work/Airflow/dags/dag_exemplo.py
[2024-05-08T00:00:43.111-0300] {processor.py:830} INFO - Processing file /mnt/c/Users/Tilto/Desktop/Work/Airflow/dags/dag_exemplo.py for tasks to queue
[2024-05-08T00:00:43.112-0300] {logging_mixin.py:188} INFO - [2024-05-08T00:00:43.112-0300] {dagbag.py:540} INFO - Filling up the DagBag from /mnt/c/Users/Tilto/Desktop/Work/Airflow/dags/dag_exemplo.py
[2024-05-08T00:00:43.133-0300] {processor.py:840} INFO - DAG(s) 'dag_exemplo' retrieved from /mnt/c/Users/Tilto/Desktop/Work/Airflow/dags/dag_exemplo.py
[2024-05-08T00:00:43.145-0300] {logging_mixin.py:188} INFO - [2024-05-08T00:00:43.145-0300] {dag.py:3096} INFO - Sync 1 DAGs
[2024-05-08T00:00:43.158-0300] {logging_mixin.py:188} INFO - [2024-05-08T00:00:43.158-0300] {dag.py:3954} INFO - Setting next_dagrun for dag_exemplo to None, run_after=None
[2024-05-08T00:00:43.218-0300] {processor.py:183} INFO - Processing /mnt/c/Users/Tilto/Desktop/Work/Airflow/dags/dag_exemplo.py took 0.114 seconds
[2024-05-08T00:01:13.751-0300] {processor.py:161} INFO - Started process (PID=8497) to work on /mnt/c/Users/Tilto/Desktop/Work/Airflow/dags/dag_exemplo.py
[2024-05-08T00:01:13.751-0300] {processor.py:830} INFO - Processing file /mnt/c/Users/Tilto/Desktop/Work/Airflow/dags/dag_exemplo.py for tasks to queue
[2024-05-08T00:01:13.753-0300] {logging_mixin.py:188} INFO - [2024-05-08T00:01:13.752-0300] {dagbag.py:540} INFO - Filling up the DagBag from /mnt/c/Users/Tilto/Desktop/Work/Airflow/dags/dag_exemplo.py
[2024-05-08T00:01:13.773-0300] {processor.py:840} INFO - DAG(s) 'dag_exemplo' retrieved from /mnt/c/Users/Tilto/Desktop/Work/Airflow/dags/dag_exemplo.py
[2024-05-08T00:01:13.883-0300] {logging_mixin.py:188} INFO - [2024-05-08T00:01:13.883-0300] {dag.py:3096} INFO - Sync 1 DAGs
[2024-05-08T00:01:13.896-0300] {logging_mixin.py:188} INFO - [2024-05-08T00:01:13.896-0300] {dag.py:3954} INFO - Setting next_dagrun for dag_exemplo to None, run_after=None
[2024-05-08T00:01:14.061-0300] {processor.py:183} INFO - Processing /mnt/c/Users/Tilto/Desktop/Work/Airflow/dags/dag_exemplo.py took 0.315 seconds
[2024-05-08T00:01:45.309-0300] {processor.py:161} INFO - Started process (PID=8641) to work on /mnt/c/Users/Tilto/Desktop/Work/Airflow/dags/dag_exemplo.py
[2024-05-08T00:01:45.310-0300] {processor.py:830} INFO - Processing file /mnt/c/Users/Tilto/Desktop/Work/Airflow/dags/dag_exemplo.py for tasks to queue
[2024-05-08T00:01:45.311-0300] {logging_mixin.py:188} INFO - [2024-05-08T00:01:45.311-0300] {dagbag.py:540} INFO - Filling up the DagBag from /mnt/c/Users/Tilto/Desktop/Work/Airflow/dags/dag_exemplo.py
[2024-05-08T00:01:45.331-0300] {processor.py:840} INFO - DAG(s) 'dag_exemplo' retrieved from /mnt/c/Users/Tilto/Desktop/Work/Airflow/dags/dag_exemplo.py
[2024-05-08T00:01:45.357-0300] {logging_mixin.py:188} INFO - [2024-05-08T00:01:45.357-0300] {dag.py:3096} INFO - Sync 1 DAGs
[2024-05-08T00:01:45.369-0300] {logging_mixin.py:188} INFO - [2024-05-08T00:01:45.369-0300] {dag.py:3954} INFO - Setting next_dagrun for dag_exemplo to None, run_after=None
[2024-05-08T00:01:45.430-0300] {processor.py:183} INFO - Processing /mnt/c/Users/Tilto/Desktop/Work/Airflow/dags/dag_exemplo.py took 0.126 seconds
[2024-05-08T00:02:16.897-0300] {processor.py:161} INFO - Started process (PID=8834) to work on /mnt/c/Users/Tilto/Desktop/Work/Airflow/dags/dag_exemplo.py
[2024-05-08T00:02:16.898-0300] {processor.py:830} INFO - Processing file /mnt/c/Users/Tilto/Desktop/Work/Airflow/dags/dag_exemplo.py for tasks to queue
[2024-05-08T00:02:16.900-0300] {logging_mixin.py:188} INFO - [2024-05-08T00:02:16.899-0300] {dagbag.py:540} INFO - Filling up the DagBag from /mnt/c/Users/Tilto/Desktop/Work/Airflow/dags/dag_exemplo.py
[2024-05-08T00:02:16.919-0300] {processor.py:840} INFO - DAG(s) 'dag_exemplo' retrieved from /mnt/c/Users/Tilto/Desktop/Work/Airflow/dags/dag_exemplo.py
[2024-05-08T00:02:16.944-0300] {logging_mixin.py:188} INFO - [2024-05-08T00:02:16.944-0300] {dag.py:3096} INFO - Sync 1 DAGs
[2024-05-08T00:02:16.957-0300] {logging_mixin.py:188} INFO - [2024-05-08T00:02:16.956-0300] {dag.py:3954} INFO - Setting next_dagrun for dag_exemplo to None, run_after=None
[2024-05-08T00:02:17.014-0300] {processor.py:183} INFO - Processing /mnt/c/Users/Tilto/Desktop/Work/Airflow/dags/dag_exemplo.py took 0.121 seconds
[2024-05-08T00:02:48.111-0300] {processor.py:161} INFO - Started process (PID=8999) to work on /mnt/c/Users/Tilto/Desktop/Work/Airflow/dags/dag_exemplo.py
[2024-05-08T00:02:48.112-0300] {processor.py:830} INFO - Processing file /mnt/c/Users/Tilto/Desktop/Work/Airflow/dags/dag_exemplo.py for tasks to queue
[2024-05-08T00:02:48.113-0300] {logging_mixin.py:188} INFO - [2024-05-08T00:02:48.113-0300] {dagbag.py:540} INFO - Filling up the DagBag from /mnt/c/Users/Tilto/Desktop/Work/Airflow/dags/dag_exemplo.py
[2024-05-08T00:02:48.135-0300] {processor.py:840} INFO - DAG(s) 'dag_exemplo' retrieved from /mnt/c/Users/Tilto/Desktop/Work/Airflow/dags/dag_exemplo.py
[2024-05-08T00:02:48.162-0300] {logging_mixin.py:188} INFO - [2024-05-08T00:02:48.162-0300] {dag.py:3096} INFO - Sync 1 DAGs
[2024-05-08T00:02:48.176-0300] {logging_mixin.py:188} INFO - [2024-05-08T00:02:48.176-0300] {dag.py:3954} INFO - Setting next_dagrun for dag_exemplo to None, run_after=None
[2024-05-08T00:02:48.318-0300] {processor.py:183} INFO - Processing /mnt/c/Users/Tilto/Desktop/Work/Airflow/dags/dag_exemplo.py took 0.214 seconds
[2024-05-08T00:03:19.337-0300] {processor.py:161} INFO - Started process (PID=9165) to work on /mnt/c/Users/Tilto/Desktop/Work/Airflow/dags/dag_exemplo.py
[2024-05-08T00:03:19.339-0300] {processor.py:830} INFO - Processing file /mnt/c/Users/Tilto/Desktop/Work/Airflow/dags/dag_exemplo.py for tasks to queue
[2024-05-08T00:03:19.341-0300] {logging_mixin.py:188} INFO - [2024-05-08T00:03:19.340-0300] {dagbag.py:540} INFO - Filling up the DagBag from /mnt/c/Users/Tilto/Desktop/Work/Airflow/dags/dag_exemplo.py
[2024-05-08T00:03:19.359-0300] {processor.py:840} INFO - DAG(s) 'dag_exemplo' retrieved from /mnt/c/Users/Tilto/Desktop/Work/Airflow/dags/dag_exemplo.py
[2024-05-08T00:03:19.386-0300] {logging_mixin.py:188} INFO - [2024-05-08T00:03:19.386-0300] {dag.py:3096} INFO - Sync 1 DAGs
[2024-05-08T00:03:19.399-0300] {logging_mixin.py:188} INFO - [2024-05-08T00:03:19.398-0300] {dag.py:3954} INFO - Setting next_dagrun for dag_exemplo to None, run_after=None
[2024-05-08T00:03:19.539-0300] {processor.py:183} INFO - Processing /mnt/c/Users/Tilto/Desktop/Work/Airflow/dags/dag_exemplo.py took 0.209 seconds
[2024-05-08T00:03:50.403-0300] {processor.py:161} INFO - Started process (PID=9308) to work on /mnt/c/Users/Tilto/Desktop/Work/Airflow/dags/dag_exemplo.py
[2024-05-08T00:03:50.404-0300] {processor.py:830} INFO - Processing file /mnt/c/Users/Tilto/Desktop/Work/Airflow/dags/dag_exemplo.py for tasks to queue
[2024-05-08T00:03:50.406-0300] {logging_mixin.py:188} INFO - [2024-05-08T00:03:50.406-0300] {dagbag.py:540} INFO - Filling up the DagBag from /mnt/c/Users/Tilto/Desktop/Work/Airflow/dags/dag_exemplo.py
[2024-05-08T00:03:50.422-0300] {processor.py:840} INFO - DAG(s) 'dag_exemplo' retrieved from /mnt/c/Users/Tilto/Desktop/Work/Airflow/dags/dag_exemplo.py
[2024-05-08T00:03:50.447-0300] {logging_mixin.py:188} INFO - [2024-05-08T00:03:50.446-0300] {dag.py:3096} INFO - Sync 1 DAGs
[2024-05-08T00:03:50.459-0300] {logging_mixin.py:188} INFO - [2024-05-08T00:03:50.459-0300] {dag.py:3954} INFO - Setting next_dagrun for dag_exemplo to None, run_after=None
[2024-05-08T00:03:50.519-0300] {processor.py:183} INFO - Processing /mnt/c/Users/Tilto/Desktop/Work/Airflow/dags/dag_exemplo.py took 0.120 seconds
[2024-05-08T00:04:21.553-0300] {processor.py:161} INFO - Started process (PID=9453) to work on /mnt/c/Users/Tilto/Desktop/Work/Airflow/dags/dag_exemplo.py
[2024-05-08T00:04:21.554-0300] {processor.py:830} INFO - Processing file /mnt/c/Users/Tilto/Desktop/Work/Airflow/dags/dag_exemplo.py for tasks to queue
[2024-05-08T00:04:21.555-0300] {logging_mixin.py:188} INFO - [2024-05-08T00:04:21.555-0300] {dagbag.py:540} INFO - Filling up the DagBag from /mnt/c/Users/Tilto/Desktop/Work/Airflow/dags/dag_exemplo.py
[2024-05-08T00:04:21.572-0300] {processor.py:840} INFO - DAG(s) 'dag_exemplo' retrieved from /mnt/c/Users/Tilto/Desktop/Work/Airflow/dags/dag_exemplo.py
[2024-05-08T00:04:21.598-0300] {logging_mixin.py:188} INFO - [2024-05-08T00:04:21.598-0300] {dag.py:3096} INFO - Sync 1 DAGs
[2024-05-08T00:04:21.610-0300] {logging_mixin.py:188} INFO - [2024-05-08T00:04:21.610-0300] {dag.py:3954} INFO - Setting next_dagrun for dag_exemplo to None, run_after=None
[2024-05-08T00:04:21.667-0300] {processor.py:183} INFO - Processing /mnt/c/Users/Tilto/Desktop/Work/Airflow/dags/dag_exemplo.py took 0.119 seconds
[2024-05-08T00:04:38.381-0300] {processor.py:161} INFO - Started process (PID=9574) to work on /mnt/c/Users/Tilto/Desktop/Work/Airflow/dags/dag_exemplo.py
[2024-05-08T00:04:38.382-0300] {processor.py:830} INFO - Processing file /mnt/c/Users/Tilto/Desktop/Work/Airflow/dags/dag_exemplo.py for tasks to queue
[2024-05-08T00:04:38.384-0300] {logging_mixin.py:188} INFO - [2024-05-08T00:04:38.384-0300] {dagbag.py:540} INFO - Filling up the DagBag from /mnt/c/Users/Tilto/Desktop/Work/Airflow/dags/dag_exemplo.py
[2024-05-08T00:04:38.406-0300] {processor.py:840} INFO - DAG(s) 'dag_exemplo' retrieved from /mnt/c/Users/Tilto/Desktop/Work/Airflow/dags/dag_exemplo.py
[2024-05-08T00:04:38.418-0300] {logging_mixin.py:188} INFO - [2024-05-08T00:04:38.418-0300] {dag.py:3096} INFO - Sync 1 DAGs
[2024-05-08T00:04:38.432-0300] {logging_mixin.py:188} INFO - [2024-05-08T00:04:38.432-0300] {dag.py:3954} INFO - Setting next_dagrun for dag_exemplo to None, run_after=None
[2024-05-08T00:04:38.491-0300] {processor.py:183} INFO - Processing /mnt/c/Users/Tilto/Desktop/Work/Airflow/dags/dag_exemplo.py took 0.114 seconds
[2024-05-08T00:05:37.019-0300] {processor.py:161} INFO - Started process (PID=9846) to work on /mnt/c/Users/Tilto/Desktop/Work/Airflow/dags/dag_exemplo.py
[2024-05-08T00:05:37.020-0300] {processor.py:830} INFO - Processing file /mnt/c/Users/Tilto/Desktop/Work/Airflow/dags/dag_exemplo.py for tasks to queue
[2024-05-08T00:05:37.022-0300] {logging_mixin.py:188} INFO - [2024-05-08T00:05:37.021-0300] {dagbag.py:540} INFO - Filling up the DagBag from /mnt/c/Users/Tilto/Desktop/Work/Airflow/dags/dag_exemplo.py
[2024-05-08T00:05:37.044-0300] {processor.py:840} INFO - DAG(s) 'dag_exemplo' retrieved from /mnt/c/Users/Tilto/Desktop/Work/Airflow/dags/dag_exemplo.py
[2024-05-08T00:05:37.152-0300] {logging_mixin.py:188} INFO - [2024-05-08T00:05:37.151-0300] {dag.py:3096} INFO - Sync 1 DAGs
[2024-05-08T00:05:37.163-0300] {logging_mixin.py:188} INFO - [2024-05-08T00:05:37.163-0300] {dag.py:3954} INFO - Setting next_dagrun for dag_exemplo to None, run_after=None
[2024-05-08T00:05:37.226-0300] {processor.py:183} INFO - Processing /mnt/c/Users/Tilto/Desktop/Work/Airflow/dags/dag_exemplo.py took 0.212 seconds
[2024-05-08T00:06:07.923-0300] {processor.py:161} INFO - Started process (PID=9994) to work on /mnt/c/Users/Tilto/Desktop/Work/Airflow/dags/dag_exemplo.py
[2024-05-08T00:06:07.924-0300] {processor.py:830} INFO - Processing file /mnt/c/Users/Tilto/Desktop/Work/Airflow/dags/dag_exemplo.py for tasks to queue
[2024-05-08T00:06:07.926-0300] {logging_mixin.py:188} INFO - [2024-05-08T00:06:07.925-0300] {dagbag.py:540} INFO - Filling up the DagBag from /mnt/c/Users/Tilto/Desktop/Work/Airflow/dags/dag_exemplo.py
[2024-05-08T00:06:07.947-0300] {processor.py:840} INFO - DAG(s) 'dag_exemplo' retrieved from /mnt/c/Users/Tilto/Desktop/Work/Airflow/dags/dag_exemplo.py
[2024-05-08T00:06:07.973-0300] {logging_mixin.py:188} INFO - [2024-05-08T00:06:07.973-0300] {dag.py:3096} INFO - Sync 1 DAGs
[2024-05-08T00:06:07.987-0300] {logging_mixin.py:188} INFO - [2024-05-08T00:06:07.986-0300] {dag.py:3954} INFO - Setting next_dagrun for dag_exemplo to None, run_after=None
[2024-05-08T00:06:08.056-0300] {processor.py:183} INFO - Processing /mnt/c/Users/Tilto/Desktop/Work/Airflow/dags/dag_exemplo.py took 0.137 seconds
[2024-05-08T00:06:38.925-0300] {processor.py:161} INFO - Started process (PID=10141) to work on /mnt/c/Users/Tilto/Desktop/Work/Airflow/dags/dag_exemplo.py
[2024-05-08T00:06:38.926-0300] {processor.py:830} INFO - Processing file /mnt/c/Users/Tilto/Desktop/Work/Airflow/dags/dag_exemplo.py for tasks to queue
[2024-05-08T00:06:38.928-0300] {logging_mixin.py:188} INFO - [2024-05-08T00:06:38.927-0300] {dagbag.py:540} INFO - Filling up the DagBag from /mnt/c/Users/Tilto/Desktop/Work/Airflow/dags/dag_exemplo.py
[2024-05-08T00:06:38.951-0300] {processor.py:840} INFO - DAG(s) 'dag_exemplo' retrieved from /mnt/c/Users/Tilto/Desktop/Work/Airflow/dags/dag_exemplo.py
[2024-05-08T00:06:38.982-0300] {logging_mixin.py:188} INFO - [2024-05-08T00:06:38.981-0300] {dag.py:3096} INFO - Sync 1 DAGs
[2024-05-08T00:06:38.997-0300] {logging_mixin.py:188} INFO - [2024-05-08T00:06:38.997-0300] {dag.py:3954} INFO - Setting next_dagrun for dag_exemplo to None, run_after=None
[2024-05-08T00:06:39.061-0300] {processor.py:183} INFO - Processing /mnt/c/Users/Tilto/Desktop/Work/Airflow/dags/dag_exemplo.py took 0.141 seconds
[2024-05-08T00:07:09.895-0300] {processor.py:161} INFO - Started process (PID=10285) to work on /mnt/c/Users/Tilto/Desktop/Work/Airflow/dags/dag_exemplo.py
[2024-05-08T00:07:09.896-0300] {processor.py:830} INFO - Processing file /mnt/c/Users/Tilto/Desktop/Work/Airflow/dags/dag_exemplo.py for tasks to queue
[2024-05-08T00:07:09.898-0300] {logging_mixin.py:188} INFO - [2024-05-08T00:07:09.897-0300] {dagbag.py:540} INFO - Filling up the DagBag from /mnt/c/Users/Tilto/Desktop/Work/Airflow/dags/dag_exemplo.py
[2024-05-08T00:07:09.925-0300] {processor.py:840} INFO - DAG(s) 'dag_exemplo' retrieved from /mnt/c/Users/Tilto/Desktop/Work/Airflow/dags/dag_exemplo.py
[2024-05-08T00:07:09.957-0300] {logging_mixin.py:188} INFO - [2024-05-08T00:07:09.957-0300] {dag.py:3096} INFO - Sync 1 DAGs
[2024-05-08T00:07:09.973-0300] {logging_mixin.py:188} INFO - [2024-05-08T00:07:09.973-0300] {dag.py:3954} INFO - Setting next_dagrun for dag_exemplo to None, run_after=None
[2024-05-08T00:07:10.053-0300] {processor.py:183} INFO - Processing /mnt/c/Users/Tilto/Desktop/Work/Airflow/dags/dag_exemplo.py took 0.165 seconds
[2024-05-08T00:07:40.633-0300] {processor.py:161} INFO - Started process (PID=10426) to work on /mnt/c/Users/Tilto/Desktop/Work/Airflow/dags/dag_exemplo.py
[2024-05-08T00:07:40.635-0300] {processor.py:830} INFO - Processing file /mnt/c/Users/Tilto/Desktop/Work/Airflow/dags/dag_exemplo.py for tasks to queue
[2024-05-08T00:07:40.637-0300] {logging_mixin.py:188} INFO - [2024-05-08T00:07:40.636-0300] {dagbag.py:540} INFO - Filling up the DagBag from /mnt/c/Users/Tilto/Desktop/Work/Airflow/dags/dag_exemplo.py
[2024-05-08T00:07:40.657-0300] {processor.py:840} INFO - DAG(s) 'dag_exemplo' retrieved from /mnt/c/Users/Tilto/Desktop/Work/Airflow/dags/dag_exemplo.py
[2024-05-08T00:07:40.682-0300] {logging_mixin.py:188} INFO - [2024-05-08T00:07:40.682-0300] {dag.py:3096} INFO - Sync 1 DAGs
[2024-05-08T00:07:40.695-0300] {logging_mixin.py:188} INFO - [2024-05-08T00:07:40.694-0300] {dag.py:3954} INFO - Setting next_dagrun for dag_exemplo to None, run_after=None
[2024-05-08T00:07:40.752-0300] {processor.py:183} INFO - Processing /mnt/c/Users/Tilto/Desktop/Work/Airflow/dags/dag_exemplo.py took 0.126 seconds
[2024-05-08T00:08:11.610-0300] {processor.py:161} INFO - Started process (PID=10568) to work on /mnt/c/Users/Tilto/Desktop/Work/Airflow/dags/dag_exemplo.py
[2024-05-08T00:08:11.611-0300] {processor.py:830} INFO - Processing file /mnt/c/Users/Tilto/Desktop/Work/Airflow/dags/dag_exemplo.py for tasks to queue
[2024-05-08T00:08:11.613-0300] {logging_mixin.py:188} INFO - [2024-05-08T00:08:11.613-0300] {dagbag.py:540} INFO - Filling up the DagBag from /mnt/c/Users/Tilto/Desktop/Work/Airflow/dags/dag_exemplo.py
[2024-05-08T00:08:11.636-0300] {processor.py:840} INFO - DAG(s) 'dag_exemplo' retrieved from /mnt/c/Users/Tilto/Desktop/Work/Airflow/dags/dag_exemplo.py
[2024-05-08T00:08:11.668-0300] {logging_mixin.py:188} INFO - [2024-05-08T00:08:11.668-0300] {dag.py:3096} INFO - Sync 1 DAGs
[2024-05-08T00:08:11.686-0300] {logging_mixin.py:188} INFO - [2024-05-08T00:08:11.686-0300] {dag.py:3954} INFO - Setting next_dagrun for dag_exemplo to None, run_after=None
[2024-05-08T00:08:11.832-0300] {processor.py:183} INFO - Processing /mnt/c/Users/Tilto/Desktop/Work/Airflow/dags/dag_exemplo.py took 0.227 seconds
[2024-05-08T00:08:42.613-0300] {processor.py:161} INFO - Started process (PID=10710) to work on /mnt/c/Users/Tilto/Desktop/Work/Airflow/dags/dag_exemplo.py
[2024-05-08T00:08:42.614-0300] {processor.py:830} INFO - Processing file /mnt/c/Users/Tilto/Desktop/Work/Airflow/dags/dag_exemplo.py for tasks to queue
[2024-05-08T00:08:42.615-0300] {logging_mixin.py:188} INFO - [2024-05-08T00:08:42.615-0300] {dagbag.py:540} INFO - Filling up the DagBag from /mnt/c/Users/Tilto/Desktop/Work/Airflow/dags/dag_exemplo.py
[2024-05-08T00:08:42.634-0300] {processor.py:840} INFO - DAG(s) 'dag_exemplo' retrieved from /mnt/c/Users/Tilto/Desktop/Work/Airflow/dags/dag_exemplo.py
[2024-05-08T00:08:42.659-0300] {logging_mixin.py:188} INFO - [2024-05-08T00:08:42.658-0300] {dag.py:3096} INFO - Sync 1 DAGs
[2024-05-08T00:08:42.671-0300] {logging_mixin.py:188} INFO - [2024-05-08T00:08:42.671-0300] {dag.py:3954} INFO - Setting next_dagrun for dag_exemplo to None, run_after=None
[2024-05-08T00:08:42.728-0300] {processor.py:183} INFO - Processing /mnt/c/Users/Tilto/Desktop/Work/Airflow/dags/dag_exemplo.py took 0.120 seconds
[2024-05-08T00:09:13.654-0300] {processor.py:161} INFO - Started process (PID=10855) to work on /mnt/c/Users/Tilto/Desktop/Work/Airflow/dags/dag_exemplo.py
[2024-05-08T00:09:13.655-0300] {processor.py:830} INFO - Processing file /mnt/c/Users/Tilto/Desktop/Work/Airflow/dags/dag_exemplo.py for tasks to queue
[2024-05-08T00:09:13.657-0300] {logging_mixin.py:188} INFO - [2024-05-08T00:09:13.656-0300] {dagbag.py:540} INFO - Filling up the DagBag from /mnt/c/Users/Tilto/Desktop/Work/Airflow/dags/dag_exemplo.py
[2024-05-08T00:09:13.676-0300] {processor.py:840} INFO - DAG(s) 'dag_exemplo' retrieved from /mnt/c/Users/Tilto/Desktop/Work/Airflow/dags/dag_exemplo.py
[2024-05-08T00:09:13.701-0300] {logging_mixin.py:188} INFO - [2024-05-08T00:09:13.700-0300] {dag.py:3096} INFO - Sync 1 DAGs
[2024-05-08T00:09:13.712-0300] {logging_mixin.py:188} INFO - [2024-05-08T00:09:13.712-0300] {dag.py:3954} INFO - Setting next_dagrun for dag_exemplo to None, run_after=None
[2024-05-08T00:09:13.770-0300] {processor.py:183} INFO - Processing /mnt/c/Users/Tilto/Desktop/Work/Airflow/dags/dag_exemplo.py took 0.120 seconds
[2024-05-08T00:09:44.241-0300] {processor.py:161} INFO - Started process (PID=10996) to work on /mnt/c/Users/Tilto/Desktop/Work/Airflow/dags/dag_exemplo.py
[2024-05-08T00:09:44.242-0300] {processor.py:830} INFO - Processing file /mnt/c/Users/Tilto/Desktop/Work/Airflow/dags/dag_exemplo.py for tasks to queue
[2024-05-08T00:09:44.245-0300] {logging_mixin.py:188} INFO - [2024-05-08T00:09:44.244-0300] {dagbag.py:540} INFO - Filling up the DagBag from /mnt/c/Users/Tilto/Desktop/Work/Airflow/dags/dag_exemplo.py
[2024-05-08T00:09:44.269-0300] {processor.py:840} INFO - DAG(s) 'dag_exemplo' retrieved from /mnt/c/Users/Tilto/Desktop/Work/Airflow/dags/dag_exemplo.py
[2024-05-08T00:09:44.297-0300] {logging_mixin.py:188} INFO - [2024-05-08T00:09:44.297-0300] {dag.py:3096} INFO - Sync 1 DAGs
[2024-05-08T00:09:44.312-0300] {logging_mixin.py:188} INFO - [2024-05-08T00:09:44.312-0300] {dag.py:3954} INFO - Setting next_dagrun for dag_exemplo to None, run_after=None
[2024-05-08T00:09:44.379-0300] {processor.py:183} INFO - Processing /mnt/c/Users/Tilto/Desktop/Work/Airflow/dags/dag_exemplo.py took 0.144 seconds
[2024-05-08T00:10:14.520-0300] {processor.py:161} INFO - Started process (PID=11136) to work on /mnt/c/Users/Tilto/Desktop/Work/Airflow/dags/dag_exemplo.py
[2024-05-08T00:10:14.521-0300] {processor.py:830} INFO - Processing file /mnt/c/Users/Tilto/Desktop/Work/Airflow/dags/dag_exemplo.py for tasks to queue
[2024-05-08T00:10:14.522-0300] {logging_mixin.py:188} INFO - [2024-05-08T00:10:14.522-0300] {dagbag.py:540} INFO - Filling up the DagBag from /mnt/c/Users/Tilto/Desktop/Work/Airflow/dags/dag_exemplo.py
[2024-05-08T00:10:14.542-0300] {processor.py:840} INFO - DAG(s) 'dag_exemplo' retrieved from /mnt/c/Users/Tilto/Desktop/Work/Airflow/dags/dag_exemplo.py
[2024-05-08T00:10:14.566-0300] {logging_mixin.py:188} INFO - [2024-05-08T00:10:14.566-0300] {dag.py:3096} INFO - Sync 1 DAGs
[2024-05-08T00:10:14.578-0300] {logging_mixin.py:188} INFO - [2024-05-08T00:10:14.578-0300] {dag.py:3954} INFO - Setting next_dagrun for dag_exemplo to None, run_after=None
[2024-05-08T00:10:14.635-0300] {processor.py:183} INFO - Processing /mnt/c/Users/Tilto/Desktop/Work/Airflow/dags/dag_exemplo.py took 0.120 seconds
[2024-05-08T00:10:45.077-0300] {processor.py:161} INFO - Started process (PID=11278) to work on /mnt/c/Users/Tilto/Desktop/Work/Airflow/dags/dag_exemplo.py
[2024-05-08T00:10:45.078-0300] {processor.py:830} INFO - Processing file /mnt/c/Users/Tilto/Desktop/Work/Airflow/dags/dag_exemplo.py for tasks to queue
[2024-05-08T00:10:45.081-0300] {logging_mixin.py:188} INFO - [2024-05-08T00:10:45.080-0300] {dagbag.py:540} INFO - Filling up the DagBag from /mnt/c/Users/Tilto/Desktop/Work/Airflow/dags/dag_exemplo.py
[2024-05-08T00:10:45.110-0300] {processor.py:840} INFO - DAG(s) 'dag_exemplo' retrieved from /mnt/c/Users/Tilto/Desktop/Work/Airflow/dags/dag_exemplo.py
[2024-05-08T00:10:45.137-0300] {logging_mixin.py:188} INFO - [2024-05-08T00:10:45.137-0300] {dag.py:3096} INFO - Sync 1 DAGs
[2024-05-08T00:10:45.150-0300] {logging_mixin.py:188} INFO - [2024-05-08T00:10:45.150-0300] {dag.py:3954} INFO - Setting next_dagrun for dag_exemplo to None, run_after=None
[2024-05-08T00:10:45.216-0300] {processor.py:183} INFO - Processing /mnt/c/Users/Tilto/Desktop/Work/Airflow/dags/dag_exemplo.py took 0.146 seconds
[2024-05-08T00:11:16.570-0300] {processor.py:161} INFO - Started process (PID=11423) to work on /mnt/c/Users/Tilto/Desktop/Work/Airflow/dags/dag_exemplo.py
[2024-05-08T00:11:16.571-0300] {processor.py:830} INFO - Processing file /mnt/c/Users/Tilto/Desktop/Work/Airflow/dags/dag_exemplo.py for tasks to queue
[2024-05-08T00:11:16.573-0300] {logging_mixin.py:188} INFO - [2024-05-08T00:11:16.572-0300] {dagbag.py:540} INFO - Filling up the DagBag from /mnt/c/Users/Tilto/Desktop/Work/Airflow/dags/dag_exemplo.py
[2024-05-08T00:11:16.594-0300] {processor.py:840} INFO - DAG(s) 'dag_exemplo' retrieved from /mnt/c/Users/Tilto/Desktop/Work/Airflow/dags/dag_exemplo.py
[2024-05-08T00:11:16.621-0300] {logging_mixin.py:188} INFO - [2024-05-08T00:11:16.620-0300] {dag.py:3096} INFO - Sync 1 DAGs
[2024-05-08T00:11:16.635-0300] {logging_mixin.py:188} INFO - [2024-05-08T00:11:16.634-0300] {dag.py:3954} INFO - Setting next_dagrun for dag_exemplo to None, run_after=None
[2024-05-08T00:11:16.712-0300] {processor.py:183} INFO - Processing /mnt/c/Users/Tilto/Desktop/Work/Airflow/dags/dag_exemplo.py took 0.147 seconds
[2024-05-08T00:11:47.569-0300] {processor.py:161} INFO - Started process (PID=11566) to work on /mnt/c/Users/Tilto/Desktop/Work/Airflow/dags/dag_exemplo.py
[2024-05-08T00:11:47.570-0300] {processor.py:830} INFO - Processing file /mnt/c/Users/Tilto/Desktop/Work/Airflow/dags/dag_exemplo.py for tasks to queue
[2024-05-08T00:11:47.571-0300] {logging_mixin.py:188} INFO - [2024-05-08T00:11:47.571-0300] {dagbag.py:540} INFO - Filling up the DagBag from /mnt/c/Users/Tilto/Desktop/Work/Airflow/dags/dag_exemplo.py
[2024-05-08T00:11:47.591-0300] {processor.py:840} INFO - DAG(s) 'dag_exemplo' retrieved from /mnt/c/Users/Tilto/Desktop/Work/Airflow/dags/dag_exemplo.py
[2024-05-08T00:11:47.617-0300] {logging_mixin.py:188} INFO - [2024-05-08T00:11:47.617-0300] {dag.py:3096} INFO - Sync 1 DAGs
[2024-05-08T00:11:47.629-0300] {logging_mixin.py:188} INFO - [2024-05-08T00:11:47.629-0300] {dag.py:3954} INFO - Setting next_dagrun for dag_exemplo to None, run_after=None
[2024-05-08T00:11:47.749-0300] {processor.py:183} INFO - Processing /mnt/c/Users/Tilto/Desktop/Work/Airflow/dags/dag_exemplo.py took 0.185 seconds
[2024-05-08T00:12:18.581-0300] {processor.py:161} INFO - Started process (PID=11709) to work on /mnt/c/Users/Tilto/Desktop/Work/Airflow/dags/dag_exemplo.py
[2024-05-08T00:12:18.582-0300] {processor.py:830} INFO - Processing file /mnt/c/Users/Tilto/Desktop/Work/Airflow/dags/dag_exemplo.py for tasks to queue
[2024-05-08T00:12:18.584-0300] {logging_mixin.py:188} INFO - [2024-05-08T00:12:18.584-0300] {dagbag.py:540} INFO - Filling up the DagBag from /mnt/c/Users/Tilto/Desktop/Work/Airflow/dags/dag_exemplo.py
[2024-05-08T00:12:18.609-0300] {processor.py:840} INFO - DAG(s) 'dag_exemplo' retrieved from /mnt/c/Users/Tilto/Desktop/Work/Airflow/dags/dag_exemplo.py
[2024-05-08T00:12:18.641-0300] {logging_mixin.py:188} INFO - [2024-05-08T00:12:18.641-0300] {dag.py:3096} INFO - Sync 1 DAGs
[2024-05-08T00:12:18.655-0300] {logging_mixin.py:188} INFO - [2024-05-08T00:12:18.655-0300] {dag.py:3954} INFO - Setting next_dagrun for dag_exemplo to None, run_after=None
[2024-05-08T00:12:18.805-0300] {processor.py:183} INFO - Processing /mnt/c/Users/Tilto/Desktop/Work/Airflow/dags/dag_exemplo.py took 0.234 seconds
[2024-05-08T00:12:49.449-0300] {processor.py:161} INFO - Started process (PID=11851) to work on /mnt/c/Users/Tilto/Desktop/Work/Airflow/dags/dag_exemplo.py
[2024-05-08T00:12:49.450-0300] {processor.py:830} INFO - Processing file /mnt/c/Users/Tilto/Desktop/Work/Airflow/dags/dag_exemplo.py for tasks to queue
[2024-05-08T00:12:49.452-0300] {logging_mixin.py:188} INFO - [2024-05-08T00:12:49.451-0300] {dagbag.py:540} INFO - Filling up the DagBag from /mnt/c/Users/Tilto/Desktop/Work/Airflow/dags/dag_exemplo.py
[2024-05-08T00:12:49.474-0300] {processor.py:840} INFO - DAG(s) 'dag_exemplo' retrieved from /mnt/c/Users/Tilto/Desktop/Work/Airflow/dags/dag_exemplo.py
[2024-05-08T00:12:49.500-0300] {logging_mixin.py:188} INFO - [2024-05-08T00:12:49.500-0300] {dag.py:3096} INFO - Sync 1 DAGs
[2024-05-08T00:12:49.512-0300] {logging_mixin.py:188} INFO - [2024-05-08T00:12:49.512-0300] {dag.py:3954} INFO - Setting next_dagrun for dag_exemplo to None, run_after=None
[2024-05-08T00:12:49.570-0300] {processor.py:183} INFO - Processing /mnt/c/Users/Tilto/Desktop/Work/Airflow/dags/dag_exemplo.py took 0.126 seconds
[2024-05-08T00:13:20.296-0300] {processor.py:161} INFO - Started process (PID=11994) to work on /mnt/c/Users/Tilto/Desktop/Work/Airflow/dags/dag_exemplo.py
[2024-05-08T00:13:20.297-0300] {processor.py:830} INFO - Processing file /mnt/c/Users/Tilto/Desktop/Work/Airflow/dags/dag_exemplo.py for tasks to queue
[2024-05-08T00:13:20.298-0300] {logging_mixin.py:188} INFO - [2024-05-08T00:13:20.298-0300] {dagbag.py:540} INFO - Filling up the DagBag from /mnt/c/Users/Tilto/Desktop/Work/Airflow/dags/dag_exemplo.py
[2024-05-08T00:13:20.321-0300] {processor.py:840} INFO - DAG(s) 'dag_exemplo' retrieved from /mnt/c/Users/Tilto/Desktop/Work/Airflow/dags/dag_exemplo.py
[2024-05-08T00:13:20.345-0300] {logging_mixin.py:188} INFO - [2024-05-08T00:13:20.345-0300] {dag.py:3096} INFO - Sync 1 DAGs
[2024-05-08T00:13:20.358-0300] {logging_mixin.py:188} INFO - [2024-05-08T00:13:20.358-0300] {dag.py:3954} INFO - Setting next_dagrun for dag_exemplo to None, run_after=None
[2024-05-08T00:13:20.483-0300] {processor.py:183} INFO - Processing /mnt/c/Users/Tilto/Desktop/Work/Airflow/dags/dag_exemplo.py took 0.192 seconds
[2024-05-08T00:13:51.050-0300] {processor.py:161} INFO - Started process (PID=12136) to work on /mnt/c/Users/Tilto/Desktop/Work/Airflow/dags/dag_exemplo.py
[2024-05-08T00:13:51.051-0300] {processor.py:830} INFO - Processing file /mnt/c/Users/Tilto/Desktop/Work/Airflow/dags/dag_exemplo.py for tasks to queue
[2024-05-08T00:13:51.053-0300] {logging_mixin.py:188} INFO - [2024-05-08T00:13:51.052-0300] {dagbag.py:540} INFO - Filling up the DagBag from /mnt/c/Users/Tilto/Desktop/Work/Airflow/dags/dag_exemplo.py
[2024-05-08T00:13:51.073-0300] {processor.py:840} INFO - DAG(s) 'dag_exemplo' retrieved from /mnt/c/Users/Tilto/Desktop/Work/Airflow/dags/dag_exemplo.py
[2024-05-08T00:13:51.097-0300] {logging_mixin.py:188} INFO - [2024-05-08T00:13:51.097-0300] {dag.py:3096} INFO - Sync 1 DAGs
[2024-05-08T00:13:51.171-0300] {logging_mixin.py:188} INFO - [2024-05-08T00:13:51.171-0300] {dag.py:3954} INFO - Setting next_dagrun for dag_exemplo to None, run_after=None
[2024-05-08T00:13:51.233-0300] {processor.py:183} INFO - Processing /mnt/c/Users/Tilto/Desktop/Work/Airflow/dags/dag_exemplo.py took 0.187 seconds
