[2024-05-08T16:17:59.489-0300] {processor.py:161} INFO - Started process (PID=2669) to work on /mnt/c/Users/Tilto/Desktop/Work/Airflow/dags/dag_scheduler.py
[2024-05-08T16:17:59.490-0300] {processor.py:830} INFO - Processing file /mnt/c/Users/Tilto/Desktop/Work/Airflow/dags/dag_scheduler.py for tasks to queue
[2024-05-08T16:17:59.492-0300] {logging_mixin.py:188} INFO - [2024-05-08T16:17:59.491-0300] {dagbag.py:540} INFO - Filling up the DagBag from /mnt/c/Users/Tilto/Desktop/Work/Airflow/dags/dag_scheduler.py
[2024-05-08T16:17:59.514-0300] {logging_mixin.py:188} INFO - [2024-05-08T16:17:59.514-0300] {dagbag.py:350} ERROR - Failed to import: /mnt/c/Users/Tilto/Desktop/Work/Airflow/dags/dag_scheduler.py
Traceback (most recent call last):
  File "/usr/local/lib/python3.10/dist-packages/airflow/models/dagbag.py", line 346, in parse
    loader.exec_module(new_module)
  File "<frozen importlib._bootstrap_external>", line 879, in exec_module
  File "<frozen importlib._bootstrap_external>", line 1017, in get_code
  File "<frozen importlib._bootstrap_external>", line 947, in source_to_code
  File "<frozen importlib._bootstrap>", line 241, in _call_with_frames_removed
  File "/mnt/c/Users/Tilto/Desktop/Work/Airflow/dags/dag_scheduler.py", line 29
    schedule_interval=@daily,
                      ^
SyntaxError: invalid syntax
[2024-05-08T16:17:59.515-0300] {processor.py:842} WARNING - No viable dags retrieved from /mnt/c/Users/Tilto/Desktop/Work/Airflow/dags/dag_scheduler.py
[2024-05-08T16:17:59.553-0300] {processor.py:183} INFO - Processing /mnt/c/Users/Tilto/Desktop/Work/Airflow/dags/dag_scheduler.py took 0.070 seconds
[2024-05-08T16:18:30.540-0300] {processor.py:161} INFO - Started process (PID=2823) to work on /mnt/c/Users/Tilto/Desktop/Work/Airflow/dags/dag_scheduler.py
[2024-05-08T16:18:30.541-0300] {processor.py:830} INFO - Processing file /mnt/c/Users/Tilto/Desktop/Work/Airflow/dags/dag_scheduler.py for tasks to queue
[2024-05-08T16:18:30.543-0300] {logging_mixin.py:188} INFO - [2024-05-08T16:18:30.543-0300] {dagbag.py:540} INFO - Filling up the DagBag from /mnt/c/Users/Tilto/Desktop/Work/Airflow/dags/dag_scheduler.py
[2024-05-08T16:18:30.563-0300] {logging_mixin.py:188} INFO - [2024-05-08T16:18:30.562-0300] {dagbag.py:350} ERROR - Failed to import: /mnt/c/Users/Tilto/Desktop/Work/Airflow/dags/dag_scheduler.py
Traceback (most recent call last):
  File "/usr/local/lib/python3.10/dist-packages/airflow/models/dagbag.py", line 346, in parse
    loader.exec_module(new_module)
  File "<frozen importlib._bootstrap_external>", line 879, in exec_module
  File "<frozen importlib._bootstrap_external>", line 1017, in get_code
  File "<frozen importlib._bootstrap_external>", line 947, in source_to_code
  File "<frozen importlib._bootstrap>", line 241, in _call_with_frames_removed
  File "/mnt/c/Users/Tilto/Desktop/Work/Airflow/dags/dag_scheduler.py", line 29
    schedule_interval=@daily,
                      ^
SyntaxError: invalid syntax
[2024-05-08T16:18:30.563-0300] {processor.py:842} WARNING - No viable dags retrieved from /mnt/c/Users/Tilto/Desktop/Work/Airflow/dags/dag_scheduler.py
[2024-05-08T16:18:30.597-0300] {processor.py:183} INFO - Processing /mnt/c/Users/Tilto/Desktop/Work/Airflow/dags/dag_scheduler.py took 0.061 seconds
[2024-05-08T16:18:39.124-0300] {processor.py:161} INFO - Started process (PID=2888) to work on /mnt/c/Users/Tilto/Desktop/Work/Airflow/dags/dag_scheduler.py
[2024-05-08T16:18:39.126-0300] {processor.py:830} INFO - Processing file /mnt/c/Users/Tilto/Desktop/Work/Airflow/dags/dag_scheduler.py for tasks to queue
[2024-05-08T16:18:39.130-0300] {logging_mixin.py:188} INFO - [2024-05-08T16:18:39.129-0300] {dagbag.py:540} INFO - Filling up the DagBag from /mnt/c/Users/Tilto/Desktop/Work/Airflow/dags/dag_scheduler.py
[2024-05-08T16:18:39.163-0300] {logging_mixin.py:188} INFO - [2024-05-08T16:18:39.162-0300] {dagbag.py:350} ERROR - Failed to import: /mnt/c/Users/Tilto/Desktop/Work/Airflow/dags/dag_scheduler.py
Traceback (most recent call last):
  File "/usr/local/lib/python3.10/dist-packages/airflow/models/dagbag.py", line 346, in parse
    loader.exec_module(new_module)
  File "<frozen importlib._bootstrap_external>", line 879, in exec_module
  File "<frozen importlib._bootstrap_external>", line 1017, in get_code
  File "<frozen importlib._bootstrap_external>", line 947, in source_to_code
  File "<frozen importlib._bootstrap>", line 241, in _call_with_frames_removed
  File "/mnt/c/Users/Tilto/Desktop/Work/Airflow/dags/dag_scheduler.py", line 30
    start_date=datetime(2020, 1, 1)
               
SyntaxError: invalid syntax. Perhaps you forgot a comma?
[2024-05-08T16:18:39.164-0300] {processor.py:842} WARNING - No viable dags retrieved from /mnt/c/Users/Tilto/Desktop/Work/Airflow/dags/dag_scheduler.py
[2024-05-08T16:18:39.214-0300] {processor.py:183} INFO - Processing /mnt/c/Users/Tilto/Desktop/Work/Airflow/dags/dag_scheduler.py took 0.097 seconds
[2024-05-08T16:18:48.482-0300] {processor.py:161} INFO - Started process (PID=2960) to work on /mnt/c/Users/Tilto/Desktop/Work/Airflow/dags/dag_scheduler.py
[2024-05-08T16:18:48.483-0300] {processor.py:830} INFO - Processing file /mnt/c/Users/Tilto/Desktop/Work/Airflow/dags/dag_scheduler.py for tasks to queue
[2024-05-08T16:18:48.485-0300] {logging_mixin.py:188} INFO - [2024-05-08T16:18:48.485-0300] {dagbag.py:540} INFO - Filling up the DagBag from /mnt/c/Users/Tilto/Desktop/Work/Airflow/dags/dag_scheduler.py
[2024-05-08T16:18:48.507-0300] {logging_mixin.py:188} INFO - [2024-05-08T16:18:48.506-0300] {dagbag.py:350} ERROR - Failed to import: /mnt/c/Users/Tilto/Desktop/Work/Airflow/dags/dag_scheduler.py
Traceback (most recent call last):
  File "/usr/local/lib/python3.10/dist-packages/airflow/models/dagbag.py", line 346, in parse
    loader.exec_module(new_module)
  File "<frozen importlib._bootstrap_external>", line 879, in exec_module
  File "<frozen importlib._bootstrap_external>", line 1017, in get_code
  File "<frozen importlib._bootstrap_external>", line 947, in source_to_code
  File "<frozen importlib._bootstrap>", line 241, in _call_with_frames_removed
  File "/mnt/c/Users/Tilto/Desktop/Work/Airflow/dags/dag_scheduler.py", line 30
    start_date=datetime(2020, 1, 1)
               
SyntaxError: invalid syntax. Perhaps you forgot a comma?
[2024-05-08T16:18:48.508-0300] {processor.py:842} WARNING - No viable dags retrieved from /mnt/c/Users/Tilto/Desktop/Work/Airflow/dags/dag_scheduler.py
[2024-05-08T16:18:48.550-0300] {processor.py:183} INFO - Processing /mnt/c/Users/Tilto/Desktop/Work/Airflow/dags/dag_scheduler.py took 0.072 seconds
[2024-05-08T16:19:19.528-0300] {processor.py:161} INFO - Started process (PID=3192) to work on /mnt/c/Users/Tilto/Desktop/Work/Airflow/dags/dag_scheduler.py
[2024-05-08T16:19:19.529-0300] {processor.py:830} INFO - Processing file /mnt/c/Users/Tilto/Desktop/Work/Airflow/dags/dag_scheduler.py for tasks to queue
[2024-05-08T16:19:19.533-0300] {logging_mixin.py:188} INFO - [2024-05-08T16:19:19.532-0300] {dagbag.py:540} INFO - Filling up the DagBag from /mnt/c/Users/Tilto/Desktop/Work/Airflow/dags/dag_scheduler.py
[2024-05-08T16:19:19.559-0300] {logging_mixin.py:188} INFO - [2024-05-08T16:19:19.558-0300] {dagbag.py:350} ERROR - Failed to import: /mnt/c/Users/Tilto/Desktop/Work/Airflow/dags/dag_scheduler.py
Traceback (most recent call last):
  File "/usr/local/lib/python3.10/dist-packages/airflow/models/dagbag.py", line 346, in parse
    loader.exec_module(new_module)
  File "<frozen importlib._bootstrap_external>", line 879, in exec_module
  File "<frozen importlib._bootstrap_external>", line 1017, in get_code
  File "<frozen importlib._bootstrap_external>", line 947, in source_to_code
  File "<frozen importlib._bootstrap>", line 241, in _call_with_frames_removed
  File "/mnt/c/Users/Tilto/Desktop/Work/Airflow/dags/dag_scheduler.py", line 30
    start_date=datetime(2020, 1, 1)
               
SyntaxError: invalid syntax. Perhaps you forgot a comma?
[2024-05-08T16:19:19.560-0300] {processor.py:842} WARNING - No viable dags retrieved from /mnt/c/Users/Tilto/Desktop/Work/Airflow/dags/dag_scheduler.py
[2024-05-08T16:19:19.621-0300] {processor.py:183} INFO - Processing /mnt/c/Users/Tilto/Desktop/Work/Airflow/dags/dag_scheduler.py took 0.104 seconds
[2024-05-08T16:19:50.186-0300] {processor.py:161} INFO - Started process (PID=3339) to work on /mnt/c/Users/Tilto/Desktop/Work/Airflow/dags/dag_scheduler.py
[2024-05-08T16:19:50.187-0300] {processor.py:830} INFO - Processing file /mnt/c/Users/Tilto/Desktop/Work/Airflow/dags/dag_scheduler.py for tasks to queue
[2024-05-08T16:19:50.190-0300] {logging_mixin.py:188} INFO - [2024-05-08T16:19:50.189-0300] {dagbag.py:540} INFO - Filling up the DagBag from /mnt/c/Users/Tilto/Desktop/Work/Airflow/dags/dag_scheduler.py
[2024-05-08T16:19:50.212-0300] {logging_mixin.py:188} INFO - [2024-05-08T16:19:50.211-0300] {dagbag.py:350} ERROR - Failed to import: /mnt/c/Users/Tilto/Desktop/Work/Airflow/dags/dag_scheduler.py
Traceback (most recent call last):
  File "/usr/local/lib/python3.10/dist-packages/airflow/models/dagbag.py", line 346, in parse
    loader.exec_module(new_module)
  File "<frozen importlib._bootstrap_external>", line 879, in exec_module
  File "<frozen importlib._bootstrap_external>", line 1017, in get_code
  File "<frozen importlib._bootstrap_external>", line 947, in source_to_code
  File "<frozen importlib._bootstrap>", line 241, in _call_with_frames_removed
  File "/mnt/c/Users/Tilto/Desktop/Work/Airflow/dags/dag_scheduler.py", line 30
    start_date=datetime(2020, 1, 1)
               
SyntaxError: invalid syntax. Perhaps you forgot a comma?
[2024-05-08T16:19:50.213-0300] {processor.py:842} WARNING - No viable dags retrieved from /mnt/c/Users/Tilto/Desktop/Work/Airflow/dags/dag_scheduler.py
[2024-05-08T16:19:50.252-0300] {processor.py:183} INFO - Processing /mnt/c/Users/Tilto/Desktop/Work/Airflow/dags/dag_scheduler.py took 0.071 seconds
[2024-05-08T16:20:20.701-0300] {processor.py:161} INFO - Started process (PID=3488) to work on /mnt/c/Users/Tilto/Desktop/Work/Airflow/dags/dag_scheduler.py
[2024-05-08T16:20:20.702-0300] {processor.py:830} INFO - Processing file /mnt/c/Users/Tilto/Desktop/Work/Airflow/dags/dag_scheduler.py for tasks to queue
[2024-05-08T16:20:20.704-0300] {logging_mixin.py:188} INFO - [2024-05-08T16:20:20.703-0300] {dagbag.py:540} INFO - Filling up the DagBag from /mnt/c/Users/Tilto/Desktop/Work/Airflow/dags/dag_scheduler.py
[2024-05-08T16:20:20.723-0300] {logging_mixin.py:188} INFO - [2024-05-08T16:20:20.722-0300] {dagbag.py:350} ERROR - Failed to import: /mnt/c/Users/Tilto/Desktop/Work/Airflow/dags/dag_scheduler.py
Traceback (most recent call last):
  File "/usr/local/lib/python3.10/dist-packages/airflow/models/dagbag.py", line 346, in parse
    loader.exec_module(new_module)
  File "<frozen importlib._bootstrap_external>", line 879, in exec_module
  File "<frozen importlib._bootstrap_external>", line 1017, in get_code
  File "<frozen importlib._bootstrap_external>", line 947, in source_to_code
  File "<frozen importlib._bootstrap>", line 241, in _call_with_frames_removed
  File "/mnt/c/Users/Tilto/Desktop/Work/Airflow/dags/dag_scheduler.py", line 30
    start_date=datetime(2020, 1, 1)
               
SyntaxError: invalid syntax. Perhaps you forgot a comma?
[2024-05-08T16:20:20.724-0300] {processor.py:842} WARNING - No viable dags retrieved from /mnt/c/Users/Tilto/Desktop/Work/Airflow/dags/dag_scheduler.py
[2024-05-08T16:20:20.760-0300] {processor.py:183} INFO - Processing /mnt/c/Users/Tilto/Desktop/Work/Airflow/dags/dag_scheduler.py took 0.063 seconds
[2024-05-08T16:20:44.498-0300] {processor.py:161} INFO - Started process (PID=3641) to work on /mnt/c/Users/Tilto/Desktop/Work/Airflow/dags/dag_scheduler.py
[2024-05-08T16:20:44.499-0300] {processor.py:830} INFO - Processing file /mnt/c/Users/Tilto/Desktop/Work/Airflow/dags/dag_scheduler.py for tasks to queue
[2024-05-08T16:20:44.502-0300] {logging_mixin.py:188} INFO - [2024-05-08T16:20:44.501-0300] {dagbag.py:540} INFO - Filling up the DagBag from /mnt/c/Users/Tilto/Desktop/Work/Airflow/dags/dag_scheduler.py
[2024-05-08T16:20:44.523-0300] {logging_mixin.py:188} INFO - [2024-05-08T16:20:44.522-0300] {dagbag.py:350} ERROR - Failed to import: /mnt/c/Users/Tilto/Desktop/Work/Airflow/dags/dag_scheduler.py
Traceback (most recent call last):
  File "/usr/local/lib/python3.10/dist-packages/airflow/models/dagbag.py", line 346, in parse
    loader.exec_module(new_module)
  File "<frozen importlib._bootstrap_external>", line 879, in exec_module
  File "<frozen importlib._bootstrap_external>", line 1017, in get_code
  File "<frozen importlib._bootstrap_external>", line 947, in source_to_code
  File "<frozen importlib._bootstrap>", line 241, in _call_with_frames_removed
  File "/mnt/c/Users/Tilto/Desktop/Work/Airflow/dags/dag_scheduler.py", line 30
    start_date=datetime(2020, 1, 1)
               
SyntaxError: invalid syntax. Perhaps you forgot a comma?
[2024-05-08T16:20:44.523-0300] {processor.py:842} WARNING - No viable dags retrieved from /mnt/c/Users/Tilto/Desktop/Work/Airflow/dags/dag_scheduler.py
[2024-05-08T16:20:44.561-0300] {processor.py:183} INFO - Processing /mnt/c/Users/Tilto/Desktop/Work/Airflow/dags/dag_scheduler.py took 0.067 seconds
[2024-05-08T16:21:15.735-0300] {processor.py:161} INFO - Started process (PID=3799) to work on /mnt/c/Users/Tilto/Desktop/Work/Airflow/dags/dag_scheduler.py
[2024-05-08T16:21:15.736-0300] {processor.py:830} INFO - Processing file /mnt/c/Users/Tilto/Desktop/Work/Airflow/dags/dag_scheduler.py for tasks to queue
[2024-05-08T16:21:15.737-0300] {logging_mixin.py:188} INFO - [2024-05-08T16:21:15.737-0300] {dagbag.py:540} INFO - Filling up the DagBag from /mnt/c/Users/Tilto/Desktop/Work/Airflow/dags/dag_scheduler.py
[2024-05-08T16:21:15.756-0300] {logging_mixin.py:188} INFO - [2024-05-08T16:21:15.755-0300] {dagbag.py:350} ERROR - Failed to import: /mnt/c/Users/Tilto/Desktop/Work/Airflow/dags/dag_scheduler.py
Traceback (most recent call last):
  File "/usr/local/lib/python3.10/dist-packages/airflow/models/dagbag.py", line 346, in parse
    loader.exec_module(new_module)
  File "<frozen importlib._bootstrap_external>", line 879, in exec_module
  File "<frozen importlib._bootstrap_external>", line 1017, in get_code
  File "<frozen importlib._bootstrap_external>", line 947, in source_to_code
  File "<frozen importlib._bootstrap>", line 241, in _call_with_frames_removed
  File "/mnt/c/Users/Tilto/Desktop/Work/Airflow/dags/dag_scheduler.py", line 30
    start_date=datetime(2020, 1, 1)
               
SyntaxError: invalid syntax. Perhaps you forgot a comma?
[2024-05-08T16:21:15.756-0300] {processor.py:842} WARNING - No viable dags retrieved from /mnt/c/Users/Tilto/Desktop/Work/Airflow/dags/dag_scheduler.py
[2024-05-08T16:21:15.885-0300] {processor.py:183} INFO - Processing /mnt/c/Users/Tilto/Desktop/Work/Airflow/dags/dag_scheduler.py took 0.155 seconds
[2024-05-08T16:21:46.393-0300] {processor.py:161} INFO - Started process (PID=3944) to work on /mnt/c/Users/Tilto/Desktop/Work/Airflow/dags/dag_scheduler.py
[2024-05-08T16:21:46.394-0300] {processor.py:830} INFO - Processing file /mnt/c/Users/Tilto/Desktop/Work/Airflow/dags/dag_scheduler.py for tasks to queue
[2024-05-08T16:21:46.396-0300] {logging_mixin.py:188} INFO - [2024-05-08T16:21:46.395-0300] {dagbag.py:540} INFO - Filling up the DagBag from /mnt/c/Users/Tilto/Desktop/Work/Airflow/dags/dag_scheduler.py
[2024-05-08T16:21:46.412-0300] {logging_mixin.py:188} INFO - [2024-05-08T16:21:46.411-0300] {dagbag.py:350} ERROR - Failed to import: /mnt/c/Users/Tilto/Desktop/Work/Airflow/dags/dag_scheduler.py
Traceback (most recent call last):
  File "/usr/local/lib/python3.10/dist-packages/airflow/models/dagbag.py", line 346, in parse
    loader.exec_module(new_module)
  File "<frozen importlib._bootstrap_external>", line 879, in exec_module
  File "<frozen importlib._bootstrap_external>", line 1017, in get_code
  File "<frozen importlib._bootstrap_external>", line 947, in source_to_code
  File "<frozen importlib._bootstrap>", line 241, in _call_with_frames_removed
  File "/mnt/c/Users/Tilto/Desktop/Work/Airflow/dags/dag_scheduler.py", line 30
    start_date=datetime(2020, 1, 1)
               
SyntaxError: invalid syntax. Perhaps you forgot a comma?
[2024-05-08T16:21:46.412-0300] {processor.py:842} WARNING - No viable dags retrieved from /mnt/c/Users/Tilto/Desktop/Work/Airflow/dags/dag_scheduler.py
[2024-05-08T16:21:46.440-0300] {processor.py:183} INFO - Processing /mnt/c/Users/Tilto/Desktop/Work/Airflow/dags/dag_scheduler.py took 0.052 seconds
[2024-05-08T16:22:15.773-0300] {processor.py:161} INFO - Started process (PID=4082) to work on /mnt/c/Users/Tilto/Desktop/Work/Airflow/dags/dag_scheduler.py
[2024-05-08T16:22:15.775-0300] {processor.py:830} INFO - Processing file /mnt/c/Users/Tilto/Desktop/Work/Airflow/dags/dag_scheduler.py for tasks to queue
[2024-05-08T16:22:15.779-0300] {logging_mixin.py:188} INFO - [2024-05-08T16:22:15.777-0300] {dagbag.py:540} INFO - Filling up the DagBag from /mnt/c/Users/Tilto/Desktop/Work/Airflow/dags/dag_scheduler.py
[2024-05-08T16:22:15.824-0300] {processor.py:840} INFO - DAG(s) 'dag_scheduler' retrieved from /mnt/c/Users/Tilto/Desktop/Work/Airflow/dags/dag_scheduler.py
[2024-05-08T16:22:16.083-0300] {logging_mixin.py:188} INFO - [2024-05-08T16:22:16.082-0300] {override.py:1829} INFO - Created Permission View: can delete on DAG:dag_scheduler
[2024-05-08T16:22:16.138-0300] {logging_mixin.py:188} INFO - [2024-05-08T16:22:16.138-0300] {override.py:1829} INFO - Created Permission View: can read on DAG:dag_scheduler
[2024-05-08T16:22:16.214-0300] {logging_mixin.py:188} INFO - [2024-05-08T16:22:16.214-0300] {override.py:1829} INFO - Created Permission View: can edit on DAG:dag_scheduler
[2024-05-08T16:22:16.216-0300] {logging_mixin.py:188} INFO - [2024-05-08T16:22:16.216-0300] {dag.py:3096} INFO - Sync 1 DAGs
[2024-05-08T16:22:16.246-0300] {logging_mixin.py:188} INFO - [2024-05-08T16:22:16.246-0300] {dag.py:3118} INFO - Creating ORM DAG for dag_scheduler
[2024-05-08T16:22:16.272-0300] {logging_mixin.py:188} INFO - [2024-05-08T16:22:16.272-0300] {dag.py:3954} INFO - Setting next_dagrun for dag_scheduler to 2024-05-07 00:00:00+00:00, run_after=2024-05-08 00:00:00+00:00
[2024-05-08T16:22:16.390-0300] {processor.py:183} INFO - Processing /mnt/c/Users/Tilto/Desktop/Work/Airflow/dags/dag_scheduler.py took 0.627 seconds
[2024-05-08T16:22:38.383-0300] {processor.py:161} INFO - Started process (PID=4291) to work on /mnt/c/Users/Tilto/Desktop/Work/Airflow/dags/dag_scheduler.py
[2024-05-08T16:22:38.384-0300] {processor.py:830} INFO - Processing file /mnt/c/Users/Tilto/Desktop/Work/Airflow/dags/dag_scheduler.py for tasks to queue
[2024-05-08T16:22:38.386-0300] {logging_mixin.py:188} INFO - [2024-05-08T16:22:38.386-0300] {dagbag.py:540} INFO - Filling up the DagBag from /mnt/c/Users/Tilto/Desktop/Work/Airflow/dags/dag_scheduler.py
[2024-05-08T16:22:38.414-0300] {processor.py:840} INFO - DAG(s) 'dag_scheduler' retrieved from /mnt/c/Users/Tilto/Desktop/Work/Airflow/dags/dag_scheduler.py
[2024-05-08T16:22:38.431-0300] {logging_mixin.py:188} INFO - [2024-05-08T16:22:38.431-0300] {dag.py:3096} INFO - Sync 1 DAGs
[2024-05-08T16:22:38.465-0300] {logging_mixin.py:188} INFO - [2024-05-08T16:22:38.465-0300] {dag.py:3954} INFO - Setting next_dagrun for dag_scheduler to 2024-05-07 00:00:00+00:00, run_after=2024-05-08 00:00:00+00:00
[2024-05-08T16:22:38.533-0300] {processor.py:183} INFO - Processing /mnt/c/Users/Tilto/Desktop/Work/Airflow/dags/dag_scheduler.py took 0.155 seconds
[2024-05-08T16:23:13.732-0300] {processor.py:161} INFO - Started process (PID=4470) to work on /mnt/c/Users/Tilto/Desktop/Work/Airflow/dags/dag_scheduler.py
[2024-05-08T16:23:13.735-0300] {processor.py:830} INFO - Processing file /mnt/c/Users/Tilto/Desktop/Work/Airflow/dags/dag_scheduler.py for tasks to queue
[2024-05-08T16:23:13.737-0300] {logging_mixin.py:188} INFO - [2024-05-08T16:23:13.737-0300] {dagbag.py:540} INFO - Filling up the DagBag from /mnt/c/Users/Tilto/Desktop/Work/Airflow/dags/dag_scheduler.py
[2024-05-08T16:23:13.763-0300] {processor.py:840} INFO - DAG(s) 'dag_scheduler' retrieved from /mnt/c/Users/Tilto/Desktop/Work/Airflow/dags/dag_scheduler.py
[2024-05-08T16:23:13.879-0300] {logging_mixin.py:188} INFO - [2024-05-08T16:23:13.879-0300] {dag.py:3096} INFO - Sync 1 DAGs
[2024-05-08T16:23:13.907-0300] {logging_mixin.py:188} INFO - [2024-05-08T16:23:13.907-0300] {dag.py:3954} INFO - Setting next_dagrun for dag_scheduler to 2024-05-08 00:00:00+00:00, run_after=2024-05-09 00:00:00+00:00
[2024-05-08T16:23:13.975-0300] {processor.py:183} INFO - Processing /mnt/c/Users/Tilto/Desktop/Work/Airflow/dags/dag_scheduler.py took 0.249 seconds
[2024-05-08T16:23:44.096-0300] {processor.py:161} INFO - Started process (PID=4613) to work on /mnt/c/Users/Tilto/Desktop/Work/Airflow/dags/dag_scheduler.py
[2024-05-08T16:23:44.098-0300] {processor.py:830} INFO - Processing file /mnt/c/Users/Tilto/Desktop/Work/Airflow/dags/dag_scheduler.py for tasks to queue
[2024-05-08T16:23:44.099-0300] {logging_mixin.py:188} INFO - [2024-05-08T16:23:44.099-0300] {dagbag.py:540} INFO - Filling up the DagBag from /mnt/c/Users/Tilto/Desktop/Work/Airflow/dags/dag_scheduler.py
[2024-05-08T16:23:44.127-0300] {processor.py:840} INFO - DAG(s) 'dag_scheduler' retrieved from /mnt/c/Users/Tilto/Desktop/Work/Airflow/dags/dag_scheduler.py
[2024-05-08T16:23:44.167-0300] {logging_mixin.py:188} INFO - [2024-05-08T16:23:44.167-0300] {dag.py:3096} INFO - Sync 1 DAGs
[2024-05-08T16:23:44.198-0300] {logging_mixin.py:188} INFO - [2024-05-08T16:23:44.198-0300] {dag.py:3954} INFO - Setting next_dagrun for dag_scheduler to 2024-05-08 00:00:00+00:00, run_after=2024-05-09 00:00:00+00:00
[2024-05-08T16:23:44.263-0300] {processor.py:183} INFO - Processing /mnt/c/Users/Tilto/Desktop/Work/Airflow/dags/dag_scheduler.py took 0.174 seconds
[2024-05-08T16:24:14.599-0300] {processor.py:161} INFO - Started process (PID=4759) to work on /mnt/c/Users/Tilto/Desktop/Work/Airflow/dags/dag_scheduler.py
[2024-05-08T16:24:14.600-0300] {processor.py:830} INFO - Processing file /mnt/c/Users/Tilto/Desktop/Work/Airflow/dags/dag_scheduler.py for tasks to queue
[2024-05-08T16:24:14.602-0300] {logging_mixin.py:188} INFO - [2024-05-08T16:24:14.602-0300] {dagbag.py:540} INFO - Filling up the DagBag from /mnt/c/Users/Tilto/Desktop/Work/Airflow/dags/dag_scheduler.py
[2024-05-08T16:24:14.628-0300] {processor.py:840} INFO - DAG(s) 'dag_scheduler' retrieved from /mnt/c/Users/Tilto/Desktop/Work/Airflow/dags/dag_scheduler.py
[2024-05-08T16:24:14.657-0300] {logging_mixin.py:188} INFO - [2024-05-08T16:24:14.656-0300] {dag.py:3096} INFO - Sync 1 DAGs
[2024-05-08T16:24:14.683-0300] {logging_mixin.py:188} INFO - [2024-05-08T16:24:14.682-0300] {dag.py:3954} INFO - Setting next_dagrun for dag_scheduler to 2024-05-08 00:00:00+00:00, run_after=2024-05-09 00:00:00+00:00
[2024-05-08T16:24:14.742-0300] {processor.py:183} INFO - Processing /mnt/c/Users/Tilto/Desktop/Work/Airflow/dags/dag_scheduler.py took 0.148 seconds
[2024-05-08T16:24:45.233-0300] {processor.py:161} INFO - Started process (PID=4901) to work on /mnt/c/Users/Tilto/Desktop/Work/Airflow/dags/dag_scheduler.py
[2024-05-08T16:24:45.234-0300] {processor.py:830} INFO - Processing file /mnt/c/Users/Tilto/Desktop/Work/Airflow/dags/dag_scheduler.py for tasks to queue
[2024-05-08T16:24:45.235-0300] {logging_mixin.py:188} INFO - [2024-05-08T16:24:45.235-0300] {dagbag.py:540} INFO - Filling up the DagBag from /mnt/c/Users/Tilto/Desktop/Work/Airflow/dags/dag_scheduler.py
[2024-05-08T16:24:45.256-0300] {processor.py:840} INFO - DAG(s) 'dag_scheduler' retrieved from /mnt/c/Users/Tilto/Desktop/Work/Airflow/dags/dag_scheduler.py
[2024-05-08T16:24:45.282-0300] {logging_mixin.py:188} INFO - [2024-05-08T16:24:45.281-0300] {dag.py:3096} INFO - Sync 1 DAGs
[2024-05-08T16:24:45.304-0300] {logging_mixin.py:188} INFO - [2024-05-08T16:24:45.304-0300] {dag.py:3954} INFO - Setting next_dagrun for dag_scheduler to 2024-05-08 00:00:00+00:00, run_after=2024-05-09 00:00:00+00:00
[2024-05-08T16:24:45.362-0300] {processor.py:183} INFO - Processing /mnt/c/Users/Tilto/Desktop/Work/Airflow/dags/dag_scheduler.py took 0.134 seconds
[2024-05-08T16:25:15.665-0300] {processor.py:161} INFO - Started process (PID=5043) to work on /mnt/c/Users/Tilto/Desktop/Work/Airflow/dags/dag_scheduler.py
[2024-05-08T16:25:15.666-0300] {processor.py:830} INFO - Processing file /mnt/c/Users/Tilto/Desktop/Work/Airflow/dags/dag_scheduler.py for tasks to queue
[2024-05-08T16:25:15.668-0300] {logging_mixin.py:188} INFO - [2024-05-08T16:25:15.667-0300] {dagbag.py:540} INFO - Filling up the DagBag from /mnt/c/Users/Tilto/Desktop/Work/Airflow/dags/dag_scheduler.py
[2024-05-08T16:25:15.697-0300] {processor.py:840} INFO - DAG(s) 'dag_scheduler' retrieved from /mnt/c/Users/Tilto/Desktop/Work/Airflow/dags/dag_scheduler.py
[2024-05-08T16:25:15.729-0300] {logging_mixin.py:188} INFO - [2024-05-08T16:25:15.729-0300] {dag.py:3096} INFO - Sync 1 DAGs
[2024-05-08T16:25:15.762-0300] {logging_mixin.py:188} INFO - [2024-05-08T16:25:15.761-0300] {dag.py:3954} INFO - Setting next_dagrun for dag_scheduler to 2024-05-08 00:00:00+00:00, run_after=2024-05-09 00:00:00+00:00
[2024-05-08T16:25:15.842-0300] {processor.py:183} INFO - Processing /mnt/c/Users/Tilto/Desktop/Work/Airflow/dags/dag_scheduler.py took 0.183 seconds
[2024-05-08T16:25:46.537-0300] {processor.py:161} INFO - Started process (PID=5189) to work on /mnt/c/Users/Tilto/Desktop/Work/Airflow/dags/dag_scheduler.py
[2024-05-08T16:25:46.539-0300] {processor.py:830} INFO - Processing file /mnt/c/Users/Tilto/Desktop/Work/Airflow/dags/dag_scheduler.py for tasks to queue
[2024-05-08T16:25:46.541-0300] {logging_mixin.py:188} INFO - [2024-05-08T16:25:46.540-0300] {dagbag.py:540} INFO - Filling up the DagBag from /mnt/c/Users/Tilto/Desktop/Work/Airflow/dags/dag_scheduler.py
[2024-05-08T16:25:46.563-0300] {processor.py:840} INFO - DAG(s) 'dag_scheduler' retrieved from /mnt/c/Users/Tilto/Desktop/Work/Airflow/dags/dag_scheduler.py
[2024-05-08T16:25:46.591-0300] {logging_mixin.py:188} INFO - [2024-05-08T16:25:46.590-0300] {dag.py:3096} INFO - Sync 1 DAGs
[2024-05-08T16:25:46.616-0300] {logging_mixin.py:188} INFO - [2024-05-08T16:25:46.615-0300] {dag.py:3954} INFO - Setting next_dagrun for dag_scheduler to 2024-05-08 00:00:00+00:00, run_after=2024-05-09 00:00:00+00:00
[2024-05-08T16:25:46.677-0300] {processor.py:183} INFO - Processing /mnt/c/Users/Tilto/Desktop/Work/Airflow/dags/dag_scheduler.py took 0.144 seconds
[2024-05-08T16:26:17.187-0300] {processor.py:161} INFO - Started process (PID=5332) to work on /mnt/c/Users/Tilto/Desktop/Work/Airflow/dags/dag_scheduler.py
[2024-05-08T16:26:17.188-0300] {processor.py:830} INFO - Processing file /mnt/c/Users/Tilto/Desktop/Work/Airflow/dags/dag_scheduler.py for tasks to queue
[2024-05-08T16:26:17.189-0300] {logging_mixin.py:188} INFO - [2024-05-08T16:26:17.189-0300] {dagbag.py:540} INFO - Filling up the DagBag from /mnt/c/Users/Tilto/Desktop/Work/Airflow/dags/dag_scheduler.py
[2024-05-08T16:26:17.212-0300] {processor.py:840} INFO - DAG(s) 'dag_scheduler' retrieved from /mnt/c/Users/Tilto/Desktop/Work/Airflow/dags/dag_scheduler.py
[2024-05-08T16:26:17.236-0300] {logging_mixin.py:188} INFO - [2024-05-08T16:26:17.236-0300] {dag.py:3096} INFO - Sync 1 DAGs
[2024-05-08T16:26:17.260-0300] {logging_mixin.py:188} INFO - [2024-05-08T16:26:17.260-0300] {dag.py:3954} INFO - Setting next_dagrun for dag_scheduler to 2024-05-08 00:00:00+00:00, run_after=2024-05-09 00:00:00+00:00
[2024-05-08T16:26:17.318-0300] {processor.py:183} INFO - Processing /mnt/c/Users/Tilto/Desktop/Work/Airflow/dags/dag_scheduler.py took 0.136 seconds
[2024-05-08T16:26:47.644-0300] {processor.py:161} INFO - Started process (PID=5474) to work on /mnt/c/Users/Tilto/Desktop/Work/Airflow/dags/dag_scheduler.py
[2024-05-08T16:26:47.645-0300] {processor.py:830} INFO - Processing file /mnt/c/Users/Tilto/Desktop/Work/Airflow/dags/dag_scheduler.py for tasks to queue
[2024-05-08T16:26:47.646-0300] {logging_mixin.py:188} INFO - [2024-05-08T16:26:47.646-0300] {dagbag.py:540} INFO - Filling up the DagBag from /mnt/c/Users/Tilto/Desktop/Work/Airflow/dags/dag_scheduler.py
[2024-05-08T16:26:47.675-0300] {processor.py:840} INFO - DAG(s) 'dag_scheduler' retrieved from /mnt/c/Users/Tilto/Desktop/Work/Airflow/dags/dag_scheduler.py
[2024-05-08T16:26:47.707-0300] {logging_mixin.py:188} INFO - [2024-05-08T16:26:47.707-0300] {dag.py:3096} INFO - Sync 1 DAGs
[2024-05-08T16:26:47.736-0300] {logging_mixin.py:188} INFO - [2024-05-08T16:26:47.736-0300] {dag.py:3954} INFO - Setting next_dagrun for dag_scheduler to 2024-05-08 00:00:00+00:00, run_after=2024-05-09 00:00:00+00:00
[2024-05-08T16:26:47.860-0300] {processor.py:183} INFO - Processing /mnt/c/Users/Tilto/Desktop/Work/Airflow/dags/dag_scheduler.py took 0.221 seconds
[2024-05-08T16:27:18.417-0300] {processor.py:161} INFO - Started process (PID=5621) to work on /mnt/c/Users/Tilto/Desktop/Work/Airflow/dags/dag_scheduler.py
[2024-05-08T16:27:18.418-0300] {processor.py:830} INFO - Processing file /mnt/c/Users/Tilto/Desktop/Work/Airflow/dags/dag_scheduler.py for tasks to queue
[2024-05-08T16:27:18.420-0300] {logging_mixin.py:188} INFO - [2024-05-08T16:27:18.420-0300] {dagbag.py:540} INFO - Filling up the DagBag from /mnt/c/Users/Tilto/Desktop/Work/Airflow/dags/dag_scheduler.py
[2024-05-08T16:27:18.458-0300] {processor.py:840} INFO - DAG(s) 'dag_scheduler' retrieved from /mnt/c/Users/Tilto/Desktop/Work/Airflow/dags/dag_scheduler.py
[2024-05-08T16:27:18.491-0300] {logging_mixin.py:188} INFO - [2024-05-08T16:27:18.491-0300] {dag.py:3096} INFO - Sync 1 DAGs
[2024-05-08T16:27:18.519-0300] {logging_mixin.py:188} INFO - [2024-05-08T16:27:18.519-0300] {dag.py:3954} INFO - Setting next_dagrun for dag_scheduler to 2024-05-08 00:00:00+00:00, run_after=2024-05-09 00:00:00+00:00
[2024-05-08T16:27:18.580-0300] {processor.py:183} INFO - Processing /mnt/c/Users/Tilto/Desktop/Work/Airflow/dags/dag_scheduler.py took 0.172 seconds
[2024-05-08T16:27:48.888-0300] {processor.py:161} INFO - Started process (PID=5766) to work on /mnt/c/Users/Tilto/Desktop/Work/Airflow/dags/dag_scheduler.py
[2024-05-08T16:27:48.889-0300] {processor.py:830} INFO - Processing file /mnt/c/Users/Tilto/Desktop/Work/Airflow/dags/dag_scheduler.py for tasks to queue
[2024-05-08T16:27:48.891-0300] {logging_mixin.py:188} INFO - [2024-05-08T16:27:48.891-0300] {dagbag.py:540} INFO - Filling up the DagBag from /mnt/c/Users/Tilto/Desktop/Work/Airflow/dags/dag_scheduler.py
[2024-05-08T16:27:48.917-0300] {processor.py:840} INFO - DAG(s) 'dag_scheduler' retrieved from /mnt/c/Users/Tilto/Desktop/Work/Airflow/dags/dag_scheduler.py
[2024-05-08T16:27:48.942-0300] {logging_mixin.py:188} INFO - [2024-05-08T16:27:48.941-0300] {dag.py:3096} INFO - Sync 1 DAGs
[2024-05-08T16:27:48.967-0300] {logging_mixin.py:188} INFO - [2024-05-08T16:27:48.967-0300] {dag.py:3954} INFO - Setting next_dagrun for dag_scheduler to 2024-05-08 00:00:00+00:00, run_after=2024-05-09 00:00:00+00:00
[2024-05-08T16:27:49.058-0300] {processor.py:183} INFO - Processing /mnt/c/Users/Tilto/Desktop/Work/Airflow/dags/dag_scheduler.py took 0.176 seconds
[2024-05-08T16:28:19.327-0300] {processor.py:161} INFO - Started process (PID=5909) to work on /mnt/c/Users/Tilto/Desktop/Work/Airflow/dags/dag_scheduler.py
[2024-05-08T16:28:19.328-0300] {processor.py:830} INFO - Processing file /mnt/c/Users/Tilto/Desktop/Work/Airflow/dags/dag_scheduler.py for tasks to queue
[2024-05-08T16:28:19.329-0300] {logging_mixin.py:188} INFO - [2024-05-08T16:28:19.329-0300] {dagbag.py:540} INFO - Filling up the DagBag from /mnt/c/Users/Tilto/Desktop/Work/Airflow/dags/dag_scheduler.py
[2024-05-08T16:28:19.354-0300] {processor.py:840} INFO - DAG(s) 'dag_scheduler' retrieved from /mnt/c/Users/Tilto/Desktop/Work/Airflow/dags/dag_scheduler.py
[2024-05-08T16:28:19.380-0300] {logging_mixin.py:188} INFO - [2024-05-08T16:28:19.379-0300] {dag.py:3096} INFO - Sync 1 DAGs
[2024-05-08T16:28:19.415-0300] {logging_mixin.py:188} INFO - [2024-05-08T16:28:19.415-0300] {dag.py:3954} INFO - Setting next_dagrun for dag_scheduler to 2024-05-08 00:00:00+00:00, run_after=2024-05-09 00:00:00+00:00
[2024-05-08T16:28:19.485-0300] {processor.py:183} INFO - Processing /mnt/c/Users/Tilto/Desktop/Work/Airflow/dags/dag_scheduler.py took 0.163 seconds
[2024-05-08T16:28:50.198-0300] {processor.py:161} INFO - Started process (PID=6053) to work on /mnt/c/Users/Tilto/Desktop/Work/Airflow/dags/dag_scheduler.py
[2024-05-08T16:28:50.199-0300] {processor.py:830} INFO - Processing file /mnt/c/Users/Tilto/Desktop/Work/Airflow/dags/dag_scheduler.py for tasks to queue
[2024-05-08T16:28:50.200-0300] {logging_mixin.py:188} INFO - [2024-05-08T16:28:50.200-0300] {dagbag.py:540} INFO - Filling up the DagBag from /mnt/c/Users/Tilto/Desktop/Work/Airflow/dags/dag_scheduler.py
[2024-05-08T16:28:50.223-0300] {processor.py:840} INFO - DAG(s) 'dag_scheduler' retrieved from /mnt/c/Users/Tilto/Desktop/Work/Airflow/dags/dag_scheduler.py
[2024-05-08T16:28:50.248-0300] {logging_mixin.py:188} INFO - [2024-05-08T16:28:50.247-0300] {dag.py:3096} INFO - Sync 1 DAGs
[2024-05-08T16:28:50.271-0300] {logging_mixin.py:188} INFO - [2024-05-08T16:28:50.271-0300] {dag.py:3954} INFO - Setting next_dagrun for dag_scheduler to 2024-05-08 00:00:00+00:00, run_after=2024-05-09 00:00:00+00:00
[2024-05-08T16:28:50.328-0300] {processor.py:183} INFO - Processing /mnt/c/Users/Tilto/Desktop/Work/Airflow/dags/dag_scheduler.py took 0.135 seconds
[2024-05-08T16:29:20.851-0300] {processor.py:161} INFO - Started process (PID=6195) to work on /mnt/c/Users/Tilto/Desktop/Work/Airflow/dags/dag_scheduler.py
[2024-05-08T16:29:20.852-0300] {processor.py:830} INFO - Processing file /mnt/c/Users/Tilto/Desktop/Work/Airflow/dags/dag_scheduler.py for tasks to queue
[2024-05-08T16:29:20.853-0300] {logging_mixin.py:188} INFO - [2024-05-08T16:29:20.853-0300] {dagbag.py:540} INFO - Filling up the DagBag from /mnt/c/Users/Tilto/Desktop/Work/Airflow/dags/dag_scheduler.py
[2024-05-08T16:29:20.877-0300] {processor.py:840} INFO - DAG(s) 'dag_scheduler' retrieved from /mnt/c/Users/Tilto/Desktop/Work/Airflow/dags/dag_scheduler.py
[2024-05-08T16:29:20.903-0300] {logging_mixin.py:188} INFO - [2024-05-08T16:29:20.902-0300] {dag.py:3096} INFO - Sync 1 DAGs
[2024-05-08T16:29:20.927-0300] {logging_mixin.py:188} INFO - [2024-05-08T16:29:20.927-0300] {dag.py:3954} INFO - Setting next_dagrun for dag_scheduler to 2024-05-08 00:00:00+00:00, run_after=2024-05-09 00:00:00+00:00
[2024-05-08T16:29:20.988-0300] {processor.py:183} INFO - Processing /mnt/c/Users/Tilto/Desktop/Work/Airflow/dags/dag_scheduler.py took 0.141 seconds
[2024-05-08T16:29:51.269-0300] {processor.py:161} INFO - Started process (PID=6340) to work on /mnt/c/Users/Tilto/Desktop/Work/Airflow/dags/dag_scheduler.py
[2024-05-08T16:29:51.270-0300] {processor.py:830} INFO - Processing file /mnt/c/Users/Tilto/Desktop/Work/Airflow/dags/dag_scheduler.py for tasks to queue
[2024-05-08T16:29:51.271-0300] {logging_mixin.py:188} INFO - [2024-05-08T16:29:51.271-0300] {dagbag.py:540} INFO - Filling up the DagBag from /mnt/c/Users/Tilto/Desktop/Work/Airflow/dags/dag_scheduler.py
[2024-05-08T16:29:51.297-0300] {processor.py:840} INFO - DAG(s) 'dag_scheduler' retrieved from /mnt/c/Users/Tilto/Desktop/Work/Airflow/dags/dag_scheduler.py
[2024-05-08T16:29:51.327-0300] {logging_mixin.py:188} INFO - [2024-05-08T16:29:51.326-0300] {dag.py:3096} INFO - Sync 1 DAGs
[2024-05-08T16:29:51.354-0300] {logging_mixin.py:188} INFO - [2024-05-08T16:29:51.353-0300] {dag.py:3954} INFO - Setting next_dagrun for dag_scheduler to 2024-05-08 00:00:00+00:00, run_after=2024-05-09 00:00:00+00:00
[2024-05-08T16:29:51.546-0300] {processor.py:183} INFO - Processing /mnt/c/Users/Tilto/Desktop/Work/Airflow/dags/dag_scheduler.py took 0.282 seconds
[2024-05-08T16:30:22.023-0300] {processor.py:161} INFO - Started process (PID=6494) to work on /mnt/c/Users/Tilto/Desktop/Work/Airflow/dags/dag_scheduler.py
[2024-05-08T16:30:22.024-0300] {processor.py:830} INFO - Processing file /mnt/c/Users/Tilto/Desktop/Work/Airflow/dags/dag_scheduler.py for tasks to queue
[2024-05-08T16:30:22.026-0300] {logging_mixin.py:188} INFO - [2024-05-08T16:30:22.025-0300] {dagbag.py:540} INFO - Filling up the DagBag from /mnt/c/Users/Tilto/Desktop/Work/Airflow/dags/dag_scheduler.py
[2024-05-08T16:30:22.048-0300] {processor.py:840} INFO - DAG(s) 'dag_scheduler' retrieved from /mnt/c/Users/Tilto/Desktop/Work/Airflow/dags/dag_scheduler.py
[2024-05-08T16:30:22.076-0300] {logging_mixin.py:188} INFO - [2024-05-08T16:30:22.075-0300] {dag.py:3096} INFO - Sync 1 DAGs
[2024-05-08T16:30:22.102-0300] {logging_mixin.py:188} INFO - [2024-05-08T16:30:22.102-0300] {dag.py:3954} INFO - Setting next_dagrun for dag_scheduler to 2024-05-08 00:00:00+00:00, run_after=2024-05-09 00:00:00+00:00
[2024-05-08T16:30:22.228-0300] {processor.py:183} INFO - Processing /mnt/c/Users/Tilto/Desktop/Work/Airflow/dags/dag_scheduler.py took 0.210 seconds
[2024-05-08T16:30:52.772-0300] {processor.py:161} INFO - Started process (PID=6637) to work on /mnt/c/Users/Tilto/Desktop/Work/Airflow/dags/dag_scheduler.py
[2024-05-08T16:30:52.773-0300] {processor.py:830} INFO - Processing file /mnt/c/Users/Tilto/Desktop/Work/Airflow/dags/dag_scheduler.py for tasks to queue
[2024-05-08T16:30:52.774-0300] {logging_mixin.py:188} INFO - [2024-05-08T16:30:52.774-0300] {dagbag.py:540} INFO - Filling up the DagBag from /mnt/c/Users/Tilto/Desktop/Work/Airflow/dags/dag_scheduler.py
[2024-05-08T16:30:52.796-0300] {processor.py:840} INFO - DAG(s) 'dag_scheduler' retrieved from /mnt/c/Users/Tilto/Desktop/Work/Airflow/dags/dag_scheduler.py
[2024-05-08T16:30:52.822-0300] {logging_mixin.py:188} INFO - [2024-05-08T16:30:52.822-0300] {dag.py:3096} INFO - Sync 1 DAGs
[2024-05-08T16:30:52.913-0300] {logging_mixin.py:188} INFO - [2024-05-08T16:30:52.912-0300] {dag.py:3954} INFO - Setting next_dagrun for dag_scheduler to 2024-05-08 00:00:00+00:00, run_after=2024-05-09 00:00:00+00:00
[2024-05-08T16:30:52.972-0300] {processor.py:183} INFO - Processing /mnt/c/Users/Tilto/Desktop/Work/Airflow/dags/dag_scheduler.py took 0.205 seconds
[2024-05-08T16:31:23.626-0300] {processor.py:161} INFO - Started process (PID=6780) to work on /mnt/c/Users/Tilto/Desktop/Work/Airflow/dags/dag_scheduler.py
[2024-05-08T16:31:23.627-0300] {processor.py:830} INFO - Processing file /mnt/c/Users/Tilto/Desktop/Work/Airflow/dags/dag_scheduler.py for tasks to queue
[2024-05-08T16:31:23.628-0300] {logging_mixin.py:188} INFO - [2024-05-08T16:31:23.628-0300] {dagbag.py:540} INFO - Filling up the DagBag from /mnt/c/Users/Tilto/Desktop/Work/Airflow/dags/dag_scheduler.py
[2024-05-08T16:31:23.654-0300] {processor.py:840} INFO - DAG(s) 'dag_scheduler' retrieved from /mnt/c/Users/Tilto/Desktop/Work/Airflow/dags/dag_scheduler.py
[2024-05-08T16:31:23.687-0300] {logging_mixin.py:188} INFO - [2024-05-08T16:31:23.686-0300] {dag.py:3096} INFO - Sync 1 DAGs
[2024-05-08T16:31:23.784-0300] {logging_mixin.py:188} INFO - [2024-05-08T16:31:23.784-0300] {dag.py:3954} INFO - Setting next_dagrun for dag_scheduler to 2024-05-08 00:00:00+00:00, run_after=2024-05-09 00:00:00+00:00
[2024-05-08T16:31:23.911-0300] {processor.py:183} INFO - Processing /mnt/c/Users/Tilto/Desktop/Work/Airflow/dags/dag_scheduler.py took 0.289 seconds
[2024-05-08T16:31:54.576-0300] {processor.py:161} INFO - Started process (PID=6924) to work on /mnt/c/Users/Tilto/Desktop/Work/Airflow/dags/dag_scheduler.py
[2024-05-08T16:31:54.577-0300] {processor.py:830} INFO - Processing file /mnt/c/Users/Tilto/Desktop/Work/Airflow/dags/dag_scheduler.py for tasks to queue
[2024-05-08T16:31:54.578-0300] {logging_mixin.py:188} INFO - [2024-05-08T16:31:54.578-0300] {dagbag.py:540} INFO - Filling up the DagBag from /mnt/c/Users/Tilto/Desktop/Work/Airflow/dags/dag_scheduler.py
[2024-05-08T16:31:54.600-0300] {processor.py:840} INFO - DAG(s) 'dag_scheduler' retrieved from /mnt/c/Users/Tilto/Desktop/Work/Airflow/dags/dag_scheduler.py
[2024-05-08T16:31:54.626-0300] {logging_mixin.py:188} INFO - [2024-05-08T16:31:54.626-0300] {dag.py:3096} INFO - Sync 1 DAGs
[2024-05-08T16:31:54.715-0300] {logging_mixin.py:188} INFO - [2024-05-08T16:31:54.715-0300] {dag.py:3954} INFO - Setting next_dagrun for dag_scheduler to 2024-05-08 00:00:00+00:00, run_after=2024-05-09 00:00:00+00:00
[2024-05-08T16:31:54.774-0300] {processor.py:183} INFO - Processing /mnt/c/Users/Tilto/Desktop/Work/Airflow/dags/dag_scheduler.py took 0.202 seconds
[2024-05-08T16:32:25.530-0300] {processor.py:161} INFO - Started process (PID=7068) to work on /mnt/c/Users/Tilto/Desktop/Work/Airflow/dags/dag_scheduler.py
[2024-05-08T16:32:25.531-0300] {processor.py:830} INFO - Processing file /mnt/c/Users/Tilto/Desktop/Work/Airflow/dags/dag_scheduler.py for tasks to queue
[2024-05-08T16:32:25.533-0300] {logging_mixin.py:188} INFO - [2024-05-08T16:32:25.532-0300] {dagbag.py:540} INFO - Filling up the DagBag from /mnt/c/Users/Tilto/Desktop/Work/Airflow/dags/dag_scheduler.py
[2024-05-08T16:32:25.555-0300] {processor.py:840} INFO - DAG(s) 'dag_scheduler' retrieved from /mnt/c/Users/Tilto/Desktop/Work/Airflow/dags/dag_scheduler.py
[2024-05-08T16:32:25.645-0300] {logging_mixin.py:188} INFO - [2024-05-08T16:32:25.644-0300] {dag.py:3096} INFO - Sync 1 DAGs
[2024-05-08T16:32:25.667-0300] {logging_mixin.py:188} INFO - [2024-05-08T16:32:25.667-0300] {dag.py:3954} INFO - Setting next_dagrun for dag_scheduler to 2024-05-08 00:00:00+00:00, run_after=2024-05-09 00:00:00+00:00
[2024-05-08T16:32:25.726-0300] {processor.py:183} INFO - Processing /mnt/c/Users/Tilto/Desktop/Work/Airflow/dags/dag_scheduler.py took 0.200 seconds
[2024-05-08T16:32:55.922-0300] {processor.py:161} INFO - Started process (PID=7209) to work on /mnt/c/Users/Tilto/Desktop/Work/Airflow/dags/dag_scheduler.py
[2024-05-08T16:32:55.923-0300] {processor.py:830} INFO - Processing file /mnt/c/Users/Tilto/Desktop/Work/Airflow/dags/dag_scheduler.py for tasks to queue
[2024-05-08T16:32:55.924-0300] {logging_mixin.py:188} INFO - [2024-05-08T16:32:55.924-0300] {dagbag.py:540} INFO - Filling up the DagBag from /mnt/c/Users/Tilto/Desktop/Work/Airflow/dags/dag_scheduler.py
[2024-05-08T16:32:56.011-0300] {processor.py:840} INFO - DAG(s) 'dag_scheduler' retrieved from /mnt/c/Users/Tilto/Desktop/Work/Airflow/dags/dag_scheduler.py
[2024-05-08T16:32:56.034-0300] {logging_mixin.py:188} INFO - [2024-05-08T16:32:56.034-0300] {dag.py:3096} INFO - Sync 1 DAGs
[2024-05-08T16:32:56.058-0300] {logging_mixin.py:188} INFO - [2024-05-08T16:32:56.058-0300] {dag.py:3954} INFO - Setting next_dagrun for dag_scheduler to 2024-05-08 00:00:00+00:00, run_after=2024-05-09 00:00:00+00:00
[2024-05-08T16:32:56.110-0300] {processor.py:183} INFO - Processing /mnt/c/Users/Tilto/Desktop/Work/Airflow/dags/dag_scheduler.py took 0.193 seconds
[2024-05-08T16:33:26.830-0300] {processor.py:161} INFO - Started process (PID=7353) to work on /mnt/c/Users/Tilto/Desktop/Work/Airflow/dags/dag_scheduler.py
[2024-05-08T16:33:26.831-0300] {processor.py:830} INFO - Processing file /mnt/c/Users/Tilto/Desktop/Work/Airflow/dags/dag_scheduler.py for tasks to queue
[2024-05-08T16:33:26.833-0300] {logging_mixin.py:188} INFO - [2024-05-08T16:33:26.832-0300] {dagbag.py:540} INFO - Filling up the DagBag from /mnt/c/Users/Tilto/Desktop/Work/Airflow/dags/dag_scheduler.py
[2024-05-08T16:33:26.857-0300] {processor.py:840} INFO - DAG(s) 'dag_scheduler' retrieved from /mnt/c/Users/Tilto/Desktop/Work/Airflow/dags/dag_scheduler.py
[2024-05-08T16:33:26.883-0300] {logging_mixin.py:188} INFO - [2024-05-08T16:33:26.883-0300] {dag.py:3096} INFO - Sync 1 DAGs
[2024-05-08T16:33:26.907-0300] {logging_mixin.py:188} INFO - [2024-05-08T16:33:26.906-0300] {dag.py:3954} INFO - Setting next_dagrun for dag_scheduler to 2024-05-08 00:00:00+00:00, run_after=2024-05-09 00:00:00+00:00
[2024-05-08T16:33:26.966-0300] {processor.py:183} INFO - Processing /mnt/c/Users/Tilto/Desktop/Work/Airflow/dags/dag_scheduler.py took 0.140 seconds
[2024-05-08T16:33:57.518-0300] {processor.py:161} INFO - Started process (PID=7496) to work on /mnt/c/Users/Tilto/Desktop/Work/Airflow/dags/dag_scheduler.py
[2024-05-08T16:33:57.519-0300] {processor.py:830} INFO - Processing file /mnt/c/Users/Tilto/Desktop/Work/Airflow/dags/dag_scheduler.py for tasks to queue
[2024-05-08T16:33:57.521-0300] {logging_mixin.py:188} INFO - [2024-05-08T16:33:57.521-0300] {dagbag.py:540} INFO - Filling up the DagBag from /mnt/c/Users/Tilto/Desktop/Work/Airflow/dags/dag_scheduler.py
[2024-05-08T16:33:57.547-0300] {processor.py:840} INFO - DAG(s) 'dag_scheduler' retrieved from /mnt/c/Users/Tilto/Desktop/Work/Airflow/dags/dag_scheduler.py
[2024-05-08T16:33:57.580-0300] {logging_mixin.py:188} INFO - [2024-05-08T16:33:57.580-0300] {dag.py:3096} INFO - Sync 1 DAGs
[2024-05-08T16:33:57.607-0300] {logging_mixin.py:188} INFO - [2024-05-08T16:33:57.606-0300] {dag.py:3954} INFO - Setting next_dagrun for dag_scheduler to 2024-05-08 00:00:00+00:00, run_after=2024-05-09 00:00:00+00:00
[2024-05-08T16:33:57.668-0300] {processor.py:183} INFO - Processing /mnt/c/Users/Tilto/Desktop/Work/Airflow/dags/dag_scheduler.py took 0.157 seconds
[2024-05-08T16:34:27.958-0300] {processor.py:161} INFO - Started process (PID=7638) to work on /mnt/c/Users/Tilto/Desktop/Work/Airflow/dags/dag_scheduler.py
[2024-05-08T16:34:27.959-0300] {processor.py:830} INFO - Processing file /mnt/c/Users/Tilto/Desktop/Work/Airflow/dags/dag_scheduler.py for tasks to queue
[2024-05-08T16:34:27.960-0300] {logging_mixin.py:188} INFO - [2024-05-08T16:34:27.960-0300] {dagbag.py:540} INFO - Filling up the DagBag from /mnt/c/Users/Tilto/Desktop/Work/Airflow/dags/dag_scheduler.py
[2024-05-08T16:34:27.980-0300] {processor.py:840} INFO - DAG(s) 'dag_scheduler' retrieved from /mnt/c/Users/Tilto/Desktop/Work/Airflow/dags/dag_scheduler.py
[2024-05-08T16:34:28.003-0300] {logging_mixin.py:188} INFO - [2024-05-08T16:34:28.003-0300] {dag.py:3096} INFO - Sync 1 DAGs
[2024-05-08T16:34:28.027-0300] {logging_mixin.py:188} INFO - [2024-05-08T16:34:28.026-0300] {dag.py:3954} INFO - Setting next_dagrun for dag_scheduler to 2024-05-08 00:00:00+00:00, run_after=2024-05-09 00:00:00+00:00
[2024-05-08T16:34:28.076-0300] {processor.py:183} INFO - Processing /mnt/c/Users/Tilto/Desktop/Work/Airflow/dags/dag_scheduler.py took 0.123 seconds
[2024-05-08T16:34:58.819-0300] {processor.py:161} INFO - Started process (PID=7782) to work on /mnt/c/Users/Tilto/Desktop/Work/Airflow/dags/dag_scheduler.py
[2024-05-08T16:34:58.820-0300] {processor.py:830} INFO - Processing file /mnt/c/Users/Tilto/Desktop/Work/Airflow/dags/dag_scheduler.py for tasks to queue
[2024-05-08T16:34:58.822-0300] {logging_mixin.py:188} INFO - [2024-05-08T16:34:58.822-0300] {dagbag.py:540} INFO - Filling up the DagBag from /mnt/c/Users/Tilto/Desktop/Work/Airflow/dags/dag_scheduler.py
[2024-05-08T16:34:58.850-0300] {processor.py:840} INFO - DAG(s) 'dag_scheduler' retrieved from /mnt/c/Users/Tilto/Desktop/Work/Airflow/dags/dag_scheduler.py
[2024-05-08T16:34:58.883-0300] {logging_mixin.py:188} INFO - [2024-05-08T16:34:58.883-0300] {dag.py:3096} INFO - Sync 1 DAGs
[2024-05-08T16:34:58.910-0300] {logging_mixin.py:188} INFO - [2024-05-08T16:34:58.910-0300] {dag.py:3954} INFO - Setting next_dagrun for dag_scheduler to 2024-05-08 00:00:00+00:00, run_after=2024-05-09 00:00:00+00:00
[2024-05-08T16:34:58.972-0300] {processor.py:183} INFO - Processing /mnt/c/Users/Tilto/Desktop/Work/Airflow/dags/dag_scheduler.py took 0.160 seconds
[2024-05-08T16:35:29.593-0300] {processor.py:161} INFO - Started process (PID=7925) to work on /mnt/c/Users/Tilto/Desktop/Work/Airflow/dags/dag_scheduler.py
[2024-05-08T16:35:29.594-0300] {processor.py:830} INFO - Processing file /mnt/c/Users/Tilto/Desktop/Work/Airflow/dags/dag_scheduler.py for tasks to queue
[2024-05-08T16:35:29.596-0300] {logging_mixin.py:188} INFO - [2024-05-08T16:35:29.595-0300] {dagbag.py:540} INFO - Filling up the DagBag from /mnt/c/Users/Tilto/Desktop/Work/Airflow/dags/dag_scheduler.py
[2024-05-08T16:35:29.614-0300] {processor.py:840} INFO - DAG(s) 'dag_scheduler' retrieved from /mnt/c/Users/Tilto/Desktop/Work/Airflow/dags/dag_scheduler.py
[2024-05-08T16:35:29.637-0300] {logging_mixin.py:188} INFO - [2024-05-08T16:35:29.637-0300] {dag.py:3096} INFO - Sync 1 DAGs
[2024-05-08T16:35:29.664-0300] {logging_mixin.py:188} INFO - [2024-05-08T16:35:29.664-0300] {dag.py:3954} INFO - Setting next_dagrun for dag_scheduler to 2024-05-08 00:00:00+00:00, run_after=2024-05-09 00:00:00+00:00
[2024-05-08T16:35:29.717-0300] {processor.py:183} INFO - Processing /mnt/c/Users/Tilto/Desktop/Work/Airflow/dags/dag_scheduler.py took 0.129 seconds
[2024-05-08T16:36:00.046-0300] {processor.py:161} INFO - Started process (PID=8067) to work on /mnt/c/Users/Tilto/Desktop/Work/Airflow/dags/dag_scheduler.py
[2024-05-08T16:36:00.047-0300] {processor.py:830} INFO - Processing file /mnt/c/Users/Tilto/Desktop/Work/Airflow/dags/dag_scheduler.py for tasks to queue
[2024-05-08T16:36:00.049-0300] {logging_mixin.py:188} INFO - [2024-05-08T16:36:00.049-0300] {dagbag.py:540} INFO - Filling up the DagBag from /mnt/c/Users/Tilto/Desktop/Work/Airflow/dags/dag_scheduler.py
[2024-05-08T16:36:00.067-0300] {processor.py:840} INFO - DAG(s) 'dag_scheduler' retrieved from /mnt/c/Users/Tilto/Desktop/Work/Airflow/dags/dag_scheduler.py
[2024-05-08T16:36:00.091-0300] {logging_mixin.py:188} INFO - [2024-05-08T16:36:00.091-0300] {dag.py:3096} INFO - Sync 1 DAGs
[2024-05-08T16:36:00.113-0300] {logging_mixin.py:188} INFO - [2024-05-08T16:36:00.113-0300] {dag.py:3954} INFO - Setting next_dagrun for dag_scheduler to 2024-05-08 00:00:00+00:00, run_after=2024-05-09 00:00:00+00:00
[2024-05-08T16:36:00.162-0300] {processor.py:183} INFO - Processing /mnt/c/Users/Tilto/Desktop/Work/Airflow/dags/dag_scheduler.py took 0.120 seconds
[2024-05-08T16:36:30.709-0300] {processor.py:161} INFO - Started process (PID=8210) to work on /mnt/c/Users/Tilto/Desktop/Work/Airflow/dags/dag_scheduler.py
[2024-05-08T16:36:30.710-0300] {processor.py:830} INFO - Processing file /mnt/c/Users/Tilto/Desktop/Work/Airflow/dags/dag_scheduler.py for tasks to queue
[2024-05-08T16:36:30.712-0300] {logging_mixin.py:188} INFO - [2024-05-08T16:36:30.711-0300] {dagbag.py:540} INFO - Filling up the DagBag from /mnt/c/Users/Tilto/Desktop/Work/Airflow/dags/dag_scheduler.py
[2024-05-08T16:36:30.730-0300] {processor.py:840} INFO - DAG(s) 'dag_scheduler' retrieved from /mnt/c/Users/Tilto/Desktop/Work/Airflow/dags/dag_scheduler.py
[2024-05-08T16:36:30.753-0300] {logging_mixin.py:188} INFO - [2024-05-08T16:36:30.753-0300] {dag.py:3096} INFO - Sync 1 DAGs
[2024-05-08T16:36:30.775-0300] {logging_mixin.py:188} INFO - [2024-05-08T16:36:30.775-0300] {dag.py:3954} INFO - Setting next_dagrun for dag_scheduler to 2024-05-08 00:00:00+00:00, run_after=2024-05-09 00:00:00+00:00
[2024-05-08T16:36:30.838-0300] {processor.py:183} INFO - Processing /mnt/c/Users/Tilto/Desktop/Work/Airflow/dags/dag_scheduler.py took 0.133 seconds
[2024-05-08T16:37:01.131-0300] {processor.py:161} INFO - Started process (PID=8351) to work on /mnt/c/Users/Tilto/Desktop/Work/Airflow/dags/dag_scheduler.py
[2024-05-08T16:37:01.132-0300] {processor.py:830} INFO - Processing file /mnt/c/Users/Tilto/Desktop/Work/Airflow/dags/dag_scheduler.py for tasks to queue
[2024-05-08T16:37:01.134-0300] {logging_mixin.py:188} INFO - [2024-05-08T16:37:01.133-0300] {dagbag.py:540} INFO - Filling up the DagBag from /mnt/c/Users/Tilto/Desktop/Work/Airflow/dags/dag_scheduler.py
[2024-05-08T16:37:01.159-0300] {processor.py:840} INFO - DAG(s) 'dag_scheduler' retrieved from /mnt/c/Users/Tilto/Desktop/Work/Airflow/dags/dag_scheduler.py
[2024-05-08T16:37:01.187-0300] {logging_mixin.py:188} INFO - [2024-05-08T16:37:01.187-0300] {dag.py:3096} INFO - Sync 1 DAGs
[2024-05-08T16:37:01.213-0300] {logging_mixin.py:188} INFO - [2024-05-08T16:37:01.213-0300] {dag.py:3954} INFO - Setting next_dagrun for dag_scheduler to 2024-05-08 00:00:00+00:00, run_after=2024-05-09 00:00:00+00:00
[2024-05-08T16:37:01.283-0300] {processor.py:183} INFO - Processing /mnt/c/Users/Tilto/Desktop/Work/Airflow/dags/dag_scheduler.py took 0.157 seconds
[2024-05-08T16:37:31.820-0300] {processor.py:161} INFO - Started process (PID=8494) to work on /mnt/c/Users/Tilto/Desktop/Work/Airflow/dags/dag_scheduler.py
[2024-05-08T16:37:31.821-0300] {processor.py:830} INFO - Processing file /mnt/c/Users/Tilto/Desktop/Work/Airflow/dags/dag_scheduler.py for tasks to queue
[2024-05-08T16:37:31.823-0300] {logging_mixin.py:188} INFO - [2024-05-08T16:37:31.822-0300] {dagbag.py:540} INFO - Filling up the DagBag from /mnt/c/Users/Tilto/Desktop/Work/Airflow/dags/dag_scheduler.py
[2024-05-08T16:37:31.847-0300] {processor.py:840} INFO - DAG(s) 'dag_scheduler' retrieved from /mnt/c/Users/Tilto/Desktop/Work/Airflow/dags/dag_scheduler.py
[2024-05-08T16:37:31.876-0300] {logging_mixin.py:188} INFO - [2024-05-08T16:37:31.876-0300] {dag.py:3096} INFO - Sync 1 DAGs
[2024-05-08T16:37:31.902-0300] {logging_mixin.py:188} INFO - [2024-05-08T16:37:31.902-0300] {dag.py:3954} INFO - Setting next_dagrun for dag_scheduler to 2024-05-08 00:00:00+00:00, run_after=2024-05-09 00:00:00+00:00
[2024-05-08T16:37:32.044-0300] {processor.py:183} INFO - Processing /mnt/c/Users/Tilto/Desktop/Work/Airflow/dags/dag_scheduler.py took 0.228 seconds
[2024-05-08T16:38:02.766-0300] {processor.py:161} INFO - Started process (PID=8638) to work on /mnt/c/Users/Tilto/Desktop/Work/Airflow/dags/dag_scheduler.py
[2024-05-08T16:38:02.768-0300] {processor.py:830} INFO - Processing file /mnt/c/Users/Tilto/Desktop/Work/Airflow/dags/dag_scheduler.py for tasks to queue
[2024-05-08T16:38:02.770-0300] {logging_mixin.py:188} INFO - [2024-05-08T16:38:02.770-0300] {dagbag.py:540} INFO - Filling up the DagBag from /mnt/c/Users/Tilto/Desktop/Work/Airflow/dags/dag_scheduler.py
[2024-05-08T16:38:02.794-0300] {processor.py:840} INFO - DAG(s) 'dag_scheduler' retrieved from /mnt/c/Users/Tilto/Desktop/Work/Airflow/dags/dag_scheduler.py
[2024-05-08T16:38:02.823-0300] {logging_mixin.py:188} INFO - [2024-05-08T16:38:02.822-0300] {dag.py:3096} INFO - Sync 1 DAGs
[2024-05-08T16:38:02.850-0300] {logging_mixin.py:188} INFO - [2024-05-08T16:38:02.850-0300] {dag.py:3954} INFO - Setting next_dagrun for dag_scheduler to 2024-05-08 00:00:00+00:00, run_after=2024-05-09 00:00:00+00:00
[2024-05-08T16:38:02.914-0300] {processor.py:183} INFO - Processing /mnt/c/Users/Tilto/Desktop/Work/Airflow/dags/dag_scheduler.py took 0.152 seconds
[2024-05-08T16:38:33.568-0300] {processor.py:161} INFO - Started process (PID=8818) to work on /mnt/c/Users/Tilto/Desktop/Work/Airflow/dags/dag_scheduler.py
[2024-05-08T16:38:33.569-0300] {processor.py:830} INFO - Processing file /mnt/c/Users/Tilto/Desktop/Work/Airflow/dags/dag_scheduler.py for tasks to queue
[2024-05-08T16:38:33.572-0300] {logging_mixin.py:188} INFO - [2024-05-08T16:38:33.571-0300] {dagbag.py:540} INFO - Filling up the DagBag from /mnt/c/Users/Tilto/Desktop/Work/Airflow/dags/dag_scheduler.py
[2024-05-08T16:38:33.597-0300] {processor.py:840} INFO - DAG(s) 'dag_scheduler' retrieved from /mnt/c/Users/Tilto/Desktop/Work/Airflow/dags/dag_scheduler.py
[2024-05-08T16:38:33.629-0300] {logging_mixin.py:188} INFO - [2024-05-08T16:38:33.628-0300] {dag.py:3096} INFO - Sync 1 DAGs
[2024-05-08T16:38:33.656-0300] {logging_mixin.py:188} INFO - [2024-05-08T16:38:33.656-0300] {dag.py:3954} INFO - Setting next_dagrun for dag_scheduler to 2024-05-08 00:00:00+00:00, run_after=2024-05-09 00:00:00+00:00
[2024-05-08T16:38:33.720-0300] {processor.py:183} INFO - Processing /mnt/c/Users/Tilto/Desktop/Work/Airflow/dags/dag_scheduler.py took 0.158 seconds
[2024-05-08T16:39:04.531-0300] {processor.py:161} INFO - Started process (PID=9095) to work on /mnt/c/Users/Tilto/Desktop/Work/Airflow/dags/dag_scheduler.py
[2024-05-08T16:39:04.532-0300] {processor.py:830} INFO - Processing file /mnt/c/Users/Tilto/Desktop/Work/Airflow/dags/dag_scheduler.py for tasks to queue
[2024-05-08T16:39:04.533-0300] {logging_mixin.py:188} INFO - [2024-05-08T16:39:04.533-0300] {dagbag.py:540} INFO - Filling up the DagBag from /mnt/c/Users/Tilto/Desktop/Work/Airflow/dags/dag_scheduler.py
[2024-05-08T16:39:04.553-0300] {processor.py:840} INFO - DAG(s) 'dag_scheduler' retrieved from /mnt/c/Users/Tilto/Desktop/Work/Airflow/dags/dag_scheduler.py
[2024-05-08T16:39:04.578-0300] {logging_mixin.py:188} INFO - [2024-05-08T16:39:04.578-0300] {dag.py:3096} INFO - Sync 1 DAGs
[2024-05-08T16:39:04.603-0300] {logging_mixin.py:188} INFO - [2024-05-08T16:39:04.603-0300] {dag.py:3954} INFO - Setting next_dagrun for dag_scheduler to 2024-05-08 00:00:00+00:00, run_after=2024-05-09 00:00:00+00:00
[2024-05-08T16:39:04.657-0300] {processor.py:183} INFO - Processing /mnt/c/Users/Tilto/Desktop/Work/Airflow/dags/dag_scheduler.py took 0.132 seconds
[2024-05-08T16:39:35.420-0300] {processor.py:161} INFO - Started process (PID=9239) to work on /mnt/c/Users/Tilto/Desktop/Work/Airflow/dags/dag_scheduler.py
[2024-05-08T16:39:35.421-0300] {processor.py:830} INFO - Processing file /mnt/c/Users/Tilto/Desktop/Work/Airflow/dags/dag_scheduler.py for tasks to queue
[2024-05-08T16:39:35.423-0300] {logging_mixin.py:188} INFO - [2024-05-08T16:39:35.423-0300] {dagbag.py:540} INFO - Filling up the DagBag from /mnt/c/Users/Tilto/Desktop/Work/Airflow/dags/dag_scheduler.py
[2024-05-08T16:39:35.448-0300] {processor.py:840} INFO - DAG(s) 'dag_scheduler' retrieved from /mnt/c/Users/Tilto/Desktop/Work/Airflow/dags/dag_scheduler.py
[2024-05-08T16:39:35.479-0300] {logging_mixin.py:188} INFO - [2024-05-08T16:39:35.479-0300] {dag.py:3096} INFO - Sync 1 DAGs
[2024-05-08T16:39:35.506-0300] {logging_mixin.py:188} INFO - [2024-05-08T16:39:35.506-0300] {dag.py:3954} INFO - Setting next_dagrun for dag_scheduler to 2024-05-08 00:00:00+00:00, run_after=2024-05-09 00:00:00+00:00
[2024-05-08T16:39:35.571-0300] {processor.py:183} INFO - Processing /mnt/c/Users/Tilto/Desktop/Work/Airflow/dags/dag_scheduler.py took 0.159 seconds
[2024-05-08T17:55:42.602-0300] {processor.py:161} INFO - Started process (PID=27271) to work on /mnt/c/Users/Tilto/Desktop/Work/Airflow/dags/dag_scheduler.py
[2024-05-08T17:55:42.603-0300] {processor.py:830} INFO - Processing file /mnt/c/Users/Tilto/Desktop/Work/Airflow/dags/dag_scheduler.py for tasks to queue
[2024-05-08T17:55:42.607-0300] {logging_mixin.py:188} INFO - [2024-05-08T17:55:42.606-0300] {dagbag.py:540} INFO - Filling up the DagBag from /mnt/c/Users/Tilto/Desktop/Work/Airflow/dags/dag_scheduler.py
[2024-05-08T17:55:42.639-0300] {processor.py:840} INFO - DAG(s) 'dag_scheduler' retrieved from /mnt/c/Users/Tilto/Desktop/Work/Airflow/dags/dag_scheduler.py
[2024-05-08T17:55:42.664-0300] {logging_mixin.py:188} INFO - [2024-05-08T17:55:42.663-0300] {dag.py:3096} INFO - Sync 1 DAGs
[2024-05-08T17:55:42.712-0300] {logging_mixin.py:188} INFO - [2024-05-08T17:55:42.711-0300] {dag.py:3954} INFO - Setting next_dagrun for dag_scheduler to 2024-05-08 00:00:00+00:00, run_after=2024-05-09 00:00:00+00:00
[2024-05-08T17:55:42.810-0300] {processor.py:183} INFO - Processing /mnt/c/Users/Tilto/Desktop/Work/Airflow/dags/dag_scheduler.py took 0.215 seconds
