[2024-05-07T23:42:23.109-0300] {processor.py:161} INFO - Started process (PID=2888) to work on /mnt/c/Users/Tilto/Desktop/Work/Airflow/dags/first_dag.py
[2024-05-07T23:42:23.110-0300] {processor.py:830} INFO - Processing file /mnt/c/Users/Tilto/Desktop/Work/Airflow/dags/first_dag.py for tasks to queue
[2024-05-07T23:42:23.112-0300] {logging_mixin.py:188} INFO - [2024-05-07T23:42:23.112-0300] {dagbag.py:540} INFO - Filling up the DagBag from /mnt/c/Users/Tilto/Desktop/Work/Airflow/dags/first_dag.py
[2024-05-07T23:42:23.138-0300] {logging_mixin.py:188} INFO - All Dag modules are ok ......
[2024-05-07T23:42:23.144-0300] {processor.py:840} INFO - DAG(s) 'first_dag' retrieved from /mnt/c/Users/Tilto/Desktop/Work/Airflow/dags/first_dag.py
[2024-05-07T23:42:23.257-0300] {logging_mixin.py:188} INFO - [2024-05-07T23:42:23.257-0300] {dag.py:3096} INFO - Sync 1 DAGs
[2024-05-07T23:42:23.370-0300] {logging_mixin.py:188} INFO - [2024-05-07T23:42:23.370-0300] {dag.py:3954} INFO - Setting next_dagrun for first_dag to None, run_after=None
[2024-05-07T23:42:23.585-0300] {processor.py:183} INFO - Processing /mnt/c/Users/Tilto/Desktop/Work/Airflow/dags/first_dag.py took 0.481 seconds
[2024-05-07T23:42:54.534-0300] {processor.py:161} INFO - Started process (PID=3121) to work on /mnt/c/Users/Tilto/Desktop/Work/Airflow/dags/first_dag.py
[2024-05-07T23:42:54.535-0300] {processor.py:830} INFO - Processing file /mnt/c/Users/Tilto/Desktop/Work/Airflow/dags/first_dag.py for tasks to queue
[2024-05-07T23:42:54.537-0300] {logging_mixin.py:188} INFO - [2024-05-07T23:42:54.536-0300] {dagbag.py:540} INFO - Filling up the DagBag from /mnt/c/Users/Tilto/Desktop/Work/Airflow/dags/first_dag.py
[2024-05-07T23:42:54.550-0300] {logging_mixin.py:188} INFO - All Dag modules are ok ......
[2024-05-07T23:42:54.554-0300] {processor.py:840} INFO - DAG(s) 'first_dag' retrieved from /mnt/c/Users/Tilto/Desktop/Work/Airflow/dags/first_dag.py
[2024-05-07T23:42:54.659-0300] {logging_mixin.py:188} INFO - [2024-05-07T23:42:54.659-0300] {dag.py:3096} INFO - Sync 1 DAGs
[2024-05-07T23:42:54.682-0300] {logging_mixin.py:188} INFO - [2024-05-07T23:42:54.682-0300] {dag.py:3954} INFO - Setting next_dagrun for first_dag to None, run_after=None
[2024-05-07T23:42:54.745-0300] {processor.py:183} INFO - Processing /mnt/c/Users/Tilto/Desktop/Work/Airflow/dags/first_dag.py took 0.216 seconds
[2024-05-07T23:43:25.480-0300] {processor.py:161} INFO - Started process (PID=3280) to work on /mnt/c/Users/Tilto/Desktop/Work/Airflow/dags/first_dag.py
[2024-05-07T23:43:25.481-0300] {processor.py:830} INFO - Processing file /mnt/c/Users/Tilto/Desktop/Work/Airflow/dags/first_dag.py for tasks to queue
[2024-05-07T23:43:25.482-0300] {logging_mixin.py:188} INFO - [2024-05-07T23:43:25.482-0300] {dagbag.py:540} INFO - Filling up the DagBag from /mnt/c/Users/Tilto/Desktop/Work/Airflow/dags/first_dag.py
[2024-05-07T23:43:25.498-0300] {logging_mixin.py:188} INFO - All Dag modules are ok ......
[2024-05-07T23:43:25.502-0300] {processor.py:840} INFO - DAG(s) 'first_dag' retrieved from /mnt/c/Users/Tilto/Desktop/Work/Airflow/dags/first_dag.py
[2024-05-07T23:43:25.536-0300] {logging_mixin.py:188} INFO - [2024-05-07T23:43:25.536-0300] {dag.py:3096} INFO - Sync 1 DAGs
[2024-05-07T23:43:25.558-0300] {logging_mixin.py:188} INFO - [2024-05-07T23:43:25.557-0300] {dag.py:3954} INFO - Setting next_dagrun for first_dag to None, run_after=None
[2024-05-07T23:43:25.616-0300] {processor.py:183} INFO - Processing /mnt/c/Users/Tilto/Desktop/Work/Airflow/dags/first_dag.py took 0.142 seconds
[2024-05-07T23:43:57.163-0300] {processor.py:161} INFO - Started process (PID=3427) to work on /mnt/c/Users/Tilto/Desktop/Work/Airflow/dags/first_dag.py
[2024-05-07T23:43:57.165-0300] {processor.py:830} INFO - Processing file /mnt/c/Users/Tilto/Desktop/Work/Airflow/dags/first_dag.py for tasks to queue
[2024-05-07T23:43:57.168-0300] {logging_mixin.py:188} INFO - [2024-05-07T23:43:57.168-0300] {dagbag.py:540} INFO - Filling up the DagBag from /mnt/c/Users/Tilto/Desktop/Work/Airflow/dags/first_dag.py
[2024-05-07T23:43:57.187-0300] {logging_mixin.py:188} INFO - All Dag modules are ok ......
[2024-05-07T23:43:57.192-0300] {processor.py:840} INFO - DAG(s) 'first_dag' retrieved from /mnt/c/Users/Tilto/Desktop/Work/Airflow/dags/first_dag.py
[2024-05-07T23:43:57.240-0300] {logging_mixin.py:188} INFO - [2024-05-07T23:43:57.240-0300] {dag.py:3096} INFO - Sync 1 DAGs
[2024-05-07T23:43:57.279-0300] {logging_mixin.py:188} INFO - [2024-05-07T23:43:57.278-0300] {dag.py:3954} INFO - Setting next_dagrun for first_dag to None, run_after=None
[2024-05-07T23:43:57.366-0300] {processor.py:183} INFO - Processing /mnt/c/Users/Tilto/Desktop/Work/Airflow/dags/first_dag.py took 0.212 seconds
[2024-05-07T23:44:28.538-0300] {processor.py:161} INFO - Started process (PID=3585) to work on /mnt/c/Users/Tilto/Desktop/Work/Airflow/dags/first_dag.py
[2024-05-07T23:44:28.539-0300] {processor.py:830} INFO - Processing file /mnt/c/Users/Tilto/Desktop/Work/Airflow/dags/first_dag.py for tasks to queue
[2024-05-07T23:44:28.541-0300] {logging_mixin.py:188} INFO - [2024-05-07T23:44:28.541-0300] {dagbag.py:540} INFO - Filling up the DagBag from /mnt/c/Users/Tilto/Desktop/Work/Airflow/dags/first_dag.py
[2024-05-07T23:44:28.561-0300] {logging_mixin.py:188} INFO - All Dag modules are ok ......
[2024-05-07T23:44:28.566-0300] {processor.py:840} INFO - DAG(s) 'first_dag' retrieved from /mnt/c/Users/Tilto/Desktop/Work/Airflow/dags/first_dag.py
[2024-05-07T23:44:28.602-0300] {logging_mixin.py:188} INFO - [2024-05-07T23:44:28.602-0300] {dag.py:3096} INFO - Sync 1 DAGs
[2024-05-07T23:44:28.636-0300] {logging_mixin.py:188} INFO - [2024-05-07T23:44:28.636-0300] {dag.py:3954} INFO - Setting next_dagrun for first_dag to None, run_after=None
[2024-05-07T23:44:28.720-0300] {processor.py:183} INFO - Processing /mnt/c/Users/Tilto/Desktop/Work/Airflow/dags/first_dag.py took 0.187 seconds
[2024-05-07T23:44:59.237-0300] {processor.py:161} INFO - Started process (PID=3731) to work on /mnt/c/Users/Tilto/Desktop/Work/Airflow/dags/first_dag.py
[2024-05-07T23:44:59.238-0300] {processor.py:830} INFO - Processing file /mnt/c/Users/Tilto/Desktop/Work/Airflow/dags/first_dag.py for tasks to queue
[2024-05-07T23:44:59.239-0300] {logging_mixin.py:188} INFO - [2024-05-07T23:44:59.239-0300] {dagbag.py:540} INFO - Filling up the DagBag from /mnt/c/Users/Tilto/Desktop/Work/Airflow/dags/first_dag.py
[2024-05-07T23:44:59.256-0300] {logging_mixin.py:188} INFO - All Dag modules are ok ......
[2024-05-07T23:44:59.261-0300] {processor.py:840} INFO - DAG(s) 'first_dag' retrieved from /mnt/c/Users/Tilto/Desktop/Work/Airflow/dags/first_dag.py
[2024-05-07T23:44:59.294-0300] {logging_mixin.py:188} INFO - [2024-05-07T23:44:59.294-0300] {dag.py:3096} INFO - Sync 1 DAGs
[2024-05-07T23:44:59.317-0300] {logging_mixin.py:188} INFO - [2024-05-07T23:44:59.317-0300] {dag.py:3954} INFO - Setting next_dagrun for first_dag to None, run_after=None
[2024-05-07T23:44:59.377-0300] {processor.py:183} INFO - Processing /mnt/c/Users/Tilto/Desktop/Work/Airflow/dags/first_dag.py took 0.145 seconds
[2024-05-07T23:45:29.720-0300] {processor.py:161} INFO - Started process (PID=3890) to work on /mnt/c/Users/Tilto/Desktop/Work/Airflow/dags/first_dag.py
[2024-05-07T23:45:29.721-0300] {processor.py:830} INFO - Processing file /mnt/c/Users/Tilto/Desktop/Work/Airflow/dags/first_dag.py for tasks to queue
[2024-05-07T23:45:29.722-0300] {logging_mixin.py:188} INFO - [2024-05-07T23:45:29.722-0300] {dagbag.py:540} INFO - Filling up the DagBag from /mnt/c/Users/Tilto/Desktop/Work/Airflow/dags/first_dag.py
[2024-05-07T23:45:29.738-0300] {logging_mixin.py:188} INFO - All Dag modules are ok ......
[2024-05-07T23:45:29.742-0300] {processor.py:840} INFO - DAG(s) 'first_dag' retrieved from /mnt/c/Users/Tilto/Desktop/Work/Airflow/dags/first_dag.py
[2024-05-07T23:45:29.776-0300] {logging_mixin.py:188} INFO - [2024-05-07T23:45:29.776-0300] {dag.py:3096} INFO - Sync 1 DAGs
[2024-05-07T23:45:29.801-0300] {logging_mixin.py:188} INFO - [2024-05-07T23:45:29.801-0300] {dag.py:3954} INFO - Setting next_dagrun for first_dag to None, run_after=None
[2024-05-07T23:45:29.878-0300] {processor.py:183} INFO - Processing /mnt/c/Users/Tilto/Desktop/Work/Airflow/dags/first_dag.py took 0.163 seconds
[2024-05-07T23:46:00.424-0300] {processor.py:161} INFO - Started process (PID=4034) to work on /mnt/c/Users/Tilto/Desktop/Work/Airflow/dags/first_dag.py
[2024-05-07T23:46:00.425-0300] {processor.py:830} INFO - Processing file /mnt/c/Users/Tilto/Desktop/Work/Airflow/dags/first_dag.py for tasks to queue
[2024-05-07T23:46:00.427-0300] {logging_mixin.py:188} INFO - [2024-05-07T23:46:00.426-0300] {dagbag.py:540} INFO - Filling up the DagBag from /mnt/c/Users/Tilto/Desktop/Work/Airflow/dags/first_dag.py
[2024-05-07T23:46:00.443-0300] {logging_mixin.py:188} INFO - All Dag modules are ok ......
[2024-05-07T23:46:00.447-0300] {processor.py:840} INFO - DAG(s) 'first_dag' retrieved from /mnt/c/Users/Tilto/Desktop/Work/Airflow/dags/first_dag.py
[2024-05-07T23:46:00.480-0300] {logging_mixin.py:188} INFO - [2024-05-07T23:46:00.480-0300] {dag.py:3096} INFO - Sync 1 DAGs
[2024-05-07T23:46:00.502-0300] {logging_mixin.py:188} INFO - [2024-05-07T23:46:00.502-0300] {dag.py:3954} INFO - Setting next_dagrun for first_dag to None, run_after=None
[2024-05-07T23:46:00.559-0300] {processor.py:183} INFO - Processing /mnt/c/Users/Tilto/Desktop/Work/Airflow/dags/first_dag.py took 0.140 seconds
[2024-05-07T23:46:31.390-0300] {processor.py:161} INFO - Started process (PID=4175) to work on /mnt/c/Users/Tilto/Desktop/Work/Airflow/dags/first_dag.py
[2024-05-07T23:46:31.391-0300] {processor.py:830} INFO - Processing file /mnt/c/Users/Tilto/Desktop/Work/Airflow/dags/first_dag.py for tasks to queue
[2024-05-07T23:46:31.393-0300] {logging_mixin.py:188} INFO - [2024-05-07T23:46:31.393-0300] {dagbag.py:540} INFO - Filling up the DagBag from /mnt/c/Users/Tilto/Desktop/Work/Airflow/dags/first_dag.py
[2024-05-07T23:46:31.410-0300] {logging_mixin.py:188} INFO - All Dag modules are ok ......
[2024-05-07T23:46:31.414-0300] {processor.py:840} INFO - DAG(s) 'first_dag' retrieved from /mnt/c/Users/Tilto/Desktop/Work/Airflow/dags/first_dag.py
[2024-05-07T23:46:31.448-0300] {logging_mixin.py:188} INFO - [2024-05-07T23:46:31.447-0300] {dag.py:3096} INFO - Sync 1 DAGs
[2024-05-07T23:46:31.472-0300] {logging_mixin.py:188} INFO - [2024-05-07T23:46:31.472-0300] {dag.py:3954} INFO - Setting next_dagrun for first_dag to None, run_after=None
[2024-05-07T23:46:31.529-0300] {processor.py:183} INFO - Processing /mnt/c/Users/Tilto/Desktop/Work/Airflow/dags/first_dag.py took 0.144 seconds
[2024-05-07T23:47:02.419-0300] {processor.py:161} INFO - Started process (PID=4323) to work on /mnt/c/Users/Tilto/Desktop/Work/Airflow/dags/first_dag.py
[2024-05-07T23:47:02.420-0300] {processor.py:830} INFO - Processing file /mnt/c/Users/Tilto/Desktop/Work/Airflow/dags/first_dag.py for tasks to queue
[2024-05-07T23:47:02.421-0300] {logging_mixin.py:188} INFO - [2024-05-07T23:47:02.421-0300] {dagbag.py:540} INFO - Filling up the DagBag from /mnt/c/Users/Tilto/Desktop/Work/Airflow/dags/first_dag.py
[2024-05-07T23:47:02.439-0300] {logging_mixin.py:188} INFO - All Dag modules are ok ......
[2024-05-07T23:47:02.444-0300] {processor.py:840} INFO - DAG(s) 'first_dag' retrieved from /mnt/c/Users/Tilto/Desktop/Work/Airflow/dags/first_dag.py
[2024-05-07T23:47:02.481-0300] {logging_mixin.py:188} INFO - [2024-05-07T23:47:02.481-0300] {dag.py:3096} INFO - Sync 1 DAGs
[2024-05-07T23:47:02.506-0300] {logging_mixin.py:188} INFO - [2024-05-07T23:47:02.506-0300] {dag.py:3954} INFO - Setting next_dagrun for first_dag to None, run_after=None
[2024-05-07T23:47:02.568-0300] {processor.py:183} INFO - Processing /mnt/c/Users/Tilto/Desktop/Work/Airflow/dags/first_dag.py took 0.153 seconds
[2024-05-07T23:47:33.559-0300] {processor.py:161} INFO - Started process (PID=4479) to work on /mnt/c/Users/Tilto/Desktop/Work/Airflow/dags/first_dag.py
[2024-05-07T23:47:33.560-0300] {processor.py:830} INFO - Processing file /mnt/c/Users/Tilto/Desktop/Work/Airflow/dags/first_dag.py for tasks to queue
[2024-05-07T23:47:33.563-0300] {logging_mixin.py:188} INFO - [2024-05-07T23:47:33.562-0300] {dagbag.py:540} INFO - Filling up the DagBag from /mnt/c/Users/Tilto/Desktop/Work/Airflow/dags/first_dag.py
[2024-05-07T23:47:33.587-0300] {logging_mixin.py:188} INFO - All Dag modules are ok ......
[2024-05-07T23:47:33.594-0300] {processor.py:840} INFO - DAG(s) 'first_dag' retrieved from /mnt/c/Users/Tilto/Desktop/Work/Airflow/dags/first_dag.py
[2024-05-07T23:47:33.642-0300] {logging_mixin.py:188} INFO - [2024-05-07T23:47:33.641-0300] {dag.py:3096} INFO - Sync 1 DAGs
[2024-05-07T23:47:33.670-0300] {logging_mixin.py:188} INFO - [2024-05-07T23:47:33.669-0300] {dag.py:3954} INFO - Setting next_dagrun for first_dag to None, run_after=None
[2024-05-07T23:47:33.744-0300] {processor.py:183} INFO - Processing /mnt/c/Users/Tilto/Desktop/Work/Airflow/dags/first_dag.py took 0.193 seconds
[2024-05-07T23:48:04.233-0300] {processor.py:161} INFO - Started process (PID=4620) to work on /mnt/c/Users/Tilto/Desktop/Work/Airflow/dags/first_dag.py
[2024-05-07T23:48:04.234-0300] {processor.py:830} INFO - Processing file /mnt/c/Users/Tilto/Desktop/Work/Airflow/dags/first_dag.py for tasks to queue
[2024-05-07T23:48:04.235-0300] {logging_mixin.py:188} INFO - [2024-05-07T23:48:04.235-0300] {dagbag.py:540} INFO - Filling up the DagBag from /mnt/c/Users/Tilto/Desktop/Work/Airflow/dags/first_dag.py
[2024-05-07T23:48:04.248-0300] {logging_mixin.py:188} INFO - All Dag modules are ok ......
[2024-05-07T23:48:04.252-0300] {processor.py:840} INFO - DAG(s) 'first_dag' retrieved from /mnt/c/Users/Tilto/Desktop/Work/Airflow/dags/first_dag.py
[2024-05-07T23:48:04.281-0300] {logging_mixin.py:188} INFO - [2024-05-07T23:48:04.281-0300] {dag.py:3096} INFO - Sync 1 DAGs
[2024-05-07T23:48:04.302-0300] {logging_mixin.py:188} INFO - [2024-05-07T23:48:04.302-0300] {dag.py:3954} INFO - Setting next_dagrun for first_dag to None, run_after=None
[2024-05-07T23:48:04.350-0300] {processor.py:183} INFO - Processing /mnt/c/Users/Tilto/Desktop/Work/Airflow/dags/first_dag.py took 0.122 seconds
[2024-05-07T23:48:41.561-0300] {processor.py:161} INFO - Started process (PID=4830) to work on /mnt/c/Users/Tilto/Desktop/Work/Airflow/dags/first_dag.py
[2024-05-07T23:48:41.562-0300] {processor.py:830} INFO - Processing file /mnt/c/Users/Tilto/Desktop/Work/Airflow/dags/first_dag.py for tasks to queue
[2024-05-07T23:48:41.564-0300] {logging_mixin.py:188} INFO - [2024-05-07T23:48:41.564-0300] {dagbag.py:540} INFO - Filling up the DagBag from /mnt/c/Users/Tilto/Desktop/Work/Airflow/dags/first_dag.py
[2024-05-07T23:48:41.580-0300] {logging_mixin.py:188} INFO - All Dag modules are ok ......
[2024-05-07T23:48:41.584-0300] {processor.py:840} INFO - DAG(s) 'first_dag' retrieved from /mnt/c/Users/Tilto/Desktop/Work/Airflow/dags/first_dag.py
[2024-05-07T23:48:41.597-0300] {logging_mixin.py:188} INFO - [2024-05-07T23:48:41.597-0300] {dag.py:3096} INFO - Sync 1 DAGs
[2024-05-07T23:48:41.622-0300] {logging_mixin.py:188} INFO - [2024-05-07T23:48:41.621-0300] {dag.py:3954} INFO - Setting next_dagrun for first_dag to None, run_after=None
[2024-05-07T23:48:41.681-0300] {processor.py:183} INFO - Processing /mnt/c/Users/Tilto/Desktop/Work/Airflow/dags/first_dag.py took 0.124 seconds
[2024-05-07T23:49:13.614-0300] {processor.py:161} INFO - Started process (PID=4988) to work on /mnt/c/Users/Tilto/Desktop/Work/Airflow/dags/first_dag.py
[2024-05-07T23:49:13.615-0300] {processor.py:830} INFO - Processing file /mnt/c/Users/Tilto/Desktop/Work/Airflow/dags/first_dag.py for tasks to queue
[2024-05-07T23:49:13.616-0300] {logging_mixin.py:188} INFO - [2024-05-07T23:49:13.616-0300] {dagbag.py:540} INFO - Filling up the DagBag from /mnt/c/Users/Tilto/Desktop/Work/Airflow/dags/first_dag.py
[2024-05-07T23:49:13.630-0300] {logging_mixin.py:188} INFO - All Dag modules are ok ......
[2024-05-07T23:49:13.634-0300] {processor.py:840} INFO - DAG(s) 'first_dag' retrieved from /mnt/c/Users/Tilto/Desktop/Work/Airflow/dags/first_dag.py
[2024-05-07T23:49:13.737-0300] {logging_mixin.py:188} INFO - [2024-05-07T23:49:13.737-0300] {dag.py:3096} INFO - Sync 1 DAGs
[2024-05-07T23:49:13.756-0300] {logging_mixin.py:188} INFO - [2024-05-07T23:49:13.756-0300] {dag.py:3954} INFO - Setting next_dagrun for first_dag to None, run_after=None
[2024-05-07T23:49:13.813-0300] {processor.py:183} INFO - Processing /mnt/c/Users/Tilto/Desktop/Work/Airflow/dags/first_dag.py took 0.203 seconds
[2024-05-07T23:49:45.379-0300] {processor.py:161} INFO - Started process (PID=5137) to work on /mnt/c/Users/Tilto/Desktop/Work/Airflow/dags/first_dag.py
[2024-05-07T23:49:45.380-0300] {processor.py:830} INFO - Processing file /mnt/c/Users/Tilto/Desktop/Work/Airflow/dags/first_dag.py for tasks to queue
[2024-05-07T23:49:45.382-0300] {logging_mixin.py:188} INFO - [2024-05-07T23:49:45.382-0300] {dagbag.py:540} INFO - Filling up the DagBag from /mnt/c/Users/Tilto/Desktop/Work/Airflow/dags/first_dag.py
[2024-05-07T23:49:45.408-0300] {logging_mixin.py:188} INFO - All Dag modules are ok ......
[2024-05-07T23:49:45.415-0300] {processor.py:840} INFO - DAG(s) 'first_dag' retrieved from /mnt/c/Users/Tilto/Desktop/Work/Airflow/dags/first_dag.py
[2024-05-07T23:49:45.473-0300] {logging_mixin.py:188} INFO - [2024-05-07T23:49:45.473-0300] {dag.py:3096} INFO - Sync 1 DAGs
[2024-05-07T23:49:45.741-0300] {logging_mixin.py:188} INFO - [2024-05-07T23:49:45.741-0300] {dag.py:3954} INFO - Setting next_dagrun for first_dag to None, run_after=None
[2024-05-07T23:49:46.003-0300] {processor.py:183} INFO - Processing /mnt/c/Users/Tilto/Desktop/Work/Airflow/dags/first_dag.py took 0.631 seconds
[2024-05-07T23:51:43.154-0300] {processor.py:161} INFO - Started process (PID=5742) to work on /mnt/c/Users/Tilto/Desktop/Work/Airflow/dags/first_dag.py
[2024-05-07T23:51:43.155-0300] {processor.py:830} INFO - Processing file /mnt/c/Users/Tilto/Desktop/Work/Airflow/dags/first_dag.py for tasks to queue
[2024-05-07T23:51:43.156-0300] {logging_mixin.py:188} INFO - [2024-05-07T23:51:43.156-0300] {dagbag.py:540} INFO - Filling up the DagBag from /mnt/c/Users/Tilto/Desktop/Work/Airflow/dags/first_dag.py
[2024-05-07T23:51:43.176-0300] {logging_mixin.py:188} INFO - All Dag modules are ok ......
[2024-05-07T23:51:43.181-0300] {processor.py:840} INFO - DAG(s) 'first_dag' retrieved from /mnt/c/Users/Tilto/Desktop/Work/Airflow/dags/first_dag.py
[2024-05-07T23:51:43.195-0300] {logging_mixin.py:188} INFO - [2024-05-07T23:51:43.194-0300] {dag.py:3096} INFO - Sync 1 DAGs
[2024-05-07T23:51:43.219-0300] {logging_mixin.py:188} INFO - [2024-05-07T23:51:43.219-0300] {dag.py:3954} INFO - Setting next_dagrun for first_dag to None, run_after=None
[2024-05-07T23:51:43.310-0300] {processor.py:183} INFO - Processing /mnt/c/Users/Tilto/Desktop/Work/Airflow/dags/first_dag.py took 0.160 seconds
[2024-05-07T23:57:41.646-0300] {processor.py:161} INFO - Started process (PID=7425) to work on /mnt/c/Users/Tilto/Desktop/Work/Airflow/dags/first_dag.py
[2024-05-07T23:57:41.646-0300] {processor.py:830} INFO - Processing file /mnt/c/Users/Tilto/Desktop/Work/Airflow/dags/first_dag.py for tasks to queue
[2024-05-07T23:57:41.647-0300] {logging_mixin.py:188} INFO - [2024-05-07T23:57:41.647-0300] {dagbag.py:540} INFO - Filling up the DagBag from /mnt/c/Users/Tilto/Desktop/Work/Airflow/dags/first_dag.py
[2024-05-07T23:57:41.664-0300] {logging_mixin.py:188} INFO - All Dag modules are ok ......
[2024-05-07T23:57:41.665-0300] {processor.py:840} INFO - DAG(s) 'first_dag' retrieved from /mnt/c/Users/Tilto/Desktop/Work/Airflow/dags/first_dag.py
[2024-05-07T23:57:41.863-0300] {logging_mixin.py:188} INFO - [2024-05-07T23:57:41.862-0300] {dag.py:3096} INFO - Sync 1 DAGs
[2024-05-07T23:57:41.883-0300] {logging_mixin.py:188} INFO - [2024-05-07T23:57:41.883-0300] {dag.py:3954} INFO - Setting next_dagrun for first_dag to None, run_after=None
[2024-05-07T23:57:41.950-0300] {processor.py:183} INFO - Processing /mnt/c/Users/Tilto/Desktop/Work/Airflow/dags/first_dag.py took 0.309 seconds
[2024-05-07T23:58:12.535-0300] {processor.py:161} INFO - Started process (PID=7567) to work on /mnt/c/Users/Tilto/Desktop/Work/Airflow/dags/first_dag.py
[2024-05-07T23:58:12.536-0300] {processor.py:830} INFO - Processing file /mnt/c/Users/Tilto/Desktop/Work/Airflow/dags/first_dag.py for tasks to queue
[2024-05-07T23:58:12.537-0300] {logging_mixin.py:188} INFO - [2024-05-07T23:58:12.536-0300] {dagbag.py:540} INFO - Filling up the DagBag from /mnt/c/Users/Tilto/Desktop/Work/Airflow/dags/first_dag.py
[2024-05-07T23:58:12.553-0300] {logging_mixin.py:188} INFO - All Dag modules are ok ......
[2024-05-07T23:58:12.555-0300] {processor.py:840} INFO - DAG(s) 'first_dag' retrieved from /mnt/c/Users/Tilto/Desktop/Work/Airflow/dags/first_dag.py
[2024-05-07T23:58:12.589-0300] {logging_mixin.py:188} INFO - [2024-05-07T23:58:12.589-0300] {dag.py:3096} INFO - Sync 1 DAGs
[2024-05-07T23:58:12.611-0300] {logging_mixin.py:188} INFO - [2024-05-07T23:58:12.611-0300] {dag.py:3954} INFO - Setting next_dagrun for first_dag to None, run_after=None
[2024-05-07T23:58:12.669-0300] {processor.py:183} INFO - Processing /mnt/c/Users/Tilto/Desktop/Work/Airflow/dags/first_dag.py took 0.139 seconds
[2024-05-07T23:58:43.831-0300] {processor.py:161} INFO - Started process (PID=7710) to work on /mnt/c/Users/Tilto/Desktop/Work/Airflow/dags/first_dag.py
[2024-05-07T23:58:43.833-0300] {processor.py:830} INFO - Processing file /mnt/c/Users/Tilto/Desktop/Work/Airflow/dags/first_dag.py for tasks to queue
[2024-05-07T23:58:43.834-0300] {logging_mixin.py:188} INFO - [2024-05-07T23:58:43.833-0300] {dagbag.py:540} INFO - Filling up the DagBag from /mnt/c/Users/Tilto/Desktop/Work/Airflow/dags/first_dag.py
[2024-05-07T23:58:43.853-0300] {logging_mixin.py:188} INFO - All Dag modules are ok ......
[2024-05-07T23:58:43.855-0300] {processor.py:840} INFO - DAG(s) 'first_dag' retrieved from /mnt/c/Users/Tilto/Desktop/Work/Airflow/dags/first_dag.py
[2024-05-07T23:58:43.890-0300] {logging_mixin.py:188} INFO - [2024-05-07T23:58:43.889-0300] {dag.py:3096} INFO - Sync 1 DAGs
[2024-05-07T23:58:43.911-0300] {logging_mixin.py:188} INFO - [2024-05-07T23:58:43.910-0300] {dag.py:3954} INFO - Setting next_dagrun for first_dag to None, run_after=None
[2024-05-07T23:58:44.223-0300] {processor.py:183} INFO - Processing /mnt/c/Users/Tilto/Desktop/Work/Airflow/dags/first_dag.py took 0.397 seconds
[2024-05-07T23:59:36.909-0300] {processor.py:161} INFO - Started process (PID=8003) to work on /mnt/c/Users/Tilto/Desktop/Work/Airflow/dags/first_dag.py
[2024-05-07T23:59:36.910-0300] {processor.py:830} INFO - Processing file /mnt/c/Users/Tilto/Desktop/Work/Airflow/dags/first_dag.py for tasks to queue
[2024-05-07T23:59:36.911-0300] {logging_mixin.py:188} INFO - [2024-05-07T23:59:36.911-0300] {dagbag.py:540} INFO - Filling up the DagBag from /mnt/c/Users/Tilto/Desktop/Work/Airflow/dags/first_dag.py
[2024-05-07T23:59:36.933-0300] {logging_mixin.py:188} INFO - All Dag modules are ok ......
[2024-05-07T23:59:36.938-0300] {processor.py:840} INFO - DAG(s) 'first_dag' retrieved from /mnt/c/Users/Tilto/Desktop/Work/Airflow/dags/first_dag.py
[2024-05-07T23:59:36.954-0300] {logging_mixin.py:188} INFO - [2024-05-07T23:59:36.953-0300] {dag.py:3096} INFO - Sync 1 DAGs
[2024-05-07T23:59:36.981-0300] {logging_mixin.py:188} INFO - [2024-05-07T23:59:36.981-0300] {dag.py:3954} INFO - Setting next_dagrun for first_dag to None, run_after=None
[2024-05-07T23:59:37.058-0300] {processor.py:183} INFO - Processing /mnt/c/Users/Tilto/Desktop/Work/Airflow/dags/first_dag.py took 0.153 seconds
[2024-05-08T00:00:08.365-0300] {processor.py:161} INFO - Started process (PID=8157) to work on /mnt/c/Users/Tilto/Desktop/Work/Airflow/dags/first_dag.py
[2024-05-08T00:00:08.366-0300] {processor.py:830} INFO - Processing file /mnt/c/Users/Tilto/Desktop/Work/Airflow/dags/first_dag.py for tasks to queue
[2024-05-08T00:00:08.368-0300] {logging_mixin.py:188} INFO - [2024-05-08T00:00:08.368-0300] {dagbag.py:540} INFO - Filling up the DagBag from /mnt/c/Users/Tilto/Desktop/Work/Airflow/dags/first_dag.py
[2024-05-08T00:00:08.384-0300] {logging_mixin.py:188} INFO - All Dag modules are ok ......
[2024-05-08T00:00:08.388-0300] {processor.py:840} INFO - DAG(s) 'first_dag' retrieved from /mnt/c/Users/Tilto/Desktop/Work/Airflow/dags/first_dag.py
[2024-05-08T00:00:08.504-0300] {logging_mixin.py:188} INFO - [2024-05-08T00:00:08.504-0300] {dag.py:3096} INFO - Sync 1 DAGs
[2024-05-08T00:00:08.525-0300] {logging_mixin.py:188} INFO - [2024-05-08T00:00:08.525-0300] {dag.py:3954} INFO - Setting next_dagrun for first_dag to None, run_after=None
[2024-05-08T00:00:08.587-0300] {processor.py:183} INFO - Processing /mnt/c/Users/Tilto/Desktop/Work/Airflow/dags/first_dag.py took 0.226 seconds
[2024-05-08T00:00:49.092-0300] {processor.py:161} INFO - Started process (PID=8380) to work on /mnt/c/Users/Tilto/Desktop/Work/Airflow/dags/first_dag.py
[2024-05-08T00:00:49.093-0300] {processor.py:830} INFO - Processing file /mnt/c/Users/Tilto/Desktop/Work/Airflow/dags/first_dag.py for tasks to queue
[2024-05-08T00:00:49.094-0300] {logging_mixin.py:188} INFO - [2024-05-08T00:00:49.094-0300] {dagbag.py:540} INFO - Filling up the DagBag from /mnt/c/Users/Tilto/Desktop/Work/Airflow/dags/first_dag.py
[2024-05-08T00:00:49.111-0300] {logging_mixin.py:188} INFO - All Dag modules are ok ......
[2024-05-08T00:00:49.116-0300] {processor.py:840} INFO - DAG(s) 'first_dag' retrieved from /mnt/c/Users/Tilto/Desktop/Work/Airflow/dags/first_dag.py
[2024-05-08T00:00:49.129-0300] {logging_mixin.py:188} INFO - [2024-05-08T00:00:49.128-0300] {dag.py:3096} INFO - Sync 1 DAGs
[2024-05-08T00:00:49.152-0300] {logging_mixin.py:188} INFO - [2024-05-08T00:00:49.151-0300] {dag.py:3954} INFO - Setting next_dagrun for first_dag to None, run_after=None
[2024-05-08T00:00:49.212-0300] {processor.py:183} INFO - Processing /mnt/c/Users/Tilto/Desktop/Work/Airflow/dags/first_dag.py took 0.125 seconds
[2024-05-08T00:01:20.330-0300] {processor.py:161} INFO - Started process (PID=8528) to work on /mnt/c/Users/Tilto/Desktop/Work/Airflow/dags/first_dag.py
[2024-05-08T00:01:20.331-0300] {processor.py:830} INFO - Processing file /mnt/c/Users/Tilto/Desktop/Work/Airflow/dags/first_dag.py for tasks to queue
[2024-05-08T00:01:20.334-0300] {logging_mixin.py:188} INFO - [2024-05-08T00:01:20.333-0300] {dagbag.py:540} INFO - Filling up the DagBag from /mnt/c/Users/Tilto/Desktop/Work/Airflow/dags/first_dag.py
[2024-05-08T00:01:20.351-0300] {logging_mixin.py:188} INFO - All Dag modules are ok ......
[2024-05-08T00:01:20.356-0300] {processor.py:840} INFO - DAG(s) 'first_dag' retrieved from /mnt/c/Users/Tilto/Desktop/Work/Airflow/dags/first_dag.py
[2024-05-08T00:01:20.470-0300] {logging_mixin.py:188} INFO - [2024-05-08T00:01:20.470-0300] {dag.py:3096} INFO - Sync 1 DAGs
[2024-05-08T00:01:20.491-0300] {logging_mixin.py:188} INFO - [2024-05-08T00:01:20.491-0300] {dag.py:3954} INFO - Setting next_dagrun for first_dag to None, run_after=None
[2024-05-08T00:01:20.555-0300] {processor.py:183} INFO - Processing /mnt/c/Users/Tilto/Desktop/Work/Airflow/dags/first_dag.py took 0.231 seconds
[2024-05-08T00:01:50.999-0300] {processor.py:161} INFO - Started process (PID=8668) to work on /mnt/c/Users/Tilto/Desktop/Work/Airflow/dags/first_dag.py
[2024-05-08T00:01:51.000-0300] {processor.py:830} INFO - Processing file /mnt/c/Users/Tilto/Desktop/Work/Airflow/dags/first_dag.py for tasks to queue
[2024-05-08T00:01:51.002-0300] {logging_mixin.py:188} INFO - [2024-05-08T00:01:51.002-0300] {dagbag.py:540} INFO - Filling up the DagBag from /mnt/c/Users/Tilto/Desktop/Work/Airflow/dags/first_dag.py
[2024-05-08T00:01:51.020-0300] {logging_mixin.py:188} INFO - All Dag modules are ok ......
[2024-05-08T00:01:51.024-0300] {processor.py:840} INFO - DAG(s) 'first_dag' retrieved from /mnt/c/Users/Tilto/Desktop/Work/Airflow/dags/first_dag.py
[2024-05-08T00:01:51.063-0300] {logging_mixin.py:188} INFO - [2024-05-08T00:01:51.063-0300] {dag.py:3096} INFO - Sync 1 DAGs
[2024-05-08T00:01:51.086-0300] {logging_mixin.py:188} INFO - [2024-05-08T00:01:51.086-0300] {dag.py:3954} INFO - Setting next_dagrun for first_dag to None, run_after=None
[2024-05-08T00:01:51.152-0300] {processor.py:183} INFO - Processing /mnt/c/Users/Tilto/Desktop/Work/Airflow/dags/first_dag.py took 0.157 seconds
[2024-05-08T00:02:22.916-0300] {processor.py:161} INFO - Started process (PID=8864) to work on /mnt/c/Users/Tilto/Desktop/Work/Airflow/dags/first_dag.py
[2024-05-08T00:02:22.917-0300] {processor.py:830} INFO - Processing file /mnt/c/Users/Tilto/Desktop/Work/Airflow/dags/first_dag.py for tasks to queue
[2024-05-08T00:02:22.919-0300] {logging_mixin.py:188} INFO - [2024-05-08T00:02:22.919-0300] {dagbag.py:540} INFO - Filling up the DagBag from /mnt/c/Users/Tilto/Desktop/Work/Airflow/dags/first_dag.py
[2024-05-08T00:02:22.937-0300] {logging_mixin.py:188} INFO - All Dag modules are ok ......
[2024-05-08T00:02:22.942-0300] {processor.py:840} INFO - DAG(s) 'first_dag' retrieved from /mnt/c/Users/Tilto/Desktop/Work/Airflow/dags/first_dag.py
[2024-05-08T00:02:22.976-0300] {logging_mixin.py:188} INFO - [2024-05-08T00:02:22.976-0300] {dag.py:3096} INFO - Sync 1 DAGs
[2024-05-08T00:02:23.000-0300] {logging_mixin.py:188} INFO - [2024-05-08T00:02:23.000-0300] {dag.py:3954} INFO - Setting next_dagrun for first_dag to None, run_after=None
[2024-05-08T00:02:23.092-0300] {processor.py:183} INFO - Processing /mnt/c/Users/Tilto/Desktop/Work/Airflow/dags/first_dag.py took 0.180 seconds
[2024-05-08T00:02:54.582-0300] {processor.py:161} INFO - Started process (PID=9047) to work on /mnt/c/Users/Tilto/Desktop/Work/Airflow/dags/first_dag.py
[2024-05-08T00:02:54.583-0300] {processor.py:830} INFO - Processing file /mnt/c/Users/Tilto/Desktop/Work/Airflow/dags/first_dag.py for tasks to queue
[2024-05-08T00:02:54.584-0300] {logging_mixin.py:188} INFO - [2024-05-08T00:02:54.584-0300] {dagbag.py:540} INFO - Filling up the DagBag from /mnt/c/Users/Tilto/Desktop/Work/Airflow/dags/first_dag.py
[2024-05-08T00:02:54.600-0300] {logging_mixin.py:188} INFO - All Dag modules are ok ......
[2024-05-08T00:02:54.605-0300] {processor.py:840} INFO - DAG(s) 'first_dag' retrieved from /mnt/c/Users/Tilto/Desktop/Work/Airflow/dags/first_dag.py
[2024-05-08T00:02:54.638-0300] {logging_mixin.py:188} INFO - [2024-05-08T00:02:54.638-0300] {dag.py:3096} INFO - Sync 1 DAGs
[2024-05-08T00:02:54.660-0300] {logging_mixin.py:188} INFO - [2024-05-08T00:02:54.660-0300] {dag.py:3954} INFO - Setting next_dagrun for first_dag to None, run_after=None
[2024-05-08T00:02:54.717-0300] {processor.py:183} INFO - Processing /mnt/c/Users/Tilto/Desktop/Work/Airflow/dags/first_dag.py took 0.140 seconds
[2024-05-08T00:03:25.062-0300] {processor.py:161} INFO - Started process (PID=9193) to work on /mnt/c/Users/Tilto/Desktop/Work/Airflow/dags/first_dag.py
[2024-05-08T00:03:25.063-0300] {processor.py:830} INFO - Processing file /mnt/c/Users/Tilto/Desktop/Work/Airflow/dags/first_dag.py for tasks to queue
[2024-05-08T00:03:25.064-0300] {logging_mixin.py:188} INFO - [2024-05-08T00:03:25.064-0300] {dagbag.py:540} INFO - Filling up the DagBag from /mnt/c/Users/Tilto/Desktop/Work/Airflow/dags/first_dag.py
[2024-05-08T00:03:25.077-0300] {logging_mixin.py:188} INFO - All Dag modules are ok ......
[2024-05-08T00:03:25.081-0300] {processor.py:840} INFO - DAG(s) 'first_dag' retrieved from /mnt/c/Users/Tilto/Desktop/Work/Airflow/dags/first_dag.py
[2024-05-08T00:03:25.111-0300] {logging_mixin.py:188} INFO - [2024-05-08T00:03:25.111-0300] {dag.py:3096} INFO - Sync 1 DAGs
[2024-05-08T00:03:25.132-0300] {logging_mixin.py:188} INFO - [2024-05-08T00:03:25.132-0300] {dag.py:3954} INFO - Setting next_dagrun for first_dag to None, run_after=None
[2024-05-08T00:03:25.188-0300] {processor.py:183} INFO - Processing /mnt/c/Users/Tilto/Desktop/Work/Airflow/dags/first_dag.py took 0.131 seconds
[2024-05-08T00:03:56.637-0300] {processor.py:161} INFO - Started process (PID=9338) to work on /mnt/c/Users/Tilto/Desktop/Work/Airflow/dags/first_dag.py
[2024-05-08T00:03:56.638-0300] {processor.py:830} INFO - Processing file /mnt/c/Users/Tilto/Desktop/Work/Airflow/dags/first_dag.py for tasks to queue
[2024-05-08T00:03:56.639-0300] {logging_mixin.py:188} INFO - [2024-05-08T00:03:56.639-0300] {dagbag.py:540} INFO - Filling up the DagBag from /mnt/c/Users/Tilto/Desktop/Work/Airflow/dags/first_dag.py
[2024-05-08T00:03:56.651-0300] {logging_mixin.py:188} INFO - All Dag modules are ok ......
[2024-05-08T00:03:56.655-0300] {processor.py:840} INFO - DAG(s) 'first_dag' retrieved from /mnt/c/Users/Tilto/Desktop/Work/Airflow/dags/first_dag.py
[2024-05-08T00:03:56.684-0300] {logging_mixin.py:188} INFO - [2024-05-08T00:03:56.684-0300] {dag.py:3096} INFO - Sync 1 DAGs
[2024-05-08T00:03:56.707-0300] {logging_mixin.py:188} INFO - [2024-05-08T00:03:56.707-0300] {dag.py:3954} INFO - Setting next_dagrun for first_dag to None, run_after=None
[2024-05-08T00:03:56.842-0300] {processor.py:183} INFO - Processing /mnt/c/Users/Tilto/Desktop/Work/Airflow/dags/first_dag.py took 0.210 seconds
[2024-05-08T00:04:44.992-0300] {processor.py:161} INFO - Started process (PID=9609) to work on /mnt/c/Users/Tilto/Desktop/Work/Airflow/dags/first_dag.py
[2024-05-08T00:04:44.993-0300] {processor.py:830} INFO - Processing file /mnt/c/Users/Tilto/Desktop/Work/Airflow/dags/first_dag.py for tasks to queue
[2024-05-08T00:04:44.995-0300] {logging_mixin.py:188} INFO - [2024-05-08T00:04:44.994-0300] {dagbag.py:540} INFO - Filling up the DagBag from /mnt/c/Users/Tilto/Desktop/Work/Airflow/dags/first_dag.py
[2024-05-08T00:04:45.011-0300] {logging_mixin.py:188} INFO - All Dag modules are ok ......
[2024-05-08T00:04:45.015-0300] {processor.py:840} INFO - DAG(s) 'first_dag' retrieved from /mnt/c/Users/Tilto/Desktop/Work/Airflow/dags/first_dag.py
[2024-05-08T00:04:45.028-0300] {logging_mixin.py:188} INFO - [2024-05-08T00:04:45.027-0300] {dag.py:3096} INFO - Sync 1 DAGs
[2024-05-08T00:04:45.050-0300] {logging_mixin.py:188} INFO - [2024-05-08T00:04:45.049-0300] {dag.py:3954} INFO - Setting next_dagrun for first_dag to None, run_after=None
[2024-05-08T00:04:45.107-0300] {processor.py:183} INFO - Processing /mnt/c/Users/Tilto/Desktop/Work/Airflow/dags/first_dag.py took 0.120 seconds
[2024-05-08T00:05:43.686-0300] {processor.py:161} INFO - Started process (PID=9881) to work on /mnt/c/Users/Tilto/Desktop/Work/Airflow/dags/first_dag.py
[2024-05-08T00:05:43.688-0300] {processor.py:830} INFO - Processing file /mnt/c/Users/Tilto/Desktop/Work/Airflow/dags/first_dag.py for tasks to queue
[2024-05-08T00:05:43.689-0300] {logging_mixin.py:188} INFO - [2024-05-08T00:05:43.689-0300] {dagbag.py:540} INFO - Filling up the DagBag from /mnt/c/Users/Tilto/Desktop/Work/Airflow/dags/first_dag.py
[2024-05-08T00:05:43.712-0300] {logging_mixin.py:188} INFO - All Dag modules are ok ......
[2024-05-08T00:05:43.717-0300] {processor.py:840} INFO - DAG(s) 'first_dag' retrieved from /mnt/c/Users/Tilto/Desktop/Work/Airflow/dags/first_dag.py
[2024-05-08T00:05:43.877-0300] {logging_mixin.py:188} INFO - [2024-05-08T00:05:43.877-0300] {dag.py:3096} INFO - Sync 1 DAGs
[2024-05-08T00:05:43.916-0300] {logging_mixin.py:188} INFO - [2024-05-08T00:05:43.916-0300] {dag.py:3954} INFO - Setting next_dagrun for first_dag to None, run_after=None
[2024-05-08T00:05:44.000-0300] {processor.py:183} INFO - Processing /mnt/c/Users/Tilto/Desktop/Work/Airflow/dags/first_dag.py took 0.321 seconds
[2024-05-08T00:06:14.458-0300] {processor.py:161} INFO - Started process (PID=10025) to work on /mnt/c/Users/Tilto/Desktop/Work/Airflow/dags/first_dag.py
[2024-05-08T00:06:14.459-0300] {processor.py:830} INFO - Processing file /mnt/c/Users/Tilto/Desktop/Work/Airflow/dags/first_dag.py for tasks to queue
[2024-05-08T00:06:14.461-0300] {logging_mixin.py:188} INFO - [2024-05-08T00:06:14.460-0300] {dagbag.py:540} INFO - Filling up the DagBag from /mnt/c/Users/Tilto/Desktop/Work/Airflow/dags/first_dag.py
[2024-05-08T00:06:14.480-0300] {logging_mixin.py:188} INFO - All Dag modules are ok ......
[2024-05-08T00:06:14.484-0300] {processor.py:840} INFO - DAG(s) 'first_dag' retrieved from /mnt/c/Users/Tilto/Desktop/Work/Airflow/dags/first_dag.py
[2024-05-08T00:06:14.522-0300] {logging_mixin.py:188} INFO - [2024-05-08T00:06:14.522-0300] {dag.py:3096} INFO - Sync 1 DAGs
[2024-05-08T00:06:14.546-0300] {logging_mixin.py:188} INFO - [2024-05-08T00:06:14.546-0300] {dag.py:3954} INFO - Setting next_dagrun for first_dag to None, run_after=None
[2024-05-08T00:06:14.605-0300] {processor.py:183} INFO - Processing /mnt/c/Users/Tilto/Desktop/Work/Airflow/dags/first_dag.py took 0.151 seconds
[2024-05-08T00:06:45.500-0300] {processor.py:161} INFO - Started process (PID=10172) to work on /mnt/c/Users/Tilto/Desktop/Work/Airflow/dags/first_dag.py
[2024-05-08T00:06:45.501-0300] {processor.py:830} INFO - Processing file /mnt/c/Users/Tilto/Desktop/Work/Airflow/dags/first_dag.py for tasks to queue
[2024-05-08T00:06:45.502-0300] {logging_mixin.py:188} INFO - [2024-05-08T00:06:45.502-0300] {dagbag.py:540} INFO - Filling up the DagBag from /mnt/c/Users/Tilto/Desktop/Work/Airflow/dags/first_dag.py
[2024-05-08T00:06:45.518-0300] {logging_mixin.py:188} INFO - All Dag modules are ok ......
[2024-05-08T00:06:45.523-0300] {processor.py:840} INFO - DAG(s) 'first_dag' retrieved from /mnt/c/Users/Tilto/Desktop/Work/Airflow/dags/first_dag.py
[2024-05-08T00:06:45.556-0300] {logging_mixin.py:188} INFO - [2024-05-08T00:06:45.556-0300] {dag.py:3096} INFO - Sync 1 DAGs
[2024-05-08T00:06:45.579-0300] {logging_mixin.py:188} INFO - [2024-05-08T00:06:45.579-0300] {dag.py:3954} INFO - Setting next_dagrun for first_dag to None, run_after=None
[2024-05-08T00:06:45.637-0300] {processor.py:183} INFO - Processing /mnt/c/Users/Tilto/Desktop/Work/Airflow/dags/first_dag.py took 0.141 seconds
[2024-05-08T00:07:16.286-0300] {processor.py:161} INFO - Started process (PID=10315) to work on /mnt/c/Users/Tilto/Desktop/Work/Airflow/dags/first_dag.py
[2024-05-08T00:07:16.287-0300] {processor.py:830} INFO - Processing file /mnt/c/Users/Tilto/Desktop/Work/Airflow/dags/first_dag.py for tasks to queue
[2024-05-08T00:07:16.289-0300] {logging_mixin.py:188} INFO - [2024-05-08T00:07:16.289-0300] {dagbag.py:540} INFO - Filling up the DagBag from /mnt/c/Users/Tilto/Desktop/Work/Airflow/dags/first_dag.py
[2024-05-08T00:07:16.306-0300] {logging_mixin.py:188} INFO - All Dag modules are ok ......
[2024-05-08T00:07:16.311-0300] {processor.py:840} INFO - DAG(s) 'first_dag' retrieved from /mnt/c/Users/Tilto/Desktop/Work/Airflow/dags/first_dag.py
[2024-05-08T00:07:16.348-0300] {logging_mixin.py:188} INFO - [2024-05-08T00:07:16.348-0300] {dag.py:3096} INFO - Sync 1 DAGs
[2024-05-08T00:07:16.375-0300] {logging_mixin.py:188} INFO - [2024-05-08T00:07:16.375-0300] {dag.py:3954} INFO - Setting next_dagrun for first_dag to None, run_after=None
[2024-05-08T00:07:16.434-0300] {processor.py:183} INFO - Processing /mnt/c/Users/Tilto/Desktop/Work/Airflow/dags/first_dag.py took 0.153 seconds
[2024-05-08T00:07:47.175-0300] {processor.py:161} INFO - Started process (PID=10457) to work on /mnt/c/Users/Tilto/Desktop/Work/Airflow/dags/first_dag.py
[2024-05-08T00:07:47.176-0300] {processor.py:830} INFO - Processing file /mnt/c/Users/Tilto/Desktop/Work/Airflow/dags/first_dag.py for tasks to queue
[2024-05-08T00:07:47.177-0300] {logging_mixin.py:188} INFO - [2024-05-08T00:07:47.177-0300] {dagbag.py:540} INFO - Filling up the DagBag from /mnt/c/Users/Tilto/Desktop/Work/Airflow/dags/first_dag.py
[2024-05-08T00:07:47.195-0300] {logging_mixin.py:188} INFO - All Dag modules are ok ......
[2024-05-08T00:07:47.199-0300] {processor.py:840} INFO - DAG(s) 'first_dag' retrieved from /mnt/c/Users/Tilto/Desktop/Work/Airflow/dags/first_dag.py
[2024-05-08T00:07:47.237-0300] {logging_mixin.py:188} INFO - [2024-05-08T00:07:47.237-0300] {dag.py:3096} INFO - Sync 1 DAGs
[2024-05-08T00:07:47.261-0300] {logging_mixin.py:188} INFO - [2024-05-08T00:07:47.261-0300] {dag.py:3954} INFO - Setting next_dagrun for first_dag to None, run_after=None
[2024-05-08T00:07:47.323-0300] {processor.py:183} INFO - Processing /mnt/c/Users/Tilto/Desktop/Work/Airflow/dags/first_dag.py took 0.153 seconds
[2024-05-08T00:08:18.203-0300] {processor.py:161} INFO - Started process (PID=10599) to work on /mnt/c/Users/Tilto/Desktop/Work/Airflow/dags/first_dag.py
[2024-05-08T00:08:18.204-0300] {processor.py:830} INFO - Processing file /mnt/c/Users/Tilto/Desktop/Work/Airflow/dags/first_dag.py for tasks to queue
[2024-05-08T00:08:18.205-0300] {logging_mixin.py:188} INFO - [2024-05-08T00:08:18.205-0300] {dagbag.py:540} INFO - Filling up the DagBag from /mnt/c/Users/Tilto/Desktop/Work/Airflow/dags/first_dag.py
[2024-05-08T00:08:18.221-0300] {logging_mixin.py:188} INFO - All Dag modules are ok ......
[2024-05-08T00:08:18.225-0300] {processor.py:840} INFO - DAG(s) 'first_dag' retrieved from /mnt/c/Users/Tilto/Desktop/Work/Airflow/dags/first_dag.py
[2024-05-08T00:08:18.258-0300] {logging_mixin.py:188} INFO - [2024-05-08T00:08:18.258-0300] {dag.py:3096} INFO - Sync 1 DAGs
[2024-05-08T00:08:18.280-0300] {logging_mixin.py:188} INFO - [2024-05-08T00:08:18.280-0300] {dag.py:3954} INFO - Setting next_dagrun for first_dag to None, run_after=None
[2024-05-08T00:08:18.337-0300] {processor.py:183} INFO - Processing /mnt/c/Users/Tilto/Desktop/Work/Airflow/dags/first_dag.py took 0.139 seconds
[2024-05-08T00:08:49.238-0300] {processor.py:161} INFO - Started process (PID=10741) to work on /mnt/c/Users/Tilto/Desktop/Work/Airflow/dags/first_dag.py
[2024-05-08T00:08:49.239-0300] {processor.py:830} INFO - Processing file /mnt/c/Users/Tilto/Desktop/Work/Airflow/dags/first_dag.py for tasks to queue
[2024-05-08T00:08:49.240-0300] {logging_mixin.py:188} INFO - [2024-05-08T00:08:49.240-0300] {dagbag.py:540} INFO - Filling up the DagBag from /mnt/c/Users/Tilto/Desktop/Work/Airflow/dags/first_dag.py
[2024-05-08T00:08:49.258-0300] {logging_mixin.py:188} INFO - All Dag modules are ok ......
[2024-05-08T00:08:49.262-0300] {processor.py:840} INFO - DAG(s) 'first_dag' retrieved from /mnt/c/Users/Tilto/Desktop/Work/Airflow/dags/first_dag.py
[2024-05-08T00:08:49.296-0300] {logging_mixin.py:188} INFO - [2024-05-08T00:08:49.296-0300] {dag.py:3096} INFO - Sync 1 DAGs
[2024-05-08T00:08:49.318-0300] {logging_mixin.py:188} INFO - [2024-05-08T00:08:49.317-0300] {dag.py:3954} INFO - Setting next_dagrun for first_dag to None, run_after=None
[2024-05-08T00:08:49.376-0300] {processor.py:183} INFO - Processing /mnt/c/Users/Tilto/Desktop/Work/Airflow/dags/first_dag.py took 0.143 seconds
[2024-05-08T00:09:20.269-0300] {processor.py:161} INFO - Started process (PID=10886) to work on /mnt/c/Users/Tilto/Desktop/Work/Airflow/dags/first_dag.py
[2024-05-08T00:09:20.270-0300] {processor.py:830} INFO - Processing file /mnt/c/Users/Tilto/Desktop/Work/Airflow/dags/first_dag.py for tasks to queue
[2024-05-08T00:09:20.272-0300] {logging_mixin.py:188} INFO - [2024-05-08T00:09:20.271-0300] {dagbag.py:540} INFO - Filling up the DagBag from /mnt/c/Users/Tilto/Desktop/Work/Airflow/dags/first_dag.py
[2024-05-08T00:09:20.287-0300] {logging_mixin.py:188} INFO - All Dag modules are ok ......
[2024-05-08T00:09:20.292-0300] {processor.py:840} INFO - DAG(s) 'first_dag' retrieved from /mnt/c/Users/Tilto/Desktop/Work/Airflow/dags/first_dag.py
[2024-05-08T00:09:20.324-0300] {logging_mixin.py:188} INFO - [2024-05-08T00:09:20.324-0300] {dag.py:3096} INFO - Sync 1 DAGs
[2024-05-08T00:09:20.347-0300] {logging_mixin.py:188} INFO - [2024-05-08T00:09:20.347-0300] {dag.py:3954} INFO - Setting next_dagrun for first_dag to None, run_after=None
[2024-05-08T00:09:20.404-0300] {processor.py:183} INFO - Processing /mnt/c/Users/Tilto/Desktop/Work/Airflow/dags/first_dag.py took 0.139 seconds
[2024-05-08T00:09:51.288-0300] {processor.py:161} INFO - Started process (PID=11029) to work on /mnt/c/Users/Tilto/Desktop/Work/Airflow/dags/first_dag.py
[2024-05-08T00:09:51.289-0300] {processor.py:830} INFO - Processing file /mnt/c/Users/Tilto/Desktop/Work/Airflow/dags/first_dag.py for tasks to queue
[2024-05-08T00:09:51.291-0300] {logging_mixin.py:188} INFO - [2024-05-08T00:09:51.290-0300] {dagbag.py:540} INFO - Filling up the DagBag from /mnt/c/Users/Tilto/Desktop/Work/Airflow/dags/first_dag.py
[2024-05-08T00:09:51.308-0300] {logging_mixin.py:188} INFO - All Dag modules are ok ......
[2024-05-08T00:09:51.312-0300] {processor.py:840} INFO - DAG(s) 'first_dag' retrieved from /mnt/c/Users/Tilto/Desktop/Work/Airflow/dags/first_dag.py
[2024-05-08T00:09:51.351-0300] {logging_mixin.py:188} INFO - [2024-05-08T00:09:51.350-0300] {dag.py:3096} INFO - Sync 1 DAGs
[2024-05-08T00:09:51.376-0300] {logging_mixin.py:188} INFO - [2024-05-08T00:09:51.376-0300] {dag.py:3954} INFO - Setting next_dagrun for first_dag to None, run_after=None
[2024-05-08T00:09:51.438-0300] {processor.py:183} INFO - Processing /mnt/c/Users/Tilto/Desktop/Work/Airflow/dags/first_dag.py took 0.155 seconds
[2024-05-08T00:10:22.366-0300] {processor.py:161} INFO - Started process (PID=11172) to work on /mnt/c/Users/Tilto/Desktop/Work/Airflow/dags/first_dag.py
[2024-05-08T00:10:22.367-0300] {processor.py:830} INFO - Processing file /mnt/c/Users/Tilto/Desktop/Work/Airflow/dags/first_dag.py for tasks to queue
[2024-05-08T00:10:22.369-0300] {logging_mixin.py:188} INFO - [2024-05-08T00:10:22.369-0300] {dagbag.py:540} INFO - Filling up the DagBag from /mnt/c/Users/Tilto/Desktop/Work/Airflow/dags/first_dag.py
[2024-05-08T00:10:22.385-0300] {logging_mixin.py:188} INFO - All Dag modules are ok ......
[2024-05-08T00:10:22.389-0300] {processor.py:840} INFO - DAG(s) 'first_dag' retrieved from /mnt/c/Users/Tilto/Desktop/Work/Airflow/dags/first_dag.py
[2024-05-08T00:10:22.422-0300] {logging_mixin.py:188} INFO - [2024-05-08T00:10:22.422-0300] {dag.py:3096} INFO - Sync 1 DAGs
[2024-05-08T00:10:22.445-0300] {logging_mixin.py:188} INFO - [2024-05-08T00:10:22.444-0300] {dag.py:3954} INFO - Setting next_dagrun for first_dag to None, run_after=None
[2024-05-08T00:10:22.503-0300] {processor.py:183} INFO - Processing /mnt/c/Users/Tilto/Desktop/Work/Airflow/dags/first_dag.py took 0.141 seconds
[2024-05-08T00:10:53.099-0300] {processor.py:161} INFO - Started process (PID=11314) to work on /mnt/c/Users/Tilto/Desktop/Work/Airflow/dags/first_dag.py
[2024-05-08T00:10:53.100-0300] {processor.py:830} INFO - Processing file /mnt/c/Users/Tilto/Desktop/Work/Airflow/dags/first_dag.py for tasks to queue
[2024-05-08T00:10:53.102-0300] {logging_mixin.py:188} INFO - [2024-05-08T00:10:53.101-0300] {dagbag.py:540} INFO - Filling up the DagBag from /mnt/c/Users/Tilto/Desktop/Work/Airflow/dags/first_dag.py
[2024-05-08T00:10:53.118-0300] {logging_mixin.py:188} INFO - All Dag modules are ok ......
[2024-05-08T00:10:53.122-0300] {processor.py:840} INFO - DAG(s) 'first_dag' retrieved from /mnt/c/Users/Tilto/Desktop/Work/Airflow/dags/first_dag.py
[2024-05-08T00:10:53.154-0300] {logging_mixin.py:188} INFO - [2024-05-08T00:10:53.154-0300] {dag.py:3096} INFO - Sync 1 DAGs
[2024-05-08T00:10:53.177-0300] {logging_mixin.py:188} INFO - [2024-05-08T00:10:53.177-0300] {dag.py:3954} INFO - Setting next_dagrun for first_dag to None, run_after=None
[2024-05-08T00:10:53.232-0300] {processor.py:183} INFO - Processing /mnt/c/Users/Tilto/Desktop/Work/Airflow/dags/first_dag.py took 0.137 seconds
[2024-05-08T00:11:24.307-0300] {processor.py:161} INFO - Started process (PID=11458) to work on /mnt/c/Users/Tilto/Desktop/Work/Airflow/dags/first_dag.py
[2024-05-08T00:11:24.308-0300] {processor.py:830} INFO - Processing file /mnt/c/Users/Tilto/Desktop/Work/Airflow/dags/first_dag.py for tasks to queue
[2024-05-08T00:11:24.310-0300] {logging_mixin.py:188} INFO - [2024-05-08T00:11:24.310-0300] {dagbag.py:540} INFO - Filling up the DagBag from /mnt/c/Users/Tilto/Desktop/Work/Airflow/dags/first_dag.py
[2024-05-08T00:11:24.326-0300] {logging_mixin.py:188} INFO - All Dag modules are ok ......
[2024-05-08T00:11:24.331-0300] {processor.py:840} INFO - DAG(s) 'first_dag' retrieved from /mnt/c/Users/Tilto/Desktop/Work/Airflow/dags/first_dag.py
[2024-05-08T00:11:24.364-0300] {logging_mixin.py:188} INFO - [2024-05-08T00:11:24.364-0300] {dag.py:3096} INFO - Sync 1 DAGs
[2024-05-08T00:11:24.387-0300] {logging_mixin.py:188} INFO - [2024-05-08T00:11:24.387-0300] {dag.py:3954} INFO - Setting next_dagrun for first_dag to None, run_after=None
[2024-05-08T00:11:24.450-0300] {processor.py:183} INFO - Processing /mnt/c/Users/Tilto/Desktop/Work/Airflow/dags/first_dag.py took 0.147 seconds
[2024-05-08T00:11:55.323-0300] {processor.py:161} INFO - Started process (PID=11601) to work on /mnt/c/Users/Tilto/Desktop/Work/Airflow/dags/first_dag.py
[2024-05-08T00:11:55.324-0300] {processor.py:830} INFO - Processing file /mnt/c/Users/Tilto/Desktop/Work/Airflow/dags/first_dag.py for tasks to queue
[2024-05-08T00:11:55.326-0300] {logging_mixin.py:188} INFO - [2024-05-08T00:11:55.326-0300] {dagbag.py:540} INFO - Filling up the DagBag from /mnt/c/Users/Tilto/Desktop/Work/Airflow/dags/first_dag.py
[2024-05-08T00:11:55.342-0300] {logging_mixin.py:188} INFO - All Dag modules are ok ......
[2024-05-08T00:11:55.346-0300] {processor.py:840} INFO - DAG(s) 'first_dag' retrieved from /mnt/c/Users/Tilto/Desktop/Work/Airflow/dags/first_dag.py
[2024-05-08T00:11:55.379-0300] {logging_mixin.py:188} INFO - [2024-05-08T00:11:55.379-0300] {dag.py:3096} INFO - Sync 1 DAGs
[2024-05-08T00:11:55.401-0300] {logging_mixin.py:188} INFO - [2024-05-08T00:11:55.400-0300] {dag.py:3954} INFO - Setting next_dagrun for first_dag to None, run_after=None
[2024-05-08T00:11:55.456-0300] {processor.py:183} INFO - Processing /mnt/c/Users/Tilto/Desktop/Work/Airflow/dags/first_dag.py took 0.137 seconds
[2024-05-08T00:12:26.554-0300] {processor.py:161} INFO - Started process (PID=11745) to work on /mnt/c/Users/Tilto/Desktop/Work/Airflow/dags/first_dag.py
[2024-05-08T00:12:26.555-0300] {processor.py:830} INFO - Processing file /mnt/c/Users/Tilto/Desktop/Work/Airflow/dags/first_dag.py for tasks to queue
[2024-05-08T00:12:26.557-0300] {logging_mixin.py:188} INFO - [2024-05-08T00:12:26.557-0300] {dagbag.py:540} INFO - Filling up the DagBag from /mnt/c/Users/Tilto/Desktop/Work/Airflow/dags/first_dag.py
[2024-05-08T00:12:26.576-0300] {logging_mixin.py:188} INFO - All Dag modules are ok ......
[2024-05-08T00:12:26.581-0300] {processor.py:840} INFO - DAG(s) 'first_dag' retrieved from /mnt/c/Users/Tilto/Desktop/Work/Airflow/dags/first_dag.py
[2024-05-08T00:12:26.619-0300] {logging_mixin.py:188} INFO - [2024-05-08T00:12:26.618-0300] {dag.py:3096} INFO - Sync 1 DAGs
[2024-05-08T00:12:26.643-0300] {logging_mixin.py:188} INFO - [2024-05-08T00:12:26.643-0300] {dag.py:3954} INFO - Setting next_dagrun for first_dag to None, run_after=None
[2024-05-08T00:12:26.794-0300] {processor.py:183} INFO - Processing /mnt/c/Users/Tilto/Desktop/Work/Airflow/dags/first_dag.py took 0.244 seconds
[2024-05-08T00:12:57.558-0300] {processor.py:161} INFO - Started process (PID=11888) to work on /mnt/c/Users/Tilto/Desktop/Work/Airflow/dags/first_dag.py
[2024-05-08T00:12:57.558-0300] {processor.py:830} INFO - Processing file /mnt/c/Users/Tilto/Desktop/Work/Airflow/dags/first_dag.py for tasks to queue
[2024-05-08T00:12:57.560-0300] {logging_mixin.py:188} INFO - [2024-05-08T00:12:57.559-0300] {dagbag.py:540} INFO - Filling up the DagBag from /mnt/c/Users/Tilto/Desktop/Work/Airflow/dags/first_dag.py
[2024-05-08T00:12:57.575-0300] {logging_mixin.py:188} INFO - All Dag modules are ok ......
[2024-05-08T00:12:57.579-0300] {processor.py:840} INFO - DAG(s) 'first_dag' retrieved from /mnt/c/Users/Tilto/Desktop/Work/Airflow/dags/first_dag.py
[2024-05-08T00:12:57.612-0300] {logging_mixin.py:188} INFO - [2024-05-08T00:12:57.612-0300] {dag.py:3096} INFO - Sync 1 DAGs
[2024-05-08T00:12:57.634-0300] {logging_mixin.py:188} INFO - [2024-05-08T00:12:57.634-0300] {dag.py:3954} INFO - Setting next_dagrun for first_dag to None, run_after=None
[2024-05-08T00:12:57.754-0300] {processor.py:183} INFO - Processing /mnt/c/Users/Tilto/Desktop/Work/Airflow/dags/first_dag.py took 0.201 seconds
[2024-05-08T00:13:28.297-0300] {processor.py:161} INFO - Started process (PID=12031) to work on /mnt/c/Users/Tilto/Desktop/Work/Airflow/dags/first_dag.py
[2024-05-08T00:13:28.297-0300] {processor.py:830} INFO - Processing file /mnt/c/Users/Tilto/Desktop/Work/Airflow/dags/first_dag.py for tasks to queue
[2024-05-08T00:13:28.299-0300] {logging_mixin.py:188} INFO - [2024-05-08T00:13:28.299-0300] {dagbag.py:540} INFO - Filling up the DagBag from /mnt/c/Users/Tilto/Desktop/Work/Airflow/dags/first_dag.py
[2024-05-08T00:13:28.316-0300] {logging_mixin.py:188} INFO - All Dag modules are ok ......
[2024-05-08T00:13:28.320-0300] {processor.py:840} INFO - DAG(s) 'first_dag' retrieved from /mnt/c/Users/Tilto/Desktop/Work/Airflow/dags/first_dag.py
[2024-05-08T00:13:28.356-0300] {logging_mixin.py:188} INFO - [2024-05-08T00:13:28.355-0300] {dag.py:3096} INFO - Sync 1 DAGs
[2024-05-08T00:13:28.442-0300] {logging_mixin.py:188} INFO - [2024-05-08T00:13:28.442-0300] {dag.py:3954} INFO - Setting next_dagrun for first_dag to None, run_after=None
[2024-05-08T00:13:28.501-0300] {processor.py:183} INFO - Processing /mnt/c/Users/Tilto/Desktop/Work/Airflow/dags/first_dag.py took 0.209 seconds
[2024-05-08T00:13:59.360-0300] {processor.py:161} INFO - Started process (PID=12174) to work on /mnt/c/Users/Tilto/Desktop/Work/Airflow/dags/first_dag.py
[2024-05-08T00:13:59.361-0300] {processor.py:830} INFO - Processing file /mnt/c/Users/Tilto/Desktop/Work/Airflow/dags/first_dag.py for tasks to queue
[2024-05-08T00:13:59.362-0300] {logging_mixin.py:188} INFO - [2024-05-08T00:13:59.362-0300] {dagbag.py:540} INFO - Filling up the DagBag from /mnt/c/Users/Tilto/Desktop/Work/Airflow/dags/first_dag.py
[2024-05-08T00:13:59.379-0300] {logging_mixin.py:188} INFO - All Dag modules are ok ......
[2024-05-08T00:13:59.383-0300] {processor.py:840} INFO - DAG(s) 'first_dag' retrieved from /mnt/c/Users/Tilto/Desktop/Work/Airflow/dags/first_dag.py
[2024-05-08T00:13:59.417-0300] {logging_mixin.py:188} INFO - [2024-05-08T00:13:59.417-0300] {dag.py:3096} INFO - Sync 1 DAGs
[2024-05-08T00:13:59.501-0300] {logging_mixin.py:188} INFO - [2024-05-08T00:13:59.501-0300] {dag.py:3954} INFO - Setting next_dagrun for first_dag to None, run_after=None
[2024-05-08T00:13:59.559-0300] {processor.py:183} INFO - Processing /mnt/c/Users/Tilto/Desktop/Work/Airflow/dags/first_dag.py took 0.204 seconds
