[2024-05-07T23:42:18.138-0300] {processor.py:161} INFO - Started process (PID=2861) to work on /mnt/c/Users/Tilto/Desktop/Work/Airflow/dags/hook_dag.py
[2024-05-07T23:42:18.139-0300] {processor.py:830} INFO - Processing file /mnt/c/Users/Tilto/Desktop/Work/Airflow/dags/hook_dag.py for tasks to queue
[2024-05-07T23:42:18.141-0300] {logging_mixin.py:188} INFO - [2024-05-07T23:42:18.140-0300] {dagbag.py:540} INFO - Filling up the DagBag from /mnt/c/Users/Tilto/Desktop/Work/Airflow/dags/hook_dag.py
[2024-05-07T23:42:18.169-0300] {processor.py:840} INFO - DAG(s) 'Hook_dag' retrieved from /mnt/c/Users/Tilto/Desktop/Work/Airflow/dags/hook_dag.py
[2024-05-07T23:42:18.185-0300] {logging_mixin.py:188} INFO - [2024-05-07T23:42:18.185-0300] {dag.py:3096} INFO - Sync 1 DAGs
[2024-05-07T23:42:18.203-0300] {logging_mixin.py:188} INFO - [2024-05-07T23:42:18.203-0300] {dag.py:3954} INFO - Setting next_dagrun for Hook_dag to None, run_after=None
[2024-05-07T23:42:18.264-0300] {processor.py:183} INFO - Processing /mnt/c/Users/Tilto/Desktop/Work/Airflow/dags/hook_dag.py took 0.130 seconds
[2024-05-07T23:42:48.873-0300] {processor.py:161} INFO - Started process (PID=3091) to work on /mnt/c/Users/Tilto/Desktop/Work/Airflow/dags/hook_dag.py
[2024-05-07T23:42:48.874-0300] {processor.py:830} INFO - Processing file /mnt/c/Users/Tilto/Desktop/Work/Airflow/dags/hook_dag.py for tasks to queue
[2024-05-07T23:42:48.876-0300] {logging_mixin.py:188} INFO - [2024-05-07T23:42:48.875-0300] {dagbag.py:540} INFO - Filling up the DagBag from /mnt/c/Users/Tilto/Desktop/Work/Airflow/dags/hook_dag.py
[2024-05-07T23:42:48.894-0300] {processor.py:840} INFO - DAG(s) 'Hook_dag' retrieved from /mnt/c/Users/Tilto/Desktop/Work/Airflow/dags/hook_dag.py
[2024-05-07T23:42:48.998-0300] {logging_mixin.py:188} INFO - [2024-05-07T23:42:48.998-0300] {dag.py:3096} INFO - Sync 1 DAGs
[2024-05-07T23:42:49.010-0300] {logging_mixin.py:188} INFO - [2024-05-07T23:42:49.010-0300] {dag.py:3954} INFO - Setting next_dagrun for Hook_dag to None, run_after=None
[2024-05-07T23:42:49.076-0300] {processor.py:183} INFO - Processing /mnt/c/Users/Tilto/Desktop/Work/Airflow/dags/hook_dag.py took 0.207 seconds
[2024-05-07T23:43:20.305-0300] {processor.py:161} INFO - Started process (PID=3250) to work on /mnt/c/Users/Tilto/Desktop/Work/Airflow/dags/hook_dag.py
[2024-05-07T23:43:20.306-0300] {processor.py:830} INFO - Processing file /mnt/c/Users/Tilto/Desktop/Work/Airflow/dags/hook_dag.py for tasks to queue
[2024-05-07T23:43:20.307-0300] {logging_mixin.py:188} INFO - [2024-05-07T23:43:20.307-0300] {dagbag.py:540} INFO - Filling up the DagBag from /mnt/c/Users/Tilto/Desktop/Work/Airflow/dags/hook_dag.py
[2024-05-07T23:43:20.324-0300] {processor.py:840} INFO - DAG(s) 'Hook_dag' retrieved from /mnt/c/Users/Tilto/Desktop/Work/Airflow/dags/hook_dag.py
[2024-05-07T23:43:20.348-0300] {logging_mixin.py:188} INFO - [2024-05-07T23:43:20.348-0300] {dag.py:3096} INFO - Sync 1 DAGs
[2024-05-07T23:43:20.360-0300] {logging_mixin.py:188} INFO - [2024-05-07T23:43:20.359-0300] {dag.py:3954} INFO - Setting next_dagrun for Hook_dag to None, run_after=None
[2024-05-07T23:43:20.409-0300] {processor.py:183} INFO - Processing /mnt/c/Users/Tilto/Desktop/Work/Airflow/dags/hook_dag.py took 0.109 seconds
[2024-05-07T23:43:51.907-0300] {processor.py:161} INFO - Started process (PID=3402) to work on /mnt/c/Users/Tilto/Desktop/Work/Airflow/dags/hook_dag.py
[2024-05-07T23:43:51.908-0300] {processor.py:830} INFO - Processing file /mnt/c/Users/Tilto/Desktop/Work/Airflow/dags/hook_dag.py for tasks to queue
[2024-05-07T23:43:51.911-0300] {logging_mixin.py:188} INFO - [2024-05-07T23:43:51.911-0300] {dagbag.py:540} INFO - Filling up the DagBag from /mnt/c/Users/Tilto/Desktop/Work/Airflow/dags/hook_dag.py
[2024-05-07T23:43:51.944-0300] {processor.py:840} INFO - DAG(s) 'Hook_dag' retrieved from /mnt/c/Users/Tilto/Desktop/Work/Airflow/dags/hook_dag.py
[2024-05-07T23:43:52.002-0300] {logging_mixin.py:188} INFO - [2024-05-07T23:43:52.002-0300] {dag.py:3096} INFO - Sync 1 DAGs
[2024-05-07T23:43:52.027-0300] {logging_mixin.py:188} INFO - [2024-05-07T23:43:52.026-0300] {dag.py:3954} INFO - Setting next_dagrun for Hook_dag to None, run_after=None
[2024-05-07T23:43:52.162-0300] {processor.py:183} INFO - Processing /mnt/c/Users/Tilto/Desktop/Work/Airflow/dags/hook_dag.py took 0.261 seconds
[2024-05-07T23:44:23.014-0300] {processor.py:161} INFO - Started process (PID=3558) to work on /mnt/c/Users/Tilto/Desktop/Work/Airflow/dags/hook_dag.py
[2024-05-07T23:44:23.015-0300] {processor.py:830} INFO - Processing file /mnt/c/Users/Tilto/Desktop/Work/Airflow/dags/hook_dag.py for tasks to queue
[2024-05-07T23:44:23.017-0300] {logging_mixin.py:188} INFO - [2024-05-07T23:44:23.016-0300] {dagbag.py:540} INFO - Filling up the DagBag from /mnt/c/Users/Tilto/Desktop/Work/Airflow/dags/hook_dag.py
[2024-05-07T23:44:23.039-0300] {processor.py:840} INFO - DAG(s) 'Hook_dag' retrieved from /mnt/c/Users/Tilto/Desktop/Work/Airflow/dags/hook_dag.py
[2024-05-07T23:44:23.068-0300] {logging_mixin.py:188} INFO - [2024-05-07T23:44:23.067-0300] {dag.py:3096} INFO - Sync 1 DAGs
[2024-05-07T23:44:23.081-0300] {logging_mixin.py:188} INFO - [2024-05-07T23:44:23.081-0300] {dag.py:3954} INFO - Setting next_dagrun for Hook_dag to None, run_after=None
[2024-05-07T23:44:23.139-0300] {processor.py:183} INFO - Processing /mnt/c/Users/Tilto/Desktop/Work/Airflow/dags/hook_dag.py took 0.132 seconds
[2024-05-07T23:44:54.089-0300] {processor.py:161} INFO - Started process (PID=3707) to work on /mnt/c/Users/Tilto/Desktop/Work/Airflow/dags/hook_dag.py
[2024-05-07T23:44:54.090-0300] {processor.py:830} INFO - Processing file /mnt/c/Users/Tilto/Desktop/Work/Airflow/dags/hook_dag.py for tasks to queue
[2024-05-07T23:44:54.091-0300] {logging_mixin.py:188} INFO - [2024-05-07T23:44:54.091-0300] {dagbag.py:540} INFO - Filling up the DagBag from /mnt/c/Users/Tilto/Desktop/Work/Airflow/dags/hook_dag.py
[2024-05-07T23:44:54.112-0300] {processor.py:840} INFO - DAG(s) 'Hook_dag' retrieved from /mnt/c/Users/Tilto/Desktop/Work/Airflow/dags/hook_dag.py
[2024-05-07T23:44:54.141-0300] {logging_mixin.py:188} INFO - [2024-05-07T23:44:54.140-0300] {dag.py:3096} INFO - Sync 1 DAGs
[2024-05-07T23:44:54.154-0300] {logging_mixin.py:188} INFO - [2024-05-07T23:44:54.153-0300] {dag.py:3954} INFO - Setting next_dagrun for Hook_dag to None, run_after=None
[2024-05-07T23:44:54.210-0300] {processor.py:183} INFO - Processing /mnt/c/Users/Tilto/Desktop/Work/Airflow/dags/hook_dag.py took 0.126 seconds
[2024-05-07T23:45:24.504-0300] {processor.py:161} INFO - Started process (PID=3865) to work on /mnt/c/Users/Tilto/Desktop/Work/Airflow/dags/hook_dag.py
[2024-05-07T23:45:24.505-0300] {processor.py:830} INFO - Processing file /mnt/c/Users/Tilto/Desktop/Work/Airflow/dags/hook_dag.py for tasks to queue
[2024-05-07T23:45:24.507-0300] {logging_mixin.py:188} INFO - [2024-05-07T23:45:24.507-0300] {dagbag.py:540} INFO - Filling up the DagBag from /mnt/c/Users/Tilto/Desktop/Work/Airflow/dags/hook_dag.py
[2024-05-07T23:45:24.537-0300] {processor.py:840} INFO - DAG(s) 'Hook_dag' retrieved from /mnt/c/Users/Tilto/Desktop/Work/Airflow/dags/hook_dag.py
[2024-05-07T23:45:24.569-0300] {logging_mixin.py:188} INFO - [2024-05-07T23:45:24.569-0300] {dag.py:3096} INFO - Sync 1 DAGs
[2024-05-07T23:45:24.583-0300] {logging_mixin.py:188} INFO - [2024-05-07T23:45:24.582-0300] {dag.py:3954} INFO - Setting next_dagrun for Hook_dag to None, run_after=None
[2024-05-07T23:45:24.661-0300] {processor.py:183} INFO - Processing /mnt/c/Users/Tilto/Desktop/Work/Airflow/dags/hook_dag.py took 0.162 seconds
[2024-05-07T23:45:55.125-0300] {processor.py:161} INFO - Started process (PID=4009) to work on /mnt/c/Users/Tilto/Desktop/Work/Airflow/dags/hook_dag.py
[2024-05-07T23:45:55.126-0300] {processor.py:830} INFO - Processing file /mnt/c/Users/Tilto/Desktop/Work/Airflow/dags/hook_dag.py for tasks to queue
[2024-05-07T23:45:55.128-0300] {logging_mixin.py:188} INFO - [2024-05-07T23:45:55.127-0300] {dagbag.py:540} INFO - Filling up the DagBag from /mnt/c/Users/Tilto/Desktop/Work/Airflow/dags/hook_dag.py
[2024-05-07T23:45:55.147-0300] {processor.py:840} INFO - DAG(s) 'Hook_dag' retrieved from /mnt/c/Users/Tilto/Desktop/Work/Airflow/dags/hook_dag.py
[2024-05-07T23:45:55.172-0300] {logging_mixin.py:188} INFO - [2024-05-07T23:45:55.171-0300] {dag.py:3096} INFO - Sync 1 DAGs
[2024-05-07T23:45:55.184-0300] {logging_mixin.py:188} INFO - [2024-05-07T23:45:55.184-0300] {dag.py:3954} INFO - Setting next_dagrun for Hook_dag to None, run_after=None
[2024-05-07T23:45:55.241-0300] {processor.py:183} INFO - Processing /mnt/c/Users/Tilto/Desktop/Work/Airflow/dags/hook_dag.py took 0.120 seconds
[2024-05-07T23:46:26.008-0300] {processor.py:161} INFO - Started process (PID=4150) to work on /mnt/c/Users/Tilto/Desktop/Work/Airflow/dags/hook_dag.py
[2024-05-07T23:46:26.009-0300] {processor.py:830} INFO - Processing file /mnt/c/Users/Tilto/Desktop/Work/Airflow/dags/hook_dag.py for tasks to queue
[2024-05-07T23:46:26.010-0300] {logging_mixin.py:188} INFO - [2024-05-07T23:46:26.010-0300] {dagbag.py:540} INFO - Filling up the DagBag from /mnt/c/Users/Tilto/Desktop/Work/Airflow/dags/hook_dag.py
[2024-05-07T23:46:26.031-0300] {processor.py:840} INFO - DAG(s) 'Hook_dag' retrieved from /mnt/c/Users/Tilto/Desktop/Work/Airflow/dags/hook_dag.py
[2024-05-07T23:46:26.057-0300] {logging_mixin.py:188} INFO - [2024-05-07T23:46:26.056-0300] {dag.py:3096} INFO - Sync 1 DAGs
[2024-05-07T23:46:26.068-0300] {logging_mixin.py:188} INFO - [2024-05-07T23:46:26.068-0300] {dag.py:3954} INFO - Setting next_dagrun for Hook_dag to None, run_after=None
[2024-05-07T23:46:26.161-0300] {processor.py:183} INFO - Processing /mnt/c/Users/Tilto/Desktop/Work/Airflow/dags/hook_dag.py took 0.158 seconds
[2024-05-07T23:46:56.536-0300] {processor.py:161} INFO - Started process (PID=4295) to work on /mnt/c/Users/Tilto/Desktop/Work/Airflow/dags/hook_dag.py
[2024-05-07T23:46:56.536-0300] {processor.py:830} INFO - Processing file /mnt/c/Users/Tilto/Desktop/Work/Airflow/dags/hook_dag.py for tasks to queue
[2024-05-07T23:46:56.538-0300] {logging_mixin.py:188} INFO - [2024-05-07T23:46:56.537-0300] {dagbag.py:540} INFO - Filling up the DagBag from /mnt/c/Users/Tilto/Desktop/Work/Airflow/dags/hook_dag.py
[2024-05-07T23:46:56.557-0300] {processor.py:840} INFO - DAG(s) 'Hook_dag' retrieved from /mnt/c/Users/Tilto/Desktop/Work/Airflow/dags/hook_dag.py
[2024-05-07T23:46:56.581-0300] {logging_mixin.py:188} INFO - [2024-05-07T23:46:56.581-0300] {dag.py:3096} INFO - Sync 1 DAGs
[2024-05-07T23:46:56.594-0300] {logging_mixin.py:188} INFO - [2024-05-07T23:46:56.594-0300] {dag.py:3954} INFO - Setting next_dagrun for Hook_dag to None, run_after=None
[2024-05-07T23:46:56.650-0300] {processor.py:183} INFO - Processing /mnt/c/Users/Tilto/Desktop/Work/Airflow/dags/hook_dag.py took 0.120 seconds
[2024-05-07T23:47:26.831-0300] {processor.py:161} INFO - Started process (PID=4448) to work on /mnt/c/Users/Tilto/Desktop/Work/Airflow/dags/hook_dag.py
[2024-05-07T23:47:26.832-0300] {processor.py:830} INFO - Processing file /mnt/c/Users/Tilto/Desktop/Work/Airflow/dags/hook_dag.py for tasks to queue
[2024-05-07T23:47:26.833-0300] {logging_mixin.py:188} INFO - [2024-05-07T23:47:26.833-0300] {dagbag.py:540} INFO - Filling up the DagBag from /mnt/c/Users/Tilto/Desktop/Work/Airflow/dags/hook_dag.py
[2024-05-07T23:47:26.852-0300] {processor.py:840} INFO - DAG(s) 'Hook_dag' retrieved from /mnt/c/Users/Tilto/Desktop/Work/Airflow/dags/hook_dag.py
[2024-05-07T23:47:26.875-0300] {logging_mixin.py:188} INFO - [2024-05-07T23:47:26.875-0300] {dag.py:3096} INFO - Sync 1 DAGs
[2024-05-07T23:47:26.886-0300] {logging_mixin.py:188} INFO - [2024-05-07T23:47:26.886-0300] {dag.py:3954} INFO - Setting next_dagrun for Hook_dag to None, run_after=None
[2024-05-07T23:47:26.937-0300] {processor.py:183} INFO - Processing /mnt/c/Users/Tilto/Desktop/Work/Airflow/dags/hook_dag.py took 0.113 seconds
[2024-05-07T23:47:57.456-0300] {processor.py:161} INFO - Started process (PID=4589) to work on /mnt/c/Users/Tilto/Desktop/Work/Airflow/dags/hook_dag.py
[2024-05-07T23:47:57.457-0300] {processor.py:830} INFO - Processing file /mnt/c/Users/Tilto/Desktop/Work/Airflow/dags/hook_dag.py for tasks to queue
[2024-05-07T23:47:57.458-0300] {logging_mixin.py:188} INFO - [2024-05-07T23:47:57.458-0300] {dagbag.py:540} INFO - Filling up the DagBag from /mnt/c/Users/Tilto/Desktop/Work/Airflow/dags/hook_dag.py
[2024-05-07T23:47:57.474-0300] {processor.py:840} INFO - DAG(s) 'Hook_dag' retrieved from /mnt/c/Users/Tilto/Desktop/Work/Airflow/dags/hook_dag.py
[2024-05-07T23:47:57.497-0300] {logging_mixin.py:188} INFO - [2024-05-07T23:47:57.497-0300] {dag.py:3096} INFO - Sync 1 DAGs
[2024-05-07T23:47:57.509-0300] {logging_mixin.py:188} INFO - [2024-05-07T23:47:57.508-0300] {dag.py:3954} INFO - Setting next_dagrun for Hook_dag to None, run_after=None
[2024-05-07T23:47:57.556-0300] {processor.py:183} INFO - Processing /mnt/c/Users/Tilto/Desktop/Work/Airflow/dags/hook_dag.py took 0.104 seconds
[2024-05-07T23:48:37.272-0300] {processor.py:161} INFO - Started process (PID=4806) to work on /mnt/c/Users/Tilto/Desktop/Work/Airflow/dags/hook_dag.py
[2024-05-07T23:48:37.272-0300] {processor.py:830} INFO - Processing file /mnt/c/Users/Tilto/Desktop/Work/Airflow/dags/hook_dag.py for tasks to queue
[2024-05-07T23:48:37.274-0300] {logging_mixin.py:188} INFO - [2024-05-07T23:48:37.274-0300] {dagbag.py:540} INFO - Filling up the DagBag from /mnt/c/Users/Tilto/Desktop/Work/Airflow/dags/hook_dag.py
[2024-05-07T23:48:37.294-0300] {processor.py:840} INFO - DAG(s) 'Hook_dag' retrieved from /mnt/c/Users/Tilto/Desktop/Work/Airflow/dags/hook_dag.py
[2024-05-07T23:48:37.306-0300] {logging_mixin.py:188} INFO - [2024-05-07T23:48:37.306-0300] {dag.py:3096} INFO - Sync 1 DAGs
[2024-05-07T23:48:37.318-0300] {logging_mixin.py:188} INFO - [2024-05-07T23:48:37.318-0300] {dag.py:3954} INFO - Setting next_dagrun for Hook_dag to None, run_after=None
[2024-05-07T23:48:37.376-0300] {processor.py:183} INFO - Processing /mnt/c/Users/Tilto/Desktop/Work/Airflow/dags/hook_dag.py took 0.109 seconds
[2024-05-07T23:49:08.623-0300] {processor.py:161} INFO - Started process (PID=4961) to work on /mnt/c/Users/Tilto/Desktop/Work/Airflow/dags/hook_dag.py
[2024-05-07T23:49:08.623-0300] {processor.py:830} INFO - Processing file /mnt/c/Users/Tilto/Desktop/Work/Airflow/dags/hook_dag.py for tasks to queue
[2024-05-07T23:49:08.625-0300] {logging_mixin.py:188} INFO - [2024-05-07T23:49:08.624-0300] {dagbag.py:540} INFO - Filling up the DagBag from /mnt/c/Users/Tilto/Desktop/Work/Airflow/dags/hook_dag.py
[2024-05-07T23:49:08.641-0300] {processor.py:840} INFO - DAG(s) 'Hook_dag' retrieved from /mnt/c/Users/Tilto/Desktop/Work/Airflow/dags/hook_dag.py
[2024-05-07T23:49:08.738-0300] {logging_mixin.py:188} INFO - [2024-05-07T23:49:08.738-0300] {dag.py:3096} INFO - Sync 1 DAGs
[2024-05-07T23:49:08.749-0300] {logging_mixin.py:188} INFO - [2024-05-07T23:49:08.749-0300] {dag.py:3954} INFO - Setting next_dagrun for Hook_dag to None, run_after=None
[2024-05-07T23:49:08.802-0300] {processor.py:183} INFO - Processing /mnt/c/Users/Tilto/Desktop/Work/Airflow/dags/hook_dag.py took 0.184 seconds
[2024-05-07T23:49:39.798-0300] {processor.py:161} INFO - Started process (PID=5111) to work on /mnt/c/Users/Tilto/Desktop/Work/Airflow/dags/hook_dag.py
[2024-05-07T23:49:39.799-0300] {processor.py:830} INFO - Processing file /mnt/c/Users/Tilto/Desktop/Work/Airflow/dags/hook_dag.py for tasks to queue
[2024-05-07T23:49:39.801-0300] {logging_mixin.py:188} INFO - [2024-05-07T23:49:39.801-0300] {dagbag.py:540} INFO - Filling up the DagBag from /mnt/c/Users/Tilto/Desktop/Work/Airflow/dags/hook_dag.py
[2024-05-07T23:49:39.834-0300] {processor.py:840} INFO - DAG(s) 'Hook_dag' retrieved from /mnt/c/Users/Tilto/Desktop/Work/Airflow/dags/hook_dag.py
[2024-05-07T23:49:39.878-0300] {logging_mixin.py:188} INFO - [2024-05-07T23:49:39.877-0300] {dag.py:3096} INFO - Sync 1 DAGs
[2024-05-07T23:49:39.900-0300] {logging_mixin.py:188} INFO - [2024-05-07T23:49:39.899-0300] {dag.py:3954} INFO - Setting next_dagrun for Hook_dag to None, run_after=None
[2024-05-07T23:49:39.993-0300] {processor.py:183} INFO - Processing /mnt/c/Users/Tilto/Desktop/Work/Airflow/dags/hook_dag.py took 0.203 seconds
[2024-05-07T23:50:11.879-0300] {processor.py:161} INFO - Started process (PID=5269) to work on /mnt/c/Users/Tilto/Desktop/Work/Airflow/dags/hook_dag.py
[2024-05-07T23:50:11.880-0300] {processor.py:830} INFO - Processing file /mnt/c/Users/Tilto/Desktop/Work/Airflow/dags/hook_dag.py for tasks to queue
[2024-05-07T23:50:11.881-0300] {logging_mixin.py:188} INFO - [2024-05-07T23:50:11.881-0300] {dagbag.py:540} INFO - Filling up the DagBag from /mnt/c/Users/Tilto/Desktop/Work/Airflow/dags/hook_dag.py
[2024-05-07T23:50:11.902-0300] {processor.py:840} INFO - DAG(s) 'Hook_dag' retrieved from /mnt/c/Users/Tilto/Desktop/Work/Airflow/dags/hook_dag.py
[2024-05-07T23:50:11.928-0300] {logging_mixin.py:188} INFO - [2024-05-07T23:50:11.928-0300] {dag.py:3096} INFO - Sync 1 DAGs
[2024-05-07T23:50:11.940-0300] {logging_mixin.py:188} INFO - [2024-05-07T23:50:11.940-0300] {dag.py:3954} INFO - Setting next_dagrun for Hook_dag to None, run_after=None
[2024-05-07T23:50:11.998-0300] {processor.py:183} INFO - Processing /mnt/c/Users/Tilto/Desktop/Work/Airflow/dags/hook_dag.py took 0.124 seconds
[2024-05-07T23:51:37.760-0300] {processor.py:161} INFO - Started process (PID=5716) to work on /mnt/c/Users/Tilto/Desktop/Work/Airflow/dags/hook_dag.py
[2024-05-07T23:51:37.761-0300] {processor.py:830} INFO - Processing file /mnt/c/Users/Tilto/Desktop/Work/Airflow/dags/hook_dag.py for tasks to queue
[2024-05-07T23:51:37.763-0300] {logging_mixin.py:188} INFO - [2024-05-07T23:51:37.763-0300] {dagbag.py:540} INFO - Filling up the DagBag from /mnt/c/Users/Tilto/Desktop/Work/Airflow/dags/hook_dag.py
[2024-05-07T23:51:37.794-0300] {processor.py:840} INFO - DAG(s) 'Hook_dag' retrieved from /mnt/c/Users/Tilto/Desktop/Work/Airflow/dags/hook_dag.py
[2024-05-07T23:51:37.830-0300] {logging_mixin.py:188} INFO - [2024-05-07T23:51:37.830-0300] {dag.py:3096} INFO - Sync 1 DAGs
[2024-05-07T23:51:37.866-0300] {logging_mixin.py:188} INFO - [2024-05-07T23:51:37.865-0300] {dag.py:3954} INFO - Setting next_dagrun for Hook_dag to None, run_after=None
[2024-05-07T23:51:37.959-0300] {processor.py:183} INFO - Processing /mnt/c/Users/Tilto/Desktop/Work/Airflow/dags/hook_dag.py took 0.205 seconds
[2024-05-07T23:57:36.444-0300] {processor.py:161} INFO - Started process (PID=7397) to work on /mnt/c/Users/Tilto/Desktop/Work/Airflow/dags/hook_dag.py
[2024-05-07T23:57:36.445-0300] {processor.py:830} INFO - Processing file /mnt/c/Users/Tilto/Desktop/Work/Airflow/dags/hook_dag.py for tasks to queue
[2024-05-07T23:57:36.445-0300] {logging_mixin.py:188} INFO - [2024-05-07T23:57:36.445-0300] {dagbag.py:540} INFO - Filling up the DagBag from /mnt/c/Users/Tilto/Desktop/Work/Airflow/dags/hook_dag.py
[2024-05-07T23:57:36.465-0300] {processor.py:840} INFO - DAG(s) 'Hook_dag' retrieved from /mnt/c/Users/Tilto/Desktop/Work/Airflow/dags/hook_dag.py
[2024-05-07T23:57:36.634-0300] {logging_mixin.py:188} INFO - [2024-05-07T23:57:36.634-0300] {dag.py:3096} INFO - Sync 1 DAGs
[2024-05-07T23:57:36.645-0300] {logging_mixin.py:188} INFO - [2024-05-07T23:57:36.644-0300] {dag.py:3954} INFO - Setting next_dagrun for Hook_dag to None, run_after=None
[2024-05-07T23:57:36.706-0300] {processor.py:183} INFO - Processing /mnt/c/Users/Tilto/Desktop/Work/Airflow/dags/hook_dag.py took 0.268 seconds
[2024-05-07T23:58:06.861-0300] {processor.py:161} INFO - Started process (PID=7540) to work on /mnt/c/Users/Tilto/Desktop/Work/Airflow/dags/hook_dag.py
[2024-05-07T23:58:06.862-0300] {processor.py:830} INFO - Processing file /mnt/c/Users/Tilto/Desktop/Work/Airflow/dags/hook_dag.py for tasks to queue
[2024-05-07T23:58:06.863-0300] {logging_mixin.py:188} INFO - [2024-05-07T23:58:06.863-0300] {dagbag.py:540} INFO - Filling up the DagBag from /mnt/c/Users/Tilto/Desktop/Work/Airflow/dags/hook_dag.py
[2024-05-07T23:58:06.880-0300] {processor.py:840} INFO - DAG(s) 'Hook_dag' retrieved from /mnt/c/Users/Tilto/Desktop/Work/Airflow/dags/hook_dag.py
[2024-05-07T23:58:06.906-0300] {logging_mixin.py:188} INFO - [2024-05-07T23:58:06.906-0300] {dag.py:3096} INFO - Sync 1 DAGs
[2024-05-07T23:58:06.917-0300] {logging_mixin.py:188} INFO - [2024-05-07T23:58:06.917-0300] {dag.py:3954} INFO - Setting next_dagrun for Hook_dag to None, run_after=None
[2024-05-07T23:58:06.977-0300] {processor.py:183} INFO - Processing /mnt/c/Users/Tilto/Desktop/Work/Airflow/dags/hook_dag.py took 0.120 seconds
[2024-05-07T23:58:37.764-0300] {processor.py:161} INFO - Started process (PID=7682) to work on /mnt/c/Users/Tilto/Desktop/Work/Airflow/dags/hook_dag.py
[2024-05-07T23:58:37.765-0300] {processor.py:830} INFO - Processing file /mnt/c/Users/Tilto/Desktop/Work/Airflow/dags/hook_dag.py for tasks to queue
[2024-05-07T23:58:37.767-0300] {logging_mixin.py:188} INFO - [2024-05-07T23:58:37.766-0300] {dagbag.py:540} INFO - Filling up the DagBag from /mnt/c/Users/Tilto/Desktop/Work/Airflow/dags/hook_dag.py
[2024-05-07T23:58:37.784-0300] {processor.py:840} INFO - DAG(s) 'Hook_dag' retrieved from /mnt/c/Users/Tilto/Desktop/Work/Airflow/dags/hook_dag.py
[2024-05-07T23:58:37.809-0300] {logging_mixin.py:188} INFO - [2024-05-07T23:58:37.809-0300] {dag.py:3096} INFO - Sync 1 DAGs
[2024-05-07T23:58:37.822-0300] {logging_mixin.py:188} INFO - [2024-05-07T23:58:37.821-0300] {dag.py:3954} INFO - Setting next_dagrun for Hook_dag to None, run_after=None
[2024-05-07T23:58:37.883-0300] {processor.py:183} INFO - Processing /mnt/c/Users/Tilto/Desktop/Work/Airflow/dags/hook_dag.py took 0.123 seconds
[2024-05-07T23:59:32.334-0300] {processor.py:161} INFO - Started process (PID=7977) to work on /mnt/c/Users/Tilto/Desktop/Work/Airflow/dags/hook_dag.py
[2024-05-07T23:59:32.335-0300] {processor.py:830} INFO - Processing file /mnt/c/Users/Tilto/Desktop/Work/Airflow/dags/hook_dag.py for tasks to queue
[2024-05-07T23:59:32.336-0300] {logging_mixin.py:188} INFO - [2024-05-07T23:59:32.336-0300] {dagbag.py:540} INFO - Filling up the DagBag from /mnt/c/Users/Tilto/Desktop/Work/Airflow/dags/hook_dag.py
[2024-05-07T23:59:32.367-0300] {processor.py:840} INFO - DAG(s) 'Hook_dag' retrieved from /mnt/c/Users/Tilto/Desktop/Work/Airflow/dags/hook_dag.py
[2024-05-07T23:59:32.381-0300] {logging_mixin.py:188} INFO - [2024-05-07T23:59:32.381-0300] {dag.py:3096} INFO - Sync 1 DAGs
[2024-05-07T23:59:32.394-0300] {logging_mixin.py:188} INFO - [2024-05-07T23:59:32.393-0300] {dag.py:3954} INFO - Setting next_dagrun for Hook_dag to None, run_after=None
[2024-05-07T23:59:32.452-0300] {processor.py:183} INFO - Processing /mnt/c/Users/Tilto/Desktop/Work/Airflow/dags/hook_dag.py took 0.124 seconds
[2024-05-08T00:00:03.278-0300] {processor.py:161} INFO - Started process (PID=8133) to work on /mnt/c/Users/Tilto/Desktop/Work/Airflow/dags/hook_dag.py
[2024-05-08T00:00:03.280-0300] {processor.py:830} INFO - Processing file /mnt/c/Users/Tilto/Desktop/Work/Airflow/dags/hook_dag.py for tasks to queue
[2024-05-08T00:00:03.281-0300] {logging_mixin.py:188} INFO - [2024-05-08T00:00:03.281-0300] {dagbag.py:540} INFO - Filling up the DagBag from /mnt/c/Users/Tilto/Desktop/Work/Airflow/dags/hook_dag.py
[2024-05-08T00:00:03.302-0300] {processor.py:840} INFO - DAG(s) 'Hook_dag' retrieved from /mnt/c/Users/Tilto/Desktop/Work/Airflow/dags/hook_dag.py
[2024-05-08T00:00:03.405-0300] {logging_mixin.py:188} INFO - [2024-05-08T00:00:03.405-0300] {dag.py:3096} INFO - Sync 1 DAGs
[2024-05-08T00:00:03.416-0300] {logging_mixin.py:188} INFO - [2024-05-08T00:00:03.416-0300] {dag.py:3954} INFO - Setting next_dagrun for Hook_dag to None, run_after=None
[2024-05-08T00:00:03.474-0300] {processor.py:183} INFO - Processing /mnt/c/Users/Tilto/Desktop/Work/Airflow/dags/hook_dag.py took 0.200 seconds
[2024-05-08T00:00:44.406-0300] {processor.py:161} INFO - Started process (PID=8354) to work on /mnt/c/Users/Tilto/Desktop/Work/Airflow/dags/hook_dag.py
[2024-05-08T00:00:44.407-0300] {processor.py:830} INFO - Processing file /mnt/c/Users/Tilto/Desktop/Work/Airflow/dags/hook_dag.py for tasks to queue
[2024-05-08T00:00:44.408-0300] {logging_mixin.py:188} INFO - [2024-05-08T00:00:44.408-0300] {dagbag.py:540} INFO - Filling up the DagBag from /mnt/c/Users/Tilto/Desktop/Work/Airflow/dags/hook_dag.py
[2024-05-08T00:00:44.431-0300] {processor.py:840} INFO - DAG(s) 'Hook_dag' retrieved from /mnt/c/Users/Tilto/Desktop/Work/Airflow/dags/hook_dag.py
[2024-05-08T00:00:44.443-0300] {logging_mixin.py:188} INFO - [2024-05-08T00:00:44.442-0300] {dag.py:3096} INFO - Sync 1 DAGs
[2024-05-08T00:00:44.456-0300] {logging_mixin.py:188} INFO - [2024-05-08T00:00:44.455-0300] {dag.py:3954} INFO - Setting next_dagrun for Hook_dag to None, run_after=None
[2024-05-08T00:00:44.515-0300] {processor.py:183} INFO - Processing /mnt/c/Users/Tilto/Desktop/Work/Airflow/dags/hook_dag.py took 0.113 seconds
[2024-05-08T00:01:15.315-0300] {processor.py:161} INFO - Started process (PID=8504) to work on /mnt/c/Users/Tilto/Desktop/Work/Airflow/dags/hook_dag.py
[2024-05-08T00:01:15.316-0300] {processor.py:830} INFO - Processing file /mnt/c/Users/Tilto/Desktop/Work/Airflow/dags/hook_dag.py for tasks to queue
[2024-05-08T00:01:15.317-0300] {logging_mixin.py:188} INFO - [2024-05-08T00:01:15.317-0300] {dagbag.py:540} INFO - Filling up the DagBag from /mnt/c/Users/Tilto/Desktop/Work/Airflow/dags/hook_dag.py
[2024-05-08T00:01:15.341-0300] {processor.py:840} INFO - DAG(s) 'Hook_dag' retrieved from /mnt/c/Users/Tilto/Desktop/Work/Airflow/dags/hook_dag.py
[2024-05-08T00:01:15.447-0300] {logging_mixin.py:188} INFO - [2024-05-08T00:01:15.447-0300] {dag.py:3096} INFO - Sync 1 DAGs
[2024-05-08T00:01:15.459-0300] {logging_mixin.py:188} INFO - [2024-05-08T00:01:15.459-0300] {dag.py:3954} INFO - Setting next_dagrun for Hook_dag to None, run_after=None
[2024-05-08T00:01:15.522-0300] {processor.py:183} INFO - Processing /mnt/c/Users/Tilto/Desktop/Work/Airflow/dags/hook_dag.py took 0.211 seconds
[2024-05-08T00:01:46.703-0300] {processor.py:161} INFO - Started process (PID=8647) to work on /mnt/c/Users/Tilto/Desktop/Work/Airflow/dags/hook_dag.py
[2024-05-08T00:01:46.704-0300] {processor.py:830} INFO - Processing file /mnt/c/Users/Tilto/Desktop/Work/Airflow/dags/hook_dag.py for tasks to queue
[2024-05-08T00:01:46.705-0300] {logging_mixin.py:188} INFO - [2024-05-08T00:01:46.705-0300] {dagbag.py:540} INFO - Filling up the DagBag from /mnt/c/Users/Tilto/Desktop/Work/Airflow/dags/hook_dag.py
[2024-05-08T00:01:46.728-0300] {processor.py:840} INFO - DAG(s) 'Hook_dag' retrieved from /mnt/c/Users/Tilto/Desktop/Work/Airflow/dags/hook_dag.py
[2024-05-08T00:01:46.755-0300] {logging_mixin.py:188} INFO - [2024-05-08T00:01:46.755-0300] {dag.py:3096} INFO - Sync 1 DAGs
[2024-05-08T00:01:46.768-0300] {logging_mixin.py:188} INFO - [2024-05-08T00:01:46.768-0300] {dag.py:3954} INFO - Setting next_dagrun for Hook_dag to None, run_after=None
[2024-05-08T00:01:46.849-0300] {processor.py:183} INFO - Processing /mnt/c/Users/Tilto/Desktop/Work/Airflow/dags/hook_dag.py took 0.150 seconds
[2024-05-08T00:02:18.204-0300] {processor.py:161} INFO - Started process (PID=8840) to work on /mnt/c/Users/Tilto/Desktop/Work/Airflow/dags/hook_dag.py
[2024-05-08T00:02:18.205-0300] {processor.py:830} INFO - Processing file /mnt/c/Users/Tilto/Desktop/Work/Airflow/dags/hook_dag.py for tasks to queue
[2024-05-08T00:02:18.207-0300] {logging_mixin.py:188} INFO - [2024-05-08T00:02:18.206-0300] {dagbag.py:540} INFO - Filling up the DagBag from /mnt/c/Users/Tilto/Desktop/Work/Airflow/dags/hook_dag.py
[2024-05-08T00:02:18.229-0300] {processor.py:840} INFO - DAG(s) 'Hook_dag' retrieved from /mnt/c/Users/Tilto/Desktop/Work/Airflow/dags/hook_dag.py
[2024-05-08T00:02:18.259-0300] {logging_mixin.py:188} INFO - [2024-05-08T00:02:18.259-0300] {dag.py:3096} INFO - Sync 1 DAGs
[2024-05-08T00:02:18.272-0300] {logging_mixin.py:188} INFO - [2024-05-08T00:02:18.272-0300] {dag.py:3954} INFO - Setting next_dagrun for Hook_dag to None, run_after=None
[2024-05-08T00:02:18.330-0300] {processor.py:183} INFO - Processing /mnt/c/Users/Tilto/Desktop/Work/Airflow/dags/hook_dag.py took 0.130 seconds
[2024-05-08T00:02:49.527-0300] {processor.py:161} INFO - Started process (PID=9008) to work on /mnt/c/Users/Tilto/Desktop/Work/Airflow/dags/hook_dag.py
[2024-05-08T00:02:49.528-0300] {processor.py:830} INFO - Processing file /mnt/c/Users/Tilto/Desktop/Work/Airflow/dags/hook_dag.py for tasks to queue
[2024-05-08T00:02:49.529-0300] {logging_mixin.py:188} INFO - [2024-05-08T00:02:49.529-0300] {dagbag.py:540} INFO - Filling up the DagBag from /mnt/c/Users/Tilto/Desktop/Work/Airflow/dags/hook_dag.py
[2024-05-08T00:02:49.554-0300] {processor.py:840} INFO - DAG(s) 'Hook_dag' retrieved from /mnt/c/Users/Tilto/Desktop/Work/Airflow/dags/hook_dag.py
[2024-05-08T00:02:49.579-0300] {logging_mixin.py:188} INFO - [2024-05-08T00:02:49.579-0300] {dag.py:3096} INFO - Sync 1 DAGs
[2024-05-08T00:02:49.591-0300] {logging_mixin.py:188} INFO - [2024-05-08T00:02:49.591-0300] {dag.py:3954} INFO - Setting next_dagrun for Hook_dag to None, run_after=None
[2024-05-08T00:02:49.648-0300] {processor.py:183} INFO - Processing /mnt/c/Users/Tilto/Desktop/Work/Airflow/dags/hook_dag.py took 0.126 seconds
[2024-05-08T00:03:20.745-0300] {processor.py:161} INFO - Started process (PID=9171) to work on /mnt/c/Users/Tilto/Desktop/Work/Airflow/dags/hook_dag.py
[2024-05-08T00:03:20.746-0300] {processor.py:830} INFO - Processing file /mnt/c/Users/Tilto/Desktop/Work/Airflow/dags/hook_dag.py for tasks to queue
[2024-05-08T00:03:20.748-0300] {logging_mixin.py:188} INFO - [2024-05-08T00:03:20.747-0300] {dagbag.py:540} INFO - Filling up the DagBag from /mnt/c/Users/Tilto/Desktop/Work/Airflow/dags/hook_dag.py
[2024-05-08T00:03:20.764-0300] {processor.py:840} INFO - DAG(s) 'Hook_dag' retrieved from /mnt/c/Users/Tilto/Desktop/Work/Airflow/dags/hook_dag.py
[2024-05-08T00:03:20.791-0300] {logging_mixin.py:188} INFO - [2024-05-08T00:03:20.791-0300] {dag.py:3096} INFO - Sync 1 DAGs
[2024-05-08T00:03:20.803-0300] {logging_mixin.py:188} INFO - [2024-05-08T00:03:20.803-0300] {dag.py:3954} INFO - Setting next_dagrun for Hook_dag to None, run_after=None
[2024-05-08T00:03:20.859-0300] {processor.py:183} INFO - Processing /mnt/c/Users/Tilto/Desktop/Work/Airflow/dags/hook_dag.py took 0.118 seconds
[2024-05-08T00:03:51.700-0300] {processor.py:161} INFO - Started process (PID=9314) to work on /mnt/c/Users/Tilto/Desktop/Work/Airflow/dags/hook_dag.py
[2024-05-08T00:03:51.701-0300] {processor.py:830} INFO - Processing file /mnt/c/Users/Tilto/Desktop/Work/Airflow/dags/hook_dag.py for tasks to queue
[2024-05-08T00:03:51.702-0300] {logging_mixin.py:188} INFO - [2024-05-08T00:03:51.702-0300] {dagbag.py:540} INFO - Filling up the DagBag from /mnt/c/Users/Tilto/Desktop/Work/Airflow/dags/hook_dag.py
[2024-05-08T00:03:51.718-0300] {processor.py:840} INFO - DAG(s) 'Hook_dag' retrieved from /mnt/c/Users/Tilto/Desktop/Work/Airflow/dags/hook_dag.py
[2024-05-08T00:03:51.742-0300] {logging_mixin.py:188} INFO - [2024-05-08T00:03:51.741-0300] {dag.py:3096} INFO - Sync 1 DAGs
[2024-05-08T00:03:51.753-0300] {logging_mixin.py:188} INFO - [2024-05-08T00:03:51.753-0300] {dag.py:3954} INFO - Setting next_dagrun for Hook_dag to None, run_after=None
[2024-05-08T00:03:51.809-0300] {processor.py:183} INFO - Processing /mnt/c/Users/Tilto/Desktop/Work/Airflow/dags/hook_dag.py took 0.114 seconds
[2024-05-08T00:04:22.853-0300] {processor.py:161} INFO - Started process (PID=9463) to work on /mnt/c/Users/Tilto/Desktop/Work/Airflow/dags/hook_dag.py
[2024-05-08T00:04:22.854-0300] {processor.py:830} INFO - Processing file /mnt/c/Users/Tilto/Desktop/Work/Airflow/dags/hook_dag.py for tasks to queue
[2024-05-08T00:04:22.855-0300] {logging_mixin.py:188} INFO - [2024-05-08T00:04:22.855-0300] {dagbag.py:540} INFO - Filling up the DagBag from /mnt/c/Users/Tilto/Desktop/Work/Airflow/dags/hook_dag.py
[2024-05-08T00:04:22.874-0300] {processor.py:840} INFO - DAG(s) 'Hook_dag' retrieved from /mnt/c/Users/Tilto/Desktop/Work/Airflow/dags/hook_dag.py
[2024-05-08T00:04:22.899-0300] {logging_mixin.py:188} INFO - [2024-05-08T00:04:22.898-0300] {dag.py:3096} INFO - Sync 1 DAGs
[2024-05-08T00:04:22.910-0300] {logging_mixin.py:188} INFO - [2024-05-08T00:04:22.910-0300] {dag.py:3954} INFO - Setting next_dagrun for Hook_dag to None, run_after=None
[2024-05-08T00:04:22.967-0300] {processor.py:183} INFO - Processing /mnt/c/Users/Tilto/Desktop/Work/Airflow/dags/hook_dag.py took 0.119 seconds
[2024-05-08T00:04:39.677-0300] {processor.py:161} INFO - Started process (PID=9584) to work on /mnt/c/Users/Tilto/Desktop/Work/Airflow/dags/hook_dag.py
[2024-05-08T00:04:39.678-0300] {processor.py:830} INFO - Processing file /mnt/c/Users/Tilto/Desktop/Work/Airflow/dags/hook_dag.py for tasks to queue
[2024-05-08T00:04:39.680-0300] {logging_mixin.py:188} INFO - [2024-05-08T00:04:39.680-0300] {dagbag.py:540} INFO - Filling up the DagBag from /mnt/c/Users/Tilto/Desktop/Work/Airflow/dags/hook_dag.py
[2024-05-08T00:04:39.700-0300] {processor.py:840} INFO - DAG(s) 'Hook_dag' retrieved from /mnt/c/Users/Tilto/Desktop/Work/Airflow/dags/hook_dag.py
[2024-05-08T00:04:39.712-0300] {logging_mixin.py:188} INFO - [2024-05-08T00:04:39.712-0300] {dag.py:3096} INFO - Sync 1 DAGs
[2024-05-08T00:04:39.725-0300] {logging_mixin.py:188} INFO - [2024-05-08T00:04:39.725-0300] {dag.py:3954} INFO - Setting next_dagrun for Hook_dag to None, run_after=None
[2024-05-08T00:04:39.781-0300] {processor.py:183} INFO - Processing /mnt/c/Users/Tilto/Desktop/Work/Airflow/dags/hook_dag.py took 0.108 seconds
[2024-05-08T00:05:38.418-0300] {processor.py:161} INFO - Started process (PID=9853) to work on /mnt/c/Users/Tilto/Desktop/Work/Airflow/dags/hook_dag.py
[2024-05-08T00:05:38.419-0300] {processor.py:830} INFO - Processing file /mnt/c/Users/Tilto/Desktop/Work/Airflow/dags/hook_dag.py for tasks to queue
[2024-05-08T00:05:38.421-0300] {logging_mixin.py:188} INFO - [2024-05-08T00:05:38.420-0300] {dagbag.py:540} INFO - Filling up the DagBag from /mnt/c/Users/Tilto/Desktop/Work/Airflow/dags/hook_dag.py
[2024-05-08T00:05:38.441-0300] {processor.py:840} INFO - DAG(s) 'Hook_dag' retrieved from /mnt/c/Users/Tilto/Desktop/Work/Airflow/dags/hook_dag.py
[2024-05-08T00:05:38.546-0300] {logging_mixin.py:188} INFO - [2024-05-08T00:05:38.546-0300] {dag.py:3096} INFO - Sync 1 DAGs
[2024-05-08T00:05:38.557-0300] {logging_mixin.py:188} INFO - [2024-05-08T00:05:38.557-0300] {dag.py:3954} INFO - Setting next_dagrun for Hook_dag to None, run_after=None
[2024-05-08T00:05:38.622-0300] {processor.py:183} INFO - Processing /mnt/c/Users/Tilto/Desktop/Work/Airflow/dags/hook_dag.py took 0.208 seconds
[2024-05-08T00:06:09.239-0300] {processor.py:161} INFO - Started process (PID=10000) to work on /mnt/c/Users/Tilto/Desktop/Work/Airflow/dags/hook_dag.py
[2024-05-08T00:06:09.240-0300] {processor.py:830} INFO - Processing file /mnt/c/Users/Tilto/Desktop/Work/Airflow/dags/hook_dag.py for tasks to queue
[2024-05-08T00:06:09.241-0300] {logging_mixin.py:188} INFO - [2024-05-08T00:06:09.241-0300] {dagbag.py:540} INFO - Filling up the DagBag from /mnt/c/Users/Tilto/Desktop/Work/Airflow/dags/hook_dag.py
[2024-05-08T00:06:09.261-0300] {processor.py:840} INFO - DAG(s) 'Hook_dag' retrieved from /mnt/c/Users/Tilto/Desktop/Work/Airflow/dags/hook_dag.py
[2024-05-08T00:06:09.287-0300] {logging_mixin.py:188} INFO - [2024-05-08T00:06:09.287-0300] {dag.py:3096} INFO - Sync 1 DAGs
[2024-05-08T00:06:09.301-0300] {logging_mixin.py:188} INFO - [2024-05-08T00:06:09.301-0300] {dag.py:3954} INFO - Setting next_dagrun for Hook_dag to None, run_after=None
[2024-05-08T00:06:09.360-0300] {processor.py:183} INFO - Processing /mnt/c/Users/Tilto/Desktop/Work/Airflow/dags/hook_dag.py took 0.125 seconds
[2024-05-08T00:06:40.228-0300] {processor.py:161} INFO - Started process (PID=10147) to work on /mnt/c/Users/Tilto/Desktop/Work/Airflow/dags/hook_dag.py
[2024-05-08T00:06:40.229-0300] {processor.py:830} INFO - Processing file /mnt/c/Users/Tilto/Desktop/Work/Airflow/dags/hook_dag.py for tasks to queue
[2024-05-08T00:06:40.231-0300] {logging_mixin.py:188} INFO - [2024-05-08T00:06:40.231-0300] {dagbag.py:540} INFO - Filling up the DagBag from /mnt/c/Users/Tilto/Desktop/Work/Airflow/dags/hook_dag.py
[2024-05-08T00:06:40.250-0300] {processor.py:840} INFO - DAG(s) 'Hook_dag' retrieved from /mnt/c/Users/Tilto/Desktop/Work/Airflow/dags/hook_dag.py
[2024-05-08T00:06:40.276-0300] {logging_mixin.py:188} INFO - [2024-05-08T00:06:40.276-0300] {dag.py:3096} INFO - Sync 1 DAGs
[2024-05-08T00:06:40.288-0300] {logging_mixin.py:188} INFO - [2024-05-08T00:06:40.288-0300] {dag.py:3954} INFO - Setting next_dagrun for Hook_dag to None, run_after=None
[2024-05-08T00:06:40.346-0300] {processor.py:183} INFO - Processing /mnt/c/Users/Tilto/Desktop/Work/Airflow/dags/hook_dag.py took 0.122 seconds
[2024-05-08T00:07:11.240-0300] {processor.py:161} INFO - Started process (PID=10291) to work on /mnt/c/Users/Tilto/Desktop/Work/Airflow/dags/hook_dag.py
[2024-05-08T00:07:11.241-0300] {processor.py:830} INFO - Processing file /mnt/c/Users/Tilto/Desktop/Work/Airflow/dags/hook_dag.py for tasks to queue
[2024-05-08T00:07:11.243-0300] {logging_mixin.py:188} INFO - [2024-05-08T00:07:11.243-0300] {dagbag.py:540} INFO - Filling up the DagBag from /mnt/c/Users/Tilto/Desktop/Work/Airflow/dags/hook_dag.py
[2024-05-08T00:07:11.261-0300] {processor.py:840} INFO - DAG(s) 'Hook_dag' retrieved from /mnt/c/Users/Tilto/Desktop/Work/Airflow/dags/hook_dag.py
[2024-05-08T00:07:11.285-0300] {logging_mixin.py:188} INFO - [2024-05-08T00:07:11.285-0300] {dag.py:3096} INFO - Sync 1 DAGs
[2024-05-08T00:07:11.297-0300] {logging_mixin.py:188} INFO - [2024-05-08T00:07:11.297-0300] {dag.py:3954} INFO - Setting next_dagrun for Hook_dag to None, run_after=None
[2024-05-08T00:07:11.347-0300] {processor.py:183} INFO - Processing /mnt/c/Users/Tilto/Desktop/Work/Airflow/dags/hook_dag.py took 0.112 seconds
[2024-05-08T00:07:41.933-0300] {processor.py:161} INFO - Started process (PID=10432) to work on /mnt/c/Users/Tilto/Desktop/Work/Airflow/dags/hook_dag.py
[2024-05-08T00:07:41.934-0300] {processor.py:830} INFO - Processing file /mnt/c/Users/Tilto/Desktop/Work/Airflow/dags/hook_dag.py for tasks to queue
[2024-05-08T00:07:41.935-0300] {logging_mixin.py:188} INFO - [2024-05-08T00:07:41.935-0300] {dagbag.py:540} INFO - Filling up the DagBag from /mnt/c/Users/Tilto/Desktop/Work/Airflow/dags/hook_dag.py
[2024-05-08T00:07:41.955-0300] {processor.py:840} INFO - DAG(s) 'Hook_dag' retrieved from /mnt/c/Users/Tilto/Desktop/Work/Airflow/dags/hook_dag.py
[2024-05-08T00:07:41.982-0300] {logging_mixin.py:188} INFO - [2024-05-08T00:07:41.982-0300] {dag.py:3096} INFO - Sync 1 DAGs
[2024-05-08T00:07:41.995-0300] {logging_mixin.py:188} INFO - [2024-05-08T00:07:41.995-0300] {dag.py:3954} INFO - Setting next_dagrun for Hook_dag to None, run_after=None
[2024-05-08T00:07:42.054-0300] {processor.py:183} INFO - Processing /mnt/c/Users/Tilto/Desktop/Work/Airflow/dags/hook_dag.py took 0.128 seconds
[2024-05-08T00:08:12.916-0300] {processor.py:161} INFO - Started process (PID=10574) to work on /mnt/c/Users/Tilto/Desktop/Work/Airflow/dags/hook_dag.py
[2024-05-08T00:08:12.917-0300] {processor.py:830} INFO - Processing file /mnt/c/Users/Tilto/Desktop/Work/Airflow/dags/hook_dag.py for tasks to queue
[2024-05-08T00:08:12.928-0300] {logging_mixin.py:188} INFO - [2024-05-08T00:08:12.927-0300] {dagbag.py:540} INFO - Filling up the DagBag from /mnt/c/Users/Tilto/Desktop/Work/Airflow/dags/hook_dag.py
[2024-05-08T00:08:12.966-0300] {processor.py:840} INFO - DAG(s) 'Hook_dag' retrieved from /mnt/c/Users/Tilto/Desktop/Work/Airflow/dags/hook_dag.py
[2024-05-08T00:08:13.006-0300] {logging_mixin.py:188} INFO - [2024-05-08T00:08:13.006-0300] {dag.py:3096} INFO - Sync 1 DAGs
[2024-05-08T00:08:13.020-0300] {logging_mixin.py:188} INFO - [2024-05-08T00:08:13.019-0300] {dag.py:3954} INFO - Setting next_dagrun for Hook_dag to None, run_after=None
[2024-05-08T00:08:13.081-0300] {processor.py:183} INFO - Processing /mnt/c/Users/Tilto/Desktop/Work/Airflow/dags/hook_dag.py took 0.173 seconds
[2024-05-08T00:08:43.334-0300] {processor.py:161} INFO - Started process (PID=10714) to work on /mnt/c/Users/Tilto/Desktop/Work/Airflow/dags/hook_dag.py
[2024-05-08T00:08:43.335-0300] {processor.py:830} INFO - Processing file /mnt/c/Users/Tilto/Desktop/Work/Airflow/dags/hook_dag.py for tasks to queue
[2024-05-08T00:08:43.336-0300] {logging_mixin.py:188} INFO - [2024-05-08T00:08:43.336-0300] {dagbag.py:540} INFO - Filling up the DagBag from /mnt/c/Users/Tilto/Desktop/Work/Airflow/dags/hook_dag.py
[2024-05-08T00:08:43.356-0300] {processor.py:840} INFO - DAG(s) 'Hook_dag' retrieved from /mnt/c/Users/Tilto/Desktop/Work/Airflow/dags/hook_dag.py
[2024-05-08T00:08:43.381-0300] {logging_mixin.py:188} INFO - [2024-05-08T00:08:43.380-0300] {dag.py:3096} INFO - Sync 1 DAGs
[2024-05-08T00:08:43.392-0300] {logging_mixin.py:188} INFO - [2024-05-08T00:08:43.392-0300] {dag.py:3954} INFO - Setting next_dagrun for Hook_dag to None, run_after=None
[2024-05-08T00:08:43.449-0300] {processor.py:183} INFO - Processing /mnt/c/Users/Tilto/Desktop/Work/Airflow/dags/hook_dag.py took 0.120 seconds
[2024-05-08T00:09:14.974-0300] {processor.py:161} INFO - Started process (PID=10861) to work on /mnt/c/Users/Tilto/Desktop/Work/Airflow/dags/hook_dag.py
[2024-05-08T00:09:14.975-0300] {processor.py:830} INFO - Processing file /mnt/c/Users/Tilto/Desktop/Work/Airflow/dags/hook_dag.py for tasks to queue
[2024-05-08T00:09:14.976-0300] {logging_mixin.py:188} INFO - [2024-05-08T00:09:14.976-0300] {dagbag.py:540} INFO - Filling up the DagBag from /mnt/c/Users/Tilto/Desktop/Work/Airflow/dags/hook_dag.py
[2024-05-08T00:09:15.001-0300] {processor.py:840} INFO - DAG(s) 'Hook_dag' retrieved from /mnt/c/Users/Tilto/Desktop/Work/Airflow/dags/hook_dag.py
[2024-05-08T00:09:15.028-0300] {logging_mixin.py:188} INFO - [2024-05-08T00:09:15.027-0300] {dag.py:3096} INFO - Sync 1 DAGs
[2024-05-08T00:09:15.041-0300] {logging_mixin.py:188} INFO - [2024-05-08T00:09:15.041-0300] {dag.py:3954} INFO - Setting next_dagrun for Hook_dag to None, run_after=None
[2024-05-08T00:09:15.121-0300] {processor.py:183} INFO - Processing /mnt/c/Users/Tilto/Desktop/Work/Airflow/dags/hook_dag.py took 0.153 seconds
[2024-05-08T00:09:45.581-0300] {processor.py:161} INFO - Started process (PID=11002) to work on /mnt/c/Users/Tilto/Desktop/Work/Airflow/dags/hook_dag.py
[2024-05-08T00:09:45.582-0300] {processor.py:830} INFO - Processing file /mnt/c/Users/Tilto/Desktop/Work/Airflow/dags/hook_dag.py for tasks to queue
[2024-05-08T00:09:45.585-0300] {logging_mixin.py:188} INFO - [2024-05-08T00:09:45.585-0300] {dagbag.py:540} INFO - Filling up the DagBag from /mnt/c/Users/Tilto/Desktop/Work/Airflow/dags/hook_dag.py
[2024-05-08T00:09:45.608-0300] {processor.py:840} INFO - DAG(s) 'Hook_dag' retrieved from /mnt/c/Users/Tilto/Desktop/Work/Airflow/dags/hook_dag.py
[2024-05-08T00:09:45.636-0300] {logging_mixin.py:188} INFO - [2024-05-08T00:09:45.636-0300] {dag.py:3096} INFO - Sync 1 DAGs
[2024-05-08T00:09:45.650-0300] {logging_mixin.py:188} INFO - [2024-05-08T00:09:45.649-0300] {dag.py:3954} INFO - Setting next_dagrun for Hook_dag to None, run_after=None
[2024-05-08T00:09:45.750-0300] {processor.py:183} INFO - Processing /mnt/c/Users/Tilto/Desktop/Work/Airflow/dags/hook_dag.py took 0.175 seconds
[2024-05-08T00:10:15.942-0300] {processor.py:161} INFO - Started process (PID=11143) to work on /mnt/c/Users/Tilto/Desktop/Work/Airflow/dags/hook_dag.py
[2024-05-08T00:10:15.943-0300] {processor.py:830} INFO - Processing file /mnt/c/Users/Tilto/Desktop/Work/Airflow/dags/hook_dag.py for tasks to queue
[2024-05-08T00:10:15.946-0300] {logging_mixin.py:188} INFO - [2024-05-08T00:10:15.946-0300] {dagbag.py:540} INFO - Filling up the DagBag from /mnt/c/Users/Tilto/Desktop/Work/Airflow/dags/hook_dag.py
[2024-05-08T00:10:15.982-0300] {processor.py:840} INFO - DAG(s) 'Hook_dag' retrieved from /mnt/c/Users/Tilto/Desktop/Work/Airflow/dags/hook_dag.py
[2024-05-08T00:10:16.012-0300] {logging_mixin.py:188} INFO - [2024-05-08T00:10:16.012-0300] {dag.py:3096} INFO - Sync 1 DAGs
[2024-05-08T00:10:16.026-0300] {logging_mixin.py:188} INFO - [2024-05-08T00:10:16.026-0300] {dag.py:3954} INFO - Setting next_dagrun for Hook_dag to None, run_after=None
[2024-05-08T00:10:16.157-0300] {processor.py:183} INFO - Processing /mnt/c/Users/Tilto/Desktop/Work/Airflow/dags/hook_dag.py took 0.222 seconds
[2024-05-08T00:10:46.726-0300] {processor.py:161} INFO - Started process (PID=11285) to work on /mnt/c/Users/Tilto/Desktop/Work/Airflow/dags/hook_dag.py
[2024-05-08T00:10:46.727-0300] {processor.py:830} INFO - Processing file /mnt/c/Users/Tilto/Desktop/Work/Airflow/dags/hook_dag.py for tasks to queue
[2024-05-08T00:10:46.728-0300] {logging_mixin.py:188} INFO - [2024-05-08T00:10:46.728-0300] {dagbag.py:540} INFO - Filling up the DagBag from /mnt/c/Users/Tilto/Desktop/Work/Airflow/dags/hook_dag.py
[2024-05-08T00:10:46.750-0300] {processor.py:840} INFO - DAG(s) 'Hook_dag' retrieved from /mnt/c/Users/Tilto/Desktop/Work/Airflow/dags/hook_dag.py
[2024-05-08T00:10:46.781-0300] {logging_mixin.py:188} INFO - [2024-05-08T00:10:46.780-0300] {dag.py:3096} INFO - Sync 1 DAGs
[2024-05-08T00:10:46.795-0300] {logging_mixin.py:188} INFO - [2024-05-08T00:10:46.795-0300] {dag.py:3954} INFO - Setting next_dagrun for Hook_dag to None, run_after=None
[2024-05-08T00:10:46.862-0300] {processor.py:183} INFO - Processing /mnt/c/Users/Tilto/Desktop/Work/Airflow/dags/hook_dag.py took 0.141 seconds
[2024-05-08T00:11:17.941-0300] {processor.py:161} INFO - Started process (PID=11429) to work on /mnt/c/Users/Tilto/Desktop/Work/Airflow/dags/hook_dag.py
[2024-05-08T00:11:17.942-0300] {processor.py:830} INFO - Processing file /mnt/c/Users/Tilto/Desktop/Work/Airflow/dags/hook_dag.py for tasks to queue
[2024-05-08T00:11:17.943-0300] {logging_mixin.py:188} INFO - [2024-05-08T00:11:17.943-0300] {dagbag.py:540} INFO - Filling up the DagBag from /mnt/c/Users/Tilto/Desktop/Work/Airflow/dags/hook_dag.py
[2024-05-08T00:11:17.962-0300] {processor.py:840} INFO - DAG(s) 'Hook_dag' retrieved from /mnt/c/Users/Tilto/Desktop/Work/Airflow/dags/hook_dag.py
[2024-05-08T00:11:17.986-0300] {logging_mixin.py:188} INFO - [2024-05-08T00:11:17.986-0300] {dag.py:3096} INFO - Sync 1 DAGs
[2024-05-08T00:11:17.998-0300] {logging_mixin.py:188} INFO - [2024-05-08T00:11:17.998-0300] {dag.py:3954} INFO - Setting next_dagrun for Hook_dag to None, run_after=None
[2024-05-08T00:11:18.056-0300] {processor.py:183} INFO - Processing /mnt/c/Users/Tilto/Desktop/Work/Airflow/dags/hook_dag.py took 0.120 seconds
[2024-05-08T00:11:48.924-0300] {processor.py:161} INFO - Started process (PID=11572) to work on /mnt/c/Users/Tilto/Desktop/Work/Airflow/dags/hook_dag.py
[2024-05-08T00:11:48.925-0300] {processor.py:830} INFO - Processing file /mnt/c/Users/Tilto/Desktop/Work/Airflow/dags/hook_dag.py for tasks to queue
[2024-05-08T00:11:48.927-0300] {logging_mixin.py:188} INFO - [2024-05-08T00:11:48.926-0300] {dagbag.py:540} INFO - Filling up the DagBag from /mnt/c/Users/Tilto/Desktop/Work/Airflow/dags/hook_dag.py
[2024-05-08T00:11:48.947-0300] {processor.py:840} INFO - DAG(s) 'Hook_dag' retrieved from /mnt/c/Users/Tilto/Desktop/Work/Airflow/dags/hook_dag.py
[2024-05-08T00:11:48.973-0300] {logging_mixin.py:188} INFO - [2024-05-08T00:11:48.973-0300] {dag.py:3096} INFO - Sync 1 DAGs
[2024-05-08T00:11:48.986-0300] {logging_mixin.py:188} INFO - [2024-05-08T00:11:48.986-0300] {dag.py:3954} INFO - Setting next_dagrun for Hook_dag to None, run_after=None
[2024-05-08T00:11:49.043-0300] {processor.py:183} INFO - Processing /mnt/c/Users/Tilto/Desktop/Work/Airflow/dags/hook_dag.py took 0.123 seconds
[2024-05-08T00:12:20.021-0300] {processor.py:161} INFO - Started process (PID=11715) to work on /mnt/c/Users/Tilto/Desktop/Work/Airflow/dags/hook_dag.py
[2024-05-08T00:12:20.022-0300] {processor.py:830} INFO - Processing file /mnt/c/Users/Tilto/Desktop/Work/Airflow/dags/hook_dag.py for tasks to queue
[2024-05-08T00:12:20.023-0300] {logging_mixin.py:188} INFO - [2024-05-08T00:12:20.023-0300] {dagbag.py:540} INFO - Filling up the DagBag from /mnt/c/Users/Tilto/Desktop/Work/Airflow/dags/hook_dag.py
[2024-05-08T00:12:20.042-0300] {processor.py:840} INFO - DAG(s) 'Hook_dag' retrieved from /mnt/c/Users/Tilto/Desktop/Work/Airflow/dags/hook_dag.py
[2024-05-08T00:12:20.067-0300] {logging_mixin.py:188} INFO - [2024-05-08T00:12:20.066-0300] {dag.py:3096} INFO - Sync 1 DAGs
[2024-05-08T00:12:20.079-0300] {logging_mixin.py:188} INFO - [2024-05-08T00:12:20.078-0300] {dag.py:3954} INFO - Setting next_dagrun for Hook_dag to None, run_after=None
[2024-05-08T00:12:20.136-0300] {processor.py:183} INFO - Processing /mnt/c/Users/Tilto/Desktop/Work/Airflow/dags/hook_dag.py took 0.120 seconds
[2024-05-08T00:12:50.949-0300] {processor.py:161} INFO - Started process (PID=11858) to work on /mnt/c/Users/Tilto/Desktop/Work/Airflow/dags/hook_dag.py
[2024-05-08T00:12:50.950-0300] {processor.py:830} INFO - Processing file /mnt/c/Users/Tilto/Desktop/Work/Airflow/dags/hook_dag.py for tasks to queue
[2024-05-08T00:12:50.951-0300] {logging_mixin.py:188} INFO - [2024-05-08T00:12:50.951-0300] {dagbag.py:540} INFO - Filling up the DagBag from /mnt/c/Users/Tilto/Desktop/Work/Airflow/dags/hook_dag.py
[2024-05-08T00:12:50.975-0300] {processor.py:840} INFO - DAG(s) 'Hook_dag' retrieved from /mnt/c/Users/Tilto/Desktop/Work/Airflow/dags/hook_dag.py
[2024-05-08T00:12:51.006-0300] {logging_mixin.py:188} INFO - [2024-05-08T00:12:51.006-0300] {dag.py:3096} INFO - Sync 1 DAGs
[2024-05-08T00:12:51.020-0300] {logging_mixin.py:188} INFO - [2024-05-08T00:12:51.020-0300] {dag.py:3954} INFO - Setting next_dagrun for Hook_dag to None, run_after=None
[2024-05-08T00:12:51.089-0300] {processor.py:183} INFO - Processing /mnt/c/Users/Tilto/Desktop/Work/Airflow/dags/hook_dag.py took 0.145 seconds
[2024-05-08T00:13:21.742-0300] {processor.py:161} INFO - Started process (PID=12001) to work on /mnt/c/Users/Tilto/Desktop/Work/Airflow/dags/hook_dag.py
[2024-05-08T00:13:21.743-0300] {processor.py:830} INFO - Processing file /mnt/c/Users/Tilto/Desktop/Work/Airflow/dags/hook_dag.py for tasks to queue
[2024-05-08T00:13:21.744-0300] {logging_mixin.py:188} INFO - [2024-05-08T00:13:21.744-0300] {dagbag.py:540} INFO - Filling up the DagBag from /mnt/c/Users/Tilto/Desktop/Work/Airflow/dags/hook_dag.py
[2024-05-08T00:13:21.764-0300] {processor.py:840} INFO - DAG(s) 'Hook_dag' retrieved from /mnt/c/Users/Tilto/Desktop/Work/Airflow/dags/hook_dag.py
[2024-05-08T00:13:21.789-0300] {logging_mixin.py:188} INFO - [2024-05-08T00:13:21.789-0300] {dag.py:3096} INFO - Sync 1 DAGs
[2024-05-08T00:13:21.802-0300] {logging_mixin.py:188} INFO - [2024-05-08T00:13:21.802-0300] {dag.py:3954} INFO - Setting next_dagrun for Hook_dag to None, run_after=None
[2024-05-08T00:13:21.921-0300] {processor.py:183} INFO - Processing /mnt/c/Users/Tilto/Desktop/Work/Airflow/dags/hook_dag.py took 0.184 seconds
[2024-05-08T00:13:52.848-0300] {processor.py:161} INFO - Started process (PID=12145) to work on /mnt/c/Users/Tilto/Desktop/Work/Airflow/dags/hook_dag.py
[2024-05-08T00:13:52.849-0300] {processor.py:830} INFO - Processing file /mnt/c/Users/Tilto/Desktop/Work/Airflow/dags/hook_dag.py for tasks to queue
[2024-05-08T00:13:52.851-0300] {logging_mixin.py:188} INFO - [2024-05-08T00:13:52.850-0300] {dagbag.py:540} INFO - Filling up the DagBag from /mnt/c/Users/Tilto/Desktop/Work/Airflow/dags/hook_dag.py
[2024-05-08T00:13:52.871-0300] {processor.py:840} INFO - DAG(s) 'Hook_dag' retrieved from /mnt/c/Users/Tilto/Desktop/Work/Airflow/dags/hook_dag.py
[2024-05-08T00:13:52.894-0300] {logging_mixin.py:188} INFO - [2024-05-08T00:13:52.894-0300] {dag.py:3096} INFO - Sync 1 DAGs
[2024-05-08T00:13:52.970-0300] {logging_mixin.py:188} INFO - [2024-05-08T00:13:52.970-0300] {dag.py:3954} INFO - Setting next_dagrun for Hook_dag to None, run_after=None
[2024-05-08T00:13:53.027-0300] {processor.py:183} INFO - Processing /mnt/c/Users/Tilto/Desktop/Work/Airflow/dags/hook_dag.py took 0.183 seconds
[2024-05-08T16:18:07.684-0300] {processor.py:161} INFO - Started process (PID=2726) to work on /mnt/c/Users/Tilto/Desktop/Work/Airflow/dags/hook_dag.py
[2024-05-08T16:18:07.685-0300] {processor.py:830} INFO - Processing file /mnt/c/Users/Tilto/Desktop/Work/Airflow/dags/hook_dag.py for tasks to queue
[2024-05-08T16:18:07.687-0300] {logging_mixin.py:188} INFO - [2024-05-08T16:18:07.686-0300] {dagbag.py:540} INFO - Filling up the DagBag from /mnt/c/Users/Tilto/Desktop/Work/Airflow/dags/hook_dag.py
[2024-05-08T16:18:07.714-0300] {processor.py:840} INFO - DAG(s) 'Hook_dag' retrieved from /mnt/c/Users/Tilto/Desktop/Work/Airflow/dags/hook_dag.py
[2024-05-08T16:18:07.729-0300] {logging_mixin.py:188} INFO - [2024-05-08T16:18:07.729-0300] {dag.py:3096} INFO - Sync 1 DAGs
[2024-05-08T16:18:07.742-0300] {logging_mixin.py:188} INFO - [2024-05-08T16:18:07.741-0300] {dag.py:3954} INFO - Setting next_dagrun for Hook_dag to None, run_after=None
[2024-05-08T16:18:07.810-0300] {processor.py:183} INFO - Processing /mnt/c/Users/Tilto/Desktop/Work/Airflow/dags/hook_dag.py took 0.134 seconds
[2024-05-08T16:18:56.432-0300] {processor.py:161} INFO - Started process (PID=3018) to work on /mnt/c/Users/Tilto/Desktop/Work/Airflow/dags/hook_dag.py
[2024-05-08T16:18:56.433-0300] {processor.py:830} INFO - Processing file /mnt/c/Users/Tilto/Desktop/Work/Airflow/dags/hook_dag.py for tasks to queue
[2024-05-08T16:18:56.435-0300] {logging_mixin.py:188} INFO - [2024-05-08T16:18:56.434-0300] {dagbag.py:540} INFO - Filling up the DagBag from /mnt/c/Users/Tilto/Desktop/Work/Airflow/dags/hook_dag.py
[2024-05-08T16:18:56.455-0300] {processor.py:840} INFO - DAG(s) 'Hook_dag' retrieved from /mnt/c/Users/Tilto/Desktop/Work/Airflow/dags/hook_dag.py
[2024-05-08T16:18:56.468-0300] {logging_mixin.py:188} INFO - [2024-05-08T16:18:56.468-0300] {dag.py:3096} INFO - Sync 1 DAGs
[2024-05-08T16:18:56.481-0300] {logging_mixin.py:188} INFO - [2024-05-08T16:18:56.481-0300] {dag.py:3954} INFO - Setting next_dagrun for Hook_dag to None, run_after=None
[2024-05-08T16:18:56.540-0300] {processor.py:183} INFO - Processing /mnt/c/Users/Tilto/Desktop/Work/Airflow/dags/hook_dag.py took 0.112 seconds
[2024-05-08T16:19:28.449-0300] {processor.py:161} INFO - Started process (PID=3244) to work on /mnt/c/Users/Tilto/Desktop/Work/Airflow/dags/hook_dag.py
[2024-05-08T16:19:28.450-0300] {processor.py:830} INFO - Processing file /mnt/c/Users/Tilto/Desktop/Work/Airflow/dags/hook_dag.py for tasks to queue
[2024-05-08T16:19:28.452-0300] {logging_mixin.py:188} INFO - [2024-05-08T16:19:28.452-0300] {dagbag.py:540} INFO - Filling up the DagBag from /mnt/c/Users/Tilto/Desktop/Work/Airflow/dags/hook_dag.py
[2024-05-08T16:19:28.474-0300] {processor.py:840} INFO - DAG(s) 'Hook_dag' retrieved from /mnt/c/Users/Tilto/Desktop/Work/Airflow/dags/hook_dag.py
[2024-05-08T16:19:28.584-0300] {logging_mixin.py:188} INFO - [2024-05-08T16:19:28.584-0300] {dag.py:3096} INFO - Sync 1 DAGs
[2024-05-08T16:19:28.597-0300] {logging_mixin.py:188} INFO - [2024-05-08T16:19:28.596-0300] {dag.py:3954} INFO - Setting next_dagrun for Hook_dag to None, run_after=None
[2024-05-08T16:19:28.658-0300] {processor.py:183} INFO - Processing /mnt/c/Users/Tilto/Desktop/Work/Airflow/dags/hook_dag.py took 0.212 seconds
[2024-05-08T16:19:59.167-0300] {processor.py:161} INFO - Started process (PID=3391) to work on /mnt/c/Users/Tilto/Desktop/Work/Airflow/dags/hook_dag.py
[2024-05-08T16:19:59.168-0300] {processor.py:830} INFO - Processing file /mnt/c/Users/Tilto/Desktop/Work/Airflow/dags/hook_dag.py for tasks to queue
[2024-05-08T16:19:59.169-0300] {logging_mixin.py:188} INFO - [2024-05-08T16:19:59.169-0300] {dagbag.py:540} INFO - Filling up the DagBag from /mnt/c/Users/Tilto/Desktop/Work/Airflow/dags/hook_dag.py
[2024-05-08T16:19:59.190-0300] {processor.py:840} INFO - DAG(s) 'Hook_dag' retrieved from /mnt/c/Users/Tilto/Desktop/Work/Airflow/dags/hook_dag.py
[2024-05-08T16:19:59.217-0300] {logging_mixin.py:188} INFO - [2024-05-08T16:19:59.217-0300] {dag.py:3096} INFO - Sync 1 DAGs
[2024-05-08T16:19:59.230-0300] {logging_mixin.py:188} INFO - [2024-05-08T16:19:59.229-0300] {dag.py:3954} INFO - Setting next_dagrun for Hook_dag to None, run_after=None
[2024-05-08T16:19:59.295-0300] {processor.py:183} INFO - Processing /mnt/c/Users/Tilto/Desktop/Work/Airflow/dags/hook_dag.py took 0.132 seconds
[2024-05-08T16:20:31.038-0300] {processor.py:161} INFO - Started process (PID=3545) to work on /mnt/c/Users/Tilto/Desktop/Work/Airflow/dags/hook_dag.py
[2024-05-08T16:20:31.039-0300] {processor.py:830} INFO - Processing file /mnt/c/Users/Tilto/Desktop/Work/Airflow/dags/hook_dag.py for tasks to queue
[2024-05-08T16:20:31.041-0300] {logging_mixin.py:188} INFO - [2024-05-08T16:20:31.041-0300] {dagbag.py:540} INFO - Filling up the DagBag from /mnt/c/Users/Tilto/Desktop/Work/Airflow/dags/hook_dag.py
[2024-05-08T16:20:31.061-0300] {processor.py:840} INFO - DAG(s) 'Hook_dag' retrieved from /mnt/c/Users/Tilto/Desktop/Work/Airflow/dags/hook_dag.py
[2024-05-08T16:20:31.088-0300] {logging_mixin.py:188} INFO - [2024-05-08T16:20:31.088-0300] {dag.py:3096} INFO - Sync 1 DAGs
[2024-05-08T16:20:31.100-0300] {logging_mixin.py:188} INFO - [2024-05-08T16:20:31.100-0300] {dag.py:3954} INFO - Setting next_dagrun for Hook_dag to None, run_after=None
[2024-05-08T16:20:31.193-0300] {processor.py:183} INFO - Processing /mnt/c/Users/Tilto/Desktop/Work/Airflow/dags/hook_dag.py took 0.160 seconds
[2024-05-08T16:20:51.067-0300] {processor.py:161} INFO - Started process (PID=3691) to work on /mnt/c/Users/Tilto/Desktop/Work/Airflow/dags/hook_dag.py
[2024-05-08T16:20:51.068-0300] {processor.py:830} INFO - Processing file /mnt/c/Users/Tilto/Desktop/Work/Airflow/dags/hook_dag.py for tasks to queue
[2024-05-08T16:20:51.070-0300] {logging_mixin.py:188} INFO - [2024-05-08T16:20:51.069-0300] {dagbag.py:540} INFO - Filling up the DagBag from /mnt/c/Users/Tilto/Desktop/Work/Airflow/dags/hook_dag.py
[2024-05-08T16:20:51.090-0300] {processor.py:840} INFO - DAG(s) 'Hook_dag' retrieved from /mnt/c/Users/Tilto/Desktop/Work/Airflow/dags/hook_dag.py
[2024-05-08T16:20:51.104-0300] {logging_mixin.py:188} INFO - [2024-05-08T16:20:51.103-0300] {dag.py:3096} INFO - Sync 1 DAGs
[2024-05-08T16:20:51.116-0300] {logging_mixin.py:188} INFO - [2024-05-08T16:20:51.116-0300] {dag.py:3954} INFO - Setting next_dagrun for Hook_dag to None, run_after=None
[2024-05-08T16:20:51.176-0300] {processor.py:183} INFO - Processing /mnt/c/Users/Tilto/Desktop/Work/Airflow/dags/hook_dag.py took 0.114 seconds
[2024-05-08T16:21:22.893-0300] {processor.py:161} INFO - Started process (PID=3846) to work on /mnt/c/Users/Tilto/Desktop/Work/Airflow/dags/hook_dag.py
[2024-05-08T16:21:22.894-0300] {processor.py:830} INFO - Processing file /mnt/c/Users/Tilto/Desktop/Work/Airflow/dags/hook_dag.py for tasks to queue
[2024-05-08T16:21:22.895-0300] {logging_mixin.py:188} INFO - [2024-05-08T16:21:22.895-0300] {dagbag.py:540} INFO - Filling up the DagBag from /mnt/c/Users/Tilto/Desktop/Work/Airflow/dags/hook_dag.py
[2024-05-08T16:21:22.912-0300] {processor.py:840} INFO - DAG(s) 'Hook_dag' retrieved from /mnt/c/Users/Tilto/Desktop/Work/Airflow/dags/hook_dag.py
[2024-05-08T16:21:23.008-0300] {logging_mixin.py:188} INFO - [2024-05-08T16:21:23.008-0300] {dag.py:3096} INFO - Sync 1 DAGs
[2024-05-08T16:21:23.018-0300] {logging_mixin.py:188} INFO - [2024-05-08T16:21:23.018-0300] {dag.py:3954} INFO - Setting next_dagrun for Hook_dag to None, run_after=None
[2024-05-08T16:21:23.065-0300] {processor.py:183} INFO - Processing /mnt/c/Users/Tilto/Desktop/Work/Airflow/dags/hook_dag.py took 0.176 seconds
[2024-05-08T16:21:54.103-0300] {processor.py:161} INFO - Started process (PID=3991) to work on /mnt/c/Users/Tilto/Desktop/Work/Airflow/dags/hook_dag.py
[2024-05-08T16:21:54.104-0300] {processor.py:830} INFO - Processing file /mnt/c/Users/Tilto/Desktop/Work/Airflow/dags/hook_dag.py for tasks to queue
[2024-05-08T16:21:54.105-0300] {logging_mixin.py:188} INFO - [2024-05-08T16:21:54.105-0300] {dagbag.py:540} INFO - Filling up the DagBag from /mnt/c/Users/Tilto/Desktop/Work/Airflow/dags/hook_dag.py
[2024-05-08T16:21:54.130-0300] {processor.py:840} INFO - DAG(s) 'Hook_dag' retrieved from /mnt/c/Users/Tilto/Desktop/Work/Airflow/dags/hook_dag.py
[2024-05-08T16:21:54.160-0300] {logging_mixin.py:188} INFO - [2024-05-08T16:21:54.160-0300] {dag.py:3096} INFO - Sync 1 DAGs
[2024-05-08T16:21:54.173-0300] {logging_mixin.py:188} INFO - [2024-05-08T16:21:54.173-0300] {dag.py:3954} INFO - Setting next_dagrun for Hook_dag to None, run_after=None
[2024-05-08T16:21:54.239-0300] {processor.py:183} INFO - Processing /mnt/c/Users/Tilto/Desktop/Work/Airflow/dags/hook_dag.py took 0.141 seconds
[2024-05-08T16:22:46.051-0300] {processor.py:161} INFO - Started process (PID=4343) to work on /mnt/c/Users/Tilto/Desktop/Work/Airflow/dags/hook_dag.py
[2024-05-08T16:22:46.052-0300] {processor.py:830} INFO - Processing file /mnt/c/Users/Tilto/Desktop/Work/Airflow/dags/hook_dag.py for tasks to queue
[2024-05-08T16:22:46.054-0300] {logging_mixin.py:188} INFO - [2024-05-08T16:22:46.053-0300] {dagbag.py:540} INFO - Filling up the DagBag from /mnt/c/Users/Tilto/Desktop/Work/Airflow/dags/hook_dag.py
[2024-05-08T16:22:46.082-0300] {processor.py:840} INFO - DAG(s) 'Hook_dag' retrieved from /mnt/c/Users/Tilto/Desktop/Work/Airflow/dags/hook_dag.py
[2024-05-08T16:22:46.099-0300] {logging_mixin.py:188} INFO - [2024-05-08T16:22:46.098-0300] {dag.py:3096} INFO - Sync 1 DAGs
[2024-05-08T16:22:46.114-0300] {logging_mixin.py:188} INFO - [2024-05-08T16:22:46.114-0300] {dag.py:3954} INFO - Setting next_dagrun for Hook_dag to None, run_after=None
[2024-05-08T16:22:46.183-0300] {processor.py:183} INFO - Processing /mnt/c/Users/Tilto/Desktop/Work/Airflow/dags/hook_dag.py took 0.138 seconds
[2024-05-08T16:23:23.704-0300] {processor.py:161} INFO - Started process (PID=4528) to work on /mnt/c/Users/Tilto/Desktop/Work/Airflow/dags/hook_dag.py
[2024-05-08T16:23:23.705-0300] {processor.py:830} INFO - Processing file /mnt/c/Users/Tilto/Desktop/Work/Airflow/dags/hook_dag.py for tasks to queue
[2024-05-08T16:23:23.707-0300] {logging_mixin.py:188} INFO - [2024-05-08T16:23:23.706-0300] {dagbag.py:540} INFO - Filling up the DagBag from /mnt/c/Users/Tilto/Desktop/Work/Airflow/dags/hook_dag.py
[2024-05-08T16:23:23.729-0300] {processor.py:840} INFO - DAG(s) 'Hook_dag' retrieved from /mnt/c/Users/Tilto/Desktop/Work/Airflow/dags/hook_dag.py
[2024-05-08T16:23:23.838-0300] {logging_mixin.py:188} INFO - [2024-05-08T16:23:23.838-0300] {dag.py:3096} INFO - Sync 1 DAGs
[2024-05-08T16:23:23.850-0300] {logging_mixin.py:188} INFO - [2024-05-08T16:23:23.850-0300] {dag.py:3954} INFO - Setting next_dagrun for Hook_dag to None, run_after=None
[2024-05-08T16:23:23.932-0300] {processor.py:183} INFO - Processing /mnt/c/Users/Tilto/Desktop/Work/Airflow/dags/hook_dag.py took 0.234 seconds
[2024-05-08T16:23:54.435-0300] {processor.py:161} INFO - Started process (PID=4671) to work on /mnt/c/Users/Tilto/Desktop/Work/Airflow/dags/hook_dag.py
[2024-05-08T16:23:54.436-0300] {processor.py:830} INFO - Processing file /mnt/c/Users/Tilto/Desktop/Work/Airflow/dags/hook_dag.py for tasks to queue
[2024-05-08T16:23:54.437-0300] {logging_mixin.py:188} INFO - [2024-05-08T16:23:54.437-0300] {dagbag.py:540} INFO - Filling up the DagBag from /mnt/c/Users/Tilto/Desktop/Work/Airflow/dags/hook_dag.py
[2024-05-08T16:23:54.460-0300] {processor.py:840} INFO - DAG(s) 'Hook_dag' retrieved from /mnt/c/Users/Tilto/Desktop/Work/Airflow/dags/hook_dag.py
[2024-05-08T16:23:54.494-0300] {logging_mixin.py:188} INFO - [2024-05-08T16:23:54.494-0300] {dag.py:3096} INFO - Sync 1 DAGs
[2024-05-08T16:23:54.513-0300] {logging_mixin.py:188} INFO - [2024-05-08T16:23:54.513-0300] {dag.py:3954} INFO - Setting next_dagrun for Hook_dag to None, run_after=None
[2024-05-08T16:23:54.584-0300] {processor.py:183} INFO - Processing /mnt/c/Users/Tilto/Desktop/Work/Airflow/dags/hook_dag.py took 0.154 seconds
[2024-05-08T16:24:24.933-0300] {processor.py:161} INFO - Started process (PID=4816) to work on /mnt/c/Users/Tilto/Desktop/Work/Airflow/dags/hook_dag.py
[2024-05-08T16:24:24.934-0300] {processor.py:830} INFO - Processing file /mnt/c/Users/Tilto/Desktop/Work/Airflow/dags/hook_dag.py for tasks to queue
[2024-05-08T16:24:24.935-0300] {logging_mixin.py:188} INFO - [2024-05-08T16:24:24.935-0300] {dagbag.py:540} INFO - Filling up the DagBag from /mnt/c/Users/Tilto/Desktop/Work/Airflow/dags/hook_dag.py
[2024-05-08T16:24:24.955-0300] {processor.py:840} INFO - DAG(s) 'Hook_dag' retrieved from /mnt/c/Users/Tilto/Desktop/Work/Airflow/dags/hook_dag.py
[2024-05-08T16:24:24.982-0300] {logging_mixin.py:188} INFO - [2024-05-08T16:24:24.982-0300] {dag.py:3096} INFO - Sync 1 DAGs
[2024-05-08T16:24:24.995-0300] {logging_mixin.py:188} INFO - [2024-05-08T16:24:24.995-0300] {dag.py:3954} INFO - Setting next_dagrun for Hook_dag to None, run_after=None
[2024-05-08T16:24:25.058-0300] {processor.py:183} INFO - Processing /mnt/c/Users/Tilto/Desktop/Work/Airflow/dags/hook_dag.py took 0.130 seconds
[2024-05-08T16:24:56.686-0300] {processor.py:161} INFO - Started process (PID=4963) to work on /mnt/c/Users/Tilto/Desktop/Work/Airflow/dags/hook_dag.py
[2024-05-08T16:24:56.686-0300] {processor.py:830} INFO - Processing file /mnt/c/Users/Tilto/Desktop/Work/Airflow/dags/hook_dag.py for tasks to queue
[2024-05-08T16:24:56.688-0300] {logging_mixin.py:188} INFO - [2024-05-08T16:24:56.688-0300] {dagbag.py:540} INFO - Filling up the DagBag from /mnt/c/Users/Tilto/Desktop/Work/Airflow/dags/hook_dag.py
[2024-05-08T16:24:56.710-0300] {processor.py:840} INFO - DAG(s) 'Hook_dag' retrieved from /mnt/c/Users/Tilto/Desktop/Work/Airflow/dags/hook_dag.py
[2024-05-08T16:24:56.735-0300] {logging_mixin.py:188} INFO - [2024-05-08T16:24:56.735-0300] {dag.py:3096} INFO - Sync 1 DAGs
[2024-05-08T16:24:56.748-0300] {logging_mixin.py:188} INFO - [2024-05-08T16:24:56.748-0300] {dag.py:3954} INFO - Setting next_dagrun for Hook_dag to None, run_after=None
[2024-05-08T16:24:56.850-0300] {processor.py:183} INFO - Processing /mnt/c/Users/Tilto/Desktop/Work/Airflow/dags/hook_dag.py took 0.169 seconds
[2024-05-08T16:25:27.461-0300] {processor.py:161} INFO - Started process (PID=5106) to work on /mnt/c/Users/Tilto/Desktop/Work/Airflow/dags/hook_dag.py
[2024-05-08T16:25:27.462-0300] {processor.py:830} INFO - Processing file /mnt/c/Users/Tilto/Desktop/Work/Airflow/dags/hook_dag.py for tasks to queue
[2024-05-08T16:25:27.464-0300] {logging_mixin.py:188} INFO - [2024-05-08T16:25:27.463-0300] {dagbag.py:540} INFO - Filling up the DagBag from /mnt/c/Users/Tilto/Desktop/Work/Airflow/dags/hook_dag.py
[2024-05-08T16:25:27.484-0300] {processor.py:840} INFO - DAG(s) 'Hook_dag' retrieved from /mnt/c/Users/Tilto/Desktop/Work/Airflow/dags/hook_dag.py
[2024-05-08T16:25:27.509-0300] {logging_mixin.py:188} INFO - [2024-05-08T16:25:27.509-0300] {dag.py:3096} INFO - Sync 1 DAGs
[2024-05-08T16:25:27.522-0300] {logging_mixin.py:188} INFO - [2024-05-08T16:25:27.522-0300] {dag.py:3954} INFO - Setting next_dagrun for Hook_dag to None, run_after=None
[2024-05-08T16:25:27.666-0300] {processor.py:183} INFO - Processing /mnt/c/Users/Tilto/Desktop/Work/Airflow/dags/hook_dag.py took 0.209 seconds
[2024-05-08T16:25:58.312-0300] {processor.py:161} INFO - Started process (PID=5253) to work on /mnt/c/Users/Tilto/Desktop/Work/Airflow/dags/hook_dag.py
[2024-05-08T16:25:58.313-0300] {processor.py:830} INFO - Processing file /mnt/c/Users/Tilto/Desktop/Work/Airflow/dags/hook_dag.py for tasks to queue
[2024-05-08T16:25:58.314-0300] {logging_mixin.py:188} INFO - [2024-05-08T16:25:58.314-0300] {dagbag.py:540} INFO - Filling up the DagBag from /mnt/c/Users/Tilto/Desktop/Work/Airflow/dags/hook_dag.py
[2024-05-08T16:25:58.336-0300] {processor.py:840} INFO - DAG(s) 'Hook_dag' retrieved from /mnt/c/Users/Tilto/Desktop/Work/Airflow/dags/hook_dag.py
[2024-05-08T16:25:58.364-0300] {logging_mixin.py:188} INFO - [2024-05-08T16:25:58.364-0300] {dag.py:3096} INFO - Sync 1 DAGs
[2024-05-08T16:25:58.377-0300] {logging_mixin.py:188} INFO - [2024-05-08T16:25:58.377-0300] {dag.py:3954} INFO - Setting next_dagrun for Hook_dag to None, run_after=None
[2024-05-08T16:25:58.439-0300] {processor.py:183} INFO - Processing /mnt/c/Users/Tilto/Desktop/Work/Airflow/dags/hook_dag.py took 0.132 seconds
[2024-05-08T16:26:29.899-0300] {processor.py:161} INFO - Started process (PID=5399) to work on /mnt/c/Users/Tilto/Desktop/Work/Airflow/dags/hook_dag.py
[2024-05-08T16:26:29.900-0300] {processor.py:830} INFO - Processing file /mnt/c/Users/Tilto/Desktop/Work/Airflow/dags/hook_dag.py for tasks to queue
[2024-05-08T16:26:29.902-0300] {logging_mixin.py:188} INFO - [2024-05-08T16:26:29.902-0300] {dagbag.py:540} INFO - Filling up the DagBag from /mnt/c/Users/Tilto/Desktop/Work/Airflow/dags/hook_dag.py
[2024-05-08T16:26:29.928-0300] {processor.py:840} INFO - DAG(s) 'Hook_dag' retrieved from /mnt/c/Users/Tilto/Desktop/Work/Airflow/dags/hook_dag.py
[2024-05-08T16:26:29.959-0300] {logging_mixin.py:188} INFO - [2024-05-08T16:26:29.959-0300] {dag.py:3096} INFO - Sync 1 DAGs
[2024-05-08T16:26:29.971-0300] {logging_mixin.py:188} INFO - [2024-05-08T16:26:29.971-0300] {dag.py:3954} INFO - Setting next_dagrun for Hook_dag to None, run_after=None
[2024-05-08T16:26:30.029-0300] {processor.py:183} INFO - Processing /mnt/c/Users/Tilto/Desktop/Work/Airflow/dags/hook_dag.py took 0.137 seconds
[2024-05-08T16:27:01.051-0300] {processor.py:161} INFO - Started process (PID=5546) to work on /mnt/c/Users/Tilto/Desktop/Work/Airflow/dags/hook_dag.py
[2024-05-08T16:27:01.052-0300] {processor.py:830} INFO - Processing file /mnt/c/Users/Tilto/Desktop/Work/Airflow/dags/hook_dag.py for tasks to queue
[2024-05-08T16:27:01.054-0300] {logging_mixin.py:188} INFO - [2024-05-08T16:27:01.054-0300] {dagbag.py:540} INFO - Filling up the DagBag from /mnt/c/Users/Tilto/Desktop/Work/Airflow/dags/hook_dag.py
[2024-05-08T16:27:01.080-0300] {processor.py:840} INFO - DAG(s) 'Hook_dag' retrieved from /mnt/c/Users/Tilto/Desktop/Work/Airflow/dags/hook_dag.py
[2024-05-08T16:27:01.108-0300] {logging_mixin.py:188} INFO - [2024-05-08T16:27:01.108-0300] {dag.py:3096} INFO - Sync 1 DAGs
[2024-05-08T16:27:01.122-0300] {logging_mixin.py:188} INFO - [2024-05-08T16:27:01.122-0300] {dag.py:3954} INFO - Setting next_dagrun for Hook_dag to None, run_after=None
[2024-05-08T16:27:01.204-0300] {processor.py:183} INFO - Processing /mnt/c/Users/Tilto/Desktop/Work/Airflow/dags/hook_dag.py took 0.158 seconds
[2024-05-08T16:27:32.162-0300] {processor.py:161} INFO - Started process (PID=5692) to work on /mnt/c/Users/Tilto/Desktop/Work/Airflow/dags/hook_dag.py
[2024-05-08T16:27:32.164-0300] {processor.py:830} INFO - Processing file /mnt/c/Users/Tilto/Desktop/Work/Airflow/dags/hook_dag.py for tasks to queue
[2024-05-08T16:27:32.167-0300] {logging_mixin.py:188} INFO - [2024-05-08T16:27:32.166-0300] {dagbag.py:540} INFO - Filling up the DagBag from /mnt/c/Users/Tilto/Desktop/Work/Airflow/dags/hook_dag.py
[2024-05-08T16:27:32.189-0300] {processor.py:840} INFO - DAG(s) 'Hook_dag' retrieved from /mnt/c/Users/Tilto/Desktop/Work/Airflow/dags/hook_dag.py
[2024-05-08T16:27:32.222-0300] {logging_mixin.py:188} INFO - [2024-05-08T16:27:32.221-0300] {dag.py:3096} INFO - Sync 1 DAGs
[2024-05-08T16:27:32.237-0300] {logging_mixin.py:188} INFO - [2024-05-08T16:27:32.237-0300] {dag.py:3954} INFO - Setting next_dagrun for Hook_dag to None, run_after=None
[2024-05-08T16:27:32.300-0300] {processor.py:183} INFO - Processing /mnt/c/Users/Tilto/Desktop/Work/Airflow/dags/hook_dag.py took 0.144 seconds
[2024-05-08T16:28:03.099-0300] {processor.py:161} INFO - Started process (PID=5839) to work on /mnt/c/Users/Tilto/Desktop/Work/Airflow/dags/hook_dag.py
[2024-05-08T16:28:03.100-0300] {processor.py:830} INFO - Processing file /mnt/c/Users/Tilto/Desktop/Work/Airflow/dags/hook_dag.py for tasks to queue
[2024-05-08T16:28:03.102-0300] {logging_mixin.py:188} INFO - [2024-05-08T16:28:03.101-0300] {dagbag.py:540} INFO - Filling up the DagBag from /mnt/c/Users/Tilto/Desktop/Work/Airflow/dags/hook_dag.py
[2024-05-08T16:28:03.123-0300] {processor.py:840} INFO - DAG(s) 'Hook_dag' retrieved from /mnt/c/Users/Tilto/Desktop/Work/Airflow/dags/hook_dag.py
[2024-05-08T16:28:03.150-0300] {logging_mixin.py:188} INFO - [2024-05-08T16:28:03.149-0300] {dag.py:3096} INFO - Sync 1 DAGs
[2024-05-08T16:28:03.163-0300] {logging_mixin.py:188} INFO - [2024-05-08T16:28:03.162-0300] {dag.py:3954} INFO - Setting next_dagrun for Hook_dag to None, run_after=None
[2024-05-08T16:28:03.225-0300] {processor.py:183} INFO - Processing /mnt/c/Users/Tilto/Desktop/Work/Airflow/dags/hook_dag.py took 0.130 seconds
[2024-05-08T16:28:34.048-0300] {processor.py:161} INFO - Started process (PID=5984) to work on /mnt/c/Users/Tilto/Desktop/Work/Airflow/dags/hook_dag.py
[2024-05-08T16:28:34.049-0300] {processor.py:830} INFO - Processing file /mnt/c/Users/Tilto/Desktop/Work/Airflow/dags/hook_dag.py for tasks to queue
[2024-05-08T16:28:34.051-0300] {logging_mixin.py:188} INFO - [2024-05-08T16:28:34.050-0300] {dagbag.py:540} INFO - Filling up the DagBag from /mnt/c/Users/Tilto/Desktop/Work/Airflow/dags/hook_dag.py
[2024-05-08T16:28:34.070-0300] {processor.py:840} INFO - DAG(s) 'Hook_dag' retrieved from /mnt/c/Users/Tilto/Desktop/Work/Airflow/dags/hook_dag.py
[2024-05-08T16:28:34.096-0300] {logging_mixin.py:188} INFO - [2024-05-08T16:28:34.096-0300] {dag.py:3096} INFO - Sync 1 DAGs
[2024-05-08T16:28:34.107-0300] {logging_mixin.py:188} INFO - [2024-05-08T16:28:34.107-0300] {dag.py:3954} INFO - Setting next_dagrun for Hook_dag to None, run_after=None
[2024-05-08T16:28:34.166-0300] {processor.py:183} INFO - Processing /mnt/c/Users/Tilto/Desktop/Work/Airflow/dags/hook_dag.py took 0.123 seconds
[2024-05-08T16:29:05.112-0300] {processor.py:161} INFO - Started process (PID=6129) to work on /mnt/c/Users/Tilto/Desktop/Work/Airflow/dags/hook_dag.py
[2024-05-08T16:29:05.113-0300] {processor.py:830} INFO - Processing file /mnt/c/Users/Tilto/Desktop/Work/Airflow/dags/hook_dag.py for tasks to queue
[2024-05-08T16:29:05.114-0300] {logging_mixin.py:188} INFO - [2024-05-08T16:29:05.114-0300] {dagbag.py:540} INFO - Filling up the DagBag from /mnt/c/Users/Tilto/Desktop/Work/Airflow/dags/hook_dag.py
[2024-05-08T16:29:05.134-0300] {processor.py:840} INFO - DAG(s) 'Hook_dag' retrieved from /mnt/c/Users/Tilto/Desktop/Work/Airflow/dags/hook_dag.py
[2024-05-08T16:29:05.161-0300] {logging_mixin.py:188} INFO - [2024-05-08T16:29:05.160-0300] {dag.py:3096} INFO - Sync 1 DAGs
[2024-05-08T16:29:05.173-0300] {logging_mixin.py:188} INFO - [2024-05-08T16:29:05.173-0300] {dag.py:3954} INFO - Setting next_dagrun for Hook_dag to None, run_after=None
[2024-05-08T16:29:05.234-0300] {processor.py:183} INFO - Processing /mnt/c/Users/Tilto/Desktop/Work/Airflow/dags/hook_dag.py took 0.127 seconds
[2024-05-08T16:29:35.981-0300] {processor.py:161} INFO - Started process (PID=6272) to work on /mnt/c/Users/Tilto/Desktop/Work/Airflow/dags/hook_dag.py
[2024-05-08T16:29:35.982-0300] {processor.py:830} INFO - Processing file /mnt/c/Users/Tilto/Desktop/Work/Airflow/dags/hook_dag.py for tasks to queue
[2024-05-08T16:29:35.983-0300] {logging_mixin.py:188} INFO - [2024-05-08T16:29:35.983-0300] {dagbag.py:540} INFO - Filling up the DagBag from /mnt/c/Users/Tilto/Desktop/Work/Airflow/dags/hook_dag.py
[2024-05-08T16:29:36.007-0300] {processor.py:840} INFO - DAG(s) 'Hook_dag' retrieved from /mnt/c/Users/Tilto/Desktop/Work/Airflow/dags/hook_dag.py
[2024-05-08T16:29:36.033-0300] {logging_mixin.py:188} INFO - [2024-05-08T16:29:36.033-0300] {dag.py:3096} INFO - Sync 1 DAGs
[2024-05-08T16:29:36.047-0300] {logging_mixin.py:188} INFO - [2024-05-08T16:29:36.046-0300] {dag.py:3954} INFO - Setting next_dagrun for Hook_dag to None, run_after=None
[2024-05-08T16:29:36.138-0300] {processor.py:183} INFO - Processing /mnt/c/Users/Tilto/Desktop/Work/Airflow/dags/hook_dag.py took 0.162 seconds
[2024-05-08T16:30:06.701-0300] {processor.py:161} INFO - Started process (PID=6429) to work on /mnt/c/Users/Tilto/Desktop/Work/Airflow/dags/hook_dag.py
[2024-05-08T16:30:06.702-0300] {processor.py:830} INFO - Processing file /mnt/c/Users/Tilto/Desktop/Work/Airflow/dags/hook_dag.py for tasks to queue
[2024-05-08T16:30:06.703-0300] {logging_mixin.py:188} INFO - [2024-05-08T16:30:06.703-0300] {dagbag.py:540} INFO - Filling up the DagBag from /mnt/c/Users/Tilto/Desktop/Work/Airflow/dags/hook_dag.py
[2024-05-08T16:30:06.726-0300] {processor.py:840} INFO - DAG(s) 'Hook_dag' retrieved from /mnt/c/Users/Tilto/Desktop/Work/Airflow/dags/hook_dag.py
[2024-05-08T16:30:06.765-0300] {logging_mixin.py:188} INFO - [2024-05-08T16:30:06.764-0300] {dag.py:3096} INFO - Sync 1 DAGs
[2024-05-08T16:30:06.780-0300] {logging_mixin.py:188} INFO - [2024-05-08T16:30:06.780-0300] {dag.py:3954} INFO - Setting next_dagrun for Hook_dag to None, run_after=None
[2024-05-08T16:30:06.847-0300] {processor.py:183} INFO - Processing /mnt/c/Users/Tilto/Desktop/Work/Airflow/dags/hook_dag.py took 0.153 seconds
[2024-05-08T16:30:37.438-0300] {processor.py:161} INFO - Started process (PID=6572) to work on /mnt/c/Users/Tilto/Desktop/Work/Airflow/dags/hook_dag.py
[2024-05-08T16:30:37.440-0300] {processor.py:830} INFO - Processing file /mnt/c/Users/Tilto/Desktop/Work/Airflow/dags/hook_dag.py for tasks to queue
[2024-05-08T16:30:37.441-0300] {logging_mixin.py:188} INFO - [2024-05-08T16:30:37.441-0300] {dagbag.py:540} INFO - Filling up the DagBag from /mnt/c/Users/Tilto/Desktop/Work/Airflow/dags/hook_dag.py
[2024-05-08T16:30:37.463-0300] {processor.py:840} INFO - DAG(s) 'Hook_dag' retrieved from /mnt/c/Users/Tilto/Desktop/Work/Airflow/dags/hook_dag.py
[2024-05-08T16:30:37.493-0300] {logging_mixin.py:188} INFO - [2024-05-08T16:30:37.493-0300] {dag.py:3096} INFO - Sync 1 DAGs
[2024-05-08T16:30:37.508-0300] {logging_mixin.py:188} INFO - [2024-05-08T16:30:37.507-0300] {dag.py:3954} INFO - Setting next_dagrun for Hook_dag to None, run_after=None
[2024-05-08T16:30:37.610-0300] {processor.py:183} INFO - Processing /mnt/c/Users/Tilto/Desktop/Work/Airflow/dags/hook_dag.py took 0.176 seconds
[2024-05-08T16:31:08.196-0300] {processor.py:161} INFO - Started process (PID=6715) to work on /mnt/c/Users/Tilto/Desktop/Work/Airflow/dags/hook_dag.py
[2024-05-08T16:31:08.197-0300] {processor.py:830} INFO - Processing file /mnt/c/Users/Tilto/Desktop/Work/Airflow/dags/hook_dag.py for tasks to queue
[2024-05-08T16:31:08.199-0300] {logging_mixin.py:188} INFO - [2024-05-08T16:31:08.199-0300] {dagbag.py:540} INFO - Filling up the DagBag from /mnt/c/Users/Tilto/Desktop/Work/Airflow/dags/hook_dag.py
[2024-05-08T16:31:08.220-0300] {processor.py:840} INFO - DAG(s) 'Hook_dag' retrieved from /mnt/c/Users/Tilto/Desktop/Work/Airflow/dags/hook_dag.py
[2024-05-08T16:31:08.246-0300] {logging_mixin.py:188} INFO - [2024-05-08T16:31:08.246-0300] {dag.py:3096} INFO - Sync 1 DAGs
[2024-05-08T16:31:08.260-0300] {logging_mixin.py:188} INFO - [2024-05-08T16:31:08.260-0300] {dag.py:3954} INFO - Setting next_dagrun for Hook_dag to None, run_after=None
[2024-05-08T16:31:08.384-0300] {processor.py:183} INFO - Processing /mnt/c/Users/Tilto/Desktop/Work/Airflow/dags/hook_dag.py took 0.193 seconds
[2024-05-08T16:31:39.150-0300] {processor.py:161} INFO - Started process (PID=6858) to work on /mnt/c/Users/Tilto/Desktop/Work/Airflow/dags/hook_dag.py
[2024-05-08T16:31:39.151-0300] {processor.py:830} INFO - Processing file /mnt/c/Users/Tilto/Desktop/Work/Airflow/dags/hook_dag.py for tasks to queue
[2024-05-08T16:31:39.153-0300] {logging_mixin.py:188} INFO - [2024-05-08T16:31:39.152-0300] {dagbag.py:540} INFO - Filling up the DagBag from /mnt/c/Users/Tilto/Desktop/Work/Airflow/dags/hook_dag.py
[2024-05-08T16:31:39.173-0300] {processor.py:840} INFO - DAG(s) 'Hook_dag' retrieved from /mnt/c/Users/Tilto/Desktop/Work/Airflow/dags/hook_dag.py
[2024-05-08T16:31:39.199-0300] {logging_mixin.py:188} INFO - [2024-05-08T16:31:39.198-0300] {dag.py:3096} INFO - Sync 1 DAGs
[2024-05-08T16:31:39.278-0300] {logging_mixin.py:188} INFO - [2024-05-08T16:31:39.278-0300] {dag.py:3954} INFO - Setting next_dagrun for Hook_dag to None, run_after=None
[2024-05-08T16:31:39.339-0300] {processor.py:183} INFO - Processing /mnt/c/Users/Tilto/Desktop/Work/Airflow/dags/hook_dag.py took 0.194 seconds
[2024-05-08T16:32:09.991-0300] {processor.py:161} INFO - Started process (PID=7002) to work on /mnt/c/Users/Tilto/Desktop/Work/Airflow/dags/hook_dag.py
[2024-05-08T16:32:09.992-0300] {processor.py:830} INFO - Processing file /mnt/c/Users/Tilto/Desktop/Work/Airflow/dags/hook_dag.py for tasks to queue
[2024-05-08T16:32:09.993-0300] {logging_mixin.py:188} INFO - [2024-05-08T16:32:09.993-0300] {dagbag.py:540} INFO - Filling up the DagBag from /mnt/c/Users/Tilto/Desktop/Work/Airflow/dags/hook_dag.py
[2024-05-08T16:32:10.014-0300] {processor.py:840} INFO - DAG(s) 'Hook_dag' retrieved from /mnt/c/Users/Tilto/Desktop/Work/Airflow/dags/hook_dag.py
[2024-05-08T16:32:10.043-0300] {logging_mixin.py:188} INFO - [2024-05-08T16:32:10.042-0300] {dag.py:3096} INFO - Sync 1 DAGs
[2024-05-08T16:32:10.124-0300] {logging_mixin.py:188} INFO - [2024-05-08T16:32:10.124-0300] {dag.py:3954} INFO - Setting next_dagrun for Hook_dag to None, run_after=None
[2024-05-08T16:32:10.275-0300] {processor.py:183} INFO - Processing /mnt/c/Users/Tilto/Desktop/Work/Airflow/dags/hook_dag.py took 0.289 seconds
[2024-05-08T16:32:42.213-0300] {processor.py:161} INFO - Started process (PID=7151) to work on /mnt/c/Users/Tilto/Desktop/Work/Airflow/dags/hook_dag.py
[2024-05-08T16:32:42.214-0300] {processor.py:830} INFO - Processing file /mnt/c/Users/Tilto/Desktop/Work/Airflow/dags/hook_dag.py for tasks to queue
[2024-05-08T16:32:42.216-0300] {logging_mixin.py:188} INFO - [2024-05-08T16:32:42.216-0300] {dagbag.py:540} INFO - Filling up the DagBag from /mnt/c/Users/Tilto/Desktop/Work/Airflow/dags/hook_dag.py
[2024-05-08T16:32:42.236-0300] {processor.py:840} INFO - DAG(s) 'Hook_dag' retrieved from /mnt/c/Users/Tilto/Desktop/Work/Airflow/dags/hook_dag.py
[2024-05-08T16:32:42.325-0300] {logging_mixin.py:188} INFO - [2024-05-08T16:32:42.325-0300] {dag.py:3096} INFO - Sync 1 DAGs
[2024-05-08T16:32:42.338-0300] {logging_mixin.py:188} INFO - [2024-05-08T16:32:42.337-0300] {dag.py:3954} INFO - Setting next_dagrun for Hook_dag to None, run_after=None
[2024-05-08T16:32:42.399-0300] {processor.py:183} INFO - Processing /mnt/c/Users/Tilto/Desktop/Work/Airflow/dags/hook_dag.py took 0.190 seconds
[2024-05-08T16:33:12.799-0300] {processor.py:161} INFO - Started process (PID=7293) to work on /mnt/c/Users/Tilto/Desktop/Work/Airflow/dags/hook_dag.py
[2024-05-08T16:33:12.800-0300] {processor.py:830} INFO - Processing file /mnt/c/Users/Tilto/Desktop/Work/Airflow/dags/hook_dag.py for tasks to queue
[2024-05-08T16:33:12.875-0300] {logging_mixin.py:188} INFO - [2024-05-08T16:33:12.801-0300] {dagbag.py:540} INFO - Filling up the DagBag from /mnt/c/Users/Tilto/Desktop/Work/Airflow/dags/hook_dag.py
[2024-05-08T16:33:12.892-0300] {processor.py:840} INFO - DAG(s) 'Hook_dag' retrieved from /mnt/c/Users/Tilto/Desktop/Work/Airflow/dags/hook_dag.py
[2024-05-08T16:33:12.915-0300] {logging_mixin.py:188} INFO - [2024-05-08T16:33:12.915-0300] {dag.py:3096} INFO - Sync 1 DAGs
[2024-05-08T16:33:12.927-0300] {logging_mixin.py:188} INFO - [2024-05-08T16:33:12.926-0300] {dag.py:3954} INFO - Setting next_dagrun for Hook_dag to None, run_after=None
[2024-05-08T16:33:12.984-0300] {processor.py:183} INFO - Processing /mnt/c/Users/Tilto/Desktop/Work/Airflow/dags/hook_dag.py took 0.190 seconds
[2024-05-08T16:33:43.678-0300] {processor.py:161} INFO - Started process (PID=7436) to work on /mnt/c/Users/Tilto/Desktop/Work/Airflow/dags/hook_dag.py
[2024-05-08T16:33:43.680-0300] {processor.py:830} INFO - Processing file /mnt/c/Users/Tilto/Desktop/Work/Airflow/dags/hook_dag.py for tasks to queue
[2024-05-08T16:33:43.683-0300] {logging_mixin.py:188} INFO - [2024-05-08T16:33:43.683-0300] {dagbag.py:540} INFO - Filling up the DagBag from /mnt/c/Users/Tilto/Desktop/Work/Airflow/dags/hook_dag.py
[2024-05-08T16:33:43.717-0300] {processor.py:840} INFO - DAG(s) 'Hook_dag' retrieved from /mnt/c/Users/Tilto/Desktop/Work/Airflow/dags/hook_dag.py
[2024-05-08T16:33:43.749-0300] {logging_mixin.py:188} INFO - [2024-05-08T16:33:43.749-0300] {dag.py:3096} INFO - Sync 1 DAGs
[2024-05-08T16:33:43.768-0300] {logging_mixin.py:188} INFO - [2024-05-08T16:33:43.768-0300] {dag.py:3954} INFO - Setting next_dagrun for Hook_dag to None, run_after=None
[2024-05-08T16:33:43.837-0300] {processor.py:183} INFO - Processing /mnt/c/Users/Tilto/Desktop/Work/Airflow/dags/hook_dag.py took 0.168 seconds
[2024-05-08T16:34:15.061-0300] {processor.py:161} INFO - Started process (PID=7582) to work on /mnt/c/Users/Tilto/Desktop/Work/Airflow/dags/hook_dag.py
[2024-05-08T16:34:15.062-0300] {processor.py:830} INFO - Processing file /mnt/c/Users/Tilto/Desktop/Work/Airflow/dags/hook_dag.py for tasks to queue
[2024-05-08T16:34:15.064-0300] {logging_mixin.py:188} INFO - [2024-05-08T16:34:15.063-0300] {dagbag.py:540} INFO - Filling up the DagBag from /mnt/c/Users/Tilto/Desktop/Work/Airflow/dags/hook_dag.py
[2024-05-08T16:34:15.097-0300] {processor.py:840} INFO - DAG(s) 'Hook_dag' retrieved from /mnt/c/Users/Tilto/Desktop/Work/Airflow/dags/hook_dag.py
[2024-05-08T16:34:15.141-0300] {logging_mixin.py:188} INFO - [2024-05-08T16:34:15.141-0300] {dag.py:3096} INFO - Sync 1 DAGs
[2024-05-08T16:34:15.157-0300] {logging_mixin.py:188} INFO - [2024-05-08T16:34:15.157-0300] {dag.py:3954} INFO - Setting next_dagrun for Hook_dag to None, run_after=None
[2024-05-08T16:34:15.216-0300] {processor.py:183} INFO - Processing /mnt/c/Users/Tilto/Desktop/Work/Airflow/dags/hook_dag.py took 0.160 seconds
[2024-05-08T16:34:46.085-0300] {processor.py:161} INFO - Started process (PID=7726) to work on /mnt/c/Users/Tilto/Desktop/Work/Airflow/dags/hook_dag.py
[2024-05-08T16:34:46.086-0300] {processor.py:830} INFO - Processing file /mnt/c/Users/Tilto/Desktop/Work/Airflow/dags/hook_dag.py for tasks to queue
[2024-05-08T16:34:46.088-0300] {logging_mixin.py:188} INFO - [2024-05-08T16:34:46.088-0300] {dagbag.py:540} INFO - Filling up the DagBag from /mnt/c/Users/Tilto/Desktop/Work/Airflow/dags/hook_dag.py
[2024-05-08T16:34:46.111-0300] {processor.py:840} INFO - DAG(s) 'Hook_dag' retrieved from /mnt/c/Users/Tilto/Desktop/Work/Airflow/dags/hook_dag.py
[2024-05-08T16:34:46.137-0300] {logging_mixin.py:188} INFO - [2024-05-08T16:34:46.137-0300] {dag.py:3096} INFO - Sync 1 DAGs
[2024-05-08T16:34:46.150-0300] {logging_mixin.py:188} INFO - [2024-05-08T16:34:46.150-0300] {dag.py:3954} INFO - Setting next_dagrun for Hook_dag to None, run_after=None
[2024-05-08T16:34:46.299-0300] {processor.py:183} INFO - Processing /mnt/c/Users/Tilto/Desktop/Work/Airflow/dags/hook_dag.py took 0.219 seconds
[2024-05-08T16:35:17.402-0300] {processor.py:161} INFO - Started process (PID=7872) to work on /mnt/c/Users/Tilto/Desktop/Work/Airflow/dags/hook_dag.py
[2024-05-08T16:35:17.403-0300] {processor.py:830} INFO - Processing file /mnt/c/Users/Tilto/Desktop/Work/Airflow/dags/hook_dag.py for tasks to queue
[2024-05-08T16:35:17.404-0300] {logging_mixin.py:188} INFO - [2024-05-08T16:35:17.404-0300] {dagbag.py:540} INFO - Filling up the DagBag from /mnt/c/Users/Tilto/Desktop/Work/Airflow/dags/hook_dag.py
[2024-05-08T16:35:17.422-0300] {processor.py:840} INFO - DAG(s) 'Hook_dag' retrieved from /mnt/c/Users/Tilto/Desktop/Work/Airflow/dags/hook_dag.py
[2024-05-08T16:35:17.445-0300] {logging_mixin.py:188} INFO - [2024-05-08T16:35:17.445-0300] {dag.py:3096} INFO - Sync 1 DAGs
[2024-05-08T16:35:17.457-0300] {logging_mixin.py:188} INFO - [2024-05-08T16:35:17.457-0300] {dag.py:3954} INFO - Setting next_dagrun for Hook_dag to None, run_after=None
[2024-05-08T16:35:17.507-0300] {processor.py:183} INFO - Processing /mnt/c/Users/Tilto/Desktop/Work/Airflow/dags/hook_dag.py took 0.109 seconds
[2024-05-08T16:35:48.653-0300] {processor.py:161} INFO - Started process (PID=8017) to work on /mnt/c/Users/Tilto/Desktop/Work/Airflow/dags/hook_dag.py
[2024-05-08T16:35:48.654-0300] {processor.py:830} INFO - Processing file /mnt/c/Users/Tilto/Desktop/Work/Airflow/dags/hook_dag.py for tasks to queue
[2024-05-08T16:35:48.655-0300] {logging_mixin.py:188} INFO - [2024-05-08T16:35:48.655-0300] {dagbag.py:540} INFO - Filling up the DagBag from /mnt/c/Users/Tilto/Desktop/Work/Airflow/dags/hook_dag.py
[2024-05-08T16:35:48.685-0300] {processor.py:840} INFO - DAG(s) 'Hook_dag' retrieved from /mnt/c/Users/Tilto/Desktop/Work/Airflow/dags/hook_dag.py
[2024-05-08T16:35:48.725-0300] {logging_mixin.py:188} INFO - [2024-05-08T16:35:48.725-0300] {dag.py:3096} INFO - Sync 1 DAGs
[2024-05-08T16:35:48.741-0300] {logging_mixin.py:188} INFO - [2024-05-08T16:35:48.741-0300] {dag.py:3954} INFO - Setting next_dagrun for Hook_dag to None, run_after=None
[2024-05-08T16:35:48.813-0300] {processor.py:183} INFO - Processing /mnt/c/Users/Tilto/Desktop/Work/Airflow/dags/hook_dag.py took 0.165 seconds
[2024-05-08T16:36:19.427-0300] {processor.py:161} INFO - Started process (PID=8160) to work on /mnt/c/Users/Tilto/Desktop/Work/Airflow/dags/hook_dag.py
[2024-05-08T16:36:19.428-0300] {processor.py:830} INFO - Processing file /mnt/c/Users/Tilto/Desktop/Work/Airflow/dags/hook_dag.py for tasks to queue
[2024-05-08T16:36:19.430-0300] {logging_mixin.py:188} INFO - [2024-05-08T16:36:19.429-0300] {dagbag.py:540} INFO - Filling up the DagBag from /mnt/c/Users/Tilto/Desktop/Work/Airflow/dags/hook_dag.py
[2024-05-08T16:36:19.447-0300] {processor.py:840} INFO - DAG(s) 'Hook_dag' retrieved from /mnt/c/Users/Tilto/Desktop/Work/Airflow/dags/hook_dag.py
[2024-05-08T16:36:19.471-0300] {logging_mixin.py:188} INFO - [2024-05-08T16:36:19.471-0300] {dag.py:3096} INFO - Sync 1 DAGs
[2024-05-08T16:36:19.483-0300] {logging_mixin.py:188} INFO - [2024-05-08T16:36:19.483-0300] {dag.py:3954} INFO - Setting next_dagrun for Hook_dag to None, run_after=None
[2024-05-08T16:36:19.534-0300] {processor.py:183} INFO - Processing /mnt/c/Users/Tilto/Desktop/Work/Airflow/dags/hook_dag.py took 0.111 seconds
[2024-05-08T16:36:50.219-0300] {processor.py:161} INFO - Started process (PID=8303) to work on /mnt/c/Users/Tilto/Desktop/Work/Airflow/dags/hook_dag.py
[2024-05-08T16:36:50.220-0300] {processor.py:830} INFO - Processing file /mnt/c/Users/Tilto/Desktop/Work/Airflow/dags/hook_dag.py for tasks to queue
[2024-05-08T16:36:50.222-0300] {logging_mixin.py:188} INFO - [2024-05-08T16:36:50.222-0300] {dagbag.py:540} INFO - Filling up the DagBag from /mnt/c/Users/Tilto/Desktop/Work/Airflow/dags/hook_dag.py
[2024-05-08T16:36:50.239-0300] {processor.py:840} INFO - DAG(s) 'Hook_dag' retrieved from /mnt/c/Users/Tilto/Desktop/Work/Airflow/dags/hook_dag.py
[2024-05-08T16:36:50.263-0300] {logging_mixin.py:188} INFO - [2024-05-08T16:36:50.263-0300] {dag.py:3096} INFO - Sync 1 DAGs
[2024-05-08T16:36:50.274-0300] {logging_mixin.py:188} INFO - [2024-05-08T16:36:50.274-0300] {dag.py:3954} INFO - Setting next_dagrun for Hook_dag to None, run_after=None
[2024-05-08T16:36:50.327-0300] {processor.py:183} INFO - Processing /mnt/c/Users/Tilto/Desktop/Work/Airflow/dags/hook_dag.py took 0.113 seconds
[2024-05-08T16:37:21.399-0300] {processor.py:161} INFO - Started process (PID=8448) to work on /mnt/c/Users/Tilto/Desktop/Work/Airflow/dags/hook_dag.py
[2024-05-08T16:37:21.400-0300] {processor.py:830} INFO - Processing file /mnt/c/Users/Tilto/Desktop/Work/Airflow/dags/hook_dag.py for tasks to queue
[2024-05-08T16:37:21.402-0300] {logging_mixin.py:188} INFO - [2024-05-08T16:37:21.401-0300] {dagbag.py:540} INFO - Filling up the DagBag from /mnt/c/Users/Tilto/Desktop/Work/Airflow/dags/hook_dag.py
[2024-05-08T16:37:21.419-0300] {processor.py:840} INFO - DAG(s) 'Hook_dag' retrieved from /mnt/c/Users/Tilto/Desktop/Work/Airflow/dags/hook_dag.py
[2024-05-08T16:37:21.442-0300] {logging_mixin.py:188} INFO - [2024-05-08T16:37:21.441-0300] {dag.py:3096} INFO - Sync 1 DAGs
[2024-05-08T16:37:21.453-0300] {logging_mixin.py:188} INFO - [2024-05-08T16:37:21.453-0300] {dag.py:3954} INFO - Setting next_dagrun for Hook_dag to None, run_after=None
[2024-05-08T16:37:21.500-0300] {processor.py:183} INFO - Processing /mnt/c/Users/Tilto/Desktop/Work/Airflow/dags/hook_dag.py took 0.106 seconds
[2024-05-08T16:37:52.398-0300] {processor.py:161} INFO - Started process (PID=8592) to work on /mnt/c/Users/Tilto/Desktop/Work/Airflow/dags/hook_dag.py
[2024-05-08T16:37:52.399-0300] {processor.py:830} INFO - Processing file /mnt/c/Users/Tilto/Desktop/Work/Airflow/dags/hook_dag.py for tasks to queue
[2024-05-08T16:37:52.402-0300] {logging_mixin.py:188} INFO - [2024-05-08T16:37:52.401-0300] {dagbag.py:540} INFO - Filling up the DagBag from /mnt/c/Users/Tilto/Desktop/Work/Airflow/dags/hook_dag.py
[2024-05-08T16:37:52.420-0300] {processor.py:840} INFO - DAG(s) 'Hook_dag' retrieved from /mnt/c/Users/Tilto/Desktop/Work/Airflow/dags/hook_dag.py
[2024-05-08T16:37:52.443-0300] {logging_mixin.py:188} INFO - [2024-05-08T16:37:52.443-0300] {dag.py:3096} INFO - Sync 1 DAGs
[2024-05-08T16:37:52.456-0300] {logging_mixin.py:188} INFO - [2024-05-08T16:37:52.456-0300] {dag.py:3954} INFO - Setting next_dagrun for Hook_dag to None, run_after=None
[2024-05-08T16:37:52.519-0300] {processor.py:183} INFO - Processing /mnt/c/Users/Tilto/Desktop/Work/Airflow/dags/hook_dag.py took 0.125 seconds
[2024-05-08T16:38:23.412-0300] {processor.py:161} INFO - Started process (PID=8736) to work on /mnt/c/Users/Tilto/Desktop/Work/Airflow/dags/hook_dag.py
[2024-05-08T16:38:23.413-0300] {processor.py:830} INFO - Processing file /mnt/c/Users/Tilto/Desktop/Work/Airflow/dags/hook_dag.py for tasks to queue
[2024-05-08T16:38:23.415-0300] {logging_mixin.py:188} INFO - [2024-05-08T16:38:23.415-0300] {dagbag.py:540} INFO - Filling up the DagBag from /mnt/c/Users/Tilto/Desktop/Work/Airflow/dags/hook_dag.py
[2024-05-08T16:38:23.439-0300] {processor.py:840} INFO - DAG(s) 'Hook_dag' retrieved from /mnt/c/Users/Tilto/Desktop/Work/Airflow/dags/hook_dag.py
[2024-05-08T16:38:23.469-0300] {logging_mixin.py:188} INFO - [2024-05-08T16:38:23.468-0300] {dag.py:3096} INFO - Sync 1 DAGs
[2024-05-08T16:38:23.481-0300] {logging_mixin.py:188} INFO - [2024-05-08T16:38:23.481-0300] {dag.py:3954} INFO - Setting next_dagrun for Hook_dag to None, run_after=None
[2024-05-08T16:38:23.537-0300] {processor.py:183} INFO - Processing /mnt/c/Users/Tilto/Desktop/Work/Airflow/dags/hook_dag.py took 0.134 seconds
[2024-05-08T16:38:54.316-0300] {processor.py:161} INFO - Started process (PID=9050) to work on /mnt/c/Users/Tilto/Desktop/Work/Airflow/dags/hook_dag.py
[2024-05-08T16:38:54.317-0300] {processor.py:830} INFO - Processing file /mnt/c/Users/Tilto/Desktop/Work/Airflow/dags/hook_dag.py for tasks to queue
[2024-05-08T16:38:54.319-0300] {logging_mixin.py:188} INFO - [2024-05-08T16:38:54.319-0300] {dagbag.py:540} INFO - Filling up the DagBag from /mnt/c/Users/Tilto/Desktop/Work/Airflow/dags/hook_dag.py
[2024-05-08T16:38:54.343-0300] {processor.py:840} INFO - DAG(s) 'Hook_dag' retrieved from /mnt/c/Users/Tilto/Desktop/Work/Airflow/dags/hook_dag.py
[2024-05-08T16:38:54.376-0300] {logging_mixin.py:188} INFO - [2024-05-08T16:38:54.375-0300] {dag.py:3096} INFO - Sync 1 DAGs
[2024-05-08T16:38:54.392-0300] {logging_mixin.py:188} INFO - [2024-05-08T16:38:54.392-0300] {dag.py:3954} INFO - Setting next_dagrun for Hook_dag to None, run_after=None
[2024-05-08T16:38:54.466-0300] {processor.py:183} INFO - Processing /mnt/c/Users/Tilto/Desktop/Work/Airflow/dags/hook_dag.py took 0.157 seconds
[2024-05-08T16:39:25.191-0300] {processor.py:161} INFO - Started process (PID=9194) to work on /mnt/c/Users/Tilto/Desktop/Work/Airflow/dags/hook_dag.py
[2024-05-08T16:39:25.192-0300] {processor.py:830} INFO - Processing file /mnt/c/Users/Tilto/Desktop/Work/Airflow/dags/hook_dag.py for tasks to queue
[2024-05-08T16:39:25.194-0300] {logging_mixin.py:188} INFO - [2024-05-08T16:39:25.194-0300] {dagbag.py:540} INFO - Filling up the DagBag from /mnt/c/Users/Tilto/Desktop/Work/Airflow/dags/hook_dag.py
[2024-05-08T16:39:25.220-0300] {processor.py:840} INFO - DAG(s) 'Hook_dag' retrieved from /mnt/c/Users/Tilto/Desktop/Work/Airflow/dags/hook_dag.py
[2024-05-08T16:39:25.252-0300] {logging_mixin.py:188} INFO - [2024-05-08T16:39:25.251-0300] {dag.py:3096} INFO - Sync 1 DAGs
[2024-05-08T16:39:25.268-0300] {logging_mixin.py:188} INFO - [2024-05-08T16:39:25.268-0300] {dag.py:3954} INFO - Setting next_dagrun for Hook_dag to None, run_after=None
[2024-05-08T16:39:25.338-0300] {processor.py:183} INFO - Processing /mnt/c/Users/Tilto/Desktop/Work/Airflow/dags/hook_dag.py took 0.152 seconds
[2024-05-08T17:55:51.232-0300] {processor.py:161} INFO - Started process (PID=27327) to work on /mnt/c/Users/Tilto/Desktop/Work/Airflow/dags/hook_dag.py
[2024-05-08T17:55:51.233-0300] {processor.py:830} INFO - Processing file /mnt/c/Users/Tilto/Desktop/Work/Airflow/dags/hook_dag.py for tasks to queue
[2024-05-08T17:55:51.234-0300] {logging_mixin.py:188} INFO - [2024-05-08T17:55:51.234-0300] {dagbag.py:540} INFO - Filling up the DagBag from /mnt/c/Users/Tilto/Desktop/Work/Airflow/dags/hook_dag.py
[2024-05-08T17:55:51.256-0300] {processor.py:840} INFO - DAG(s) 'Hook_dag' retrieved from /mnt/c/Users/Tilto/Desktop/Work/Airflow/dags/hook_dag.py
[2024-05-08T17:55:51.271-0300] {logging_mixin.py:188} INFO - [2024-05-08T17:55:51.270-0300] {dag.py:3096} INFO - Sync 1 DAGs
[2024-05-08T17:55:51.284-0300] {logging_mixin.py:188} INFO - [2024-05-08T17:55:51.284-0300] {dag.py:3954} INFO - Setting next_dagrun for Hook_dag to None, run_after=None
[2024-05-08T17:55:51.348-0300] {processor.py:183} INFO - Processing /mnt/c/Users/Tilto/Desktop/Work/Airflow/dags/hook_dag.py took 0.121 seconds
