[2024-05-07T23:42:19.492-0300] {processor.py:161} INFO - Started process (PID=2867) to work on /mnt/c/Users/Tilto/Desktop/Work/Airflow/dags/Operator_dag.py
[2024-05-07T23:42:19.493-0300] {processor.py:830} INFO - Processing file /mnt/c/Users/Tilto/Desktop/Work/Airflow/dags/Operator_dag.py for tasks to queue
[2024-05-07T23:42:19.495-0300] {logging_mixin.py:188} INFO - [2024-05-07T23:42:19.495-0300] {dagbag.py:540} INFO - Filling up the DagBag from /mnt/c/Users/Tilto/Desktop/Work/Airflow/dags/Operator_dag.py
[2024-05-07T23:42:19.518-0300] {processor.py:840} INFO - DAG(s) 'Operator_dag' retrieved from /mnt/c/Users/Tilto/Desktop/Work/Airflow/dags/Operator_dag.py
[2024-05-07T23:42:19.531-0300] {logging_mixin.py:188} INFO - [2024-05-07T23:42:19.530-0300] {dag.py:3096} INFO - Sync 1 DAGs
[2024-05-07T23:42:19.543-0300] {logging_mixin.py:188} INFO - [2024-05-07T23:42:19.543-0300] {dag.py:3954} INFO - Setting next_dagrun for Operator_dag to None, run_after=None
[2024-05-07T23:42:19.603-0300] {processor.py:183} INFO - Processing /mnt/c/Users/Tilto/Desktop/Work/Airflow/dags/Operator_dag.py took 0.119 seconds
[2024-05-07T23:42:50.280-0300] {processor.py:161} INFO - Started process (PID=3101) to work on /mnt/c/Users/Tilto/Desktop/Work/Airflow/dags/Operator_dag.py
[2024-05-07T23:42:50.281-0300] {processor.py:830} INFO - Processing file /mnt/c/Users/Tilto/Desktop/Work/Airflow/dags/Operator_dag.py for tasks to queue
[2024-05-07T23:42:50.282-0300] {logging_mixin.py:188} INFO - [2024-05-07T23:42:50.282-0300] {dagbag.py:540} INFO - Filling up the DagBag from /mnt/c/Users/Tilto/Desktop/Work/Airflow/dags/Operator_dag.py
[2024-05-07T23:42:50.299-0300] {processor.py:840} INFO - DAG(s) 'Operator_dag' retrieved from /mnt/c/Users/Tilto/Desktop/Work/Airflow/dags/Operator_dag.py
[2024-05-07T23:42:50.395-0300] {logging_mixin.py:188} INFO - [2024-05-07T23:42:50.395-0300] {dag.py:3096} INFO - Sync 1 DAGs
[2024-05-07T23:42:50.406-0300] {logging_mixin.py:188} INFO - [2024-05-07T23:42:50.405-0300] {dag.py:3954} INFO - Setting next_dagrun for Operator_dag to None, run_after=None
[2024-05-07T23:42:50.457-0300] {processor.py:183} INFO - Processing /mnt/c/Users/Tilto/Desktop/Work/Airflow/dags/Operator_dag.py took 0.182 seconds
[2024-05-07T23:43:21.613-0300] {processor.py:161} INFO - Started process (PID=3256) to work on /mnt/c/Users/Tilto/Desktop/Work/Airflow/dags/Operator_dag.py
[2024-05-07T23:43:21.614-0300] {processor.py:830} INFO - Processing file /mnt/c/Users/Tilto/Desktop/Work/Airflow/dags/Operator_dag.py for tasks to queue
[2024-05-07T23:43:21.615-0300] {logging_mixin.py:188} INFO - [2024-05-07T23:43:21.615-0300] {dagbag.py:540} INFO - Filling up the DagBag from /mnt/c/Users/Tilto/Desktop/Work/Airflow/dags/Operator_dag.py
[2024-05-07T23:43:21.632-0300] {processor.py:840} INFO - DAG(s) 'Operator_dag' retrieved from /mnt/c/Users/Tilto/Desktop/Work/Airflow/dags/Operator_dag.py
[2024-05-07T23:43:21.656-0300] {logging_mixin.py:188} INFO - [2024-05-07T23:43:21.656-0300] {dag.py:3096} INFO - Sync 1 DAGs
[2024-05-07T23:43:21.668-0300] {logging_mixin.py:188} INFO - [2024-05-07T23:43:21.667-0300] {dag.py:3954} INFO - Setting next_dagrun for Operator_dag to None, run_after=None
[2024-05-07T23:43:21.718-0300] {processor.py:183} INFO - Processing /mnt/c/Users/Tilto/Desktop/Work/Airflow/dags/Operator_dag.py took 0.109 seconds
[2024-05-07T23:43:53.077-0300] {processor.py:161} INFO - Started process (PID=3408) to work on /mnt/c/Users/Tilto/Desktop/Work/Airflow/dags/Operator_dag.py
[2024-05-07T23:43:53.080-0300] {processor.py:830} INFO - Processing file /mnt/c/Users/Tilto/Desktop/Work/Airflow/dags/Operator_dag.py for tasks to queue
[2024-05-07T23:43:53.083-0300] {logging_mixin.py:188} INFO - [2024-05-07T23:43:53.083-0300] {dagbag.py:540} INFO - Filling up the DagBag from /mnt/c/Users/Tilto/Desktop/Work/Airflow/dags/Operator_dag.py
[2024-05-07T23:43:53.133-0300] {processor.py:840} INFO - DAG(s) 'Operator_dag' retrieved from /mnt/c/Users/Tilto/Desktop/Work/Airflow/dags/Operator_dag.py
[2024-05-07T23:43:53.559-0300] {logging_mixin.py:188} INFO - [2024-05-07T23:43:53.558-0300] {dag.py:3096} INFO - Sync 1 DAGs
[2024-05-07T23:43:53.583-0300] {logging_mixin.py:188} INFO - [2024-05-07T23:43:53.583-0300] {dag.py:3954} INFO - Setting next_dagrun for Operator_dag to None, run_after=None
[2024-05-07T23:43:53.777-0300] {processor.py:183} INFO - Processing /mnt/c/Users/Tilto/Desktop/Work/Airflow/dags/Operator_dag.py took 0.713 seconds
[2024-05-07T23:44:24.198-0300] {processor.py:161} INFO - Started process (PID=3564) to work on /mnt/c/Users/Tilto/Desktop/Work/Airflow/dags/Operator_dag.py
[2024-05-07T23:44:24.199-0300] {processor.py:830} INFO - Processing file /mnt/c/Users/Tilto/Desktop/Work/Airflow/dags/Operator_dag.py for tasks to queue
[2024-05-07T23:44:24.201-0300] {logging_mixin.py:188} INFO - [2024-05-07T23:44:24.200-0300] {dagbag.py:540} INFO - Filling up the DagBag from /mnt/c/Users/Tilto/Desktop/Work/Airflow/dags/Operator_dag.py
[2024-05-07T23:44:24.225-0300] {processor.py:840} INFO - DAG(s) 'Operator_dag' retrieved from /mnt/c/Users/Tilto/Desktop/Work/Airflow/dags/Operator_dag.py
[2024-05-07T23:44:24.253-0300] {logging_mixin.py:188} INFO - [2024-05-07T23:44:24.253-0300] {dag.py:3096} INFO - Sync 1 DAGs
[2024-05-07T23:44:24.267-0300] {logging_mixin.py:188} INFO - [2024-05-07T23:44:24.267-0300] {dag.py:3954} INFO - Setting next_dagrun for Operator_dag to None, run_after=None
[2024-05-07T23:44:24.332-0300] {processor.py:183} INFO - Processing /mnt/c/Users/Tilto/Desktop/Work/Airflow/dags/Operator_dag.py took 0.139 seconds
[2024-05-07T23:44:54.623-0300] {processor.py:161} INFO - Started process (PID=3710) to work on /mnt/c/Users/Tilto/Desktop/Work/Airflow/dags/Operator_dag.py
[2024-05-07T23:44:54.624-0300] {processor.py:830} INFO - Processing file /mnt/c/Users/Tilto/Desktop/Work/Airflow/dags/Operator_dag.py for tasks to queue
[2024-05-07T23:44:54.625-0300] {logging_mixin.py:188} INFO - [2024-05-07T23:44:54.625-0300] {dagbag.py:540} INFO - Filling up the DagBag from /mnt/c/Users/Tilto/Desktop/Work/Airflow/dags/Operator_dag.py
[2024-05-07T23:44:54.647-0300] {processor.py:840} INFO - DAG(s) 'Operator_dag' retrieved from /mnt/c/Users/Tilto/Desktop/Work/Airflow/dags/Operator_dag.py
[2024-05-07T23:44:54.675-0300] {logging_mixin.py:188} INFO - [2024-05-07T23:44:54.674-0300] {dag.py:3096} INFO - Sync 1 DAGs
[2024-05-07T23:44:54.688-0300] {logging_mixin.py:188} INFO - [2024-05-07T23:44:54.688-0300] {dag.py:3954} INFO - Setting next_dagrun for Operator_dag to None, run_after=None
[2024-05-07T23:44:54.756-0300] {processor.py:183} INFO - Processing /mnt/c/Users/Tilto/Desktop/Work/Airflow/dags/Operator_dag.py took 0.138 seconds
[2024-05-07T23:45:25.189-0300] {processor.py:161} INFO - Started process (PID=3869) to work on /mnt/c/Users/Tilto/Desktop/Work/Airflow/dags/Operator_dag.py
[2024-05-07T23:45:25.190-0300] {processor.py:830} INFO - Processing file /mnt/c/Users/Tilto/Desktop/Work/Airflow/dags/Operator_dag.py for tasks to queue
[2024-05-07T23:45:25.191-0300] {logging_mixin.py:188} INFO - [2024-05-07T23:45:25.191-0300] {dagbag.py:540} INFO - Filling up the DagBag from /mnt/c/Users/Tilto/Desktop/Work/Airflow/dags/Operator_dag.py
[2024-05-07T23:45:25.212-0300] {processor.py:840} INFO - DAG(s) 'Operator_dag' retrieved from /mnt/c/Users/Tilto/Desktop/Work/Airflow/dags/Operator_dag.py
[2024-05-07T23:45:25.239-0300] {logging_mixin.py:188} INFO - [2024-05-07T23:45:25.239-0300] {dag.py:3096} INFO - Sync 1 DAGs
[2024-05-07T23:45:25.252-0300] {logging_mixin.py:188} INFO - [2024-05-07T23:45:25.251-0300] {dag.py:3954} INFO - Setting next_dagrun for Operator_dag to None, run_after=None
[2024-05-07T23:45:25.312-0300] {processor.py:183} INFO - Processing /mnt/c/Users/Tilto/Desktop/Work/Airflow/dags/Operator_dag.py took 0.128 seconds
[2024-05-07T23:45:55.594-0300] {processor.py:161} INFO - Started process (PID=4012) to work on /mnt/c/Users/Tilto/Desktop/Work/Airflow/dags/Operator_dag.py
[2024-05-07T23:45:55.595-0300] {processor.py:830} INFO - Processing file /mnt/c/Users/Tilto/Desktop/Work/Airflow/dags/Operator_dag.py for tasks to queue
[2024-05-07T23:45:55.596-0300] {logging_mixin.py:188} INFO - [2024-05-07T23:45:55.596-0300] {dagbag.py:540} INFO - Filling up the DagBag from /mnt/c/Users/Tilto/Desktop/Work/Airflow/dags/Operator_dag.py
[2024-05-07T23:45:55.615-0300] {processor.py:840} INFO - DAG(s) 'Operator_dag' retrieved from /mnt/c/Users/Tilto/Desktop/Work/Airflow/dags/Operator_dag.py
[2024-05-07T23:45:55.641-0300] {logging_mixin.py:188} INFO - [2024-05-07T23:45:55.640-0300] {dag.py:3096} INFO - Sync 1 DAGs
[2024-05-07T23:45:55.653-0300] {logging_mixin.py:188} INFO - [2024-05-07T23:45:55.653-0300] {dag.py:3954} INFO - Setting next_dagrun for Operator_dag to None, run_after=None
[2024-05-07T23:45:55.715-0300] {processor.py:183} INFO - Processing /mnt/c/Users/Tilto/Desktop/Work/Airflow/dags/Operator_dag.py took 0.126 seconds
[2024-05-07T23:46:27.320-0300] {processor.py:161} INFO - Started process (PID=4156) to work on /mnt/c/Users/Tilto/Desktop/Work/Airflow/dags/Operator_dag.py
[2024-05-07T23:46:27.321-0300] {processor.py:830} INFO - Processing file /mnt/c/Users/Tilto/Desktop/Work/Airflow/dags/Operator_dag.py for tasks to queue
[2024-05-07T23:46:27.322-0300] {logging_mixin.py:188} INFO - [2024-05-07T23:46:27.322-0300] {dagbag.py:540} INFO - Filling up the DagBag from /mnt/c/Users/Tilto/Desktop/Work/Airflow/dags/Operator_dag.py
[2024-05-07T23:46:27.349-0300] {processor.py:840} INFO - DAG(s) 'Operator_dag' retrieved from /mnt/c/Users/Tilto/Desktop/Work/Airflow/dags/Operator_dag.py
[2024-05-07T23:46:27.381-0300] {logging_mixin.py:188} INFO - [2024-05-07T23:46:27.381-0300] {dag.py:3096} INFO - Sync 1 DAGs
[2024-05-07T23:46:27.398-0300] {logging_mixin.py:188} INFO - [2024-05-07T23:46:27.397-0300] {dag.py:3954} INFO - Setting next_dagrun for Operator_dag to None, run_after=None
[2024-05-07T23:46:27.523-0300] {processor.py:183} INFO - Processing /mnt/c/Users/Tilto/Desktop/Work/Airflow/dags/Operator_dag.py took 0.208 seconds
[2024-05-07T23:46:57.849-0300] {processor.py:161} INFO - Started process (PID=4302) to work on /mnt/c/Users/Tilto/Desktop/Work/Airflow/dags/Operator_dag.py
[2024-05-07T23:46:57.850-0300] {processor.py:830} INFO - Processing file /mnt/c/Users/Tilto/Desktop/Work/Airflow/dags/Operator_dag.py for tasks to queue
[2024-05-07T23:46:57.851-0300] {logging_mixin.py:188} INFO - [2024-05-07T23:46:57.851-0300] {dagbag.py:540} INFO - Filling up the DagBag from /mnt/c/Users/Tilto/Desktop/Work/Airflow/dags/Operator_dag.py
[2024-05-07T23:46:57.870-0300] {processor.py:840} INFO - DAG(s) 'Operator_dag' retrieved from /mnt/c/Users/Tilto/Desktop/Work/Airflow/dags/Operator_dag.py
[2024-05-07T23:46:57.900-0300] {logging_mixin.py:188} INFO - [2024-05-07T23:46:57.900-0300] {dag.py:3096} INFO - Sync 1 DAGs
[2024-05-07T23:46:57.915-0300] {logging_mixin.py:188} INFO - [2024-05-07T23:46:57.915-0300] {dag.py:3954} INFO - Setting next_dagrun for Operator_dag to None, run_after=None
[2024-05-07T23:46:57.990-0300] {processor.py:183} INFO - Processing /mnt/c/Users/Tilto/Desktop/Work/Airflow/dags/Operator_dag.py took 0.146 seconds
[2024-05-07T23:47:28.150-0300] {processor.py:161} INFO - Started process (PID=4454) to work on /mnt/c/Users/Tilto/Desktop/Work/Airflow/dags/Operator_dag.py
[2024-05-07T23:47:28.152-0300] {processor.py:830} INFO - Processing file /mnt/c/Users/Tilto/Desktop/Work/Airflow/dags/Operator_dag.py for tasks to queue
[2024-05-07T23:47:28.153-0300] {logging_mixin.py:188} INFO - [2024-05-07T23:47:28.153-0300] {dagbag.py:540} INFO - Filling up the DagBag from /mnt/c/Users/Tilto/Desktop/Work/Airflow/dags/Operator_dag.py
[2024-05-07T23:47:28.176-0300] {processor.py:840} INFO - DAG(s) 'Operator_dag' retrieved from /mnt/c/Users/Tilto/Desktop/Work/Airflow/dags/Operator_dag.py
[2024-05-07T23:47:28.213-0300] {logging_mixin.py:188} INFO - [2024-05-07T23:47:28.213-0300] {dag.py:3096} INFO - Sync 1 DAGs
[2024-05-07T23:47:28.233-0300] {logging_mixin.py:188} INFO - [2024-05-07T23:47:28.232-0300] {dag.py:3954} INFO - Setting next_dagrun for Operator_dag to None, run_after=None
[2024-05-07T23:47:28.310-0300] {processor.py:183} INFO - Processing /mnt/c/Users/Tilto/Desktop/Work/Airflow/dags/Operator_dag.py took 0.164 seconds
[2024-05-07T23:47:58.771-0300] {processor.py:161} INFO - Started process (PID=4595) to work on /mnt/c/Users/Tilto/Desktop/Work/Airflow/dags/Operator_dag.py
[2024-05-07T23:47:58.772-0300] {processor.py:830} INFO - Processing file /mnt/c/Users/Tilto/Desktop/Work/Airflow/dags/Operator_dag.py for tasks to queue
[2024-05-07T23:47:58.773-0300] {logging_mixin.py:188} INFO - [2024-05-07T23:47:58.773-0300] {dagbag.py:540} INFO - Filling up the DagBag from /mnt/c/Users/Tilto/Desktop/Work/Airflow/dags/Operator_dag.py
[2024-05-07T23:47:58.791-0300] {processor.py:840} INFO - DAG(s) 'Operator_dag' retrieved from /mnt/c/Users/Tilto/Desktop/Work/Airflow/dags/Operator_dag.py
[2024-05-07T23:47:58.816-0300] {logging_mixin.py:188} INFO - [2024-05-07T23:47:58.816-0300] {dag.py:3096} INFO - Sync 1 DAGs
[2024-05-07T23:47:58.845-0300] {logging_mixin.py:188} INFO - [2024-05-07T23:47:58.845-0300] {dag.py:3954} INFO - Setting next_dagrun for Operator_dag to None, run_after=None
[2024-05-07T23:47:58.949-0300] {processor.py:183} INFO - Processing /mnt/c/Users/Tilto/Desktop/Work/Airflow/dags/Operator_dag.py took 0.183 seconds
[2024-05-07T23:48:37.653-0300] {processor.py:161} INFO - Started process (PID=4808) to work on /mnt/c/Users/Tilto/Desktop/Work/Airflow/dags/Operator_dag.py
[2024-05-07T23:48:37.654-0300] {processor.py:830} INFO - Processing file /mnt/c/Users/Tilto/Desktop/Work/Airflow/dags/Operator_dag.py for tasks to queue
[2024-05-07T23:48:37.656-0300] {logging_mixin.py:188} INFO - [2024-05-07T23:48:37.655-0300] {dagbag.py:540} INFO - Filling up the DagBag from /mnt/c/Users/Tilto/Desktop/Work/Airflow/dags/Operator_dag.py
[2024-05-07T23:48:37.679-0300] {processor.py:840} INFO - DAG(s) 'Operator_dag' retrieved from /mnt/c/Users/Tilto/Desktop/Work/Airflow/dags/Operator_dag.py
[2024-05-07T23:48:37.692-0300] {logging_mixin.py:188} INFO - [2024-05-07T23:48:37.692-0300] {dag.py:3096} INFO - Sync 1 DAGs
[2024-05-07T23:48:37.705-0300] {logging_mixin.py:188} INFO - [2024-05-07T23:48:37.705-0300] {dag.py:3954} INFO - Setting next_dagrun for Operator_dag to None, run_after=None
[2024-05-07T23:48:37.787-0300] {processor.py:183} INFO - Processing /mnt/c/Users/Tilto/Desktop/Work/Airflow/dags/Operator_dag.py took 0.138 seconds
[2024-05-07T23:49:09.977-0300] {processor.py:161} INFO - Started process (PID=4967) to work on /mnt/c/Users/Tilto/Desktop/Work/Airflow/dags/Operator_dag.py
[2024-05-07T23:49:09.978-0300] {processor.py:830} INFO - Processing file /mnt/c/Users/Tilto/Desktop/Work/Airflow/dags/Operator_dag.py for tasks to queue
[2024-05-07T23:49:09.979-0300] {logging_mixin.py:188} INFO - [2024-05-07T23:49:09.979-0300] {dagbag.py:540} INFO - Filling up the DagBag from /mnt/c/Users/Tilto/Desktop/Work/Airflow/dags/Operator_dag.py
[2024-05-07T23:49:09.999-0300] {processor.py:840} INFO - DAG(s) 'Operator_dag' retrieved from /mnt/c/Users/Tilto/Desktop/Work/Airflow/dags/Operator_dag.py
[2024-05-07T23:49:10.097-0300] {logging_mixin.py:188} INFO - [2024-05-07T23:49:10.097-0300] {dag.py:3096} INFO - Sync 1 DAGs
[2024-05-07T23:49:10.107-0300] {logging_mixin.py:188} INFO - [2024-05-07T23:49:10.107-0300] {dag.py:3954} INFO - Setting next_dagrun for Operator_dag to None, run_after=None
[2024-05-07T23:49:10.164-0300] {processor.py:183} INFO - Processing /mnt/c/Users/Tilto/Desktop/Work/Airflow/dags/Operator_dag.py took 0.190 seconds
[2024-05-07T23:49:41.381-0300] {processor.py:161} INFO - Started process (PID=5118) to work on /mnt/c/Users/Tilto/Desktop/Work/Airflow/dags/Operator_dag.py
[2024-05-07T23:49:41.494-0300] {processor.py:830} INFO - Processing file /mnt/c/Users/Tilto/Desktop/Work/Airflow/dags/Operator_dag.py for tasks to queue
[2024-05-07T23:49:41.496-0300] {logging_mixin.py:188} INFO - [2024-05-07T23:49:41.496-0300] {dagbag.py:540} INFO - Filling up the DagBag from /mnt/c/Users/Tilto/Desktop/Work/Airflow/dags/Operator_dag.py
[2024-05-07T23:49:41.522-0300] {processor.py:840} INFO - DAG(s) 'Operator_dag' retrieved from /mnt/c/Users/Tilto/Desktop/Work/Airflow/dags/Operator_dag.py
[2024-05-07T23:49:41.557-0300] {logging_mixin.py:188} INFO - [2024-05-07T23:49:41.556-0300] {dag.py:3096} INFO - Sync 1 DAGs
[2024-05-07T23:49:41.575-0300] {logging_mixin.py:188} INFO - [2024-05-07T23:49:41.574-0300] {dag.py:3954} INFO - Setting next_dagrun for Operator_dag to None, run_after=None
[2024-05-07T23:49:41.665-0300] {processor.py:183} INFO - Processing /mnt/c/Users/Tilto/Desktop/Work/Airflow/dags/Operator_dag.py took 0.289 seconds
[2024-05-07T23:51:39.384-0300] {processor.py:161} INFO - Started process (PID=5723) to work on /mnt/c/Users/Tilto/Desktop/Work/Airflow/dags/Operator_dag.py
[2024-05-07T23:51:39.385-0300] {processor.py:830} INFO - Processing file /mnt/c/Users/Tilto/Desktop/Work/Airflow/dags/Operator_dag.py for tasks to queue
[2024-05-07T23:51:39.387-0300] {logging_mixin.py:188} INFO - [2024-05-07T23:51:39.387-0300] {dagbag.py:540} INFO - Filling up the DagBag from /mnt/c/Users/Tilto/Desktop/Work/Airflow/dags/Operator_dag.py
[2024-05-07T23:51:39.413-0300] {processor.py:840} INFO - DAG(s) 'Operator_dag' retrieved from /mnt/c/Users/Tilto/Desktop/Work/Airflow/dags/Operator_dag.py
[2024-05-07T23:51:39.437-0300] {logging_mixin.py:188} INFO - [2024-05-07T23:51:39.437-0300] {dag.py:3096} INFO - Sync 1 DAGs
[2024-05-07T23:51:39.464-0300] {logging_mixin.py:188} INFO - [2024-05-07T23:51:39.463-0300] {dag.py:3954} INFO - Setting next_dagrun for Operator_dag to None, run_after=None
[2024-05-07T23:51:39.668-0300] {processor.py:183} INFO - Processing /mnt/c/Users/Tilto/Desktop/Work/Airflow/dags/Operator_dag.py took 0.290 seconds
[2024-05-07T23:57:37.958-0300] {processor.py:161} INFO - Started process (PID=7408) to work on /mnt/c/Users/Tilto/Desktop/Work/Airflow/dags/Operator_dag.py
[2024-05-07T23:57:37.959-0300] {processor.py:830} INFO - Processing file /mnt/c/Users/Tilto/Desktop/Work/Airflow/dags/Operator_dag.py for tasks to queue
[2024-05-07T23:57:37.960-0300] {logging_mixin.py:188} INFO - [2024-05-07T23:57:37.960-0300] {dagbag.py:540} INFO - Filling up the DagBag from /mnt/c/Users/Tilto/Desktop/Work/Airflow/dags/Operator_dag.py
[2024-05-07T23:57:37.980-0300] {processor.py:840} INFO - DAG(s) 'Operator_dag' retrieved from /mnt/c/Users/Tilto/Desktop/Work/Airflow/dags/Operator_dag.py
[2024-05-07T23:57:38.152-0300] {logging_mixin.py:188} INFO - [2024-05-07T23:57:38.152-0300] {dag.py:3096} INFO - Sync 1 DAGs
[2024-05-07T23:57:38.164-0300] {logging_mixin.py:188} INFO - [2024-05-07T23:57:38.164-0300] {dag.py:3954} INFO - Setting next_dagrun for Operator_dag to None, run_after=None
[2024-05-07T23:57:38.234-0300] {processor.py:183} INFO - Processing /mnt/c/Users/Tilto/Desktop/Work/Airflow/dags/Operator_dag.py took 0.291 seconds
[2024-05-07T23:58:08.902-0300] {processor.py:161} INFO - Started process (PID=7549) to work on /mnt/c/Users/Tilto/Desktop/Work/Airflow/dags/Operator_dag.py
[2024-05-07T23:58:08.903-0300] {processor.py:830} INFO - Processing file /mnt/c/Users/Tilto/Desktop/Work/Airflow/dags/Operator_dag.py for tasks to queue
[2024-05-07T23:58:08.904-0300] {logging_mixin.py:188} INFO - [2024-05-07T23:58:08.904-0300] {dagbag.py:540} INFO - Filling up the DagBag from /mnt/c/Users/Tilto/Desktop/Work/Airflow/dags/Operator_dag.py
[2024-05-07T23:58:08.923-0300] {processor.py:840} INFO - DAG(s) 'Operator_dag' retrieved from /mnt/c/Users/Tilto/Desktop/Work/Airflow/dags/Operator_dag.py
[2024-05-07T23:58:08.949-0300] {logging_mixin.py:188} INFO - [2024-05-07T23:58:08.948-0300] {dag.py:3096} INFO - Sync 1 DAGs
[2024-05-07T23:58:08.961-0300] {logging_mixin.py:188} INFO - [2024-05-07T23:58:08.961-0300] {dag.py:3954} INFO - Setting next_dagrun for Operator_dag to None, run_after=None
[2024-05-07T23:58:09.025-0300] {processor.py:183} INFO - Processing /mnt/c/Users/Tilto/Desktop/Work/Airflow/dags/Operator_dag.py took 0.128 seconds
[2024-05-07T23:58:39.830-0300] {processor.py:161} INFO - Started process (PID=7691) to work on /mnt/c/Users/Tilto/Desktop/Work/Airflow/dags/Operator_dag.py
[2024-05-07T23:58:39.831-0300] {processor.py:830} INFO - Processing file /mnt/c/Users/Tilto/Desktop/Work/Airflow/dags/Operator_dag.py for tasks to queue
[2024-05-07T23:58:39.832-0300] {logging_mixin.py:188} INFO - [2024-05-07T23:58:39.832-0300] {dagbag.py:540} INFO - Filling up the DagBag from /mnt/c/Users/Tilto/Desktop/Work/Airflow/dags/Operator_dag.py
[2024-05-07T23:58:39.850-0300] {processor.py:840} INFO - DAG(s) 'Operator_dag' retrieved from /mnt/c/Users/Tilto/Desktop/Work/Airflow/dags/Operator_dag.py
[2024-05-07T23:58:39.876-0300] {logging_mixin.py:188} INFO - [2024-05-07T23:58:39.875-0300] {dag.py:3096} INFO - Sync 1 DAGs
[2024-05-07T23:58:39.889-0300] {logging_mixin.py:188} INFO - [2024-05-07T23:58:39.888-0300] {dag.py:3954} INFO - Setting next_dagrun for Operator_dag to None, run_after=None
[2024-05-07T23:58:39.946-0300] {processor.py:183} INFO - Processing /mnt/c/Users/Tilto/Desktop/Work/Airflow/dags/Operator_dag.py took 0.121 seconds
[2024-05-07T23:59:32.880-0300] {processor.py:161} INFO - Started process (PID=7983) to work on /mnt/c/Users/Tilto/Desktop/Work/Airflow/dags/Operator_dag.py
[2024-05-07T23:59:32.881-0300] {processor.py:830} INFO - Processing file /mnt/c/Users/Tilto/Desktop/Work/Airflow/dags/Operator_dag.py for tasks to queue
[2024-05-07T23:59:32.882-0300] {logging_mixin.py:188} INFO - [2024-05-07T23:59:32.882-0300] {dagbag.py:540} INFO - Filling up the DagBag from /mnt/c/Users/Tilto/Desktop/Work/Airflow/dags/Operator_dag.py
[2024-05-07T23:59:32.904-0300] {processor.py:840} INFO - DAG(s) 'Operator_dag' retrieved from /mnt/c/Users/Tilto/Desktop/Work/Airflow/dags/Operator_dag.py
[2024-05-07T23:59:32.918-0300] {logging_mixin.py:188} INFO - [2024-05-07T23:59:32.917-0300] {dag.py:3096} INFO - Sync 1 DAGs
[2024-05-07T23:59:32.931-0300] {logging_mixin.py:188} INFO - [2024-05-07T23:59:32.931-0300] {dag.py:3954} INFO - Setting next_dagrun for Operator_dag to None, run_after=None
[2024-05-07T23:59:32.996-0300] {processor.py:183} INFO - Processing /mnt/c/Users/Tilto/Desktop/Work/Airflow/dags/Operator_dag.py took 0.121 seconds
[2024-05-08T00:00:03.994-0300] {processor.py:161} INFO - Started process (PID=8136) to work on /mnt/c/Users/Tilto/Desktop/Work/Airflow/dags/Operator_dag.py
[2024-05-08T00:00:03.995-0300] {processor.py:830} INFO - Processing file /mnt/c/Users/Tilto/Desktop/Work/Airflow/dags/Operator_dag.py for tasks to queue
[2024-05-08T00:00:03.997-0300] {logging_mixin.py:188} INFO - [2024-05-08T00:00:03.997-0300] {dagbag.py:540} INFO - Filling up the DagBag from /mnt/c/Users/Tilto/Desktop/Work/Airflow/dags/Operator_dag.py
[2024-05-08T00:00:04.017-0300] {processor.py:840} INFO - DAG(s) 'Operator_dag' retrieved from /mnt/c/Users/Tilto/Desktop/Work/Airflow/dags/Operator_dag.py
[2024-05-08T00:00:04.124-0300] {logging_mixin.py:188} INFO - [2024-05-08T00:00:04.124-0300] {dag.py:3096} INFO - Sync 1 DAGs
[2024-05-08T00:00:04.135-0300] {logging_mixin.py:188} INFO - [2024-05-08T00:00:04.135-0300] {dag.py:3954} INFO - Setting next_dagrun for Operator_dag to None, run_after=None
[2024-05-08T00:00:04.275-0300] {processor.py:183} INFO - Processing /mnt/c/Users/Tilto/Desktop/Work/Airflow/dags/Operator_dag.py took 0.285 seconds
[2024-05-08T00:00:44.803-0300] {processor.py:161} INFO - Started process (PID=8358) to work on /mnt/c/Users/Tilto/Desktop/Work/Airflow/dags/Operator_dag.py
[2024-05-08T00:00:44.804-0300] {processor.py:830} INFO - Processing file /mnt/c/Users/Tilto/Desktop/Work/Airflow/dags/Operator_dag.py for tasks to queue
[2024-05-08T00:00:44.805-0300] {logging_mixin.py:188} INFO - [2024-05-08T00:00:44.805-0300] {dagbag.py:540} INFO - Filling up the DagBag from /mnt/c/Users/Tilto/Desktop/Work/Airflow/dags/Operator_dag.py
[2024-05-08T00:00:44.833-0300] {processor.py:840} INFO - DAG(s) 'Operator_dag' retrieved from /mnt/c/Users/Tilto/Desktop/Work/Airflow/dags/Operator_dag.py
[2024-05-08T00:00:44.848-0300] {logging_mixin.py:188} INFO - [2024-05-08T00:00:44.847-0300] {dag.py:3096} INFO - Sync 1 DAGs
[2024-05-08T00:00:44.863-0300] {logging_mixin.py:188} INFO - [2024-05-08T00:00:44.863-0300] {dag.py:3954} INFO - Setting next_dagrun for Operator_dag to None, run_after=None
[2024-05-08T00:00:44.991-0300] {processor.py:183} INFO - Processing /mnt/c/Users/Tilto/Desktop/Work/Airflow/dags/Operator_dag.py took 0.193 seconds
[2024-05-08T00:01:16.037-0300] {processor.py:161} INFO - Started process (PID=8508) to work on /mnt/c/Users/Tilto/Desktop/Work/Airflow/dags/Operator_dag.py
[2024-05-08T00:01:16.038-0300] {processor.py:830} INFO - Processing file /mnt/c/Users/Tilto/Desktop/Work/Airflow/dags/Operator_dag.py for tasks to queue
[2024-05-08T00:01:16.039-0300] {logging_mixin.py:188} INFO - [2024-05-08T00:01:16.039-0300] {dagbag.py:540} INFO - Filling up the DagBag from /mnt/c/Users/Tilto/Desktop/Work/Airflow/dags/Operator_dag.py
[2024-05-08T00:01:16.060-0300] {processor.py:840} INFO - DAG(s) 'Operator_dag' retrieved from /mnt/c/Users/Tilto/Desktop/Work/Airflow/dags/Operator_dag.py
[2024-05-08T00:01:16.164-0300] {logging_mixin.py:188} INFO - [2024-05-08T00:01:16.164-0300] {dag.py:3096} INFO - Sync 1 DAGs
[2024-05-08T00:01:16.176-0300] {logging_mixin.py:188} INFO - [2024-05-08T00:01:16.175-0300] {dag.py:3954} INFO - Setting next_dagrun for Operator_dag to None, run_after=None
[2024-05-08T00:01:16.237-0300] {processor.py:183} INFO - Processing /mnt/c/Users/Tilto/Desktop/Work/Airflow/dags/Operator_dag.py took 0.204 seconds
[2024-05-08T00:01:47.584-0300] {processor.py:161} INFO - Started process (PID=8652) to work on /mnt/c/Users/Tilto/Desktop/Work/Airflow/dags/Operator_dag.py
[2024-05-08T00:01:47.585-0300] {processor.py:830} INFO - Processing file /mnt/c/Users/Tilto/Desktop/Work/Airflow/dags/Operator_dag.py for tasks to queue
[2024-05-08T00:01:47.586-0300] {logging_mixin.py:188} INFO - [2024-05-08T00:01:47.586-0300] {dagbag.py:540} INFO - Filling up the DagBag from /mnt/c/Users/Tilto/Desktop/Work/Airflow/dags/Operator_dag.py
[2024-05-08T00:01:47.730-0300] {processor.py:840} INFO - DAG(s) 'Operator_dag' retrieved from /mnt/c/Users/Tilto/Desktop/Work/Airflow/dags/Operator_dag.py
[2024-05-08T00:01:47.772-0300] {logging_mixin.py:188} INFO - [2024-05-08T00:01:47.772-0300] {dag.py:3096} INFO - Sync 1 DAGs
[2024-05-08T00:01:47.787-0300] {logging_mixin.py:188} INFO - [2024-05-08T00:01:47.786-0300] {dag.py:3954} INFO - Setting next_dagrun for Operator_dag to None, run_after=None
[2024-05-08T00:01:47.985-0300] {processor.py:183} INFO - Processing /mnt/c/Users/Tilto/Desktop/Work/Airflow/dags/Operator_dag.py took 0.406 seconds
[2024-05-08T00:02:19.204-0300] {processor.py:161} INFO - Started process (PID=8845) to work on /mnt/c/Users/Tilto/Desktop/Work/Airflow/dags/Operator_dag.py
[2024-05-08T00:02:19.205-0300] {processor.py:830} INFO - Processing file /mnt/c/Users/Tilto/Desktop/Work/Airflow/dags/Operator_dag.py for tasks to queue
[2024-05-08T00:02:19.206-0300] {logging_mixin.py:188} INFO - [2024-05-08T00:02:19.206-0300] {dagbag.py:540} INFO - Filling up the DagBag from /mnt/c/Users/Tilto/Desktop/Work/Airflow/dags/Operator_dag.py
[2024-05-08T00:02:19.226-0300] {processor.py:840} INFO - DAG(s) 'Operator_dag' retrieved from /mnt/c/Users/Tilto/Desktop/Work/Airflow/dags/Operator_dag.py
[2024-05-08T00:02:19.251-0300] {logging_mixin.py:188} INFO - [2024-05-08T00:02:19.251-0300] {dag.py:3096} INFO - Sync 1 DAGs
[2024-05-08T00:02:19.263-0300] {logging_mixin.py:188} INFO - [2024-05-08T00:02:19.263-0300] {dag.py:3954} INFO - Setting next_dagrun for Operator_dag to None, run_after=None
[2024-05-08T00:02:19.322-0300] {processor.py:183} INFO - Processing /mnt/c/Users/Tilto/Desktop/Work/Airflow/dags/Operator_dag.py took 0.123 seconds
[2024-05-08T00:02:50.346-0300] {processor.py:161} INFO - Started process (PID=9013) to work on /mnt/c/Users/Tilto/Desktop/Work/Airflow/dags/Operator_dag.py
[2024-05-08T00:02:50.347-0300] {processor.py:830} INFO - Processing file /mnt/c/Users/Tilto/Desktop/Work/Airflow/dags/Operator_dag.py for tasks to queue
[2024-05-08T00:02:50.348-0300] {logging_mixin.py:188} INFO - [2024-05-08T00:02:50.348-0300] {dagbag.py:540} INFO - Filling up the DagBag from /mnt/c/Users/Tilto/Desktop/Work/Airflow/dags/Operator_dag.py
[2024-05-08T00:02:50.369-0300] {processor.py:840} INFO - DAG(s) 'Operator_dag' retrieved from /mnt/c/Users/Tilto/Desktop/Work/Airflow/dags/Operator_dag.py
[2024-05-08T00:02:50.394-0300] {logging_mixin.py:188} INFO - [2024-05-08T00:02:50.394-0300] {dag.py:3096} INFO - Sync 1 DAGs
[2024-05-08T00:02:50.407-0300] {logging_mixin.py:188} INFO - [2024-05-08T00:02:50.407-0300] {dag.py:3954} INFO - Setting next_dagrun for Operator_dag to None, run_after=None
[2024-05-08T00:02:50.464-0300] {processor.py:183} INFO - Processing /mnt/c/Users/Tilto/Desktop/Work/Airflow/dags/Operator_dag.py took 0.122 seconds
[2024-05-08T00:03:21.616-0300] {processor.py:161} INFO - Started process (PID=9177) to work on /mnt/c/Users/Tilto/Desktop/Work/Airflow/dags/Operator_dag.py
[2024-05-08T00:03:21.617-0300] {processor.py:830} INFO - Processing file /mnt/c/Users/Tilto/Desktop/Work/Airflow/dags/Operator_dag.py for tasks to queue
[2024-05-08T00:03:21.618-0300] {logging_mixin.py:188} INFO - [2024-05-08T00:03:21.618-0300] {dagbag.py:540} INFO - Filling up the DagBag from /mnt/c/Users/Tilto/Desktop/Work/Airflow/dags/Operator_dag.py
[2024-05-08T00:03:21.636-0300] {processor.py:840} INFO - DAG(s) 'Operator_dag' retrieved from /mnt/c/Users/Tilto/Desktop/Work/Airflow/dags/Operator_dag.py
[2024-05-08T00:03:21.665-0300] {logging_mixin.py:188} INFO - [2024-05-08T00:03:21.665-0300] {dag.py:3096} INFO - Sync 1 DAGs
[2024-05-08T00:03:21.678-0300] {logging_mixin.py:188} INFO - [2024-05-08T00:03:21.678-0300] {dag.py:3954} INFO - Setting next_dagrun for Operator_dag to None, run_after=None
[2024-05-08T00:03:21.735-0300] {processor.py:183} INFO - Processing /mnt/c/Users/Tilto/Desktop/Work/Airflow/dags/Operator_dag.py took 0.124 seconds
[2024-05-08T00:03:52.698-0300] {processor.py:161} INFO - Started process (PID=9319) to work on /mnt/c/Users/Tilto/Desktop/Work/Airflow/dags/Operator_dag.py
[2024-05-08T00:03:52.699-0300] {processor.py:830} INFO - Processing file /mnt/c/Users/Tilto/Desktop/Work/Airflow/dags/Operator_dag.py for tasks to queue
[2024-05-08T00:03:52.701-0300] {logging_mixin.py:188} INFO - [2024-05-08T00:03:52.701-0300] {dagbag.py:540} INFO - Filling up the DagBag from /mnt/c/Users/Tilto/Desktop/Work/Airflow/dags/Operator_dag.py
[2024-05-08T00:03:52.718-0300] {processor.py:840} INFO - DAG(s) 'Operator_dag' retrieved from /mnt/c/Users/Tilto/Desktop/Work/Airflow/dags/Operator_dag.py
[2024-05-08T00:03:52.743-0300] {logging_mixin.py:188} INFO - [2024-05-08T00:03:52.743-0300] {dag.py:3096} INFO - Sync 1 DAGs
[2024-05-08T00:03:52.755-0300] {logging_mixin.py:188} INFO - [2024-05-08T00:03:52.754-0300] {dag.py:3954} INFO - Setting next_dagrun for Operator_dag to None, run_after=None
[2024-05-08T00:03:52.819-0300] {processor.py:183} INFO - Processing /mnt/c/Users/Tilto/Desktop/Work/Airflow/dags/Operator_dag.py took 0.125 seconds
[2024-05-08T00:04:23.789-0300] {processor.py:161} INFO - Started process (PID=9467) to work on /mnt/c/Users/Tilto/Desktop/Work/Airflow/dags/Operator_dag.py
[2024-05-08T00:04:23.790-0300] {processor.py:830} INFO - Processing file /mnt/c/Users/Tilto/Desktop/Work/Airflow/dags/Operator_dag.py for tasks to queue
[2024-05-08T00:04:23.792-0300] {logging_mixin.py:188} INFO - [2024-05-08T00:04:23.791-0300] {dagbag.py:540} INFO - Filling up the DagBag from /mnt/c/Users/Tilto/Desktop/Work/Airflow/dags/Operator_dag.py
[2024-05-08T00:04:23.813-0300] {processor.py:840} INFO - DAG(s) 'Operator_dag' retrieved from /mnt/c/Users/Tilto/Desktop/Work/Airflow/dags/Operator_dag.py
[2024-05-08T00:04:23.842-0300] {logging_mixin.py:188} INFO - [2024-05-08T00:04:23.841-0300] {dag.py:3096} INFO - Sync 1 DAGs
[2024-05-08T00:04:23.854-0300] {logging_mixin.py:188} INFO - [2024-05-08T00:04:23.854-0300] {dag.py:3954} INFO - Setting next_dagrun for Operator_dag to None, run_after=None
[2024-05-08T00:04:23.914-0300] {processor.py:183} INFO - Processing /mnt/c/Users/Tilto/Desktop/Work/Airflow/dags/Operator_dag.py took 0.129 seconds
[2024-05-08T00:04:41.097-0300] {processor.py:161} INFO - Started process (PID=9590) to work on /mnt/c/Users/Tilto/Desktop/Work/Airflow/dags/Operator_dag.py
[2024-05-08T00:04:41.098-0300] {processor.py:830} INFO - Processing file /mnt/c/Users/Tilto/Desktop/Work/Airflow/dags/Operator_dag.py for tasks to queue
[2024-05-08T00:04:41.100-0300] {logging_mixin.py:188} INFO - [2024-05-08T00:04:41.100-0300] {dagbag.py:540} INFO - Filling up the DagBag from /mnt/c/Users/Tilto/Desktop/Work/Airflow/dags/Operator_dag.py
[2024-05-08T00:04:41.123-0300] {processor.py:840} INFO - DAG(s) 'Operator_dag' retrieved from /mnt/c/Users/Tilto/Desktop/Work/Airflow/dags/Operator_dag.py
[2024-05-08T00:04:41.136-0300] {logging_mixin.py:188} INFO - [2024-05-08T00:04:41.136-0300] {dag.py:3096} INFO - Sync 1 DAGs
[2024-05-08T00:04:41.150-0300] {logging_mixin.py:188} INFO - [2024-05-08T00:04:41.149-0300] {dag.py:3954} INFO - Setting next_dagrun for Operator_dag to None, run_after=None
[2024-05-08T00:04:41.218-0300] {processor.py:183} INFO - Processing /mnt/c/Users/Tilto/Desktop/Work/Airflow/dags/Operator_dag.py took 0.125 seconds
[2024-05-08T00:05:39.817-0300] {processor.py:161} INFO - Started process (PID=9859) to work on /mnt/c/Users/Tilto/Desktop/Work/Airflow/dags/Operator_dag.py
[2024-05-08T00:05:39.818-0300] {processor.py:830} INFO - Processing file /mnt/c/Users/Tilto/Desktop/Work/Airflow/dags/Operator_dag.py for tasks to queue
[2024-05-08T00:05:39.820-0300] {logging_mixin.py:188} INFO - [2024-05-08T00:05:39.819-0300] {dagbag.py:540} INFO - Filling up the DagBag from /mnt/c/Users/Tilto/Desktop/Work/Airflow/dags/Operator_dag.py
[2024-05-08T00:05:39.840-0300] {processor.py:840} INFO - DAG(s) 'Operator_dag' retrieved from /mnt/c/Users/Tilto/Desktop/Work/Airflow/dags/Operator_dag.py
[2024-05-08T00:05:39.941-0300] {logging_mixin.py:188} INFO - [2024-05-08T00:05:39.941-0300] {dag.py:3096} INFO - Sync 1 DAGs
[2024-05-08T00:05:39.953-0300] {logging_mixin.py:188} INFO - [2024-05-08T00:05:39.953-0300] {dag.py:3954} INFO - Setting next_dagrun for Operator_dag to None, run_after=None
[2024-05-08T00:05:40.020-0300] {processor.py:183} INFO - Processing /mnt/c/Users/Tilto/Desktop/Work/Airflow/dags/Operator_dag.py took 0.207 seconds
[2024-05-08T00:06:10.553-0300] {processor.py:161} INFO - Started process (PID=10006) to work on /mnt/c/Users/Tilto/Desktop/Work/Airflow/dags/Operator_dag.py
[2024-05-08T00:06:10.553-0300] {processor.py:830} INFO - Processing file /mnt/c/Users/Tilto/Desktop/Work/Airflow/dags/Operator_dag.py for tasks to queue
[2024-05-08T00:06:10.555-0300] {logging_mixin.py:188} INFO - [2024-05-08T00:06:10.555-0300] {dagbag.py:540} INFO - Filling up the DagBag from /mnt/c/Users/Tilto/Desktop/Work/Airflow/dags/Operator_dag.py
[2024-05-08T00:06:10.577-0300] {processor.py:840} INFO - DAG(s) 'Operator_dag' retrieved from /mnt/c/Users/Tilto/Desktop/Work/Airflow/dags/Operator_dag.py
[2024-05-08T00:06:10.604-0300] {logging_mixin.py:188} INFO - [2024-05-08T00:06:10.603-0300] {dag.py:3096} INFO - Sync 1 DAGs
[2024-05-08T00:06:10.617-0300] {logging_mixin.py:188} INFO - [2024-05-08T00:06:10.617-0300] {dag.py:3954} INFO - Setting next_dagrun for Operator_dag to None, run_after=None
[2024-05-08T00:06:10.681-0300] {processor.py:183} INFO - Processing /mnt/c/Users/Tilto/Desktop/Work/Airflow/dags/Operator_dag.py took 0.133 seconds
[2024-05-08T00:06:41.532-0300] {processor.py:161} INFO - Started process (PID=10153) to work on /mnt/c/Users/Tilto/Desktop/Work/Airflow/dags/Operator_dag.py
[2024-05-08T00:06:41.533-0300] {processor.py:830} INFO - Processing file /mnt/c/Users/Tilto/Desktop/Work/Airflow/dags/Operator_dag.py for tasks to queue
[2024-05-08T00:06:41.534-0300] {logging_mixin.py:188} INFO - [2024-05-08T00:06:41.534-0300] {dagbag.py:540} INFO - Filling up the DagBag from /mnt/c/Users/Tilto/Desktop/Work/Airflow/dags/Operator_dag.py
[2024-05-08T00:06:41.550-0300] {processor.py:840} INFO - DAG(s) 'Operator_dag' retrieved from /mnt/c/Users/Tilto/Desktop/Work/Airflow/dags/Operator_dag.py
[2024-05-08T00:06:41.574-0300] {logging_mixin.py:188} INFO - [2024-05-08T00:06:41.574-0300] {dag.py:3096} INFO - Sync 1 DAGs
[2024-05-08T00:06:41.586-0300] {logging_mixin.py:188} INFO - [2024-05-08T00:06:41.585-0300] {dag.py:3954} INFO - Setting next_dagrun for Operator_dag to None, run_after=None
[2024-05-08T00:06:41.631-0300] {processor.py:183} INFO - Processing /mnt/c/Users/Tilto/Desktop/Work/Airflow/dags/Operator_dag.py took 0.103 seconds
[2024-05-08T00:07:11.958-0300] {processor.py:161} INFO - Started process (PID=10295) to work on /mnt/c/Users/Tilto/Desktop/Work/Airflow/dags/Operator_dag.py
[2024-05-08T00:07:11.959-0300] {processor.py:830} INFO - Processing file /mnt/c/Users/Tilto/Desktop/Work/Airflow/dags/Operator_dag.py for tasks to queue
[2024-05-08T00:07:11.960-0300] {logging_mixin.py:188} INFO - [2024-05-08T00:07:11.960-0300] {dagbag.py:540} INFO - Filling up the DagBag from /mnt/c/Users/Tilto/Desktop/Work/Airflow/dags/Operator_dag.py
[2024-05-08T00:07:11.981-0300] {processor.py:840} INFO - DAG(s) 'Operator_dag' retrieved from /mnt/c/Users/Tilto/Desktop/Work/Airflow/dags/Operator_dag.py
[2024-05-08T00:07:12.006-0300] {logging_mixin.py:188} INFO - [2024-05-08T00:07:12.005-0300] {dag.py:3096} INFO - Sync 1 DAGs
[2024-05-08T00:07:12.018-0300] {logging_mixin.py:188} INFO - [2024-05-08T00:07:12.017-0300] {dag.py:3954} INFO - Setting next_dagrun for Operator_dag to None, run_after=None
[2024-05-08T00:07:12.083-0300] {processor.py:183} INFO - Processing /mnt/c/Users/Tilto/Desktop/Work/Airflow/dags/Operator_dag.py took 0.130 seconds
[2024-05-08T00:07:42.465-0300] {processor.py:161} INFO - Started process (PID=10435) to work on /mnt/c/Users/Tilto/Desktop/Work/Airflow/dags/Operator_dag.py
[2024-05-08T00:07:42.466-0300] {processor.py:830} INFO - Processing file /mnt/c/Users/Tilto/Desktop/Work/Airflow/dags/Operator_dag.py for tasks to queue
[2024-05-08T00:07:42.468-0300] {logging_mixin.py:188} INFO - [2024-05-08T00:07:42.468-0300] {dagbag.py:540} INFO - Filling up the DagBag from /mnt/c/Users/Tilto/Desktop/Work/Airflow/dags/Operator_dag.py
[2024-05-08T00:07:42.491-0300] {processor.py:840} INFO - DAG(s) 'Operator_dag' retrieved from /mnt/c/Users/Tilto/Desktop/Work/Airflow/dags/Operator_dag.py
[2024-05-08T00:07:42.515-0300] {logging_mixin.py:188} INFO - [2024-05-08T00:07:42.515-0300] {dag.py:3096} INFO - Sync 1 DAGs
[2024-05-08T00:07:42.528-0300] {logging_mixin.py:188} INFO - [2024-05-08T00:07:42.527-0300] {dag.py:3954} INFO - Setting next_dagrun for Operator_dag to None, run_after=None
[2024-05-08T00:07:42.586-0300] {processor.py:183} INFO - Processing /mnt/c/Users/Tilto/Desktop/Work/Airflow/dags/Operator_dag.py took 0.126 seconds
[2024-05-08T00:08:14.254-0300] {processor.py:161} INFO - Started process (PID=10580) to work on /mnt/c/Users/Tilto/Desktop/Work/Airflow/dags/Operator_dag.py
[2024-05-08T00:08:14.256-0300] {processor.py:830} INFO - Processing file /mnt/c/Users/Tilto/Desktop/Work/Airflow/dags/Operator_dag.py for tasks to queue
[2024-05-08T00:08:14.258-0300] {logging_mixin.py:188} INFO - [2024-05-08T00:08:14.257-0300] {dagbag.py:540} INFO - Filling up the DagBag from /mnt/c/Users/Tilto/Desktop/Work/Airflow/dags/Operator_dag.py
[2024-05-08T00:08:14.279-0300] {processor.py:840} INFO - DAG(s) 'Operator_dag' retrieved from /mnt/c/Users/Tilto/Desktop/Work/Airflow/dags/Operator_dag.py
[2024-05-08T00:08:14.307-0300] {logging_mixin.py:188} INFO - [2024-05-08T00:08:14.307-0300] {dag.py:3096} INFO - Sync 1 DAGs
[2024-05-08T00:08:14.320-0300] {logging_mixin.py:188} INFO - [2024-05-08T00:08:14.320-0300] {dag.py:3954} INFO - Setting next_dagrun for Operator_dag to None, run_after=None
[2024-05-08T00:08:14.377-0300] {processor.py:183} INFO - Processing /mnt/c/Users/Tilto/Desktop/Work/Airflow/dags/Operator_dag.py took 0.129 seconds
[2024-05-08T00:08:44.657-0300] {processor.py:161} INFO - Started process (PID=10720) to work on /mnt/c/Users/Tilto/Desktop/Work/Airflow/dags/Operator_dag.py
[2024-05-08T00:08:44.658-0300] {processor.py:830} INFO - Processing file /mnt/c/Users/Tilto/Desktop/Work/Airflow/dags/Operator_dag.py for tasks to queue
[2024-05-08T00:08:44.660-0300] {logging_mixin.py:188} INFO - [2024-05-08T00:08:44.659-0300] {dagbag.py:540} INFO - Filling up the DagBag from /mnt/c/Users/Tilto/Desktop/Work/Airflow/dags/Operator_dag.py
[2024-05-08T00:08:44.679-0300] {processor.py:840} INFO - DAG(s) 'Operator_dag' retrieved from /mnt/c/Users/Tilto/Desktop/Work/Airflow/dags/Operator_dag.py
[2024-05-08T00:08:44.704-0300] {logging_mixin.py:188} INFO - [2024-05-08T00:08:44.704-0300] {dag.py:3096} INFO - Sync 1 DAGs
[2024-05-08T00:08:44.716-0300] {logging_mixin.py:188} INFO - [2024-05-08T00:08:44.716-0300] {dag.py:3954} INFO - Setting next_dagrun for Operator_dag to None, run_after=None
[2024-05-08T00:08:44.772-0300] {processor.py:183} INFO - Processing /mnt/c/Users/Tilto/Desktop/Work/Airflow/dags/Operator_dag.py took 0.119 seconds
[2024-05-08T00:09:16.278-0300] {processor.py:161} INFO - Started process (PID=10867) to work on /mnt/c/Users/Tilto/Desktop/Work/Airflow/dags/Operator_dag.py
[2024-05-08T00:09:16.279-0300] {processor.py:830} INFO - Processing file /mnt/c/Users/Tilto/Desktop/Work/Airflow/dags/Operator_dag.py for tasks to queue
[2024-05-08T00:09:16.280-0300] {logging_mixin.py:188} INFO - [2024-05-08T00:09:16.280-0300] {dagbag.py:540} INFO - Filling up the DagBag from /mnt/c/Users/Tilto/Desktop/Work/Airflow/dags/Operator_dag.py
[2024-05-08T00:09:16.304-0300] {processor.py:840} INFO - DAG(s) 'Operator_dag' retrieved from /mnt/c/Users/Tilto/Desktop/Work/Airflow/dags/Operator_dag.py
[2024-05-08T00:09:16.331-0300] {logging_mixin.py:188} INFO - [2024-05-08T00:09:16.331-0300] {dag.py:3096} INFO - Sync 1 DAGs
[2024-05-08T00:09:16.346-0300] {logging_mixin.py:188} INFO - [2024-05-08T00:09:16.346-0300] {dag.py:3954} INFO - Setting next_dagrun for Operator_dag to None, run_after=None
[2024-05-08T00:09:16.413-0300] {processor.py:183} INFO - Processing /mnt/c/Users/Tilto/Desktop/Work/Airflow/dags/Operator_dag.py took 0.139 seconds
[2024-05-08T00:09:46.888-0300] {processor.py:161} INFO - Started process (PID=11009) to work on /mnt/c/Users/Tilto/Desktop/Work/Airflow/dags/Operator_dag.py
[2024-05-08T00:09:46.889-0300] {processor.py:830} INFO - Processing file /mnt/c/Users/Tilto/Desktop/Work/Airflow/dags/Operator_dag.py for tasks to queue
[2024-05-08T00:09:46.891-0300] {logging_mixin.py:188} INFO - [2024-05-08T00:09:46.891-0300] {dagbag.py:540} INFO - Filling up the DagBag from /mnt/c/Users/Tilto/Desktop/Work/Airflow/dags/Operator_dag.py
[2024-05-08T00:09:46.911-0300] {processor.py:840} INFO - DAG(s) 'Operator_dag' retrieved from /mnt/c/Users/Tilto/Desktop/Work/Airflow/dags/Operator_dag.py
[2024-05-08T00:09:46.937-0300] {logging_mixin.py:188} INFO - [2024-05-08T00:09:46.937-0300] {dag.py:3096} INFO - Sync 1 DAGs
[2024-05-08T00:09:46.949-0300] {logging_mixin.py:188} INFO - [2024-05-08T00:09:46.949-0300] {dag.py:3954} INFO - Setting next_dagrun for Operator_dag to None, run_after=None
[2024-05-08T00:09:47.007-0300] {processor.py:183} INFO - Processing /mnt/c/Users/Tilto/Desktop/Work/Airflow/dags/Operator_dag.py took 0.123 seconds
[2024-05-08T00:10:17.370-0300] {processor.py:161} INFO - Started process (PID=11150) to work on /mnt/c/Users/Tilto/Desktop/Work/Airflow/dags/Operator_dag.py
[2024-05-08T00:10:17.371-0300] {processor.py:830} INFO - Processing file /mnt/c/Users/Tilto/Desktop/Work/Airflow/dags/Operator_dag.py for tasks to queue
[2024-05-08T00:10:17.372-0300] {logging_mixin.py:188} INFO - [2024-05-08T00:10:17.372-0300] {dagbag.py:540} INFO - Filling up the DagBag from /mnt/c/Users/Tilto/Desktop/Work/Airflow/dags/Operator_dag.py
[2024-05-08T00:10:17.393-0300] {processor.py:840} INFO - DAG(s) 'Operator_dag' retrieved from /mnt/c/Users/Tilto/Desktop/Work/Airflow/dags/Operator_dag.py
[2024-05-08T00:10:17.418-0300] {logging_mixin.py:188} INFO - [2024-05-08T00:10:17.418-0300] {dag.py:3096} INFO - Sync 1 DAGs
[2024-05-08T00:10:17.430-0300] {logging_mixin.py:188} INFO - [2024-05-08T00:10:17.430-0300] {dag.py:3954} INFO - Setting next_dagrun for Operator_dag to None, run_after=None
[2024-05-08T00:10:17.496-0300] {processor.py:183} INFO - Processing /mnt/c/Users/Tilto/Desktop/Work/Airflow/dags/Operator_dag.py took 0.130 seconds
[2024-05-08T00:10:48.042-0300] {processor.py:161} INFO - Started process (PID=11291) to work on /mnt/c/Users/Tilto/Desktop/Work/Airflow/dags/Operator_dag.py
[2024-05-08T00:10:48.043-0300] {processor.py:830} INFO - Processing file /mnt/c/Users/Tilto/Desktop/Work/Airflow/dags/Operator_dag.py for tasks to queue
[2024-05-08T00:10:48.045-0300] {logging_mixin.py:188} INFO - [2024-05-08T00:10:48.045-0300] {dagbag.py:540} INFO - Filling up the DagBag from /mnt/c/Users/Tilto/Desktop/Work/Airflow/dags/Operator_dag.py
[2024-05-08T00:10:48.067-0300] {processor.py:840} INFO - DAG(s) 'Operator_dag' retrieved from /mnt/c/Users/Tilto/Desktop/Work/Airflow/dags/Operator_dag.py
[2024-05-08T00:10:48.093-0300] {logging_mixin.py:188} INFO - [2024-05-08T00:10:48.093-0300] {dag.py:3096} INFO - Sync 1 DAGs
[2024-05-08T00:10:48.105-0300] {logging_mixin.py:188} INFO - [2024-05-08T00:10:48.105-0300] {dag.py:3954} INFO - Setting next_dagrun for Operator_dag to None, run_after=None
[2024-05-08T00:10:48.166-0300] {processor.py:183} INFO - Processing /mnt/c/Users/Tilto/Desktop/Work/Airflow/dags/Operator_dag.py took 0.128 seconds
[2024-05-08T00:11:19.251-0300] {processor.py:161} INFO - Started process (PID=11435) to work on /mnt/c/Users/Tilto/Desktop/Work/Airflow/dags/Operator_dag.py
[2024-05-08T00:11:19.252-0300] {processor.py:830} INFO - Processing file /mnt/c/Users/Tilto/Desktop/Work/Airflow/dags/Operator_dag.py for tasks to queue
[2024-05-08T00:11:19.253-0300] {logging_mixin.py:188} INFO - [2024-05-08T00:11:19.253-0300] {dagbag.py:540} INFO - Filling up the DagBag from /mnt/c/Users/Tilto/Desktop/Work/Airflow/dags/Operator_dag.py
[2024-05-08T00:11:19.274-0300] {processor.py:840} INFO - DAG(s) 'Operator_dag' retrieved from /mnt/c/Users/Tilto/Desktop/Work/Airflow/dags/Operator_dag.py
[2024-05-08T00:11:19.299-0300] {logging_mixin.py:188} INFO - [2024-05-08T00:11:19.299-0300] {dag.py:3096} INFO - Sync 1 DAGs
[2024-05-08T00:11:19.311-0300] {logging_mixin.py:188} INFO - [2024-05-08T00:11:19.311-0300] {dag.py:3954} INFO - Setting next_dagrun for Operator_dag to None, run_after=None
[2024-05-08T00:11:19.369-0300] {processor.py:183} INFO - Processing /mnt/c/Users/Tilto/Desktop/Work/Airflow/dags/Operator_dag.py took 0.123 seconds
[2024-05-08T00:11:50.240-0300] {processor.py:161} INFO - Started process (PID=11578) to work on /mnt/c/Users/Tilto/Desktop/Work/Airflow/dags/Operator_dag.py
[2024-05-08T00:11:50.241-0300] {processor.py:830} INFO - Processing file /mnt/c/Users/Tilto/Desktop/Work/Airflow/dags/Operator_dag.py for tasks to queue
[2024-05-08T00:11:50.243-0300] {logging_mixin.py:188} INFO - [2024-05-08T00:11:50.242-0300] {dagbag.py:540} INFO - Filling up the DagBag from /mnt/c/Users/Tilto/Desktop/Work/Airflow/dags/Operator_dag.py
[2024-05-08T00:11:50.265-0300] {processor.py:840} INFO - DAG(s) 'Operator_dag' retrieved from /mnt/c/Users/Tilto/Desktop/Work/Airflow/dags/Operator_dag.py
[2024-05-08T00:11:50.290-0300] {logging_mixin.py:188} INFO - [2024-05-08T00:11:50.289-0300] {dag.py:3096} INFO - Sync 1 DAGs
[2024-05-08T00:11:50.301-0300] {logging_mixin.py:188} INFO - [2024-05-08T00:11:50.301-0300] {dag.py:3954} INFO - Setting next_dagrun for Operator_dag to None, run_after=None
[2024-05-08T00:11:50.359-0300] {processor.py:183} INFO - Processing /mnt/c/Users/Tilto/Desktop/Work/Airflow/dags/Operator_dag.py took 0.124 seconds
[2024-05-08T00:12:21.318-0300] {processor.py:161} INFO - Started process (PID=11721) to work on /mnt/c/Users/Tilto/Desktop/Work/Airflow/dags/Operator_dag.py
[2024-05-08T00:12:21.319-0300] {processor.py:830} INFO - Processing file /mnt/c/Users/Tilto/Desktop/Work/Airflow/dags/Operator_dag.py for tasks to queue
[2024-05-08T00:12:21.320-0300] {logging_mixin.py:188} INFO - [2024-05-08T00:12:21.320-0300] {dagbag.py:540} INFO - Filling up the DagBag from /mnt/c/Users/Tilto/Desktop/Work/Airflow/dags/Operator_dag.py
[2024-05-08T00:12:21.340-0300] {processor.py:840} INFO - DAG(s) 'Operator_dag' retrieved from /mnt/c/Users/Tilto/Desktop/Work/Airflow/dags/Operator_dag.py
[2024-05-08T00:12:21.365-0300] {logging_mixin.py:188} INFO - [2024-05-08T00:12:21.365-0300] {dag.py:3096} INFO - Sync 1 DAGs
[2024-05-08T00:12:21.377-0300] {logging_mixin.py:188} INFO - [2024-05-08T00:12:21.377-0300] {dag.py:3954} INFO - Setting next_dagrun for Operator_dag to None, run_after=None
[2024-05-08T00:12:21.433-0300] {processor.py:183} INFO - Processing /mnt/c/Users/Tilto/Desktop/Work/Airflow/dags/Operator_dag.py took 0.119 seconds
[2024-05-08T00:12:52.259-0300] {processor.py:161} INFO - Started process (PID=11864) to work on /mnt/c/Users/Tilto/Desktop/Work/Airflow/dags/Operator_dag.py
[2024-05-08T00:12:52.260-0300] {processor.py:830} INFO - Processing file /mnt/c/Users/Tilto/Desktop/Work/Airflow/dags/Operator_dag.py for tasks to queue
[2024-05-08T00:12:52.262-0300] {logging_mixin.py:188} INFO - [2024-05-08T00:12:52.261-0300] {dagbag.py:540} INFO - Filling up the DagBag from /mnt/c/Users/Tilto/Desktop/Work/Airflow/dags/Operator_dag.py
[2024-05-08T00:12:52.283-0300] {processor.py:840} INFO - DAG(s) 'Operator_dag' retrieved from /mnt/c/Users/Tilto/Desktop/Work/Airflow/dags/Operator_dag.py
[2024-05-08T00:12:52.312-0300] {logging_mixin.py:188} INFO - [2024-05-08T00:12:52.311-0300] {dag.py:3096} INFO - Sync 1 DAGs
[2024-05-08T00:12:52.326-0300] {logging_mixin.py:188} INFO - [2024-05-08T00:12:52.325-0300] {dag.py:3954} INFO - Setting next_dagrun for Operator_dag to None, run_after=None
[2024-05-08T00:12:52.492-0300] {processor.py:183} INFO - Processing /mnt/c/Users/Tilto/Desktop/Work/Airflow/dags/Operator_dag.py took 0.237 seconds
[2024-05-08T00:13:23.053-0300] {processor.py:161} INFO - Started process (PID=12007) to work on /mnt/c/Users/Tilto/Desktop/Work/Airflow/dags/Operator_dag.py
[2024-05-08T00:13:23.054-0300] {processor.py:830} INFO - Processing file /mnt/c/Users/Tilto/Desktop/Work/Airflow/dags/Operator_dag.py for tasks to queue
[2024-05-08T00:13:23.056-0300] {logging_mixin.py:188} INFO - [2024-05-08T00:13:23.056-0300] {dagbag.py:540} INFO - Filling up the DagBag from /mnt/c/Users/Tilto/Desktop/Work/Airflow/dags/Operator_dag.py
[2024-05-08T00:13:23.078-0300] {processor.py:840} INFO - DAG(s) 'Operator_dag' retrieved from /mnt/c/Users/Tilto/Desktop/Work/Airflow/dags/Operator_dag.py
[2024-05-08T00:13:23.105-0300] {logging_mixin.py:188} INFO - [2024-05-08T00:13:23.105-0300] {dag.py:3096} INFO - Sync 1 DAGs
[2024-05-08T00:13:23.183-0300] {logging_mixin.py:188} INFO - [2024-05-08T00:13:23.183-0300] {dag.py:3954} INFO - Setting next_dagrun for Operator_dag to None, run_after=None
[2024-05-08T00:13:23.253-0300] {processor.py:183} INFO - Processing /mnt/c/Users/Tilto/Desktop/Work/Airflow/dags/Operator_dag.py took 0.204 seconds
[2024-05-08T00:13:54.159-0300] {processor.py:161} INFO - Started process (PID=12151) to work on /mnt/c/Users/Tilto/Desktop/Work/Airflow/dags/Operator_dag.py
[2024-05-08T00:13:54.160-0300] {processor.py:830} INFO - Processing file /mnt/c/Users/Tilto/Desktop/Work/Airflow/dags/Operator_dag.py for tasks to queue
[2024-05-08T00:13:54.162-0300] {logging_mixin.py:188} INFO - [2024-05-08T00:13:54.162-0300] {dagbag.py:540} INFO - Filling up the DagBag from /mnt/c/Users/Tilto/Desktop/Work/Airflow/dags/Operator_dag.py
[2024-05-08T00:13:54.182-0300] {processor.py:840} INFO - DAG(s) 'Operator_dag' retrieved from /mnt/c/Users/Tilto/Desktop/Work/Airflow/dags/Operator_dag.py
[2024-05-08T00:13:54.207-0300] {logging_mixin.py:188} INFO - [2024-05-08T00:13:54.206-0300] {dag.py:3096} INFO - Sync 1 DAGs
[2024-05-08T00:13:54.281-0300] {logging_mixin.py:188} INFO - [2024-05-08T00:13:54.281-0300] {dag.py:3954} INFO - Setting next_dagrun for Operator_dag to None, run_after=None
[2024-05-08T00:13:54.337-0300] {processor.py:183} INFO - Processing /mnt/c/Users/Tilto/Desktop/Work/Airflow/dags/Operator_dag.py took 0.182 seconds
