[2024-05-07T23:42:24.728-0300] {processor.py:161} INFO - Started process (PID=2895) to work on /mnt/c/Users/Tilto/Desktop/Work/Airflow/dags/primeira_dag.py
[2024-05-07T23:42:24.729-0300] {processor.py:830} INFO - Processing file /mnt/c/Users/Tilto/Desktop/Work/Airflow/dags/primeira_dag.py for tasks to queue
[2024-05-07T23:42:24.730-0300] {logging_mixin.py:188} INFO - [2024-05-07T23:42:24.730-0300] {dagbag.py:540} INFO - Filling up the DagBag from /mnt/c/Users/Tilto/Desktop/Work/Airflow/dags/primeira_dag.py
[2024-05-07T23:42:24.752-0300] {processor.py:840} INFO - DAG(s) 'a_primeira_DAG_v0' retrieved from /mnt/c/Users/Tilto/Desktop/Work/Airflow/dags/primeira_dag.py
[2024-05-07T23:42:24.765-0300] {logging_mixin.py:188} INFO - [2024-05-07T23:42:24.764-0300] {dag.py:3096} INFO - Sync 1 DAGs
[2024-05-07T23:42:24.788-0300] {logging_mixin.py:188} INFO - [2024-05-07T23:42:24.788-0300] {dag.py:3954} INFO - Setting next_dagrun for a_primeira_DAG_v0 to 2024-05-08 00:00:00+00:00, run_after=2024-05-09 00:00:00+00:00
[2024-05-07T23:42:24.848-0300] {processor.py:183} INFO - Processing /mnt/c/Users/Tilto/Desktop/Work/Airflow/dags/primeira_dag.py took 0.125 seconds
[2024-05-07T23:42:55.944-0300] {processor.py:161} INFO - Started process (PID=3127) to work on /mnt/c/Users/Tilto/Desktop/Work/Airflow/dags/primeira_dag.py
[2024-05-07T23:42:55.945-0300] {processor.py:830} INFO - Processing file /mnt/c/Users/Tilto/Desktop/Work/Airflow/dags/primeira_dag.py for tasks to queue
[2024-05-07T23:42:55.947-0300] {logging_mixin.py:188} INFO - [2024-05-07T23:42:55.947-0300] {dagbag.py:540} INFO - Filling up the DagBag from /mnt/c/Users/Tilto/Desktop/Work/Airflow/dags/primeira_dag.py
[2024-05-07T23:42:55.966-0300] {processor.py:840} INFO - DAG(s) 'a_primeira_DAG_v0' retrieved from /mnt/c/Users/Tilto/Desktop/Work/Airflow/dags/primeira_dag.py
[2024-05-07T23:42:56.061-0300] {logging_mixin.py:188} INFO - [2024-05-07T23:42:56.061-0300] {dag.py:3096} INFO - Sync 1 DAGs
[2024-05-07T23:42:56.084-0300] {logging_mixin.py:188} INFO - [2024-05-07T23:42:56.084-0300] {dag.py:3954} INFO - Setting next_dagrun for a_primeira_DAG_v0 to 2024-05-08 00:00:00+00:00, run_after=2024-05-09 00:00:00+00:00
[2024-05-07T23:42:56.136-0300] {processor.py:183} INFO - Processing /mnt/c/Users/Tilto/Desktop/Work/Airflow/dags/primeira_dag.py took 0.196 seconds
[2024-05-07T23:43:26.799-0300] {processor.py:161} INFO - Started process (PID=3286) to work on /mnt/c/Users/Tilto/Desktop/Work/Airflow/dags/primeira_dag.py
[2024-05-07T23:43:26.800-0300] {processor.py:830} INFO - Processing file /mnt/c/Users/Tilto/Desktop/Work/Airflow/dags/primeira_dag.py for tasks to queue
[2024-05-07T23:43:26.802-0300] {logging_mixin.py:188} INFO - [2024-05-07T23:43:26.802-0300] {dagbag.py:540} INFO - Filling up the DagBag from /mnt/c/Users/Tilto/Desktop/Work/Airflow/dags/primeira_dag.py
[2024-05-07T23:43:26.828-0300] {processor.py:840} INFO - DAG(s) 'a_primeira_DAG_v0' retrieved from /mnt/c/Users/Tilto/Desktop/Work/Airflow/dags/primeira_dag.py
[2024-05-07T23:43:26.862-0300] {logging_mixin.py:188} INFO - [2024-05-07T23:43:26.862-0300] {dag.py:3096} INFO - Sync 1 DAGs
[2024-05-07T23:43:26.894-0300] {logging_mixin.py:188} INFO - [2024-05-07T23:43:26.893-0300] {dag.py:3954} INFO - Setting next_dagrun for a_primeira_DAG_v0 to 2024-05-08 00:00:00+00:00, run_after=2024-05-09 00:00:00+00:00
[2024-05-07T23:43:26.999-0300] {processor.py:183} INFO - Processing /mnt/c/Users/Tilto/Desktop/Work/Airflow/dags/primeira_dag.py took 0.209 seconds
[2024-05-07T23:43:58.543-0300] {processor.py:161} INFO - Started process (PID=3435) to work on /mnt/c/Users/Tilto/Desktop/Work/Airflow/dags/primeira_dag.py
[2024-05-07T23:43:58.544-0300] {processor.py:830} INFO - Processing file /mnt/c/Users/Tilto/Desktop/Work/Airflow/dags/primeira_dag.py for tasks to queue
[2024-05-07T23:43:58.546-0300] {logging_mixin.py:188} INFO - [2024-05-07T23:43:58.546-0300] {dagbag.py:540} INFO - Filling up the DagBag from /mnt/c/Users/Tilto/Desktop/Work/Airflow/dags/primeira_dag.py
[2024-05-07T23:43:58.573-0300] {processor.py:840} INFO - DAG(s) 'a_primeira_DAG_v0' retrieved from /mnt/c/Users/Tilto/Desktop/Work/Airflow/dags/primeira_dag.py
[2024-05-07T23:43:58.601-0300] {logging_mixin.py:188} INFO - [2024-05-07T23:43:58.601-0300] {dag.py:3096} INFO - Sync 1 DAGs
[2024-05-07T23:43:58.628-0300] {logging_mixin.py:188} INFO - [2024-05-07T23:43:58.628-0300] {dag.py:3954} INFO - Setting next_dagrun for a_primeira_DAG_v0 to 2024-05-08 00:00:00+00:00, run_after=2024-05-09 00:00:00+00:00
[2024-05-07T23:43:58.719-0300] {processor.py:183} INFO - Processing /mnt/c/Users/Tilto/Desktop/Work/Airflow/dags/primeira_dag.py took 0.180 seconds
[2024-05-07T23:44:29.295-0300] {processor.py:161} INFO - Started process (PID=3591) to work on /mnt/c/Users/Tilto/Desktop/Work/Airflow/dags/primeira_dag.py
[2024-05-07T23:44:29.296-0300] {processor.py:830} INFO - Processing file /mnt/c/Users/Tilto/Desktop/Work/Airflow/dags/primeira_dag.py for tasks to queue
[2024-05-07T23:44:29.297-0300] {logging_mixin.py:188} INFO - [2024-05-07T23:44:29.297-0300] {dagbag.py:540} INFO - Filling up the DagBag from /mnt/c/Users/Tilto/Desktop/Work/Airflow/dags/primeira_dag.py
[2024-05-07T23:44:29.320-0300] {processor.py:840} INFO - DAG(s) 'a_primeira_DAG_v0' retrieved from /mnt/c/Users/Tilto/Desktop/Work/Airflow/dags/primeira_dag.py
[2024-05-07T23:44:29.346-0300] {logging_mixin.py:188} INFO - [2024-05-07T23:44:29.346-0300] {dag.py:3096} INFO - Sync 1 DAGs
[2024-05-07T23:44:29.369-0300] {logging_mixin.py:188} INFO - [2024-05-07T23:44:29.369-0300] {dag.py:3954} INFO - Setting next_dagrun for a_primeira_DAG_v0 to 2024-05-08 00:00:00+00:00, run_after=2024-05-09 00:00:00+00:00
[2024-05-07T23:44:29.425-0300] {processor.py:183} INFO - Processing /mnt/c/Users/Tilto/Desktop/Work/Airflow/dags/primeira_dag.py took 0.135 seconds
[2024-05-07T23:44:59.952-0300] {processor.py:161} INFO - Started process (PID=3735) to work on /mnt/c/Users/Tilto/Desktop/Work/Airflow/dags/primeira_dag.py
[2024-05-07T23:44:59.953-0300] {processor.py:830} INFO - Processing file /mnt/c/Users/Tilto/Desktop/Work/Airflow/dags/primeira_dag.py for tasks to queue
[2024-05-07T23:44:59.954-0300] {logging_mixin.py:188} INFO - [2024-05-07T23:44:59.954-0300] {dagbag.py:540} INFO - Filling up the DagBag from /mnt/c/Users/Tilto/Desktop/Work/Airflow/dags/primeira_dag.py
[2024-05-07T23:44:59.976-0300] {processor.py:840} INFO - DAG(s) 'a_primeira_DAG_v0' retrieved from /mnt/c/Users/Tilto/Desktop/Work/Airflow/dags/primeira_dag.py
[2024-05-07T23:45:00.000-0300] {logging_mixin.py:188} INFO - [2024-05-07T23:45:00.000-0300] {dag.py:3096} INFO - Sync 1 DAGs
[2024-05-07T23:45:00.024-0300] {logging_mixin.py:188} INFO - [2024-05-07T23:45:00.024-0300] {dag.py:3954} INFO - Setting next_dagrun for a_primeira_DAG_v0 to 2024-05-08 00:00:00+00:00, run_after=2024-05-09 00:00:00+00:00
[2024-05-07T23:45:00.081-0300] {processor.py:183} INFO - Processing /mnt/c/Users/Tilto/Desktop/Work/Airflow/dags/primeira_dag.py took 0.136 seconds
[2024-05-07T23:45:30.625-0300] {processor.py:161} INFO - Started process (PID=3894) to work on /mnt/c/Users/Tilto/Desktop/Work/Airflow/dags/primeira_dag.py
[2024-05-07T23:45:30.626-0300] {processor.py:830} INFO - Processing file /mnt/c/Users/Tilto/Desktop/Work/Airflow/dags/primeira_dag.py for tasks to queue
[2024-05-07T23:45:30.628-0300] {logging_mixin.py:188} INFO - [2024-05-07T23:45:30.628-0300] {dagbag.py:540} INFO - Filling up the DagBag from /mnt/c/Users/Tilto/Desktop/Work/Airflow/dags/primeira_dag.py
[2024-05-07T23:45:30.656-0300] {processor.py:840} INFO - DAG(s) 'a_primeira_DAG_v0' retrieved from /mnt/c/Users/Tilto/Desktop/Work/Airflow/dags/primeira_dag.py
[2024-05-07T23:45:30.688-0300] {logging_mixin.py:188} INFO - [2024-05-07T23:45:30.688-0300] {dag.py:3096} INFO - Sync 1 DAGs
[2024-05-07T23:45:30.713-0300] {logging_mixin.py:188} INFO - [2024-05-07T23:45:30.713-0300] {dag.py:3954} INFO - Setting next_dagrun for a_primeira_DAG_v0 to 2024-05-08 00:00:00+00:00, run_after=2024-05-09 00:00:00+00:00
[2024-05-07T23:45:30.772-0300] {processor.py:183} INFO - Processing /mnt/c/Users/Tilto/Desktop/Work/Airflow/dags/primeira_dag.py took 0.155 seconds
[2024-05-07T23:46:01.546-0300] {processor.py:161} INFO - Started process (PID=4039) to work on /mnt/c/Users/Tilto/Desktop/Work/Airflow/dags/primeira_dag.py
[2024-05-07T23:46:01.547-0300] {processor.py:830} INFO - Processing file /mnt/c/Users/Tilto/Desktop/Work/Airflow/dags/primeira_dag.py for tasks to queue
[2024-05-07T23:46:01.549-0300] {logging_mixin.py:188} INFO - [2024-05-07T23:46:01.548-0300] {dagbag.py:540} INFO - Filling up the DagBag from /mnt/c/Users/Tilto/Desktop/Work/Airflow/dags/primeira_dag.py
[2024-05-07T23:46:01.570-0300] {processor.py:840} INFO - DAG(s) 'a_primeira_DAG_v0' retrieved from /mnt/c/Users/Tilto/Desktop/Work/Airflow/dags/primeira_dag.py
[2024-05-07T23:46:01.594-0300] {logging_mixin.py:188} INFO - [2024-05-07T23:46:01.594-0300] {dag.py:3096} INFO - Sync 1 DAGs
[2024-05-07T23:46:01.618-0300] {logging_mixin.py:188} INFO - [2024-05-07T23:46:01.618-0300] {dag.py:3954} INFO - Setting next_dagrun for a_primeira_DAG_v0 to 2024-05-08 00:00:00+00:00, run_after=2024-05-09 00:00:00+00:00
[2024-05-07T23:46:01.678-0300] {processor.py:183} INFO - Processing /mnt/c/Users/Tilto/Desktop/Work/Airflow/dags/primeira_dag.py took 0.136 seconds
[2024-05-07T23:46:32.282-0300] {processor.py:161} INFO - Started process (PID=4180) to work on /mnt/c/Users/Tilto/Desktop/Work/Airflow/dags/primeira_dag.py
[2024-05-07T23:46:32.283-0300] {processor.py:830} INFO - Processing file /mnt/c/Users/Tilto/Desktop/Work/Airflow/dags/primeira_dag.py for tasks to queue
[2024-05-07T23:46:32.284-0300] {logging_mixin.py:188} INFO - [2024-05-07T23:46:32.284-0300] {dagbag.py:540} INFO - Filling up the DagBag from /mnt/c/Users/Tilto/Desktop/Work/Airflow/dags/primeira_dag.py
[2024-05-07T23:46:32.305-0300] {processor.py:840} INFO - DAG(s) 'a_primeira_DAG_v0' retrieved from /mnt/c/Users/Tilto/Desktop/Work/Airflow/dags/primeira_dag.py
[2024-05-07T23:46:32.330-0300] {logging_mixin.py:188} INFO - [2024-05-07T23:46:32.330-0300] {dag.py:3096} INFO - Sync 1 DAGs
[2024-05-07T23:46:32.355-0300] {logging_mixin.py:188} INFO - [2024-05-07T23:46:32.355-0300] {dag.py:3954} INFO - Setting next_dagrun for a_primeira_DAG_v0 to 2024-05-08 00:00:00+00:00, run_after=2024-05-09 00:00:00+00:00
[2024-05-07T23:46:32.413-0300] {processor.py:183} INFO - Processing /mnt/c/Users/Tilto/Desktop/Work/Airflow/dags/primeira_dag.py took 0.136 seconds
[2024-05-07T23:47:03.004-0300] {processor.py:161} INFO - Started process (PID=4326) to work on /mnt/c/Users/Tilto/Desktop/Work/Airflow/dags/primeira_dag.py
[2024-05-07T23:47:03.005-0300] {processor.py:830} INFO - Processing file /mnt/c/Users/Tilto/Desktop/Work/Airflow/dags/primeira_dag.py for tasks to queue
[2024-05-07T23:47:03.006-0300] {logging_mixin.py:188} INFO - [2024-05-07T23:47:03.006-0300] {dagbag.py:540} INFO - Filling up the DagBag from /mnt/c/Users/Tilto/Desktop/Work/Airflow/dags/primeira_dag.py
[2024-05-07T23:47:03.028-0300] {processor.py:840} INFO - DAG(s) 'a_primeira_DAG_v0' retrieved from /mnt/c/Users/Tilto/Desktop/Work/Airflow/dags/primeira_dag.py
[2024-05-07T23:47:03.056-0300] {logging_mixin.py:188} INFO - [2024-05-07T23:47:03.056-0300] {dag.py:3096} INFO - Sync 1 DAGs
[2024-05-07T23:47:03.083-0300] {logging_mixin.py:188} INFO - [2024-05-07T23:47:03.083-0300] {dag.py:3954} INFO - Setting next_dagrun for a_primeira_DAG_v0 to 2024-05-08 00:00:00+00:00, run_after=2024-05-09 00:00:00+00:00
[2024-05-07T23:47:03.204-0300] {processor.py:183} INFO - Processing /mnt/c/Users/Tilto/Desktop/Work/Airflow/dags/primeira_dag.py took 0.205 seconds
[2024-05-07T23:47:35.002-0300] {processor.py:161} INFO - Started process (PID=4486) to work on /mnt/c/Users/Tilto/Desktop/Work/Airflow/dags/primeira_dag.py
[2024-05-07T23:47:35.004-0300] {processor.py:830} INFO - Processing file /mnt/c/Users/Tilto/Desktop/Work/Airflow/dags/primeira_dag.py for tasks to queue
[2024-05-07T23:47:35.008-0300] {logging_mixin.py:188} INFO - [2024-05-07T23:47:35.008-0300] {dagbag.py:540} INFO - Filling up the DagBag from /mnt/c/Users/Tilto/Desktop/Work/Airflow/dags/primeira_dag.py
[2024-05-07T23:47:35.049-0300] {processor.py:840} INFO - DAG(s) 'a_primeira_DAG_v0' retrieved from /mnt/c/Users/Tilto/Desktop/Work/Airflow/dags/primeira_dag.py
[2024-05-07T23:47:35.085-0300] {logging_mixin.py:188} INFO - [2024-05-07T23:47:35.084-0300] {dag.py:3096} INFO - Sync 1 DAGs
[2024-05-07T23:47:35.108-0300] {logging_mixin.py:188} INFO - [2024-05-07T23:47:35.108-0300] {dag.py:3954} INFO - Setting next_dagrun for a_primeira_DAG_v0 to 2024-05-08 00:00:00+00:00, run_after=2024-05-09 00:00:00+00:00
[2024-05-07T23:47:35.162-0300] {processor.py:183} INFO - Processing /mnt/c/Users/Tilto/Desktop/Work/Airflow/dags/primeira_dag.py took 0.165 seconds
[2024-05-07T23:48:05.548-0300] {processor.py:161} INFO - Started process (PID=4626) to work on /mnt/c/Users/Tilto/Desktop/Work/Airflow/dags/primeira_dag.py
[2024-05-07T23:48:05.549-0300] {processor.py:830} INFO - Processing file /mnt/c/Users/Tilto/Desktop/Work/Airflow/dags/primeira_dag.py for tasks to queue
[2024-05-07T23:48:05.550-0300] {logging_mixin.py:188} INFO - [2024-05-07T23:48:05.550-0300] {dagbag.py:540} INFO - Filling up the DagBag from /mnt/c/Users/Tilto/Desktop/Work/Airflow/dags/primeira_dag.py
[2024-05-07T23:48:05.568-0300] {processor.py:840} INFO - DAG(s) 'a_primeira_DAG_v0' retrieved from /mnt/c/Users/Tilto/Desktop/Work/Airflow/dags/primeira_dag.py
[2024-05-07T23:48:05.591-0300] {logging_mixin.py:188} INFO - [2024-05-07T23:48:05.591-0300] {dag.py:3096} INFO - Sync 1 DAGs
[2024-05-07T23:48:05.613-0300] {logging_mixin.py:188} INFO - [2024-05-07T23:48:05.613-0300] {dag.py:3954} INFO - Setting next_dagrun for a_primeira_DAG_v0 to 2024-05-08 00:00:00+00:00, run_after=2024-05-09 00:00:00+00:00
[2024-05-07T23:48:05.660-0300] {processor.py:183} INFO - Processing /mnt/c/Users/Tilto/Desktop/Work/Airflow/dags/primeira_dag.py took 0.117 seconds
[2024-05-07T23:48:42.646-0300] {processor.py:161} INFO - Started process (PID=4835) to work on /mnt/c/Users/Tilto/Desktop/Work/Airflow/dags/primeira_dag.py
[2024-05-07T23:48:42.647-0300] {processor.py:830} INFO - Processing file /mnt/c/Users/Tilto/Desktop/Work/Airflow/dags/primeira_dag.py for tasks to queue
[2024-05-07T23:48:42.648-0300] {logging_mixin.py:188} INFO - [2024-05-07T23:48:42.648-0300] {dagbag.py:540} INFO - Filling up the DagBag from /mnt/c/Users/Tilto/Desktop/Work/Airflow/dags/primeira_dag.py
[2024-05-07T23:48:42.670-0300] {processor.py:840} INFO - DAG(s) 'a_primeira_DAG_v0' retrieved from /mnt/c/Users/Tilto/Desktop/Work/Airflow/dags/primeira_dag.py
[2024-05-07T23:48:42.684-0300] {logging_mixin.py:188} INFO - [2024-05-07T23:48:42.683-0300] {dag.py:3096} INFO - Sync 1 DAGs
[2024-05-07T23:48:42.708-0300] {logging_mixin.py:188} INFO - [2024-05-07T23:48:42.707-0300] {dag.py:3954} INFO - Setting next_dagrun for a_primeira_DAG_v0 to 2024-05-08 00:00:00+00:00, run_after=2024-05-09 00:00:00+00:00
[2024-05-07T23:48:42.766-0300] {processor.py:183} INFO - Processing /mnt/c/Users/Tilto/Desktop/Work/Airflow/dags/primeira_dag.py took 0.124 seconds
[2024-05-07T23:49:15.178-0300] {processor.py:161} INFO - Started process (PID=4995) to work on /mnt/c/Users/Tilto/Desktop/Work/Airflow/dags/primeira_dag.py
[2024-05-07T23:49:15.179-0300] {processor.py:830} INFO - Processing file /mnt/c/Users/Tilto/Desktop/Work/Airflow/dags/primeira_dag.py for tasks to queue
[2024-05-07T23:49:15.181-0300] {logging_mixin.py:188} INFO - [2024-05-07T23:49:15.181-0300] {dagbag.py:540} INFO - Filling up the DagBag from /mnt/c/Users/Tilto/Desktop/Work/Airflow/dags/primeira_dag.py
[2024-05-07T23:49:15.202-0300] {processor.py:840} INFO - DAG(s) 'a_primeira_DAG_v0' retrieved from /mnt/c/Users/Tilto/Desktop/Work/Airflow/dags/primeira_dag.py
[2024-05-07T23:49:15.329-0300] {logging_mixin.py:188} INFO - [2024-05-07T23:49:15.329-0300] {dag.py:3096} INFO - Sync 1 DAGs
[2024-05-07T23:49:15.354-0300] {logging_mixin.py:188} INFO - [2024-05-07T23:49:15.354-0300] {dag.py:3954} INFO - Setting next_dagrun for a_primeira_DAG_v0 to 2024-05-08 00:00:00+00:00, run_after=2024-05-09 00:00:00+00:00
[2024-05-07T23:49:15.448-0300] {processor.py:183} INFO - Processing /mnt/c/Users/Tilto/Desktop/Work/Airflow/dags/primeira_dag.py took 0.275 seconds
[2024-05-07T23:49:47.270-0300] {processor.py:161} INFO - Started process (PID=5145) to work on /mnt/c/Users/Tilto/Desktop/Work/Airflow/dags/primeira_dag.py
[2024-05-07T23:49:47.271-0300] {processor.py:830} INFO - Processing file /mnt/c/Users/Tilto/Desktop/Work/Airflow/dags/primeira_dag.py for tasks to queue
[2024-05-07T23:49:47.272-0300] {logging_mixin.py:188} INFO - [2024-05-07T23:49:47.272-0300] {dagbag.py:540} INFO - Filling up the DagBag from /mnt/c/Users/Tilto/Desktop/Work/Airflow/dags/primeira_dag.py
[2024-05-07T23:49:47.298-0300] {processor.py:840} INFO - DAG(s) 'a_primeira_DAG_v0' retrieved from /mnt/c/Users/Tilto/Desktop/Work/Airflow/dags/primeira_dag.py
[2024-05-07T23:49:47.328-0300] {logging_mixin.py:188} INFO - [2024-05-07T23:49:47.327-0300] {dag.py:3096} INFO - Sync 1 DAGs
[2024-05-07T23:49:47.364-0300] {logging_mixin.py:188} INFO - [2024-05-07T23:49:47.364-0300] {dag.py:3954} INFO - Setting next_dagrun for a_primeira_DAG_v0 to 2024-05-08 00:00:00+00:00, run_after=2024-05-09 00:00:00+00:00
[2024-05-07T23:49:47.433-0300] {processor.py:183} INFO - Processing /mnt/c/Users/Tilto/Desktop/Work/Airflow/dags/primeira_dag.py took 0.170 seconds
[2024-05-07T23:51:44.610-0300] {processor.py:161} INFO - Started process (PID=5749) to work on /mnt/c/Users/Tilto/Desktop/Work/Airflow/dags/primeira_dag.py
[2024-05-07T23:51:44.611-0300] {processor.py:830} INFO - Processing file /mnt/c/Users/Tilto/Desktop/Work/Airflow/dags/primeira_dag.py for tasks to queue
[2024-05-07T23:51:44.613-0300] {logging_mixin.py:188} INFO - [2024-05-07T23:51:44.612-0300] {dagbag.py:540} INFO - Filling up the DagBag from /mnt/c/Users/Tilto/Desktop/Work/Airflow/dags/primeira_dag.py
[2024-05-07T23:51:44.637-0300] {processor.py:840} INFO - DAG(s) 'a_primeira_DAG_v0' retrieved from /mnt/c/Users/Tilto/Desktop/Work/Airflow/dags/primeira_dag.py
[2024-05-07T23:51:44.704-0300] {logging_mixin.py:188} INFO - [2024-05-07T23:51:44.704-0300] {dag.py:3096} INFO - Sync 1 DAGs
[2024-05-07T23:51:44.731-0300] {logging_mixin.py:188} INFO - [2024-05-07T23:51:44.731-0300] {dag.py:3954} INFO - Setting next_dagrun for a_primeira_DAG_v0 to 2024-05-08 00:00:00+00:00, run_after=2024-05-09 00:00:00+00:00
[2024-05-07T23:51:44.831-0300] {processor.py:183} INFO - Processing /mnt/c/Users/Tilto/Desktop/Work/Airflow/dags/primeira_dag.py took 0.226 seconds
[2024-05-07T23:57:43.207-0300] {processor.py:161} INFO - Started process (PID=7432) to work on /mnt/c/Users/Tilto/Desktop/Work/Airflow/dags/primeira_dag.py
[2024-05-07T23:57:43.208-0300] {processor.py:830} INFO - Processing file /mnt/c/Users/Tilto/Desktop/Work/Airflow/dags/primeira_dag.py for tasks to queue
[2024-05-07T23:57:43.209-0300] {logging_mixin.py:188} INFO - [2024-05-07T23:57:43.209-0300] {dagbag.py:540} INFO - Filling up the DagBag from /mnt/c/Users/Tilto/Desktop/Work/Airflow/dags/primeira_dag.py
[2024-05-07T23:57:43.232-0300] {processor.py:840} INFO - DAG(s) 'a_primeira_DAG_v0' retrieved from /mnt/c/Users/Tilto/Desktop/Work/Airflow/dags/primeira_dag.py
[2024-05-07T23:57:43.425-0300] {logging_mixin.py:188} INFO - [2024-05-07T23:57:43.424-0300] {dag.py:3096} INFO - Sync 1 DAGs
[2024-05-07T23:57:43.447-0300] {logging_mixin.py:188} INFO - [2024-05-07T23:57:43.447-0300] {dag.py:3954} INFO - Setting next_dagrun for a_primeira_DAG_v0 to 2024-05-08 00:00:00+00:00, run_after=2024-05-09 00:00:00+00:00
[2024-05-07T23:57:43.511-0300] {processor.py:183} INFO - Processing /mnt/c/Users/Tilto/Desktop/Work/Airflow/dags/primeira_dag.py took 0.309 seconds
[2024-05-07T23:58:14.181-0300] {processor.py:161} INFO - Started process (PID=7574) to work on /mnt/c/Users/Tilto/Desktop/Work/Airflow/dags/primeira_dag.py
[2024-05-07T23:58:14.182-0300] {processor.py:830} INFO - Processing file /mnt/c/Users/Tilto/Desktop/Work/Airflow/dags/primeira_dag.py for tasks to queue
[2024-05-07T23:58:14.183-0300] {logging_mixin.py:188} INFO - [2024-05-07T23:58:14.183-0300] {dagbag.py:540} INFO - Filling up the DagBag from /mnt/c/Users/Tilto/Desktop/Work/Airflow/dags/primeira_dag.py
[2024-05-07T23:58:14.204-0300] {processor.py:840} INFO - DAG(s) 'a_primeira_DAG_v0' retrieved from /mnt/c/Users/Tilto/Desktop/Work/Airflow/dags/primeira_dag.py
[2024-05-07T23:58:14.229-0300] {logging_mixin.py:188} INFO - [2024-05-07T23:58:14.229-0300] {dag.py:3096} INFO - Sync 1 DAGs
[2024-05-07T23:58:14.251-0300] {logging_mixin.py:188} INFO - [2024-05-07T23:58:14.251-0300] {dag.py:3954} INFO - Setting next_dagrun for a_primeira_DAG_v0 to 2024-05-08 00:00:00+00:00, run_after=2024-05-09 00:00:00+00:00
[2024-05-07T23:58:14.310-0300] {processor.py:183} INFO - Processing /mnt/c/Users/Tilto/Desktop/Work/Airflow/dags/primeira_dag.py took 0.133 seconds
[2024-05-07T23:58:45.615-0300] {processor.py:161} INFO - Started process (PID=7718) to work on /mnt/c/Users/Tilto/Desktop/Work/Airflow/dags/primeira_dag.py
[2024-05-07T23:58:45.616-0300] {processor.py:830} INFO - Processing file /mnt/c/Users/Tilto/Desktop/Work/Airflow/dags/primeira_dag.py for tasks to queue
[2024-05-07T23:58:45.617-0300] {logging_mixin.py:188} INFO - [2024-05-07T23:58:45.617-0300] {dagbag.py:540} INFO - Filling up the DagBag from /mnt/c/Users/Tilto/Desktop/Work/Airflow/dags/primeira_dag.py
[2024-05-07T23:58:45.639-0300] {processor.py:840} INFO - DAG(s) 'a_primeira_DAG_v0' retrieved from /mnt/c/Users/Tilto/Desktop/Work/Airflow/dags/primeira_dag.py
[2024-05-07T23:58:45.667-0300] {logging_mixin.py:188} INFO - [2024-05-07T23:58:45.667-0300] {dag.py:3096} INFO - Sync 1 DAGs
[2024-05-07T23:58:45.691-0300] {logging_mixin.py:188} INFO - [2024-05-07T23:58:45.690-0300] {dag.py:3954} INFO - Setting next_dagrun for a_primeira_DAG_v0 to 2024-05-08 00:00:00+00:00, run_after=2024-05-09 00:00:00+00:00
[2024-05-07T23:58:45.944-0300] {processor.py:183} INFO - Processing /mnt/c/Users/Tilto/Desktop/Work/Airflow/dags/primeira_dag.py took 0.333 seconds
[2024-05-07T23:59:37.912-0300] {processor.py:161} INFO - Started process (PID=8008) to work on /mnt/c/Users/Tilto/Desktop/Work/Airflow/dags/primeira_dag.py
[2024-05-07T23:59:37.914-0300] {processor.py:830} INFO - Processing file /mnt/c/Users/Tilto/Desktop/Work/Airflow/dags/primeira_dag.py for tasks to queue
[2024-05-07T23:59:37.917-0300] {logging_mixin.py:188} INFO - [2024-05-07T23:59:37.916-0300] {dagbag.py:540} INFO - Filling up the DagBag from /mnt/c/Users/Tilto/Desktop/Work/Airflow/dags/primeira_dag.py
[2024-05-07T23:59:37.968-0300] {processor.py:840} INFO - DAG(s) 'a_primeira_DAG_v0' retrieved from /mnt/c/Users/Tilto/Desktop/Work/Airflow/dags/primeira_dag.py
[2024-05-07T23:59:37.989-0300] {logging_mixin.py:188} INFO - [2024-05-07T23:59:37.989-0300] {dag.py:3096} INFO - Sync 1 DAGs
[2024-05-07T23:59:38.017-0300] {logging_mixin.py:188} INFO - [2024-05-07T23:59:38.017-0300] {dag.py:3954} INFO - Setting next_dagrun for a_primeira_DAG_v0 to 2024-05-08 00:00:00+00:00, run_after=2024-05-09 00:00:00+00:00
[2024-05-07T23:59:38.080-0300] {processor.py:183} INFO - Processing /mnt/c/Users/Tilto/Desktop/Work/Airflow/dags/primeira_dag.py took 0.187 seconds
[2024-05-08T00:00:09.431-0300] {processor.py:161} INFO - Started process (PID=8162) to work on /mnt/c/Users/Tilto/Desktop/Work/Airflow/dags/primeira_dag.py
[2024-05-08T00:00:09.433-0300] {processor.py:830} INFO - Processing file /mnt/c/Users/Tilto/Desktop/Work/Airflow/dags/primeira_dag.py for tasks to queue
[2024-05-08T00:00:09.435-0300] {logging_mixin.py:188} INFO - [2024-05-08T00:00:09.434-0300] {dagbag.py:540} INFO - Filling up the DagBag from /mnt/c/Users/Tilto/Desktop/Work/Airflow/dags/primeira_dag.py
[2024-05-08T00:00:09.459-0300] {processor.py:840} INFO - DAG(s) 'a_primeira_DAG_v0' retrieved from /mnt/c/Users/Tilto/Desktop/Work/Airflow/dags/primeira_dag.py
[2024-05-08T00:00:09.567-0300] {logging_mixin.py:188} INFO - [2024-05-08T00:00:09.567-0300] {dag.py:3096} INFO - Sync 1 DAGs
[2024-05-08T00:00:09.590-0300] {logging_mixin.py:188} INFO - [2024-05-08T00:00:09.590-0300] {dag.py:3954} INFO - Setting next_dagrun for a_primeira_DAG_v0 to 2024-05-08 00:00:00+00:00, run_after=2024-05-09 00:00:00+00:00
[2024-05-08T00:00:09.650-0300] {processor.py:183} INFO - Processing /mnt/c/Users/Tilto/Desktop/Work/Airflow/dags/primeira_dag.py took 0.225 seconds
[2024-05-08T00:00:49.763-0300] {processor.py:161} INFO - Started process (PID=8383) to work on /mnt/c/Users/Tilto/Desktop/Work/Airflow/dags/primeira_dag.py
[2024-05-08T00:00:49.764-0300] {processor.py:830} INFO - Processing file /mnt/c/Users/Tilto/Desktop/Work/Airflow/dags/primeira_dag.py for tasks to queue
[2024-05-08T00:00:49.766-0300] {logging_mixin.py:188} INFO - [2024-05-08T00:00:49.765-0300] {dagbag.py:540} INFO - Filling up the DagBag from /mnt/c/Users/Tilto/Desktop/Work/Airflow/dags/primeira_dag.py
[2024-05-08T00:00:49.788-0300] {processor.py:840} INFO - DAG(s) 'a_primeira_DAG_v0' retrieved from /mnt/c/Users/Tilto/Desktop/Work/Airflow/dags/primeira_dag.py
[2024-05-08T00:00:49.800-0300] {logging_mixin.py:188} INFO - [2024-05-08T00:00:49.800-0300] {dag.py:3096} INFO - Sync 1 DAGs
[2024-05-08T00:00:49.824-0300] {logging_mixin.py:188} INFO - [2024-05-08T00:00:49.823-0300] {dag.py:3954} INFO - Setting next_dagrun for a_primeira_DAG_v0 to 2024-05-08 00:00:00+00:00, run_after=2024-05-09 00:00:00+00:00
[2024-05-08T00:00:49.882-0300] {processor.py:183} INFO - Processing /mnt/c/Users/Tilto/Desktop/Work/Airflow/dags/primeira_dag.py took 0.124 seconds
[2024-05-08T00:01:21.547-0300] {processor.py:161} INFO - Started process (PID=8533) to work on /mnt/c/Users/Tilto/Desktop/Work/Airflow/dags/primeira_dag.py
[2024-05-08T00:01:21.548-0300] {processor.py:830} INFO - Processing file /mnt/c/Users/Tilto/Desktop/Work/Airflow/dags/primeira_dag.py for tasks to queue
[2024-05-08T00:01:21.550-0300] {logging_mixin.py:188} INFO - [2024-05-08T00:01:21.549-0300] {dagbag.py:540} INFO - Filling up the DagBag from /mnt/c/Users/Tilto/Desktop/Work/Airflow/dags/primeira_dag.py
[2024-05-08T00:01:21.571-0300] {processor.py:840} INFO - DAG(s) 'a_primeira_DAG_v0' retrieved from /mnt/c/Users/Tilto/Desktop/Work/Airflow/dags/primeira_dag.py
[2024-05-08T00:01:21.671-0300] {logging_mixin.py:188} INFO - [2024-05-08T00:01:21.671-0300] {dag.py:3096} INFO - Sync 1 DAGs
[2024-05-08T00:01:21.695-0300] {logging_mixin.py:188} INFO - [2024-05-08T00:01:21.694-0300] {dag.py:3954} INFO - Setting next_dagrun for a_primeira_DAG_v0 to 2024-05-08 00:00:00+00:00, run_after=2024-05-09 00:00:00+00:00
[2024-05-08T00:01:21.753-0300] {processor.py:183} INFO - Processing /mnt/c/Users/Tilto/Desktop/Work/Airflow/dags/primeira_dag.py took 0.210 seconds
[2024-05-08T00:01:52.325-0300] {processor.py:161} INFO - Started process (PID=8675) to work on /mnt/c/Users/Tilto/Desktop/Work/Airflow/dags/primeira_dag.py
[2024-05-08T00:01:52.326-0300] {processor.py:830} INFO - Processing file /mnt/c/Users/Tilto/Desktop/Work/Airflow/dags/primeira_dag.py for tasks to queue
[2024-05-08T00:01:52.327-0300] {logging_mixin.py:188} INFO - [2024-05-08T00:01:52.327-0300] {dagbag.py:540} INFO - Filling up the DagBag from /mnt/c/Users/Tilto/Desktop/Work/Airflow/dags/primeira_dag.py
[2024-05-08T00:01:52.350-0300] {processor.py:840} INFO - DAG(s) 'a_primeira_DAG_v0' retrieved from /mnt/c/Users/Tilto/Desktop/Work/Airflow/dags/primeira_dag.py
[2024-05-08T00:01:52.377-0300] {logging_mixin.py:188} INFO - [2024-05-08T00:01:52.376-0300] {dag.py:3096} INFO - Sync 1 DAGs
[2024-05-08T00:01:52.399-0300] {logging_mixin.py:188} INFO - [2024-05-08T00:01:52.399-0300] {dag.py:3954} INFO - Setting next_dagrun for a_primeira_DAG_v0 to 2024-05-08 00:00:00+00:00, run_after=2024-05-09 00:00:00+00:00
[2024-05-08T00:01:52.456-0300] {processor.py:183} INFO - Processing /mnt/c/Users/Tilto/Desktop/Work/Airflow/dags/primeira_dag.py took 0.136 seconds
[2024-05-08T00:02:24.301-0300] {processor.py:161} INFO - Started process (PID=8870) to work on /mnt/c/Users/Tilto/Desktop/Work/Airflow/dags/primeira_dag.py
[2024-05-08T00:02:24.303-0300] {processor.py:830} INFO - Processing file /mnt/c/Users/Tilto/Desktop/Work/Airflow/dags/primeira_dag.py for tasks to queue
[2024-05-08T00:02:24.306-0300] {logging_mixin.py:188} INFO - [2024-05-08T00:02:24.305-0300] {dagbag.py:540} INFO - Filling up the DagBag from /mnt/c/Users/Tilto/Desktop/Work/Airflow/dags/primeira_dag.py
[2024-05-08T00:02:24.341-0300] {processor.py:840} INFO - DAG(s) 'a_primeira_DAG_v0' retrieved from /mnt/c/Users/Tilto/Desktop/Work/Airflow/dags/primeira_dag.py
[2024-05-08T00:02:24.378-0300] {logging_mixin.py:188} INFO - [2024-05-08T00:02:24.378-0300] {dag.py:3096} INFO - Sync 1 DAGs
[2024-05-08T00:02:24.409-0300] {logging_mixin.py:188} INFO - [2024-05-08T00:02:24.409-0300] {dag.py:3954} INFO - Setting next_dagrun for a_primeira_DAG_v0 to 2024-05-08 00:00:00+00:00, run_after=2024-05-09 00:00:00+00:00
[2024-05-08T00:02:24.486-0300] {processor.py:183} INFO - Processing /mnt/c/Users/Tilto/Desktop/Work/Airflow/dags/primeira_dag.py took 0.190 seconds
[2024-05-08T00:02:55.719-0300] {processor.py:161} INFO - Started process (PID=9053) to work on /mnt/c/Users/Tilto/Desktop/Work/Airflow/dags/primeira_dag.py
[2024-05-08T00:02:55.720-0300] {processor.py:830} INFO - Processing file /mnt/c/Users/Tilto/Desktop/Work/Airflow/dags/primeira_dag.py for tasks to queue
[2024-05-08T00:02:55.721-0300] {logging_mixin.py:188} INFO - [2024-05-08T00:02:55.721-0300] {dagbag.py:540} INFO - Filling up the DagBag from /mnt/c/Users/Tilto/Desktop/Work/Airflow/dags/primeira_dag.py
[2024-05-08T00:02:55.744-0300] {processor.py:840} INFO - DAG(s) 'a_primeira_DAG_v0' retrieved from /mnt/c/Users/Tilto/Desktop/Work/Airflow/dags/primeira_dag.py
[2024-05-08T00:02:55.769-0300] {logging_mixin.py:188} INFO - [2024-05-08T00:02:55.768-0300] {dag.py:3096} INFO - Sync 1 DAGs
[2024-05-08T00:02:55.793-0300] {logging_mixin.py:188} INFO - [2024-05-08T00:02:55.793-0300] {dag.py:3954} INFO - Setting next_dagrun for a_primeira_DAG_v0 to 2024-05-08 00:00:00+00:00, run_after=2024-05-09 00:00:00+00:00
[2024-05-08T00:02:55.851-0300] {processor.py:183} INFO - Processing /mnt/c/Users/Tilto/Desktop/Work/Airflow/dags/primeira_dag.py took 0.136 seconds
[2024-05-08T00:03:26.245-0300] {processor.py:161} INFO - Started process (PID=9199) to work on /mnt/c/Users/Tilto/Desktop/Work/Airflow/dags/primeira_dag.py
[2024-05-08T00:03:26.246-0300] {processor.py:830} INFO - Processing file /mnt/c/Users/Tilto/Desktop/Work/Airflow/dags/primeira_dag.py for tasks to queue
[2024-05-08T00:03:26.248-0300] {logging_mixin.py:188} INFO - [2024-05-08T00:03:26.248-0300] {dagbag.py:540} INFO - Filling up the DagBag from /mnt/c/Users/Tilto/Desktop/Work/Airflow/dags/primeira_dag.py
[2024-05-08T00:03:26.268-0300] {processor.py:840} INFO - DAG(s) 'a_primeira_DAG_v0' retrieved from /mnt/c/Users/Tilto/Desktop/Work/Airflow/dags/primeira_dag.py
[2024-05-08T00:03:26.297-0300] {logging_mixin.py:188} INFO - [2024-05-08T00:03:26.297-0300] {dag.py:3096} INFO - Sync 1 DAGs
[2024-05-08T00:03:26.322-0300] {logging_mixin.py:188} INFO - [2024-05-08T00:03:26.322-0300] {dag.py:3954} INFO - Setting next_dagrun for a_primeira_DAG_v0 to 2024-05-08 00:00:00+00:00, run_after=2024-05-09 00:00:00+00:00
[2024-05-08T00:03:26.379-0300] {processor.py:183} INFO - Processing /mnt/c/Users/Tilto/Desktop/Work/Airflow/dags/primeira_dag.py took 0.138 seconds
[2024-05-08T00:03:58.063-0300] {processor.py:161} INFO - Started process (PID=9344) to work on /mnt/c/Users/Tilto/Desktop/Work/Airflow/dags/primeira_dag.py
[2024-05-08T00:03:58.063-0300] {processor.py:830} INFO - Processing file /mnt/c/Users/Tilto/Desktop/Work/Airflow/dags/primeira_dag.py for tasks to queue
[2024-05-08T00:03:58.065-0300] {logging_mixin.py:188} INFO - [2024-05-08T00:03:58.065-0300] {dagbag.py:540} INFO - Filling up the DagBag from /mnt/c/Users/Tilto/Desktop/Work/Airflow/dags/primeira_dag.py
[2024-05-08T00:03:58.084-0300] {processor.py:840} INFO - DAG(s) 'a_primeira_DAG_v0' retrieved from /mnt/c/Users/Tilto/Desktop/Work/Airflow/dags/primeira_dag.py
[2024-05-08T00:03:58.113-0300] {logging_mixin.py:188} INFO - [2024-05-08T00:03:58.113-0300] {dag.py:3096} INFO - Sync 1 DAGs
[2024-05-08T00:03:58.138-0300] {logging_mixin.py:188} INFO - [2024-05-08T00:03:58.137-0300] {dag.py:3954} INFO - Setting next_dagrun for a_primeira_DAG_v0 to 2024-05-08 00:00:00+00:00, run_after=2024-05-09 00:00:00+00:00
[2024-05-08T00:03:58.194-0300] {processor.py:183} INFO - Processing /mnt/c/Users/Tilto/Desktop/Work/Airflow/dags/primeira_dag.py took 0.137 seconds
[2024-05-08T00:04:46.337-0300] {processor.py:161} INFO - Started process (PID=9615) to work on /mnt/c/Users/Tilto/Desktop/Work/Airflow/dags/primeira_dag.py
[2024-05-08T00:04:46.338-0300] {processor.py:830} INFO - Processing file /mnt/c/Users/Tilto/Desktop/Work/Airflow/dags/primeira_dag.py for tasks to queue
[2024-05-08T00:04:46.339-0300] {logging_mixin.py:188} INFO - [2024-05-08T00:04:46.339-0300] {dagbag.py:540} INFO - Filling up the DagBag from /mnt/c/Users/Tilto/Desktop/Work/Airflow/dags/primeira_dag.py
[2024-05-08T00:04:46.364-0300] {processor.py:840} INFO - DAG(s) 'a_primeira_DAG_v0' retrieved from /mnt/c/Users/Tilto/Desktop/Work/Airflow/dags/primeira_dag.py
[2024-05-08T00:04:46.378-0300] {logging_mixin.py:188} INFO - [2024-05-08T00:04:46.378-0300] {dag.py:3096} INFO - Sync 1 DAGs
[2024-05-08T00:04:46.405-0300] {logging_mixin.py:188} INFO - [2024-05-08T00:04:46.404-0300] {dag.py:3954} INFO - Setting next_dagrun for a_primeira_DAG_v0 to 2024-05-08 00:00:00+00:00, run_after=2024-05-09 00:00:00+00:00
[2024-05-08T00:04:46.469-0300] {processor.py:183} INFO - Processing /mnt/c/Users/Tilto/Desktop/Work/Airflow/dags/primeira_dag.py took 0.137 seconds
[2024-05-08T00:05:45.194-0300] {processor.py:161} INFO - Started process (PID=9887) to work on /mnt/c/Users/Tilto/Desktop/Work/Airflow/dags/primeira_dag.py
[2024-05-08T00:05:45.196-0300] {processor.py:830} INFO - Processing file /mnt/c/Users/Tilto/Desktop/Work/Airflow/dags/primeira_dag.py for tasks to queue
[2024-05-08T00:05:45.198-0300] {logging_mixin.py:188} INFO - [2024-05-08T00:05:45.197-0300] {dagbag.py:540} INFO - Filling up the DagBag from /mnt/c/Users/Tilto/Desktop/Work/Airflow/dags/primeira_dag.py
[2024-05-08T00:05:45.220-0300] {processor.py:840} INFO - DAG(s) 'a_primeira_DAG_v0' retrieved from /mnt/c/Users/Tilto/Desktop/Work/Airflow/dags/primeira_dag.py
[2024-05-08T00:05:45.330-0300] {logging_mixin.py:188} INFO - [2024-05-08T00:05:45.330-0300] {dag.py:3096} INFO - Sync 1 DAGs
[2024-05-08T00:05:45.355-0300] {logging_mixin.py:188} INFO - [2024-05-08T00:05:45.355-0300] {dag.py:3954} INFO - Setting next_dagrun for a_primeira_DAG_v0 to 2024-05-08 00:00:00+00:00, run_after=2024-05-09 00:00:00+00:00
[2024-05-08T00:05:45.519-0300] {processor.py:183} INFO - Processing /mnt/c/Users/Tilto/Desktop/Work/Airflow/dags/primeira_dag.py took 0.330 seconds
[2024-05-08T00:06:15.806-0300] {processor.py:161} INFO - Started process (PID=10031) to work on /mnt/c/Users/Tilto/Desktop/Work/Airflow/dags/primeira_dag.py
[2024-05-08T00:06:15.807-0300] {processor.py:830} INFO - Processing file /mnt/c/Users/Tilto/Desktop/Work/Airflow/dags/primeira_dag.py for tasks to queue
[2024-05-08T00:06:15.809-0300] {logging_mixin.py:188} INFO - [2024-05-08T00:06:15.808-0300] {dagbag.py:540} INFO - Filling up the DagBag from /mnt/c/Users/Tilto/Desktop/Work/Airflow/dags/primeira_dag.py
[2024-05-08T00:06:15.834-0300] {processor.py:840} INFO - DAG(s) 'a_primeira_DAG_v0' retrieved from /mnt/c/Users/Tilto/Desktop/Work/Airflow/dags/primeira_dag.py
[2024-05-08T00:06:15.934-0300] {logging_mixin.py:188} INFO - [2024-05-08T00:06:15.934-0300] {dag.py:3096} INFO - Sync 1 DAGs
[2024-05-08T00:06:15.981-0300] {logging_mixin.py:188} INFO - [2024-05-08T00:06:15.981-0300] {dag.py:3954} INFO - Setting next_dagrun for a_primeira_DAG_v0 to 2024-05-08 00:00:00+00:00, run_after=2024-05-09 00:00:00+00:00
[2024-05-08T00:06:16.061-0300] {processor.py:183} INFO - Processing /mnt/c/Users/Tilto/Desktop/Work/Airflow/dags/primeira_dag.py took 0.260 seconds
[2024-05-08T00:06:46.806-0300] {processor.py:161} INFO - Started process (PID=10178) to work on /mnt/c/Users/Tilto/Desktop/Work/Airflow/dags/primeira_dag.py
[2024-05-08T00:06:46.807-0300] {processor.py:830} INFO - Processing file /mnt/c/Users/Tilto/Desktop/Work/Airflow/dags/primeira_dag.py for tasks to queue
[2024-05-08T00:06:46.809-0300] {logging_mixin.py:188} INFO - [2024-05-08T00:06:46.808-0300] {dagbag.py:540} INFO - Filling up the DagBag from /mnt/c/Users/Tilto/Desktop/Work/Airflow/dags/primeira_dag.py
[2024-05-08T00:06:46.830-0300] {processor.py:840} INFO - DAG(s) 'a_primeira_DAG_v0' retrieved from /mnt/c/Users/Tilto/Desktop/Work/Airflow/dags/primeira_dag.py
[2024-05-08T00:06:46.855-0300] {logging_mixin.py:188} INFO - [2024-05-08T00:06:46.855-0300] {dag.py:3096} INFO - Sync 1 DAGs
[2024-05-08T00:06:46.878-0300] {logging_mixin.py:188} INFO - [2024-05-08T00:06:46.878-0300] {dag.py:3954} INFO - Setting next_dagrun for a_primeira_DAG_v0 to 2024-05-08 00:00:00+00:00, run_after=2024-05-09 00:00:00+00:00
[2024-05-08T00:06:46.935-0300] {processor.py:183} INFO - Processing /mnt/c/Users/Tilto/Desktop/Work/Airflow/dags/primeira_dag.py took 0.134 seconds
[2024-05-08T00:07:17.593-0300] {processor.py:161} INFO - Started process (PID=10321) to work on /mnt/c/Users/Tilto/Desktop/Work/Airflow/dags/primeira_dag.py
[2024-05-08T00:07:17.594-0300] {processor.py:830} INFO - Processing file /mnt/c/Users/Tilto/Desktop/Work/Airflow/dags/primeira_dag.py for tasks to queue
[2024-05-08T00:07:17.595-0300] {logging_mixin.py:188} INFO - [2024-05-08T00:07:17.595-0300] {dagbag.py:540} INFO - Filling up the DagBag from /mnt/c/Users/Tilto/Desktop/Work/Airflow/dags/primeira_dag.py
[2024-05-08T00:07:17.617-0300] {processor.py:840} INFO - DAG(s) 'a_primeira_DAG_v0' retrieved from /mnt/c/Users/Tilto/Desktop/Work/Airflow/dags/primeira_dag.py
[2024-05-08T00:07:17.643-0300] {logging_mixin.py:188} INFO - [2024-05-08T00:07:17.643-0300] {dag.py:3096} INFO - Sync 1 DAGs
[2024-05-08T00:07:17.666-0300] {logging_mixin.py:188} INFO - [2024-05-08T00:07:17.666-0300] {dag.py:3954} INFO - Setting next_dagrun for a_primeira_DAG_v0 to 2024-05-08 00:00:00+00:00, run_after=2024-05-09 00:00:00+00:00
[2024-05-08T00:07:17.725-0300] {processor.py:183} INFO - Processing /mnt/c/Users/Tilto/Desktop/Work/Airflow/dags/primeira_dag.py took 0.137 seconds
[2024-05-08T00:07:48.499-0300] {processor.py:161} INFO - Started process (PID=10463) to work on /mnt/c/Users/Tilto/Desktop/Work/Airflow/dags/primeira_dag.py
[2024-05-08T00:07:48.500-0300] {processor.py:830} INFO - Processing file /mnt/c/Users/Tilto/Desktop/Work/Airflow/dags/primeira_dag.py for tasks to queue
[2024-05-08T00:07:48.501-0300] {logging_mixin.py:188} INFO - [2024-05-08T00:07:48.501-0300] {dagbag.py:540} INFO - Filling up the DagBag from /mnt/c/Users/Tilto/Desktop/Work/Airflow/dags/primeira_dag.py
[2024-05-08T00:07:48.525-0300] {processor.py:840} INFO - DAG(s) 'a_primeira_DAG_v0' retrieved from /mnt/c/Users/Tilto/Desktop/Work/Airflow/dags/primeira_dag.py
[2024-05-08T00:07:48.552-0300] {logging_mixin.py:188} INFO - [2024-05-08T00:07:48.552-0300] {dag.py:3096} INFO - Sync 1 DAGs
[2024-05-08T00:07:48.579-0300] {logging_mixin.py:188} INFO - [2024-05-08T00:07:48.579-0300] {dag.py:3954} INFO - Setting next_dagrun for a_primeira_DAG_v0 to 2024-05-08 00:00:00+00:00, run_after=2024-05-09 00:00:00+00:00
[2024-05-08T00:07:48.715-0300] {processor.py:183} INFO - Processing /mnt/c/Users/Tilto/Desktop/Work/Airflow/dags/primeira_dag.py took 0.220 seconds
[2024-05-08T00:08:19.507-0300] {processor.py:161} INFO - Started process (PID=10605) to work on /mnt/c/Users/Tilto/Desktop/Work/Airflow/dags/primeira_dag.py
[2024-05-08T00:08:19.508-0300] {processor.py:830} INFO - Processing file /mnt/c/Users/Tilto/Desktop/Work/Airflow/dags/primeira_dag.py for tasks to queue
[2024-05-08T00:08:19.510-0300] {logging_mixin.py:188} INFO - [2024-05-08T00:08:19.509-0300] {dagbag.py:540} INFO - Filling up the DagBag from /mnt/c/Users/Tilto/Desktop/Work/Airflow/dags/primeira_dag.py
[2024-05-08T00:08:19.534-0300] {processor.py:840} INFO - DAG(s) 'a_primeira_DAG_v0' retrieved from /mnt/c/Users/Tilto/Desktop/Work/Airflow/dags/primeira_dag.py
[2024-05-08T00:08:19.564-0300] {logging_mixin.py:188} INFO - [2024-05-08T00:08:19.563-0300] {dag.py:3096} INFO - Sync 1 DAGs
[2024-05-08T00:08:19.588-0300] {logging_mixin.py:188} INFO - [2024-05-08T00:08:19.587-0300] {dag.py:3954} INFO - Setting next_dagrun for a_primeira_DAG_v0 to 2024-05-08 00:00:00+00:00, run_after=2024-05-09 00:00:00+00:00
[2024-05-08T00:08:19.648-0300] {processor.py:183} INFO - Processing /mnt/c/Users/Tilto/Desktop/Work/Airflow/dags/primeira_dag.py took 0.145 seconds
[2024-05-08T00:08:50.660-0300] {processor.py:161} INFO - Started process (PID=10747) to work on /mnt/c/Users/Tilto/Desktop/Work/Airflow/dags/primeira_dag.py
[2024-05-08T00:08:50.661-0300] {processor.py:830} INFO - Processing file /mnt/c/Users/Tilto/Desktop/Work/Airflow/dags/primeira_dag.py for tasks to queue
[2024-05-08T00:08:50.662-0300] {logging_mixin.py:188} INFO - [2024-05-08T00:08:50.662-0300] {dagbag.py:540} INFO - Filling up the DagBag from /mnt/c/Users/Tilto/Desktop/Work/Airflow/dags/primeira_dag.py
[2024-05-08T00:08:50.685-0300] {processor.py:840} INFO - DAG(s) 'a_primeira_DAG_v0' retrieved from /mnt/c/Users/Tilto/Desktop/Work/Airflow/dags/primeira_dag.py
[2024-05-08T00:08:50.711-0300] {logging_mixin.py:188} INFO - [2024-05-08T00:08:50.711-0300] {dag.py:3096} INFO - Sync 1 DAGs
[2024-05-08T00:08:50.735-0300] {logging_mixin.py:188} INFO - [2024-05-08T00:08:50.735-0300] {dag.py:3954} INFO - Setting next_dagrun for a_primeira_DAG_v0 to 2024-05-08 00:00:00+00:00, run_after=2024-05-09 00:00:00+00:00
[2024-05-08T00:08:50.797-0300] {processor.py:183} INFO - Processing /mnt/c/Users/Tilto/Desktop/Work/Airflow/dags/primeira_dag.py took 0.142 seconds
[2024-05-08T00:09:21.574-0300] {processor.py:161} INFO - Started process (PID=10892) to work on /mnt/c/Users/Tilto/Desktop/Work/Airflow/dags/primeira_dag.py
[2024-05-08T00:09:21.575-0300] {processor.py:830} INFO - Processing file /mnt/c/Users/Tilto/Desktop/Work/Airflow/dags/primeira_dag.py for tasks to queue
[2024-05-08T00:09:21.576-0300] {logging_mixin.py:188} INFO - [2024-05-08T00:09:21.576-0300] {dagbag.py:540} INFO - Filling up the DagBag from /mnt/c/Users/Tilto/Desktop/Work/Airflow/dags/primeira_dag.py
[2024-05-08T00:09:21.598-0300] {processor.py:840} INFO - DAG(s) 'a_primeira_DAG_v0' retrieved from /mnt/c/Users/Tilto/Desktop/Work/Airflow/dags/primeira_dag.py
[2024-05-08T00:09:21.623-0300] {logging_mixin.py:188} INFO - [2024-05-08T00:09:21.622-0300] {dag.py:3096} INFO - Sync 1 DAGs
[2024-05-08T00:09:21.646-0300] {logging_mixin.py:188} INFO - [2024-05-08T00:09:21.646-0300] {dag.py:3954} INFO - Setting next_dagrun for a_primeira_DAG_v0 to 2024-05-08 00:00:00+00:00, run_after=2024-05-09 00:00:00+00:00
[2024-05-08T00:09:21.750-0300] {processor.py:183} INFO - Processing /mnt/c/Users/Tilto/Desktop/Work/Airflow/dags/primeira_dag.py took 0.180 seconds
[2024-05-08T00:09:52.596-0300] {processor.py:161} INFO - Started process (PID=11035) to work on /mnt/c/Users/Tilto/Desktop/Work/Airflow/dags/primeira_dag.py
[2024-05-08T00:09:52.597-0300] {processor.py:830} INFO - Processing file /mnt/c/Users/Tilto/Desktop/Work/Airflow/dags/primeira_dag.py for tasks to queue
[2024-05-08T00:09:52.598-0300] {logging_mixin.py:188} INFO - [2024-05-08T00:09:52.598-0300] {dagbag.py:540} INFO - Filling up the DagBag from /mnt/c/Users/Tilto/Desktop/Work/Airflow/dags/primeira_dag.py
[2024-05-08T00:09:52.619-0300] {processor.py:840} INFO - DAG(s) 'a_primeira_DAG_v0' retrieved from /mnt/c/Users/Tilto/Desktop/Work/Airflow/dags/primeira_dag.py
[2024-05-08T00:09:52.645-0300] {logging_mixin.py:188} INFO - [2024-05-08T00:09:52.644-0300] {dag.py:3096} INFO - Sync 1 DAGs
[2024-05-08T00:09:52.668-0300] {logging_mixin.py:188} INFO - [2024-05-08T00:09:52.668-0300] {dag.py:3954} INFO - Setting next_dagrun for a_primeira_DAG_v0 to 2024-05-08 00:00:00+00:00, run_after=2024-05-09 00:00:00+00:00
[2024-05-08T00:09:52.727-0300] {processor.py:183} INFO - Processing /mnt/c/Users/Tilto/Desktop/Work/Airflow/dags/primeira_dag.py took 0.135 seconds
[2024-05-08T00:10:23.679-0300] {processor.py:161} INFO - Started process (PID=11178) to work on /mnt/c/Users/Tilto/Desktop/Work/Airflow/dags/primeira_dag.py
[2024-05-08T00:10:23.681-0300] {processor.py:830} INFO - Processing file /mnt/c/Users/Tilto/Desktop/Work/Airflow/dags/primeira_dag.py for tasks to queue
[2024-05-08T00:10:23.684-0300] {logging_mixin.py:188} INFO - [2024-05-08T00:10:23.683-0300] {dagbag.py:540} INFO - Filling up the DagBag from /mnt/c/Users/Tilto/Desktop/Work/Airflow/dags/primeira_dag.py
[2024-05-08T00:10:23.707-0300] {processor.py:840} INFO - DAG(s) 'a_primeira_DAG_v0' retrieved from /mnt/c/Users/Tilto/Desktop/Work/Airflow/dags/primeira_dag.py
[2024-05-08T00:10:23.738-0300] {logging_mixin.py:188} INFO - [2024-05-08T00:10:23.738-0300] {dag.py:3096} INFO - Sync 1 DAGs
[2024-05-08T00:10:23.764-0300] {logging_mixin.py:188} INFO - [2024-05-08T00:10:23.764-0300] {dag.py:3954} INFO - Setting next_dagrun for a_primeira_DAG_v0 to 2024-05-08 00:00:00+00:00, run_after=2024-05-09 00:00:00+00:00
[2024-05-08T00:10:23.834-0300] {processor.py:183} INFO - Processing /mnt/c/Users/Tilto/Desktop/Work/Airflow/dags/primeira_dag.py took 0.159 seconds
[2024-05-08T00:10:54.403-0300] {processor.py:161} INFO - Started process (PID=11320) to work on /mnt/c/Users/Tilto/Desktop/Work/Airflow/dags/primeira_dag.py
[2024-05-08T00:10:54.404-0300] {processor.py:830} INFO - Processing file /mnt/c/Users/Tilto/Desktop/Work/Airflow/dags/primeira_dag.py for tasks to queue
[2024-05-08T00:10:54.405-0300] {logging_mixin.py:188} INFO - [2024-05-08T00:10:54.405-0300] {dagbag.py:540} INFO - Filling up the DagBag from /mnt/c/Users/Tilto/Desktop/Work/Airflow/dags/primeira_dag.py
[2024-05-08T00:10:54.428-0300] {processor.py:840} INFO - DAG(s) 'a_primeira_DAG_v0' retrieved from /mnt/c/Users/Tilto/Desktop/Work/Airflow/dags/primeira_dag.py
[2024-05-08T00:10:54.453-0300] {logging_mixin.py:188} INFO - [2024-05-08T00:10:54.453-0300] {dag.py:3096} INFO - Sync 1 DAGs
[2024-05-08T00:10:54.476-0300] {logging_mixin.py:188} INFO - [2024-05-08T00:10:54.476-0300] {dag.py:3954} INFO - Setting next_dagrun for a_primeira_DAG_v0 to 2024-05-08 00:00:00+00:00, run_after=2024-05-09 00:00:00+00:00
[2024-05-08T00:10:54.535-0300] {processor.py:183} INFO - Processing /mnt/c/Users/Tilto/Desktop/Work/Airflow/dags/primeira_dag.py took 0.136 seconds
[2024-05-08T00:11:25.617-0300] {processor.py:161} INFO - Started process (PID=11464) to work on /mnt/c/Users/Tilto/Desktop/Work/Airflow/dags/primeira_dag.py
[2024-05-08T00:11:25.618-0300] {processor.py:830} INFO - Processing file /mnt/c/Users/Tilto/Desktop/Work/Airflow/dags/primeira_dag.py for tasks to queue
[2024-05-08T00:11:25.620-0300] {logging_mixin.py:188} INFO - [2024-05-08T00:11:25.620-0300] {dagbag.py:540} INFO - Filling up the DagBag from /mnt/c/Users/Tilto/Desktop/Work/Airflow/dags/primeira_dag.py
[2024-05-08T00:11:25.644-0300] {processor.py:840} INFO - DAG(s) 'a_primeira_DAG_v0' retrieved from /mnt/c/Users/Tilto/Desktop/Work/Airflow/dags/primeira_dag.py
[2024-05-08T00:11:25.669-0300] {logging_mixin.py:188} INFO - [2024-05-08T00:11:25.669-0300] {dag.py:3096} INFO - Sync 1 DAGs
[2024-05-08T00:11:25.696-0300] {logging_mixin.py:188} INFO - [2024-05-08T00:11:25.695-0300] {dag.py:3954} INFO - Setting next_dagrun for a_primeira_DAG_v0 to 2024-05-08 00:00:00+00:00, run_after=2024-05-09 00:00:00+00:00
[2024-05-08T00:11:25.764-0300] {processor.py:183} INFO - Processing /mnt/c/Users/Tilto/Desktop/Work/Airflow/dags/primeira_dag.py took 0.151 seconds
[2024-05-08T00:11:56.557-0300] {processor.py:161} INFO - Started process (PID=11607) to work on /mnt/c/Users/Tilto/Desktop/Work/Airflow/dags/primeira_dag.py
[2024-05-08T00:11:56.558-0300] {processor.py:830} INFO - Processing file /mnt/c/Users/Tilto/Desktop/Work/Airflow/dags/primeira_dag.py for tasks to queue
[2024-05-08T00:11:56.560-0300] {logging_mixin.py:188} INFO - [2024-05-08T00:11:56.560-0300] {dagbag.py:540} INFO - Filling up the DagBag from /mnt/c/Users/Tilto/Desktop/Work/Airflow/dags/primeira_dag.py
[2024-05-08T00:11:56.583-0300] {processor.py:840} INFO - DAG(s) 'a_primeira_DAG_v0' retrieved from /mnt/c/Users/Tilto/Desktop/Work/Airflow/dags/primeira_dag.py
[2024-05-08T00:11:56.610-0300] {logging_mixin.py:188} INFO - [2024-05-08T00:11:56.610-0300] {dag.py:3096} INFO - Sync 1 DAGs
[2024-05-08T00:11:56.634-0300] {logging_mixin.py:188} INFO - [2024-05-08T00:11:56.634-0300] {dag.py:3954} INFO - Setting next_dagrun for a_primeira_DAG_v0 to 2024-05-08 00:00:00+00:00, run_after=2024-05-09 00:00:00+00:00
[2024-05-08T00:11:56.698-0300] {processor.py:183} INFO - Processing /mnt/c/Users/Tilto/Desktop/Work/Airflow/dags/primeira_dag.py took 0.146 seconds
[2024-05-08T00:12:27.582-0300] {processor.py:161} INFO - Started process (PID=11750) to work on /mnt/c/Users/Tilto/Desktop/Work/Airflow/dags/primeira_dag.py
[2024-05-08T00:12:27.583-0300] {processor.py:830} INFO - Processing file /mnt/c/Users/Tilto/Desktop/Work/Airflow/dags/primeira_dag.py for tasks to queue
[2024-05-08T00:12:27.584-0300] {logging_mixin.py:188} INFO - [2024-05-08T00:12:27.584-0300] {dagbag.py:540} INFO - Filling up the DagBag from /mnt/c/Users/Tilto/Desktop/Work/Airflow/dags/primeira_dag.py
[2024-05-08T00:12:27.607-0300] {processor.py:840} INFO - DAG(s) 'a_primeira_DAG_v0' retrieved from /mnt/c/Users/Tilto/Desktop/Work/Airflow/dags/primeira_dag.py
[2024-05-08T00:12:27.633-0300] {logging_mixin.py:188} INFO - [2024-05-08T00:12:27.633-0300] {dag.py:3096} INFO - Sync 1 DAGs
[2024-05-08T00:12:27.658-0300] {logging_mixin.py:188} INFO - [2024-05-08T00:12:27.658-0300] {dag.py:3954} INFO - Setting next_dagrun for a_primeira_DAG_v0 to 2024-05-08 00:00:00+00:00, run_after=2024-05-09 00:00:00+00:00
[2024-05-08T00:12:27.788-0300] {processor.py:183} INFO - Processing /mnt/c/Users/Tilto/Desktop/Work/Airflow/dags/primeira_dag.py took 0.210 seconds
[2024-05-08T00:12:58.432-0300] {processor.py:161} INFO - Started process (PID=11892) to work on /mnt/c/Users/Tilto/Desktop/Work/Airflow/dags/primeira_dag.py
[2024-05-08T00:12:58.433-0300] {processor.py:830} INFO - Processing file /mnt/c/Users/Tilto/Desktop/Work/Airflow/dags/primeira_dag.py for tasks to queue
[2024-05-08T00:12:58.434-0300] {logging_mixin.py:188} INFO - [2024-05-08T00:12:58.434-0300] {dagbag.py:540} INFO - Filling up the DagBag from /mnt/c/Users/Tilto/Desktop/Work/Airflow/dags/primeira_dag.py
[2024-05-08T00:12:58.460-0300] {processor.py:840} INFO - DAG(s) 'a_primeira_DAG_v0' retrieved from /mnt/c/Users/Tilto/Desktop/Work/Airflow/dags/primeira_dag.py
[2024-05-08T00:12:58.487-0300] {logging_mixin.py:188} INFO - [2024-05-08T00:12:58.486-0300] {dag.py:3096} INFO - Sync 1 DAGs
[2024-05-08T00:12:58.574-0300] {logging_mixin.py:188} INFO - [2024-05-08T00:12:58.574-0300] {dag.py:3954} INFO - Setting next_dagrun for a_primeira_DAG_v0 to 2024-05-08 00:00:00+00:00, run_after=2024-05-09 00:00:00+00:00
[2024-05-08T00:12:58.631-0300] {processor.py:183} INFO - Processing /mnt/c/Users/Tilto/Desktop/Work/Airflow/dags/primeira_dag.py took 0.204 seconds
[2024-05-08T00:13:29.251-0300] {processor.py:161} INFO - Started process (PID=12036) to work on /mnt/c/Users/Tilto/Desktop/Work/Airflow/dags/primeira_dag.py
[2024-05-08T00:13:29.252-0300] {processor.py:830} INFO - Processing file /mnt/c/Users/Tilto/Desktop/Work/Airflow/dags/primeira_dag.py for tasks to queue
[2024-05-08T00:13:29.253-0300] {logging_mixin.py:188} INFO - [2024-05-08T00:13:29.253-0300] {dagbag.py:540} INFO - Filling up the DagBag from /mnt/c/Users/Tilto/Desktop/Work/Airflow/dags/primeira_dag.py
[2024-05-08T00:13:29.275-0300] {processor.py:840} INFO - DAG(s) 'a_primeira_DAG_v0' retrieved from /mnt/c/Users/Tilto/Desktop/Work/Airflow/dags/primeira_dag.py
[2024-05-08T00:13:29.300-0300] {logging_mixin.py:188} INFO - [2024-05-08T00:13:29.299-0300] {dag.py:3096} INFO - Sync 1 DAGs
[2024-05-08T00:13:29.385-0300] {logging_mixin.py:188} INFO - [2024-05-08T00:13:29.384-0300] {dag.py:3954} INFO - Setting next_dagrun for a_primeira_DAG_v0 to 2024-05-08 00:00:00+00:00, run_after=2024-05-09 00:00:00+00:00
[2024-05-08T00:13:29.442-0300] {processor.py:183} INFO - Processing /mnt/c/Users/Tilto/Desktop/Work/Airflow/dags/primeira_dag.py took 0.195 seconds
[2024-05-08T00:14:00.101-0300] {processor.py:161} INFO - Started process (PID=12178) to work on /mnt/c/Users/Tilto/Desktop/Work/Airflow/dags/primeira_dag.py
[2024-05-08T00:14:00.102-0300] {processor.py:830} INFO - Processing file /mnt/c/Users/Tilto/Desktop/Work/Airflow/dags/primeira_dag.py for tasks to queue
[2024-05-08T00:14:00.104-0300] {logging_mixin.py:188} INFO - [2024-05-08T00:14:00.103-0300] {dagbag.py:540} INFO - Filling up the DagBag from /mnt/c/Users/Tilto/Desktop/Work/Airflow/dags/primeira_dag.py
[2024-05-08T00:14:00.127-0300] {processor.py:840} INFO - DAG(s) 'a_primeira_DAG_v0' retrieved from /mnt/c/Users/Tilto/Desktop/Work/Airflow/dags/primeira_dag.py
[2024-05-08T00:14:00.156-0300] {logging_mixin.py:188} INFO - [2024-05-08T00:14:00.156-0300] {dag.py:3096} INFO - Sync 1 DAGs
[2024-05-08T00:14:00.243-0300] {logging_mixin.py:188} INFO - [2024-05-08T00:14:00.243-0300] {dag.py:3954} INFO - Setting next_dagrun for a_primeira_DAG_v0 to 2024-05-08 00:00:00+00:00, run_after=2024-05-09 00:00:00+00:00
[2024-05-08T00:14:00.304-0300] {processor.py:183} INFO - Processing /mnt/c/Users/Tilto/Desktop/Work/Airflow/dags/primeira_dag.py took 0.207 seconds
