[2024-05-07T23:42:20.817-0300] {processor.py:161} INFO - Started process (PID=2873) to work on /mnt/c/Users/Tilto/Desktop/Work/Airflow/dags/primeira_dag_v2.py
[2024-05-07T23:42:20.819-0300] {processor.py:830} INFO - Processing file /mnt/c/Users/Tilto/Desktop/Work/Airflow/dags/primeira_dag_v2.py for tasks to queue
[2024-05-07T23:42:20.821-0300] {logging_mixin.py:188} INFO - [2024-05-07T23:42:20.820-0300] {dagbag.py:540} INFO - Filling up the DagBag from /mnt/c/Users/Tilto/Desktop/Work/Airflow/dags/primeira_dag_v2.py
[2024-05-07T23:42:20.849-0300] {processor.py:840} INFO - DAG(s) 'a_primeira_DAG_v2' retrieved from /mnt/c/Users/Tilto/Desktop/Work/Airflow/dags/primeira_dag_v2.py
[2024-05-07T23:42:20.868-0300] {logging_mixin.py:188} INFO - [2024-05-07T23:42:20.868-0300] {dag.py:3096} INFO - Sync 1 DAGs
[2024-05-07T23:42:20.902-0300] {logging_mixin.py:188} INFO - [2024-05-07T23:42:20.901-0300] {dag.py:3954} INFO - Setting next_dagrun for a_primeira_DAG_v2 to 2024-05-08 00:00:00+00:00, run_after=2024-05-09 00:00:00+00:00
[2024-05-07T23:42:21.000-0300] {processor.py:183} INFO - Processing /mnt/c/Users/Tilto/Desktop/Work/Airflow/dags/primeira_dag_v2.py took 0.189 seconds
[2024-05-07T23:42:51.456-0300] {processor.py:161} INFO - Started process (PID=3107) to work on /mnt/c/Users/Tilto/Desktop/Work/Airflow/dags/primeira_dag_v2.py
[2024-05-07T23:42:51.456-0300] {processor.py:830} INFO - Processing file /mnt/c/Users/Tilto/Desktop/Work/Airflow/dags/primeira_dag_v2.py for tasks to queue
[2024-05-07T23:42:51.458-0300] {logging_mixin.py:188} INFO - [2024-05-07T23:42:51.457-0300] {dagbag.py:540} INFO - Filling up the DagBag from /mnt/c/Users/Tilto/Desktop/Work/Airflow/dags/primeira_dag_v2.py
[2024-05-07T23:42:51.477-0300] {processor.py:840} INFO - DAG(s) 'a_primeira_DAG_v2' retrieved from /mnt/c/Users/Tilto/Desktop/Work/Airflow/dags/primeira_dag_v2.py
[2024-05-07T23:42:51.576-0300] {logging_mixin.py:188} INFO - [2024-05-07T23:42:51.576-0300] {dag.py:3096} INFO - Sync 1 DAGs
[2024-05-07T23:42:51.596-0300] {logging_mixin.py:188} INFO - [2024-05-07T23:42:51.596-0300] {dag.py:3954} INFO - Setting next_dagrun for a_primeira_DAG_v2 to 2024-05-08 00:00:00+00:00, run_after=2024-05-09 00:00:00+00:00
[2024-05-07T23:42:51.648-0300] {processor.py:183} INFO - Processing /mnt/c/Users/Tilto/Desktop/Work/Airflow/dags/primeira_dag_v2.py took 0.196 seconds
[2024-05-07T23:43:22.188-0300] {processor.py:161} INFO - Started process (PID=3260) to work on /mnt/c/Users/Tilto/Desktop/Work/Airflow/dags/primeira_dag_v2.py
[2024-05-07T23:43:22.189-0300] {processor.py:830} INFO - Processing file /mnt/c/Users/Tilto/Desktop/Work/Airflow/dags/primeira_dag_v2.py for tasks to queue
[2024-05-07T23:43:22.191-0300] {logging_mixin.py:188} INFO - [2024-05-07T23:43:22.191-0300] {dagbag.py:540} INFO - Filling up the DagBag from /mnt/c/Users/Tilto/Desktop/Work/Airflow/dags/primeira_dag_v2.py
[2024-05-07T23:43:22.214-0300] {processor.py:840} INFO - DAG(s) 'a_primeira_DAG_v2' retrieved from /mnt/c/Users/Tilto/Desktop/Work/Airflow/dags/primeira_dag_v2.py
[2024-05-07T23:43:22.241-0300] {logging_mixin.py:188} INFO - [2024-05-07T23:43:22.241-0300] {dag.py:3096} INFO - Sync 1 DAGs
[2024-05-07T23:43:22.264-0300] {logging_mixin.py:188} INFO - [2024-05-07T23:43:22.264-0300] {dag.py:3954} INFO - Setting next_dagrun for a_primeira_DAG_v2 to 2024-05-08 00:00:00+00:00, run_after=2024-05-09 00:00:00+00:00
[2024-05-07T23:43:22.325-0300] {processor.py:183} INFO - Processing /mnt/c/Users/Tilto/Desktop/Work/Airflow/dags/primeira_dag_v2.py took 0.141 seconds
[2024-05-07T23:43:55.079-0300] {processor.py:161} INFO - Started process (PID=3417) to work on /mnt/c/Users/Tilto/Desktop/Work/Airflow/dags/primeira_dag_v2.py
[2024-05-07T23:43:55.080-0300] {processor.py:830} INFO - Processing file /mnt/c/Users/Tilto/Desktop/Work/Airflow/dags/primeira_dag_v2.py for tasks to queue
[2024-05-07T23:43:55.082-0300] {logging_mixin.py:188} INFO - [2024-05-07T23:43:55.082-0300] {dagbag.py:540} INFO - Filling up the DagBag from /mnt/c/Users/Tilto/Desktop/Work/Airflow/dags/primeira_dag_v2.py
[2024-05-07T23:43:55.106-0300] {processor.py:840} INFO - DAG(s) 'a_primeira_DAG_v2' retrieved from /mnt/c/Users/Tilto/Desktop/Work/Airflow/dags/primeira_dag_v2.py
[2024-05-07T23:43:55.134-0300] {logging_mixin.py:188} INFO - [2024-05-07T23:43:55.134-0300] {dag.py:3096} INFO - Sync 1 DAGs
[2024-05-07T23:43:55.165-0300] {logging_mixin.py:188} INFO - [2024-05-07T23:43:55.165-0300] {dag.py:3954} INFO - Setting next_dagrun for a_primeira_DAG_v2 to 2024-05-08 00:00:00+00:00, run_after=2024-05-09 00:00:00+00:00
[2024-05-07T23:43:55.259-0300] {processor.py:183} INFO - Processing /mnt/c/Users/Tilto/Desktop/Work/Airflow/dags/primeira_dag_v2.py took 0.184 seconds
[2024-05-07T23:44:25.515-0300] {processor.py:161} INFO - Started process (PID=3570) to work on /mnt/c/Users/Tilto/Desktop/Work/Airflow/dags/primeira_dag_v2.py
[2024-05-07T23:44:25.516-0300] {processor.py:830} INFO - Processing file /mnt/c/Users/Tilto/Desktop/Work/Airflow/dags/primeira_dag_v2.py for tasks to queue
[2024-05-07T23:44:25.517-0300] {logging_mixin.py:188} INFO - [2024-05-07T23:44:25.517-0300] {dagbag.py:540} INFO - Filling up the DagBag from /mnt/c/Users/Tilto/Desktop/Work/Airflow/dags/primeira_dag_v2.py
[2024-05-07T23:44:25.539-0300] {processor.py:840} INFO - DAG(s) 'a_primeira_DAG_v2' retrieved from /mnt/c/Users/Tilto/Desktop/Work/Airflow/dags/primeira_dag_v2.py
[2024-05-07T23:44:25.564-0300] {logging_mixin.py:188} INFO - [2024-05-07T23:44:25.563-0300] {dag.py:3096} INFO - Sync 1 DAGs
[2024-05-07T23:44:25.588-0300] {logging_mixin.py:188} INFO - [2024-05-07T23:44:25.588-0300] {dag.py:3954} INFO - Setting next_dagrun for a_primeira_DAG_v2 to 2024-05-08 00:00:00+00:00, run_after=2024-05-09 00:00:00+00:00
[2024-05-07T23:44:25.652-0300] {processor.py:183} INFO - Processing /mnt/c/Users/Tilto/Desktop/Work/Airflow/dags/primeira_dag_v2.py took 0.141 seconds
[2024-05-07T23:44:55.984-0300] {processor.py:161} INFO - Started process (PID=3716) to work on /mnt/c/Users/Tilto/Desktop/Work/Airflow/dags/primeira_dag_v2.py
[2024-05-07T23:44:55.985-0300] {processor.py:830} INFO - Processing file /mnt/c/Users/Tilto/Desktop/Work/Airflow/dags/primeira_dag_v2.py for tasks to queue
[2024-05-07T23:44:55.987-0300] {logging_mixin.py:188} INFO - [2024-05-07T23:44:55.986-0300] {dagbag.py:540} INFO - Filling up the DagBag from /mnt/c/Users/Tilto/Desktop/Work/Airflow/dags/primeira_dag_v2.py
[2024-05-07T23:44:56.009-0300] {processor.py:840} INFO - DAG(s) 'a_primeira_DAG_v2' retrieved from /mnt/c/Users/Tilto/Desktop/Work/Airflow/dags/primeira_dag_v2.py
[2024-05-07T23:44:56.035-0300] {logging_mixin.py:188} INFO - [2024-05-07T23:44:56.035-0300] {dag.py:3096} INFO - Sync 1 DAGs
[2024-05-07T23:44:56.057-0300] {logging_mixin.py:188} INFO - [2024-05-07T23:44:56.057-0300] {dag.py:3954} INFO - Setting next_dagrun for a_primeira_DAG_v2 to 2024-05-08 00:00:00+00:00, run_after=2024-05-09 00:00:00+00:00
[2024-05-07T23:44:56.212-0300] {processor.py:183} INFO - Processing /mnt/c/Users/Tilto/Desktop/Work/Airflow/dags/primeira_dag_v2.py took 0.233 seconds
[2024-05-07T23:45:26.514-0300] {processor.py:161} INFO - Started process (PID=3875) to work on /mnt/c/Users/Tilto/Desktop/Work/Airflow/dags/primeira_dag_v2.py
[2024-05-07T23:45:26.515-0300] {processor.py:830} INFO - Processing file /mnt/c/Users/Tilto/Desktop/Work/Airflow/dags/primeira_dag_v2.py for tasks to queue
[2024-05-07T23:45:26.517-0300] {logging_mixin.py:188} INFO - [2024-05-07T23:45:26.516-0300] {dagbag.py:540} INFO - Filling up the DagBag from /mnt/c/Users/Tilto/Desktop/Work/Airflow/dags/primeira_dag_v2.py
[2024-05-07T23:45:26.538-0300] {processor.py:840} INFO - DAG(s) 'a_primeira_DAG_v2' retrieved from /mnt/c/Users/Tilto/Desktop/Work/Airflow/dags/primeira_dag_v2.py
[2024-05-07T23:45:26.562-0300] {logging_mixin.py:188} INFO - [2024-05-07T23:45:26.562-0300] {dag.py:3096} INFO - Sync 1 DAGs
[2024-05-07T23:45:26.591-0300] {logging_mixin.py:188} INFO - [2024-05-07T23:45:26.591-0300] {dag.py:3954} INFO - Setting next_dagrun for a_primeira_DAG_v2 to 2024-05-08 00:00:00+00:00, run_after=2024-05-09 00:00:00+00:00
[2024-05-07T23:45:26.656-0300] {processor.py:183} INFO - Processing /mnt/c/Users/Tilto/Desktop/Work/Airflow/dags/primeira_dag_v2.py took 0.146 seconds
[2024-05-07T23:45:56.930-0300] {processor.py:161} INFO - Started process (PID=4018) to work on /mnt/c/Users/Tilto/Desktop/Work/Airflow/dags/primeira_dag_v2.py
[2024-05-07T23:45:56.931-0300] {processor.py:830} INFO - Processing file /mnt/c/Users/Tilto/Desktop/Work/Airflow/dags/primeira_dag_v2.py for tasks to queue
[2024-05-07T23:45:56.933-0300] {logging_mixin.py:188} INFO - [2024-05-07T23:45:56.932-0300] {dagbag.py:540} INFO - Filling up the DagBag from /mnt/c/Users/Tilto/Desktop/Work/Airflow/dags/primeira_dag_v2.py
[2024-05-07T23:45:56.958-0300] {processor.py:840} INFO - DAG(s) 'a_primeira_DAG_v2' retrieved from /mnt/c/Users/Tilto/Desktop/Work/Airflow/dags/primeira_dag_v2.py
[2024-05-07T23:45:56.988-0300] {logging_mixin.py:188} INFO - [2024-05-07T23:45:56.987-0300] {dag.py:3096} INFO - Sync 1 DAGs
[2024-05-07T23:45:57.012-0300] {logging_mixin.py:188} INFO - [2024-05-07T23:45:57.012-0300] {dag.py:3954} INFO - Setting next_dagrun for a_primeira_DAG_v2 to 2024-05-08 00:00:00+00:00, run_after=2024-05-09 00:00:00+00:00
[2024-05-07T23:45:57.071-0300] {processor.py:183} INFO - Processing /mnt/c/Users/Tilto/Desktop/Work/Airflow/dags/primeira_dag_v2.py took 0.146 seconds
[2024-05-07T23:46:28.739-0300] {processor.py:161} INFO - Started process (PID=4163) to work on /mnt/c/Users/Tilto/Desktop/Work/Airflow/dags/primeira_dag_v2.py
[2024-05-07T23:46:28.740-0300] {processor.py:830} INFO - Processing file /mnt/c/Users/Tilto/Desktop/Work/Airflow/dags/primeira_dag_v2.py for tasks to queue
[2024-05-07T23:46:28.741-0300] {logging_mixin.py:188} INFO - [2024-05-07T23:46:28.741-0300] {dagbag.py:540} INFO - Filling up the DagBag from /mnt/c/Users/Tilto/Desktop/Work/Airflow/dags/primeira_dag_v2.py
[2024-05-07T23:46:28.762-0300] {processor.py:840} INFO - DAG(s) 'a_primeira_DAG_v2' retrieved from /mnt/c/Users/Tilto/Desktop/Work/Airflow/dags/primeira_dag_v2.py
[2024-05-07T23:46:28.788-0300] {logging_mixin.py:188} INFO - [2024-05-07T23:46:28.788-0300] {dag.py:3096} INFO - Sync 1 DAGs
[2024-05-07T23:46:28.813-0300] {logging_mixin.py:188} INFO - [2024-05-07T23:46:28.813-0300] {dag.py:3954} INFO - Setting next_dagrun for a_primeira_DAG_v2 to 2024-05-08 00:00:00+00:00, run_after=2024-05-09 00:00:00+00:00
[2024-05-07T23:46:28.876-0300] {processor.py:183} INFO - Processing /mnt/c/Users/Tilto/Desktop/Work/Airflow/dags/primeira_dag_v2.py took 0.141 seconds
[2024-05-07T23:46:59.167-0300] {processor.py:161} INFO - Started process (PID=4308) to work on /mnt/c/Users/Tilto/Desktop/Work/Airflow/dags/primeira_dag_v2.py
[2024-05-07T23:46:59.168-0300] {processor.py:830} INFO - Processing file /mnt/c/Users/Tilto/Desktop/Work/Airflow/dags/primeira_dag_v2.py for tasks to queue
[2024-05-07T23:46:59.170-0300] {logging_mixin.py:188} INFO - [2024-05-07T23:46:59.169-0300] {dagbag.py:540} INFO - Filling up the DagBag from /mnt/c/Users/Tilto/Desktop/Work/Airflow/dags/primeira_dag_v2.py
[2024-05-07T23:46:59.192-0300] {processor.py:840} INFO - DAG(s) 'a_primeira_DAG_v2' retrieved from /mnt/c/Users/Tilto/Desktop/Work/Airflow/dags/primeira_dag_v2.py
[2024-05-07T23:46:59.218-0300] {logging_mixin.py:188} INFO - [2024-05-07T23:46:59.217-0300] {dag.py:3096} INFO - Sync 1 DAGs
[2024-05-07T23:46:59.243-0300] {logging_mixin.py:188} INFO - [2024-05-07T23:46:59.242-0300] {dag.py:3954} INFO - Setting next_dagrun for a_primeira_DAG_v2 to 2024-05-08 00:00:00+00:00, run_after=2024-05-09 00:00:00+00:00
[2024-05-07T23:46:59.302-0300] {processor.py:183} INFO - Processing /mnt/c/Users/Tilto/Desktop/Work/Airflow/dags/primeira_dag_v2.py took 0.139 seconds
[2024-05-07T23:47:29.496-0300] {processor.py:161} INFO - Started process (PID=4460) to work on /mnt/c/Users/Tilto/Desktop/Work/Airflow/dags/primeira_dag_v2.py
[2024-05-07T23:47:29.498-0300] {processor.py:830} INFO - Processing file /mnt/c/Users/Tilto/Desktop/Work/Airflow/dags/primeira_dag_v2.py for tasks to queue
[2024-05-07T23:47:29.500-0300] {logging_mixin.py:188} INFO - [2024-05-07T23:47:29.499-0300] {dagbag.py:540} INFO - Filling up the DagBag from /mnt/c/Users/Tilto/Desktop/Work/Airflow/dags/primeira_dag_v2.py
[2024-05-07T23:47:29.525-0300] {processor.py:840} INFO - DAG(s) 'a_primeira_DAG_v2' retrieved from /mnt/c/Users/Tilto/Desktop/Work/Airflow/dags/primeira_dag_v2.py
[2024-05-07T23:47:29.552-0300] {logging_mixin.py:188} INFO - [2024-05-07T23:47:29.551-0300] {dag.py:3096} INFO - Sync 1 DAGs
[2024-05-07T23:47:29.576-0300] {logging_mixin.py:188} INFO - [2024-05-07T23:47:29.575-0300] {dag.py:3954} INFO - Setting next_dagrun for a_primeira_DAG_v2 to 2024-05-08 00:00:00+00:00, run_after=2024-05-09 00:00:00+00:00
[2024-05-07T23:47:29.631-0300] {processor.py:183} INFO - Processing /mnt/c/Users/Tilto/Desktop/Work/Airflow/dags/primeira_dag_v2.py took 0.141 seconds
[2024-05-07T23:48:00.120-0300] {processor.py:161} INFO - Started process (PID=4602) to work on /mnt/c/Users/Tilto/Desktop/Work/Airflow/dags/primeira_dag_v2.py
[2024-05-07T23:48:00.121-0300] {processor.py:830} INFO - Processing file /mnt/c/Users/Tilto/Desktop/Work/Airflow/dags/primeira_dag_v2.py for tasks to queue
[2024-05-07T23:48:00.123-0300] {logging_mixin.py:188} INFO - [2024-05-07T23:48:00.122-0300] {dagbag.py:540} INFO - Filling up the DagBag from /mnt/c/Users/Tilto/Desktop/Work/Airflow/dags/primeira_dag_v2.py
[2024-05-07T23:48:00.141-0300] {processor.py:840} INFO - DAG(s) 'a_primeira_DAG_v2' retrieved from /mnt/c/Users/Tilto/Desktop/Work/Airflow/dags/primeira_dag_v2.py
[2024-05-07T23:48:00.165-0300] {logging_mixin.py:188} INFO - [2024-05-07T23:48:00.164-0300] {dag.py:3096} INFO - Sync 1 DAGs
[2024-05-07T23:48:00.187-0300] {logging_mixin.py:188} INFO - [2024-05-07T23:48:00.187-0300] {dag.py:3954} INFO - Setting next_dagrun for a_primeira_DAG_v2 to 2024-05-08 00:00:00+00:00, run_after=2024-05-09 00:00:00+00:00
[2024-05-07T23:48:00.237-0300] {processor.py:183} INFO - Processing /mnt/c/Users/Tilto/Desktop/Work/Airflow/dags/primeira_dag_v2.py took 0.121 seconds
[2024-05-07T23:48:38.969-0300] {processor.py:161} INFO - Started process (PID=4817) to work on /mnt/c/Users/Tilto/Desktop/Work/Airflow/dags/primeira_dag_v2.py
[2024-05-07T23:48:38.970-0300] {processor.py:830} INFO - Processing file /mnt/c/Users/Tilto/Desktop/Work/Airflow/dags/primeira_dag_v2.py for tasks to queue
[2024-05-07T23:48:38.972-0300] {logging_mixin.py:188} INFO - [2024-05-07T23:48:38.972-0300] {dagbag.py:540} INFO - Filling up the DagBag from /mnt/c/Users/Tilto/Desktop/Work/Airflow/dags/primeira_dag_v2.py
[2024-05-07T23:48:38.995-0300] {processor.py:840} INFO - DAG(s) 'a_primeira_DAG_v2' retrieved from /mnt/c/Users/Tilto/Desktop/Work/Airflow/dags/primeira_dag_v2.py
[2024-05-07T23:48:39.007-0300] {logging_mixin.py:188} INFO - [2024-05-07T23:48:39.007-0300] {dag.py:3096} INFO - Sync 1 DAGs
[2024-05-07T23:48:39.032-0300] {logging_mixin.py:188} INFO - [2024-05-07T23:48:39.032-0300] {dag.py:3954} INFO - Setting next_dagrun for a_primeira_DAG_v2 to 2024-05-08 00:00:00+00:00, run_after=2024-05-09 00:00:00+00:00
[2024-05-07T23:48:39.093-0300] {processor.py:183} INFO - Processing /mnt/c/Users/Tilto/Desktop/Work/Airflow/dags/primeira_dag_v2.py took 0.127 seconds
[2024-05-07T23:49:11.276-0300] {processor.py:161} INFO - Started process (PID=4976) to work on /mnt/c/Users/Tilto/Desktop/Work/Airflow/dags/primeira_dag_v2.py
[2024-05-07T23:49:11.277-0300] {processor.py:830} INFO - Processing file /mnt/c/Users/Tilto/Desktop/Work/Airflow/dags/primeira_dag_v2.py for tasks to queue
[2024-05-07T23:49:11.279-0300] {logging_mixin.py:188} INFO - [2024-05-07T23:49:11.278-0300] {dagbag.py:540} INFO - Filling up the DagBag from /mnt/c/Users/Tilto/Desktop/Work/Airflow/dags/primeira_dag_v2.py
[2024-05-07T23:49:11.312-0300] {processor.py:840} INFO - DAG(s) 'a_primeira_DAG_v2' retrieved from /mnt/c/Users/Tilto/Desktop/Work/Airflow/dags/primeira_dag_v2.py
[2024-05-07T23:49:11.436-0300] {logging_mixin.py:188} INFO - [2024-05-07T23:49:11.436-0300] {dag.py:3096} INFO - Sync 1 DAGs
[2024-05-07T23:49:11.460-0300] {logging_mixin.py:188} INFO - [2024-05-07T23:49:11.460-0300] {dag.py:3954} INFO - Setting next_dagrun for a_primeira_DAG_v2 to 2024-05-08 00:00:00+00:00, run_after=2024-05-09 00:00:00+00:00
[2024-05-07T23:49:11.522-0300] {processor.py:183} INFO - Processing /mnt/c/Users/Tilto/Desktop/Work/Airflow/dags/primeira_dag_v2.py took 0.250 seconds
[2024-05-07T23:49:42.928-0300] {processor.py:161} INFO - Started process (PID=5125) to work on /mnt/c/Users/Tilto/Desktop/Work/Airflow/dags/primeira_dag_v2.py
[2024-05-07T23:49:42.929-0300] {processor.py:830} INFO - Processing file /mnt/c/Users/Tilto/Desktop/Work/Airflow/dags/primeira_dag_v2.py for tasks to queue
[2024-05-07T23:49:42.931-0300] {logging_mixin.py:188} INFO - [2024-05-07T23:49:42.931-0300] {dagbag.py:540} INFO - Filling up the DagBag from /mnt/c/Users/Tilto/Desktop/Work/Airflow/dags/primeira_dag_v2.py
[2024-05-07T23:49:42.959-0300] {processor.py:840} INFO - DAG(s) 'a_primeira_DAG_v2' retrieved from /mnt/c/Users/Tilto/Desktop/Work/Airflow/dags/primeira_dag_v2.py
[2024-05-07T23:49:43.003-0300] {logging_mixin.py:188} INFO - [2024-05-07T23:49:43.003-0300] {dag.py:3096} INFO - Sync 1 DAGs
[2024-05-07T23:49:43.047-0300] {logging_mixin.py:188} INFO - [2024-05-07T23:49:43.046-0300] {dag.py:3954} INFO - Setting next_dagrun for a_primeira_DAG_v2 to 2024-05-08 00:00:00+00:00, run_after=2024-05-09 00:00:00+00:00
[2024-05-07T23:49:43.132-0300] {processor.py:183} INFO - Processing /mnt/c/Users/Tilto/Desktop/Work/Airflow/dags/primeira_dag_v2.py took 0.209 seconds
[2024-05-07T23:51:40.892-0300] {processor.py:161} INFO - Started process (PID=5730) to work on /mnt/c/Users/Tilto/Desktop/Work/Airflow/dags/primeira_dag_v2.py
[2024-05-07T23:51:40.893-0300] {processor.py:830} INFO - Processing file /mnt/c/Users/Tilto/Desktop/Work/Airflow/dags/primeira_dag_v2.py for tasks to queue
[2024-05-07T23:51:40.895-0300] {logging_mixin.py:188} INFO - [2024-05-07T23:51:40.894-0300] {dagbag.py:540} INFO - Filling up the DagBag from /mnt/c/Users/Tilto/Desktop/Work/Airflow/dags/primeira_dag_v2.py
[2024-05-07T23:51:40.915-0300] {processor.py:840} INFO - DAG(s) 'a_primeira_DAG_v2' retrieved from /mnt/c/Users/Tilto/Desktop/Work/Airflow/dags/primeira_dag_v2.py
[2024-05-07T23:51:40.928-0300] {logging_mixin.py:188} INFO - [2024-05-07T23:51:40.928-0300] {dag.py:3096} INFO - Sync 1 DAGs
[2024-05-07T23:51:40.951-0300] {logging_mixin.py:188} INFO - [2024-05-07T23:51:40.951-0300] {dag.py:3954} INFO - Setting next_dagrun for a_primeira_DAG_v2 to 2024-05-08 00:00:00+00:00, run_after=2024-05-09 00:00:00+00:00
[2024-05-07T23:51:41.015-0300] {processor.py:183} INFO - Processing /mnt/c/Users/Tilto/Desktop/Work/Airflow/dags/primeira_dag_v2.py took 0.127 seconds
[2024-05-07T23:57:39.457-0300] {processor.py:161} INFO - Started process (PID=7415) to work on /mnt/c/Users/Tilto/Desktop/Work/Airflow/dags/primeira_dag_v2.py
[2024-05-07T23:57:39.458-0300] {processor.py:830} INFO - Processing file /mnt/c/Users/Tilto/Desktop/Work/Airflow/dags/primeira_dag_v2.py for tasks to queue
[2024-05-07T23:57:39.459-0300] {logging_mixin.py:188} INFO - [2024-05-07T23:57:39.458-0300] {dagbag.py:540} INFO - Filling up the DagBag from /mnt/c/Users/Tilto/Desktop/Work/Airflow/dags/primeira_dag_v2.py
[2024-05-07T23:57:39.479-0300] {processor.py:840} INFO - DAG(s) 'a_primeira_DAG_v2' retrieved from /mnt/c/Users/Tilto/Desktop/Work/Airflow/dags/primeira_dag_v2.py
[2024-05-07T23:57:39.650-0300] {logging_mixin.py:188} INFO - [2024-05-07T23:57:39.650-0300] {dag.py:3096} INFO - Sync 1 DAGs
[2024-05-07T23:57:39.670-0300] {logging_mixin.py:188} INFO - [2024-05-07T23:57:39.670-0300] {dag.py:3954} INFO - Setting next_dagrun for a_primeira_DAG_v2 to 2024-05-08 00:00:00+00:00, run_after=2024-05-09 00:00:00+00:00
[2024-05-07T23:57:39.749-0300] {processor.py:183} INFO - Processing /mnt/c/Users/Tilto/Desktop/Work/Airflow/dags/primeira_dag_v2.py took 0.297 seconds
[2024-05-07T23:58:10.303-0300] {processor.py:161} INFO - Started process (PID=7556) to work on /mnt/c/Users/Tilto/Desktop/Work/Airflow/dags/primeira_dag_v2.py
[2024-05-07T23:58:10.304-0300] {processor.py:830} INFO - Processing file /mnt/c/Users/Tilto/Desktop/Work/Airflow/dags/primeira_dag_v2.py for tasks to queue
[2024-05-07T23:58:10.305-0300] {logging_mixin.py:188} INFO - [2024-05-07T23:58:10.305-0300] {dagbag.py:540} INFO - Filling up the DagBag from /mnt/c/Users/Tilto/Desktop/Work/Airflow/dags/primeira_dag_v2.py
[2024-05-07T23:58:10.329-0300] {processor.py:840} INFO - DAG(s) 'a_primeira_DAG_v2' retrieved from /mnt/c/Users/Tilto/Desktop/Work/Airflow/dags/primeira_dag_v2.py
[2024-05-07T23:58:10.359-0300] {logging_mixin.py:188} INFO - [2024-05-07T23:58:10.359-0300] {dag.py:3096} INFO - Sync 1 DAGs
[2024-05-07T23:58:10.382-0300] {logging_mixin.py:188} INFO - [2024-05-07T23:58:10.381-0300] {dag.py:3954} INFO - Setting next_dagrun for a_primeira_DAG_v2 to 2024-05-08 00:00:00+00:00, run_after=2024-05-09 00:00:00+00:00
[2024-05-07T23:58:10.523-0300] {processor.py:183} INFO - Processing /mnt/c/Users/Tilto/Desktop/Work/Airflow/dags/primeira_dag_v2.py took 0.227 seconds
[2024-05-07T23:58:41.237-0300] {processor.py:161} INFO - Started process (PID=7698) to work on /mnt/c/Users/Tilto/Desktop/Work/Airflow/dags/primeira_dag_v2.py
[2024-05-07T23:58:41.238-0300] {processor.py:830} INFO - Processing file /mnt/c/Users/Tilto/Desktop/Work/Airflow/dags/primeira_dag_v2.py for tasks to queue
[2024-05-07T23:58:41.239-0300] {logging_mixin.py:188} INFO - [2024-05-07T23:58:41.238-0300] {dagbag.py:540} INFO - Filling up the DagBag from /mnt/c/Users/Tilto/Desktop/Work/Airflow/dags/primeira_dag_v2.py
[2024-05-07T23:58:41.259-0300] {processor.py:840} INFO - DAG(s) 'a_primeira_DAG_v2' retrieved from /mnt/c/Users/Tilto/Desktop/Work/Airflow/dags/primeira_dag_v2.py
[2024-05-07T23:58:41.284-0300] {logging_mixin.py:188} INFO - [2024-05-07T23:58:41.284-0300] {dag.py:3096} INFO - Sync 1 DAGs
[2024-05-07T23:58:41.306-0300] {logging_mixin.py:188} INFO - [2024-05-07T23:58:41.306-0300] {dag.py:3954} INFO - Setting next_dagrun for a_primeira_DAG_v2 to 2024-05-08 00:00:00+00:00, run_after=2024-05-09 00:00:00+00:00
[2024-05-07T23:58:41.429-0300] {processor.py:183} INFO - Processing /mnt/c/Users/Tilto/Desktop/Work/Airflow/dags/primeira_dag_v2.py took 0.196 seconds
[2024-05-07T23:59:34.252-0300] {processor.py:161} INFO - Started process (PID=7989) to work on /mnt/c/Users/Tilto/Desktop/Work/Airflow/dags/primeira_dag_v2.py
[2024-05-07T23:59:34.253-0300] {processor.py:830} INFO - Processing file /mnt/c/Users/Tilto/Desktop/Work/Airflow/dags/primeira_dag_v2.py for tasks to queue
[2024-05-07T23:59:34.255-0300] {logging_mixin.py:188} INFO - [2024-05-07T23:59:34.254-0300] {dagbag.py:540} INFO - Filling up the DagBag from /mnt/c/Users/Tilto/Desktop/Work/Airflow/dags/primeira_dag_v2.py
[2024-05-07T23:59:34.283-0300] {processor.py:840} INFO - DAG(s) 'a_primeira_DAG_v2' retrieved from /mnt/c/Users/Tilto/Desktop/Work/Airflow/dags/primeira_dag_v2.py
[2024-05-07T23:59:34.316-0300] {logging_mixin.py:188} INFO - [2024-05-07T23:59:34.316-0300] {dag.py:3096} INFO - Sync 1 DAGs
[2024-05-07T23:59:34.344-0300] {logging_mixin.py:188} INFO - [2024-05-07T23:59:34.344-0300] {dag.py:3954} INFO - Setting next_dagrun for a_primeira_DAG_v2 to 2024-05-08 00:00:00+00:00, run_after=2024-05-09 00:00:00+00:00
[2024-05-07T23:59:34.416-0300] {processor.py:183} INFO - Processing /mnt/c/Users/Tilto/Desktop/Work/Airflow/dags/primeira_dag_v2.py took 0.170 seconds
[2024-05-08T00:00:05.505-0300] {processor.py:161} INFO - Started process (PID=8143) to work on /mnt/c/Users/Tilto/Desktop/Work/Airflow/dags/primeira_dag_v2.py
[2024-05-08T00:00:05.506-0300] {processor.py:830} INFO - Processing file /mnt/c/Users/Tilto/Desktop/Work/Airflow/dags/primeira_dag_v2.py for tasks to queue
[2024-05-08T00:00:05.508-0300] {logging_mixin.py:188} INFO - [2024-05-08T00:00:05.508-0300] {dagbag.py:540} INFO - Filling up the DagBag from /mnt/c/Users/Tilto/Desktop/Work/Airflow/dags/primeira_dag_v2.py
[2024-05-08T00:00:05.536-0300] {processor.py:840} INFO - DAG(s) 'a_primeira_DAG_v2' retrieved from /mnt/c/Users/Tilto/Desktop/Work/Airflow/dags/primeira_dag_v2.py
[2024-05-08T00:00:05.656-0300] {logging_mixin.py:188} INFO - [2024-05-08T00:00:05.656-0300] {dag.py:3096} INFO - Sync 1 DAGs
[2024-05-08T00:00:05.680-0300] {logging_mixin.py:188} INFO - [2024-05-08T00:00:05.680-0300] {dag.py:3954} INFO - Setting next_dagrun for a_primeira_DAG_v2 to 2024-05-08 00:00:00+00:00, run_after=2024-05-09 00:00:00+00:00
[2024-05-08T00:00:05.743-0300] {processor.py:183} INFO - Processing /mnt/c/Users/Tilto/Desktop/Work/Airflow/dags/primeira_dag_v2.py took 0.242 seconds
[2024-05-08T00:00:46.330-0300] {processor.py:161} INFO - Started process (PID=8367) to work on /mnt/c/Users/Tilto/Desktop/Work/Airflow/dags/primeira_dag_v2.py
[2024-05-08T00:00:46.331-0300] {processor.py:830} INFO - Processing file /mnt/c/Users/Tilto/Desktop/Work/Airflow/dags/primeira_dag_v2.py for tasks to queue
[2024-05-08T00:00:46.333-0300] {logging_mixin.py:188} INFO - [2024-05-08T00:00:46.333-0300] {dagbag.py:540} INFO - Filling up the DagBag from /mnt/c/Users/Tilto/Desktop/Work/Airflow/dags/primeira_dag_v2.py
[2024-05-08T00:00:46.365-0300] {processor.py:840} INFO - DAG(s) 'a_primeira_DAG_v2' retrieved from /mnt/c/Users/Tilto/Desktop/Work/Airflow/dags/primeira_dag_v2.py
[2024-05-08T00:00:46.381-0300] {logging_mixin.py:188} INFO - [2024-05-08T00:00:46.381-0300] {dag.py:3096} INFO - Sync 1 DAGs
[2024-05-08T00:00:46.424-0300] {logging_mixin.py:188} INFO - [2024-05-08T00:00:46.424-0300] {dag.py:3954} INFO - Setting next_dagrun for a_primeira_DAG_v2 to 2024-05-08 00:00:00+00:00, run_after=2024-05-09 00:00:00+00:00
[2024-05-08T00:00:46.564-0300] {processor.py:183} INFO - Processing /mnt/c/Users/Tilto/Desktop/Work/Airflow/dags/primeira_dag_v2.py took 0.241 seconds
[2024-05-08T00:01:17.562-0300] {processor.py:161} INFO - Started process (PID=8515) to work on /mnt/c/Users/Tilto/Desktop/Work/Airflow/dags/primeira_dag_v2.py
[2024-05-08T00:01:17.563-0300] {processor.py:830} INFO - Processing file /mnt/c/Users/Tilto/Desktop/Work/Airflow/dags/primeira_dag_v2.py for tasks to queue
[2024-05-08T00:01:17.566-0300] {logging_mixin.py:188} INFO - [2024-05-08T00:01:17.565-0300] {dagbag.py:540} INFO - Filling up the DagBag from /mnt/c/Users/Tilto/Desktop/Work/Airflow/dags/primeira_dag_v2.py
[2024-05-08T00:01:17.590-0300] {processor.py:840} INFO - DAG(s) 'a_primeira_DAG_v2' retrieved from /mnt/c/Users/Tilto/Desktop/Work/Airflow/dags/primeira_dag_v2.py
[2024-05-08T00:01:17.706-0300] {logging_mixin.py:188} INFO - [2024-05-08T00:01:17.706-0300] {dag.py:3096} INFO - Sync 1 DAGs
[2024-05-08T00:01:17.728-0300] {logging_mixin.py:188} INFO - [2024-05-08T00:01:17.728-0300] {dag.py:3954} INFO - Setting next_dagrun for a_primeira_DAG_v2 to 2024-05-08 00:00:00+00:00, run_after=2024-05-09 00:00:00+00:00
[2024-05-08T00:01:17.841-0300] {processor.py:183} INFO - Processing /mnt/c/Users/Tilto/Desktop/Work/Airflow/dags/primeira_dag_v2.py took 0.287 seconds
[2024-05-08T00:01:49.268-0300] {processor.py:161} INFO - Started process (PID=8659) to work on /mnt/c/Users/Tilto/Desktop/Work/Airflow/dags/primeira_dag_v2.py
[2024-05-08T00:01:49.269-0300] {processor.py:830} INFO - Processing file /mnt/c/Users/Tilto/Desktop/Work/Airflow/dags/primeira_dag_v2.py for tasks to queue
[2024-05-08T00:01:49.270-0300] {logging_mixin.py:188} INFO - [2024-05-08T00:01:49.270-0300] {dagbag.py:540} INFO - Filling up the DagBag from /mnt/c/Users/Tilto/Desktop/Work/Airflow/dags/primeira_dag_v2.py
[2024-05-08T00:01:49.296-0300] {processor.py:840} INFO - DAG(s) 'a_primeira_DAG_v2' retrieved from /mnt/c/Users/Tilto/Desktop/Work/Airflow/dags/primeira_dag_v2.py
[2024-05-08T00:01:49.327-0300] {logging_mixin.py:188} INFO - [2024-05-08T00:01:49.326-0300] {dag.py:3096} INFO - Sync 1 DAGs
[2024-05-08T00:01:49.352-0300] {logging_mixin.py:188} INFO - [2024-05-08T00:01:49.352-0300] {dag.py:3954} INFO - Setting next_dagrun for a_primeira_DAG_v2 to 2024-05-08 00:00:00+00:00, run_after=2024-05-09 00:00:00+00:00
[2024-05-08T00:01:49.414-0300] {processor.py:183} INFO - Processing /mnt/c/Users/Tilto/Desktop/Work/Airflow/dags/primeira_dag_v2.py took 0.149 seconds
[2024-05-08T00:02:20.548-0300] {processor.py:161} INFO - Started process (PID=8853) to work on /mnt/c/Users/Tilto/Desktop/Work/Airflow/dags/primeira_dag_v2.py
[2024-05-08T00:02:20.549-0300] {processor.py:830} INFO - Processing file /mnt/c/Users/Tilto/Desktop/Work/Airflow/dags/primeira_dag_v2.py for tasks to queue
[2024-05-08T00:02:20.551-0300] {logging_mixin.py:188} INFO - [2024-05-08T00:02:20.551-0300] {dagbag.py:540} INFO - Filling up the DagBag from /mnt/c/Users/Tilto/Desktop/Work/Airflow/dags/primeira_dag_v2.py
[2024-05-08T00:02:20.572-0300] {processor.py:840} INFO - DAG(s) 'a_primeira_DAG_v2' retrieved from /mnt/c/Users/Tilto/Desktop/Work/Airflow/dags/primeira_dag_v2.py
[2024-05-08T00:02:20.666-0300] {logging_mixin.py:188} INFO - [2024-05-08T00:02:20.666-0300] {dag.py:3096} INFO - Sync 1 DAGs
[2024-05-08T00:02:20.707-0300] {logging_mixin.py:188} INFO - [2024-05-08T00:02:20.706-0300] {dag.py:3954} INFO - Setting next_dagrun for a_primeira_DAG_v2 to 2024-05-08 00:00:00+00:00, run_after=2024-05-09 00:00:00+00:00
[2024-05-08T00:02:20.800-0300] {processor.py:183} INFO - Processing /mnt/c/Users/Tilto/Desktop/Work/Airflow/dags/primeira_dag_v2.py took 0.255 seconds
[2024-05-08T00:02:51.740-0300] {processor.py:161} INFO - Started process (PID=9019) to work on /mnt/c/Users/Tilto/Desktop/Work/Airflow/dags/primeira_dag_v2.py
[2024-05-08T00:02:51.741-0300] {processor.py:830} INFO - Processing file /mnt/c/Users/Tilto/Desktop/Work/Airflow/dags/primeira_dag_v2.py for tasks to queue
[2024-05-08T00:02:51.743-0300] {logging_mixin.py:188} INFO - [2024-05-08T00:02:51.743-0300] {dagbag.py:540} INFO - Filling up the DagBag from /mnt/c/Users/Tilto/Desktop/Work/Airflow/dags/primeira_dag_v2.py
[2024-05-08T00:02:51.773-0300] {processor.py:840} INFO - DAG(s) 'a_primeira_DAG_v2' retrieved from /mnt/c/Users/Tilto/Desktop/Work/Airflow/dags/primeira_dag_v2.py
[2024-05-08T00:02:51.806-0300] {logging_mixin.py:188} INFO - [2024-05-08T00:02:51.806-0300] {dag.py:3096} INFO - Sync 1 DAGs
[2024-05-08T00:02:51.839-0300] {logging_mixin.py:188} INFO - [2024-05-08T00:02:51.838-0300] {dag.py:3954} INFO - Setting next_dagrun for a_primeira_DAG_v2 to 2024-05-08 00:00:00+00:00, run_after=2024-05-09 00:00:00+00:00
[2024-05-08T00:02:52.078-0300] {processor.py:183} INFO - Processing /mnt/c/Users/Tilto/Desktop/Work/Airflow/dags/primeira_dag_v2.py took 0.343 seconds
[2024-05-08T00:03:22.426-0300] {processor.py:161} INFO - Started process (PID=9181) to work on /mnt/c/Users/Tilto/Desktop/Work/Airflow/dags/primeira_dag_v2.py
[2024-05-08T00:03:22.427-0300] {processor.py:830} INFO - Processing file /mnt/c/Users/Tilto/Desktop/Work/Airflow/dags/primeira_dag_v2.py for tasks to queue
[2024-05-08T00:03:22.428-0300] {logging_mixin.py:188} INFO - [2024-05-08T00:03:22.428-0300] {dagbag.py:540} INFO - Filling up the DagBag from /mnt/c/Users/Tilto/Desktop/Work/Airflow/dags/primeira_dag_v2.py
[2024-05-08T00:03:22.447-0300] {processor.py:840} INFO - DAG(s) 'a_primeira_DAG_v2' retrieved from /mnt/c/Users/Tilto/Desktop/Work/Airflow/dags/primeira_dag_v2.py
[2024-05-08T00:03:22.472-0300] {logging_mixin.py:188} INFO - [2024-05-08T00:03:22.472-0300] {dag.py:3096} INFO - Sync 1 DAGs
[2024-05-08T00:03:22.495-0300] {logging_mixin.py:188} INFO - [2024-05-08T00:03:22.495-0300] {dag.py:3954} INFO - Setting next_dagrun for a_primeira_DAG_v2 to 2024-05-08 00:00:00+00:00, run_after=2024-05-09 00:00:00+00:00
[2024-05-08T00:03:22.553-0300] {processor.py:183} INFO - Processing /mnt/c/Users/Tilto/Desktop/Work/Airflow/dags/primeira_dag_v2.py took 0.131 seconds
[2024-05-08T00:03:54.047-0300] {processor.py:161} INFO - Started process (PID=9325) to work on /mnt/c/Users/Tilto/Desktop/Work/Airflow/dags/primeira_dag_v2.py
[2024-05-08T00:03:54.048-0300] {processor.py:830} INFO - Processing file /mnt/c/Users/Tilto/Desktop/Work/Airflow/dags/primeira_dag_v2.py for tasks to queue
[2024-05-08T00:03:54.050-0300] {logging_mixin.py:188} INFO - [2024-05-08T00:03:54.049-0300] {dagbag.py:540} INFO - Filling up the DagBag from /mnt/c/Users/Tilto/Desktop/Work/Airflow/dags/primeira_dag_v2.py
[2024-05-08T00:03:54.067-0300] {processor.py:840} INFO - DAG(s) 'a_primeira_DAG_v2' retrieved from /mnt/c/Users/Tilto/Desktop/Work/Airflow/dags/primeira_dag_v2.py
[2024-05-08T00:03:54.092-0300] {logging_mixin.py:188} INFO - [2024-05-08T00:03:54.092-0300] {dag.py:3096} INFO - Sync 1 DAGs
[2024-05-08T00:03:54.115-0300] {logging_mixin.py:188} INFO - [2024-05-08T00:03:54.115-0300] {dag.py:3954} INFO - Setting next_dagrun for a_primeira_DAG_v2 to 2024-05-08 00:00:00+00:00, run_after=2024-05-09 00:00:00+00:00
[2024-05-08T00:03:54.171-0300] {processor.py:183} INFO - Processing /mnt/c/Users/Tilto/Desktop/Work/Airflow/dags/primeira_dag_v2.py took 0.128 seconds
[2024-05-08T00:04:42.438-0300] {processor.py:161} INFO - Started process (PID=9597) to work on /mnt/c/Users/Tilto/Desktop/Work/Airflow/dags/primeira_dag_v2.py
[2024-05-08T00:04:42.439-0300] {processor.py:830} INFO - Processing file /mnt/c/Users/Tilto/Desktop/Work/Airflow/dags/primeira_dag_v2.py for tasks to queue
[2024-05-08T00:04:42.441-0300] {logging_mixin.py:188} INFO - [2024-05-08T00:04:42.441-0300] {dagbag.py:540} INFO - Filling up the DagBag from /mnt/c/Users/Tilto/Desktop/Work/Airflow/dags/primeira_dag_v2.py
[2024-05-08T00:04:42.468-0300] {processor.py:840} INFO - DAG(s) 'a_primeira_DAG_v2' retrieved from /mnt/c/Users/Tilto/Desktop/Work/Airflow/dags/primeira_dag_v2.py
[2024-05-08T00:04:42.479-0300] {logging_mixin.py:188} INFO - [2024-05-08T00:04:42.479-0300] {dag.py:3096} INFO - Sync 1 DAGs
[2024-05-08T00:04:42.507-0300] {logging_mixin.py:188} INFO - [2024-05-08T00:04:42.507-0300] {dag.py:3954} INFO - Setting next_dagrun for a_primeira_DAG_v2 to 2024-05-08 00:00:00+00:00, run_after=2024-05-09 00:00:00+00:00
[2024-05-08T00:04:42.568-0300] {processor.py:183} INFO - Processing /mnt/c/Users/Tilto/Desktop/Work/Airflow/dags/primeira_dag_v2.py took 0.134 seconds
[2024-05-08T00:05:40.771-0300] {processor.py:161} INFO - Started process (PID=9864) to work on /mnt/c/Users/Tilto/Desktop/Work/Airflow/dags/primeira_dag_v2.py
[2024-05-08T00:05:40.772-0300] {processor.py:830} INFO - Processing file /mnt/c/Users/Tilto/Desktop/Work/Airflow/dags/primeira_dag_v2.py for tasks to queue
[2024-05-08T00:05:40.773-0300] {logging_mixin.py:188} INFO - [2024-05-08T00:05:40.773-0300] {dagbag.py:540} INFO - Filling up the DagBag from /mnt/c/Users/Tilto/Desktop/Work/Airflow/dags/primeira_dag_v2.py
[2024-05-08T00:05:40.798-0300] {processor.py:840} INFO - DAG(s) 'a_primeira_DAG_v2' retrieved from /mnt/c/Users/Tilto/Desktop/Work/Airflow/dags/primeira_dag_v2.py
[2024-05-08T00:05:40.908-0300] {logging_mixin.py:188} INFO - [2024-05-08T00:05:40.908-0300] {dag.py:3096} INFO - Sync 1 DAGs
[2024-05-08T00:05:40.932-0300] {logging_mixin.py:188} INFO - [2024-05-08T00:05:40.931-0300] {dag.py:3954} INFO - Setting next_dagrun for a_primeira_DAG_v2 to 2024-05-08 00:00:00+00:00, run_after=2024-05-09 00:00:00+00:00
[2024-05-08T00:05:40.994-0300] {processor.py:183} INFO - Processing /mnt/c/Users/Tilto/Desktop/Work/Airflow/dags/primeira_dag_v2.py took 0.227 seconds
[2024-05-08T00:06:11.345-0300] {processor.py:161} INFO - Started process (PID=10010) to work on /mnt/c/Users/Tilto/Desktop/Work/Airflow/dags/primeira_dag_v2.py
[2024-05-08T00:06:11.346-0300] {processor.py:830} INFO - Processing file /mnt/c/Users/Tilto/Desktop/Work/Airflow/dags/primeira_dag_v2.py for tasks to queue
[2024-05-08T00:06:11.348-0300] {logging_mixin.py:188} INFO - [2024-05-08T00:06:11.347-0300] {dagbag.py:540} INFO - Filling up the DagBag from /mnt/c/Users/Tilto/Desktop/Work/Airflow/dags/primeira_dag_v2.py
[2024-05-08T00:06:11.369-0300] {processor.py:840} INFO - DAG(s) 'a_primeira_DAG_v2' retrieved from /mnt/c/Users/Tilto/Desktop/Work/Airflow/dags/primeira_dag_v2.py
[2024-05-08T00:06:11.397-0300] {logging_mixin.py:188} INFO - [2024-05-08T00:06:11.396-0300] {dag.py:3096} INFO - Sync 1 DAGs
[2024-05-08T00:06:11.420-0300] {logging_mixin.py:188} INFO - [2024-05-08T00:06:11.420-0300] {dag.py:3954} INFO - Setting next_dagrun for a_primeira_DAG_v2 to 2024-05-08 00:00:00+00:00, run_after=2024-05-09 00:00:00+00:00
[2024-05-08T00:06:11.479-0300] {processor.py:183} INFO - Processing /mnt/c/Users/Tilto/Desktop/Work/Airflow/dags/primeira_dag_v2.py took 0.138 seconds
[2024-05-08T00:06:42.852-0300] {processor.py:161} INFO - Started process (PID=10159) to work on /mnt/c/Users/Tilto/Desktop/Work/Airflow/dags/primeira_dag_v2.py
[2024-05-08T00:06:42.853-0300] {processor.py:830} INFO - Processing file /mnt/c/Users/Tilto/Desktop/Work/Airflow/dags/primeira_dag_v2.py for tasks to queue
[2024-05-08T00:06:42.855-0300] {logging_mixin.py:188} INFO - [2024-05-08T00:06:42.854-0300] {dagbag.py:540} INFO - Filling up the DagBag from /mnt/c/Users/Tilto/Desktop/Work/Airflow/dags/primeira_dag_v2.py
[2024-05-08T00:06:42.876-0300] {processor.py:840} INFO - DAG(s) 'a_primeira_DAG_v2' retrieved from /mnt/c/Users/Tilto/Desktop/Work/Airflow/dags/primeira_dag_v2.py
[2024-05-08T00:06:42.902-0300] {logging_mixin.py:188} INFO - [2024-05-08T00:06:42.901-0300] {dag.py:3096} INFO - Sync 1 DAGs
[2024-05-08T00:06:42.924-0300] {logging_mixin.py:188} INFO - [2024-05-08T00:06:42.924-0300] {dag.py:3954} INFO - Setting next_dagrun for a_primeira_DAG_v2 to 2024-05-08 00:00:00+00:00, run_after=2024-05-09 00:00:00+00:00
[2024-05-08T00:06:42.980-0300] {processor.py:183} INFO - Processing /mnt/c/Users/Tilto/Desktop/Work/Airflow/dags/primeira_dag_v2.py took 0.132 seconds
[2024-05-08T00:07:13.325-0300] {processor.py:161} INFO - Started process (PID=10301) to work on /mnt/c/Users/Tilto/Desktop/Work/Airflow/dags/primeira_dag_v2.py
[2024-05-08T00:07:13.326-0300] {processor.py:830} INFO - Processing file /mnt/c/Users/Tilto/Desktop/Work/Airflow/dags/primeira_dag_v2.py for tasks to queue
[2024-05-08T00:07:13.328-0300] {logging_mixin.py:188} INFO - [2024-05-08T00:07:13.328-0300] {dagbag.py:540} INFO - Filling up the DagBag from /mnt/c/Users/Tilto/Desktop/Work/Airflow/dags/primeira_dag_v2.py
[2024-05-08T00:07:13.352-0300] {processor.py:840} INFO - DAG(s) 'a_primeira_DAG_v2' retrieved from /mnt/c/Users/Tilto/Desktop/Work/Airflow/dags/primeira_dag_v2.py
[2024-05-08T00:07:13.380-0300] {logging_mixin.py:188} INFO - [2024-05-08T00:07:13.380-0300] {dag.py:3096} INFO - Sync 1 DAGs
[2024-05-08T00:07:13.408-0300] {logging_mixin.py:188} INFO - [2024-05-08T00:07:13.407-0300] {dag.py:3954} INFO - Setting next_dagrun for a_primeira_DAG_v2 to 2024-05-08 00:00:00+00:00, run_after=2024-05-09 00:00:00+00:00
[2024-05-08T00:07:13.473-0300] {processor.py:183} INFO - Processing /mnt/c/Users/Tilto/Desktop/Work/Airflow/dags/primeira_dag_v2.py took 0.152 seconds
[2024-05-08T00:07:43.781-0300] {processor.py:161} INFO - Started process (PID=10441) to work on /mnt/c/Users/Tilto/Desktop/Work/Airflow/dags/primeira_dag_v2.py
[2024-05-08T00:07:43.782-0300] {processor.py:830} INFO - Processing file /mnt/c/Users/Tilto/Desktop/Work/Airflow/dags/primeira_dag_v2.py for tasks to queue
[2024-05-08T00:07:43.784-0300] {logging_mixin.py:188} INFO - [2024-05-08T00:07:43.783-0300] {dagbag.py:540} INFO - Filling up the DagBag from /mnt/c/Users/Tilto/Desktop/Work/Airflow/dags/primeira_dag_v2.py
[2024-05-08T00:07:43.804-0300] {processor.py:840} INFO - DAG(s) 'a_primeira_DAG_v2' retrieved from /mnt/c/Users/Tilto/Desktop/Work/Airflow/dags/primeira_dag_v2.py
[2024-05-08T00:07:43.828-0300] {logging_mixin.py:188} INFO - [2024-05-08T00:07:43.827-0300] {dag.py:3096} INFO - Sync 1 DAGs
[2024-05-08T00:07:43.851-0300] {logging_mixin.py:188} INFO - [2024-05-08T00:07:43.851-0300] {dag.py:3954} INFO - Setting next_dagrun for a_primeira_DAG_v2 to 2024-05-08 00:00:00+00:00, run_after=2024-05-09 00:00:00+00:00
[2024-05-08T00:07:43.904-0300] {processor.py:183} INFO - Processing /mnt/c/Users/Tilto/Desktop/Work/Airflow/dags/primeira_dag_v2.py took 0.128 seconds
[2024-05-08T00:08:15.559-0300] {processor.py:161} INFO - Started process (PID=10586) to work on /mnt/c/Users/Tilto/Desktop/Work/Airflow/dags/primeira_dag_v2.py
[2024-05-08T00:08:15.560-0300] {processor.py:830} INFO - Processing file /mnt/c/Users/Tilto/Desktop/Work/Airflow/dags/primeira_dag_v2.py for tasks to queue
[2024-05-08T00:08:15.561-0300] {logging_mixin.py:188} INFO - [2024-05-08T00:08:15.561-0300] {dagbag.py:540} INFO - Filling up the DagBag from /mnt/c/Users/Tilto/Desktop/Work/Airflow/dags/primeira_dag_v2.py
[2024-05-08T00:08:15.583-0300] {processor.py:840} INFO - DAG(s) 'a_primeira_DAG_v2' retrieved from /mnt/c/Users/Tilto/Desktop/Work/Airflow/dags/primeira_dag_v2.py
[2024-05-08T00:08:15.608-0300] {logging_mixin.py:188} INFO - [2024-05-08T00:08:15.607-0300] {dag.py:3096} INFO - Sync 1 DAGs
[2024-05-08T00:08:15.630-0300] {logging_mixin.py:188} INFO - [2024-05-08T00:08:15.630-0300] {dag.py:3954} INFO - Setting next_dagrun for a_primeira_DAG_v2 to 2024-05-08 00:00:00+00:00, run_after=2024-05-09 00:00:00+00:00
[2024-05-08T00:08:15.690-0300] {processor.py:183} INFO - Processing /mnt/c/Users/Tilto/Desktop/Work/Airflow/dags/primeira_dag_v2.py took 0.135 seconds
[2024-05-08T00:08:45.984-0300] {processor.py:161} INFO - Started process (PID=10726) to work on /mnt/c/Users/Tilto/Desktop/Work/Airflow/dags/primeira_dag_v2.py
[2024-05-08T00:08:45.985-0300] {processor.py:830} INFO - Processing file /mnt/c/Users/Tilto/Desktop/Work/Airflow/dags/primeira_dag_v2.py for tasks to queue
[2024-05-08T00:08:45.986-0300] {logging_mixin.py:188} INFO - [2024-05-08T00:08:45.986-0300] {dagbag.py:540} INFO - Filling up the DagBag from /mnt/c/Users/Tilto/Desktop/Work/Airflow/dags/primeira_dag_v2.py
[2024-05-08T00:08:46.008-0300] {processor.py:840} INFO - DAG(s) 'a_primeira_DAG_v2' retrieved from /mnt/c/Users/Tilto/Desktop/Work/Airflow/dags/primeira_dag_v2.py
[2024-05-08T00:08:46.032-0300] {logging_mixin.py:188} INFO - [2024-05-08T00:08:46.032-0300] {dag.py:3096} INFO - Sync 1 DAGs
[2024-05-08T00:08:46.056-0300] {logging_mixin.py:188} INFO - [2024-05-08T00:08:46.056-0300] {dag.py:3954} INFO - Setting next_dagrun for a_primeira_DAG_v2 to 2024-05-08 00:00:00+00:00, run_after=2024-05-09 00:00:00+00:00
[2024-05-08T00:08:46.117-0300] {processor.py:183} INFO - Processing /mnt/c/Users/Tilto/Desktop/Work/Airflow/dags/primeira_dag_v2.py took 0.138 seconds
[2024-05-08T00:09:17.576-0300] {processor.py:161} INFO - Started process (PID=10873) to work on /mnt/c/Users/Tilto/Desktop/Work/Airflow/dags/primeira_dag_v2.py
[2024-05-08T00:09:17.577-0300] {processor.py:830} INFO - Processing file /mnt/c/Users/Tilto/Desktop/Work/Airflow/dags/primeira_dag_v2.py for tasks to queue
[2024-05-08T00:09:17.578-0300] {logging_mixin.py:188} INFO - [2024-05-08T00:09:17.578-0300] {dagbag.py:540} INFO - Filling up the DagBag from /mnt/c/Users/Tilto/Desktop/Work/Airflow/dags/primeira_dag_v2.py
[2024-05-08T00:09:17.600-0300] {processor.py:840} INFO - DAG(s) 'a_primeira_DAG_v2' retrieved from /mnt/c/Users/Tilto/Desktop/Work/Airflow/dags/primeira_dag_v2.py
[2024-05-08T00:09:17.627-0300] {logging_mixin.py:188} INFO - [2024-05-08T00:09:17.627-0300] {dag.py:3096} INFO - Sync 1 DAGs
[2024-05-08T00:09:17.653-0300] {logging_mixin.py:188} INFO - [2024-05-08T00:09:17.653-0300] {dag.py:3954} INFO - Setting next_dagrun for a_primeira_DAG_v2 to 2024-05-08 00:00:00+00:00, run_after=2024-05-09 00:00:00+00:00
[2024-05-08T00:09:17.724-0300] {processor.py:183} INFO - Processing /mnt/c/Users/Tilto/Desktop/Work/Airflow/dags/primeira_dag_v2.py took 0.153 seconds
[2024-05-08T00:09:48.200-0300] {processor.py:161} INFO - Started process (PID=11015) to work on /mnt/c/Users/Tilto/Desktop/Work/Airflow/dags/primeira_dag_v2.py
[2024-05-08T00:09:48.201-0300] {processor.py:830} INFO - Processing file /mnt/c/Users/Tilto/Desktop/Work/Airflow/dags/primeira_dag_v2.py for tasks to queue
[2024-05-08T00:09:48.204-0300] {logging_mixin.py:188} INFO - [2024-05-08T00:09:48.203-0300] {dagbag.py:540} INFO - Filling up the DagBag from /mnt/c/Users/Tilto/Desktop/Work/Airflow/dags/primeira_dag_v2.py
[2024-05-08T00:09:48.226-0300] {processor.py:840} INFO - DAG(s) 'a_primeira_DAG_v2' retrieved from /mnt/c/Users/Tilto/Desktop/Work/Airflow/dags/primeira_dag_v2.py
[2024-05-08T00:09:48.254-0300] {logging_mixin.py:188} INFO - [2024-05-08T00:09:48.254-0300] {dag.py:3096} INFO - Sync 1 DAGs
[2024-05-08T00:09:48.281-0300] {logging_mixin.py:188} INFO - [2024-05-08T00:09:48.280-0300] {dag.py:3954} INFO - Setting next_dagrun for a_primeira_DAG_v2 to 2024-05-08 00:00:00+00:00, run_after=2024-05-09 00:00:00+00:00
[2024-05-08T00:09:48.458-0300] {processor.py:183} INFO - Processing /mnt/c/Users/Tilto/Desktop/Work/Airflow/dags/primeira_dag_v2.py took 0.262 seconds
[2024-05-08T00:10:18.671-0300] {processor.py:161} INFO - Started process (PID=11156) to work on /mnt/c/Users/Tilto/Desktop/Work/Airflow/dags/primeira_dag_v2.py
[2024-05-08T00:10:18.672-0300] {processor.py:830} INFO - Processing file /mnt/c/Users/Tilto/Desktop/Work/Airflow/dags/primeira_dag_v2.py for tasks to queue
[2024-05-08T00:10:18.673-0300] {logging_mixin.py:188} INFO - [2024-05-08T00:10:18.673-0300] {dagbag.py:540} INFO - Filling up the DagBag from /mnt/c/Users/Tilto/Desktop/Work/Airflow/dags/primeira_dag_v2.py
[2024-05-08T00:10:18.695-0300] {processor.py:840} INFO - DAG(s) 'a_primeira_DAG_v2' retrieved from /mnt/c/Users/Tilto/Desktop/Work/Airflow/dags/primeira_dag_v2.py
[2024-05-08T00:10:18.721-0300] {logging_mixin.py:188} INFO - [2024-05-08T00:10:18.720-0300] {dag.py:3096} INFO - Sync 1 DAGs
[2024-05-08T00:10:18.743-0300] {logging_mixin.py:188} INFO - [2024-05-08T00:10:18.743-0300] {dag.py:3954} INFO - Setting next_dagrun for a_primeira_DAG_v2 to 2024-05-08 00:00:00+00:00, run_after=2024-05-09 00:00:00+00:00
[2024-05-08T00:10:18.802-0300] {processor.py:183} INFO - Processing /mnt/c/Users/Tilto/Desktop/Work/Airflow/dags/primeira_dag_v2.py took 0.135 seconds
[2024-05-08T00:10:49.351-0300] {processor.py:161} INFO - Started process (PID=11297) to work on /mnt/c/Users/Tilto/Desktop/Work/Airflow/dags/primeira_dag_v2.py
[2024-05-08T00:10:49.352-0300] {processor.py:830} INFO - Processing file /mnt/c/Users/Tilto/Desktop/Work/Airflow/dags/primeira_dag_v2.py for tasks to queue
[2024-05-08T00:10:49.354-0300] {logging_mixin.py:188} INFO - [2024-05-08T00:10:49.354-0300] {dagbag.py:540} INFO - Filling up the DagBag from /mnt/c/Users/Tilto/Desktop/Work/Airflow/dags/primeira_dag_v2.py
[2024-05-08T00:10:49.377-0300] {processor.py:840} INFO - DAG(s) 'a_primeira_DAG_v2' retrieved from /mnt/c/Users/Tilto/Desktop/Work/Airflow/dags/primeira_dag_v2.py
[2024-05-08T00:10:49.403-0300] {logging_mixin.py:188} INFO - [2024-05-08T00:10:49.403-0300] {dag.py:3096} INFO - Sync 1 DAGs
[2024-05-08T00:10:49.431-0300] {logging_mixin.py:188} INFO - [2024-05-08T00:10:49.431-0300] {dag.py:3954} INFO - Setting next_dagrun for a_primeira_DAG_v2 to 2024-05-08 00:00:00+00:00, run_after=2024-05-09 00:00:00+00:00
[2024-05-08T00:10:49.499-0300] {processor.py:183} INFO - Processing /mnt/c/Users/Tilto/Desktop/Work/Airflow/dags/primeira_dag_v2.py took 0.152 seconds
[2024-05-08T00:11:20.559-0300] {processor.py:161} INFO - Started process (PID=11441) to work on /mnt/c/Users/Tilto/Desktop/Work/Airflow/dags/primeira_dag_v2.py
[2024-05-08T00:11:20.560-0300] {processor.py:830} INFO - Processing file /mnt/c/Users/Tilto/Desktop/Work/Airflow/dags/primeira_dag_v2.py for tasks to queue
[2024-05-08T00:11:20.561-0300] {logging_mixin.py:188} INFO - [2024-05-08T00:11:20.561-0300] {dagbag.py:540} INFO - Filling up the DagBag from /mnt/c/Users/Tilto/Desktop/Work/Airflow/dags/primeira_dag_v2.py
[2024-05-08T00:11:20.585-0300] {processor.py:840} INFO - DAG(s) 'a_primeira_DAG_v2' retrieved from /mnt/c/Users/Tilto/Desktop/Work/Airflow/dags/primeira_dag_v2.py
[2024-05-08T00:11:20.611-0300] {logging_mixin.py:188} INFO - [2024-05-08T00:11:20.610-0300] {dag.py:3096} INFO - Sync 1 DAGs
[2024-05-08T00:11:20.635-0300] {logging_mixin.py:188} INFO - [2024-05-08T00:11:20.635-0300] {dag.py:3954} INFO - Setting next_dagrun for a_primeira_DAG_v2 to 2024-05-08 00:00:00+00:00, run_after=2024-05-09 00:00:00+00:00
[2024-05-08T00:11:20.698-0300] {processor.py:183} INFO - Processing /mnt/c/Users/Tilto/Desktop/Work/Airflow/dags/primeira_dag_v2.py took 0.144 seconds
[2024-05-08T00:11:51.546-0300] {processor.py:161} INFO - Started process (PID=11584) to work on /mnt/c/Users/Tilto/Desktop/Work/Airflow/dags/primeira_dag_v2.py
[2024-05-08T00:11:51.547-0300] {processor.py:830} INFO - Processing file /mnt/c/Users/Tilto/Desktop/Work/Airflow/dags/primeira_dag_v2.py for tasks to queue
[2024-05-08T00:11:51.548-0300] {logging_mixin.py:188} INFO - [2024-05-08T00:11:51.548-0300] {dagbag.py:540} INFO - Filling up the DagBag from /mnt/c/Users/Tilto/Desktop/Work/Airflow/dags/primeira_dag_v2.py
[2024-05-08T00:11:51.571-0300] {processor.py:840} INFO - DAG(s) 'a_primeira_DAG_v2' retrieved from /mnt/c/Users/Tilto/Desktop/Work/Airflow/dags/primeira_dag_v2.py
[2024-05-08T00:11:51.597-0300] {logging_mixin.py:188} INFO - [2024-05-08T00:11:51.597-0300] {dag.py:3096} INFO - Sync 1 DAGs
[2024-05-08T00:11:51.621-0300] {logging_mixin.py:188} INFO - [2024-05-08T00:11:51.621-0300] {dag.py:3954} INFO - Setting next_dagrun for a_primeira_DAG_v2 to 2024-05-08 00:00:00+00:00, run_after=2024-05-09 00:00:00+00:00
[2024-05-08T00:11:51.686-0300] {processor.py:183} INFO - Processing /mnt/c/Users/Tilto/Desktop/Work/Airflow/dags/primeira_dag_v2.py took 0.145 seconds
[2024-05-08T00:12:22.615-0300] {processor.py:161} INFO - Started process (PID=11727) to work on /mnt/c/Users/Tilto/Desktop/Work/Airflow/dags/primeira_dag_v2.py
[2024-05-08T00:12:22.616-0300] {processor.py:830} INFO - Processing file /mnt/c/Users/Tilto/Desktop/Work/Airflow/dags/primeira_dag_v2.py for tasks to queue
[2024-05-08T00:12:22.617-0300] {logging_mixin.py:188} INFO - [2024-05-08T00:12:22.617-0300] {dagbag.py:540} INFO - Filling up the DagBag from /mnt/c/Users/Tilto/Desktop/Work/Airflow/dags/primeira_dag_v2.py
[2024-05-08T00:12:22.639-0300] {processor.py:840} INFO - DAG(s) 'a_primeira_DAG_v2' retrieved from /mnt/c/Users/Tilto/Desktop/Work/Airflow/dags/primeira_dag_v2.py
[2024-05-08T00:12:22.664-0300] {logging_mixin.py:188} INFO - [2024-05-08T00:12:22.663-0300] {dag.py:3096} INFO - Sync 1 DAGs
[2024-05-08T00:12:22.687-0300] {logging_mixin.py:188} INFO - [2024-05-08T00:12:22.687-0300] {dag.py:3954} INFO - Setting next_dagrun for a_primeira_DAG_v2 to 2024-05-08 00:00:00+00:00, run_after=2024-05-09 00:00:00+00:00
[2024-05-08T00:12:22.806-0300] {processor.py:183} INFO - Processing /mnt/c/Users/Tilto/Desktop/Work/Airflow/dags/primeira_dag_v2.py took 0.195 seconds
[2024-05-08T00:12:53.725-0300] {processor.py:161} INFO - Started process (PID=11871) to work on /mnt/c/Users/Tilto/Desktop/Work/Airflow/dags/primeira_dag_v2.py
[2024-05-08T00:12:53.726-0300] {processor.py:830} INFO - Processing file /mnt/c/Users/Tilto/Desktop/Work/Airflow/dags/primeira_dag_v2.py for tasks to queue
[2024-05-08T00:12:53.728-0300] {logging_mixin.py:188} INFO - [2024-05-08T00:12:53.728-0300] {dagbag.py:540} INFO - Filling up the DagBag from /mnt/c/Users/Tilto/Desktop/Work/Airflow/dags/primeira_dag_v2.py
[2024-05-08T00:12:53.751-0300] {processor.py:840} INFO - DAG(s) 'a_primeira_DAG_v2' retrieved from /mnt/c/Users/Tilto/Desktop/Work/Airflow/dags/primeira_dag_v2.py
[2024-05-08T00:12:53.778-0300] {logging_mixin.py:188} INFO - [2024-05-08T00:12:53.778-0300] {dag.py:3096} INFO - Sync 1 DAGs
[2024-05-08T00:12:53.876-0300] {logging_mixin.py:188} INFO - [2024-05-08T00:12:53.876-0300] {dag.py:3954} INFO - Setting next_dagrun for a_primeira_DAG_v2 to 2024-05-08 00:00:00+00:00, run_after=2024-05-09 00:00:00+00:00
[2024-05-08T00:12:53.941-0300] {processor.py:183} INFO - Processing /mnt/c/Users/Tilto/Desktop/Work/Airflow/dags/primeira_dag_v2.py took 0.220 seconds
[2024-05-08T00:13:24.459-0300] {processor.py:161} INFO - Started process (PID=12014) to work on /mnt/c/Users/Tilto/Desktop/Work/Airflow/dags/primeira_dag_v2.py
[2024-05-08T00:13:24.460-0300] {processor.py:830} INFO - Processing file /mnt/c/Users/Tilto/Desktop/Work/Airflow/dags/primeira_dag_v2.py for tasks to queue
[2024-05-08T00:13:24.461-0300] {logging_mixin.py:188} INFO - [2024-05-08T00:13:24.461-0300] {dagbag.py:540} INFO - Filling up the DagBag from /mnt/c/Users/Tilto/Desktop/Work/Airflow/dags/primeira_dag_v2.py
[2024-05-08T00:13:24.483-0300] {processor.py:840} INFO - DAG(s) 'a_primeira_DAG_v2' retrieved from /mnt/c/Users/Tilto/Desktop/Work/Airflow/dags/primeira_dag_v2.py
[2024-05-08T00:13:24.508-0300] {logging_mixin.py:188} INFO - [2024-05-08T00:13:24.508-0300] {dag.py:3096} INFO - Sync 1 DAGs
[2024-05-08T00:13:24.597-0300] {logging_mixin.py:188} INFO - [2024-05-08T00:13:24.597-0300] {dag.py:3954} INFO - Setting next_dagrun for a_primeira_DAG_v2 to 2024-05-08 00:00:00+00:00, run_after=2024-05-09 00:00:00+00:00
[2024-05-08T00:13:24.655-0300] {processor.py:183} INFO - Processing /mnt/c/Users/Tilto/Desktop/Work/Airflow/dags/primeira_dag_v2.py took 0.200 seconds
[2024-05-08T00:13:55.463-0300] {processor.py:161} INFO - Started process (PID=12157) to work on /mnt/c/Users/Tilto/Desktop/Work/Airflow/dags/primeira_dag_v2.py
[2024-05-08T00:13:55.464-0300] {processor.py:830} INFO - Processing file /mnt/c/Users/Tilto/Desktop/Work/Airflow/dags/primeira_dag_v2.py for tasks to queue
[2024-05-08T00:13:55.465-0300] {logging_mixin.py:188} INFO - [2024-05-08T00:13:55.465-0300] {dagbag.py:540} INFO - Filling up the DagBag from /mnt/c/Users/Tilto/Desktop/Work/Airflow/dags/primeira_dag_v2.py
[2024-05-08T00:13:55.489-0300] {processor.py:840} INFO - DAG(s) 'a_primeira_DAG_v2' retrieved from /mnt/c/Users/Tilto/Desktop/Work/Airflow/dags/primeira_dag_v2.py
[2024-05-08T00:13:55.519-0300] {logging_mixin.py:188} INFO - [2024-05-08T00:13:55.518-0300] {dag.py:3096} INFO - Sync 1 DAGs
[2024-05-08T00:13:55.607-0300] {logging_mixin.py:188} INFO - [2024-05-08T00:13:55.607-0300] {dag.py:3954} INFO - Setting next_dagrun for a_primeira_DAG_v2 to 2024-05-08 00:00:00+00:00, run_after=2024-05-09 00:00:00+00:00
[2024-05-08T00:13:55.665-0300] {processor.py:183} INFO - Processing /mnt/c/Users/Tilto/Desktop/Work/Airflow/dags/primeira_dag_v2.py took 0.207 seconds
