[2024-05-07T23:42:21.739-0300] {processor.py:161} INFO - Started process (PID=2881) to work on /mnt/c/Users/Tilto/Desktop/Work/Airflow/dags/primeira_dagv1.py
[2024-05-07T23:42:21.740-0300] {processor.py:830} INFO - Processing file /mnt/c/Users/Tilto/Desktop/Work/Airflow/dags/primeira_dagv1.py for tasks to queue
[2024-05-07T23:42:21.741-0300] {logging_mixin.py:188} INFO - [2024-05-07T23:42:21.741-0300] {dagbag.py:540} INFO - Filling up the DagBag from /mnt/c/Users/Tilto/Desktop/Work/Airflow/dags/primeira_dagv1.py
[2024-05-07T23:42:21.763-0300] {processor.py:840} INFO - DAG(s) 'a_primeira_DAG_v1' retrieved from /mnt/c/Users/Tilto/Desktop/Work/Airflow/dags/primeira_dagv1.py
[2024-05-07T23:42:21.775-0300] {logging_mixin.py:188} INFO - [2024-05-07T23:42:21.775-0300] {dag.py:3096} INFO - Sync 1 DAGs
[2024-05-07T23:42:21.800-0300] {logging_mixin.py:188} INFO - [2024-05-07T23:42:21.800-0300] {dag.py:3954} INFO - Setting next_dagrun for a_primeira_DAG_v1 to 2024-05-08 00:00:00+00:00, run_after=2024-05-09 00:00:00+00:00
[2024-05-07T23:42:21.881-0300] {processor.py:183} INFO - Processing /mnt/c/Users/Tilto/Desktop/Work/Airflow/dags/primeira_dagv1.py took 0.147 seconds
[2024-05-07T23:42:52.881-0300] {processor.py:161} INFO - Started process (PID=3113) to work on /mnt/c/Users/Tilto/Desktop/Work/Airflow/dags/primeira_dagv1.py
[2024-05-07T23:42:52.882-0300] {processor.py:830} INFO - Processing file /mnt/c/Users/Tilto/Desktop/Work/Airflow/dags/primeira_dagv1.py for tasks to queue
[2024-05-07T23:42:52.884-0300] {logging_mixin.py:188} INFO - [2024-05-07T23:42:52.883-0300] {dagbag.py:540} INFO - Filling up the DagBag from /mnt/c/Users/Tilto/Desktop/Work/Airflow/dags/primeira_dagv1.py
[2024-05-07T23:42:52.905-0300] {processor.py:840} INFO - DAG(s) 'a_primeira_DAG_v1' retrieved from /mnt/c/Users/Tilto/Desktop/Work/Airflow/dags/primeira_dagv1.py
[2024-05-07T23:42:53.099-0300] {logging_mixin.py:188} INFO - [2024-05-07T23:42:53.099-0300] {dag.py:3096} INFO - Sync 1 DAGs
[2024-05-07T23:42:53.157-0300] {logging_mixin.py:188} INFO - [2024-05-07T23:42:53.157-0300] {dag.py:3954} INFO - Setting next_dagrun for a_primeira_DAG_v1 to 2024-05-08 00:00:00+00:00, run_after=2024-05-09 00:00:00+00:00
[2024-05-07T23:42:53.296-0300] {processor.py:183} INFO - Processing /mnt/c/Users/Tilto/Desktop/Work/Airflow/dags/primeira_dagv1.py took 0.421 seconds
[2024-05-07T23:43:23.519-0300] {processor.py:161} INFO - Started process (PID=3266) to work on /mnt/c/Users/Tilto/Desktop/Work/Airflow/dags/primeira_dagv1.py
[2024-05-07T23:43:23.520-0300] {processor.py:830} INFO - Processing file /mnt/c/Users/Tilto/Desktop/Work/Airflow/dags/primeira_dagv1.py for tasks to queue
[2024-05-07T23:43:23.522-0300] {logging_mixin.py:188} INFO - [2024-05-07T23:43:23.522-0300] {dagbag.py:540} INFO - Filling up the DagBag from /mnt/c/Users/Tilto/Desktop/Work/Airflow/dags/primeira_dagv1.py
[2024-05-07T23:43:23.547-0300] {processor.py:840} INFO - DAG(s) 'a_primeira_DAG_v1' retrieved from /mnt/c/Users/Tilto/Desktop/Work/Airflow/dags/primeira_dagv1.py
[2024-05-07T23:43:23.577-0300] {logging_mixin.py:188} INFO - [2024-05-07T23:43:23.576-0300] {dag.py:3096} INFO - Sync 1 DAGs
[2024-05-07T23:43:23.603-0300] {logging_mixin.py:188} INFO - [2024-05-07T23:43:23.603-0300] {dag.py:3954} INFO - Setting next_dagrun for a_primeira_DAG_v1 to 2024-05-08 00:00:00+00:00, run_after=2024-05-09 00:00:00+00:00
[2024-05-07T23:43:23.667-0300] {processor.py:183} INFO - Processing /mnt/c/Users/Tilto/Desktop/Work/Airflow/dags/primeira_dagv1.py took 0.153 seconds
[2024-05-07T23:43:55.768-0300] {processor.py:161} INFO - Started process (PID=3420) to work on /mnt/c/Users/Tilto/Desktop/Work/Airflow/dags/primeira_dagv1.py
[2024-05-07T23:43:55.769-0300] {processor.py:830} INFO - Processing file /mnt/c/Users/Tilto/Desktop/Work/Airflow/dags/primeira_dagv1.py for tasks to queue
[2024-05-07T23:43:55.770-0300] {logging_mixin.py:188} INFO - [2024-05-07T23:43:55.770-0300] {dagbag.py:540} INFO - Filling up the DagBag from /mnt/c/Users/Tilto/Desktop/Work/Airflow/dags/primeira_dagv1.py
[2024-05-07T23:43:55.793-0300] {processor.py:840} INFO - DAG(s) 'a_primeira_DAG_v1' retrieved from /mnt/c/Users/Tilto/Desktop/Work/Airflow/dags/primeira_dagv1.py
[2024-05-07T23:43:55.827-0300] {logging_mixin.py:188} INFO - [2024-05-07T23:43:55.827-0300] {dag.py:3096} INFO - Sync 1 DAGs
[2024-05-07T23:43:55.868-0300] {logging_mixin.py:188} INFO - [2024-05-07T23:43:55.867-0300] {dag.py:3954} INFO - Setting next_dagrun for a_primeira_DAG_v1 to 2024-05-08 00:00:00+00:00, run_after=2024-05-09 00:00:00+00:00
[2024-05-07T23:43:55.945-0300] {processor.py:183} INFO - Processing /mnt/c/Users/Tilto/Desktop/Work/Airflow/dags/primeira_dagv1.py took 0.181 seconds
[2024-05-07T23:44:26.841-0300] {processor.py:161} INFO - Started process (PID=3577) to work on /mnt/c/Users/Tilto/Desktop/Work/Airflow/dags/primeira_dagv1.py
[2024-05-07T23:44:26.844-0300] {processor.py:830} INFO - Processing file /mnt/c/Users/Tilto/Desktop/Work/Airflow/dags/primeira_dagv1.py for tasks to queue
[2024-05-07T23:44:26.846-0300] {logging_mixin.py:188} INFO - [2024-05-07T23:44:26.846-0300] {dagbag.py:540} INFO - Filling up the DagBag from /mnt/c/Users/Tilto/Desktop/Work/Airflow/dags/primeira_dagv1.py
[2024-05-07T23:44:26.877-0300] {processor.py:840} INFO - DAG(s) 'a_primeira_DAG_v1' retrieved from /mnt/c/Users/Tilto/Desktop/Work/Airflow/dags/primeira_dagv1.py
[2024-05-07T23:44:26.909-0300] {logging_mixin.py:188} INFO - [2024-05-07T23:44:26.909-0300] {dag.py:3096} INFO - Sync 1 DAGs
[2024-05-07T23:44:26.935-0300] {logging_mixin.py:188} INFO - [2024-05-07T23:44:26.935-0300] {dag.py:3954} INFO - Setting next_dagrun for a_primeira_DAG_v1 to 2024-05-08 00:00:00+00:00, run_after=2024-05-09 00:00:00+00:00
[2024-05-07T23:44:26.995-0300] {processor.py:183} INFO - Processing /mnt/c/Users/Tilto/Desktop/Work/Airflow/dags/primeira_dagv1.py took 0.162 seconds
[2024-05-07T23:44:57.439-0300] {processor.py:161} INFO - Started process (PID=3723) to work on /mnt/c/Users/Tilto/Desktop/Work/Airflow/dags/primeira_dagv1.py
[2024-05-07T23:44:57.441-0300] {processor.py:830} INFO - Processing file /mnt/c/Users/Tilto/Desktop/Work/Airflow/dags/primeira_dagv1.py for tasks to queue
[2024-05-07T23:44:57.443-0300] {logging_mixin.py:188} INFO - [2024-05-07T23:44:57.442-0300] {dagbag.py:540} INFO - Filling up the DagBag from /mnt/c/Users/Tilto/Desktop/Work/Airflow/dags/primeira_dagv1.py
[2024-05-07T23:44:57.473-0300] {processor.py:840} INFO - DAG(s) 'a_primeira_DAG_v1' retrieved from /mnt/c/Users/Tilto/Desktop/Work/Airflow/dags/primeira_dagv1.py
[2024-05-07T23:44:57.504-0300] {logging_mixin.py:188} INFO - [2024-05-07T23:44:57.504-0300] {dag.py:3096} INFO - Sync 1 DAGs
[2024-05-07T23:44:57.532-0300] {logging_mixin.py:188} INFO - [2024-05-07T23:44:57.531-0300] {dag.py:3954} INFO - Setting next_dagrun for a_primeira_DAG_v1 to 2024-05-08 00:00:00+00:00, run_after=2024-05-09 00:00:00+00:00
[2024-05-07T23:44:57.598-0300] {processor.py:183} INFO - Processing /mnt/c/Users/Tilto/Desktop/Work/Airflow/dags/primeira_dagv1.py took 0.165 seconds
[2024-05-07T23:45:28.414-0300] {processor.py:161} INFO - Started process (PID=3884) to work on /mnt/c/Users/Tilto/Desktop/Work/Airflow/dags/primeira_dagv1.py
[2024-05-07T23:45:28.415-0300] {processor.py:830} INFO - Processing file /mnt/c/Users/Tilto/Desktop/Work/Airflow/dags/primeira_dagv1.py for tasks to queue
[2024-05-07T23:45:28.417-0300] {logging_mixin.py:188} INFO - [2024-05-07T23:45:28.416-0300] {dagbag.py:540} INFO - Filling up the DagBag from /mnt/c/Users/Tilto/Desktop/Work/Airflow/dags/primeira_dagv1.py
[2024-05-07T23:45:28.439-0300] {processor.py:840} INFO - DAG(s) 'a_primeira_DAG_v1' retrieved from /mnt/c/Users/Tilto/Desktop/Work/Airflow/dags/primeira_dagv1.py
[2024-05-07T23:45:28.464-0300] {logging_mixin.py:188} INFO - [2024-05-07T23:45:28.464-0300] {dag.py:3096} INFO - Sync 1 DAGs
[2024-05-07T23:45:28.488-0300] {logging_mixin.py:188} INFO - [2024-05-07T23:45:28.488-0300] {dag.py:3954} INFO - Setting next_dagrun for a_primeira_DAG_v1 to 2024-05-08 00:00:00+00:00, run_after=2024-05-09 00:00:00+00:00
[2024-05-07T23:45:28.548-0300] {processor.py:183} INFO - Processing /mnt/c/Users/Tilto/Desktop/Work/Airflow/dags/primeira_dagv1.py took 0.138 seconds
[2024-05-07T23:45:59.118-0300] {processor.py:161} INFO - Started process (PID=4027) to work on /mnt/c/Users/Tilto/Desktop/Work/Airflow/dags/primeira_dagv1.py
[2024-05-07T23:45:59.120-0300] {processor.py:830} INFO - Processing file /mnt/c/Users/Tilto/Desktop/Work/Airflow/dags/primeira_dagv1.py for tasks to queue
[2024-05-07T23:45:59.121-0300] {logging_mixin.py:188} INFO - [2024-05-07T23:45:59.121-0300] {dagbag.py:540} INFO - Filling up the DagBag from /mnt/c/Users/Tilto/Desktop/Work/Airflow/dags/primeira_dagv1.py
[2024-05-07T23:45:59.143-0300] {processor.py:840} INFO - DAG(s) 'a_primeira_DAG_v1' retrieved from /mnt/c/Users/Tilto/Desktop/Work/Airflow/dags/primeira_dagv1.py
[2024-05-07T23:45:59.170-0300] {logging_mixin.py:188} INFO - [2024-05-07T23:45:59.170-0300] {dag.py:3096} INFO - Sync 1 DAGs
[2024-05-07T23:45:59.196-0300] {logging_mixin.py:188} INFO - [2024-05-07T23:45:59.195-0300] {dag.py:3954} INFO - Setting next_dagrun for a_primeira_DAG_v1 to 2024-05-08 00:00:00+00:00, run_after=2024-05-09 00:00:00+00:00
[2024-05-07T23:45:59.264-0300] {processor.py:183} INFO - Processing /mnt/c/Users/Tilto/Desktop/Work/Airflow/dags/primeira_dagv1.py took 0.151 seconds
[2024-05-07T23:46:30.084-0300] {processor.py:161} INFO - Started process (PID=4169) to work on /mnt/c/Users/Tilto/Desktop/Work/Airflow/dags/primeira_dagv1.py
[2024-05-07T23:46:30.085-0300] {processor.py:830} INFO - Processing file /mnt/c/Users/Tilto/Desktop/Work/Airflow/dags/primeira_dagv1.py for tasks to queue
[2024-05-07T23:46:30.087-0300] {logging_mixin.py:188} INFO - [2024-05-07T23:46:30.086-0300] {dagbag.py:540} INFO - Filling up the DagBag from /mnt/c/Users/Tilto/Desktop/Work/Airflow/dags/primeira_dagv1.py
[2024-05-07T23:46:30.107-0300] {processor.py:840} INFO - DAG(s) 'a_primeira_DAG_v1' retrieved from /mnt/c/Users/Tilto/Desktop/Work/Airflow/dags/primeira_dagv1.py
[2024-05-07T23:46:30.133-0300] {logging_mixin.py:188} INFO - [2024-05-07T23:46:30.133-0300] {dag.py:3096} INFO - Sync 1 DAGs
[2024-05-07T23:46:30.157-0300] {logging_mixin.py:188} INFO - [2024-05-07T23:46:30.157-0300] {dag.py:3954} INFO - Setting next_dagrun for a_primeira_DAG_v1 to 2024-05-08 00:00:00+00:00, run_after=2024-05-09 00:00:00+00:00
[2024-05-07T23:46:30.215-0300] {processor.py:183} INFO - Processing /mnt/c/Users/Tilto/Desktop/Work/Airflow/dags/primeira_dagv1.py took 0.136 seconds
[2024-05-07T23:47:01.111-0300] {processor.py:161} INFO - Started process (PID=4316) to work on /mnt/c/Users/Tilto/Desktop/Work/Airflow/dags/primeira_dagv1.py
[2024-05-07T23:47:01.112-0300] {processor.py:830} INFO - Processing file /mnt/c/Users/Tilto/Desktop/Work/Airflow/dags/primeira_dagv1.py for tasks to queue
[2024-05-07T23:47:01.113-0300] {logging_mixin.py:188} INFO - [2024-05-07T23:47:01.113-0300] {dagbag.py:540} INFO - Filling up the DagBag from /mnt/c/Users/Tilto/Desktop/Work/Airflow/dags/primeira_dagv1.py
[2024-05-07T23:47:01.138-0300] {processor.py:840} INFO - DAG(s) 'a_primeira_DAG_v1' retrieved from /mnt/c/Users/Tilto/Desktop/Work/Airflow/dags/primeira_dagv1.py
[2024-05-07T23:47:01.163-0300] {logging_mixin.py:188} INFO - [2024-05-07T23:47:01.163-0300] {dag.py:3096} INFO - Sync 1 DAGs
[2024-05-07T23:47:01.186-0300] {logging_mixin.py:188} INFO - [2024-05-07T23:47:01.186-0300] {dag.py:3954} INFO - Setting next_dagrun for a_primeira_DAG_v1 to 2024-05-08 00:00:00+00:00, run_after=2024-05-09 00:00:00+00:00
[2024-05-07T23:47:01.243-0300] {processor.py:183} INFO - Processing /mnt/c/Users/Tilto/Desktop/Work/Airflow/dags/primeira_dagv1.py took 0.136 seconds
[2024-05-07T23:47:31.986-0300] {processor.py:161} INFO - Started process (PID=4471) to work on /mnt/c/Users/Tilto/Desktop/Work/Airflow/dags/primeira_dagv1.py
[2024-05-07T23:47:31.987-0300] {processor.py:830} INFO - Processing file /mnt/c/Users/Tilto/Desktop/Work/Airflow/dags/primeira_dagv1.py for tasks to queue
[2024-05-07T23:47:31.989-0300] {logging_mixin.py:188} INFO - [2024-05-07T23:47:31.989-0300] {dagbag.py:540} INFO - Filling up the DagBag from /mnt/c/Users/Tilto/Desktop/Work/Airflow/dags/primeira_dagv1.py
[2024-05-07T23:47:32.024-0300] {processor.py:840} INFO - DAG(s) 'a_primeira_DAG_v1' retrieved from /mnt/c/Users/Tilto/Desktop/Work/Airflow/dags/primeira_dagv1.py
[2024-05-07T23:47:32.060-0300] {logging_mixin.py:188} INFO - [2024-05-07T23:47:32.060-0300] {dag.py:3096} INFO - Sync 1 DAGs
[2024-05-07T23:47:32.091-0300] {logging_mixin.py:188} INFO - [2024-05-07T23:47:32.091-0300] {dag.py:3954} INFO - Setting next_dagrun for a_primeira_DAG_v1 to 2024-05-08 00:00:00+00:00, run_after=2024-05-09 00:00:00+00:00
[2024-05-07T23:47:32.295-0300] {processor.py:183} INFO - Processing /mnt/c/Users/Tilto/Desktop/Work/Airflow/dags/primeira_dagv1.py took 0.316 seconds
[2024-05-07T23:48:02.917-0300] {processor.py:161} INFO - Started process (PID=4614) to work on /mnt/c/Users/Tilto/Desktop/Work/Airflow/dags/primeira_dagv1.py
[2024-05-07T23:48:02.918-0300] {processor.py:830} INFO - Processing file /mnt/c/Users/Tilto/Desktop/Work/Airflow/dags/primeira_dagv1.py for tasks to queue
[2024-05-07T23:48:02.919-0300] {logging_mixin.py:188} INFO - [2024-05-07T23:48:02.919-0300] {dagbag.py:540} INFO - Filling up the DagBag from /mnt/c/Users/Tilto/Desktop/Work/Airflow/dags/primeira_dagv1.py
[2024-05-07T23:48:02.941-0300] {processor.py:840} INFO - DAG(s) 'a_primeira_DAG_v1' retrieved from /mnt/c/Users/Tilto/Desktop/Work/Airflow/dags/primeira_dagv1.py
[2024-05-07T23:48:02.971-0300] {logging_mixin.py:188} INFO - [2024-05-07T23:48:02.971-0300] {dag.py:3096} INFO - Sync 1 DAGs
[2024-05-07T23:48:02.994-0300] {logging_mixin.py:188} INFO - [2024-05-07T23:48:02.994-0300] {dag.py:3954} INFO - Setting next_dagrun for a_primeira_DAG_v1 to 2024-05-08 00:00:00+00:00, run_after=2024-05-09 00:00:00+00:00
[2024-05-07T23:48:03.049-0300] {processor.py:183} INFO - Processing /mnt/c/Users/Tilto/Desktop/Work/Airflow/dags/primeira_dagv1.py took 0.138 seconds
[2024-05-07T23:48:40.265-0300] {processor.py:161} INFO - Started process (PID=4824) to work on /mnt/c/Users/Tilto/Desktop/Work/Airflow/dags/primeira_dagv1.py
[2024-05-07T23:48:40.266-0300] {processor.py:830} INFO - Processing file /mnt/c/Users/Tilto/Desktop/Work/Airflow/dags/primeira_dagv1.py for tasks to queue
[2024-05-07T23:48:40.267-0300] {logging_mixin.py:188} INFO - [2024-05-07T23:48:40.267-0300] {dagbag.py:540} INFO - Filling up the DagBag from /mnt/c/Users/Tilto/Desktop/Work/Airflow/dags/primeira_dagv1.py
[2024-05-07T23:48:40.285-0300] {processor.py:840} INFO - DAG(s) 'a_primeira_DAG_v1' retrieved from /mnt/c/Users/Tilto/Desktop/Work/Airflow/dags/primeira_dagv1.py
[2024-05-07T23:48:40.296-0300] {logging_mixin.py:188} INFO - [2024-05-07T23:48:40.296-0300] {dag.py:3096} INFO - Sync 1 DAGs
[2024-05-07T23:48:40.319-0300] {logging_mixin.py:188} INFO - [2024-05-07T23:48:40.318-0300] {dag.py:3954} INFO - Setting next_dagrun for a_primeira_DAG_v1 to 2024-05-08 00:00:00+00:00, run_after=2024-05-09 00:00:00+00:00
[2024-05-07T23:48:40.369-0300] {processor.py:183} INFO - Processing /mnt/c/Users/Tilto/Desktop/Work/Airflow/dags/primeira_dagv1.py took 0.107 seconds
[2024-05-07T23:49:12.688-0300] {processor.py:161} INFO - Started process (PID=4983) to work on /mnt/c/Users/Tilto/Desktop/Work/Airflow/dags/primeira_dagv1.py
[2024-05-07T23:49:12.689-0300] {processor.py:830} INFO - Processing file /mnt/c/Users/Tilto/Desktop/Work/Airflow/dags/primeira_dagv1.py for tasks to queue
[2024-05-07T23:49:12.690-0300] {logging_mixin.py:188} INFO - [2024-05-07T23:49:12.690-0300] {dagbag.py:540} INFO - Filling up the DagBag from /mnt/c/Users/Tilto/Desktop/Work/Airflow/dags/primeira_dagv1.py
[2024-05-07T23:49:12.708-0300] {processor.py:840} INFO - DAG(s) 'a_primeira_DAG_v1' retrieved from /mnt/c/Users/Tilto/Desktop/Work/Airflow/dags/primeira_dagv1.py
[2024-05-07T23:49:12.867-0300] {logging_mixin.py:188} INFO - [2024-05-07T23:49:12.867-0300] {dag.py:3096} INFO - Sync 1 DAGs
[2024-05-07T23:49:13.071-0300] {logging_mixin.py:188} INFO - [2024-05-07T23:49:13.070-0300] {dag.py:3954} INFO - Setting next_dagrun for a_primeira_DAG_v1 to 2024-05-08 00:00:00+00:00, run_after=2024-05-09 00:00:00+00:00
[2024-05-07T23:49:13.133-0300] {processor.py:183} INFO - Processing /mnt/c/Users/Tilto/Desktop/Work/Airflow/dags/primeira_dagv1.py took 0.450 seconds
[2024-05-07T23:49:44.369-0300] {processor.py:161} INFO - Started process (PID=5132) to work on /mnt/c/Users/Tilto/Desktop/Work/Airflow/dags/primeira_dagv1.py
[2024-05-07T23:49:44.370-0300] {processor.py:830} INFO - Processing file /mnt/c/Users/Tilto/Desktop/Work/Airflow/dags/primeira_dagv1.py for tasks to queue
[2024-05-07T23:49:44.372-0300] {logging_mixin.py:188} INFO - [2024-05-07T23:49:44.372-0300] {dagbag.py:540} INFO - Filling up the DagBag from /mnt/c/Users/Tilto/Desktop/Work/Airflow/dags/primeira_dagv1.py
[2024-05-07T23:49:44.401-0300] {processor.py:840} INFO - DAG(s) 'a_primeira_DAG_v1' retrieved from /mnt/c/Users/Tilto/Desktop/Work/Airflow/dags/primeira_dagv1.py
[2024-05-07T23:49:44.433-0300] {logging_mixin.py:188} INFO - [2024-05-07T23:49:44.433-0300] {dag.py:3096} INFO - Sync 1 DAGs
[2024-05-07T23:49:44.463-0300] {logging_mixin.py:188} INFO - [2024-05-07T23:49:44.463-0300] {dag.py:3954} INFO - Setting next_dagrun for a_primeira_DAG_v1 to 2024-05-08 00:00:00+00:00, run_after=2024-05-09 00:00:00+00:00
[2024-05-07T23:49:44.637-0300] {processor.py:183} INFO - Processing /mnt/c/Users/Tilto/Desktop/Work/Airflow/dags/primeira_dagv1.py took 0.272 seconds
[2024-05-07T23:51:42.198-0300] {processor.py:161} INFO - Started process (PID=5737) to work on /mnt/c/Users/Tilto/Desktop/Work/Airflow/dags/primeira_dagv1.py
[2024-05-07T23:51:42.199-0300] {processor.py:830} INFO - Processing file /mnt/c/Users/Tilto/Desktop/Work/Airflow/dags/primeira_dagv1.py for tasks to queue
[2024-05-07T23:51:42.200-0300] {logging_mixin.py:188} INFO - [2024-05-07T23:51:42.200-0300] {dagbag.py:540} INFO - Filling up the DagBag from /mnt/c/Users/Tilto/Desktop/Work/Airflow/dags/primeira_dagv1.py
[2024-05-07T23:51:42.223-0300] {processor.py:840} INFO - DAG(s) 'a_primeira_DAG_v1' retrieved from /mnt/c/Users/Tilto/Desktop/Work/Airflow/dags/primeira_dagv1.py
[2024-05-07T23:51:42.238-0300] {logging_mixin.py:188} INFO - [2024-05-07T23:51:42.238-0300] {dag.py:3096} INFO - Sync 1 DAGs
[2024-05-07T23:51:42.268-0300] {logging_mixin.py:188} INFO - [2024-05-07T23:51:42.268-0300] {dag.py:3954} INFO - Setting next_dagrun for a_primeira_DAG_v1 to 2024-05-08 00:00:00+00:00, run_after=2024-05-09 00:00:00+00:00
[2024-05-07T23:51:42.333-0300] {processor.py:183} INFO - Processing /mnt/c/Users/Tilto/Desktop/Work/Airflow/dags/primeira_dagv1.py took 0.139 seconds
[2024-05-07T23:57:40.988-0300] {processor.py:161} INFO - Started process (PID=7422) to work on /mnt/c/Users/Tilto/Desktop/Work/Airflow/dags/primeira_dagv1.py
[2024-05-07T23:57:40.989-0300] {processor.py:830} INFO - Processing file /mnt/c/Users/Tilto/Desktop/Work/Airflow/dags/primeira_dagv1.py for tasks to queue
[2024-05-07T23:57:40.990-0300] {logging_mixin.py:188} INFO - [2024-05-07T23:57:40.990-0300] {dagbag.py:540} INFO - Filling up the DagBag from /mnt/c/Users/Tilto/Desktop/Work/Airflow/dags/primeira_dagv1.py
[2024-05-07T23:57:41.012-0300] {processor.py:840} INFO - DAG(s) 'a_primeira_DAG_v1' retrieved from /mnt/c/Users/Tilto/Desktop/Work/Airflow/dags/primeira_dagv1.py
[2024-05-07T23:57:41.195-0300] {logging_mixin.py:188} INFO - [2024-05-07T23:57:41.195-0300] {dag.py:3096} INFO - Sync 1 DAGs
[2024-05-07T23:57:41.216-0300] {logging_mixin.py:188} INFO - [2024-05-07T23:57:41.215-0300] {dag.py:3954} INFO - Setting next_dagrun for a_primeira_DAG_v1 to 2024-05-08 00:00:00+00:00, run_after=2024-05-09 00:00:00+00:00
[2024-05-07T23:57:41.357-0300] {processor.py:183} INFO - Processing /mnt/c/Users/Tilto/Desktop/Work/Airflow/dags/primeira_dagv1.py took 0.374 seconds
[2024-05-07T23:58:11.725-0300] {processor.py:161} INFO - Started process (PID=7563) to work on /mnt/c/Users/Tilto/Desktop/Work/Airflow/dags/primeira_dagv1.py
[2024-05-07T23:58:11.726-0300] {processor.py:830} INFO - Processing file /mnt/c/Users/Tilto/Desktop/Work/Airflow/dags/primeira_dagv1.py for tasks to queue
[2024-05-07T23:58:11.727-0300] {logging_mixin.py:188} INFO - [2024-05-07T23:58:11.727-0300] {dagbag.py:540} INFO - Filling up the DagBag from /mnt/c/Users/Tilto/Desktop/Work/Airflow/dags/primeira_dagv1.py
[2024-05-07T23:58:11.747-0300] {processor.py:840} INFO - DAG(s) 'a_primeira_DAG_v1' retrieved from /mnt/c/Users/Tilto/Desktop/Work/Airflow/dags/primeira_dagv1.py
[2024-05-07T23:58:11.774-0300] {logging_mixin.py:188} INFO - [2024-05-07T23:58:11.773-0300] {dag.py:3096} INFO - Sync 1 DAGs
[2024-05-07T23:58:11.795-0300] {logging_mixin.py:188} INFO - [2024-05-07T23:58:11.795-0300] {dag.py:3954} INFO - Setting next_dagrun for a_primeira_DAG_v1 to 2024-05-08 00:00:00+00:00, run_after=2024-05-09 00:00:00+00:00
[2024-05-07T23:58:11.855-0300] {processor.py:183} INFO - Processing /mnt/c/Users/Tilto/Desktop/Work/Airflow/dags/primeira_dagv1.py took 0.134 seconds
[2024-05-07T23:58:42.644-0300] {processor.py:161} INFO - Started process (PID=7704) to work on /mnt/c/Users/Tilto/Desktop/Work/Airflow/dags/primeira_dagv1.py
[2024-05-07T23:58:42.645-0300] {processor.py:830} INFO - Processing file /mnt/c/Users/Tilto/Desktop/Work/Airflow/dags/primeira_dagv1.py for tasks to queue
[2024-05-07T23:58:42.646-0300] {logging_mixin.py:188} INFO - [2024-05-07T23:58:42.646-0300] {dagbag.py:540} INFO - Filling up the DagBag from /mnt/c/Users/Tilto/Desktop/Work/Airflow/dags/primeira_dagv1.py
[2024-05-07T23:58:42.668-0300] {processor.py:840} INFO - DAG(s) 'a_primeira_DAG_v1' retrieved from /mnt/c/Users/Tilto/Desktop/Work/Airflow/dags/primeira_dagv1.py
[2024-05-07T23:58:42.703-0300] {logging_mixin.py:188} INFO - [2024-05-07T23:58:42.703-0300] {dag.py:3096} INFO - Sync 1 DAGs
[2024-05-07T23:58:42.730-0300] {logging_mixin.py:188} INFO - [2024-05-07T23:58:42.730-0300] {dag.py:3954} INFO - Setting next_dagrun for a_primeira_DAG_v1 to 2024-05-08 00:00:00+00:00, run_after=2024-05-09 00:00:00+00:00
[2024-05-07T23:58:43.040-0300] {processor.py:183} INFO - Processing /mnt/c/Users/Tilto/Desktop/Work/Airflow/dags/primeira_dagv1.py took 0.401 seconds
[2024-05-07T23:59:35.594-0300] {processor.py:161} INFO - Started process (PID=7996) to work on /mnt/c/Users/Tilto/Desktop/Work/Airflow/dags/primeira_dagv1.py
[2024-05-07T23:59:35.595-0300] {processor.py:830} INFO - Processing file /mnt/c/Users/Tilto/Desktop/Work/Airflow/dags/primeira_dagv1.py for tasks to queue
[2024-05-07T23:59:35.597-0300] {logging_mixin.py:188} INFO - [2024-05-07T23:59:35.597-0300] {dagbag.py:540} INFO - Filling up the DagBag from /mnt/c/Users/Tilto/Desktop/Work/Airflow/dags/primeira_dagv1.py
[2024-05-07T23:59:35.620-0300] {processor.py:840} INFO - DAG(s) 'a_primeira_DAG_v1' retrieved from /mnt/c/Users/Tilto/Desktop/Work/Airflow/dags/primeira_dagv1.py
[2024-05-07T23:59:35.632-0300] {logging_mixin.py:188} INFO - [2024-05-07T23:59:35.632-0300] {dag.py:3096} INFO - Sync 1 DAGs
[2024-05-07T23:59:35.660-0300] {logging_mixin.py:188} INFO - [2024-05-07T23:59:35.660-0300] {dag.py:3954} INFO - Setting next_dagrun for a_primeira_DAG_v1 to 2024-05-08 00:00:00+00:00, run_after=2024-05-09 00:00:00+00:00
[2024-05-07T23:59:35.757-0300] {processor.py:183} INFO - Processing /mnt/c/Users/Tilto/Desktop/Work/Airflow/dags/primeira_dagv1.py took 0.167 seconds
[2024-05-08T00:00:06.966-0300] {processor.py:161} INFO - Started process (PID=8150) to work on /mnt/c/Users/Tilto/Desktop/Work/Airflow/dags/primeira_dagv1.py
[2024-05-08T00:00:06.967-0300] {processor.py:830} INFO - Processing file /mnt/c/Users/Tilto/Desktop/Work/Airflow/dags/primeira_dagv1.py for tasks to queue
[2024-05-08T00:00:06.969-0300] {logging_mixin.py:188} INFO - [2024-05-08T00:00:06.968-0300] {dagbag.py:540} INFO - Filling up the DagBag from /mnt/c/Users/Tilto/Desktop/Work/Airflow/dags/primeira_dagv1.py
[2024-05-08T00:00:07.007-0300] {processor.py:840} INFO - DAG(s) 'a_primeira_DAG_v1' retrieved from /mnt/c/Users/Tilto/Desktop/Work/Airflow/dags/primeira_dagv1.py
[2024-05-08T00:00:07.146-0300] {logging_mixin.py:188} INFO - [2024-05-08T00:00:07.146-0300] {dag.py:3096} INFO - Sync 1 DAGs
[2024-05-08T00:00:07.170-0300] {logging_mixin.py:188} INFO - [2024-05-08T00:00:07.170-0300] {dag.py:3954} INFO - Setting next_dagrun for a_primeira_DAG_v1 to 2024-05-08 00:00:00+00:00, run_after=2024-05-09 00:00:00+00:00
[2024-05-08T00:00:07.234-0300] {processor.py:183} INFO - Processing /mnt/c/Users/Tilto/Desktop/Work/Airflow/dags/primeira_dagv1.py took 0.273 seconds
[2024-05-08T00:00:47.792-0300] {processor.py:161} INFO - Started process (PID=8374) to work on /mnt/c/Users/Tilto/Desktop/Work/Airflow/dags/primeira_dagv1.py
[2024-05-08T00:00:47.793-0300] {processor.py:830} INFO - Processing file /mnt/c/Users/Tilto/Desktop/Work/Airflow/dags/primeira_dagv1.py for tasks to queue
[2024-05-08T00:00:47.795-0300] {logging_mixin.py:188} INFO - [2024-05-08T00:00:47.794-0300] {dagbag.py:540} INFO - Filling up the DagBag from /mnt/c/Users/Tilto/Desktop/Work/Airflow/dags/primeira_dagv1.py
[2024-05-08T00:00:47.817-0300] {processor.py:840} INFO - DAG(s) 'a_primeira_DAG_v1' retrieved from /mnt/c/Users/Tilto/Desktop/Work/Airflow/dags/primeira_dagv1.py
[2024-05-08T00:00:47.831-0300] {logging_mixin.py:188} INFO - [2024-05-08T00:00:47.831-0300] {dag.py:3096} INFO - Sync 1 DAGs
[2024-05-08T00:00:47.856-0300] {logging_mixin.py:188} INFO - [2024-05-08T00:00:47.856-0300] {dag.py:3954} INFO - Setting next_dagrun for a_primeira_DAG_v1 to 2024-05-08 00:00:00+00:00, run_after=2024-05-09 00:00:00+00:00
[2024-05-08T00:00:47.965-0300] {processor.py:183} INFO - Processing /mnt/c/Users/Tilto/Desktop/Work/Airflow/dags/primeira_dagv1.py took 0.178 seconds
[2024-05-08T00:01:19.035-0300] {processor.py:161} INFO - Started process (PID=8522) to work on /mnt/c/Users/Tilto/Desktop/Work/Airflow/dags/primeira_dagv1.py
[2024-05-08T00:01:19.036-0300] {processor.py:830} INFO - Processing file /mnt/c/Users/Tilto/Desktop/Work/Airflow/dags/primeira_dagv1.py for tasks to queue
[2024-05-08T00:01:19.038-0300] {logging_mixin.py:188} INFO - [2024-05-08T00:01:19.037-0300] {dagbag.py:540} INFO - Filling up the DagBag from /mnt/c/Users/Tilto/Desktop/Work/Airflow/dags/primeira_dagv1.py
[2024-05-08T00:01:19.059-0300] {processor.py:840} INFO - DAG(s) 'a_primeira_DAG_v1' retrieved from /mnt/c/Users/Tilto/Desktop/Work/Airflow/dags/primeira_dagv1.py
[2024-05-08T00:01:19.161-0300] {logging_mixin.py:188} INFO - [2024-05-08T00:01:19.161-0300] {dag.py:3096} INFO - Sync 1 DAGs
[2024-05-08T00:01:19.183-0300] {logging_mixin.py:188} INFO - [2024-05-08T00:01:19.183-0300] {dag.py:3954} INFO - Setting next_dagrun for a_primeira_DAG_v1 to 2024-05-08 00:00:00+00:00, run_after=2024-05-09 00:00:00+00:00
[2024-05-08T00:01:19.251-0300] {processor.py:183} INFO - Processing /mnt/c/Users/Tilto/Desktop/Work/Airflow/dags/primeira_dagv1.py took 0.220 seconds
[2024-05-08T00:01:50.592-0300] {processor.py:161} INFO - Started process (PID=8666) to work on /mnt/c/Users/Tilto/Desktop/Work/Airflow/dags/primeira_dagv1.py
[2024-05-08T00:01:50.593-0300] {processor.py:830} INFO - Processing file /mnt/c/Users/Tilto/Desktop/Work/Airflow/dags/primeira_dagv1.py for tasks to queue
[2024-05-08T00:01:50.595-0300] {logging_mixin.py:188} INFO - [2024-05-08T00:01:50.595-0300] {dagbag.py:540} INFO - Filling up the DagBag from /mnt/c/Users/Tilto/Desktop/Work/Airflow/dags/primeira_dagv1.py
[2024-05-08T00:01:50.621-0300] {processor.py:840} INFO - DAG(s) 'a_primeira_DAG_v1' retrieved from /mnt/c/Users/Tilto/Desktop/Work/Airflow/dags/primeira_dagv1.py
[2024-05-08T00:01:50.652-0300] {logging_mixin.py:188} INFO - [2024-05-08T00:01:50.652-0300] {dag.py:3096} INFO - Sync 1 DAGs
[2024-05-08T00:01:50.678-0300] {logging_mixin.py:188} INFO - [2024-05-08T00:01:50.678-0300] {dag.py:3954} INFO - Setting next_dagrun for a_primeira_DAG_v1 to 2024-05-08 00:00:00+00:00, run_after=2024-05-09 00:00:00+00:00
[2024-05-08T00:01:50.748-0300] {processor.py:183} INFO - Processing /mnt/c/Users/Tilto/Desktop/Work/Airflow/dags/primeira_dagv1.py took 0.162 seconds
[2024-05-08T00:02:21.608-0300] {processor.py:161} INFO - Started process (PID=8858) to work on /mnt/c/Users/Tilto/Desktop/Work/Airflow/dags/primeira_dagv1.py
[2024-05-08T00:02:21.609-0300] {processor.py:830} INFO - Processing file /mnt/c/Users/Tilto/Desktop/Work/Airflow/dags/primeira_dagv1.py for tasks to queue
[2024-05-08T00:02:21.611-0300] {logging_mixin.py:188} INFO - [2024-05-08T00:02:21.611-0300] {dagbag.py:540} INFO - Filling up the DagBag from /mnt/c/Users/Tilto/Desktop/Work/Airflow/dags/primeira_dagv1.py
[2024-05-08T00:02:21.629-0300] {processor.py:840} INFO - DAG(s) 'a_primeira_DAG_v1' retrieved from /mnt/c/Users/Tilto/Desktop/Work/Airflow/dags/primeira_dagv1.py
[2024-05-08T00:02:21.653-0300] {logging_mixin.py:188} INFO - [2024-05-08T00:02:21.653-0300] {dag.py:3096} INFO - Sync 1 DAGs
[2024-05-08T00:02:21.675-0300] {logging_mixin.py:188} INFO - [2024-05-08T00:02:21.674-0300] {dag.py:3954} INFO - Setting next_dagrun for a_primeira_DAG_v1 to 2024-05-08 00:00:00+00:00, run_after=2024-05-09 00:00:00+00:00
[2024-05-08T00:02:21.723-0300] {processor.py:183} INFO - Processing /mnt/c/Users/Tilto/Desktop/Work/Airflow/dags/primeira_dagv1.py took 0.119 seconds
[2024-05-08T00:02:53.285-0300] {processor.py:161} INFO - Started process (PID=9041) to work on /mnt/c/Users/Tilto/Desktop/Work/Airflow/dags/primeira_dagv1.py
[2024-05-08T00:02:53.286-0300] {processor.py:830} INFO - Processing file /mnt/c/Users/Tilto/Desktop/Work/Airflow/dags/primeira_dagv1.py for tasks to queue
[2024-05-08T00:02:53.288-0300] {logging_mixin.py:188} INFO - [2024-05-08T00:02:53.287-0300] {dagbag.py:540} INFO - Filling up the DagBag from /mnt/c/Users/Tilto/Desktop/Work/Airflow/dags/primeira_dagv1.py
[2024-05-08T00:02:53.311-0300] {processor.py:840} INFO - DAG(s) 'a_primeira_DAG_v1' retrieved from /mnt/c/Users/Tilto/Desktop/Work/Airflow/dags/primeira_dagv1.py
[2024-05-08T00:02:53.336-0300] {logging_mixin.py:188} INFO - [2024-05-08T00:02:53.336-0300] {dag.py:3096} INFO - Sync 1 DAGs
[2024-05-08T00:02:53.361-0300] {logging_mixin.py:188} INFO - [2024-05-08T00:02:53.360-0300] {dag.py:3954} INFO - Setting next_dagrun for a_primeira_DAG_v1 to 2024-05-08 00:00:00+00:00, run_after=2024-05-09 00:00:00+00:00
[2024-05-08T00:02:53.418-0300] {processor.py:183} INFO - Processing /mnt/c/Users/Tilto/Desktop/Work/Airflow/dags/primeira_dagv1.py took 0.137 seconds
[2024-05-08T00:03:23.734-0300] {processor.py:161} INFO - Started process (PID=9187) to work on /mnt/c/Users/Tilto/Desktop/Work/Airflow/dags/primeira_dagv1.py
[2024-05-08T00:03:23.735-0300] {processor.py:830} INFO - Processing file /mnt/c/Users/Tilto/Desktop/Work/Airflow/dags/primeira_dagv1.py for tasks to queue
[2024-05-08T00:03:23.736-0300] {logging_mixin.py:188} INFO - [2024-05-08T00:03:23.736-0300] {dagbag.py:540} INFO - Filling up the DagBag from /mnt/c/Users/Tilto/Desktop/Work/Airflow/dags/primeira_dagv1.py
[2024-05-08T00:03:23.754-0300] {processor.py:840} INFO - DAG(s) 'a_primeira_DAG_v1' retrieved from /mnt/c/Users/Tilto/Desktop/Work/Airflow/dags/primeira_dagv1.py
[2024-05-08T00:03:23.780-0300] {logging_mixin.py:188} INFO - [2024-05-08T00:03:23.780-0300] {dag.py:3096} INFO - Sync 1 DAGs
[2024-05-08T00:03:23.806-0300] {logging_mixin.py:188} INFO - [2024-05-08T00:03:23.805-0300] {dag.py:3954} INFO - Setting next_dagrun for a_primeira_DAG_v1 to 2024-05-08 00:00:00+00:00, run_after=2024-05-09 00:00:00+00:00
[2024-05-08T00:03:23.905-0300] {processor.py:183} INFO - Processing /mnt/c/Users/Tilto/Desktop/Work/Airflow/dags/primeira_dagv1.py took 0.176 seconds
[2024-05-08T00:03:55.343-0300] {processor.py:161} INFO - Started process (PID=9331) to work on /mnt/c/Users/Tilto/Desktop/Work/Airflow/dags/primeira_dagv1.py
[2024-05-08T00:03:55.344-0300] {processor.py:830} INFO - Processing file /mnt/c/Users/Tilto/Desktop/Work/Airflow/dags/primeira_dagv1.py for tasks to queue
[2024-05-08T00:03:55.346-0300] {logging_mixin.py:188} INFO - [2024-05-08T00:03:55.345-0300] {dagbag.py:540} INFO - Filling up the DagBag from /mnt/c/Users/Tilto/Desktop/Work/Airflow/dags/primeira_dagv1.py
[2024-05-08T00:03:55.363-0300] {processor.py:840} INFO - DAG(s) 'a_primeira_DAG_v1' retrieved from /mnt/c/Users/Tilto/Desktop/Work/Airflow/dags/primeira_dagv1.py
[2024-05-08T00:03:55.388-0300] {logging_mixin.py:188} INFO - [2024-05-08T00:03:55.388-0300] {dag.py:3096} INFO - Sync 1 DAGs
[2024-05-08T00:03:55.410-0300] {logging_mixin.py:188} INFO - [2024-05-08T00:03:55.410-0300] {dag.py:3954} INFO - Setting next_dagrun for a_primeira_DAG_v1 to 2024-05-08 00:00:00+00:00, run_after=2024-05-09 00:00:00+00:00
[2024-05-08T00:03:55.467-0300] {processor.py:183} INFO - Processing /mnt/c/Users/Tilto/Desktop/Work/Airflow/dags/primeira_dagv1.py took 0.128 seconds
[2024-05-08T00:04:43.731-0300] {processor.py:161} INFO - Started process (PID=9603) to work on /mnt/c/Users/Tilto/Desktop/Work/Airflow/dags/primeira_dagv1.py
[2024-05-08T00:04:43.732-0300] {processor.py:830} INFO - Processing file /mnt/c/Users/Tilto/Desktop/Work/Airflow/dags/primeira_dagv1.py for tasks to queue
[2024-05-08T00:04:43.734-0300] {logging_mixin.py:188} INFO - [2024-05-08T00:04:43.734-0300] {dagbag.py:540} INFO - Filling up the DagBag from /mnt/c/Users/Tilto/Desktop/Work/Airflow/dags/primeira_dagv1.py
[2024-05-08T00:04:43.755-0300] {processor.py:840} INFO - DAG(s) 'a_primeira_DAG_v1' retrieved from /mnt/c/Users/Tilto/Desktop/Work/Airflow/dags/primeira_dagv1.py
[2024-05-08T00:04:43.767-0300] {logging_mixin.py:188} INFO - [2024-05-08T00:04:43.767-0300] {dag.py:3096} INFO - Sync 1 DAGs
[2024-05-08T00:04:43.793-0300] {logging_mixin.py:188} INFO - [2024-05-08T00:04:43.793-0300] {dag.py:3954} INFO - Setting next_dagrun for a_primeira_DAG_v1 to 2024-05-08 00:00:00+00:00, run_after=2024-05-09 00:00:00+00:00
[2024-05-08T00:04:43.854-0300] {processor.py:183} INFO - Processing /mnt/c/Users/Tilto/Desktop/Work/Airflow/dags/primeira_dagv1.py took 0.128 seconds
[2024-05-08T00:05:42.186-0300] {processor.py:161} INFO - Started process (PID=9874) to work on /mnt/c/Users/Tilto/Desktop/Work/Airflow/dags/primeira_dagv1.py
[2024-05-08T00:05:42.187-0300] {processor.py:830} INFO - Processing file /mnt/c/Users/Tilto/Desktop/Work/Airflow/dags/primeira_dagv1.py for tasks to queue
[2024-05-08T00:05:42.189-0300] {logging_mixin.py:188} INFO - [2024-05-08T00:05:42.189-0300] {dagbag.py:540} INFO - Filling up the DagBag from /mnt/c/Users/Tilto/Desktop/Work/Airflow/dags/primeira_dagv1.py
[2024-05-08T00:05:42.214-0300] {processor.py:840} INFO - DAG(s) 'a_primeira_DAG_v1' retrieved from /mnt/c/Users/Tilto/Desktop/Work/Airflow/dags/primeira_dagv1.py
[2024-05-08T00:05:42.321-0300] {logging_mixin.py:188} INFO - [2024-05-08T00:05:42.320-0300] {dag.py:3096} INFO - Sync 1 DAGs
[2024-05-08T00:05:42.343-0300] {logging_mixin.py:188} INFO - [2024-05-08T00:05:42.343-0300] {dag.py:3954} INFO - Setting next_dagrun for a_primeira_DAG_v1 to 2024-05-08 00:00:00+00:00, run_after=2024-05-09 00:00:00+00:00
[2024-05-08T00:05:42.412-0300] {processor.py:183} INFO - Processing /mnt/c/Users/Tilto/Desktop/Work/Airflow/dags/primeira_dagv1.py took 0.231 seconds
[2024-05-08T00:06:13.114-0300] {processor.py:161} INFO - Started process (PID=10018) to work on /mnt/c/Users/Tilto/Desktop/Work/Airflow/dags/primeira_dagv1.py
[2024-05-08T00:06:13.115-0300] {processor.py:830} INFO - Processing file /mnt/c/Users/Tilto/Desktop/Work/Airflow/dags/primeira_dagv1.py for tasks to queue
[2024-05-08T00:06:13.116-0300] {logging_mixin.py:188} INFO - [2024-05-08T00:06:13.116-0300] {dagbag.py:540} INFO - Filling up the DagBag from /mnt/c/Users/Tilto/Desktop/Work/Airflow/dags/primeira_dagv1.py
[2024-05-08T00:06:13.139-0300] {processor.py:840} INFO - DAG(s) 'a_primeira_DAG_v1' retrieved from /mnt/c/Users/Tilto/Desktop/Work/Airflow/dags/primeira_dagv1.py
[2024-05-08T00:06:13.166-0300] {logging_mixin.py:188} INFO - [2024-05-08T00:06:13.166-0300] {dag.py:3096} INFO - Sync 1 DAGs
[2024-05-08T00:06:13.191-0300] {logging_mixin.py:188} INFO - [2024-05-08T00:06:13.191-0300] {dag.py:3954} INFO - Setting next_dagrun for a_primeira_DAG_v1 to 2024-05-08 00:00:00+00:00, run_after=2024-05-09 00:00:00+00:00
[2024-05-08T00:06:13.290-0300] {processor.py:183} INFO - Processing /mnt/c/Users/Tilto/Desktop/Work/Airflow/dags/primeira_dagv1.py took 0.181 seconds
[2024-05-08T00:06:44.196-0300] {processor.py:161} INFO - Started process (PID=10166) to work on /mnt/c/Users/Tilto/Desktop/Work/Airflow/dags/primeira_dagv1.py
[2024-05-08T00:06:44.197-0300] {processor.py:830} INFO - Processing file /mnt/c/Users/Tilto/Desktop/Work/Airflow/dags/primeira_dagv1.py for tasks to queue
[2024-05-08T00:06:44.198-0300] {logging_mixin.py:188} INFO - [2024-05-08T00:06:44.198-0300] {dagbag.py:540} INFO - Filling up the DagBag from /mnt/c/Users/Tilto/Desktop/Work/Airflow/dags/primeira_dagv1.py
[2024-05-08T00:06:44.219-0300] {processor.py:840} INFO - DAG(s) 'a_primeira_DAG_v1' retrieved from /mnt/c/Users/Tilto/Desktop/Work/Airflow/dags/primeira_dagv1.py
[2024-05-08T00:06:44.245-0300] {logging_mixin.py:188} INFO - [2024-05-08T00:06:44.245-0300] {dag.py:3096} INFO - Sync 1 DAGs
[2024-05-08T00:06:44.268-0300] {logging_mixin.py:188} INFO - [2024-05-08T00:06:44.268-0300] {dag.py:3954} INFO - Setting next_dagrun for a_primeira_DAG_v1 to 2024-05-08 00:00:00+00:00, run_after=2024-05-09 00:00:00+00:00
[2024-05-08T00:06:44.352-0300] {processor.py:183} INFO - Processing /mnt/c/Users/Tilto/Desktop/Work/Airflow/dags/primeira_dagv1.py took 0.160 seconds
[2024-05-08T00:07:14.975-0300] {processor.py:161} INFO - Started process (PID=10309) to work on /mnt/c/Users/Tilto/Desktop/Work/Airflow/dags/primeira_dagv1.py
[2024-05-08T00:07:14.976-0300] {processor.py:830} INFO - Processing file /mnt/c/Users/Tilto/Desktop/Work/Airflow/dags/primeira_dagv1.py for tasks to queue
[2024-05-08T00:07:14.978-0300] {logging_mixin.py:188} INFO - [2024-05-08T00:07:14.978-0300] {dagbag.py:540} INFO - Filling up the DagBag from /mnt/c/Users/Tilto/Desktop/Work/Airflow/dags/primeira_dagv1.py
[2024-05-08T00:07:15.000-0300] {processor.py:840} INFO - DAG(s) 'a_primeira_DAG_v1' retrieved from /mnt/c/Users/Tilto/Desktop/Work/Airflow/dags/primeira_dagv1.py
[2024-05-08T00:07:15.026-0300] {logging_mixin.py:188} INFO - [2024-05-08T00:07:15.026-0300] {dag.py:3096} INFO - Sync 1 DAGs
[2024-05-08T00:07:15.049-0300] {logging_mixin.py:188} INFO - [2024-05-08T00:07:15.049-0300] {dag.py:3954} INFO - Setting next_dagrun for a_primeira_DAG_v1 to 2024-05-08 00:00:00+00:00, run_after=2024-05-09 00:00:00+00:00
[2024-05-08T00:07:15.106-0300] {processor.py:183} INFO - Processing /mnt/c/Users/Tilto/Desktop/Work/Airflow/dags/primeira_dagv1.py took 0.136 seconds
[2024-05-08T00:07:45.761-0300] {processor.py:161} INFO - Started process (PID=10450) to work on /mnt/c/Users/Tilto/Desktop/Work/Airflow/dags/primeira_dagv1.py
[2024-05-08T00:07:45.762-0300] {processor.py:830} INFO - Processing file /mnt/c/Users/Tilto/Desktop/Work/Airflow/dags/primeira_dagv1.py for tasks to queue
[2024-05-08T00:07:45.763-0300] {logging_mixin.py:188} INFO - [2024-05-08T00:07:45.763-0300] {dagbag.py:540} INFO - Filling up the DagBag from /mnt/c/Users/Tilto/Desktop/Work/Airflow/dags/primeira_dagv1.py
[2024-05-08T00:07:45.787-0300] {processor.py:840} INFO - DAG(s) 'a_primeira_DAG_v1' retrieved from /mnt/c/Users/Tilto/Desktop/Work/Airflow/dags/primeira_dagv1.py
[2024-05-08T00:07:45.818-0300] {logging_mixin.py:188} INFO - [2024-05-08T00:07:45.818-0300] {dag.py:3096} INFO - Sync 1 DAGs
[2024-05-08T00:07:45.844-0300] {logging_mixin.py:188} INFO - [2024-05-08T00:07:45.844-0300] {dag.py:3954} INFO - Setting next_dagrun for a_primeira_DAG_v1 to 2024-05-08 00:00:00+00:00, run_after=2024-05-09 00:00:00+00:00
[2024-05-08T00:07:45.912-0300] {processor.py:183} INFO - Processing /mnt/c/Users/Tilto/Desktop/Work/Airflow/dags/primeira_dagv1.py took 0.157 seconds
[2024-05-08T00:08:16.900-0300] {processor.py:161} INFO - Started process (PID=10593) to work on /mnt/c/Users/Tilto/Desktop/Work/Airflow/dags/primeira_dagv1.py
[2024-05-08T00:08:16.901-0300] {processor.py:830} INFO - Processing file /mnt/c/Users/Tilto/Desktop/Work/Airflow/dags/primeira_dagv1.py for tasks to queue
[2024-05-08T00:08:16.902-0300] {logging_mixin.py:188} INFO - [2024-05-08T00:08:16.902-0300] {dagbag.py:540} INFO - Filling up the DagBag from /mnt/c/Users/Tilto/Desktop/Work/Airflow/dags/primeira_dagv1.py
[2024-05-08T00:08:16.924-0300] {processor.py:840} INFO - DAG(s) 'a_primeira_DAG_v1' retrieved from /mnt/c/Users/Tilto/Desktop/Work/Airflow/dags/primeira_dagv1.py
[2024-05-08T00:08:16.949-0300] {logging_mixin.py:188} INFO - [2024-05-08T00:08:16.949-0300] {dag.py:3096} INFO - Sync 1 DAGs
[2024-05-08T00:08:16.972-0300] {logging_mixin.py:188} INFO - [2024-05-08T00:08:16.972-0300] {dag.py:3954} INFO - Setting next_dagrun for a_primeira_DAG_v1 to 2024-05-08 00:00:00+00:00, run_after=2024-05-09 00:00:00+00:00
[2024-05-08T00:08:17.028-0300] {processor.py:183} INFO - Processing /mnt/c/Users/Tilto/Desktop/Work/Airflow/dags/primeira_dagv1.py took 0.133 seconds
[2024-05-08T00:08:47.823-0300] {processor.py:161} INFO - Started process (PID=10734) to work on /mnt/c/Users/Tilto/Desktop/Work/Airflow/dags/primeira_dagv1.py
[2024-05-08T00:08:47.824-0300] {processor.py:830} INFO - Processing file /mnt/c/Users/Tilto/Desktop/Work/Airflow/dags/primeira_dagv1.py for tasks to queue
[2024-05-08T00:08:47.826-0300] {logging_mixin.py:188} INFO - [2024-05-08T00:08:47.826-0300] {dagbag.py:540} INFO - Filling up the DagBag from /mnt/c/Users/Tilto/Desktop/Work/Airflow/dags/primeira_dagv1.py
[2024-05-08T00:08:47.854-0300] {processor.py:840} INFO - DAG(s) 'a_primeira_DAG_v1' retrieved from /mnt/c/Users/Tilto/Desktop/Work/Airflow/dags/primeira_dagv1.py
[2024-05-08T00:08:47.882-0300] {logging_mixin.py:188} INFO - [2024-05-08T00:08:47.882-0300] {dag.py:3096} INFO - Sync 1 DAGs
[2024-05-08T00:08:47.908-0300] {logging_mixin.py:188} INFO - [2024-05-08T00:08:47.908-0300] {dag.py:3954} INFO - Setting next_dagrun for a_primeira_DAG_v1 to 2024-05-08 00:00:00+00:00, run_after=2024-05-09 00:00:00+00:00
[2024-05-08T00:08:48.052-0300] {processor.py:183} INFO - Processing /mnt/c/Users/Tilto/Desktop/Work/Airflow/dags/primeira_dagv1.py took 0.235 seconds
[2024-05-08T00:09:18.967-0300] {processor.py:161} INFO - Started process (PID=10880) to work on /mnt/c/Users/Tilto/Desktop/Work/Airflow/dags/primeira_dagv1.py
[2024-05-08T00:09:18.968-0300] {processor.py:830} INFO - Processing file /mnt/c/Users/Tilto/Desktop/Work/Airflow/dags/primeira_dagv1.py for tasks to queue
[2024-05-08T00:09:18.970-0300] {logging_mixin.py:188} INFO - [2024-05-08T00:09:18.969-0300] {dagbag.py:540} INFO - Filling up the DagBag from /mnt/c/Users/Tilto/Desktop/Work/Airflow/dags/primeira_dagv1.py
[2024-05-08T00:09:18.997-0300] {processor.py:840} INFO - DAG(s) 'a_primeira_DAG_v1' retrieved from /mnt/c/Users/Tilto/Desktop/Work/Airflow/dags/primeira_dagv1.py
[2024-05-08T00:09:19.025-0300] {logging_mixin.py:188} INFO - [2024-05-08T00:09:19.024-0300] {dag.py:3096} INFO - Sync 1 DAGs
[2024-05-08T00:09:19.054-0300] {logging_mixin.py:188} INFO - [2024-05-08T00:09:19.053-0300] {dag.py:3954} INFO - Setting next_dagrun for a_primeira_DAG_v1 to 2024-05-08 00:00:00+00:00, run_after=2024-05-09 00:00:00+00:00
[2024-05-08T00:09:19.115-0300] {processor.py:183} INFO - Processing /mnt/c/Users/Tilto/Desktop/Work/Airflow/dags/primeira_dagv1.py took 0.153 seconds
[2024-05-08T00:09:49.980-0300] {processor.py:161} INFO - Started process (PID=11023) to work on /mnt/c/Users/Tilto/Desktop/Work/Airflow/dags/primeira_dagv1.py
[2024-05-08T00:09:49.981-0300] {processor.py:830} INFO - Processing file /mnt/c/Users/Tilto/Desktop/Work/Airflow/dags/primeira_dagv1.py for tasks to queue
[2024-05-08T00:09:49.983-0300] {logging_mixin.py:188} INFO - [2024-05-08T00:09:49.982-0300] {dagbag.py:540} INFO - Filling up the DagBag from /mnt/c/Users/Tilto/Desktop/Work/Airflow/dags/primeira_dagv1.py
[2024-05-08T00:09:50.006-0300] {processor.py:840} INFO - DAG(s) 'a_primeira_DAG_v1' retrieved from /mnt/c/Users/Tilto/Desktop/Work/Airflow/dags/primeira_dagv1.py
[2024-05-08T00:09:50.032-0300] {logging_mixin.py:188} INFO - [2024-05-08T00:09:50.032-0300] {dag.py:3096} INFO - Sync 1 DAGs
[2024-05-08T00:09:50.057-0300] {logging_mixin.py:188} INFO - [2024-05-08T00:09:50.057-0300] {dag.py:3954} INFO - Setting next_dagrun for a_primeira_DAG_v1 to 2024-05-08 00:00:00+00:00, run_after=2024-05-09 00:00:00+00:00
[2024-05-08T00:09:50.115-0300] {processor.py:183} INFO - Processing /mnt/c/Users/Tilto/Desktop/Work/Airflow/dags/primeira_dagv1.py took 0.140 seconds
[2024-05-08T00:10:21.054-0300] {processor.py:161} INFO - Started process (PID=11166) to work on /mnt/c/Users/Tilto/Desktop/Work/Airflow/dags/primeira_dagv1.py
[2024-05-08T00:10:21.055-0300] {processor.py:830} INFO - Processing file /mnt/c/Users/Tilto/Desktop/Work/Airflow/dags/primeira_dagv1.py for tasks to queue
[2024-05-08T00:10:21.057-0300] {logging_mixin.py:188} INFO - [2024-05-08T00:10:21.057-0300] {dagbag.py:540} INFO - Filling up the DagBag from /mnt/c/Users/Tilto/Desktop/Work/Airflow/dags/primeira_dagv1.py
[2024-05-08T00:10:21.081-0300] {processor.py:840} INFO - DAG(s) 'a_primeira_DAG_v1' retrieved from /mnt/c/Users/Tilto/Desktop/Work/Airflow/dags/primeira_dagv1.py
[2024-05-08T00:10:21.113-0300] {logging_mixin.py:188} INFO - [2024-05-08T00:10:21.113-0300] {dag.py:3096} INFO - Sync 1 DAGs
[2024-05-08T00:10:21.139-0300] {logging_mixin.py:188} INFO - [2024-05-08T00:10:21.139-0300] {dag.py:3954} INFO - Setting next_dagrun for a_primeira_DAG_v1 to 2024-05-08 00:00:00+00:00, run_after=2024-05-09 00:00:00+00:00
[2024-05-08T00:10:21.204-0300] {processor.py:183} INFO - Processing /mnt/c/Users/Tilto/Desktop/Work/Airflow/dags/primeira_dagv1.py took 0.155 seconds
[2024-05-08T00:10:51.791-0300] {processor.py:161} INFO - Started process (PID=11308) to work on /mnt/c/Users/Tilto/Desktop/Work/Airflow/dags/primeira_dagv1.py
[2024-05-08T00:10:51.792-0300] {processor.py:830} INFO - Processing file /mnt/c/Users/Tilto/Desktop/Work/Airflow/dags/primeira_dagv1.py for tasks to queue
[2024-05-08T00:10:51.793-0300] {logging_mixin.py:188} INFO - [2024-05-08T00:10:51.793-0300] {dagbag.py:540} INFO - Filling up the DagBag from /mnt/c/Users/Tilto/Desktop/Work/Airflow/dags/primeira_dagv1.py
[2024-05-08T00:10:51.817-0300] {processor.py:840} INFO - DAG(s) 'a_primeira_DAG_v1' retrieved from /mnt/c/Users/Tilto/Desktop/Work/Airflow/dags/primeira_dagv1.py
[2024-05-08T00:10:51.852-0300] {logging_mixin.py:188} INFO - [2024-05-08T00:10:51.851-0300] {dag.py:3096} INFO - Sync 1 DAGs
[2024-05-08T00:10:51.885-0300] {logging_mixin.py:188} INFO - [2024-05-08T00:10:51.885-0300] {dag.py:3954} INFO - Setting next_dagrun for a_primeira_DAG_v1 to 2024-05-08 00:00:00+00:00, run_after=2024-05-09 00:00:00+00:00
[2024-05-08T00:10:51.955-0300] {processor.py:183} INFO - Processing /mnt/c/Users/Tilto/Desktop/Work/Airflow/dags/primeira_dagv1.py took 0.168 seconds
[2024-05-08T00:11:22.998-0300] {processor.py:161} INFO - Started process (PID=11452) to work on /mnt/c/Users/Tilto/Desktop/Work/Airflow/dags/primeira_dagv1.py
[2024-05-08T00:11:22.999-0300] {processor.py:830} INFO - Processing file /mnt/c/Users/Tilto/Desktop/Work/Airflow/dags/primeira_dagv1.py for tasks to queue
[2024-05-08T00:11:23.001-0300] {logging_mixin.py:188} INFO - [2024-05-08T00:11:23.000-0300] {dagbag.py:540} INFO - Filling up the DagBag from /mnt/c/Users/Tilto/Desktop/Work/Airflow/dags/primeira_dagv1.py
[2024-05-08T00:11:23.022-0300] {processor.py:840} INFO - DAG(s) 'a_primeira_DAG_v1' retrieved from /mnt/c/Users/Tilto/Desktop/Work/Airflow/dags/primeira_dagv1.py
[2024-05-08T00:11:23.047-0300] {logging_mixin.py:188} INFO - [2024-05-08T00:11:23.047-0300] {dag.py:3096} INFO - Sync 1 DAGs
[2024-05-08T00:11:23.070-0300] {logging_mixin.py:188} INFO - [2024-05-08T00:11:23.070-0300] {dag.py:3954} INFO - Setting next_dagrun for a_primeira_DAG_v1 to 2024-05-08 00:00:00+00:00, run_after=2024-05-09 00:00:00+00:00
[2024-05-08T00:11:23.127-0300] {processor.py:183} INFO - Processing /mnt/c/Users/Tilto/Desktop/Work/Airflow/dags/primeira_dagv1.py took 0.133 seconds
[2024-05-08T00:11:54.024-0300] {processor.py:161} INFO - Started process (PID=11595) to work on /mnt/c/Users/Tilto/Desktop/Work/Airflow/dags/primeira_dagv1.py
[2024-05-08T00:11:54.024-0300] {processor.py:830} INFO - Processing file /mnt/c/Users/Tilto/Desktop/Work/Airflow/dags/primeira_dagv1.py for tasks to queue
[2024-05-08T00:11:54.026-0300] {logging_mixin.py:188} INFO - [2024-05-08T00:11:54.026-0300] {dagbag.py:540} INFO - Filling up the DagBag from /mnt/c/Users/Tilto/Desktop/Work/Airflow/dags/primeira_dagv1.py
[2024-05-08T00:11:54.047-0300] {processor.py:840} INFO - DAG(s) 'a_primeira_DAG_v1' retrieved from /mnt/c/Users/Tilto/Desktop/Work/Airflow/dags/primeira_dagv1.py
[2024-05-08T00:11:54.074-0300] {logging_mixin.py:188} INFO - [2024-05-08T00:11:54.074-0300] {dag.py:3096} INFO - Sync 1 DAGs
[2024-05-08T00:11:54.098-0300] {logging_mixin.py:188} INFO - [2024-05-08T00:11:54.098-0300] {dag.py:3954} INFO - Setting next_dagrun for a_primeira_DAG_v1 to 2024-05-08 00:00:00+00:00, run_after=2024-05-09 00:00:00+00:00
[2024-05-08T00:11:54.162-0300] {processor.py:183} INFO - Processing /mnt/c/Users/Tilto/Desktop/Work/Airflow/dags/primeira_dagv1.py took 0.143 seconds
[2024-05-08T00:12:25.144-0300] {processor.py:161} INFO - Started process (PID=11738) to work on /mnt/c/Users/Tilto/Desktop/Work/Airflow/dags/primeira_dagv1.py
[2024-05-08T00:12:25.145-0300] {processor.py:830} INFO - Processing file /mnt/c/Users/Tilto/Desktop/Work/Airflow/dags/primeira_dagv1.py for tasks to queue
[2024-05-08T00:12:25.146-0300] {logging_mixin.py:188} INFO - [2024-05-08T00:12:25.146-0300] {dagbag.py:540} INFO - Filling up the DagBag from /mnt/c/Users/Tilto/Desktop/Work/Airflow/dags/primeira_dagv1.py
[2024-05-08T00:12:25.168-0300] {processor.py:840} INFO - DAG(s) 'a_primeira_DAG_v1' retrieved from /mnt/c/Users/Tilto/Desktop/Work/Airflow/dags/primeira_dagv1.py
[2024-05-08T00:12:25.194-0300] {logging_mixin.py:188} INFO - [2024-05-08T00:12:25.194-0300] {dag.py:3096} INFO - Sync 1 DAGs
[2024-05-08T00:12:25.219-0300] {logging_mixin.py:188} INFO - [2024-05-08T00:12:25.219-0300] {dag.py:3954} INFO - Setting next_dagrun for a_primeira_DAG_v1 to 2024-05-08 00:00:00+00:00, run_after=2024-05-09 00:00:00+00:00
[2024-05-08T00:12:25.344-0300] {processor.py:183} INFO - Processing /mnt/c/Users/Tilto/Desktop/Work/Airflow/dags/primeira_dagv1.py took 0.205 seconds
[2024-05-08T00:12:56.151-0300] {processor.py:161} INFO - Started process (PID=11881) to work on /mnt/c/Users/Tilto/Desktop/Work/Airflow/dags/primeira_dagv1.py
[2024-05-08T00:12:56.152-0300] {processor.py:830} INFO - Processing file /mnt/c/Users/Tilto/Desktop/Work/Airflow/dags/primeira_dagv1.py for tasks to queue
[2024-05-08T00:12:56.153-0300] {logging_mixin.py:188} INFO - [2024-05-08T00:12:56.153-0300] {dagbag.py:540} INFO - Filling up the DagBag from /mnt/c/Users/Tilto/Desktop/Work/Airflow/dags/primeira_dagv1.py
[2024-05-08T00:12:56.175-0300] {processor.py:840} INFO - DAG(s) 'a_primeira_DAG_v1' retrieved from /mnt/c/Users/Tilto/Desktop/Work/Airflow/dags/primeira_dagv1.py
[2024-05-08T00:12:56.200-0300] {logging_mixin.py:188} INFO - [2024-05-08T00:12:56.200-0300] {dag.py:3096} INFO - Sync 1 DAGs
[2024-05-08T00:12:56.288-0300] {logging_mixin.py:188} INFO - [2024-05-08T00:12:56.288-0300] {dag.py:3954} INFO - Setting next_dagrun for a_primeira_DAG_v1 to 2024-05-08 00:00:00+00:00, run_after=2024-05-09 00:00:00+00:00
[2024-05-08T00:12:56.346-0300] {processor.py:183} INFO - Processing /mnt/c/Users/Tilto/Desktop/Work/Airflow/dags/primeira_dagv1.py took 0.200 seconds
[2024-05-08T00:13:26.882-0300] {processor.py:161} INFO - Started process (PID=12024) to work on /mnt/c/Users/Tilto/Desktop/Work/Airflow/dags/primeira_dagv1.py
[2024-05-08T00:13:26.883-0300] {processor.py:830} INFO - Processing file /mnt/c/Users/Tilto/Desktop/Work/Airflow/dags/primeira_dagv1.py for tasks to queue
[2024-05-08T00:13:26.884-0300] {logging_mixin.py:188} INFO - [2024-05-08T00:13:26.884-0300] {dagbag.py:540} INFO - Filling up the DagBag from /mnt/c/Users/Tilto/Desktop/Work/Airflow/dags/primeira_dagv1.py
[2024-05-08T00:13:26.905-0300] {processor.py:840} INFO - DAG(s) 'a_primeira_DAG_v1' retrieved from /mnt/c/Users/Tilto/Desktop/Work/Airflow/dags/primeira_dagv1.py
[2024-05-08T00:13:26.931-0300] {logging_mixin.py:188} INFO - [2024-05-08T00:13:26.931-0300] {dag.py:3096} INFO - Sync 1 DAGs
[2024-05-08T00:13:27.016-0300] {logging_mixin.py:188} INFO - [2024-05-08T00:13:27.016-0300] {dag.py:3954} INFO - Setting next_dagrun for a_primeira_DAG_v1 to 2024-05-08 00:00:00+00:00, run_after=2024-05-09 00:00:00+00:00
[2024-05-08T00:13:27.073-0300] {processor.py:183} INFO - Processing /mnt/c/Users/Tilto/Desktop/Work/Airflow/dags/primeira_dagv1.py took 0.196 seconds
[2024-05-08T00:13:57.941-0300] {processor.py:161} INFO - Started process (PID=12168) to work on /mnt/c/Users/Tilto/Desktop/Work/Airflow/dags/primeira_dagv1.py
[2024-05-08T00:13:57.942-0300] {processor.py:830} INFO - Processing file /mnt/c/Users/Tilto/Desktop/Work/Airflow/dags/primeira_dagv1.py for tasks to queue
[2024-05-08T00:13:57.944-0300] {logging_mixin.py:188} INFO - [2024-05-08T00:13:57.944-0300] {dagbag.py:540} INFO - Filling up the DagBag from /mnt/c/Users/Tilto/Desktop/Work/Airflow/dags/primeira_dagv1.py
[2024-05-08T00:13:57.965-0300] {processor.py:840} INFO - DAG(s) 'a_primeira_DAG_v1' retrieved from /mnt/c/Users/Tilto/Desktop/Work/Airflow/dags/primeira_dagv1.py
[2024-05-08T00:13:57.990-0300] {logging_mixin.py:188} INFO - [2024-05-08T00:13:57.990-0300] {dag.py:3096} INFO - Sync 1 DAGs
[2024-05-08T00:13:58.074-0300] {logging_mixin.py:188} INFO - [2024-05-08T00:13:58.074-0300] {dag.py:3954} INFO - Setting next_dagrun for a_primeira_DAG_v1 to 2024-05-08 00:00:00+00:00, run_after=2024-05-09 00:00:00+00:00
[2024-05-08T00:13:58.132-0300] {processor.py:183} INFO - Processing /mnt/c/Users/Tilto/Desktop/Work/Airflow/dags/primeira_dagv1.py took 0.195 seconds
