[2024-05-07T23:42:07.553-0300] {processor.py:161} INFO - Started process (PID=2788) to work on /mnt/c/Users/Tilto/Desktop/Work/Airflow/dags/xcom_dag.py
[2024-05-07T23:42:07.554-0300] {processor.py:830} INFO - Processing file /mnt/c/Users/Tilto/Desktop/Work/Airflow/dags/xcom_dag.py for tasks to queue
[2024-05-07T23:42:07.556-0300] {logging_mixin.py:188} INFO - [2024-05-07T23:42:07.556-0300] {dagbag.py:540} INFO - Filling up the DagBag from /mnt/c/Users/Tilto/Desktop/Work/Airflow/dags/xcom_dag.py
[2024-05-07T23:42:08.274-0300] {processor.py:840} INFO - DAG(s) 'xcom_dag' retrieved from /mnt/c/Users/Tilto/Desktop/Work/Airflow/dags/xcom_dag.py
[2024-05-07T23:42:08.306-0300] {logging_mixin.py:188} INFO - [2024-05-07T23:42:08.305-0300] {dag.py:3096} INFO - Sync 1 DAGs
[2024-05-07T23:42:08.329-0300] {logging_mixin.py:188} INFO - [2024-05-07T23:42:08.329-0300] {dag.py:3954} INFO - Setting next_dagrun for xcom_dag to None, run_after=None
[2024-05-07T23:42:08.553-0300] {processor.py:183} INFO - Processing /mnt/c/Users/Tilto/Desktop/Work/Airflow/dags/xcom_dag.py took 1.007 seconds
[2024-05-07T23:42:39.759-0300] {processor.py:161} INFO - Started process (PID=3040) to work on /mnt/c/Users/Tilto/Desktop/Work/Airflow/dags/xcom_dag.py
[2024-05-07T23:42:39.761-0300] {processor.py:830} INFO - Processing file /mnt/c/Users/Tilto/Desktop/Work/Airflow/dags/xcom_dag.py for tasks to queue
[2024-05-07T23:42:39.763-0300] {logging_mixin.py:188} INFO - [2024-05-07T23:42:39.762-0300] {dagbag.py:540} INFO - Filling up the DagBag from /mnt/c/Users/Tilto/Desktop/Work/Airflow/dags/xcom_dag.py
[2024-05-07T23:42:40.154-0300] {processor.py:840} INFO - DAG(s) 'xcom_dag' retrieved from /mnt/c/Users/Tilto/Desktop/Work/Airflow/dags/xcom_dag.py
[2024-05-07T23:42:40.256-0300] {logging_mixin.py:188} INFO - [2024-05-07T23:42:40.255-0300] {dag.py:3096} INFO - Sync 1 DAGs
[2024-05-07T23:42:40.267-0300] {logging_mixin.py:188} INFO - [2024-05-07T23:42:40.267-0300] {dag.py:3954} INFO - Setting next_dagrun for xcom_dag to None, run_after=None
[2024-05-07T23:42:40.323-0300] {processor.py:183} INFO - Processing /mnt/c/Users/Tilto/Desktop/Work/Airflow/dags/xcom_dag.py took 0.569 seconds
[2024-05-07T23:43:11.203-0300] {processor.py:161} INFO - Started process (PID=3198) to work on /mnt/c/Users/Tilto/Desktop/Work/Airflow/dags/xcom_dag.py
[2024-05-07T23:43:11.204-0300] {processor.py:830} INFO - Processing file /mnt/c/Users/Tilto/Desktop/Work/Airflow/dags/xcom_dag.py for tasks to queue
[2024-05-07T23:43:11.206-0300] {logging_mixin.py:188} INFO - [2024-05-07T23:43:11.205-0300] {dagbag.py:540} INFO - Filling up the DagBag from /mnt/c/Users/Tilto/Desktop/Work/Airflow/dags/xcom_dag.py
[2024-05-07T23:43:11.612-0300] {processor.py:840} INFO - DAG(s) 'xcom_dag' retrieved from /mnt/c/Users/Tilto/Desktop/Work/Airflow/dags/xcom_dag.py
[2024-05-07T23:43:11.637-0300] {logging_mixin.py:188} INFO - [2024-05-07T23:43:11.637-0300] {dag.py:3096} INFO - Sync 1 DAGs
[2024-05-07T23:43:11.650-0300] {logging_mixin.py:188} INFO - [2024-05-07T23:43:11.650-0300] {dag.py:3954} INFO - Setting next_dagrun for xcom_dag to None, run_after=None
[2024-05-07T23:43:11.710-0300] {processor.py:183} INFO - Processing /mnt/c/Users/Tilto/Desktop/Work/Airflow/dags/xcom_dag.py took 0.511 seconds
[2024-05-07T23:43:42.060-0300] {processor.py:161} INFO - Started process (PID=3348) to work on /mnt/c/Users/Tilto/Desktop/Work/Airflow/dags/xcom_dag.py
[2024-05-07T23:43:42.060-0300] {processor.py:830} INFO - Processing file /mnt/c/Users/Tilto/Desktop/Work/Airflow/dags/xcom_dag.py for tasks to queue
[2024-05-07T23:43:42.062-0300] {logging_mixin.py:188} INFO - [2024-05-07T23:43:42.062-0300] {dagbag.py:540} INFO - Filling up the DagBag from /mnt/c/Users/Tilto/Desktop/Work/Airflow/dags/xcom_dag.py
[2024-05-07T23:43:42.451-0300] {processor.py:840} INFO - DAG(s) 'xcom_dag' retrieved from /mnt/c/Users/Tilto/Desktop/Work/Airflow/dags/xcom_dag.py
[2024-05-07T23:43:42.482-0300] {logging_mixin.py:188} INFO - [2024-05-07T23:43:42.482-0300] {dag.py:3096} INFO - Sync 1 DAGs
[2024-05-07T23:43:42.494-0300] {logging_mixin.py:188} INFO - [2024-05-07T23:43:42.494-0300] {dag.py:3954} INFO - Setting next_dagrun for xcom_dag to None, run_after=None
[2024-05-07T23:43:42.588-0300] {processor.py:183} INFO - Processing /mnt/c/Users/Tilto/Desktop/Work/Airflow/dags/xcom_dag.py took 0.533 seconds
[2024-05-07T23:44:12.730-0300] {processor.py:161} INFO - Started process (PID=3498) to work on /mnt/c/Users/Tilto/Desktop/Work/Airflow/dags/xcom_dag.py
[2024-05-07T23:44:12.731-0300] {processor.py:830} INFO - Processing file /mnt/c/Users/Tilto/Desktop/Work/Airflow/dags/xcom_dag.py for tasks to queue
[2024-05-07T23:44:12.732-0300] {logging_mixin.py:188} INFO - [2024-05-07T23:44:12.732-0300] {dagbag.py:540} INFO - Filling up the DagBag from /mnt/c/Users/Tilto/Desktop/Work/Airflow/dags/xcom_dag.py
[2024-05-07T23:44:13.368-0300] {processor.py:840} INFO - DAG(s) 'xcom_dag' retrieved from /mnt/c/Users/Tilto/Desktop/Work/Airflow/dags/xcom_dag.py
[2024-05-07T23:44:13.392-0300] {logging_mixin.py:188} INFO - [2024-05-07T23:44:13.392-0300] {dag.py:3096} INFO - Sync 1 DAGs
[2024-05-07T23:44:13.403-0300] {logging_mixin.py:188} INFO - [2024-05-07T23:44:13.403-0300] {dag.py:3954} INFO - Setting next_dagrun for xcom_dag to None, run_after=None
[2024-05-07T23:44:13.462-0300] {processor.py:183} INFO - Processing /mnt/c/Users/Tilto/Desktop/Work/Airflow/dags/xcom_dag.py took 0.736 seconds
[2024-05-07T23:44:43.812-0300] {processor.py:161} INFO - Started process (PID=3653) to work on /mnt/c/Users/Tilto/Desktop/Work/Airflow/dags/xcom_dag.py
[2024-05-07T23:44:43.813-0300] {processor.py:830} INFO - Processing file /mnt/c/Users/Tilto/Desktop/Work/Airflow/dags/xcom_dag.py for tasks to queue
[2024-05-07T23:44:43.814-0300] {logging_mixin.py:188} INFO - [2024-05-07T23:44:43.814-0300] {dagbag.py:540} INFO - Filling up the DagBag from /mnt/c/Users/Tilto/Desktop/Work/Airflow/dags/xcom_dag.py
[2024-05-07T23:44:44.253-0300] {processor.py:840} INFO - DAG(s) 'xcom_dag' retrieved from /mnt/c/Users/Tilto/Desktop/Work/Airflow/dags/xcom_dag.py
[2024-05-07T23:44:44.279-0300] {logging_mixin.py:188} INFO - [2024-05-07T23:44:44.279-0300] {dag.py:3096} INFO - Sync 1 DAGs
[2024-05-07T23:44:44.291-0300] {logging_mixin.py:188} INFO - [2024-05-07T23:44:44.291-0300] {dag.py:3954} INFO - Setting next_dagrun for xcom_dag to None, run_after=None
[2024-05-07T23:44:44.354-0300] {processor.py:183} INFO - Processing /mnt/c/Users/Tilto/Desktop/Work/Airflow/dags/xcom_dag.py took 0.546 seconds
[2024-05-07T23:45:15.196-0300] {processor.py:161} INFO - Started process (PID=3814) to work on /mnt/c/Users/Tilto/Desktop/Work/Airflow/dags/xcom_dag.py
[2024-05-07T23:45:15.197-0300] {processor.py:830} INFO - Processing file /mnt/c/Users/Tilto/Desktop/Work/Airflow/dags/xcom_dag.py for tasks to queue
[2024-05-07T23:45:15.199-0300] {logging_mixin.py:188} INFO - [2024-05-07T23:45:15.199-0300] {dagbag.py:540} INFO - Filling up the DagBag from /mnt/c/Users/Tilto/Desktop/Work/Airflow/dags/xcom_dag.py
[2024-05-07T23:45:15.631-0300] {processor.py:840} INFO - DAG(s) 'xcom_dag' retrieved from /mnt/c/Users/Tilto/Desktop/Work/Airflow/dags/xcom_dag.py
[2024-05-07T23:45:15.657-0300] {logging_mixin.py:188} INFO - [2024-05-07T23:45:15.657-0300] {dag.py:3096} INFO - Sync 1 DAGs
[2024-05-07T23:45:15.673-0300] {logging_mixin.py:188} INFO - [2024-05-07T23:45:15.673-0300] {dag.py:3954} INFO - Setting next_dagrun for xcom_dag to None, run_after=None
[2024-05-07T23:45:15.751-0300] {processor.py:183} INFO - Processing /mnt/c/Users/Tilto/Desktop/Work/Airflow/dags/xcom_dag.py took 0.559 seconds
[2024-05-07T23:45:46.008-0300] {processor.py:161} INFO - Started process (PID=3957) to work on /mnt/c/Users/Tilto/Desktop/Work/Airflow/dags/xcom_dag.py
[2024-05-07T23:45:46.009-0300] {processor.py:830} INFO - Processing file /mnt/c/Users/Tilto/Desktop/Work/Airflow/dags/xcom_dag.py for tasks to queue
[2024-05-07T23:45:46.011-0300] {logging_mixin.py:188} INFO - [2024-05-07T23:45:46.010-0300] {dagbag.py:540} INFO - Filling up the DagBag from /mnt/c/Users/Tilto/Desktop/Work/Airflow/dags/xcom_dag.py
[2024-05-07T23:45:46.418-0300] {processor.py:840} INFO - DAG(s) 'xcom_dag' retrieved from /mnt/c/Users/Tilto/Desktop/Work/Airflow/dags/xcom_dag.py
[2024-05-07T23:45:46.444-0300] {logging_mixin.py:188} INFO - [2024-05-07T23:45:46.443-0300] {dag.py:3096} INFO - Sync 1 DAGs
[2024-05-07T23:45:46.456-0300] {logging_mixin.py:188} INFO - [2024-05-07T23:45:46.456-0300] {dag.py:3954} INFO - Setting next_dagrun for xcom_dag to None, run_after=None
[2024-05-07T23:45:46.533-0300] {processor.py:183} INFO - Processing /mnt/c/Users/Tilto/Desktop/Work/Airflow/dags/xcom_dag.py took 0.529 seconds
[2024-05-07T23:46:16.820-0300] {processor.py:161} INFO - Started process (PID=4101) to work on /mnt/c/Users/Tilto/Desktop/Work/Airflow/dags/xcom_dag.py
[2024-05-07T23:46:16.822-0300] {processor.py:830} INFO - Processing file /mnt/c/Users/Tilto/Desktop/Work/Airflow/dags/xcom_dag.py for tasks to queue
[2024-05-07T23:46:16.825-0300] {logging_mixin.py:188} INFO - [2024-05-07T23:46:16.824-0300] {dagbag.py:540} INFO - Filling up the DagBag from /mnt/c/Users/Tilto/Desktop/Work/Airflow/dags/xcom_dag.py
[2024-05-07T23:46:17.207-0300] {processor.py:840} INFO - DAG(s) 'xcom_dag' retrieved from /mnt/c/Users/Tilto/Desktop/Work/Airflow/dags/xcom_dag.py
[2024-05-07T23:46:17.232-0300] {logging_mixin.py:188} INFO - [2024-05-07T23:46:17.231-0300] {dag.py:3096} INFO - Sync 1 DAGs
[2024-05-07T23:46:17.244-0300] {logging_mixin.py:188} INFO - [2024-05-07T23:46:17.243-0300] {dag.py:3954} INFO - Setting next_dagrun for xcom_dag to None, run_after=None
[2024-05-07T23:46:17.299-0300] {processor.py:183} INFO - Processing /mnt/c/Users/Tilto/Desktop/Work/Airflow/dags/xcom_dag.py took 0.486 seconds
[2024-05-07T23:46:47.895-0300] {processor.py:161} INFO - Started process (PID=4247) to work on /mnt/c/Users/Tilto/Desktop/Work/Airflow/dags/xcom_dag.py
[2024-05-07T23:46:47.896-0300] {processor.py:830} INFO - Processing file /mnt/c/Users/Tilto/Desktop/Work/Airflow/dags/xcom_dag.py for tasks to queue
[2024-05-07T23:46:47.899-0300] {logging_mixin.py:188} INFO - [2024-05-07T23:46:47.898-0300] {dagbag.py:540} INFO - Filling up the DagBag from /mnt/c/Users/Tilto/Desktop/Work/Airflow/dags/xcom_dag.py
[2024-05-07T23:46:48.273-0300] {processor.py:840} INFO - DAG(s) 'xcom_dag' retrieved from /mnt/c/Users/Tilto/Desktop/Work/Airflow/dags/xcom_dag.py
[2024-05-07T23:46:48.298-0300] {logging_mixin.py:188} INFO - [2024-05-07T23:46:48.298-0300] {dag.py:3096} INFO - Sync 1 DAGs
[2024-05-07T23:46:48.312-0300] {logging_mixin.py:188} INFO - [2024-05-07T23:46:48.312-0300] {dag.py:3954} INFO - Setting next_dagrun for xcom_dag to None, run_after=None
[2024-05-07T23:46:48.373-0300] {processor.py:183} INFO - Processing /mnt/c/Users/Tilto/Desktop/Work/Airflow/dags/xcom_dag.py took 0.484 seconds
[2024-05-07T23:47:18.857-0300] {processor.py:161} INFO - Started process (PID=4402) to work on /mnt/c/Users/Tilto/Desktop/Work/Airflow/dags/xcom_dag.py
[2024-05-07T23:47:18.858-0300] {processor.py:830} INFO - Processing file /mnt/c/Users/Tilto/Desktop/Work/Airflow/dags/xcom_dag.py for tasks to queue
[2024-05-07T23:47:18.859-0300] {logging_mixin.py:188} INFO - [2024-05-07T23:47:18.859-0300] {dagbag.py:540} INFO - Filling up the DagBag from /mnt/c/Users/Tilto/Desktop/Work/Airflow/dags/xcom_dag.py
[2024-05-07T23:47:19.323-0300] {processor.py:840} INFO - DAG(s) 'xcom_dag' retrieved from /mnt/c/Users/Tilto/Desktop/Work/Airflow/dags/xcom_dag.py
[2024-05-07T23:47:19.347-0300] {logging_mixin.py:188} INFO - [2024-05-07T23:47:19.347-0300] {dag.py:3096} INFO - Sync 1 DAGs
[2024-05-07T23:47:19.359-0300] {logging_mixin.py:188} INFO - [2024-05-07T23:47:19.358-0300] {dag.py:3954} INFO - Setting next_dagrun for xcom_dag to None, run_after=None
[2024-05-07T23:47:19.416-0300] {processor.py:183} INFO - Processing /mnt/c/Users/Tilto/Desktop/Work/Airflow/dags/xcom_dag.py took 0.563 seconds
[2024-05-07T23:47:49.660-0300] {processor.py:161} INFO - Started process (PID=4545) to work on /mnt/c/Users/Tilto/Desktop/Work/Airflow/dags/xcom_dag.py
[2024-05-07T23:47:49.661-0300] {processor.py:830} INFO - Processing file /mnt/c/Users/Tilto/Desktop/Work/Airflow/dags/xcom_dag.py for tasks to queue
[2024-05-07T23:47:49.663-0300] {logging_mixin.py:188} INFO - [2024-05-07T23:47:49.662-0300] {dagbag.py:540} INFO - Filling up the DagBag from /mnt/c/Users/Tilto/Desktop/Work/Airflow/dags/xcom_dag.py
[2024-05-07T23:47:50.038-0300] {processor.py:840} INFO - DAG(s) 'xcom_dag' retrieved from /mnt/c/Users/Tilto/Desktop/Work/Airflow/dags/xcom_dag.py
[2024-05-07T23:47:50.063-0300] {logging_mixin.py:188} INFO - [2024-05-07T23:47:50.062-0300] {dag.py:3096} INFO - Sync 1 DAGs
[2024-05-07T23:47:50.074-0300] {logging_mixin.py:188} INFO - [2024-05-07T23:47:50.074-0300] {dag.py:3954} INFO - Setting next_dagrun for xcom_dag to None, run_after=None
[2024-05-07T23:47:50.125-0300] {processor.py:183} INFO - Processing /mnt/c/Users/Tilto/Desktop/Work/Airflow/dags/xcom_dag.py took 0.468 seconds
[2024-05-07T23:48:34.266-0300] {processor.py:161} INFO - Started process (PID=4777) to work on /mnt/c/Users/Tilto/Desktop/Work/Airflow/dags/xcom_dag.py
[2024-05-07T23:48:34.267-0300] {processor.py:830} INFO - Processing file /mnt/c/Users/Tilto/Desktop/Work/Airflow/dags/xcom_dag.py for tasks to queue
[2024-05-07T23:48:34.269-0300] {logging_mixin.py:188} INFO - [2024-05-07T23:48:34.268-0300] {dagbag.py:540} INFO - Filling up the DagBag from /mnt/c/Users/Tilto/Desktop/Work/Airflow/dags/xcom_dag.py
[2024-05-07T23:48:34.693-0300] {processor.py:840} INFO - DAG(s) 'xcom_dag' retrieved from /mnt/c/Users/Tilto/Desktop/Work/Airflow/dags/xcom_dag.py
[2024-05-07T23:48:34.704-0300] {logging_mixin.py:188} INFO - [2024-05-07T23:48:34.704-0300] {dag.py:3096} INFO - Sync 1 DAGs
[2024-05-07T23:48:34.717-0300] {logging_mixin.py:188} INFO - [2024-05-07T23:48:34.717-0300] {dag.py:3954} INFO - Setting next_dagrun for xcom_dag to None, run_after=None
[2024-05-07T23:48:34.775-0300] {processor.py:183} INFO - Processing /mnt/c/Users/Tilto/Desktop/Work/Airflow/dags/xcom_dag.py took 0.514 seconds
[2024-05-07T23:49:05.789-0300] {processor.py:161} INFO - Started process (PID=4937) to work on /mnt/c/Users/Tilto/Desktop/Work/Airflow/dags/xcom_dag.py
[2024-05-07T23:49:05.790-0300] {processor.py:830} INFO - Processing file /mnt/c/Users/Tilto/Desktop/Work/Airflow/dags/xcom_dag.py for tasks to queue
[2024-05-07T23:49:05.791-0300] {logging_mixin.py:188} INFO - [2024-05-07T23:49:05.791-0300] {dagbag.py:540} INFO - Filling up the DagBag from /mnt/c/Users/Tilto/Desktop/Work/Airflow/dags/xcom_dag.py
[2024-05-07T23:49:06.154-0300] {processor.py:840} INFO - DAG(s) 'xcom_dag' retrieved from /mnt/c/Users/Tilto/Desktop/Work/Airflow/dags/xcom_dag.py
[2024-05-07T23:49:06.250-0300] {logging_mixin.py:188} INFO - [2024-05-07T23:49:06.249-0300] {dag.py:3096} INFO - Sync 1 DAGs
[2024-05-07T23:49:06.260-0300] {logging_mixin.py:188} INFO - [2024-05-07T23:49:06.259-0300] {dag.py:3954} INFO - Setting next_dagrun for xcom_dag to None, run_after=None
[2024-05-07T23:49:06.310-0300] {processor.py:183} INFO - Processing /mnt/c/Users/Tilto/Desktop/Work/Airflow/dags/xcom_dag.py took 0.526 seconds
[2024-05-07T23:49:36.951-0300] {processor.py:161} INFO - Started process (PID=5087) to work on /mnt/c/Users/Tilto/Desktop/Work/Airflow/dags/xcom_dag.py
[2024-05-07T23:49:36.952-0300] {processor.py:830} INFO - Processing file /mnt/c/Users/Tilto/Desktop/Work/Airflow/dags/xcom_dag.py for tasks to queue
[2024-05-07T23:49:36.954-0300] {logging_mixin.py:188} INFO - [2024-05-07T23:49:36.953-0300] {dagbag.py:540} INFO - Filling up the DagBag from /mnt/c/Users/Tilto/Desktop/Work/Airflow/dags/xcom_dag.py
[2024-05-07T23:49:37.362-0300] {processor.py:840} INFO - DAG(s) 'xcom_dag' retrieved from /mnt/c/Users/Tilto/Desktop/Work/Airflow/dags/xcom_dag.py
[2024-05-07T23:49:37.385-0300] {logging_mixin.py:188} INFO - [2024-05-07T23:49:37.385-0300] {dag.py:3096} INFO - Sync 1 DAGs
[2024-05-07T23:49:37.397-0300] {logging_mixin.py:188} INFO - [2024-05-07T23:49:37.397-0300] {dag.py:3954} INFO - Setting next_dagrun for xcom_dag to None, run_after=None
[2024-05-07T23:49:37.453-0300] {processor.py:183} INFO - Processing /mnt/c/Users/Tilto/Desktop/Work/Airflow/dags/xcom_dag.py took 0.510 seconds
[2024-05-07T23:50:07.943-0300] {processor.py:161} INFO - Started process (PID=5228) to work on /mnt/c/Users/Tilto/Desktop/Work/Airflow/dags/xcom_dag.py
[2024-05-07T23:50:07.945-0300] {processor.py:830} INFO - Processing file /mnt/c/Users/Tilto/Desktop/Work/Airflow/dags/xcom_dag.py for tasks to queue
[2024-05-07T23:50:07.946-0300] {logging_mixin.py:188} INFO - [2024-05-07T23:50:07.946-0300] {dagbag.py:540} INFO - Filling up the DagBag from /mnt/c/Users/Tilto/Desktop/Work/Airflow/dags/xcom_dag.py
[2024-05-07T23:50:08.343-0300] {processor.py:840} INFO - DAG(s) 'xcom_dag' retrieved from /mnt/c/Users/Tilto/Desktop/Work/Airflow/dags/xcom_dag.py
[2024-05-07T23:50:08.368-0300] {logging_mixin.py:188} INFO - [2024-05-07T23:50:08.368-0300] {dag.py:3096} INFO - Sync 1 DAGs
[2024-05-07T23:50:08.380-0300] {logging_mixin.py:188} INFO - [2024-05-07T23:50:08.380-0300] {dag.py:3954} INFO - Setting next_dagrun for xcom_dag to None, run_after=None
[2024-05-07T23:50:08.442-0300] {processor.py:183} INFO - Processing /mnt/c/Users/Tilto/Desktop/Work/Airflow/dags/xcom_dag.py took 0.503 seconds
[2024-05-07T23:50:10.959-0300] {processor.py:161} INFO - Started process (PID=5253) to work on /mnt/c/Users/Tilto/Desktop/Work/Airflow/dags/xcom_dag.py
[2024-05-07T23:50:10.960-0300] {processor.py:830} INFO - Processing file /mnt/c/Users/Tilto/Desktop/Work/Airflow/dags/xcom_dag.py for tasks to queue
[2024-05-07T23:50:10.961-0300] {logging_mixin.py:188} INFO - [2024-05-07T23:50:10.961-0300] {dagbag.py:540} INFO - Filling up the DagBag from /mnt/c/Users/Tilto/Desktop/Work/Airflow/dags/xcom_dag.py
[2024-05-07T23:50:11.395-0300] {processor.py:840} INFO - DAG(s) 'xcom_dag' retrieved from /mnt/c/Users/Tilto/Desktop/Work/Airflow/dags/xcom_dag.py
[2024-05-07T23:50:11.427-0300] {logging_mixin.py:188} INFO - [2024-05-07T23:50:11.426-0300] {dag.py:3096} INFO - Sync 1 DAGs
[2024-05-07T23:50:11.442-0300] {logging_mixin.py:188} INFO - [2024-05-07T23:50:11.442-0300] {dag.py:3954} INFO - Setting next_dagrun for xcom_dag to None, run_after=None
[2024-05-07T23:50:11.518-0300] {processor.py:183} INFO - Processing /mnt/c/Users/Tilto/Desktop/Work/Airflow/dags/xcom_dag.py took 0.564 seconds
[2024-05-07T23:51:33.521-0300] {processor.py:161} INFO - Started process (PID=5677) to work on /mnt/c/Users/Tilto/Desktop/Work/Airflow/dags/xcom_dag.py
[2024-05-07T23:51:33.522-0300] {processor.py:830} INFO - Processing file /mnt/c/Users/Tilto/Desktop/Work/Airflow/dags/xcom_dag.py for tasks to queue
[2024-05-07T23:51:33.523-0300] {logging_mixin.py:188} INFO - [2024-05-07T23:51:33.523-0300] {dagbag.py:540} INFO - Filling up the DagBag from /mnt/c/Users/Tilto/Desktop/Work/Airflow/dags/xcom_dag.py
[2024-05-07T23:51:33.981-0300] {processor.py:840} INFO - DAG(s) 'xcom_dag' retrieved from /mnt/c/Users/Tilto/Desktop/Work/Airflow/dags/xcom_dag.py
[2024-05-07T23:51:33.998-0300] {logging_mixin.py:188} INFO - [2024-05-07T23:51:33.997-0300] {dag.py:3096} INFO - Sync 1 DAGs
[2024-05-07T23:51:34.010-0300] {logging_mixin.py:188} INFO - [2024-05-07T23:51:34.010-0300] {dag.py:3954} INFO - Setting next_dagrun for xcom_dag to None, run_after=None
[2024-05-07T23:51:34.068-0300] {processor.py:183} INFO - Processing /mnt/c/Users/Tilto/Desktop/Work/Airflow/dags/xcom_dag.py took 0.551 seconds
[2024-05-07T23:57:33.121-0300] {processor.py:161} INFO - Started process (PID=7371) to work on /mnt/c/Users/Tilto/Desktop/Work/Airflow/dags/xcom_dag.py
[2024-05-07T23:57:33.122-0300] {processor.py:830} INFO - Processing file /mnt/c/Users/Tilto/Desktop/Work/Airflow/dags/xcom_dag.py for tasks to queue
[2024-05-07T23:57:33.123-0300] {logging_mixin.py:188} INFO - [2024-05-07T23:57:33.123-0300] {dagbag.py:540} INFO - Filling up the DagBag from /mnt/c/Users/Tilto/Desktop/Work/Airflow/dags/xcom_dag.py
[2024-05-07T23:57:33.510-0300] {processor.py:840} INFO - DAG(s) 'xcom_dag' retrieved from /mnt/c/Users/Tilto/Desktop/Work/Airflow/dags/xcom_dag.py
[2024-05-07T23:57:33.608-0300] {logging_mixin.py:188} INFO - [2024-05-07T23:57:33.608-0300] {dag.py:3096} INFO - Sync 1 DAGs
[2024-05-07T23:57:33.619-0300] {logging_mixin.py:188} INFO - [2024-05-07T23:57:33.619-0300] {dag.py:3954} INFO - Setting next_dagrun for xcom_dag to None, run_after=None
[2024-05-07T23:57:33.680-0300] {processor.py:183} INFO - Processing /mnt/c/Users/Tilto/Desktop/Work/Airflow/dags/xcom_dag.py took 0.564 seconds
[2024-05-07T23:58:03.756-0300] {processor.py:161} INFO - Started process (PID=7515) to work on /mnt/c/Users/Tilto/Desktop/Work/Airflow/dags/xcom_dag.py
[2024-05-07T23:58:03.757-0300] {processor.py:830} INFO - Processing file /mnt/c/Users/Tilto/Desktop/Work/Airflow/dags/xcom_dag.py for tasks to queue
[2024-05-07T23:58:03.758-0300] {logging_mixin.py:188} INFO - [2024-05-07T23:58:03.758-0300] {dagbag.py:540} INFO - Filling up the DagBag from /mnt/c/Users/Tilto/Desktop/Work/Airflow/dags/xcom_dag.py
[2024-05-07T23:58:04.173-0300] {processor.py:840} INFO - DAG(s) 'xcom_dag' retrieved from /mnt/c/Users/Tilto/Desktop/Work/Airflow/dags/xcom_dag.py
[2024-05-07T23:58:04.201-0300] {logging_mixin.py:188} INFO - [2024-05-07T23:58:04.200-0300] {dag.py:3096} INFO - Sync 1 DAGs
[2024-05-07T23:58:04.214-0300] {logging_mixin.py:188} INFO - [2024-05-07T23:58:04.214-0300] {dag.py:3954} INFO - Setting next_dagrun for xcom_dag to None, run_after=None
[2024-05-07T23:58:04.295-0300] {processor.py:183} INFO - Processing /mnt/c/Users/Tilto/Desktop/Work/Airflow/dags/xcom_dag.py took 0.545 seconds
[2024-05-07T23:58:34.748-0300] {processor.py:161} INFO - Started process (PID=7657) to work on /mnt/c/Users/Tilto/Desktop/Work/Airflow/dags/xcom_dag.py
[2024-05-07T23:58:34.749-0300] {processor.py:830} INFO - Processing file /mnt/c/Users/Tilto/Desktop/Work/Airflow/dags/xcom_dag.py for tasks to queue
[2024-05-07T23:58:34.751-0300] {logging_mixin.py:188} INFO - [2024-05-07T23:58:34.750-0300] {dagbag.py:540} INFO - Filling up the DagBag from /mnt/c/Users/Tilto/Desktop/Work/Airflow/dags/xcom_dag.py
[2024-05-07T23:58:35.197-0300] {processor.py:840} INFO - DAG(s) 'xcom_dag' retrieved from /mnt/c/Users/Tilto/Desktop/Work/Airflow/dags/xcom_dag.py
[2024-05-07T23:58:35.223-0300] {logging_mixin.py:188} INFO - [2024-05-07T23:58:35.223-0300] {dag.py:3096} INFO - Sync 1 DAGs
[2024-05-07T23:58:35.235-0300] {logging_mixin.py:188} INFO - [2024-05-07T23:58:35.235-0300] {dag.py:3954} INFO - Setting next_dagrun for xcom_dag to None, run_after=None
[2024-05-07T23:58:35.291-0300] {processor.py:183} INFO - Processing /mnt/c/Users/Tilto/Desktop/Work/Airflow/dags/xcom_dag.py took 0.547 seconds
[2024-05-07T23:59:17.499-0300] {processor.py:161} INFO - Started process (PID=7852) to work on /mnt/c/Users/Tilto/Desktop/Work/Airflow/dags/xcom_dag.py
[2024-05-07T23:59:17.500-0300] {processor.py:830} INFO - Processing file /mnt/c/Users/Tilto/Desktop/Work/Airflow/dags/xcom_dag.py for tasks to queue
[2024-05-07T23:59:17.502-0300] {logging_mixin.py:188} INFO - [2024-05-07T23:59:17.501-0300] {dagbag.py:540} INFO - Filling up the DagBag from /mnt/c/Users/Tilto/Desktop/Work/Airflow/dags/xcom_dag.py
[2024-05-07T23:59:17.932-0300] {processor.py:840} INFO - DAG(s) 'xcom_dag' retrieved from /mnt/c/Users/Tilto/Desktop/Work/Airflow/dags/xcom_dag.py
[2024-05-07T23:59:17.966-0300] {logging_mixin.py:188} INFO - [2024-05-07T23:59:17.966-0300] {dag.py:3096} INFO - Sync 1 DAGs
[2024-05-07T23:59:17.978-0300] {logging_mixin.py:188} INFO - [2024-05-07T23:59:17.977-0300] {dag.py:3954} INFO - Setting next_dagrun for xcom_dag to None, run_after=None
[2024-05-07T23:59:18.041-0300] {processor.py:183} INFO - Processing /mnt/c/Users/Tilto/Desktop/Work/Airflow/dags/xcom_dag.py took 0.547 seconds
[2024-05-07T23:59:29.329-0300] {processor.py:161} INFO - Started process (PID=7948) to work on /mnt/c/Users/Tilto/Desktop/Work/Airflow/dags/xcom_dag.py
[2024-05-07T23:59:29.331-0300] {processor.py:830} INFO - Processing file /mnt/c/Users/Tilto/Desktop/Work/Airflow/dags/xcom_dag.py for tasks to queue
[2024-05-07T23:59:29.333-0300] {logging_mixin.py:188} INFO - [2024-05-07T23:59:29.332-0300] {dagbag.py:540} INFO - Filling up the DagBag from /mnt/c/Users/Tilto/Desktop/Work/Airflow/dags/xcom_dag.py
[2024-05-07T23:59:29.746-0300] {processor.py:840} INFO - DAG(s) 'xcom_dag' retrieved from /mnt/c/Users/Tilto/Desktop/Work/Airflow/dags/xcom_dag.py
[2024-05-07T23:59:29.758-0300] {logging_mixin.py:188} INFO - [2024-05-07T23:59:29.757-0300] {dag.py:3096} INFO - Sync 1 DAGs
[2024-05-07T23:59:29.771-0300] {logging_mixin.py:188} INFO - [2024-05-07T23:59:29.770-0300] {dag.py:3954} INFO - Setting next_dagrun for xcom_dag to None, run_after=None
[2024-05-07T23:59:29.831-0300] {processor.py:183} INFO - Processing /mnt/c/Users/Tilto/Desktop/Work/Airflow/dags/xcom_dag.py took 0.506 seconds
[2024-05-08T00:00:00.006-0300] {processor.py:161} INFO - Started process (PID=8099) to work on /mnt/c/Users/Tilto/Desktop/Work/Airflow/dags/xcom_dag.py
[2024-05-08T00:00:00.007-0300] {processor.py:830} INFO - Processing file /mnt/c/Users/Tilto/Desktop/Work/Airflow/dags/xcom_dag.py for tasks to queue
[2024-05-08T00:00:00.009-0300] {logging_mixin.py:188} INFO - [2024-05-08T00:00:00.008-0300] {dagbag.py:540} INFO - Filling up the DagBag from /mnt/c/Users/Tilto/Desktop/Work/Airflow/dags/xcom_dag.py
[2024-05-08T00:00:00.437-0300] {processor.py:840} INFO - DAG(s) 'xcom_dag' retrieved from /mnt/c/Users/Tilto/Desktop/Work/Airflow/dags/xcom_dag.py
[2024-05-08T00:00:00.546-0300] {logging_mixin.py:188} INFO - [2024-05-08T00:00:00.545-0300] {dag.py:3096} INFO - Sync 1 DAGs
[2024-05-08T00:00:00.558-0300] {logging_mixin.py:188} INFO - [2024-05-08T00:00:00.558-0300] {dag.py:3954} INFO - Setting next_dagrun for xcom_dag to None, run_after=None
[2024-05-08T00:00:00.682-0300] {processor.py:183} INFO - Processing /mnt/c/Users/Tilto/Desktop/Work/Airflow/dags/xcom_dag.py took 0.680 seconds
[2024-05-08T00:00:41.405-0300] {processor.py:161} INFO - Started process (PID=8325) to work on /mnt/c/Users/Tilto/Desktop/Work/Airflow/dags/xcom_dag.py
[2024-05-08T00:00:41.406-0300] {processor.py:830} INFO - Processing file /mnt/c/Users/Tilto/Desktop/Work/Airflow/dags/xcom_dag.py for tasks to queue
[2024-05-08T00:00:41.407-0300] {logging_mixin.py:188} INFO - [2024-05-08T00:00:41.407-0300] {dagbag.py:540} INFO - Filling up the DagBag from /mnt/c/Users/Tilto/Desktop/Work/Airflow/dags/xcom_dag.py
[2024-05-08T00:00:41.881-0300] {processor.py:840} INFO - DAG(s) 'xcom_dag' retrieved from /mnt/c/Users/Tilto/Desktop/Work/Airflow/dags/xcom_dag.py
[2024-05-08T00:00:41.892-0300] {logging_mixin.py:188} INFO - [2024-05-08T00:00:41.891-0300] {dag.py:3096} INFO - Sync 1 DAGs
[2024-05-08T00:00:41.907-0300] {logging_mixin.py:188} INFO - [2024-05-08T00:00:41.907-0300] {dag.py:3954} INFO - Setting next_dagrun for xcom_dag to None, run_after=None
[2024-05-08T00:00:41.965-0300] {processor.py:183} INFO - Processing /mnt/c/Users/Tilto/Desktop/Work/Airflow/dags/xcom_dag.py took 0.566 seconds
[2024-05-08T00:01:12.041-0300] {processor.py:161} INFO - Started process (PID=8478) to work on /mnt/c/Users/Tilto/Desktop/Work/Airflow/dags/xcom_dag.py
[2024-05-08T00:01:12.042-0300] {processor.py:830} INFO - Processing file /mnt/c/Users/Tilto/Desktop/Work/Airflow/dags/xcom_dag.py for tasks to queue
[2024-05-08T00:01:12.043-0300] {logging_mixin.py:188} INFO - [2024-05-08T00:01:12.043-0300] {dagbag.py:540} INFO - Filling up the DagBag from /mnt/c/Users/Tilto/Desktop/Work/Airflow/dags/xcom_dag.py
[2024-05-08T00:01:12.415-0300] {processor.py:840} INFO - DAG(s) 'xcom_dag' retrieved from /mnt/c/Users/Tilto/Desktop/Work/Airflow/dags/xcom_dag.py
[2024-05-08T00:01:12.512-0300] {logging_mixin.py:188} INFO - [2024-05-08T00:01:12.511-0300] {dag.py:3096} INFO - Sync 1 DAGs
[2024-05-08T00:01:12.522-0300] {logging_mixin.py:188} INFO - [2024-05-08T00:01:12.522-0300] {dag.py:3954} INFO - Setting next_dagrun for xcom_dag to None, run_after=None
[2024-05-08T00:01:12.580-0300] {processor.py:183} INFO - Processing /mnt/c/Users/Tilto/Desktop/Work/Airflow/dags/xcom_dag.py took 0.543 seconds
[2024-05-08T00:01:43.596-0300] {processor.py:161} INFO - Started process (PID=8622) to work on /mnt/c/Users/Tilto/Desktop/Work/Airflow/dags/xcom_dag.py
[2024-05-08T00:01:43.597-0300] {processor.py:830} INFO - Processing file /mnt/c/Users/Tilto/Desktop/Work/Airflow/dags/xcom_dag.py for tasks to queue
[2024-05-08T00:01:43.598-0300] {logging_mixin.py:188} INFO - [2024-05-08T00:01:43.598-0300] {dagbag.py:540} INFO - Filling up the DagBag from /mnt/c/Users/Tilto/Desktop/Work/Airflow/dags/xcom_dag.py
[2024-05-08T00:01:43.992-0300] {processor.py:840} INFO - DAG(s) 'xcom_dag' retrieved from /mnt/c/Users/Tilto/Desktop/Work/Airflow/dags/xcom_dag.py
[2024-05-08T00:01:44.017-0300] {logging_mixin.py:188} INFO - [2024-05-08T00:01:44.017-0300] {dag.py:3096} INFO - Sync 1 DAGs
[2024-05-08T00:01:44.030-0300] {logging_mixin.py:188} INFO - [2024-05-08T00:01:44.030-0300] {dag.py:3954} INFO - Setting next_dagrun for xcom_dag to None, run_after=None
[2024-05-08T00:01:44.089-0300] {processor.py:183} INFO - Processing /mnt/c/Users/Tilto/Desktop/Work/Airflow/dags/xcom_dag.py took 0.498 seconds
[2024-05-08T00:02:15.136-0300] {processor.py:161} INFO - Started process (PID=8815) to work on /mnt/c/Users/Tilto/Desktop/Work/Airflow/dags/xcom_dag.py
[2024-05-08T00:02:15.137-0300] {processor.py:830} INFO - Processing file /mnt/c/Users/Tilto/Desktop/Work/Airflow/dags/xcom_dag.py for tasks to queue
[2024-05-08T00:02:15.139-0300] {logging_mixin.py:188} INFO - [2024-05-08T00:02:15.138-0300] {dagbag.py:540} INFO - Filling up the DagBag from /mnt/c/Users/Tilto/Desktop/Work/Airflow/dags/xcom_dag.py
[2024-05-08T00:02:15.513-0300] {processor.py:840} INFO - DAG(s) 'xcom_dag' retrieved from /mnt/c/Users/Tilto/Desktop/Work/Airflow/dags/xcom_dag.py
[2024-05-08T00:02:15.538-0300] {logging_mixin.py:188} INFO - [2024-05-08T00:02:15.538-0300] {dag.py:3096} INFO - Sync 1 DAGs
[2024-05-08T00:02:15.551-0300] {logging_mixin.py:188} INFO - [2024-05-08T00:02:15.550-0300] {dag.py:3954} INFO - Setting next_dagrun for xcom_dag to None, run_after=None
[2024-05-08T00:02:15.690-0300] {processor.py:183} INFO - Processing /mnt/c/Users/Tilto/Desktop/Work/Airflow/dags/xcom_dag.py took 0.558 seconds
[2024-05-08T00:02:46.363-0300] {processor.py:161} INFO - Started process (PID=8980) to work on /mnt/c/Users/Tilto/Desktop/Work/Airflow/dags/xcom_dag.py
[2024-05-08T00:02:46.364-0300] {processor.py:830} INFO - Processing file /mnt/c/Users/Tilto/Desktop/Work/Airflow/dags/xcom_dag.py for tasks to queue
[2024-05-08T00:02:46.366-0300] {logging_mixin.py:188} INFO - [2024-05-08T00:02:46.365-0300] {dagbag.py:540} INFO - Filling up the DagBag from /mnt/c/Users/Tilto/Desktop/Work/Airflow/dags/xcom_dag.py
[2024-05-08T00:02:46.813-0300] {processor.py:840} INFO - DAG(s) 'xcom_dag' retrieved from /mnt/c/Users/Tilto/Desktop/Work/Airflow/dags/xcom_dag.py
[2024-05-08T00:02:46.846-0300] {logging_mixin.py:188} INFO - [2024-05-08T00:02:46.845-0300] {dag.py:3096} INFO - Sync 1 DAGs
[2024-05-08T00:02:46.861-0300] {logging_mixin.py:188} INFO - [2024-05-08T00:02:46.861-0300] {dag.py:3954} INFO - Setting next_dagrun for xcom_dag to None, run_after=None
[2024-05-08T00:02:46.936-0300] {processor.py:183} INFO - Processing /mnt/c/Users/Tilto/Desktop/Work/Airflow/dags/xcom_dag.py took 0.578 seconds
[2024-05-08T00:03:17.624-0300] {processor.py:161} INFO - Started process (PID=9146) to work on /mnt/c/Users/Tilto/Desktop/Work/Airflow/dags/xcom_dag.py
[2024-05-08T00:03:17.625-0300] {processor.py:830} INFO - Processing file /mnt/c/Users/Tilto/Desktop/Work/Airflow/dags/xcom_dag.py for tasks to queue
[2024-05-08T00:03:17.626-0300] {logging_mixin.py:188} INFO - [2024-05-08T00:03:17.626-0300] {dagbag.py:540} INFO - Filling up the DagBag from /mnt/c/Users/Tilto/Desktop/Work/Airflow/dags/xcom_dag.py
[2024-05-08T00:03:18.012-0300] {processor.py:840} INFO - DAG(s) 'xcom_dag' retrieved from /mnt/c/Users/Tilto/Desktop/Work/Airflow/dags/xcom_dag.py
[2024-05-08T00:03:18.039-0300] {logging_mixin.py:188} INFO - [2024-05-08T00:03:18.039-0300] {dag.py:3096} INFO - Sync 1 DAGs
[2024-05-08T00:03:18.052-0300] {logging_mixin.py:188} INFO - [2024-05-08T00:03:18.051-0300] {dag.py:3954} INFO - Setting next_dagrun for xcom_dag to None, run_after=None
[2024-05-08T00:03:18.112-0300] {processor.py:183} INFO - Processing /mnt/c/Users/Tilto/Desktop/Work/Airflow/dags/xcom_dag.py took 0.492 seconds
[2024-05-08T00:03:48.699-0300] {processor.py:161} INFO - Started process (PID=9289) to work on /mnt/c/Users/Tilto/Desktop/Work/Airflow/dags/xcom_dag.py
[2024-05-08T00:03:48.701-0300] {processor.py:830} INFO - Processing file /mnt/c/Users/Tilto/Desktop/Work/Airflow/dags/xcom_dag.py for tasks to queue
[2024-05-08T00:03:48.703-0300] {logging_mixin.py:188} INFO - [2024-05-08T00:03:48.702-0300] {dagbag.py:540} INFO - Filling up the DagBag from /mnt/c/Users/Tilto/Desktop/Work/Airflow/dags/xcom_dag.py
[2024-05-08T00:03:49.131-0300] {processor.py:840} INFO - DAG(s) 'xcom_dag' retrieved from /mnt/c/Users/Tilto/Desktop/Work/Airflow/dags/xcom_dag.py
[2024-05-08T00:03:49.157-0300] {logging_mixin.py:188} INFO - [2024-05-08T00:03:49.156-0300] {dag.py:3096} INFO - Sync 1 DAGs
[2024-05-08T00:03:49.170-0300] {logging_mixin.py:188} INFO - [2024-05-08T00:03:49.169-0300] {dag.py:3954} INFO - Setting next_dagrun for xcom_dag to None, run_after=None
[2024-05-08T00:03:49.224-0300] {processor.py:183} INFO - Processing /mnt/c/Users/Tilto/Desktop/Work/Airflow/dags/xcom_dag.py took 0.528 seconds
[2024-05-08T00:04:19.945-0300] {processor.py:161} INFO - Started process (PID=9434) to work on /mnt/c/Users/Tilto/Desktop/Work/Airflow/dags/xcom_dag.py
[2024-05-08T00:04:19.946-0300] {processor.py:830} INFO - Processing file /mnt/c/Users/Tilto/Desktop/Work/Airflow/dags/xcom_dag.py for tasks to queue
[2024-05-08T00:04:19.947-0300] {logging_mixin.py:188} INFO - [2024-05-08T00:04:19.947-0300] {dagbag.py:540} INFO - Filling up the DagBag from /mnt/c/Users/Tilto/Desktop/Work/Airflow/dags/xcom_dag.py
[2024-05-08T00:04:20.326-0300] {processor.py:840} INFO - DAG(s) 'xcom_dag' retrieved from /mnt/c/Users/Tilto/Desktop/Work/Airflow/dags/xcom_dag.py
[2024-05-08T00:04:20.352-0300] {logging_mixin.py:188} INFO - [2024-05-08T00:04:20.352-0300] {dag.py:3096} INFO - Sync 1 DAGs
[2024-05-08T00:04:20.364-0300] {logging_mixin.py:188} INFO - [2024-05-08T00:04:20.364-0300] {dag.py:3954} INFO - Setting next_dagrun for xcom_dag to None, run_after=None
[2024-05-08T00:04:20.422-0300] {processor.py:183} INFO - Processing /mnt/c/Users/Tilto/Desktop/Work/Airflow/dags/xcom_dag.py took 0.482 seconds
[2024-05-08T00:04:36.679-0300] {processor.py:161} INFO - Started process (PID=9555) to work on /mnt/c/Users/Tilto/Desktop/Work/Airflow/dags/xcom_dag.py
[2024-05-08T00:04:36.680-0300] {processor.py:830} INFO - Processing file /mnt/c/Users/Tilto/Desktop/Work/Airflow/dags/xcom_dag.py for tasks to queue
[2024-05-08T00:04:36.681-0300] {logging_mixin.py:188} INFO - [2024-05-08T00:04:36.681-0300] {dagbag.py:540} INFO - Filling up the DagBag from /mnt/c/Users/Tilto/Desktop/Work/Airflow/dags/xcom_dag.py
[2024-05-08T00:04:37.145-0300] {processor.py:840} INFO - DAG(s) 'xcom_dag' retrieved from /mnt/c/Users/Tilto/Desktop/Work/Airflow/dags/xcom_dag.py
[2024-05-08T00:04:37.160-0300] {logging_mixin.py:188} INFO - [2024-05-08T00:04:37.159-0300] {dag.py:3096} INFO - Sync 1 DAGs
[2024-05-08T00:04:37.175-0300] {logging_mixin.py:188} INFO - [2024-05-08T00:04:37.175-0300] {dag.py:3954} INFO - Setting next_dagrun for xcom_dag to None, run_after=None
[2024-05-08T00:04:37.246-0300] {processor.py:183} INFO - Processing /mnt/c/Users/Tilto/Desktop/Work/Airflow/dags/xcom_dag.py took 0.572 seconds
[2024-05-08T00:05:35.149-0300] {processor.py:161} INFO - Started process (PID=9827) to work on /mnt/c/Users/Tilto/Desktop/Work/Airflow/dags/xcom_dag.py
[2024-05-08T00:05:35.151-0300] {processor.py:830} INFO - Processing file /mnt/c/Users/Tilto/Desktop/Work/Airflow/dags/xcom_dag.py for tasks to queue
[2024-05-08T00:05:35.152-0300] {logging_mixin.py:188} INFO - [2024-05-08T00:05:35.152-0300] {dagbag.py:540} INFO - Filling up the DagBag from /mnt/c/Users/Tilto/Desktop/Work/Airflow/dags/xcom_dag.py
[2024-05-08T00:05:35.599-0300] {processor.py:840} INFO - DAG(s) 'xcom_dag' retrieved from /mnt/c/Users/Tilto/Desktop/Work/Airflow/dags/xcom_dag.py
[2024-05-08T00:05:35.718-0300] {logging_mixin.py:188} INFO - [2024-05-08T00:05:35.717-0300] {dag.py:3096} INFO - Sync 1 DAGs
[2024-05-08T00:05:35.733-0300] {logging_mixin.py:188} INFO - [2024-05-08T00:05:35.733-0300] {dag.py:3954} INFO - Setting next_dagrun for xcom_dag to None, run_after=None
[2024-05-08T00:05:35.805-0300] {processor.py:183} INFO - Processing /mnt/c/Users/Tilto/Desktop/Work/Airflow/dags/xcom_dag.py took 0.661 seconds
[2024-05-08T00:06:06.263-0300] {processor.py:161} INFO - Started process (PID=9975) to work on /mnt/c/Users/Tilto/Desktop/Work/Airflow/dags/xcom_dag.py
[2024-05-08T00:06:06.264-0300] {processor.py:830} INFO - Processing file /mnt/c/Users/Tilto/Desktop/Work/Airflow/dags/xcom_dag.py for tasks to queue
[2024-05-08T00:06:06.266-0300] {logging_mixin.py:188} INFO - [2024-05-08T00:06:06.265-0300] {dagbag.py:540} INFO - Filling up the DagBag from /mnt/c/Users/Tilto/Desktop/Work/Airflow/dags/xcom_dag.py
[2024-05-08T00:06:06.643-0300] {processor.py:840} INFO - DAG(s) 'xcom_dag' retrieved from /mnt/c/Users/Tilto/Desktop/Work/Airflow/dags/xcom_dag.py
[2024-05-08T00:06:06.668-0300] {logging_mixin.py:188} INFO - [2024-05-08T00:06:06.668-0300] {dag.py:3096} INFO - Sync 1 DAGs
[2024-05-08T00:06:06.681-0300] {logging_mixin.py:188} INFO - [2024-05-08T00:06:06.681-0300] {dag.py:3954} INFO - Setting next_dagrun for xcom_dag to None, run_after=None
[2024-05-08T00:06:06.740-0300] {processor.py:183} INFO - Processing /mnt/c/Users/Tilto/Desktop/Work/Airflow/dags/xcom_dag.py took 0.482 seconds
[2024-05-08T00:06:37.248-0300] {processor.py:161} INFO - Started process (PID=10122) to work on /mnt/c/Users/Tilto/Desktop/Work/Airflow/dags/xcom_dag.py
[2024-05-08T00:06:37.249-0300] {processor.py:830} INFO - Processing file /mnt/c/Users/Tilto/Desktop/Work/Airflow/dags/xcom_dag.py for tasks to queue
[2024-05-08T00:06:37.250-0300] {logging_mixin.py:188} INFO - [2024-05-08T00:06:37.250-0300] {dagbag.py:540} INFO - Filling up the DagBag from /mnt/c/Users/Tilto/Desktop/Work/Airflow/dags/xcom_dag.py
[2024-05-08T00:06:37.634-0300] {processor.py:840} INFO - DAG(s) 'xcom_dag' retrieved from /mnt/c/Users/Tilto/Desktop/Work/Airflow/dags/xcom_dag.py
[2024-05-08T00:06:37.660-0300] {logging_mixin.py:188} INFO - [2024-05-08T00:06:37.660-0300] {dag.py:3096} INFO - Sync 1 DAGs
[2024-05-08T00:06:37.672-0300] {logging_mixin.py:188} INFO - [2024-05-08T00:06:37.672-0300] {dag.py:3954} INFO - Setting next_dagrun for xcom_dag to None, run_after=None
[2024-05-08T00:06:37.728-0300] {processor.py:183} INFO - Processing /mnt/c/Users/Tilto/Desktop/Work/Airflow/dags/xcom_dag.py took 0.484 seconds
[2024-05-08T00:07:08.043-0300] {processor.py:161} INFO - Started process (PID=10266) to work on /mnt/c/Users/Tilto/Desktop/Work/Airflow/dags/xcom_dag.py
[2024-05-08T00:07:08.044-0300] {processor.py:830} INFO - Processing file /mnt/c/Users/Tilto/Desktop/Work/Airflow/dags/xcom_dag.py for tasks to queue
[2024-05-08T00:07:08.045-0300] {logging_mixin.py:188} INFO - [2024-05-08T00:07:08.045-0300] {dagbag.py:540} INFO - Filling up the DagBag from /mnt/c/Users/Tilto/Desktop/Work/Airflow/dags/xcom_dag.py
[2024-05-08T00:07:08.444-0300] {processor.py:840} INFO - DAG(s) 'xcom_dag' retrieved from /mnt/c/Users/Tilto/Desktop/Work/Airflow/dags/xcom_dag.py
[2024-05-08T00:07:08.469-0300] {logging_mixin.py:188} INFO - [2024-05-08T00:07:08.468-0300] {dag.py:3096} INFO - Sync 1 DAGs
[2024-05-08T00:07:08.481-0300] {logging_mixin.py:188} INFO - [2024-05-08T00:07:08.481-0300] {dag.py:3954} INFO - Setting next_dagrun for xcom_dag to None, run_after=None
[2024-05-08T00:07:08.583-0300] {processor.py:183} INFO - Processing /mnt/c/Users/Tilto/Desktop/Work/Airflow/dags/xcom_dag.py took 0.545 seconds
[2024-05-08T00:07:38.873-0300] {processor.py:161} INFO - Started process (PID=10407) to work on /mnt/c/Users/Tilto/Desktop/Work/Airflow/dags/xcom_dag.py
[2024-05-08T00:07:38.875-0300] {processor.py:830} INFO - Processing file /mnt/c/Users/Tilto/Desktop/Work/Airflow/dags/xcom_dag.py for tasks to queue
[2024-05-08T00:07:38.879-0300] {logging_mixin.py:188} INFO - [2024-05-08T00:07:38.878-0300] {dagbag.py:540} INFO - Filling up the DagBag from /mnt/c/Users/Tilto/Desktop/Work/Airflow/dags/xcom_dag.py
[2024-05-08T00:07:39.268-0300] {processor.py:840} INFO - DAG(s) 'xcom_dag' retrieved from /mnt/c/Users/Tilto/Desktop/Work/Airflow/dags/xcom_dag.py
[2024-05-08T00:07:39.292-0300] {logging_mixin.py:188} INFO - [2024-05-08T00:07:39.291-0300] {dag.py:3096} INFO - Sync 1 DAGs
[2024-05-08T00:07:39.303-0300] {logging_mixin.py:188} INFO - [2024-05-08T00:07:39.302-0300] {dag.py:3954} INFO - Setting next_dagrun for xcom_dag to None, run_after=None
[2024-05-08T00:07:39.355-0300] {processor.py:183} INFO - Processing /mnt/c/Users/Tilto/Desktop/Work/Airflow/dags/xcom_dag.py took 0.490 seconds
[2024-05-08T00:08:09.693-0300] {processor.py:161} INFO - Started process (PID=10548) to work on /mnt/c/Users/Tilto/Desktop/Work/Airflow/dags/xcom_dag.py
[2024-05-08T00:08:09.694-0300] {processor.py:830} INFO - Processing file /mnt/c/Users/Tilto/Desktop/Work/Airflow/dags/xcom_dag.py for tasks to queue
[2024-05-08T00:08:09.696-0300] {logging_mixin.py:188} INFO - [2024-05-08T00:08:09.695-0300] {dagbag.py:540} INFO - Filling up the DagBag from /mnt/c/Users/Tilto/Desktop/Work/Airflow/dags/xcom_dag.py
[2024-05-08T00:08:10.065-0300] {processor.py:840} INFO - DAG(s) 'xcom_dag' retrieved from /mnt/c/Users/Tilto/Desktop/Work/Airflow/dags/xcom_dag.py
[2024-05-08T00:08:10.090-0300] {logging_mixin.py:188} INFO - [2024-05-08T00:08:10.089-0300] {dag.py:3096} INFO - Sync 1 DAGs
[2024-05-08T00:08:10.103-0300] {logging_mixin.py:188} INFO - [2024-05-08T00:08:10.102-0300] {dag.py:3954} INFO - Setting next_dagrun for xcom_dag to None, run_after=None
[2024-05-08T00:08:10.159-0300] {processor.py:183} INFO - Processing /mnt/c/Users/Tilto/Desktop/Work/Airflow/dags/xcom_dag.py took 0.470 seconds
[2024-05-08T00:08:40.508-0300] {processor.py:161} INFO - Started process (PID=10689) to work on /mnt/c/Users/Tilto/Desktop/Work/Airflow/dags/xcom_dag.py
[2024-05-08T00:08:40.509-0300] {processor.py:830} INFO - Processing file /mnt/c/Users/Tilto/Desktop/Work/Airflow/dags/xcom_dag.py for tasks to queue
[2024-05-08T00:08:40.510-0300] {logging_mixin.py:188} INFO - [2024-05-08T00:08:40.510-0300] {dagbag.py:540} INFO - Filling up the DagBag from /mnt/c/Users/Tilto/Desktop/Work/Airflow/dags/xcom_dag.py
[2024-05-08T00:08:40.897-0300] {processor.py:840} INFO - DAG(s) 'xcom_dag' retrieved from /mnt/c/Users/Tilto/Desktop/Work/Airflow/dags/xcom_dag.py
[2024-05-08T00:08:40.924-0300] {logging_mixin.py:188} INFO - [2024-05-08T00:08:40.923-0300] {dag.py:3096} INFO - Sync 1 DAGs
[2024-05-08T00:08:40.937-0300] {logging_mixin.py:188} INFO - [2024-05-08T00:08:40.936-0300] {dag.py:3954} INFO - Setting next_dagrun for xcom_dag to None, run_after=None
[2024-05-08T00:08:41.004-0300] {processor.py:183} INFO - Processing /mnt/c/Users/Tilto/Desktop/Work/Airflow/dags/xcom_dag.py took 0.501 seconds
[2024-05-08T00:09:11.463-0300] {processor.py:161} INFO - Started process (PID=10834) to work on /mnt/c/Users/Tilto/Desktop/Work/Airflow/dags/xcom_dag.py
[2024-05-08T00:09:11.464-0300] {processor.py:830} INFO - Processing file /mnt/c/Users/Tilto/Desktop/Work/Airflow/dags/xcom_dag.py for tasks to queue
[2024-05-08T00:09:11.466-0300] {logging_mixin.py:188} INFO - [2024-05-08T00:09:11.465-0300] {dagbag.py:540} INFO - Filling up the DagBag from /mnt/c/Users/Tilto/Desktop/Work/Airflow/dags/xcom_dag.py
[2024-05-08T00:09:11.853-0300] {processor.py:840} INFO - DAG(s) 'xcom_dag' retrieved from /mnt/c/Users/Tilto/Desktop/Work/Airflow/dags/xcom_dag.py
[2024-05-08T00:09:11.884-0300] {logging_mixin.py:188} INFO - [2024-05-08T00:09:11.884-0300] {dag.py:3096} INFO - Sync 1 DAGs
[2024-05-08T00:09:11.899-0300] {logging_mixin.py:188} INFO - [2024-05-08T00:09:11.898-0300] {dag.py:3954} INFO - Setting next_dagrun for xcom_dag to None, run_after=None
[2024-05-08T00:09:12.002-0300] {processor.py:183} INFO - Processing /mnt/c/Users/Tilto/Desktop/Work/Airflow/dags/xcom_dag.py took 0.543 seconds
[2024-05-08T00:09:42.412-0300] {processor.py:161} INFO - Started process (PID=10977) to work on /mnt/c/Users/Tilto/Desktop/Work/Airflow/dags/xcom_dag.py
[2024-05-08T00:09:42.413-0300] {processor.py:830} INFO - Processing file /mnt/c/Users/Tilto/Desktop/Work/Airflow/dags/xcom_dag.py for tasks to queue
[2024-05-08T00:09:42.414-0300] {logging_mixin.py:188} INFO - [2024-05-08T00:09:42.414-0300] {dagbag.py:540} INFO - Filling up the DagBag from /mnt/c/Users/Tilto/Desktop/Work/Airflow/dags/xcom_dag.py
[2024-05-08T00:09:42.803-0300] {processor.py:840} INFO - DAG(s) 'xcom_dag' retrieved from /mnt/c/Users/Tilto/Desktop/Work/Airflow/dags/xcom_dag.py
[2024-05-08T00:09:42.828-0300] {logging_mixin.py:188} INFO - [2024-05-08T00:09:42.827-0300] {dag.py:3096} INFO - Sync 1 DAGs
[2024-05-08T00:09:42.838-0300] {logging_mixin.py:188} INFO - [2024-05-08T00:09:42.838-0300] {dag.py:3954} INFO - Setting next_dagrun for xcom_dag to None, run_after=None
[2024-05-08T00:09:42.888-0300] {processor.py:183} INFO - Processing /mnt/c/Users/Tilto/Desktop/Work/Airflow/dags/xcom_dag.py took 0.481 seconds
[2024-05-08T00:10:13.259-0300] {processor.py:161} INFO - Started process (PID=11119) to work on /mnt/c/Users/Tilto/Desktop/Work/Airflow/dags/xcom_dag.py
[2024-05-08T00:10:13.260-0300] {processor.py:830} INFO - Processing file /mnt/c/Users/Tilto/Desktop/Work/Airflow/dags/xcom_dag.py for tasks to queue
[2024-05-08T00:10:13.261-0300] {logging_mixin.py:188} INFO - [2024-05-08T00:10:13.261-0300] {dagbag.py:540} INFO - Filling up the DagBag from /mnt/c/Users/Tilto/Desktop/Work/Airflow/dags/xcom_dag.py
[2024-05-08T00:10:13.673-0300] {processor.py:840} INFO - DAG(s) 'xcom_dag' retrieved from /mnt/c/Users/Tilto/Desktop/Work/Airflow/dags/xcom_dag.py
[2024-05-08T00:10:13.698-0300] {logging_mixin.py:188} INFO - [2024-05-08T00:10:13.697-0300] {dag.py:3096} INFO - Sync 1 DAGs
[2024-05-08T00:10:13.713-0300] {logging_mixin.py:188} INFO - [2024-05-08T00:10:13.713-0300] {dag.py:3954} INFO - Setting next_dagrun for xcom_dag to None, run_after=None
[2024-05-08T00:10:13.788-0300] {processor.py:183} INFO - Processing /mnt/c/Users/Tilto/Desktop/Work/Airflow/dags/xcom_dag.py took 0.534 seconds
[2024-05-08T00:10:44.138-0300] {processor.py:161} INFO - Started process (PID=11262) to work on /mnt/c/Users/Tilto/Desktop/Work/Airflow/dags/xcom_dag.py
[2024-05-08T00:10:44.139-0300] {processor.py:830} INFO - Processing file /mnt/c/Users/Tilto/Desktop/Work/Airflow/dags/xcom_dag.py for tasks to queue
[2024-05-08T00:10:44.142-0300] {logging_mixin.py:188} INFO - [2024-05-08T00:10:44.141-0300] {dagbag.py:540} INFO - Filling up the DagBag from /mnt/c/Users/Tilto/Desktop/Work/Airflow/dags/xcom_dag.py
[2024-05-08T00:10:44.634-0300] {processor.py:840} INFO - DAG(s) 'xcom_dag' retrieved from /mnt/c/Users/Tilto/Desktop/Work/Airflow/dags/xcom_dag.py
[2024-05-08T00:10:44.662-0300] {logging_mixin.py:188} INFO - [2024-05-08T00:10:44.662-0300] {dag.py:3096} INFO - Sync 1 DAGs
[2024-05-08T00:10:44.677-0300] {logging_mixin.py:188} INFO - [2024-05-08T00:10:44.677-0300] {dag.py:3954} INFO - Setting next_dagrun for xcom_dag to None, run_after=None
[2024-05-08T00:10:44.749-0300] {processor.py:183} INFO - Processing /mnt/c/Users/Tilto/Desktop/Work/Airflow/dags/xcom_dag.py took 0.616 seconds
[2024-05-08T00:11:14.950-0300] {processor.py:161} INFO - Started process (PID=11404) to work on /mnt/c/Users/Tilto/Desktop/Work/Airflow/dags/xcom_dag.py
[2024-05-08T00:11:14.951-0300] {processor.py:830} INFO - Processing file /mnt/c/Users/Tilto/Desktop/Work/Airflow/dags/xcom_dag.py for tasks to queue
[2024-05-08T00:11:14.953-0300] {logging_mixin.py:188} INFO - [2024-05-08T00:11:14.952-0300] {dagbag.py:540} INFO - Filling up the DagBag from /mnt/c/Users/Tilto/Desktop/Work/Airflow/dags/xcom_dag.py
[2024-05-08T00:11:15.424-0300] {processor.py:840} INFO - DAG(s) 'xcom_dag' retrieved from /mnt/c/Users/Tilto/Desktop/Work/Airflow/dags/xcom_dag.py
[2024-05-08T00:11:15.462-0300] {logging_mixin.py:188} INFO - [2024-05-08T00:11:15.462-0300] {dag.py:3096} INFO - Sync 1 DAGs
[2024-05-08T00:11:15.479-0300] {logging_mixin.py:188} INFO - [2024-05-08T00:11:15.479-0300] {dag.py:3954} INFO - Setting next_dagrun for xcom_dag to None, run_after=None
[2024-05-08T00:11:15.544-0300] {processor.py:183} INFO - Processing /mnt/c/Users/Tilto/Desktop/Work/Airflow/dags/xcom_dag.py took 0.599 seconds
[2024-05-08T00:11:45.824-0300] {processor.py:161} INFO - Started process (PID=11547) to work on /mnt/c/Users/Tilto/Desktop/Work/Airflow/dags/xcom_dag.py
[2024-05-08T00:11:45.825-0300] {processor.py:830} INFO - Processing file /mnt/c/Users/Tilto/Desktop/Work/Airflow/dags/xcom_dag.py for tasks to queue
[2024-05-08T00:11:45.826-0300] {logging_mixin.py:188} INFO - [2024-05-08T00:11:45.826-0300] {dagbag.py:540} INFO - Filling up the DagBag from /mnt/c/Users/Tilto/Desktop/Work/Airflow/dags/xcom_dag.py
[2024-05-08T00:11:46.282-0300] {processor.py:840} INFO - DAG(s) 'xcom_dag' retrieved from /mnt/c/Users/Tilto/Desktop/Work/Airflow/dags/xcom_dag.py
[2024-05-08T00:11:46.316-0300] {logging_mixin.py:188} INFO - [2024-05-08T00:11:46.315-0300] {dag.py:3096} INFO - Sync 1 DAGs
[2024-05-08T00:11:46.330-0300] {logging_mixin.py:188} INFO - [2024-05-08T00:11:46.330-0300] {dag.py:3954} INFO - Setting next_dagrun for xcom_dag to None, run_after=None
[2024-05-08T00:11:46.400-0300] {processor.py:183} INFO - Processing /mnt/c/Users/Tilto/Desktop/Work/Airflow/dags/xcom_dag.py took 0.581 seconds
[2024-05-08T00:12:16.610-0300] {processor.py:161} INFO - Started process (PID=11689) to work on /mnt/c/Users/Tilto/Desktop/Work/Airflow/dags/xcom_dag.py
[2024-05-08T00:12:16.612-0300] {processor.py:830} INFO - Processing file /mnt/c/Users/Tilto/Desktop/Work/Airflow/dags/xcom_dag.py for tasks to queue
[2024-05-08T00:12:16.613-0300] {logging_mixin.py:188} INFO - [2024-05-08T00:12:16.613-0300] {dagbag.py:540} INFO - Filling up the DagBag from /mnt/c/Users/Tilto/Desktop/Work/Airflow/dags/xcom_dag.py
[2024-05-08T00:12:17.188-0300] {processor.py:840} INFO - DAG(s) 'xcom_dag' retrieved from /mnt/c/Users/Tilto/Desktop/Work/Airflow/dags/xcom_dag.py
[2024-05-08T00:12:17.216-0300] {logging_mixin.py:188} INFO - [2024-05-08T00:12:17.216-0300] {dag.py:3096} INFO - Sync 1 DAGs
[2024-05-08T00:12:17.231-0300] {logging_mixin.py:188} INFO - [2024-05-08T00:12:17.231-0300] {dag.py:3954} INFO - Setting next_dagrun for xcom_dag to None, run_after=None
[2024-05-08T00:12:17.306-0300] {processor.py:183} INFO - Processing /mnt/c/Users/Tilto/Desktop/Work/Airflow/dags/xcom_dag.py took 0.700 seconds
[2024-05-08T00:12:47.691-0300] {processor.py:161} INFO - Started process (PID=11832) to work on /mnt/c/Users/Tilto/Desktop/Work/Airflow/dags/xcom_dag.py
[2024-05-08T00:12:47.692-0300] {processor.py:830} INFO - Processing file /mnt/c/Users/Tilto/Desktop/Work/Airflow/dags/xcom_dag.py for tasks to queue
[2024-05-08T00:12:47.694-0300] {logging_mixin.py:188} INFO - [2024-05-08T00:12:47.693-0300] {dagbag.py:540} INFO - Filling up the DagBag from /mnt/c/Users/Tilto/Desktop/Work/Airflow/dags/xcom_dag.py
[2024-05-08T00:12:48.090-0300] {processor.py:840} INFO - DAG(s) 'xcom_dag' retrieved from /mnt/c/Users/Tilto/Desktop/Work/Airflow/dags/xcom_dag.py
[2024-05-08T00:12:48.119-0300] {logging_mixin.py:188} INFO - [2024-05-08T00:12:48.118-0300] {dag.py:3096} INFO - Sync 1 DAGs
[2024-05-08T00:12:48.131-0300] {logging_mixin.py:188} INFO - [2024-05-08T00:12:48.131-0300] {dag.py:3954} INFO - Setting next_dagrun for xcom_dag to None, run_after=None
[2024-05-08T00:12:48.195-0300] {processor.py:183} INFO - Processing /mnt/c/Users/Tilto/Desktop/Work/Airflow/dags/xcom_dag.py took 0.508 seconds
[2024-05-08T00:13:18.520-0300] {processor.py:161} INFO - Started process (PID=11975) to work on /mnt/c/Users/Tilto/Desktop/Work/Airflow/dags/xcom_dag.py
[2024-05-08T00:13:18.521-0300] {processor.py:830} INFO - Processing file /mnt/c/Users/Tilto/Desktop/Work/Airflow/dags/xcom_dag.py for tasks to queue
[2024-05-08T00:13:18.522-0300] {logging_mixin.py:188} INFO - [2024-05-08T00:13:18.522-0300] {dagbag.py:540} INFO - Filling up the DagBag from /mnt/c/Users/Tilto/Desktop/Work/Airflow/dags/xcom_dag.py
[2024-05-08T00:13:18.966-0300] {processor.py:840} INFO - DAG(s) 'xcom_dag' retrieved from /mnt/c/Users/Tilto/Desktop/Work/Airflow/dags/xcom_dag.py
[2024-05-08T00:13:18.996-0300] {logging_mixin.py:188} INFO - [2024-05-08T00:13:18.995-0300] {dag.py:3096} INFO - Sync 1 DAGs
[2024-05-08T00:13:19.010-0300] {logging_mixin.py:188} INFO - [2024-05-08T00:13:19.009-0300] {dag.py:3954} INFO - Setting next_dagrun for xcom_dag to None, run_after=None
[2024-05-08T00:13:19.075-0300] {processor.py:183} INFO - Processing /mnt/c/Users/Tilto/Desktop/Work/Airflow/dags/xcom_dag.py took 0.560 seconds
[2024-05-08T00:13:49.333-0300] {processor.py:161} INFO - Started process (PID=12118) to work on /mnt/c/Users/Tilto/Desktop/Work/Airflow/dags/xcom_dag.py
[2024-05-08T00:13:49.334-0300] {processor.py:830} INFO - Processing file /mnt/c/Users/Tilto/Desktop/Work/Airflow/dags/xcom_dag.py for tasks to queue
[2024-05-08T00:13:49.335-0300] {logging_mixin.py:188} INFO - [2024-05-08T00:13:49.335-0300] {dagbag.py:540} INFO - Filling up the DagBag from /mnt/c/Users/Tilto/Desktop/Work/Airflow/dags/xcom_dag.py
[2024-05-08T00:13:49.727-0300] {processor.py:840} INFO - DAG(s) 'xcom_dag' retrieved from /mnt/c/Users/Tilto/Desktop/Work/Airflow/dags/xcom_dag.py
[2024-05-08T00:13:49.751-0300] {logging_mixin.py:188} INFO - [2024-05-08T00:13:49.750-0300] {dag.py:3096} INFO - Sync 1 DAGs
[2024-05-08T00:13:49.762-0300] {logging_mixin.py:188} INFO - [2024-05-08T00:13:49.762-0300] {dag.py:3954} INFO - Setting next_dagrun for xcom_dag to None, run_after=None
[2024-05-08T00:13:49.822-0300] {processor.py:183} INFO - Processing /mnt/c/Users/Tilto/Desktop/Work/Airflow/dags/xcom_dag.py took 0.493 seconds
