[2024-05-03T21:13:17.060-0300] {local_task_job_runner.py:120} INFO - ::group::Pre task execution logs
[2024-05-03T21:13:17.084-0300] {taskinstance.py:2073} INFO - Dependencies all met for dep_context=non-requeueable deps ti=<TaskInstance: a_primeira_DAG_v0.hello scheduled__2024-03-04T00:00:00+00:00 [queued]>
[2024-05-03T21:13:17.102-0300] {taskinstance.py:2073} INFO - Dependencies all met for dep_context=requeueable deps ti=<TaskInstance: a_primeira_DAG_v0.hello scheduled__2024-03-04T00:00:00+00:00 [queued]>
[2024-05-03T21:13:17.102-0300] {taskinstance.py:2303} INFO - Starting attempt 1 of 1
[2024-05-03T21:13:17.137-0300] {taskinstance.py:2327} INFO - Executing <Task(BashOperator): hello> on 2024-03-04 00:00:00+00:00
[2024-05-03T21:13:17.139-0300] {standard_task_runner.py:63} INFO - Started process 19166 to run task
[2024-05-03T21:13:17.141-0300] {standard_task_runner.py:90} INFO - Running: ['airflow', 'tasks', 'run', 'a_primeira_DAG_v0', 'hello', 'scheduled__2024-03-04T00:00:00+00:00', '--job-id', '872', '--raw', '--subdir', 'DAGS_FOLDER/primeira_dag.py', '--cfg-path', '/tmp/tmp300p_vch']
[2024-05-03T21:13:17.142-0300] {standard_task_runner.py:91} INFO - Job 872: Subtask hello
[2024-05-03T21:13:17.217-0300] {task_command.py:426} INFO - Running <TaskInstance: a_primeira_DAG_v0.hello scheduled__2024-03-04T00:00:00+00:00 [running]> on host PC-Tilto.
[2024-05-03T21:13:17.410-0300] {taskinstance.py:2644} INFO - Exporting env vars: AIRFLOW_CTX_DAG_OWNER='airflow' AIRFLOW_CTX_DAG_ID='a_primeira_DAG_v0' AIRFLOW_CTX_TASK_ID='hello' AIRFLOW_CTX_EXECUTION_DATE='2024-03-04T00:00:00+00:00' AIRFLOW_CTX_TRY_NUMBER='1' AIRFLOW_CTX_DAG_RUN_ID='scheduled__2024-03-04T00:00:00+00:00'
[2024-05-03T21:13:17.411-0300] {taskinstance.py:430} INFO - ::endgroup::
[2024-05-03T21:13:17.422-0300] {subprocess.py:63} INFO - Tmp dir root location: /tmp
[2024-05-03T21:13:17.423-0300] {subprocess.py:75} INFO - Running command: ['/usr/bin/bash', '-c', 'echo hello world']
[2024-05-03T21:13:17.427-0300] {subprocess.py:86} INFO - Output:
[2024-05-03T21:13:17.428-0300] {subprocess.py:93} INFO - hello world
[2024-05-03T21:13:17.429-0300] {subprocess.py:97} INFO - Command exited with return code 0
[2024-05-03T21:13:17.429-0300] {taskinstance.py:441} INFO - ::group::Post task execution logs
[2024-05-03T21:13:17.473-0300] {taskinstance.py:1205} INFO - Marking task as SUCCESS. dag_id=a_primeira_DAG_v0, task_id=hello, execution_date=20240304T000000, start_date=20240504T001317, end_date=20240504T001317
[2024-05-03T21:13:17.515-0300] {local_task_job_runner.py:240} INFO - Task exited with return code 0
[2024-05-03T21:13:17.535-0300] {taskinstance.py:3482} INFO - 0 downstream tasks scheduled from follow-on schedule check
[2024-05-03T21:13:17.537-0300] {local_task_job_runner.py:222} INFO - ::endgroup::
