[2024-05-01T18:37:32.210-0300] {local_task_job_runner.py:120} INFO - ::group::Pre task execution logs
[2024-05-01T18:37:32.236-0300] {taskinstance.py:2073} INFO - Dependencies all met for dep_context=non-requeueable deps ti=<TaskInstance: a_primeira_DAG_v0.hello scheduled__2023-06-21T00:00:00+00:00 [queued]>
[2024-05-01T18:37:32.250-0300] {taskinstance.py:2073} INFO - Dependencies all met for dep_context=requeueable deps ti=<TaskInstance: a_primeira_DAG_v0.hello scheduled__2023-06-21T00:00:00+00:00 [queued]>
[2024-05-01T18:37:32.250-0300] {taskinstance.py:2303} INFO - Starting attempt 1 of 1
[2024-05-01T18:37:32.284-0300] {taskinstance.py:2327} INFO - Executing <Task(BashOperator): hello> on 2023-06-21 00:00:00+00:00
[2024-05-01T18:37:32.286-0300] {standard_task_runner.py:63} INFO - Started process 4245 to run task
[2024-05-01T18:37:32.288-0300] {standard_task_runner.py:90} INFO - Running: ['airflow', 'tasks', 'run', 'a_primeira_DAG_v0', 'hello', 'scheduled__2023-06-21T00:00:00+00:00', '--job-id', '74', '--raw', '--subdir', 'DAGS_FOLDER/primeira_dag.py', '--cfg-path', '/tmp/tmpznad3iq0']
[2024-05-01T18:37:32.290-0300] {standard_task_runner.py:91} INFO - Job 74: Subtask hello
[2024-05-01T18:37:32.379-0300] {task_command.py:426} INFO - Running <TaskInstance: a_primeira_DAG_v0.hello scheduled__2023-06-21T00:00:00+00:00 [running]> on host PC-Tilto.
[2024-05-01T18:37:32.511-0300] {taskinstance.py:2644} INFO - Exporting env vars: AIRFLOW_CTX_DAG_OWNER='airflow' AIRFLOW_CTX_DAG_ID='a_primeira_DAG_v0' AIRFLOW_CTX_TASK_ID='hello' AIRFLOW_CTX_EXECUTION_DATE='2023-06-21T00:00:00+00:00' AIRFLOW_CTX_TRY_NUMBER='1' AIRFLOW_CTX_DAG_RUN_ID='scheduled__2023-06-21T00:00:00+00:00'
[2024-05-01T18:37:32.512-0300] {taskinstance.py:430} INFO - ::endgroup::
[2024-05-01T18:37:32.524-0300] {subprocess.py:63} INFO - Tmp dir root location: /tmp
[2024-05-01T18:37:32.525-0300] {subprocess.py:75} INFO - Running command: ['/usr/bin/bash', '-c', 'echo hello world']
[2024-05-01T18:37:32.529-0300] {subprocess.py:86} INFO - Output:
[2024-05-01T18:37:32.531-0300] {subprocess.py:93} INFO - hello world
[2024-05-01T18:37:32.531-0300] {subprocess.py:97} INFO - Command exited with return code 0
[2024-05-01T18:37:32.531-0300] {taskinstance.py:441} INFO - ::group::Post task execution logs
[2024-05-01T18:37:32.579-0300] {taskinstance.py:1205} INFO - Marking task as SUCCESS. dag_id=a_primeira_DAG_v0, task_id=hello, execution_date=20230621T000000, start_date=20240501T213732, end_date=20240501T213732
[2024-05-01T18:37:32.621-0300] {local_task_job_runner.py:240} INFO - Task exited with return code 0
[2024-05-01T18:37:32.641-0300] {taskinstance.py:3482} INFO - 0 downstream tasks scheduled from follow-on schedule check
[2024-05-01T18:37:32.643-0300] {local_task_job_runner.py:222} INFO - ::endgroup::
