[2024-05-01T17:50:12.926-0300] {processor.py:161} INFO - Started process (PID=1884) to work on /mnt/c/Users/Tilto/Desktop/Work/Airflow/dags/dag01.py
[2024-05-01T17:50:12.927-0300] {processor.py:830} INFO - Processing file /mnt/c/Users/Tilto/Desktop/Work/Airflow/dags/dag01.py for tasks to queue
[2024-05-01T17:50:12.928-0300] {logging_mixin.py:188} INFO - [2024-05-01T17:50:12.928-0300] {dagbag.py:540} INFO - Filling up the DagBag from /mnt/c/Users/Tilto/Desktop/Work/Airflow/dags/dag01.py
[2024-05-01T17:50:12.952-0300] {logging_mixin.py:188} INFO - All Dag modules are ok ......
[2024-05-01T17:50:12.958-0300] {processor.py:840} INFO - DAG(s) 'first_dag' retrieved from /mnt/c/Users/Tilto/Desktop/Work/Airflow/dags/dag01.py
[2024-05-01T17:50:12.972-0300] {logging_mixin.py:188} INFO - [2024-05-01T17:50:12.972-0300] {dag.py:3096} INFO - Sync 1 DAGs
[2024-05-01T17:50:13.000-0300] {logging_mixin.py:188} INFO - [2024-05-01T17:50:13.000-0300] {dag.py:3954} INFO - Setting next_dagrun for first_dag to 2020-11-01 00:00:00+00:00, run_after=2020-11-01 00:00:00+00:00
[2024-05-01T17:50:13.064-0300] {processor.py:183} INFO - Processing /mnt/c/Users/Tilto/Desktop/Work/Airflow/dags/dag01.py took 0.143 seconds
[2024-05-01T17:50:43.476-0300] {processor.py:161} INFO - Started process (PID=2025) to work on /mnt/c/Users/Tilto/Desktop/Work/Airflow/dags/dag01.py
[2024-05-01T17:50:43.477-0300] {processor.py:830} INFO - Processing file /mnt/c/Users/Tilto/Desktop/Work/Airflow/dags/dag01.py for tasks to queue
[2024-05-01T17:50:43.479-0300] {logging_mixin.py:188} INFO - [2024-05-01T17:50:43.479-0300] {dagbag.py:540} INFO - Filling up the DagBag from /mnt/c/Users/Tilto/Desktop/Work/Airflow/dags/dag01.py
[2024-05-01T17:50:43.498-0300] {logging_mixin.py:188} INFO - All Dag modules are ok ......
[2024-05-01T17:50:43.505-0300] {processor.py:840} INFO - DAG(s) 'first_dag' retrieved from /mnt/c/Users/Tilto/Desktop/Work/Airflow/dags/dag01.py
[2024-05-01T17:50:43.612-0300] {logging_mixin.py:188} INFO - [2024-05-01T17:50:43.612-0300] {dag.py:3096} INFO - Sync 1 DAGs
[2024-05-01T17:50:43.632-0300] {logging_mixin.py:188} INFO - [2024-05-01T17:50:43.632-0300] {dag.py:3954} INFO - Setting next_dagrun for first_dag to 2020-11-01 00:00:00+00:00, run_after=2020-11-01 00:00:00+00:00
[2024-05-01T17:50:43.694-0300] {processor.py:183} INFO - Processing /mnt/c/Users/Tilto/Desktop/Work/Airflow/dags/dag01.py took 0.222 seconds
[2024-05-01T17:51:14.425-0300] {processor.py:161} INFO - Started process (PID=2156) to work on /mnt/c/Users/Tilto/Desktop/Work/Airflow/dags/dag01.py
[2024-05-01T17:51:14.426-0300] {processor.py:830} INFO - Processing file /mnt/c/Users/Tilto/Desktop/Work/Airflow/dags/dag01.py for tasks to queue
[2024-05-01T17:51:14.428-0300] {logging_mixin.py:188} INFO - [2024-05-01T17:51:14.428-0300] {dagbag.py:540} INFO - Filling up the DagBag from /mnt/c/Users/Tilto/Desktop/Work/Airflow/dags/dag01.py
[2024-05-01T17:51:14.451-0300] {logging_mixin.py:188} INFO - All Dag modules are ok ......
[2024-05-01T17:51:14.457-0300] {processor.py:840} INFO - DAG(s) 'first_dag' retrieved from /mnt/c/Users/Tilto/Desktop/Work/Airflow/dags/dag01.py
[2024-05-01T17:51:14.491-0300] {logging_mixin.py:188} INFO - [2024-05-01T17:51:14.491-0300] {dag.py:3096} INFO - Sync 1 DAGs
[2024-05-01T17:51:14.513-0300] {logging_mixin.py:188} INFO - [2024-05-01T17:51:14.513-0300] {dag.py:3954} INFO - Setting next_dagrun for first_dag to 2020-11-01 00:00:00+00:00, run_after=2020-11-01 00:00:00+00:00
[2024-05-01T17:51:14.572-0300] {processor.py:183} INFO - Processing /mnt/c/Users/Tilto/Desktop/Work/Airflow/dags/dag01.py took 0.153 seconds
