[2024-05-01T17:55:10.486-0300] {processor.py:161} INFO - Started process (PID=3253) to work on /mnt/c/Users/Tilto/Desktop/Work/Airflow/dags/first_dag.py
[2024-05-01T17:55:10.487-0300] {processor.py:830} INFO - Processing file /mnt/c/Users/Tilto/Desktop/Work/Airflow/dags/first_dag.py for tasks to queue
[2024-05-01T17:55:10.488-0300] {logging_mixin.py:188} INFO - [2024-05-01T17:55:10.488-0300] {dagbag.py:540} INFO - Filling up the DagBag from /mnt/c/Users/Tilto/Desktop/Work/Airflow/dags/first_dag.py
[2024-05-01T17:55:10.509-0300] {logging_mixin.py:188} INFO - All Dag modules are ok ......
[2024-05-01T17:55:10.514-0300] {processor.py:840} INFO - DAG(s) 'first_dag' retrieved from /mnt/c/Users/Tilto/Desktop/Work/Airflow/dags/first_dag.py
[2024-05-01T17:55:10.617-0300] {logging_mixin.py:188} INFO - [2024-05-01T17:55:10.617-0300] {dag.py:3096} INFO - Sync 1 DAGs
[2024-05-01T17:55:10.637-0300] {logging_mixin.py:188} INFO - [2024-05-01T17:55:10.636-0300] {dag.py:3954} INFO - Setting next_dagrun for first_dag to 2020-11-01 00:00:00+00:00, run_after=2020-11-01 00:00:00+00:00
[2024-05-01T17:55:10.715-0300] {processor.py:183} INFO - Processing /mnt/c/Users/Tilto/Desktop/Work/Airflow/dags/first_dag.py took 0.234 seconds
[2024-05-01T17:55:41.581-0300] {processor.py:161} INFO - Started process (PID=3385) to work on /mnt/c/Users/Tilto/Desktop/Work/Airflow/dags/first_dag.py
[2024-05-01T17:55:41.582-0300] {processor.py:830} INFO - Processing file /mnt/c/Users/Tilto/Desktop/Work/Airflow/dags/first_dag.py for tasks to queue
[2024-05-01T17:55:41.583-0300] {logging_mixin.py:188} INFO - [2024-05-01T17:55:41.583-0300] {dagbag.py:540} INFO - Filling up the DagBag from /mnt/c/Users/Tilto/Desktop/Work/Airflow/dags/first_dag.py
[2024-05-01T17:55:41.603-0300] {logging_mixin.py:188} INFO - All Dag modules are ok ......
[2024-05-01T17:55:41.611-0300] {processor.py:840} INFO - DAG(s) 'first_dag' retrieved from /mnt/c/Users/Tilto/Desktop/Work/Airflow/dags/first_dag.py
[2024-05-01T17:55:41.647-0300] {logging_mixin.py:188} INFO - [2024-05-01T17:55:41.647-0300] {dag.py:3096} INFO - Sync 1 DAGs
[2024-05-01T17:55:41.670-0300] {logging_mixin.py:188} INFO - [2024-05-01T17:55:41.670-0300] {dag.py:3954} INFO - Setting next_dagrun for first_dag to 2020-11-01 00:00:00+00:00, run_after=2020-11-01 00:00:00+00:00
[2024-05-01T17:55:41.721-0300] {processor.py:183} INFO - Processing /mnt/c/Users/Tilto/Desktop/Work/Airflow/dags/first_dag.py took 0.147 seconds
[2024-05-01T17:56:12.367-0300] {processor.py:161} INFO - Started process (PID=3514) to work on /mnt/c/Users/Tilto/Desktop/Work/Airflow/dags/first_dag.py
[2024-05-01T17:56:12.368-0300] {processor.py:830} INFO - Processing file /mnt/c/Users/Tilto/Desktop/Work/Airflow/dags/first_dag.py for tasks to queue
[2024-05-01T17:56:12.369-0300] {logging_mixin.py:188} INFO - [2024-05-01T17:56:12.369-0300] {dagbag.py:540} INFO - Filling up the DagBag from /mnt/c/Users/Tilto/Desktop/Work/Airflow/dags/first_dag.py
[2024-05-01T17:56:12.387-0300] {logging_mixin.py:188} INFO - All Dag modules are ok ......
[2024-05-01T17:56:12.392-0300] {processor.py:840} INFO - DAG(s) 'first_dag' retrieved from /mnt/c/Users/Tilto/Desktop/Work/Airflow/dags/first_dag.py
[2024-05-01T17:56:12.424-0300] {logging_mixin.py:188} INFO - [2024-05-01T17:56:12.423-0300] {dag.py:3096} INFO - Sync 1 DAGs
[2024-05-01T17:56:12.446-0300] {logging_mixin.py:188} INFO - [2024-05-01T17:56:12.446-0300] {dag.py:3954} INFO - Setting next_dagrun for first_dag to 2020-11-01 00:00:00+00:00, run_after=2020-11-01 00:00:00+00:00
[2024-05-01T17:56:12.599-0300] {processor.py:183} INFO - Processing /mnt/c/Users/Tilto/Desktop/Work/Airflow/dags/first_dag.py took 0.237 seconds
[2024-05-01T17:56:42.921-0300] {processor.py:161} INFO - Started process (PID=3640) to work on /mnt/c/Users/Tilto/Desktop/Work/Airflow/dags/first_dag.py
[2024-05-01T17:56:42.922-0300] {processor.py:830} INFO - Processing file /mnt/c/Users/Tilto/Desktop/Work/Airflow/dags/first_dag.py for tasks to queue
[2024-05-01T17:56:42.923-0300] {logging_mixin.py:188} INFO - [2024-05-01T17:56:42.923-0300] {dagbag.py:540} INFO - Filling up the DagBag from /mnt/c/Users/Tilto/Desktop/Work/Airflow/dags/first_dag.py
[2024-05-01T17:56:42.937-0300] {logging_mixin.py:188} INFO - All Dag modules are ok ......
[2024-05-01T17:56:42.944-0300] {processor.py:840} INFO - DAG(s) 'first_dag' retrieved from /mnt/c/Users/Tilto/Desktop/Work/Airflow/dags/first_dag.py
[2024-05-01T17:56:42.980-0300] {logging_mixin.py:188} INFO - [2024-05-01T17:56:42.980-0300] {dag.py:3096} INFO - Sync 1 DAGs
[2024-05-01T17:56:43.009-0300] {logging_mixin.py:188} INFO - [2024-05-01T17:56:43.008-0300] {dag.py:3954} INFO - Setting next_dagrun for first_dag to 2020-11-01 00:00:00+00:00, run_after=2020-11-01 00:00:00+00:00
[2024-05-01T17:56:43.059-0300] {processor.py:183} INFO - Processing /mnt/c/Users/Tilto/Desktop/Work/Airflow/dags/first_dag.py took 0.143 seconds
[2024-05-01T17:57:13.338-0300] {processor.py:161} INFO - Started process (PID=3766) to work on /mnt/c/Users/Tilto/Desktop/Work/Airflow/dags/first_dag.py
[2024-05-01T17:57:13.339-0300] {processor.py:830} INFO - Processing file /mnt/c/Users/Tilto/Desktop/Work/Airflow/dags/first_dag.py for tasks to queue
[2024-05-01T17:57:13.340-0300] {logging_mixin.py:188} INFO - [2024-05-01T17:57:13.339-0300] {dagbag.py:540} INFO - Filling up the DagBag from /mnt/c/Users/Tilto/Desktop/Work/Airflow/dags/first_dag.py
[2024-05-01T17:57:13.357-0300] {logging_mixin.py:188} INFO - All Dag modules are ok ......
[2024-05-01T17:57:13.362-0300] {processor.py:840} INFO - DAG(s) 'first_dag' retrieved from /mnt/c/Users/Tilto/Desktop/Work/Airflow/dags/first_dag.py
[2024-05-01T17:57:13.392-0300] {logging_mixin.py:188} INFO - [2024-05-01T17:57:13.392-0300] {dag.py:3096} INFO - Sync 1 DAGs
[2024-05-01T17:57:13.416-0300] {logging_mixin.py:188} INFO - [2024-05-01T17:57:13.416-0300] {dag.py:3954} INFO - Setting next_dagrun for first_dag to 2020-11-01 00:00:00+00:00, run_after=2020-11-01 00:00:00+00:00
[2024-05-01T17:57:13.477-0300] {processor.py:183} INFO - Processing /mnt/c/Users/Tilto/Desktop/Work/Airflow/dags/first_dag.py took 0.143 seconds
[2024-05-01T17:57:43.555-0300] {processor.py:161} INFO - Started process (PID=3898) to work on /mnt/c/Users/Tilto/Desktop/Work/Airflow/dags/first_dag.py
[2024-05-01T17:57:43.556-0300] {processor.py:830} INFO - Processing file /mnt/c/Users/Tilto/Desktop/Work/Airflow/dags/first_dag.py for tasks to queue
[2024-05-01T17:57:43.557-0300] {logging_mixin.py:188} INFO - [2024-05-01T17:57:43.557-0300] {dagbag.py:540} INFO - Filling up the DagBag from /mnt/c/Users/Tilto/Desktop/Work/Airflow/dags/first_dag.py
[2024-05-01T17:57:43.571-0300] {logging_mixin.py:188} INFO - All Dag modules are ok ......
[2024-05-01T17:57:43.576-0300] {processor.py:840} INFO - DAG(s) 'first_dag' retrieved from /mnt/c/Users/Tilto/Desktop/Work/Airflow/dags/first_dag.py
[2024-05-01T17:57:43.605-0300] {logging_mixin.py:188} INFO - [2024-05-01T17:57:43.605-0300] {dag.py:3096} INFO - Sync 1 DAGs
[2024-05-01T17:57:43.627-0300] {logging_mixin.py:188} INFO - [2024-05-01T17:57:43.627-0300] {dag.py:3954} INFO - Setting next_dagrun for first_dag to 2020-11-01 00:00:00+00:00, run_after=2020-11-01 00:00:00+00:00
[2024-05-01T17:57:43.679-0300] {processor.py:183} INFO - Processing /mnt/c/Users/Tilto/Desktop/Work/Airflow/dags/first_dag.py took 0.128 seconds
[2024-05-01T17:58:14.015-0300] {processor.py:161} INFO - Started process (PID=4027) to work on /mnt/c/Users/Tilto/Desktop/Work/Airflow/dags/first_dag.py
[2024-05-01T17:58:14.016-0300] {processor.py:830} INFO - Processing file /mnt/c/Users/Tilto/Desktop/Work/Airflow/dags/first_dag.py for tasks to queue
[2024-05-01T17:58:14.017-0300] {logging_mixin.py:188} INFO - [2024-05-01T17:58:14.017-0300] {dagbag.py:540} INFO - Filling up the DagBag from /mnt/c/Users/Tilto/Desktop/Work/Airflow/dags/first_dag.py
[2024-05-01T17:58:14.033-0300] {logging_mixin.py:188} INFO - All Dag modules are ok ......
[2024-05-01T17:58:14.039-0300] {processor.py:840} INFO - DAG(s) 'first_dag' retrieved from /mnt/c/Users/Tilto/Desktop/Work/Airflow/dags/first_dag.py
[2024-05-01T17:58:14.071-0300] {logging_mixin.py:188} INFO - [2024-05-01T17:58:14.070-0300] {dag.py:3096} INFO - Sync 1 DAGs
[2024-05-01T17:58:14.094-0300] {logging_mixin.py:188} INFO - [2024-05-01T17:58:14.093-0300] {dag.py:3954} INFO - Setting next_dagrun for first_dag to 2020-11-01 00:00:00+00:00, run_after=2020-11-01 00:00:00+00:00
[2024-05-01T17:58:14.159-0300] {processor.py:183} INFO - Processing /mnt/c/Users/Tilto/Desktop/Work/Airflow/dags/first_dag.py took 0.148 seconds
[2024-05-01T17:58:44.552-0300] {processor.py:161} INFO - Started process (PID=4156) to work on /mnt/c/Users/Tilto/Desktop/Work/Airflow/dags/first_dag.py
[2024-05-01T17:58:44.553-0300] {processor.py:830} INFO - Processing file /mnt/c/Users/Tilto/Desktop/Work/Airflow/dags/first_dag.py for tasks to queue
[2024-05-01T17:58:44.554-0300] {logging_mixin.py:188} INFO - [2024-05-01T17:58:44.554-0300] {dagbag.py:540} INFO - Filling up the DagBag from /mnt/c/Users/Tilto/Desktop/Work/Airflow/dags/first_dag.py
[2024-05-01T17:58:44.568-0300] {logging_mixin.py:188} INFO - All Dag modules are ok ......
[2024-05-01T17:58:44.573-0300] {processor.py:840} INFO - DAG(s) 'first_dag' retrieved from /mnt/c/Users/Tilto/Desktop/Work/Airflow/dags/first_dag.py
[2024-05-01T17:58:44.602-0300] {logging_mixin.py:188} INFO - [2024-05-01T17:58:44.602-0300] {dag.py:3096} INFO - Sync 1 DAGs
[2024-05-01T17:58:44.626-0300] {logging_mixin.py:188} INFO - [2024-05-01T17:58:44.625-0300] {dag.py:3954} INFO - Setting next_dagrun for first_dag to 2020-11-01 00:00:00+00:00, run_after=2020-11-01 00:00:00+00:00
[2024-05-01T17:58:44.785-0300] {processor.py:183} INFO - Processing /mnt/c/Users/Tilto/Desktop/Work/Airflow/dags/first_dag.py took 0.238 seconds
[2024-05-01T17:59:15.775-0300] {processor.py:161} INFO - Started process (PID=4288) to work on /mnt/c/Users/Tilto/Desktop/Work/Airflow/dags/first_dag.py
[2024-05-01T17:59:15.776-0300] {processor.py:830} INFO - Processing file /mnt/c/Users/Tilto/Desktop/Work/Airflow/dags/first_dag.py for tasks to queue
[2024-05-01T17:59:15.777-0300] {logging_mixin.py:188} INFO - [2024-05-01T17:59:15.776-0300] {dagbag.py:540} INFO - Filling up the DagBag from /mnt/c/Users/Tilto/Desktop/Work/Airflow/dags/first_dag.py
[2024-05-01T17:59:15.791-0300] {logging_mixin.py:188} INFO - All Dag modules are ok ......
[2024-05-01T17:59:15.796-0300] {processor.py:840} INFO - DAG(s) 'first_dag' retrieved from /mnt/c/Users/Tilto/Desktop/Work/Airflow/dags/first_dag.py
[2024-05-01T17:59:15.826-0300] {logging_mixin.py:188} INFO - [2024-05-01T17:59:15.826-0300] {dag.py:3096} INFO - Sync 1 DAGs
[2024-05-01T17:59:15.847-0300] {logging_mixin.py:188} INFO - [2024-05-01T17:59:15.847-0300] {dag.py:3954} INFO - Setting next_dagrun for first_dag to 2020-11-01 00:00:00+00:00, run_after=2020-11-01 00:00:00+00:00
[2024-05-01T17:59:15.900-0300] {processor.py:183} INFO - Processing /mnt/c/Users/Tilto/Desktop/Work/Airflow/dags/first_dag.py took 0.130 seconds
[2024-05-01T17:59:46.218-0300] {processor.py:161} INFO - Started process (PID=4414) to work on /mnt/c/Users/Tilto/Desktop/Work/Airflow/dags/first_dag.py
[2024-05-01T17:59:46.219-0300] {processor.py:830} INFO - Processing file /mnt/c/Users/Tilto/Desktop/Work/Airflow/dags/first_dag.py for tasks to queue
[2024-05-01T17:59:46.220-0300] {logging_mixin.py:188} INFO - [2024-05-01T17:59:46.220-0300] {dagbag.py:540} INFO - Filling up the DagBag from /mnt/c/Users/Tilto/Desktop/Work/Airflow/dags/first_dag.py
[2024-05-01T17:59:46.235-0300] {logging_mixin.py:188} INFO - All Dag modules are ok ......
[2024-05-01T17:59:46.241-0300] {processor.py:840} INFO - DAG(s) 'first_dag' retrieved from /mnt/c/Users/Tilto/Desktop/Work/Airflow/dags/first_dag.py
[2024-05-01T17:59:46.272-0300] {logging_mixin.py:188} INFO - [2024-05-01T17:59:46.271-0300] {dag.py:3096} INFO - Sync 1 DAGs
[2024-05-01T17:59:46.293-0300] {logging_mixin.py:188} INFO - [2024-05-01T17:59:46.293-0300] {dag.py:3954} INFO - Setting next_dagrun for first_dag to 2020-11-01 00:00:00+00:00, run_after=2020-11-01 00:00:00+00:00
[2024-05-01T17:59:46.352-0300] {processor.py:183} INFO - Processing /mnt/c/Users/Tilto/Desktop/Work/Airflow/dags/first_dag.py took 0.139 seconds
[2024-05-01T18:00:16.638-0300] {processor.py:161} INFO - Started process (PID=4542) to work on /mnt/c/Users/Tilto/Desktop/Work/Airflow/dags/first_dag.py
[2024-05-01T18:00:16.639-0300] {processor.py:830} INFO - Processing file /mnt/c/Users/Tilto/Desktop/Work/Airflow/dags/first_dag.py for tasks to queue
[2024-05-01T18:00:16.640-0300] {logging_mixin.py:188} INFO - [2024-05-01T18:00:16.639-0300] {dagbag.py:540} INFO - Filling up the DagBag from /mnt/c/Users/Tilto/Desktop/Work/Airflow/dags/first_dag.py
[2024-05-01T18:00:16.653-0300] {logging_mixin.py:188} INFO - All Dag modules are ok ......
[2024-05-01T18:00:16.657-0300] {processor.py:840} INFO - DAG(s) 'first_dag' retrieved from /mnt/c/Users/Tilto/Desktop/Work/Airflow/dags/first_dag.py
[2024-05-01T18:00:16.690-0300] {logging_mixin.py:188} INFO - [2024-05-01T18:00:16.690-0300] {dag.py:3096} INFO - Sync 1 DAGs
[2024-05-01T18:00:16.713-0300] {logging_mixin.py:188} INFO - [2024-05-01T18:00:16.713-0300] {dag.py:3954} INFO - Setting next_dagrun for first_dag to 2020-11-01 00:00:00+00:00, run_after=2020-11-01 00:00:00+00:00
[2024-05-01T18:00:16.871-0300] {processor.py:183} INFO - Processing /mnt/c/Users/Tilto/Desktop/Work/Airflow/dags/first_dag.py took 0.237 seconds
[2024-05-01T18:00:47.082-0300] {processor.py:161} INFO - Started process (PID=4674) to work on /mnt/c/Users/Tilto/Desktop/Work/Airflow/dags/first_dag.py
[2024-05-01T18:00:47.083-0300] {processor.py:830} INFO - Processing file /mnt/c/Users/Tilto/Desktop/Work/Airflow/dags/first_dag.py for tasks to queue
[2024-05-01T18:00:47.084-0300] {logging_mixin.py:188} INFO - [2024-05-01T18:00:47.083-0300] {dagbag.py:540} INFO - Filling up the DagBag from /mnt/c/Users/Tilto/Desktop/Work/Airflow/dags/first_dag.py
[2024-05-01T18:00:47.097-0300] {logging_mixin.py:188} INFO - All Dag modules are ok ......
[2024-05-01T18:00:47.101-0300] {processor.py:840} INFO - DAG(s) 'first_dag' retrieved from /mnt/c/Users/Tilto/Desktop/Work/Airflow/dags/first_dag.py
[2024-05-01T18:00:47.132-0300] {logging_mixin.py:188} INFO - [2024-05-01T18:00:47.132-0300] {dag.py:3096} INFO - Sync 1 DAGs
[2024-05-01T18:00:47.154-0300] {logging_mixin.py:188} INFO - [2024-05-01T18:00:47.154-0300] {dag.py:3954} INFO - Setting next_dagrun for first_dag to 2020-11-01 00:00:00+00:00, run_after=2020-11-01 00:00:00+00:00
[2024-05-01T18:00:47.281-0300] {processor.py:183} INFO - Processing /mnt/c/Users/Tilto/Desktop/Work/Airflow/dags/first_dag.py took 0.204 seconds
[2024-05-01T18:01:21.904-0300] {processor.py:161} INFO - Started process (PID=4838) to work on /mnt/c/Users/Tilto/Desktop/Work/Airflow/dags/first_dag.py
[2024-05-01T18:01:21.905-0300] {processor.py:830} INFO - Processing file /mnt/c/Users/Tilto/Desktop/Work/Airflow/dags/first_dag.py for tasks to queue
[2024-05-01T18:01:21.906-0300] {logging_mixin.py:188} INFO - [2024-05-01T18:01:21.906-0300] {dagbag.py:540} INFO - Filling up the DagBag from /mnt/c/Users/Tilto/Desktop/Work/Airflow/dags/first_dag.py
[2024-05-01T18:01:21.920-0300] {logging_mixin.py:188} INFO - All Dag modules are ok ......
[2024-05-01T18:01:21.924-0300] {processor.py:840} INFO - DAG(s) 'first_dag' retrieved from /mnt/c/Users/Tilto/Desktop/Work/Airflow/dags/first_dag.py
[2024-05-01T18:01:21.938-0300] {logging_mixin.py:188} INFO - [2024-05-01T18:01:21.937-0300] {dag.py:3096} INFO - Sync 1 DAGs
[2024-05-01T18:01:21.962-0300] {logging_mixin.py:188} INFO - [2024-05-01T18:01:21.962-0300] {dag.py:3954} INFO - Setting next_dagrun for first_dag to 2020-11-01 00:00:00+00:00, run_after=2020-11-01 00:00:00+00:00
[2024-05-01T18:01:22.021-0300] {processor.py:183} INFO - Processing /mnt/c/Users/Tilto/Desktop/Work/Airflow/dags/first_dag.py took 0.122 seconds
[2024-05-01T18:01:52.590-0300] {processor.py:161} INFO - Started process (PID=4967) to work on /mnt/c/Users/Tilto/Desktop/Work/Airflow/dags/first_dag.py
[2024-05-01T18:01:52.591-0300] {processor.py:830} INFO - Processing file /mnt/c/Users/Tilto/Desktop/Work/Airflow/dags/first_dag.py for tasks to queue
[2024-05-01T18:01:52.593-0300] {logging_mixin.py:188} INFO - [2024-05-01T18:01:52.593-0300] {dagbag.py:540} INFO - Filling up the DagBag from /mnt/c/Users/Tilto/Desktop/Work/Airflow/dags/first_dag.py
[2024-05-01T18:01:52.607-0300] {logging_mixin.py:188} INFO - All Dag modules are ok ......
[2024-05-01T18:01:52.611-0300] {processor.py:840} INFO - DAG(s) 'first_dag' retrieved from /mnt/c/Users/Tilto/Desktop/Work/Airflow/dags/first_dag.py
[2024-05-01T18:01:52.718-0300] {logging_mixin.py:188} INFO - [2024-05-01T18:01:52.718-0300] {dag.py:3096} INFO - Sync 1 DAGs
[2024-05-01T18:01:52.738-0300] {logging_mixin.py:188} INFO - [2024-05-01T18:01:52.738-0300] {dag.py:3954} INFO - Setting next_dagrun for first_dag to 2020-11-01 00:00:00+00:00, run_after=2020-11-01 00:00:00+00:00
[2024-05-01T18:01:52.799-0300] {processor.py:183} INFO - Processing /mnt/c/Users/Tilto/Desktop/Work/Airflow/dags/first_dag.py took 0.213 seconds
[2024-05-01T18:02:23.299-0300] {processor.py:161} INFO - Started process (PID=5093) to work on /mnt/c/Users/Tilto/Desktop/Work/Airflow/dags/first_dag.py
[2024-05-01T18:02:23.300-0300] {processor.py:830} INFO - Processing file /mnt/c/Users/Tilto/Desktop/Work/Airflow/dags/first_dag.py for tasks to queue
[2024-05-01T18:02:23.301-0300] {logging_mixin.py:188} INFO - [2024-05-01T18:02:23.301-0300] {dagbag.py:540} INFO - Filling up the DagBag from /mnt/c/Users/Tilto/Desktop/Work/Airflow/dags/first_dag.py
[2024-05-01T18:02:23.314-0300] {logging_mixin.py:188} INFO - All Dag modules are ok ......
[2024-05-01T18:02:23.318-0300] {processor.py:840} INFO - DAG(s) 'first_dag' retrieved from /mnt/c/Users/Tilto/Desktop/Work/Airflow/dags/first_dag.py
[2024-05-01T18:02:23.349-0300] {logging_mixin.py:188} INFO - [2024-05-01T18:02:23.349-0300] {dag.py:3096} INFO - Sync 1 DAGs
[2024-05-01T18:02:23.370-0300] {logging_mixin.py:188} INFO - [2024-05-01T18:02:23.369-0300] {dag.py:3954} INFO - Setting next_dagrun for first_dag to 2020-11-01 00:00:00+00:00, run_after=2020-11-01 00:00:00+00:00
[2024-05-01T18:02:23.429-0300] {processor.py:183} INFO - Processing /mnt/c/Users/Tilto/Desktop/Work/Airflow/dags/first_dag.py took 0.134 seconds
[2024-05-01T18:02:54.048-0300] {processor.py:161} INFO - Started process (PID=5219) to work on /mnt/c/Users/Tilto/Desktop/Work/Airflow/dags/first_dag.py
[2024-05-01T18:02:54.049-0300] {processor.py:830} INFO - Processing file /mnt/c/Users/Tilto/Desktop/Work/Airflow/dags/first_dag.py for tasks to queue
[2024-05-01T18:02:54.050-0300] {logging_mixin.py:188} INFO - [2024-05-01T18:02:54.050-0300] {dagbag.py:540} INFO - Filling up the DagBag from /mnt/c/Users/Tilto/Desktop/Work/Airflow/dags/first_dag.py
[2024-05-01T18:02:54.063-0300] {logging_mixin.py:188} INFO - All Dag modules are ok ......
[2024-05-01T18:02:54.067-0300] {processor.py:840} INFO - DAG(s) 'first_dag' retrieved from /mnt/c/Users/Tilto/Desktop/Work/Airflow/dags/first_dag.py
[2024-05-01T18:02:54.097-0300] {logging_mixin.py:188} INFO - [2024-05-01T18:02:54.097-0300] {dag.py:3096} INFO - Sync 1 DAGs
[2024-05-01T18:02:54.119-0300] {logging_mixin.py:188} INFO - [2024-05-01T18:02:54.118-0300] {dag.py:3954} INFO - Setting next_dagrun for first_dag to 2020-11-01 00:00:00+00:00, run_after=2020-11-01 00:00:00+00:00
[2024-05-01T18:02:54.177-0300] {processor.py:183} INFO - Processing /mnt/c/Users/Tilto/Desktop/Work/Airflow/dags/first_dag.py took 0.133 seconds
[2024-05-01T18:03:25.981-0300] {processor.py:161} INFO - Started process (PID=5353) to work on /mnt/c/Users/Tilto/Desktop/Work/Airflow/dags/first_dag.py
[2024-05-01T18:03:25.982-0300] {processor.py:830} INFO - Processing file /mnt/c/Users/Tilto/Desktop/Work/Airflow/dags/first_dag.py for tasks to queue
[2024-05-01T18:03:25.986-0300] {logging_mixin.py:188} INFO - [2024-05-01T18:03:25.984-0300] {dagbag.py:540} INFO - Filling up the DagBag from /mnt/c/Users/Tilto/Desktop/Work/Airflow/dags/first_dag.py
[2024-05-01T18:03:26.001-0300] {logging_mixin.py:188} INFO - All Dag modules are ok ......
[2024-05-01T18:03:26.009-0300] {processor.py:840} INFO - DAG(s) 'first_dag' retrieved from /mnt/c/Users/Tilto/Desktop/Work/Airflow/dags/first_dag.py
[2024-05-01T18:03:26.054-0300] {logging_mixin.py:188} INFO - [2024-05-01T18:03:26.054-0300] {dag.py:3096} INFO - Sync 1 DAGs
[2024-05-01T18:03:26.083-0300] {logging_mixin.py:188} INFO - [2024-05-01T18:03:26.083-0300] {dag.py:3954} INFO - Setting next_dagrun for first_dag to 2020-11-01 00:00:00+00:00, run_after=2020-11-01 00:00:00+00:00
[2024-05-01T18:03:26.141-0300] {processor.py:183} INFO - Processing /mnt/c/Users/Tilto/Desktop/Work/Airflow/dags/first_dag.py took 0.169 seconds
[2024-05-01T18:03:56.772-0300] {processor.py:161} INFO - Started process (PID=5482) to work on /mnt/c/Users/Tilto/Desktop/Work/Airflow/dags/first_dag.py
[2024-05-01T18:03:56.773-0300] {processor.py:830} INFO - Processing file /mnt/c/Users/Tilto/Desktop/Work/Airflow/dags/first_dag.py for tasks to queue
[2024-05-01T18:03:56.775-0300] {logging_mixin.py:188} INFO - [2024-05-01T18:03:56.775-0300] {dagbag.py:540} INFO - Filling up the DagBag from /mnt/c/Users/Tilto/Desktop/Work/Airflow/dags/first_dag.py
[2024-05-01T18:03:56.792-0300] {logging_mixin.py:188} INFO - All Dag modules are ok ......
[2024-05-01T18:03:56.798-0300] {processor.py:840} INFO - DAG(s) 'first_dag' retrieved from /mnt/c/Users/Tilto/Desktop/Work/Airflow/dags/first_dag.py
[2024-05-01T18:03:56.832-0300] {logging_mixin.py:188} INFO - [2024-05-01T18:03:56.832-0300] {dag.py:3096} INFO - Sync 1 DAGs
[2024-05-01T18:03:56.855-0300] {logging_mixin.py:188} INFO - [2024-05-01T18:03:56.855-0300] {dag.py:3954} INFO - Setting next_dagrun for first_dag to 2020-11-01 00:00:00+00:00, run_after=2020-11-01 00:00:00+00:00
[2024-05-01T18:03:56.913-0300] {processor.py:183} INFO - Processing /mnt/c/Users/Tilto/Desktop/Work/Airflow/dags/first_dag.py took 0.152 seconds
[2024-05-01T18:04:27.398-0300] {processor.py:161} INFO - Started process (PID=5607) to work on /mnt/c/Users/Tilto/Desktop/Work/Airflow/dags/first_dag.py
[2024-05-01T18:04:27.399-0300] {processor.py:830} INFO - Processing file /mnt/c/Users/Tilto/Desktop/Work/Airflow/dags/first_dag.py for tasks to queue
[2024-05-01T18:04:27.400-0300] {logging_mixin.py:188} INFO - [2024-05-01T18:04:27.400-0300] {dagbag.py:540} INFO - Filling up the DagBag from /mnt/c/Users/Tilto/Desktop/Work/Airflow/dags/first_dag.py
[2024-05-01T18:04:27.415-0300] {logging_mixin.py:188} INFO - All Dag modules are ok ......
[2024-05-01T18:04:27.419-0300] {processor.py:840} INFO - DAG(s) 'first_dag' retrieved from /mnt/c/Users/Tilto/Desktop/Work/Airflow/dags/first_dag.py
[2024-05-01T18:04:27.449-0300] {logging_mixin.py:188} INFO - [2024-05-01T18:04:27.448-0300] {dag.py:3096} INFO - Sync 1 DAGs
[2024-05-01T18:04:27.471-0300] {logging_mixin.py:188} INFO - [2024-05-01T18:04:27.470-0300] {dag.py:3954} INFO - Setting next_dagrun for first_dag to 2020-11-01 00:00:00+00:00, run_after=2020-11-01 00:00:00+00:00
[2024-05-01T18:04:27.527-0300] {processor.py:183} INFO - Processing /mnt/c/Users/Tilto/Desktop/Work/Airflow/dags/first_dag.py took 0.133 seconds
[2024-05-01T18:04:58.004-0300] {processor.py:161} INFO - Started process (PID=5733) to work on /mnt/c/Users/Tilto/Desktop/Work/Airflow/dags/first_dag.py
[2024-05-01T18:04:58.005-0300] {processor.py:830} INFO - Processing file /mnt/c/Users/Tilto/Desktop/Work/Airflow/dags/first_dag.py for tasks to queue
[2024-05-01T18:04:58.007-0300] {logging_mixin.py:188} INFO - [2024-05-01T18:04:58.007-0300] {dagbag.py:540} INFO - Filling up the DagBag from /mnt/c/Users/Tilto/Desktop/Work/Airflow/dags/first_dag.py
[2024-05-01T18:04:58.019-0300] {logging_mixin.py:188} INFO - All Dag modules are ok ......
[2024-05-01T18:04:58.023-0300] {processor.py:840} INFO - DAG(s) 'first_dag' retrieved from /mnt/c/Users/Tilto/Desktop/Work/Airflow/dags/first_dag.py
[2024-05-01T18:04:58.054-0300] {logging_mixin.py:188} INFO - [2024-05-01T18:04:58.054-0300] {dag.py:3096} INFO - Sync 1 DAGs
[2024-05-01T18:04:58.075-0300] {logging_mixin.py:188} INFO - [2024-05-01T18:04:58.075-0300] {dag.py:3954} INFO - Setting next_dagrun for first_dag to 2020-11-01 00:00:00+00:00, run_after=2020-11-01 00:00:00+00:00
[2024-05-01T18:04:58.133-0300] {processor.py:183} INFO - Processing /mnt/c/Users/Tilto/Desktop/Work/Airflow/dags/first_dag.py took 0.133 seconds
[2024-05-01T18:05:28.669-0300] {processor.py:161} INFO - Started process (PID=5859) to work on /mnt/c/Users/Tilto/Desktop/Work/Airflow/dags/first_dag.py
[2024-05-01T18:05:28.671-0300] {processor.py:830} INFO - Processing file /mnt/c/Users/Tilto/Desktop/Work/Airflow/dags/first_dag.py for tasks to queue
[2024-05-01T18:05:28.680-0300] {logging_mixin.py:188} INFO - [2024-05-01T18:05:28.679-0300] {dagbag.py:540} INFO - Filling up the DagBag from /mnt/c/Users/Tilto/Desktop/Work/Airflow/dags/first_dag.py
[2024-05-01T18:05:28.699-0300] {logging_mixin.py:188} INFO - All Dag modules are ok ......
[2024-05-01T18:05:28.706-0300] {processor.py:840} INFO - DAG(s) 'first_dag' retrieved from /mnt/c/Users/Tilto/Desktop/Work/Airflow/dags/first_dag.py
[2024-05-01T18:05:28.745-0300] {logging_mixin.py:188} INFO - [2024-05-01T18:05:28.744-0300] {dag.py:3096} INFO - Sync 1 DAGs
[2024-05-01T18:05:28.768-0300] {logging_mixin.py:188} INFO - [2024-05-01T18:05:28.768-0300] {dag.py:3954} INFO - Setting next_dagrun for first_dag to 2020-11-01 00:00:00+00:00, run_after=2020-11-01 00:00:00+00:00
[2024-05-01T18:05:28.830-0300] {processor.py:183} INFO - Processing /mnt/c/Users/Tilto/Desktop/Work/Airflow/dags/first_dag.py took 0.169 seconds
[2024-05-01T18:05:59.351-0300] {processor.py:161} INFO - Started process (PID=5987) to work on /mnt/c/Users/Tilto/Desktop/Work/Airflow/dags/first_dag.py
[2024-05-01T18:05:59.351-0300] {processor.py:830} INFO - Processing file /mnt/c/Users/Tilto/Desktop/Work/Airflow/dags/first_dag.py for tasks to queue
[2024-05-01T18:05:59.353-0300] {logging_mixin.py:188} INFO - [2024-05-01T18:05:59.352-0300] {dagbag.py:540} INFO - Filling up the DagBag from /mnt/c/Users/Tilto/Desktop/Work/Airflow/dags/first_dag.py
[2024-05-01T18:05:59.363-0300] {logging_mixin.py:188} INFO - All Dag modules are ok ......
[2024-05-01T18:05:59.367-0300] {processor.py:840} INFO - DAG(s) 'first_dag' retrieved from /mnt/c/Users/Tilto/Desktop/Work/Airflow/dags/first_dag.py
[2024-05-01T18:05:59.395-0300] {logging_mixin.py:188} INFO - [2024-05-01T18:05:59.395-0300] {dag.py:3096} INFO - Sync 1 DAGs
[2024-05-01T18:05:59.415-0300] {logging_mixin.py:188} INFO - [2024-05-01T18:05:59.415-0300] {dag.py:3954} INFO - Setting next_dagrun for first_dag to 2020-11-01 00:00:00+00:00, run_after=2020-11-01 00:00:00+00:00
[2024-05-01T18:05:59.465-0300] {processor.py:183} INFO - Processing /mnt/c/Users/Tilto/Desktop/Work/Airflow/dags/first_dag.py took 0.118 seconds
[2024-05-01T18:06:29.986-0300] {processor.py:161} INFO - Started process (PID=6113) to work on /mnt/c/Users/Tilto/Desktop/Work/Airflow/dags/first_dag.py
[2024-05-01T18:06:29.987-0300] {processor.py:830} INFO - Processing file /mnt/c/Users/Tilto/Desktop/Work/Airflow/dags/first_dag.py for tasks to queue
[2024-05-01T18:06:29.989-0300] {logging_mixin.py:188} INFO - [2024-05-01T18:06:29.988-0300] {dagbag.py:540} INFO - Filling up the DagBag from /mnt/c/Users/Tilto/Desktop/Work/Airflow/dags/first_dag.py
[2024-05-01T18:06:30.001-0300] {logging_mixin.py:188} INFO - All Dag modules are ok ......
[2024-05-01T18:06:30.007-0300] {processor.py:840} INFO - DAG(s) 'first_dag' retrieved from /mnt/c/Users/Tilto/Desktop/Work/Airflow/dags/first_dag.py
[2024-05-01T18:06:30.037-0300] {logging_mixin.py:188} INFO - [2024-05-01T18:06:30.037-0300] {dag.py:3096} INFO - Sync 1 DAGs
[2024-05-01T18:06:30.060-0300] {logging_mixin.py:188} INFO - [2024-05-01T18:06:30.059-0300] {dag.py:3954} INFO - Setting next_dagrun for first_dag to 2020-11-01 00:00:00+00:00, run_after=2020-11-01 00:00:00+00:00
[2024-05-01T18:06:30.119-0300] {processor.py:183} INFO - Processing /mnt/c/Users/Tilto/Desktop/Work/Airflow/dags/first_dag.py took 0.137 seconds
[2024-05-01T18:07:00.747-0300] {processor.py:161} INFO - Started process (PID=6239) to work on /mnt/c/Users/Tilto/Desktop/Work/Airflow/dags/first_dag.py
[2024-05-01T18:07:00.748-0300] {processor.py:830} INFO - Processing file /mnt/c/Users/Tilto/Desktop/Work/Airflow/dags/first_dag.py for tasks to queue
[2024-05-01T18:07:00.749-0300] {logging_mixin.py:188} INFO - [2024-05-01T18:07:00.749-0300] {dagbag.py:540} INFO - Filling up the DagBag from /mnt/c/Users/Tilto/Desktop/Work/Airflow/dags/first_dag.py
[2024-05-01T18:07:00.762-0300] {logging_mixin.py:188} INFO - All Dag modules are ok ......
[2024-05-01T18:07:00.766-0300] {processor.py:840} INFO - DAG(s) 'first_dag' retrieved from /mnt/c/Users/Tilto/Desktop/Work/Airflow/dags/first_dag.py
[2024-05-01T18:07:00.796-0300] {logging_mixin.py:188} INFO - [2024-05-01T18:07:00.796-0300] {dag.py:3096} INFO - Sync 1 DAGs
[2024-05-01T18:07:00.817-0300] {logging_mixin.py:188} INFO - [2024-05-01T18:07:00.817-0300] {dag.py:3954} INFO - Setting next_dagrun for first_dag to 2020-11-01 00:00:00+00:00, run_after=2020-11-01 00:00:00+00:00
[2024-05-01T18:07:00.876-0300] {processor.py:183} INFO - Processing /mnt/c/Users/Tilto/Desktop/Work/Airflow/dags/first_dag.py took 0.133 seconds
[2024-05-01T18:07:31.315-0300] {processor.py:161} INFO - Started process (PID=6364) to work on /mnt/c/Users/Tilto/Desktop/Work/Airflow/dags/first_dag.py
[2024-05-01T18:07:31.316-0300] {processor.py:830} INFO - Processing file /mnt/c/Users/Tilto/Desktop/Work/Airflow/dags/first_dag.py for tasks to queue
[2024-05-01T18:07:31.317-0300] {logging_mixin.py:188} INFO - [2024-05-01T18:07:31.317-0300] {dagbag.py:540} INFO - Filling up the DagBag from /mnt/c/Users/Tilto/Desktop/Work/Airflow/dags/first_dag.py
[2024-05-01T18:07:31.330-0300] {logging_mixin.py:188} INFO - All Dag modules are ok ......
[2024-05-01T18:07:31.334-0300] {processor.py:840} INFO - DAG(s) 'first_dag' retrieved from /mnt/c/Users/Tilto/Desktop/Work/Airflow/dags/first_dag.py
[2024-05-01T18:07:31.365-0300] {logging_mixin.py:188} INFO - [2024-05-01T18:07:31.365-0300] {dag.py:3096} INFO - Sync 1 DAGs
[2024-05-01T18:07:31.387-0300] {logging_mixin.py:188} INFO - [2024-05-01T18:07:31.387-0300] {dag.py:3954} INFO - Setting next_dagrun for first_dag to 2020-11-01 00:00:00+00:00, run_after=2020-11-01 00:00:00+00:00
[2024-05-01T18:07:31.444-0300] {processor.py:183} INFO - Processing /mnt/c/Users/Tilto/Desktop/Work/Airflow/dags/first_dag.py took 0.133 seconds
[2024-05-01T18:08:02.083-0300] {processor.py:161} INFO - Started process (PID=6494) to work on /mnt/c/Users/Tilto/Desktop/Work/Airflow/dags/first_dag.py
[2024-05-01T18:08:02.084-0300] {processor.py:830} INFO - Processing file /mnt/c/Users/Tilto/Desktop/Work/Airflow/dags/first_dag.py for tasks to queue
[2024-05-01T18:08:02.085-0300] {logging_mixin.py:188} INFO - [2024-05-01T18:08:02.085-0300] {dagbag.py:540} INFO - Filling up the DagBag from /mnt/c/Users/Tilto/Desktop/Work/Airflow/dags/first_dag.py
[2024-05-01T18:08:02.100-0300] {logging_mixin.py:188} INFO - All Dag modules are ok ......
[2024-05-01T18:08:02.105-0300] {processor.py:840} INFO - DAG(s) 'first_dag' retrieved from /mnt/c/Users/Tilto/Desktop/Work/Airflow/dags/first_dag.py
[2024-05-01T18:08:02.138-0300] {logging_mixin.py:188} INFO - [2024-05-01T18:08:02.138-0300] {dag.py:3096} INFO - Sync 1 DAGs
[2024-05-01T18:08:02.162-0300] {logging_mixin.py:188} INFO - [2024-05-01T18:08:02.161-0300] {dag.py:3954} INFO - Setting next_dagrun for first_dag to 2020-11-01 00:00:00+00:00, run_after=2020-11-01 00:00:00+00:00
[2024-05-01T18:08:02.235-0300] {processor.py:183} INFO - Processing /mnt/c/Users/Tilto/Desktop/Work/Airflow/dags/first_dag.py took 0.158 seconds
[2024-05-01T18:08:32.817-0300] {processor.py:161} INFO - Started process (PID=6620) to work on /mnt/c/Users/Tilto/Desktop/Work/Airflow/dags/first_dag.py
[2024-05-01T18:08:32.817-0300] {processor.py:830} INFO - Processing file /mnt/c/Users/Tilto/Desktop/Work/Airflow/dags/first_dag.py for tasks to queue
[2024-05-01T18:08:32.819-0300] {logging_mixin.py:188} INFO - [2024-05-01T18:08:32.819-0300] {dagbag.py:540} INFO - Filling up the DagBag from /mnt/c/Users/Tilto/Desktop/Work/Airflow/dags/first_dag.py
[2024-05-01T18:08:32.832-0300] {logging_mixin.py:188} INFO - All Dag modules are ok ......
[2024-05-01T18:08:32.836-0300] {processor.py:840} INFO - DAG(s) 'first_dag' retrieved from /mnt/c/Users/Tilto/Desktop/Work/Airflow/dags/first_dag.py
[2024-05-01T18:08:32.869-0300] {logging_mixin.py:188} INFO - [2024-05-01T18:08:32.868-0300] {dag.py:3096} INFO - Sync 1 DAGs
[2024-05-01T18:08:32.893-0300] {logging_mixin.py:188} INFO - [2024-05-01T18:08:32.892-0300] {dag.py:3954} INFO - Setting next_dagrun for first_dag to 2020-11-01 00:00:00+00:00, run_after=2020-11-01 00:00:00+00:00
[2024-05-01T18:08:32.955-0300] {processor.py:183} INFO - Processing /mnt/c/Users/Tilto/Desktop/Work/Airflow/dags/first_dag.py took 0.143 seconds
[2024-05-01T18:09:03.596-0300] {processor.py:161} INFO - Started process (PID=6746) to work on /mnt/c/Users/Tilto/Desktop/Work/Airflow/dags/first_dag.py
[2024-05-01T18:09:03.597-0300] {processor.py:830} INFO - Processing file /mnt/c/Users/Tilto/Desktop/Work/Airflow/dags/first_dag.py for tasks to queue
[2024-05-01T18:09:03.599-0300] {logging_mixin.py:188} INFO - [2024-05-01T18:09:03.598-0300] {dagbag.py:540} INFO - Filling up the DagBag from /mnt/c/Users/Tilto/Desktop/Work/Airflow/dags/first_dag.py
[2024-05-01T18:09:03.614-0300] {logging_mixin.py:188} INFO - All Dag modules are ok ......
[2024-05-01T18:09:03.619-0300] {processor.py:840} INFO - DAG(s) 'first_dag' retrieved from /mnt/c/Users/Tilto/Desktop/Work/Airflow/dags/first_dag.py
[2024-05-01T18:09:03.658-0300] {logging_mixin.py:188} INFO - [2024-05-01T18:09:03.658-0300] {dag.py:3096} INFO - Sync 1 DAGs
[2024-05-01T18:09:03.681-0300] {logging_mixin.py:188} INFO - [2024-05-01T18:09:03.681-0300] {dag.py:3954} INFO - Setting next_dagrun for first_dag to 2020-11-01 00:00:00+00:00, run_after=2020-11-01 00:00:00+00:00
[2024-05-01T18:09:03.737-0300] {processor.py:183} INFO - Processing /mnt/c/Users/Tilto/Desktop/Work/Airflow/dags/first_dag.py took 0.148 seconds
[2024-05-01T18:09:34.237-0300] {processor.py:161} INFO - Started process (PID=6872) to work on /mnt/c/Users/Tilto/Desktop/Work/Airflow/dags/first_dag.py
[2024-05-01T18:09:34.238-0300] {processor.py:830} INFO - Processing file /mnt/c/Users/Tilto/Desktop/Work/Airflow/dags/first_dag.py for tasks to queue
[2024-05-01T18:09:34.239-0300] {logging_mixin.py:188} INFO - [2024-05-01T18:09:34.239-0300] {dagbag.py:540} INFO - Filling up the DagBag from /mnt/c/Users/Tilto/Desktop/Work/Airflow/dags/first_dag.py
[2024-05-01T18:09:34.252-0300] {logging_mixin.py:188} INFO - All Dag modules are ok ......
[2024-05-01T18:09:34.256-0300] {processor.py:840} INFO - DAG(s) 'first_dag' retrieved from /mnt/c/Users/Tilto/Desktop/Work/Airflow/dags/first_dag.py
[2024-05-01T18:09:34.287-0300] {logging_mixin.py:188} INFO - [2024-05-01T18:09:34.287-0300] {dag.py:3096} INFO - Sync 1 DAGs
[2024-05-01T18:09:34.309-0300] {logging_mixin.py:188} INFO - [2024-05-01T18:09:34.308-0300] {dag.py:3954} INFO - Setting next_dagrun for first_dag to 2020-11-01 00:00:00+00:00, run_after=2020-11-01 00:00:00+00:00
[2024-05-01T18:09:34.366-0300] {processor.py:183} INFO - Processing /mnt/c/Users/Tilto/Desktop/Work/Airflow/dags/first_dag.py took 0.133 seconds
[2024-05-01T18:10:05.017-0300] {processor.py:161} INFO - Started process (PID=7001) to work on /mnt/c/Users/Tilto/Desktop/Work/Airflow/dags/first_dag.py
[2024-05-01T18:10:05.018-0300] {processor.py:830} INFO - Processing file /mnt/c/Users/Tilto/Desktop/Work/Airflow/dags/first_dag.py for tasks to queue
[2024-05-01T18:10:05.020-0300] {logging_mixin.py:188} INFO - [2024-05-01T18:10:05.019-0300] {dagbag.py:540} INFO - Filling up the DagBag from /mnt/c/Users/Tilto/Desktop/Work/Airflow/dags/first_dag.py
[2024-05-01T18:10:05.032-0300] {logging_mixin.py:188} INFO - All Dag modules are ok ......
[2024-05-01T18:10:05.037-0300] {processor.py:840} INFO - DAG(s) 'first_dag' retrieved from /mnt/c/Users/Tilto/Desktop/Work/Airflow/dags/first_dag.py
[2024-05-01T18:10:05.067-0300] {logging_mixin.py:188} INFO - [2024-05-01T18:10:05.067-0300] {dag.py:3096} INFO - Sync 1 DAGs
[2024-05-01T18:10:05.090-0300] {logging_mixin.py:188} INFO - [2024-05-01T18:10:05.090-0300] {dag.py:3954} INFO - Setting next_dagrun for first_dag to 2020-11-01 00:00:00+00:00, run_after=2020-11-01 00:00:00+00:00
[2024-05-01T18:10:05.150-0300] {processor.py:183} INFO - Processing /mnt/c/Users/Tilto/Desktop/Work/Airflow/dags/first_dag.py took 0.137 seconds
[2024-05-01T18:10:35.517-0300] {processor.py:161} INFO - Started process (PID=7126) to work on /mnt/c/Users/Tilto/Desktop/Work/Airflow/dags/first_dag.py
[2024-05-01T18:10:35.518-0300] {processor.py:830} INFO - Processing file /mnt/c/Users/Tilto/Desktop/Work/Airflow/dags/first_dag.py for tasks to queue
[2024-05-01T18:10:35.520-0300] {logging_mixin.py:188} INFO - [2024-05-01T18:10:35.519-0300] {dagbag.py:540} INFO - Filling up the DagBag from /mnt/c/Users/Tilto/Desktop/Work/Airflow/dags/first_dag.py
[2024-05-01T18:10:35.533-0300] {logging_mixin.py:188} INFO - All Dag modules are ok ......
[2024-05-01T18:10:35.536-0300] {processor.py:840} INFO - DAG(s) 'first_dag' retrieved from /mnt/c/Users/Tilto/Desktop/Work/Airflow/dags/first_dag.py
[2024-05-01T18:10:35.567-0300] {logging_mixin.py:188} INFO - [2024-05-01T18:10:35.566-0300] {dag.py:3096} INFO - Sync 1 DAGs
[2024-05-01T18:10:35.587-0300] {logging_mixin.py:188} INFO - [2024-05-01T18:10:35.587-0300] {dag.py:3954} INFO - Setting next_dagrun for first_dag to 2020-11-01 00:00:00+00:00, run_after=2020-11-01 00:00:00+00:00
[2024-05-01T18:10:35.646-0300] {processor.py:183} INFO - Processing /mnt/c/Users/Tilto/Desktop/Work/Airflow/dags/first_dag.py took 0.134 seconds
[2024-05-01T18:11:05.938-0300] {processor.py:161} INFO - Started process (PID=7251) to work on /mnt/c/Users/Tilto/Desktop/Work/Airflow/dags/first_dag.py
[2024-05-01T18:11:05.939-0300] {processor.py:830} INFO - Processing file /mnt/c/Users/Tilto/Desktop/Work/Airflow/dags/first_dag.py for tasks to queue
[2024-05-01T18:11:05.940-0300] {logging_mixin.py:188} INFO - [2024-05-01T18:11:05.940-0300] {dagbag.py:540} INFO - Filling up the DagBag from /mnt/c/Users/Tilto/Desktop/Work/Airflow/dags/first_dag.py
[2024-05-01T18:11:05.955-0300] {logging_mixin.py:188} INFO - All Dag modules are ok ......
[2024-05-01T18:11:05.959-0300] {processor.py:840} INFO - DAG(s) 'first_dag' retrieved from /mnt/c/Users/Tilto/Desktop/Work/Airflow/dags/first_dag.py
[2024-05-01T18:11:05.991-0300] {logging_mixin.py:188} INFO - [2024-05-01T18:11:05.991-0300] {dag.py:3096} INFO - Sync 1 DAGs
[2024-05-01T18:11:06.012-0300] {logging_mixin.py:188} INFO - [2024-05-01T18:11:06.012-0300] {dag.py:3954} INFO - Setting next_dagrun for first_dag to 2020-11-01 00:00:00+00:00, run_after=2020-11-01 00:00:00+00:00
[2024-05-01T18:11:06.067-0300] {processor.py:183} INFO - Processing /mnt/c/Users/Tilto/Desktop/Work/Airflow/dags/first_dag.py took 0.134 seconds
[2024-05-01T18:11:36.450-0300] {processor.py:161} INFO - Started process (PID=7379) to work on /mnt/c/Users/Tilto/Desktop/Work/Airflow/dags/first_dag.py
[2024-05-01T18:11:36.451-0300] {processor.py:830} INFO - Processing file /mnt/c/Users/Tilto/Desktop/Work/Airflow/dags/first_dag.py for tasks to queue
[2024-05-01T18:11:36.453-0300] {logging_mixin.py:188} INFO - [2024-05-01T18:11:36.452-0300] {dagbag.py:540} INFO - Filling up the DagBag from /mnt/c/Users/Tilto/Desktop/Work/Airflow/dags/first_dag.py
[2024-05-01T18:11:36.466-0300] {logging_mixin.py:188} INFO - All Dag modules are ok ......
[2024-05-01T18:11:36.470-0300] {processor.py:840} INFO - DAG(s) 'first_dag' retrieved from /mnt/c/Users/Tilto/Desktop/Work/Airflow/dags/first_dag.py
[2024-05-01T18:11:36.503-0300] {logging_mixin.py:188} INFO - [2024-05-01T18:11:36.503-0300] {dag.py:3096} INFO - Sync 1 DAGs
[2024-05-01T18:11:36.527-0300] {logging_mixin.py:188} INFO - [2024-05-01T18:11:36.526-0300] {dag.py:3954} INFO - Setting next_dagrun for first_dag to 2020-11-01 00:00:00+00:00, run_after=2020-11-01 00:00:00+00:00
[2024-05-01T18:11:36.655-0300] {processor.py:183} INFO - Processing /mnt/c/Users/Tilto/Desktop/Work/Airflow/dags/first_dag.py took 0.209 seconds
[2024-05-01T18:25:19.202-0300] {processor.py:161} INFO - Started process (PID=865) to work on /mnt/c/Users/Tilto/Desktop/Work/Airflow/dags/first_dag.py
[2024-05-01T18:25:19.203-0300] {processor.py:830} INFO - Processing file /mnt/c/Users/Tilto/Desktop/Work/Airflow/dags/first_dag.py for tasks to queue
[2024-05-01T18:25:19.204-0300] {logging_mixin.py:188} INFO - [2024-05-01T18:25:19.204-0300] {dagbag.py:540} INFO - Filling up the DagBag from /mnt/c/Users/Tilto/Desktop/Work/Airflow/dags/first_dag.py
[2024-05-01T18:25:19.224-0300] {logging_mixin.py:188} INFO - All Dag modules are ok ......
[2024-05-01T18:25:19.228-0300] {processor.py:840} INFO - DAG(s) 'first_dag' retrieved from /mnt/c/Users/Tilto/Desktop/Work/Airflow/dags/first_dag.py
[2024-05-01T18:25:19.246-0300] {logging_mixin.py:188} INFO - [2024-05-01T18:25:19.245-0300] {dag.py:3096} INFO - Sync 1 DAGs
[2024-05-01T18:25:19.272-0300] {logging_mixin.py:188} INFO - [2024-05-01T18:25:19.271-0300] {dag.py:3954} INFO - Setting next_dagrun for first_dag to 2020-11-01 00:00:00+00:00, run_after=2020-11-01 00:00:00+00:00
[2024-05-01T18:25:19.336-0300] {processor.py:183} INFO - Processing /mnt/c/Users/Tilto/Desktop/Work/Airflow/dags/first_dag.py took 0.139 seconds
[2024-05-01T18:25:50.076-0300] {processor.py:161} INFO - Started process (PID=1002) to work on /mnt/c/Users/Tilto/Desktop/Work/Airflow/dags/first_dag.py
[2024-05-01T18:25:50.077-0300] {processor.py:830} INFO - Processing file /mnt/c/Users/Tilto/Desktop/Work/Airflow/dags/first_dag.py for tasks to queue
[2024-05-01T18:25:50.078-0300] {logging_mixin.py:188} INFO - [2024-05-01T18:25:50.078-0300] {dagbag.py:540} INFO - Filling up the DagBag from /mnt/c/Users/Tilto/Desktop/Work/Airflow/dags/first_dag.py
[2024-05-01T18:25:50.095-0300] {logging_mixin.py:188} INFO - All Dag modules are ok ......
[2024-05-01T18:25:50.099-0300] {processor.py:840} INFO - DAG(s) 'first_dag' retrieved from /mnt/c/Users/Tilto/Desktop/Work/Airflow/dags/first_dag.py
[2024-05-01T18:25:50.217-0300] {logging_mixin.py:188} INFO - [2024-05-01T18:25:50.217-0300] {dag.py:3096} INFO - Sync 1 DAGs
[2024-05-01T18:25:50.238-0300] {logging_mixin.py:188} INFO - [2024-05-01T18:25:50.238-0300] {dag.py:3954} INFO - Setting next_dagrun for first_dag to 2020-11-01 00:00:00+00:00, run_after=2020-11-01 00:00:00+00:00
[2024-05-01T18:25:50.302-0300] {processor.py:183} INFO - Processing /mnt/c/Users/Tilto/Desktop/Work/Airflow/dags/first_dag.py took 0.230 seconds
[2024-05-01T18:26:20.866-0300] {processor.py:161} INFO - Started process (PID=1133) to work on /mnt/c/Users/Tilto/Desktop/Work/Airflow/dags/first_dag.py
[2024-05-01T18:26:20.867-0300] {processor.py:830} INFO - Processing file /mnt/c/Users/Tilto/Desktop/Work/Airflow/dags/first_dag.py for tasks to queue
[2024-05-01T18:26:20.868-0300] {logging_mixin.py:188} INFO - [2024-05-01T18:26:20.868-0300] {dagbag.py:540} INFO - Filling up the DagBag from /mnt/c/Users/Tilto/Desktop/Work/Airflow/dags/first_dag.py
[2024-05-01T18:26:20.885-0300] {logging_mixin.py:188} INFO - All Dag modules are ok ......
[2024-05-01T18:26:20.889-0300] {processor.py:840} INFO - DAG(s) 'first_dag' retrieved from /mnt/c/Users/Tilto/Desktop/Work/Airflow/dags/first_dag.py
[2024-05-01T18:26:20.924-0300] {logging_mixin.py:188} INFO - [2024-05-01T18:26:20.924-0300] {dag.py:3096} INFO - Sync 1 DAGs
[2024-05-01T18:26:20.948-0300] {logging_mixin.py:188} INFO - [2024-05-01T18:26:20.947-0300] {dag.py:3954} INFO - Setting next_dagrun for first_dag to 2020-11-01 00:00:00+00:00, run_after=2020-11-01 00:00:00+00:00
[2024-05-01T18:26:21.012-0300] {processor.py:183} INFO - Processing /mnt/c/Users/Tilto/Desktop/Work/Airflow/dags/first_dag.py took 0.151 seconds
[2024-05-01T18:26:51.816-0300] {processor.py:161} INFO - Started process (PID=1265) to work on /mnt/c/Users/Tilto/Desktop/Work/Airflow/dags/first_dag.py
[2024-05-01T18:26:51.817-0300] {processor.py:830} INFO - Processing file /mnt/c/Users/Tilto/Desktop/Work/Airflow/dags/first_dag.py for tasks to queue
[2024-05-01T18:26:51.819-0300] {logging_mixin.py:188} INFO - [2024-05-01T18:26:51.818-0300] {dagbag.py:540} INFO - Filling up the DagBag from /mnt/c/Users/Tilto/Desktop/Work/Airflow/dags/first_dag.py
[2024-05-01T18:26:51.832-0300] {logging_mixin.py:188} INFO - All Dag modules are ok ......
[2024-05-01T18:26:51.836-0300] {processor.py:840} INFO - DAG(s) 'first_dag' retrieved from /mnt/c/Users/Tilto/Desktop/Work/Airflow/dags/first_dag.py
[2024-05-01T18:26:51.867-0300] {logging_mixin.py:188} INFO - [2024-05-01T18:26:51.866-0300] {dag.py:3096} INFO - Sync 1 DAGs
[2024-05-01T18:26:51.887-0300] {logging_mixin.py:188} INFO - [2024-05-01T18:26:51.887-0300] {dag.py:3954} INFO - Setting next_dagrun for first_dag to 2020-11-01 00:00:00+00:00, run_after=2020-11-01 00:00:00+00:00
[2024-05-01T18:26:51.940-0300] {processor.py:183} INFO - Processing /mnt/c/Users/Tilto/Desktop/Work/Airflow/dags/first_dag.py took 0.127 seconds
[2024-05-01T18:27:22.639-0300] {processor.py:161} INFO - Started process (PID=1396) to work on /mnt/c/Users/Tilto/Desktop/Work/Airflow/dags/first_dag.py
[2024-05-01T18:27:22.640-0300] {processor.py:830} INFO - Processing file /mnt/c/Users/Tilto/Desktop/Work/Airflow/dags/first_dag.py for tasks to queue
[2024-05-01T18:27:22.642-0300] {logging_mixin.py:188} INFO - [2024-05-01T18:27:22.642-0300] {dagbag.py:540} INFO - Filling up the DagBag from /mnt/c/Users/Tilto/Desktop/Work/Airflow/dags/first_dag.py
[2024-05-01T18:27:22.656-0300] {logging_mixin.py:188} INFO - All Dag modules are ok ......
[2024-05-01T18:27:22.660-0300] {processor.py:840} INFO - DAG(s) 'first_dag' retrieved from /mnt/c/Users/Tilto/Desktop/Work/Airflow/dags/first_dag.py
[2024-05-01T18:27:22.691-0300] {logging_mixin.py:188} INFO - [2024-05-01T18:27:22.691-0300] {dag.py:3096} INFO - Sync 1 DAGs
[2024-05-01T18:27:22.713-0300] {logging_mixin.py:188} INFO - [2024-05-01T18:27:22.713-0300] {dag.py:3954} INFO - Setting next_dagrun for first_dag to 2020-11-01 00:00:00+00:00, run_after=2020-11-01 00:00:00+00:00
[2024-05-01T18:27:22.764-0300] {processor.py:183} INFO - Processing /mnt/c/Users/Tilto/Desktop/Work/Airflow/dags/first_dag.py took 0.129 seconds
[2024-05-01T18:27:53.393-0300] {processor.py:161} INFO - Started process (PID=1528) to work on /mnt/c/Users/Tilto/Desktop/Work/Airflow/dags/first_dag.py
[2024-05-01T18:27:53.394-0300] {processor.py:830} INFO - Processing file /mnt/c/Users/Tilto/Desktop/Work/Airflow/dags/first_dag.py for tasks to queue
[2024-05-01T18:27:53.395-0300] {logging_mixin.py:188} INFO - [2024-05-01T18:27:53.395-0300] {dagbag.py:540} INFO - Filling up the DagBag from /mnt/c/Users/Tilto/Desktop/Work/Airflow/dags/first_dag.py
[2024-05-01T18:27:53.408-0300] {logging_mixin.py:188} INFO - All Dag modules are ok ......
[2024-05-01T18:27:53.415-0300] {processor.py:840} INFO - DAG(s) 'first_dag' retrieved from /mnt/c/Users/Tilto/Desktop/Work/Airflow/dags/first_dag.py
[2024-05-01T18:27:53.450-0300] {logging_mixin.py:188} INFO - [2024-05-01T18:27:53.450-0300] {dag.py:3096} INFO - Sync 1 DAGs
[2024-05-01T18:27:53.474-0300] {logging_mixin.py:188} INFO - [2024-05-01T18:27:53.474-0300] {dag.py:3954} INFO - Setting next_dagrun for first_dag to 2020-11-01 00:00:00+00:00, run_after=2020-11-01 00:00:00+00:00
[2024-05-01T18:27:53.534-0300] {processor.py:183} INFO - Processing /mnt/c/Users/Tilto/Desktop/Work/Airflow/dags/first_dag.py took 0.145 seconds
[2024-05-01T18:28:24.075-0300] {processor.py:161} INFO - Started process (PID=1658) to work on /mnt/c/Users/Tilto/Desktop/Work/Airflow/dags/first_dag.py
[2024-05-01T18:28:24.076-0300] {processor.py:830} INFO - Processing file /mnt/c/Users/Tilto/Desktop/Work/Airflow/dags/first_dag.py for tasks to queue
[2024-05-01T18:28:24.077-0300] {logging_mixin.py:188} INFO - [2024-05-01T18:28:24.077-0300] {dagbag.py:540} INFO - Filling up the DagBag from /mnt/c/Users/Tilto/Desktop/Work/Airflow/dags/first_dag.py
[2024-05-01T18:28:24.095-0300] {logging_mixin.py:188} INFO - All Dag modules are ok ......
[2024-05-01T18:28:24.099-0300] {processor.py:840} INFO - DAG(s) 'first_dag' retrieved from /mnt/c/Users/Tilto/Desktop/Work/Airflow/dags/first_dag.py
[2024-05-01T18:28:24.136-0300] {logging_mixin.py:188} INFO - [2024-05-01T18:28:24.136-0300] {dag.py:3096} INFO - Sync 1 DAGs
[2024-05-01T18:28:24.160-0300] {logging_mixin.py:188} INFO - [2024-05-01T18:28:24.159-0300] {dag.py:3954} INFO - Setting next_dagrun for first_dag to 2020-11-01 00:00:00+00:00, run_after=2020-11-01 00:00:00+00:00
[2024-05-01T18:28:24.224-0300] {processor.py:183} INFO - Processing /mnt/c/Users/Tilto/Desktop/Work/Airflow/dags/first_dag.py took 0.154 seconds
[2024-05-01T18:33:59.321-0300] {processor.py:161} INFO - Started process (PID=3096) to work on /mnt/c/Users/Tilto/Desktop/Work/Airflow/dags/first_dag.py
[2024-05-01T18:33:59.323-0300] {processor.py:830} INFO - Processing file /mnt/c/Users/Tilto/Desktop/Work/Airflow/dags/first_dag.py for tasks to queue
[2024-05-01T18:33:59.324-0300] {logging_mixin.py:188} INFO - [2024-05-01T18:33:59.324-0300] {dagbag.py:540} INFO - Filling up the DagBag from /mnt/c/Users/Tilto/Desktop/Work/Airflow/dags/first_dag.py
[2024-05-01T18:33:59.342-0300] {logging_mixin.py:188} INFO - All Dag modules are ok ......
[2024-05-01T18:33:59.346-0300] {processor.py:840} INFO - DAG(s) 'first_dag' retrieved from /mnt/c/Users/Tilto/Desktop/Work/Airflow/dags/first_dag.py
[2024-05-01T18:33:59.362-0300] {logging_mixin.py:188} INFO - [2024-05-01T18:33:59.362-0300] {dag.py:3096} INFO - Sync 1 DAGs
[2024-05-01T18:33:59.386-0300] {logging_mixin.py:188} INFO - [2024-05-01T18:33:59.386-0300] {dag.py:3954} INFO - Setting next_dagrun for first_dag to 2020-11-01 00:00:00+00:00, run_after=2020-11-01 00:00:00+00:00
[2024-05-01T18:33:59.443-0300] {processor.py:183} INFO - Processing /mnt/c/Users/Tilto/Desktop/Work/Airflow/dags/first_dag.py took 0.125 seconds
[2024-05-01T18:34:30.108-0300] {processor.py:161} INFO - Started process (PID=3232) to work on /mnt/c/Users/Tilto/Desktop/Work/Airflow/dags/first_dag.py
[2024-05-01T18:34:30.109-0300] {processor.py:830} INFO - Processing file /mnt/c/Users/Tilto/Desktop/Work/Airflow/dags/first_dag.py for tasks to queue
[2024-05-01T18:34:30.110-0300] {logging_mixin.py:188} INFO - [2024-05-01T18:34:30.110-0300] {dagbag.py:540} INFO - Filling up the DagBag from /mnt/c/Users/Tilto/Desktop/Work/Airflow/dags/first_dag.py
[2024-05-01T18:34:30.127-0300] {logging_mixin.py:188} INFO - All Dag modules are ok ......
[2024-05-01T18:34:30.131-0300] {processor.py:840} INFO - DAG(s) 'first_dag' retrieved from /mnt/c/Users/Tilto/Desktop/Work/Airflow/dags/first_dag.py
[2024-05-01T18:34:30.247-0300] {logging_mixin.py:188} INFO - [2024-05-01T18:34:30.247-0300] {dag.py:3096} INFO - Sync 1 DAGs
[2024-05-01T18:34:30.267-0300] {logging_mixin.py:188} INFO - [2024-05-01T18:34:30.267-0300] {dag.py:3954} INFO - Setting next_dagrun for first_dag to 2020-11-01 00:00:00+00:00, run_after=2020-11-01 00:00:00+00:00
[2024-05-01T18:34:30.327-0300] {processor.py:183} INFO - Processing /mnt/c/Users/Tilto/Desktop/Work/Airflow/dags/first_dag.py took 0.223 seconds
[2024-05-01T18:35:13.724-0300] {processor.py:161} INFO - Started process (PID=3454) to work on /mnt/c/Users/Tilto/Desktop/Work/Airflow/dags/first_dag.py
[2024-05-01T18:35:13.725-0300] {processor.py:830} INFO - Processing file /mnt/c/Users/Tilto/Desktop/Work/Airflow/dags/first_dag.py for tasks to queue
[2024-05-01T18:35:13.727-0300] {logging_mixin.py:188} INFO - [2024-05-01T18:35:13.726-0300] {dagbag.py:540} INFO - Filling up the DagBag from /mnt/c/Users/Tilto/Desktop/Work/Airflow/dags/first_dag.py
[2024-05-01T18:35:13.745-0300] {logging_mixin.py:188} INFO - All Dag modules are ok ......
[2024-05-01T18:35:13.750-0300] {processor.py:840} INFO - DAG(s) 'first_dag' retrieved from /mnt/c/Users/Tilto/Desktop/Work/Airflow/dags/first_dag.py
[2024-05-01T18:35:13.785-0300] {logging_mixin.py:188} INFO - [2024-05-01T18:35:13.785-0300] {dag.py:3096} INFO - Sync 1 DAGs
[2024-05-01T18:35:13.809-0300] {logging_mixin.py:188} INFO - [2024-05-01T18:35:13.809-0300] {dag.py:3954} INFO - Setting next_dagrun for first_dag to None, run_after=None
[2024-05-01T18:35:13.894-0300] {processor.py:183} INFO - Processing /mnt/c/Users/Tilto/Desktop/Work/Airflow/dags/first_dag.py took 0.174 seconds
[2024-05-01T18:35:48.265-0300] {processor.py:161} INFO - Started process (PID=3645) to work on /mnt/c/Users/Tilto/Desktop/Work/Airflow/dags/first_dag.py
[2024-05-01T18:35:48.266-0300] {processor.py:830} INFO - Processing file /mnt/c/Users/Tilto/Desktop/Work/Airflow/dags/first_dag.py for tasks to queue
[2024-05-01T18:35:48.269-0300] {logging_mixin.py:188} INFO - [2024-05-01T18:35:48.268-0300] {dagbag.py:540} INFO - Filling up the DagBag from /mnt/c/Users/Tilto/Desktop/Work/Airflow/dags/first_dag.py
[2024-05-01T18:35:48.288-0300] {logging_mixin.py:188} INFO - All Dag modules are ok ......
[2024-05-01T18:35:48.293-0300] {processor.py:840} INFO - DAG(s) 'first_dag' retrieved from /mnt/c/Users/Tilto/Desktop/Work/Airflow/dags/first_dag.py
[2024-05-01T18:35:48.330-0300] {logging_mixin.py:188} INFO - [2024-05-01T18:35:48.329-0300] {dag.py:3096} INFO - Sync 1 DAGs
[2024-05-01T18:35:48.355-0300] {logging_mixin.py:188} INFO - [2024-05-01T18:35:48.354-0300] {dag.py:3954} INFO - Setting next_dagrun for first_dag to None, run_after=None
[2024-05-01T18:35:48.423-0300] {processor.py:183} INFO - Processing /mnt/c/Users/Tilto/Desktop/Work/Airflow/dags/first_dag.py took 0.164 seconds
[2024-05-01T18:36:19.015-0300] {processor.py:161} INFO - Started process (PID=3823) to work on /mnt/c/Users/Tilto/Desktop/Work/Airflow/dags/first_dag.py
[2024-05-01T18:36:19.017-0300] {processor.py:830} INFO - Processing file /mnt/c/Users/Tilto/Desktop/Work/Airflow/dags/first_dag.py for tasks to queue
[2024-05-01T18:36:19.019-0300] {logging_mixin.py:188} INFO - [2024-05-01T18:36:19.018-0300] {dagbag.py:540} INFO - Filling up the DagBag from /mnt/c/Users/Tilto/Desktop/Work/Airflow/dags/first_dag.py
[2024-05-01T18:36:19.043-0300] {logging_mixin.py:188} INFO - All Dag modules are ok ......
[2024-05-01T18:36:19.052-0300] {processor.py:840} INFO - DAG(s) 'first_dag' retrieved from /mnt/c/Users/Tilto/Desktop/Work/Airflow/dags/first_dag.py
[2024-05-01T18:36:19.104-0300] {logging_mixin.py:188} INFO - [2024-05-01T18:36:19.103-0300] {dag.py:3096} INFO - Sync 1 DAGs
[2024-05-01T18:36:19.151-0300] {logging_mixin.py:188} INFO - [2024-05-01T18:36:19.151-0300] {dag.py:3954} INFO - Setting next_dagrun for first_dag to None, run_after=None
[2024-05-01T18:36:19.253-0300] {processor.py:183} INFO - Processing /mnt/c/Users/Tilto/Desktop/Work/Airflow/dags/first_dag.py took 0.244 seconds
[2024-05-01T18:36:50.072-0300] {processor.py:161} INFO - Started process (PID=4003) to work on /mnt/c/Users/Tilto/Desktop/Work/Airflow/dags/first_dag.py
[2024-05-01T18:36:50.073-0300] {processor.py:830} INFO - Processing file /mnt/c/Users/Tilto/Desktop/Work/Airflow/dags/first_dag.py for tasks to queue
[2024-05-01T18:36:50.075-0300] {logging_mixin.py:188} INFO - [2024-05-01T18:36:50.074-0300] {dagbag.py:540} INFO - Filling up the DagBag from /mnt/c/Users/Tilto/Desktop/Work/Airflow/dags/first_dag.py
[2024-05-01T18:36:50.090-0300] {logging_mixin.py:188} INFO - All Dag modules are ok ......
[2024-05-01T18:36:50.094-0300] {processor.py:840} INFO - DAG(s) 'first_dag' retrieved from /mnt/c/Users/Tilto/Desktop/Work/Airflow/dags/first_dag.py
[2024-05-01T18:36:50.125-0300] {logging_mixin.py:188} INFO - [2024-05-01T18:36:50.125-0300] {dag.py:3096} INFO - Sync 1 DAGs
[2024-05-01T18:36:50.148-0300] {logging_mixin.py:188} INFO - [2024-05-01T18:36:50.147-0300] {dag.py:3954} INFO - Setting next_dagrun for first_dag to None, run_after=None
[2024-05-01T18:36:50.204-0300] {processor.py:183} INFO - Processing /mnt/c/Users/Tilto/Desktop/Work/Airflow/dags/first_dag.py took 0.136 seconds
[2024-05-01T18:37:21.636-0300] {processor.py:161} INFO - Started process (PID=4185) to work on /mnt/c/Users/Tilto/Desktop/Work/Airflow/dags/first_dag.py
[2024-05-01T18:37:21.637-0300] {processor.py:830} INFO - Processing file /mnt/c/Users/Tilto/Desktop/Work/Airflow/dags/first_dag.py for tasks to queue
[2024-05-01T18:37:21.639-0300] {logging_mixin.py:188} INFO - [2024-05-01T18:37:21.638-0300] {dagbag.py:540} INFO - Filling up the DagBag from /mnt/c/Users/Tilto/Desktop/Work/Airflow/dags/first_dag.py
[2024-05-01T18:37:21.663-0300] {logging_mixin.py:188} INFO - All Dag modules are ok ......
[2024-05-01T18:37:21.671-0300] {processor.py:840} INFO - DAG(s) 'first_dag' retrieved from /mnt/c/Users/Tilto/Desktop/Work/Airflow/dags/first_dag.py
[2024-05-01T18:37:21.718-0300] {logging_mixin.py:188} INFO - [2024-05-01T18:37:21.718-0300] {dag.py:3096} INFO - Sync 1 DAGs
[2024-05-01T18:37:21.745-0300] {logging_mixin.py:188} INFO - [2024-05-01T18:37:21.745-0300] {dag.py:3954} INFO - Setting next_dagrun for first_dag to None, run_after=None
[2024-05-01T18:37:21.806-0300] {processor.py:183} INFO - Processing /mnt/c/Users/Tilto/Desktop/Work/Airflow/dags/first_dag.py took 0.175 seconds
[2024-05-01T18:37:52.508-0300] {processor.py:161} INFO - Started process (PID=4364) to work on /mnt/c/Users/Tilto/Desktop/Work/Airflow/dags/first_dag.py
[2024-05-01T18:37:52.509-0300] {processor.py:830} INFO - Processing file /mnt/c/Users/Tilto/Desktop/Work/Airflow/dags/first_dag.py for tasks to queue
[2024-05-01T18:37:52.511-0300] {logging_mixin.py:188} INFO - [2024-05-01T18:37:52.510-0300] {dagbag.py:540} INFO - Filling up the DagBag from /mnt/c/Users/Tilto/Desktop/Work/Airflow/dags/first_dag.py
[2024-05-01T18:37:52.528-0300] {logging_mixin.py:188} INFO - All Dag modules are ok ......
[2024-05-01T18:37:52.532-0300] {processor.py:840} INFO - DAG(s) 'first_dag' retrieved from /mnt/c/Users/Tilto/Desktop/Work/Airflow/dags/first_dag.py
[2024-05-01T18:37:52.567-0300] {logging_mixin.py:188} INFO - [2024-05-01T18:37:52.567-0300] {dag.py:3096} INFO - Sync 1 DAGs
[2024-05-01T18:37:52.590-0300] {logging_mixin.py:188} INFO - [2024-05-01T18:37:52.590-0300] {dag.py:3954} INFO - Setting next_dagrun for first_dag to None, run_after=None
[2024-05-01T18:37:52.653-0300] {processor.py:183} INFO - Processing /mnt/c/Users/Tilto/Desktop/Work/Airflow/dags/first_dag.py took 0.149 seconds
[2024-05-01T18:38:24.755-0300] {processor.py:161} INFO - Started process (PID=4553) to work on /mnt/c/Users/Tilto/Desktop/Work/Airflow/dags/first_dag.py
[2024-05-01T18:38:24.756-0300] {processor.py:830} INFO - Processing file /mnt/c/Users/Tilto/Desktop/Work/Airflow/dags/first_dag.py for tasks to queue
[2024-05-01T18:38:24.757-0300] {logging_mixin.py:188} INFO - [2024-05-01T18:38:24.757-0300] {dagbag.py:540} INFO - Filling up the DagBag from /mnt/c/Users/Tilto/Desktop/Work/Airflow/dags/first_dag.py
[2024-05-01T18:38:24.771-0300] {logging_mixin.py:188} INFO - All Dag modules are ok ......
[2024-05-01T18:38:24.776-0300] {processor.py:840} INFO - DAG(s) 'first_dag' retrieved from /mnt/c/Users/Tilto/Desktop/Work/Airflow/dags/first_dag.py
[2024-05-01T18:38:24.808-0300] {logging_mixin.py:188} INFO - [2024-05-01T18:38:24.808-0300] {dag.py:3096} INFO - Sync 1 DAGs
[2024-05-01T18:38:24.830-0300] {logging_mixin.py:188} INFO - [2024-05-01T18:38:24.829-0300] {dag.py:3954} INFO - Setting next_dagrun for first_dag to None, run_after=None
[2024-05-01T18:38:24.884-0300] {processor.py:183} INFO - Processing /mnt/c/Users/Tilto/Desktop/Work/Airflow/dags/first_dag.py took 0.134 seconds
[2024-05-01T18:38:56.879-0300] {processor.py:161} INFO - Started process (PID=4736) to work on /mnt/c/Users/Tilto/Desktop/Work/Airflow/dags/first_dag.py
[2024-05-01T18:38:56.881-0300] {processor.py:830} INFO - Processing file /mnt/c/Users/Tilto/Desktop/Work/Airflow/dags/first_dag.py for tasks to queue
[2024-05-01T18:38:56.883-0300] {logging_mixin.py:188} INFO - [2024-05-01T18:38:56.882-0300] {dagbag.py:540} INFO - Filling up the DagBag from /mnt/c/Users/Tilto/Desktop/Work/Airflow/dags/first_dag.py
[2024-05-01T18:38:56.903-0300] {logging_mixin.py:188} INFO - All Dag modules are ok ......
[2024-05-01T18:38:56.909-0300] {processor.py:840} INFO - DAG(s) 'first_dag' retrieved from /mnt/c/Users/Tilto/Desktop/Work/Airflow/dags/first_dag.py
[2024-05-01T18:38:56.955-0300] {logging_mixin.py:188} INFO - [2024-05-01T18:38:56.955-0300] {dag.py:3096} INFO - Sync 1 DAGs
[2024-05-01T18:38:56.980-0300] {logging_mixin.py:188} INFO - [2024-05-01T18:38:56.980-0300] {dag.py:3954} INFO - Setting next_dagrun for first_dag to None, run_after=None
[2024-05-01T18:38:57.047-0300] {processor.py:183} INFO - Processing /mnt/c/Users/Tilto/Desktop/Work/Airflow/dags/first_dag.py took 0.176 seconds
[2024-05-01T18:39:28.866-0300] {processor.py:161} INFO - Started process (PID=4917) to work on /mnt/c/Users/Tilto/Desktop/Work/Airflow/dags/first_dag.py
[2024-05-01T18:39:28.867-0300] {processor.py:830} INFO - Processing file /mnt/c/Users/Tilto/Desktop/Work/Airflow/dags/first_dag.py for tasks to queue
[2024-05-01T18:39:28.868-0300] {logging_mixin.py:188} INFO - [2024-05-01T18:39:28.868-0300] {dagbag.py:540} INFO - Filling up the DagBag from /mnt/c/Users/Tilto/Desktop/Work/Airflow/dags/first_dag.py
[2024-05-01T18:39:28.882-0300] {logging_mixin.py:188} INFO - All Dag modules are ok ......
[2024-05-01T18:39:28.887-0300] {processor.py:840} INFO - DAG(s) 'first_dag' retrieved from /mnt/c/Users/Tilto/Desktop/Work/Airflow/dags/first_dag.py
[2024-05-01T18:39:28.923-0300] {logging_mixin.py:188} INFO - [2024-05-01T18:39:28.923-0300] {dag.py:3096} INFO - Sync 1 DAGs
[2024-05-01T18:39:28.950-0300] {logging_mixin.py:188} INFO - [2024-05-01T18:39:28.950-0300] {dag.py:3954} INFO - Setting next_dagrun for first_dag to None, run_after=None
[2024-05-01T18:39:29.017-0300] {processor.py:183} INFO - Processing /mnt/c/Users/Tilto/Desktop/Work/Airflow/dags/first_dag.py took 0.157 seconds
[2024-05-01T18:40:00.542-0300] {processor.py:161} INFO - Started process (PID=5104) to work on /mnt/c/Users/Tilto/Desktop/Work/Airflow/dags/first_dag.py
[2024-05-01T18:40:00.543-0300] {processor.py:830} INFO - Processing file /mnt/c/Users/Tilto/Desktop/Work/Airflow/dags/first_dag.py for tasks to queue
[2024-05-01T18:40:00.545-0300] {logging_mixin.py:188} INFO - [2024-05-01T18:40:00.545-0300] {dagbag.py:540} INFO - Filling up the DagBag from /mnt/c/Users/Tilto/Desktop/Work/Airflow/dags/first_dag.py
[2024-05-01T18:40:00.566-0300] {logging_mixin.py:188} INFO - All Dag modules are ok ......
[2024-05-01T18:40:00.571-0300] {processor.py:840} INFO - DAG(s) 'first_dag' retrieved from /mnt/c/Users/Tilto/Desktop/Work/Airflow/dags/first_dag.py
[2024-05-01T18:40:00.610-0300] {logging_mixin.py:188} INFO - [2024-05-01T18:40:00.610-0300] {dag.py:3096} INFO - Sync 1 DAGs
[2024-05-01T18:40:00.637-0300] {logging_mixin.py:188} INFO - [2024-05-01T18:40:00.636-0300] {dag.py:3954} INFO - Setting next_dagrun for first_dag to None, run_after=None
[2024-05-01T18:40:00.711-0300] {processor.py:183} INFO - Processing /mnt/c/Users/Tilto/Desktop/Work/Airflow/dags/first_dag.py took 0.173 seconds
[2024-05-01T18:40:31.494-0300] {processor.py:161} INFO - Started process (PID=5281) to work on /mnt/c/Users/Tilto/Desktop/Work/Airflow/dags/first_dag.py
[2024-05-01T18:40:31.495-0300] {processor.py:830} INFO - Processing file /mnt/c/Users/Tilto/Desktop/Work/Airflow/dags/first_dag.py for tasks to queue
[2024-05-01T18:40:31.497-0300] {logging_mixin.py:188} INFO - [2024-05-01T18:40:31.496-0300] {dagbag.py:540} INFO - Filling up the DagBag from /mnt/c/Users/Tilto/Desktop/Work/Airflow/dags/first_dag.py
[2024-05-01T18:40:31.514-0300] {logging_mixin.py:188} INFO - All Dag modules are ok ......
[2024-05-01T18:40:31.519-0300] {processor.py:840} INFO - DAG(s) 'first_dag' retrieved from /mnt/c/Users/Tilto/Desktop/Work/Airflow/dags/first_dag.py
[2024-05-01T18:40:31.557-0300] {logging_mixin.py:188} INFO - [2024-05-01T18:40:31.557-0300] {dag.py:3096} INFO - Sync 1 DAGs
[2024-05-01T18:40:31.584-0300] {logging_mixin.py:188} INFO - [2024-05-01T18:40:31.584-0300] {dag.py:3954} INFO - Setting next_dagrun for first_dag to None, run_after=None
[2024-05-01T18:40:31.648-0300] {processor.py:183} INFO - Processing /mnt/c/Users/Tilto/Desktop/Work/Airflow/dags/first_dag.py took 0.159 seconds
[2024-05-01T18:43:12.223-0300] {processor.py:161} INFO - Started process (PID=6020) to work on /mnt/c/Users/Tilto/Desktop/Work/Airflow/dags/first_dag.py
[2024-05-01T18:43:12.225-0300] {processor.py:830} INFO - Processing file /mnt/c/Users/Tilto/Desktop/Work/Airflow/dags/first_dag.py for tasks to queue
[2024-05-01T18:43:12.227-0300] {logging_mixin.py:188} INFO - [2024-05-01T18:43:12.227-0300] {dagbag.py:540} INFO - Filling up the DagBag from /mnt/c/Users/Tilto/Desktop/Work/Airflow/dags/first_dag.py
[2024-05-01T18:43:12.246-0300] {logging_mixin.py:188} INFO - All Dag modules are ok ......
[2024-05-01T18:43:12.252-0300] {processor.py:840} INFO - DAG(s) 'first_dag' retrieved from /mnt/c/Users/Tilto/Desktop/Work/Airflow/dags/first_dag.py
[2024-05-01T18:43:12.273-0300] {logging_mixin.py:188} INFO - [2024-05-01T18:43:12.272-0300] {dag.py:3096} INFO - Sync 1 DAGs
[2024-05-01T18:43:12.306-0300] {logging_mixin.py:188} INFO - [2024-05-01T18:43:12.306-0300] {dag.py:3954} INFO - Setting next_dagrun for first_dag to None, run_after=None
[2024-05-01T18:43:12.385-0300] {processor.py:183} INFO - Processing /mnt/c/Users/Tilto/Desktop/Work/Airflow/dags/first_dag.py took 0.166 seconds
[2024-05-01T18:43:43.336-0300] {processor.py:161} INFO - Started process (PID=6159) to work on /mnt/c/Users/Tilto/Desktop/Work/Airflow/dags/first_dag.py
[2024-05-01T18:43:43.337-0300] {processor.py:830} INFO - Processing file /mnt/c/Users/Tilto/Desktop/Work/Airflow/dags/first_dag.py for tasks to queue
[2024-05-01T18:43:43.339-0300] {logging_mixin.py:188} INFO - [2024-05-01T18:43:43.338-0300] {dagbag.py:540} INFO - Filling up the DagBag from /mnt/c/Users/Tilto/Desktop/Work/Airflow/dags/first_dag.py
[2024-05-01T18:43:43.351-0300] {logging_mixin.py:188} INFO - All Dag modules are ok ......
[2024-05-01T18:43:43.355-0300] {processor.py:840} INFO - DAG(s) 'first_dag' retrieved from /mnt/c/Users/Tilto/Desktop/Work/Airflow/dags/first_dag.py
[2024-05-01T18:43:43.464-0300] {logging_mixin.py:188} INFO - [2024-05-01T18:43:43.464-0300] {dag.py:3096} INFO - Sync 1 DAGs
[2024-05-01T18:43:43.486-0300] {logging_mixin.py:188} INFO - [2024-05-01T18:43:43.486-0300] {dag.py:3954} INFO - Setting next_dagrun for first_dag to None, run_after=None
[2024-05-01T18:43:43.546-0300] {processor.py:183} INFO - Processing /mnt/c/Users/Tilto/Desktop/Work/Airflow/dags/first_dag.py took 0.214 seconds
[2024-05-01T18:44:14.551-0300] {processor.py:161} INFO - Started process (PID=6288) to work on /mnt/c/Users/Tilto/Desktop/Work/Airflow/dags/first_dag.py
[2024-05-01T18:44:14.552-0300] {processor.py:830} INFO - Processing file /mnt/c/Users/Tilto/Desktop/Work/Airflow/dags/first_dag.py for tasks to queue
[2024-05-01T18:44:14.554-0300] {logging_mixin.py:188} INFO - [2024-05-01T18:44:14.554-0300] {dagbag.py:540} INFO - Filling up the DagBag from /mnt/c/Users/Tilto/Desktop/Work/Airflow/dags/first_dag.py
[2024-05-01T18:44:14.567-0300] {logging_mixin.py:188} INFO - All Dag modules are ok ......
[2024-05-01T18:44:14.571-0300] {processor.py:840} INFO - DAG(s) 'first_dag' retrieved from /mnt/c/Users/Tilto/Desktop/Work/Airflow/dags/first_dag.py
[2024-05-01T18:44:14.602-0300] {logging_mixin.py:188} INFO - [2024-05-01T18:44:14.602-0300] {dag.py:3096} INFO - Sync 1 DAGs
[2024-05-01T18:44:14.625-0300] {logging_mixin.py:188} INFO - [2024-05-01T18:44:14.625-0300] {dag.py:3954} INFO - Setting next_dagrun for first_dag to None, run_after=None
[2024-05-01T18:44:14.709-0300] {processor.py:183} INFO - Processing /mnt/c/Users/Tilto/Desktop/Work/Airflow/dags/first_dag.py took 0.162 seconds
[2024-05-01T18:44:44.843-0300] {processor.py:161} INFO - Started process (PID=6413) to work on /mnt/c/Users/Tilto/Desktop/Work/Airflow/dags/first_dag.py
[2024-05-01T18:44:44.844-0300] {processor.py:830} INFO - Processing file /mnt/c/Users/Tilto/Desktop/Work/Airflow/dags/first_dag.py for tasks to queue
[2024-05-01T18:44:44.845-0300] {logging_mixin.py:188} INFO - [2024-05-01T18:44:44.845-0300] {dagbag.py:540} INFO - Filling up the DagBag from /mnt/c/Users/Tilto/Desktop/Work/Airflow/dags/first_dag.py
[2024-05-01T18:44:44.861-0300] {logging_mixin.py:188} INFO - All Dag modules are ok ......
[2024-05-01T18:44:44.865-0300] {processor.py:840} INFO - DAG(s) 'first_dag' retrieved from /mnt/c/Users/Tilto/Desktop/Work/Airflow/dags/first_dag.py
[2024-05-01T18:44:44.897-0300] {logging_mixin.py:188} INFO - [2024-05-01T18:44:44.896-0300] {dag.py:3096} INFO - Sync 1 DAGs
[2024-05-01T18:44:44.918-0300] {logging_mixin.py:188} INFO - [2024-05-01T18:44:44.918-0300] {dag.py:3954} INFO - Setting next_dagrun for first_dag to None, run_after=None
[2024-05-01T18:44:44.978-0300] {processor.py:183} INFO - Processing /mnt/c/Users/Tilto/Desktop/Work/Airflow/dags/first_dag.py took 0.141 seconds
[2024-05-01T18:45:15.253-0300] {processor.py:161} INFO - Started process (PID=6539) to work on /mnt/c/Users/Tilto/Desktop/Work/Airflow/dags/first_dag.py
[2024-05-01T18:45:15.254-0300] {processor.py:830} INFO - Processing file /mnt/c/Users/Tilto/Desktop/Work/Airflow/dags/first_dag.py for tasks to queue
[2024-05-01T18:45:15.256-0300] {logging_mixin.py:188} INFO - [2024-05-01T18:45:15.255-0300] {dagbag.py:540} INFO - Filling up the DagBag from /mnt/c/Users/Tilto/Desktop/Work/Airflow/dags/first_dag.py
[2024-05-01T18:45:15.270-0300] {logging_mixin.py:188} INFO - All Dag modules are ok ......
[2024-05-01T18:45:15.274-0300] {processor.py:840} INFO - DAG(s) 'first_dag' retrieved from /mnt/c/Users/Tilto/Desktop/Work/Airflow/dags/first_dag.py
[2024-05-01T18:45:15.306-0300] {logging_mixin.py:188} INFO - [2024-05-01T18:45:15.306-0300] {dag.py:3096} INFO - Sync 1 DAGs
[2024-05-01T18:45:15.331-0300] {logging_mixin.py:188} INFO - [2024-05-01T18:45:15.331-0300] {dag.py:3954} INFO - Setting next_dagrun for first_dag to None, run_after=None
[2024-05-01T18:45:15.393-0300] {processor.py:183} INFO - Processing /mnt/c/Users/Tilto/Desktop/Work/Airflow/dags/first_dag.py took 0.145 seconds
[2024-05-01T18:45:45.751-0300] {processor.py:161} INFO - Started process (PID=6664) to work on /mnt/c/Users/Tilto/Desktop/Work/Airflow/dags/first_dag.py
[2024-05-01T18:45:45.752-0300] {processor.py:830} INFO - Processing file /mnt/c/Users/Tilto/Desktop/Work/Airflow/dags/first_dag.py for tasks to queue
[2024-05-01T18:45:45.754-0300] {logging_mixin.py:188} INFO - [2024-05-01T18:45:45.754-0300] {dagbag.py:540} INFO - Filling up the DagBag from /mnt/c/Users/Tilto/Desktop/Work/Airflow/dags/first_dag.py
[2024-05-01T18:45:45.767-0300] {logging_mixin.py:188} INFO - All Dag modules are ok ......
[2024-05-01T18:45:45.772-0300] {processor.py:840} INFO - DAG(s) 'first_dag' retrieved from /mnt/c/Users/Tilto/Desktop/Work/Airflow/dags/first_dag.py
[2024-05-01T18:45:45.804-0300] {logging_mixin.py:188} INFO - [2024-05-01T18:45:45.804-0300] {dag.py:3096} INFO - Sync 1 DAGs
[2024-05-01T18:45:45.827-0300] {logging_mixin.py:188} INFO - [2024-05-01T18:45:45.827-0300] {dag.py:3954} INFO - Setting next_dagrun for first_dag to None, run_after=None
[2024-05-01T18:45:45.912-0300] {processor.py:183} INFO - Processing /mnt/c/Users/Tilto/Desktop/Work/Airflow/dags/first_dag.py took 0.165 seconds
[2024-05-01T18:46:16.202-0300] {processor.py:161} INFO - Started process (PID=6788) to work on /mnt/c/Users/Tilto/Desktop/Work/Airflow/dags/first_dag.py
[2024-05-01T18:46:16.203-0300] {processor.py:830} INFO - Processing file /mnt/c/Users/Tilto/Desktop/Work/Airflow/dags/first_dag.py for tasks to queue
[2024-05-01T18:46:16.205-0300] {logging_mixin.py:188} INFO - [2024-05-01T18:46:16.204-0300] {dagbag.py:540} INFO - Filling up the DagBag from /mnt/c/Users/Tilto/Desktop/Work/Airflow/dags/first_dag.py
[2024-05-01T18:46:16.219-0300] {logging_mixin.py:188} INFO - All Dag modules are ok ......
[2024-05-01T18:46:16.224-0300] {processor.py:840} INFO - DAG(s) 'first_dag' retrieved from /mnt/c/Users/Tilto/Desktop/Work/Airflow/dags/first_dag.py
[2024-05-01T18:46:16.257-0300] {logging_mixin.py:188} INFO - [2024-05-01T18:46:16.257-0300] {dag.py:3096} INFO - Sync 1 DAGs
[2024-05-01T18:46:16.281-0300] {logging_mixin.py:188} INFO - [2024-05-01T18:46:16.280-0300] {dag.py:3954} INFO - Setting next_dagrun for first_dag to None, run_after=None
[2024-05-01T18:46:16.340-0300] {processor.py:183} INFO - Processing /mnt/c/Users/Tilto/Desktop/Work/Airflow/dags/first_dag.py took 0.143 seconds
[2024-05-01T18:46:47.027-0300] {processor.py:161} INFO - Started process (PID=6918) to work on /mnt/c/Users/Tilto/Desktop/Work/Airflow/dags/first_dag.py
[2024-05-01T18:46:47.028-0300] {processor.py:830} INFO - Processing file /mnt/c/Users/Tilto/Desktop/Work/Airflow/dags/first_dag.py for tasks to queue
[2024-05-01T18:46:47.029-0300] {logging_mixin.py:188} INFO - [2024-05-01T18:46:47.029-0300] {dagbag.py:540} INFO - Filling up the DagBag from /mnt/c/Users/Tilto/Desktop/Work/Airflow/dags/first_dag.py
[2024-05-01T18:46:47.042-0300] {logging_mixin.py:188} INFO - All Dag modules are ok ......
[2024-05-01T18:46:47.047-0300] {processor.py:840} INFO - DAG(s) 'first_dag' retrieved from /mnt/c/Users/Tilto/Desktop/Work/Airflow/dags/first_dag.py
[2024-05-01T18:46:47.078-0300] {logging_mixin.py:188} INFO - [2024-05-01T18:46:47.078-0300] {dag.py:3096} INFO - Sync 1 DAGs
[2024-05-01T18:46:47.101-0300] {logging_mixin.py:188} INFO - [2024-05-01T18:46:47.100-0300] {dag.py:3954} INFO - Setting next_dagrun for first_dag to None, run_after=None
[2024-05-01T18:46:47.252-0300] {processor.py:183} INFO - Processing /mnt/c/Users/Tilto/Desktop/Work/Airflow/dags/first_dag.py took 0.229 seconds
[2024-05-01T18:47:18.006-0300] {processor.py:161} INFO - Started process (PID=7045) to work on /mnt/c/Users/Tilto/Desktop/Work/Airflow/dags/first_dag.py
[2024-05-01T18:47:18.007-0300] {processor.py:830} INFO - Processing file /mnt/c/Users/Tilto/Desktop/Work/Airflow/dags/first_dag.py for tasks to queue
[2024-05-01T18:47:18.008-0300] {logging_mixin.py:188} INFO - [2024-05-01T18:47:18.008-0300] {dagbag.py:540} INFO - Filling up the DagBag from /mnt/c/Users/Tilto/Desktop/Work/Airflow/dags/first_dag.py
[2024-05-01T18:47:18.022-0300] {logging_mixin.py:188} INFO - All Dag modules are ok ......
[2024-05-01T18:47:18.027-0300] {processor.py:840} INFO - DAG(s) 'first_dag' retrieved from /mnt/c/Users/Tilto/Desktop/Work/Airflow/dags/first_dag.py
[2024-05-01T18:47:18.059-0300] {logging_mixin.py:188} INFO - [2024-05-01T18:47:18.058-0300] {dag.py:3096} INFO - Sync 1 DAGs
[2024-05-01T18:47:18.083-0300] {logging_mixin.py:188} INFO - [2024-05-01T18:47:18.083-0300] {dag.py:3954} INFO - Setting next_dagrun for first_dag to None, run_after=None
[2024-05-01T18:47:18.144-0300] {processor.py:183} INFO - Processing /mnt/c/Users/Tilto/Desktop/Work/Airflow/dags/first_dag.py took 0.143 seconds
[2024-05-01T18:47:48.515-0300] {processor.py:161} INFO - Started process (PID=7173) to work on /mnt/c/Users/Tilto/Desktop/Work/Airflow/dags/first_dag.py
[2024-05-01T18:47:48.516-0300] {processor.py:830} INFO - Processing file /mnt/c/Users/Tilto/Desktop/Work/Airflow/dags/first_dag.py for tasks to queue
[2024-05-01T18:47:48.518-0300] {logging_mixin.py:188} INFO - [2024-05-01T18:47:48.518-0300] {dagbag.py:540} INFO - Filling up the DagBag from /mnt/c/Users/Tilto/Desktop/Work/Airflow/dags/first_dag.py
[2024-05-01T18:47:48.531-0300] {logging_mixin.py:188} INFO - All Dag modules are ok ......
[2024-05-01T18:47:48.536-0300] {processor.py:840} INFO - DAG(s) 'first_dag' retrieved from /mnt/c/Users/Tilto/Desktop/Work/Airflow/dags/first_dag.py
[2024-05-01T18:47:48.567-0300] {logging_mixin.py:188} INFO - [2024-05-01T18:47:48.567-0300] {dag.py:3096} INFO - Sync 1 DAGs
[2024-05-01T18:47:48.589-0300] {logging_mixin.py:188} INFO - [2024-05-01T18:47:48.589-0300] {dag.py:3954} INFO - Setting next_dagrun for first_dag to None, run_after=None
[2024-05-01T18:47:48.648-0300] {processor.py:183} INFO - Processing /mnt/c/Users/Tilto/Desktop/Work/Airflow/dags/first_dag.py took 0.137 seconds
[2024-05-01T18:48:19.794-0300] {processor.py:161} INFO - Started process (PID=7303) to work on /mnt/c/Users/Tilto/Desktop/Work/Airflow/dags/first_dag.py
[2024-05-01T18:48:19.795-0300] {processor.py:830} INFO - Processing file /mnt/c/Users/Tilto/Desktop/Work/Airflow/dags/first_dag.py for tasks to queue
[2024-05-01T18:48:19.796-0300] {logging_mixin.py:188} INFO - [2024-05-01T18:48:19.796-0300] {dagbag.py:540} INFO - Filling up the DagBag from /mnt/c/Users/Tilto/Desktop/Work/Airflow/dags/first_dag.py
[2024-05-01T18:48:19.809-0300] {logging_mixin.py:188} INFO - All Dag modules are ok ......
[2024-05-01T18:48:19.813-0300] {processor.py:840} INFO - DAG(s) 'first_dag' retrieved from /mnt/c/Users/Tilto/Desktop/Work/Airflow/dags/first_dag.py
[2024-05-01T18:48:19.844-0300] {logging_mixin.py:188} INFO - [2024-05-01T18:48:19.844-0300] {dag.py:3096} INFO - Sync 1 DAGs
[2024-05-01T18:48:19.866-0300] {logging_mixin.py:188} INFO - [2024-05-01T18:48:19.866-0300] {dag.py:3954} INFO - Setting next_dagrun for first_dag to None, run_after=None
[2024-05-01T18:48:19.924-0300] {processor.py:183} INFO - Processing /mnt/c/Users/Tilto/Desktop/Work/Airflow/dags/first_dag.py took 0.134 seconds
[2024-05-01T18:48:50.910-0300] {processor.py:161} INFO - Started process (PID=7433) to work on /mnt/c/Users/Tilto/Desktop/Work/Airflow/dags/first_dag.py
[2024-05-01T18:48:50.911-0300] {processor.py:830} INFO - Processing file /mnt/c/Users/Tilto/Desktop/Work/Airflow/dags/first_dag.py for tasks to queue
[2024-05-01T18:48:50.913-0300] {logging_mixin.py:188} INFO - [2024-05-01T18:48:50.913-0300] {dagbag.py:540} INFO - Filling up the DagBag from /mnt/c/Users/Tilto/Desktop/Work/Airflow/dags/first_dag.py
[2024-05-01T18:48:50.927-0300] {logging_mixin.py:188} INFO - All Dag modules are ok ......
[2024-05-01T18:48:50.932-0300] {processor.py:840} INFO - DAG(s) 'first_dag' retrieved from /mnt/c/Users/Tilto/Desktop/Work/Airflow/dags/first_dag.py
[2024-05-01T18:48:50.968-0300] {logging_mixin.py:188} INFO - [2024-05-01T18:48:50.968-0300] {dag.py:3096} INFO - Sync 1 DAGs
[2024-05-01T18:48:50.992-0300] {logging_mixin.py:188} INFO - [2024-05-01T18:48:50.992-0300] {dag.py:3954} INFO - Setting next_dagrun for first_dag to None, run_after=None
[2024-05-01T18:48:51.053-0300] {processor.py:183} INFO - Processing /mnt/c/Users/Tilto/Desktop/Work/Airflow/dags/first_dag.py took 0.149 seconds
[2024-05-01T18:49:21.283-0300] {processor.py:161} INFO - Started process (PID=7558) to work on /mnt/c/Users/Tilto/Desktop/Work/Airflow/dags/first_dag.py
[2024-05-01T18:49:21.284-0300] {processor.py:830} INFO - Processing file /mnt/c/Users/Tilto/Desktop/Work/Airflow/dags/first_dag.py for tasks to queue
[2024-05-01T18:49:21.286-0300] {logging_mixin.py:188} INFO - [2024-05-01T18:49:21.285-0300] {dagbag.py:540} INFO - Filling up the DagBag from /mnt/c/Users/Tilto/Desktop/Work/Airflow/dags/first_dag.py
[2024-05-01T18:49:21.299-0300] {logging_mixin.py:188} INFO - All Dag modules are ok ......
[2024-05-01T18:49:21.304-0300] {processor.py:840} INFO - DAG(s) 'first_dag' retrieved from /mnt/c/Users/Tilto/Desktop/Work/Airflow/dags/first_dag.py
[2024-05-01T18:49:21.335-0300] {logging_mixin.py:188} INFO - [2024-05-01T18:49:21.335-0300] {dag.py:3096} INFO - Sync 1 DAGs
[2024-05-01T18:49:21.358-0300] {logging_mixin.py:188} INFO - [2024-05-01T18:49:21.358-0300] {dag.py:3954} INFO - Setting next_dagrun for first_dag to None, run_after=None
[2024-05-01T18:49:21.418-0300] {processor.py:183} INFO - Processing /mnt/c/Users/Tilto/Desktop/Work/Airflow/dags/first_dag.py took 0.140 seconds
[2024-05-01T18:49:51.949-0300] {processor.py:161} INFO - Started process (PID=7685) to work on /mnt/c/Users/Tilto/Desktop/Work/Airflow/dags/first_dag.py
[2024-05-01T18:49:51.950-0300] {processor.py:830} INFO - Processing file /mnt/c/Users/Tilto/Desktop/Work/Airflow/dags/first_dag.py for tasks to queue
[2024-05-01T18:49:51.951-0300] {logging_mixin.py:188} INFO - [2024-05-01T18:49:51.951-0300] {dagbag.py:540} INFO - Filling up the DagBag from /mnt/c/Users/Tilto/Desktop/Work/Airflow/dags/first_dag.py
[2024-05-01T18:49:51.965-0300] {logging_mixin.py:188} INFO - All Dag modules are ok ......
[2024-05-01T18:49:51.969-0300] {processor.py:840} INFO - DAG(s) 'first_dag' retrieved from /mnt/c/Users/Tilto/Desktop/Work/Airflow/dags/first_dag.py
[2024-05-01T18:49:52.003-0300] {logging_mixin.py:188} INFO - [2024-05-01T18:49:52.002-0300] {dag.py:3096} INFO - Sync 1 DAGs
[2024-05-01T18:49:52.028-0300] {logging_mixin.py:188} INFO - [2024-05-01T18:49:52.027-0300] {dag.py:3954} INFO - Setting next_dagrun for first_dag to None, run_after=None
[2024-05-01T18:49:52.096-0300] {processor.py:183} INFO - Processing /mnt/c/Users/Tilto/Desktop/Work/Airflow/dags/first_dag.py took 0.151 seconds
[2024-05-01T18:50:22.864-0300] {processor.py:161} INFO - Started process (PID=7814) to work on /mnt/c/Users/Tilto/Desktop/Work/Airflow/dags/first_dag.py
[2024-05-01T18:50:22.865-0300] {processor.py:830} INFO - Processing file /mnt/c/Users/Tilto/Desktop/Work/Airflow/dags/first_dag.py for tasks to queue
[2024-05-01T18:50:22.867-0300] {logging_mixin.py:188} INFO - [2024-05-01T18:50:22.866-0300] {dagbag.py:540} INFO - Filling up the DagBag from /mnt/c/Users/Tilto/Desktop/Work/Airflow/dags/first_dag.py
[2024-05-01T18:50:22.880-0300] {logging_mixin.py:188} INFO - All Dag modules are ok ......
[2024-05-01T18:50:22.885-0300] {processor.py:840} INFO - DAG(s) 'first_dag' retrieved from /mnt/c/Users/Tilto/Desktop/Work/Airflow/dags/first_dag.py
[2024-05-01T18:50:22.917-0300] {logging_mixin.py:188} INFO - [2024-05-01T18:50:22.916-0300] {dag.py:3096} INFO - Sync 1 DAGs
[2024-05-01T18:50:22.940-0300] {logging_mixin.py:188} INFO - [2024-05-01T18:50:22.940-0300] {dag.py:3954} INFO - Setting next_dagrun for first_dag to None, run_after=None
[2024-05-01T18:50:22.999-0300] {processor.py:183} INFO - Processing /mnt/c/Users/Tilto/Desktop/Work/Airflow/dags/first_dag.py took 0.140 seconds
[2024-05-01T18:50:53.560-0300] {processor.py:161} INFO - Started process (PID=7941) to work on /mnt/c/Users/Tilto/Desktop/Work/Airflow/dags/first_dag.py
[2024-05-01T18:50:53.560-0300] {processor.py:830} INFO - Processing file /mnt/c/Users/Tilto/Desktop/Work/Airflow/dags/first_dag.py for tasks to queue
[2024-05-01T18:50:53.562-0300] {logging_mixin.py:188} INFO - [2024-05-01T18:50:53.561-0300] {dagbag.py:540} INFO - Filling up the DagBag from /mnt/c/Users/Tilto/Desktop/Work/Airflow/dags/first_dag.py
[2024-05-01T18:50:53.574-0300] {logging_mixin.py:188} INFO - All Dag modules are ok ......
[2024-05-01T18:50:53.579-0300] {processor.py:840} INFO - DAG(s) 'first_dag' retrieved from /mnt/c/Users/Tilto/Desktop/Work/Airflow/dags/first_dag.py
[2024-05-01T18:50:53.612-0300] {logging_mixin.py:188} INFO - [2024-05-01T18:50:53.612-0300] {dag.py:3096} INFO - Sync 1 DAGs
[2024-05-01T18:50:53.634-0300] {logging_mixin.py:188} INFO - [2024-05-01T18:50:53.634-0300] {dag.py:3954} INFO - Setting next_dagrun for first_dag to None, run_after=None
[2024-05-01T18:50:53.693-0300] {processor.py:183} INFO - Processing /mnt/c/Users/Tilto/Desktop/Work/Airflow/dags/first_dag.py took 0.138 seconds
[2024-05-01T18:51:24.402-0300] {processor.py:161} INFO - Started process (PID=8070) to work on /mnt/c/Users/Tilto/Desktop/Work/Airflow/dags/first_dag.py
[2024-05-01T18:51:24.403-0300] {processor.py:830} INFO - Processing file /mnt/c/Users/Tilto/Desktop/Work/Airflow/dags/first_dag.py for tasks to queue
[2024-05-01T18:51:24.405-0300] {logging_mixin.py:188} INFO - [2024-05-01T18:51:24.404-0300] {dagbag.py:540} INFO - Filling up the DagBag from /mnt/c/Users/Tilto/Desktop/Work/Airflow/dags/first_dag.py
[2024-05-01T18:51:24.418-0300] {logging_mixin.py:188} INFO - All Dag modules are ok ......
[2024-05-01T18:51:24.422-0300] {processor.py:840} INFO - DAG(s) 'first_dag' retrieved from /mnt/c/Users/Tilto/Desktop/Work/Airflow/dags/first_dag.py
[2024-05-01T18:51:24.454-0300] {logging_mixin.py:188} INFO - [2024-05-01T18:51:24.453-0300] {dag.py:3096} INFO - Sync 1 DAGs
[2024-05-01T18:51:24.476-0300] {logging_mixin.py:188} INFO - [2024-05-01T18:51:24.475-0300] {dag.py:3954} INFO - Setting next_dagrun for first_dag to None, run_after=None
[2024-05-01T18:51:24.536-0300] {processor.py:183} INFO - Processing /mnt/c/Users/Tilto/Desktop/Work/Airflow/dags/first_dag.py took 0.138 seconds
[2024-05-01T18:51:55.106-0300] {processor.py:161} INFO - Started process (PID=8197) to work on /mnt/c/Users/Tilto/Desktop/Work/Airflow/dags/first_dag.py
[2024-05-01T18:51:55.107-0300] {processor.py:830} INFO - Processing file /mnt/c/Users/Tilto/Desktop/Work/Airflow/dags/first_dag.py for tasks to queue
[2024-05-01T18:51:55.109-0300] {logging_mixin.py:188} INFO - [2024-05-01T18:51:55.108-0300] {dagbag.py:540} INFO - Filling up the DagBag from /mnt/c/Users/Tilto/Desktop/Work/Airflow/dags/first_dag.py
[2024-05-01T18:51:55.122-0300] {logging_mixin.py:188} INFO - All Dag modules are ok ......
[2024-05-01T18:51:55.126-0300] {processor.py:840} INFO - DAG(s) 'first_dag' retrieved from /mnt/c/Users/Tilto/Desktop/Work/Airflow/dags/first_dag.py
[2024-05-01T18:51:55.157-0300] {logging_mixin.py:188} INFO - [2024-05-01T18:51:55.157-0300] {dag.py:3096} INFO - Sync 1 DAGs
[2024-05-01T18:51:55.179-0300] {logging_mixin.py:188} INFO - [2024-05-01T18:51:55.179-0300] {dag.py:3954} INFO - Setting next_dagrun for first_dag to None, run_after=None
[2024-05-01T18:51:55.242-0300] {processor.py:183} INFO - Processing /mnt/c/Users/Tilto/Desktop/Work/Airflow/dags/first_dag.py took 0.140 seconds
[2024-05-01T18:52:25.929-0300] {processor.py:161} INFO - Started process (PID=8326) to work on /mnt/c/Users/Tilto/Desktop/Work/Airflow/dags/first_dag.py
[2024-05-01T18:52:25.930-0300] {processor.py:830} INFO - Processing file /mnt/c/Users/Tilto/Desktop/Work/Airflow/dags/first_dag.py for tasks to queue
[2024-05-01T18:52:25.932-0300] {logging_mixin.py:188} INFO - [2024-05-01T18:52:25.932-0300] {dagbag.py:540} INFO - Filling up the DagBag from /mnt/c/Users/Tilto/Desktop/Work/Airflow/dags/first_dag.py
[2024-05-01T18:52:25.945-0300] {logging_mixin.py:188} INFO - All Dag modules are ok ......
[2024-05-01T18:52:25.948-0300] {processor.py:840} INFO - DAG(s) 'first_dag' retrieved from /mnt/c/Users/Tilto/Desktop/Work/Airflow/dags/first_dag.py
[2024-05-01T18:52:25.979-0300] {logging_mixin.py:188} INFO - [2024-05-01T18:52:25.979-0300] {dag.py:3096} INFO - Sync 1 DAGs
[2024-05-01T18:52:26.003-0300] {logging_mixin.py:188} INFO - [2024-05-01T18:52:26.003-0300] {dag.py:3954} INFO - Setting next_dagrun for first_dag to None, run_after=None
[2024-05-01T18:52:26.065-0300] {processor.py:183} INFO - Processing /mnt/c/Users/Tilto/Desktop/Work/Airflow/dags/first_dag.py took 0.140 seconds
[2024-05-01T18:52:56.252-0300] {processor.py:161} INFO - Started process (PID=8451) to work on /mnt/c/Users/Tilto/Desktop/Work/Airflow/dags/first_dag.py
[2024-05-01T18:52:56.253-0300] {processor.py:830} INFO - Processing file /mnt/c/Users/Tilto/Desktop/Work/Airflow/dags/first_dag.py for tasks to queue
[2024-05-01T18:52:56.255-0300] {logging_mixin.py:188} INFO - [2024-05-01T18:52:56.255-0300] {dagbag.py:540} INFO - Filling up the DagBag from /mnt/c/Users/Tilto/Desktop/Work/Airflow/dags/first_dag.py
[2024-05-01T18:52:56.268-0300] {logging_mixin.py:188} INFO - All Dag modules are ok ......
[2024-05-01T18:52:56.272-0300] {processor.py:840} INFO - DAG(s) 'first_dag' retrieved from /mnt/c/Users/Tilto/Desktop/Work/Airflow/dags/first_dag.py
[2024-05-01T18:52:56.303-0300] {logging_mixin.py:188} INFO - [2024-05-01T18:52:56.303-0300] {dag.py:3096} INFO - Sync 1 DAGs
[2024-05-01T18:52:56.326-0300] {logging_mixin.py:188} INFO - [2024-05-01T18:52:56.326-0300] {dag.py:3954} INFO - Setting next_dagrun for first_dag to None, run_after=None
[2024-05-01T18:52:56.384-0300] {processor.py:183} INFO - Processing /mnt/c/Users/Tilto/Desktop/Work/Airflow/dags/first_dag.py took 0.136 seconds
[2024-05-01T18:53:26.468-0300] {processor.py:161} INFO - Started process (PID=8577) to work on /mnt/c/Users/Tilto/Desktop/Work/Airflow/dags/first_dag.py
[2024-05-01T18:53:26.469-0300] {processor.py:830} INFO - Processing file /mnt/c/Users/Tilto/Desktop/Work/Airflow/dags/first_dag.py for tasks to queue
[2024-05-01T18:53:26.471-0300] {logging_mixin.py:188} INFO - [2024-05-01T18:53:26.470-0300] {dagbag.py:540} INFO - Filling up the DagBag from /mnt/c/Users/Tilto/Desktop/Work/Airflow/dags/first_dag.py
[2024-05-01T18:53:26.485-0300] {logging_mixin.py:188} INFO - All Dag modules are ok ......
[2024-05-01T18:53:26.489-0300] {processor.py:840} INFO - DAG(s) 'first_dag' retrieved from /mnt/c/Users/Tilto/Desktop/Work/Airflow/dags/first_dag.py
[2024-05-01T18:53:26.521-0300] {logging_mixin.py:188} INFO - [2024-05-01T18:53:26.521-0300] {dag.py:3096} INFO - Sync 1 DAGs
[2024-05-01T18:53:26.545-0300] {logging_mixin.py:188} INFO - [2024-05-01T18:53:26.544-0300] {dag.py:3954} INFO - Setting next_dagrun for first_dag to None, run_after=None
[2024-05-01T18:53:26.675-0300] {processor.py:183} INFO - Processing /mnt/c/Users/Tilto/Desktop/Work/Airflow/dags/first_dag.py took 0.211 seconds
[2024-05-01T18:53:57.720-0300] {processor.py:161} INFO - Started process (PID=8705) to work on /mnt/c/Users/Tilto/Desktop/Work/Airflow/dags/first_dag.py
[2024-05-01T18:53:57.721-0300] {processor.py:830} INFO - Processing file /mnt/c/Users/Tilto/Desktop/Work/Airflow/dags/first_dag.py for tasks to queue
[2024-05-01T18:53:57.726-0300] {logging_mixin.py:188} INFO - [2024-05-01T18:53:57.725-0300] {dagbag.py:540} INFO - Filling up the DagBag from /mnt/c/Users/Tilto/Desktop/Work/Airflow/dags/first_dag.py
[2024-05-01T18:53:57.749-0300] {logging_mixin.py:188} INFO - All Dag modules are ok ......
[2024-05-01T18:53:57.756-0300] {processor.py:840} INFO - DAG(s) 'first_dag' retrieved from /mnt/c/Users/Tilto/Desktop/Work/Airflow/dags/first_dag.py
[2024-05-01T18:53:57.799-0300] {logging_mixin.py:188} INFO - [2024-05-01T18:53:57.798-0300] {dag.py:3096} INFO - Sync 1 DAGs
[2024-05-01T18:53:57.893-0300] {logging_mixin.py:188} INFO - [2024-05-01T18:53:57.893-0300] {dag.py:3954} INFO - Setting next_dagrun for first_dag to None, run_after=None
[2024-05-01T18:53:57.951-0300] {processor.py:183} INFO - Processing /mnt/c/Users/Tilto/Desktop/Work/Airflow/dags/first_dag.py took 0.239 seconds
[2024-05-01T18:54:28.225-0300] {processor.py:161} INFO - Started process (PID=8832) to work on /mnt/c/Users/Tilto/Desktop/Work/Airflow/dags/first_dag.py
[2024-05-01T18:54:28.226-0300] {processor.py:830} INFO - Processing file /mnt/c/Users/Tilto/Desktop/Work/Airflow/dags/first_dag.py for tasks to queue
[2024-05-01T18:54:28.227-0300] {logging_mixin.py:188} INFO - [2024-05-01T18:54:28.227-0300] {dagbag.py:540} INFO - Filling up the DagBag from /mnt/c/Users/Tilto/Desktop/Work/Airflow/dags/first_dag.py
[2024-05-01T18:54:28.241-0300] {logging_mixin.py:188} INFO - All Dag modules are ok ......
[2024-05-01T18:54:28.246-0300] {processor.py:840} INFO - DAG(s) 'first_dag' retrieved from /mnt/c/Users/Tilto/Desktop/Work/Airflow/dags/first_dag.py
[2024-05-01T18:54:28.281-0300] {logging_mixin.py:188} INFO - [2024-05-01T18:54:28.281-0300] {dag.py:3096} INFO - Sync 1 DAGs
[2024-05-01T18:54:28.375-0300] {logging_mixin.py:188} INFO - [2024-05-01T18:54:28.375-0300] {dag.py:3954} INFO - Setting next_dagrun for first_dag to None, run_after=None
[2024-05-01T18:54:28.436-0300] {processor.py:183} INFO - Processing /mnt/c/Users/Tilto/Desktop/Work/Airflow/dags/first_dag.py took 0.216 seconds
[2024-05-01T18:54:59.019-0300] {processor.py:161} INFO - Started process (PID=8959) to work on /mnt/c/Users/Tilto/Desktop/Work/Airflow/dags/first_dag.py
[2024-05-01T18:54:59.020-0300] {processor.py:830} INFO - Processing file /mnt/c/Users/Tilto/Desktop/Work/Airflow/dags/first_dag.py for tasks to queue
[2024-05-01T18:54:59.022-0300] {logging_mixin.py:188} INFO - [2024-05-01T18:54:59.021-0300] {dagbag.py:540} INFO - Filling up the DagBag from /mnt/c/Users/Tilto/Desktop/Work/Airflow/dags/first_dag.py
[2024-05-01T18:54:59.034-0300] {logging_mixin.py:188} INFO - All Dag modules are ok ......
[2024-05-01T18:54:59.039-0300] {processor.py:840} INFO - DAG(s) 'first_dag' retrieved from /mnt/c/Users/Tilto/Desktop/Work/Airflow/dags/first_dag.py
[2024-05-01T18:54:59.070-0300] {logging_mixin.py:188} INFO - [2024-05-01T18:54:59.069-0300] {dag.py:3096} INFO - Sync 1 DAGs
[2024-05-01T18:54:59.157-0300] {logging_mixin.py:188} INFO - [2024-05-01T18:54:59.157-0300] {dag.py:3954} INFO - Setting next_dagrun for first_dag to None, run_after=None
[2024-05-01T18:54:59.220-0300] {processor.py:183} INFO - Processing /mnt/c/Users/Tilto/Desktop/Work/Airflow/dags/first_dag.py took 0.205 seconds
[2024-05-01T18:55:29.757-0300] {processor.py:161} INFO - Started process (PID=9086) to work on /mnt/c/Users/Tilto/Desktop/Work/Airflow/dags/first_dag.py
[2024-05-01T18:55:29.758-0300] {processor.py:830} INFO - Processing file /mnt/c/Users/Tilto/Desktop/Work/Airflow/dags/first_dag.py for tasks to queue
[2024-05-01T18:55:29.760-0300] {logging_mixin.py:188} INFO - [2024-05-01T18:55:29.760-0300] {dagbag.py:540} INFO - Filling up the DagBag from /mnt/c/Users/Tilto/Desktop/Work/Airflow/dags/first_dag.py
[2024-05-01T18:55:29.773-0300] {logging_mixin.py:188} INFO - All Dag modules are ok ......
[2024-05-01T18:55:29.777-0300] {processor.py:840} INFO - DAG(s) 'first_dag' retrieved from /mnt/c/Users/Tilto/Desktop/Work/Airflow/dags/first_dag.py
[2024-05-01T18:55:29.876-0300] {logging_mixin.py:188} INFO - [2024-05-01T18:55:29.876-0300] {dag.py:3096} INFO - Sync 1 DAGs
[2024-05-01T18:55:29.897-0300] {logging_mixin.py:188} INFO - [2024-05-01T18:55:29.897-0300] {dag.py:3954} INFO - Setting next_dagrun for first_dag to None, run_after=None
[2024-05-01T18:55:29.954-0300] {processor.py:183} INFO - Processing /mnt/c/Users/Tilto/Desktop/Work/Airflow/dags/first_dag.py took 0.202 seconds
