[2024-05-03T20:01:53.913-0300] {processor.py:161} INFO - Started process (PID=778) to work on /mnt/c/Users/Tilto/Desktop/Work/Airflow/dags/dag_exemplo.py
[2024-05-03T20:01:53.914-0300] {processor.py:830} INFO - Processing file /mnt/c/Users/Tilto/Desktop/Work/Airflow/dags/dag_exemplo.py for tasks to queue
[2024-05-03T20:01:53.916-0300] {logging_mixin.py:188} INFO - [2024-05-03T20:01:53.916-0300] {dagbag.py:540} INFO - Filling up the DagBag from /mnt/c/Users/Tilto/Desktop/Work/Airflow/dags/dag_exemplo.py
[2024-05-03T20:01:53.937-0300] {processor.py:840} INFO - DAG(s) 'dag_exemplo' retrieved from /mnt/c/Users/Tilto/Desktop/Work/Airflow/dags/dag_exemplo.py
[2024-05-03T20:01:53.950-0300] {logging_mixin.py:188} INFO - [2024-05-03T20:01:53.950-0300] {dag.py:3096} INFO - Sync 1 DAGs
[2024-05-03T20:01:53.965-0300] {logging_mixin.py:188} INFO - [2024-05-03T20:01:53.965-0300] {dag.py:3954} INFO - Setting next_dagrun for dag_exemplo to None, run_after=None
[2024-05-03T20:01:54.028-0300] {processor.py:183} INFO - Processing /mnt/c/Users/Tilto/Desktop/Work/Airflow/dags/dag_exemplo.py took 0.119 seconds
[2024-05-03T20:02:26.494-0300] {processor.py:161} INFO - Started process (PID=955) to work on /mnt/c/Users/Tilto/Desktop/Work/Airflow/dags/dag_exemplo.py
[2024-05-03T20:02:26.495-0300] {processor.py:830} INFO - Processing file /mnt/c/Users/Tilto/Desktop/Work/Airflow/dags/dag_exemplo.py for tasks to queue
[2024-05-03T20:02:26.496-0300] {logging_mixin.py:188} INFO - [2024-05-03T20:02:26.496-0300] {dagbag.py:540} INFO - Filling up the DagBag from /mnt/c/Users/Tilto/Desktop/Work/Airflow/dags/dag_exemplo.py
[2024-05-03T20:02:26.526-0300] {processor.py:840} INFO - DAG(s) 'dag_exemplo' retrieved from /mnt/c/Users/Tilto/Desktop/Work/Airflow/dags/dag_exemplo.py
[2024-05-03T20:02:26.647-0300] {logging_mixin.py:188} INFO - [2024-05-03T20:02:26.647-0300] {dag.py:3096} INFO - Sync 1 DAGs
[2024-05-03T20:02:26.659-0300] {logging_mixin.py:188} INFO - [2024-05-03T20:02:26.659-0300] {dag.py:3954} INFO - Setting next_dagrun for dag_exemplo to None, run_after=None
[2024-05-03T20:02:26.730-0300] {processor.py:183} INFO - Processing /mnt/c/Users/Tilto/Desktop/Work/Airflow/dags/dag_exemplo.py took 0.242 seconds
[2024-05-03T20:03:01.775-0300] {processor.py:161} INFO - Started process (PID=1135) to work on /mnt/c/Users/Tilto/Desktop/Work/Airflow/dags/dag_exemplo.py
[2024-05-03T20:03:01.776-0300] {processor.py:830} INFO - Processing file /mnt/c/Users/Tilto/Desktop/Work/Airflow/dags/dag_exemplo.py for tasks to queue
[2024-05-03T20:03:01.777-0300] {logging_mixin.py:188} INFO - [2024-05-03T20:03:01.777-0300] {dagbag.py:540} INFO - Filling up the DagBag from /mnt/c/Users/Tilto/Desktop/Work/Airflow/dags/dag_exemplo.py
[2024-05-03T20:03:01.800-0300] {processor.py:840} INFO - DAG(s) 'dag_exemplo' retrieved from /mnt/c/Users/Tilto/Desktop/Work/Airflow/dags/dag_exemplo.py
[2024-05-03T20:03:01.824-0300] {logging_mixin.py:188} INFO - [2024-05-03T20:03:01.824-0300] {dag.py:3096} INFO - Sync 1 DAGs
[2024-05-03T20:03:01.837-0300] {logging_mixin.py:188} INFO - [2024-05-03T20:03:01.837-0300] {dag.py:3954} INFO - Setting next_dagrun for dag_exemplo to None, run_after=None
[2024-05-03T20:03:01.894-0300] {processor.py:183} INFO - Processing /mnt/c/Users/Tilto/Desktop/Work/Airflow/dags/dag_exemplo.py took 0.123 seconds
[2024-05-03T20:03:34.804-0300] {processor.py:161} INFO - Started process (PID=1307) to work on /mnt/c/Users/Tilto/Desktop/Work/Airflow/dags/dag_exemplo.py
[2024-05-03T20:03:34.805-0300] {processor.py:830} INFO - Processing file /mnt/c/Users/Tilto/Desktop/Work/Airflow/dags/dag_exemplo.py for tasks to queue
[2024-05-03T20:03:34.810-0300] {logging_mixin.py:188} INFO - [2024-05-03T20:03:34.809-0300] {dagbag.py:540} INFO - Filling up the DagBag from /mnt/c/Users/Tilto/Desktop/Work/Airflow/dags/dag_exemplo.py
[2024-05-03T20:03:34.831-0300] {processor.py:840} INFO - DAG(s) 'dag_exemplo' retrieved from /mnt/c/Users/Tilto/Desktop/Work/Airflow/dags/dag_exemplo.py
[2024-05-03T20:03:34.860-0300] {logging_mixin.py:188} INFO - [2024-05-03T20:03:34.859-0300] {dag.py:3096} INFO - Sync 1 DAGs
[2024-05-03T20:03:34.875-0300] {logging_mixin.py:188} INFO - [2024-05-03T20:03:34.875-0300] {dag.py:3954} INFO - Setting next_dagrun for dag_exemplo to None, run_after=None
[2024-05-03T20:03:34.942-0300] {processor.py:183} INFO - Processing /mnt/c/Users/Tilto/Desktop/Work/Airflow/dags/dag_exemplo.py took 0.143 seconds
[2024-05-03T20:04:05.420-0300] {processor.py:161} INFO - Started process (PID=1457) to work on /mnt/c/Users/Tilto/Desktop/Work/Airflow/dags/dag_exemplo.py
[2024-05-03T20:04:05.421-0300] {processor.py:830} INFO - Processing file /mnt/c/Users/Tilto/Desktop/Work/Airflow/dags/dag_exemplo.py for tasks to queue
[2024-05-03T20:04:05.422-0300] {logging_mixin.py:188} INFO - [2024-05-03T20:04:05.422-0300] {dagbag.py:540} INFO - Filling up the DagBag from /mnt/c/Users/Tilto/Desktop/Work/Airflow/dags/dag_exemplo.py
[2024-05-03T20:04:05.445-0300] {processor.py:840} INFO - DAG(s) 'dag_exemplo' retrieved from /mnt/c/Users/Tilto/Desktop/Work/Airflow/dags/dag_exemplo.py
[2024-05-03T20:04:05.483-0300] {logging_mixin.py:188} INFO - [2024-05-03T20:04:05.482-0300] {dag.py:3096} INFO - Sync 1 DAGs
[2024-05-03T20:04:05.496-0300] {logging_mixin.py:188} INFO - [2024-05-03T20:04:05.496-0300] {dag.py:3954} INFO - Setting next_dagrun for dag_exemplo to None, run_after=None
[2024-05-03T20:04:05.555-0300] {processor.py:183} INFO - Processing /mnt/c/Users/Tilto/Desktop/Work/Airflow/dags/dag_exemplo.py took 0.142 seconds
[2024-05-03T20:04:40.805-0300] {processor.py:161} INFO - Started process (PID=1639) to work on /mnt/c/Users/Tilto/Desktop/Work/Airflow/dags/dag_exemplo.py
[2024-05-03T20:04:40.806-0300] {processor.py:830} INFO - Processing file /mnt/c/Users/Tilto/Desktop/Work/Airflow/dags/dag_exemplo.py for tasks to queue
[2024-05-03T20:04:40.807-0300] {logging_mixin.py:188} INFO - [2024-05-03T20:04:40.807-0300] {dagbag.py:540} INFO - Filling up the DagBag from /mnt/c/Users/Tilto/Desktop/Work/Airflow/dags/dag_exemplo.py
[2024-05-03T20:04:40.833-0300] {processor.py:840} INFO - DAG(s) 'dag_exemplo' retrieved from /mnt/c/Users/Tilto/Desktop/Work/Airflow/dags/dag_exemplo.py
[2024-05-03T20:04:40.877-0300] {logging_mixin.py:188} INFO - [2024-05-03T20:04:40.877-0300] {dag.py:3096} INFO - Sync 1 DAGs
[2024-05-03T20:04:40.931-0300] {logging_mixin.py:188} INFO - [2024-05-03T20:04:40.930-0300] {dag.py:3954} INFO - Setting next_dagrun for dag_exemplo to None, run_after=None
[2024-05-03T20:04:41.011-0300] {processor.py:183} INFO - Processing /mnt/c/Users/Tilto/Desktop/Work/Airflow/dags/dag_exemplo.py took 0.211 seconds
[2024-05-03T20:05:11.352-0300] {processor.py:161} INFO - Started process (PID=1793) to work on /mnt/c/Users/Tilto/Desktop/Work/Airflow/dags/dag_exemplo.py
[2024-05-03T20:05:11.353-0300] {processor.py:830} INFO - Processing file /mnt/c/Users/Tilto/Desktop/Work/Airflow/dags/dag_exemplo.py for tasks to queue
[2024-05-03T20:05:11.354-0300] {logging_mixin.py:188} INFO - [2024-05-03T20:05:11.354-0300] {dagbag.py:540} INFO - Filling up the DagBag from /mnt/c/Users/Tilto/Desktop/Work/Airflow/dags/dag_exemplo.py
[2024-05-03T20:05:11.375-0300] {processor.py:840} INFO - DAG(s) 'dag_exemplo' retrieved from /mnt/c/Users/Tilto/Desktop/Work/Airflow/dags/dag_exemplo.py
[2024-05-03T20:05:11.400-0300] {logging_mixin.py:188} INFO - [2024-05-03T20:05:11.400-0300] {dag.py:3096} INFO - Sync 1 DAGs
[2024-05-03T20:05:11.412-0300] {logging_mixin.py:188} INFO - [2024-05-03T20:05:11.411-0300] {dag.py:3954} INFO - Setting next_dagrun for dag_exemplo to None, run_after=None
[2024-05-03T20:05:11.468-0300] {processor.py:183} INFO - Processing /mnt/c/Users/Tilto/Desktop/Work/Airflow/dags/dag_exemplo.py took 0.121 seconds
[2024-05-03T20:05:41.678-0300] {processor.py:161} INFO - Started process (PID=1940) to work on /mnt/c/Users/Tilto/Desktop/Work/Airflow/dags/dag_exemplo.py
[2024-05-03T20:05:41.679-0300] {processor.py:830} INFO - Processing file /mnt/c/Users/Tilto/Desktop/Work/Airflow/dags/dag_exemplo.py for tasks to queue
[2024-05-03T20:05:41.681-0300] {logging_mixin.py:188} INFO - [2024-05-03T20:05:41.681-0300] {dagbag.py:540} INFO - Filling up the DagBag from /mnt/c/Users/Tilto/Desktop/Work/Airflow/dags/dag_exemplo.py
[2024-05-03T20:05:41.708-0300] {processor.py:840} INFO - DAG(s) 'dag_exemplo' retrieved from /mnt/c/Users/Tilto/Desktop/Work/Airflow/dags/dag_exemplo.py
[2024-05-03T20:05:41.762-0300] {logging_mixin.py:188} INFO - [2024-05-03T20:05:41.761-0300] {dag.py:3096} INFO - Sync 1 DAGs
[2024-05-03T20:05:41.785-0300] {logging_mixin.py:188} INFO - [2024-05-03T20:05:41.785-0300] {dag.py:3954} INFO - Setting next_dagrun for dag_exemplo to None, run_after=None
[2024-05-03T20:05:41.901-0300] {processor.py:183} INFO - Processing /mnt/c/Users/Tilto/Desktop/Work/Airflow/dags/dag_exemplo.py took 0.228 seconds
[2024-05-03T20:06:16.232-0300] {processor.py:161} INFO - Started process (PID=2109) to work on /mnt/c/Users/Tilto/Desktop/Work/Airflow/dags/dag_exemplo.py
[2024-05-03T20:06:16.232-0300] {processor.py:830} INFO - Processing file /mnt/c/Users/Tilto/Desktop/Work/Airflow/dags/dag_exemplo.py for tasks to queue
[2024-05-03T20:06:16.234-0300] {logging_mixin.py:188} INFO - [2024-05-03T20:06:16.234-0300] {dagbag.py:540} INFO - Filling up the DagBag from /mnt/c/Users/Tilto/Desktop/Work/Airflow/dags/dag_exemplo.py
[2024-05-03T20:06:16.257-0300] {processor.py:840} INFO - DAG(s) 'dag_exemplo' retrieved from /mnt/c/Users/Tilto/Desktop/Work/Airflow/dags/dag_exemplo.py
[2024-05-03T20:06:16.284-0300] {logging_mixin.py:188} INFO - [2024-05-03T20:06:16.284-0300] {dag.py:3096} INFO - Sync 1 DAGs
[2024-05-03T20:06:16.298-0300] {logging_mixin.py:188} INFO - [2024-05-03T20:06:16.298-0300] {dag.py:3954} INFO - Setting next_dagrun for dag_exemplo to None, run_after=None
[2024-05-03T20:06:16.369-0300] {processor.py:183} INFO - Processing /mnt/c/Users/Tilto/Desktop/Work/Airflow/dags/dag_exemplo.py took 0.142 seconds
[2024-05-03T20:52:18.843-0300] {processor.py:161} INFO - Started process (PID=13014) to work on /mnt/c/Users/Tilto/Desktop/Work/Airflow/dags/dag_exemplo.py
[2024-05-03T20:52:18.844-0300] {processor.py:830} INFO - Processing file /mnt/c/Users/Tilto/Desktop/Work/Airflow/dags/dag_exemplo.py for tasks to queue
[2024-05-03T20:52:18.846-0300] {logging_mixin.py:188} INFO - [2024-05-03T20:52:18.845-0300] {dagbag.py:540} INFO - Filling up the DagBag from /mnt/c/Users/Tilto/Desktop/Work/Airflow/dags/dag_exemplo.py
[2024-05-03T20:52:18.869-0300] {processor.py:840} INFO - DAG(s) 'dag_exemplo' retrieved from /mnt/c/Users/Tilto/Desktop/Work/Airflow/dags/dag_exemplo.py
[2024-05-03T20:52:18.883-0300] {logging_mixin.py:188} INFO - [2024-05-03T20:52:18.883-0300] {dag.py:3096} INFO - Sync 1 DAGs
[2024-05-03T20:52:18.899-0300] {logging_mixin.py:188} INFO - [2024-05-03T20:52:18.899-0300] {dag.py:3954} INFO - Setting next_dagrun for dag_exemplo to None, run_after=None
[2024-05-03T20:52:18.958-0300] {processor.py:183} INFO - Processing /mnt/c/Users/Tilto/Desktop/Work/Airflow/dags/dag_exemplo.py took 0.120 seconds
[2024-05-03T20:52:50.799-0300] {processor.py:161} INFO - Started process (PID=13189) to work on /mnt/c/Users/Tilto/Desktop/Work/Airflow/dags/dag_exemplo.py
[2024-05-03T20:52:50.800-0300] {processor.py:830} INFO - Processing file /mnt/c/Users/Tilto/Desktop/Work/Airflow/dags/dag_exemplo.py for tasks to queue
[2024-05-03T20:52:50.802-0300] {logging_mixin.py:188} INFO - [2024-05-03T20:52:50.801-0300] {dagbag.py:540} INFO - Filling up the DagBag from /mnt/c/Users/Tilto/Desktop/Work/Airflow/dags/dag_exemplo.py
[2024-05-03T20:52:50.821-0300] {processor.py:840} INFO - DAG(s) 'dag_exemplo' retrieved from /mnt/c/Users/Tilto/Desktop/Work/Airflow/dags/dag_exemplo.py
[2024-05-03T20:52:50.942-0300] {logging_mixin.py:188} INFO - [2024-05-03T20:52:50.942-0300] {dag.py:3096} INFO - Sync 1 DAGs
[2024-05-03T20:52:50.953-0300] {logging_mixin.py:188} INFO - [2024-05-03T20:52:50.953-0300] {dag.py:3954} INFO - Setting next_dagrun for dag_exemplo to None, run_after=None
[2024-05-03T20:52:51.003-0300] {processor.py:183} INFO - Processing /mnt/c/Users/Tilto/Desktop/Work/Airflow/dags/dag_exemplo.py took 0.208 seconds
[2024-05-03T20:53:23.147-0300] {processor.py:161} INFO - Started process (PID=13357) to work on /mnt/c/Users/Tilto/Desktop/Work/Airflow/dags/dag_exemplo.py
[2024-05-03T20:53:23.148-0300] {processor.py:830} INFO - Processing file /mnt/c/Users/Tilto/Desktop/Work/Airflow/dags/dag_exemplo.py for tasks to queue
[2024-05-03T20:53:23.149-0300] {logging_mixin.py:188} INFO - [2024-05-03T20:53:23.149-0300] {dagbag.py:540} INFO - Filling up the DagBag from /mnt/c/Users/Tilto/Desktop/Work/Airflow/dags/dag_exemplo.py
[2024-05-03T20:53:23.167-0300] {processor.py:840} INFO - DAG(s) 'dag_exemplo' retrieved from /mnt/c/Users/Tilto/Desktop/Work/Airflow/dags/dag_exemplo.py
[2024-05-03T20:53:23.194-0300] {logging_mixin.py:188} INFO - [2024-05-03T20:53:23.193-0300] {dag.py:3096} INFO - Sync 1 DAGs
[2024-05-03T20:53:23.205-0300] {logging_mixin.py:188} INFO - [2024-05-03T20:53:23.205-0300] {dag.py:3954} INFO - Setting next_dagrun for dag_exemplo to None, run_after=None
[2024-05-03T20:53:23.262-0300] {processor.py:183} INFO - Processing /mnt/c/Users/Tilto/Desktop/Work/Airflow/dags/dag_exemplo.py took 0.120 seconds
[2024-05-03T20:53:58.438-0300] {processor.py:161} INFO - Started process (PID=13542) to work on /mnt/c/Users/Tilto/Desktop/Work/Airflow/dags/dag_exemplo.py
[2024-05-03T20:53:58.439-0300] {processor.py:830} INFO - Processing file /mnt/c/Users/Tilto/Desktop/Work/Airflow/dags/dag_exemplo.py for tasks to queue
[2024-05-03T20:53:58.440-0300] {logging_mixin.py:188} INFO - [2024-05-03T20:53:58.440-0300] {dagbag.py:540} INFO - Filling up the DagBag from /mnt/c/Users/Tilto/Desktop/Work/Airflow/dags/dag_exemplo.py
[2024-05-03T20:53:58.458-0300] {processor.py:840} INFO - DAG(s) 'dag_exemplo' retrieved from /mnt/c/Users/Tilto/Desktop/Work/Airflow/dags/dag_exemplo.py
[2024-05-03T20:53:58.483-0300] {logging_mixin.py:188} INFO - [2024-05-03T20:53:58.483-0300] {dag.py:3096} INFO - Sync 1 DAGs
[2024-05-03T20:53:58.497-0300] {logging_mixin.py:188} INFO - [2024-05-03T20:53:58.497-0300] {dag.py:3954} INFO - Setting next_dagrun for dag_exemplo to None, run_after=None
[2024-05-03T20:53:58.548-0300] {processor.py:183} INFO - Processing /mnt/c/Users/Tilto/Desktop/Work/Airflow/dags/dag_exemplo.py took 0.114 seconds
[2024-05-03T20:54:29.806-0300] {processor.py:161} INFO - Started process (PID=13707) to work on /mnt/c/Users/Tilto/Desktop/Work/Airflow/dags/dag_exemplo.py
[2024-05-03T20:54:29.806-0300] {processor.py:830} INFO - Processing file /mnt/c/Users/Tilto/Desktop/Work/Airflow/dags/dag_exemplo.py for tasks to queue
[2024-05-03T20:54:29.808-0300] {logging_mixin.py:188} INFO - [2024-05-03T20:54:29.808-0300] {dagbag.py:540} INFO - Filling up the DagBag from /mnt/c/Users/Tilto/Desktop/Work/Airflow/dags/dag_exemplo.py
[2024-05-03T20:54:29.825-0300] {processor.py:840} INFO - DAG(s) 'dag_exemplo' retrieved from /mnt/c/Users/Tilto/Desktop/Work/Airflow/dags/dag_exemplo.py
[2024-05-03T20:54:29.848-0300] {logging_mixin.py:188} INFO - [2024-05-03T20:54:29.848-0300] {dag.py:3096} INFO - Sync 1 DAGs
[2024-05-03T20:54:29.860-0300] {logging_mixin.py:188} INFO - [2024-05-03T20:54:29.860-0300] {dag.py:3954} INFO - Setting next_dagrun for dag_exemplo to None, run_after=None
[2024-05-03T20:54:29.908-0300] {processor.py:183} INFO - Processing /mnt/c/Users/Tilto/Desktop/Work/Airflow/dags/dag_exemplo.py took 0.107 seconds
[2024-05-03T20:55:05.545-0300] {processor.py:161} INFO - Started process (PID=13900) to work on /mnt/c/Users/Tilto/Desktop/Work/Airflow/dags/dag_exemplo.py
[2024-05-03T20:55:05.546-0300] {processor.py:830} INFO - Processing file /mnt/c/Users/Tilto/Desktop/Work/Airflow/dags/dag_exemplo.py for tasks to queue
[2024-05-03T20:55:05.548-0300] {logging_mixin.py:188} INFO - [2024-05-03T20:55:05.547-0300] {dagbag.py:540} INFO - Filling up the DagBag from /mnt/c/Users/Tilto/Desktop/Work/Airflow/dags/dag_exemplo.py
[2024-05-03T20:55:05.565-0300] {processor.py:840} INFO - DAG(s) 'dag_exemplo' retrieved from /mnt/c/Users/Tilto/Desktop/Work/Airflow/dags/dag_exemplo.py
[2024-05-03T20:55:05.588-0300] {logging_mixin.py:188} INFO - [2024-05-03T20:55:05.588-0300] {dag.py:3096} INFO - Sync 1 DAGs
[2024-05-03T20:55:05.600-0300] {logging_mixin.py:188} INFO - [2024-05-03T20:55:05.600-0300] {dag.py:3954} INFO - Setting next_dagrun for dag_exemplo to None, run_after=None
[2024-05-03T20:55:05.650-0300] {processor.py:183} INFO - Processing /mnt/c/Users/Tilto/Desktop/Work/Airflow/dags/dag_exemplo.py took 0.109 seconds
[2024-05-03T20:55:47.669-0300] {processor.py:161} INFO - Started process (PID=14096) to work on /mnt/c/Users/Tilto/Desktop/Work/Airflow/dags/dag_exemplo.py
[2024-05-03T20:55:47.669-0300] {processor.py:830} INFO - Processing file /mnt/c/Users/Tilto/Desktop/Work/Airflow/dags/dag_exemplo.py for tasks to queue
[2024-05-03T20:55:47.671-0300] {logging_mixin.py:188} INFO - [2024-05-03T20:55:47.671-0300] {dagbag.py:540} INFO - Filling up the DagBag from /mnt/c/Users/Tilto/Desktop/Work/Airflow/dags/dag_exemplo.py
[2024-05-03T20:55:47.688-0300] {processor.py:840} INFO - DAG(s) 'dag_exemplo' retrieved from /mnt/c/Users/Tilto/Desktop/Work/Airflow/dags/dag_exemplo.py
[2024-05-03T20:55:47.718-0300] {logging_mixin.py:188} INFO - [2024-05-03T20:55:47.718-0300] {dag.py:3096} INFO - Sync 1 DAGs
[2024-05-03T20:55:47.733-0300] {logging_mixin.py:188} INFO - [2024-05-03T20:55:47.732-0300] {dag.py:3954} INFO - Setting next_dagrun for dag_exemplo to None, run_after=None
[2024-05-03T20:55:48.372-0300] {processor.py:183} INFO - Processing /mnt/c/Users/Tilto/Desktop/Work/Airflow/dags/dag_exemplo.py took 0.708 seconds
[2024-05-03T20:56:23.141-0300] {processor.py:161} INFO - Started process (PID=14272) to work on /mnt/c/Users/Tilto/Desktop/Work/Airflow/dags/dag_exemplo.py
[2024-05-03T20:56:23.142-0300] {processor.py:830} INFO - Processing file /mnt/c/Users/Tilto/Desktop/Work/Airflow/dags/dag_exemplo.py for tasks to queue
[2024-05-03T20:56:23.144-0300] {logging_mixin.py:188} INFO - [2024-05-03T20:56:23.143-0300] {dagbag.py:540} INFO - Filling up the DagBag from /mnt/c/Users/Tilto/Desktop/Work/Airflow/dags/dag_exemplo.py
[2024-05-03T20:56:23.167-0300] {processor.py:840} INFO - DAG(s) 'dag_exemplo' retrieved from /mnt/c/Users/Tilto/Desktop/Work/Airflow/dags/dag_exemplo.py
[2024-05-03T20:56:23.195-0300] {logging_mixin.py:188} INFO - [2024-05-03T20:56:23.194-0300] {dag.py:3096} INFO - Sync 1 DAGs
[2024-05-03T20:56:23.208-0300] {logging_mixin.py:188} INFO - [2024-05-03T20:56:23.208-0300] {dag.py:3954} INFO - Setting next_dagrun for dag_exemplo to None, run_after=None
[2024-05-03T20:56:23.266-0300] {processor.py:183} INFO - Processing /mnt/c/Users/Tilto/Desktop/Work/Airflow/dags/dag_exemplo.py took 0.130 seconds
[2024-05-03T20:56:59.067-0300] {processor.py:161} INFO - Started process (PID=14465) to work on /mnt/c/Users/Tilto/Desktop/Work/Airflow/dags/dag_exemplo.py
[2024-05-03T20:56:59.068-0300] {processor.py:830} INFO - Processing file /mnt/c/Users/Tilto/Desktop/Work/Airflow/dags/dag_exemplo.py for tasks to queue
[2024-05-03T20:56:59.070-0300] {logging_mixin.py:188} INFO - [2024-05-03T20:56:59.070-0300] {dagbag.py:540} INFO - Filling up the DagBag from /mnt/c/Users/Tilto/Desktop/Work/Airflow/dags/dag_exemplo.py
[2024-05-03T20:56:59.087-0300] {processor.py:840} INFO - DAG(s) 'dag_exemplo' retrieved from /mnt/c/Users/Tilto/Desktop/Work/Airflow/dags/dag_exemplo.py
[2024-05-03T20:56:59.110-0300] {logging_mixin.py:188} INFO - [2024-05-03T20:56:59.109-0300] {dag.py:3096} INFO - Sync 1 DAGs
[2024-05-03T20:56:59.121-0300] {logging_mixin.py:188} INFO - [2024-05-03T20:56:59.121-0300] {dag.py:3954} INFO - Setting next_dagrun for dag_exemplo to None, run_after=None
[2024-05-03T20:56:59.170-0300] {processor.py:183} INFO - Processing /mnt/c/Users/Tilto/Desktop/Work/Airflow/dags/dag_exemplo.py took 0.108 seconds
[2024-05-03T20:57:35.410-0300] {processor.py:161} INFO - Started process (PID=14660) to work on /mnt/c/Users/Tilto/Desktop/Work/Airflow/dags/dag_exemplo.py
[2024-05-03T20:57:35.411-0300] {processor.py:830} INFO - Processing file /mnt/c/Users/Tilto/Desktop/Work/Airflow/dags/dag_exemplo.py for tasks to queue
[2024-05-03T20:57:35.413-0300] {logging_mixin.py:188} INFO - [2024-05-03T20:57:35.413-0300] {dagbag.py:540} INFO - Filling up the DagBag from /mnt/c/Users/Tilto/Desktop/Work/Airflow/dags/dag_exemplo.py
[2024-05-03T20:57:35.434-0300] {processor.py:840} INFO - DAG(s) 'dag_exemplo' retrieved from /mnt/c/Users/Tilto/Desktop/Work/Airflow/dags/dag_exemplo.py
[2024-05-03T20:57:35.458-0300] {logging_mixin.py:188} INFO - [2024-05-03T20:57:35.458-0300] {dag.py:3096} INFO - Sync 1 DAGs
[2024-05-03T20:57:35.471-0300] {logging_mixin.py:188} INFO - [2024-05-03T20:57:35.471-0300] {dag.py:3954} INFO - Setting next_dagrun for dag_exemplo to None, run_after=None
[2024-05-03T20:57:35.591-0300] {processor.py:183} INFO - Processing /mnt/c/Users/Tilto/Desktop/Work/Airflow/dags/dag_exemplo.py took 0.185 seconds
[2024-05-03T20:58:07.919-0300] {processor.py:161} INFO - Started process (PID=14834) to work on /mnt/c/Users/Tilto/Desktop/Work/Airflow/dags/dag_exemplo.py
[2024-05-03T20:58:07.920-0300] {processor.py:830} INFO - Processing file /mnt/c/Users/Tilto/Desktop/Work/Airflow/dags/dag_exemplo.py for tasks to queue
[2024-05-03T20:58:07.921-0300] {logging_mixin.py:188} INFO - [2024-05-03T20:58:07.921-0300] {dagbag.py:540} INFO - Filling up the DagBag from /mnt/c/Users/Tilto/Desktop/Work/Airflow/dags/dag_exemplo.py
[2024-05-03T20:58:07.941-0300] {processor.py:840} INFO - DAG(s) 'dag_exemplo' retrieved from /mnt/c/Users/Tilto/Desktop/Work/Airflow/dags/dag_exemplo.py
[2024-05-03T20:58:07.966-0300] {logging_mixin.py:188} INFO - [2024-05-03T20:58:07.965-0300] {dag.py:3096} INFO - Sync 1 DAGs
[2024-05-03T20:58:07.977-0300] {logging_mixin.py:188} INFO - [2024-05-03T20:58:07.977-0300] {dag.py:3954} INFO - Setting next_dagrun for dag_exemplo to None, run_after=None
[2024-05-03T20:58:08.033-0300] {processor.py:183} INFO - Processing /mnt/c/Users/Tilto/Desktop/Work/Airflow/dags/dag_exemplo.py took 0.118 seconds
[2024-05-03T20:58:38.404-0300] {processor.py:161} INFO - Started process (PID=14991) to work on /mnt/c/Users/Tilto/Desktop/Work/Airflow/dags/dag_exemplo.py
[2024-05-03T20:58:38.405-0300] {processor.py:830} INFO - Processing file /mnt/c/Users/Tilto/Desktop/Work/Airflow/dags/dag_exemplo.py for tasks to queue
[2024-05-03T20:58:38.407-0300] {logging_mixin.py:188} INFO - [2024-05-03T20:58:38.407-0300] {dagbag.py:540} INFO - Filling up the DagBag from /mnt/c/Users/Tilto/Desktop/Work/Airflow/dags/dag_exemplo.py
[2024-05-03T20:58:38.427-0300] {processor.py:840} INFO - DAG(s) 'dag_exemplo' retrieved from /mnt/c/Users/Tilto/Desktop/Work/Airflow/dags/dag_exemplo.py
[2024-05-03T20:58:38.459-0300] {logging_mixin.py:188} INFO - [2024-05-03T20:58:38.459-0300] {dag.py:3096} INFO - Sync 1 DAGs
[2024-05-03T20:58:38.474-0300] {logging_mixin.py:188} INFO - [2024-05-03T20:58:38.474-0300] {dag.py:3954} INFO - Setting next_dagrun for dag_exemplo to None, run_after=None
[2024-05-03T20:58:38.543-0300] {processor.py:183} INFO - Processing /mnt/c/Users/Tilto/Desktop/Work/Airflow/dags/dag_exemplo.py took 0.143 seconds
[2024-05-03T20:59:10.807-0300] {processor.py:161} INFO - Started process (PID=15161) to work on /mnt/c/Users/Tilto/Desktop/Work/Airflow/dags/dag_exemplo.py
[2024-05-03T20:59:10.808-0300] {processor.py:830} INFO - Processing file /mnt/c/Users/Tilto/Desktop/Work/Airflow/dags/dag_exemplo.py for tasks to queue
[2024-05-03T20:59:10.809-0300] {logging_mixin.py:188} INFO - [2024-05-03T20:59:10.809-0300] {dagbag.py:540} INFO - Filling up the DagBag from /mnt/c/Users/Tilto/Desktop/Work/Airflow/dags/dag_exemplo.py
[2024-05-03T20:59:10.830-0300] {processor.py:840} INFO - DAG(s) 'dag_exemplo' retrieved from /mnt/c/Users/Tilto/Desktop/Work/Airflow/dags/dag_exemplo.py
[2024-05-03T20:59:10.855-0300] {logging_mixin.py:188} INFO - [2024-05-03T20:59:10.855-0300] {dag.py:3096} INFO - Sync 1 DAGs
[2024-05-03T20:59:10.867-0300] {logging_mixin.py:188} INFO - [2024-05-03T20:59:10.867-0300] {dag.py:3954} INFO - Setting next_dagrun for dag_exemplo to None, run_after=None
[2024-05-03T20:59:10.932-0300] {processor.py:183} INFO - Processing /mnt/c/Users/Tilto/Desktop/Work/Airflow/dags/dag_exemplo.py took 0.129 seconds
[2024-05-03T20:59:43.420-0300] {processor.py:161} INFO - Started process (PID=15330) to work on /mnt/c/Users/Tilto/Desktop/Work/Airflow/dags/dag_exemplo.py
[2024-05-03T20:59:43.420-0300] {processor.py:830} INFO - Processing file /mnt/c/Users/Tilto/Desktop/Work/Airflow/dags/dag_exemplo.py for tasks to queue
[2024-05-03T20:59:43.422-0300] {logging_mixin.py:188} INFO - [2024-05-03T20:59:43.421-0300] {dagbag.py:540} INFO - Filling up the DagBag from /mnt/c/Users/Tilto/Desktop/Work/Airflow/dags/dag_exemplo.py
[2024-05-03T20:59:43.438-0300] {processor.py:840} INFO - DAG(s) 'dag_exemplo' retrieved from /mnt/c/Users/Tilto/Desktop/Work/Airflow/dags/dag_exemplo.py
[2024-05-03T20:59:43.462-0300] {logging_mixin.py:188} INFO - [2024-05-03T20:59:43.462-0300] {dag.py:3096} INFO - Sync 1 DAGs
[2024-05-03T20:59:43.474-0300] {logging_mixin.py:188} INFO - [2024-05-03T20:59:43.473-0300] {dag.py:3954} INFO - Setting next_dagrun for dag_exemplo to None, run_after=None
[2024-05-03T20:59:43.536-0300] {processor.py:183} INFO - Processing /mnt/c/Users/Tilto/Desktop/Work/Airflow/dags/dag_exemplo.py took 0.120 seconds
