[2024-05-03T20:02:15.445-0300] {processor.py:161} INFO - Started process (PID=899) to work on /mnt/c/Users/Tilto/Desktop/Work/Airflow/dags/primeira_dag.py
[2024-05-03T20:02:15.446-0300] {processor.py:830} INFO - Processing file /mnt/c/Users/Tilto/Desktop/Work/Airflow/dags/primeira_dag.py for tasks to queue
[2024-05-03T20:02:15.448-0300] {logging_mixin.py:188} INFO - [2024-05-03T20:02:15.448-0300] {dagbag.py:540} INFO - Filling up the DagBag from /mnt/c/Users/Tilto/Desktop/Work/Airflow/dags/primeira_dag.py
[2024-05-03T20:02:15.471-0300] {processor.py:840} INFO - DAG(s) 'a_primeira_DAG_v0' retrieved from /mnt/c/Users/Tilto/Desktop/Work/Airflow/dags/primeira_dag.py
[2024-05-03T20:02:15.486-0300] {logging_mixin.py:188} INFO - [2024-05-03T20:02:15.486-0300] {dag.py:3096} INFO - Sync 1 DAGs
[2024-05-03T20:02:15.512-0300] {logging_mixin.py:188} INFO - [2024-05-03T20:02:15.512-0300] {dag.py:3954} INFO - Setting next_dagrun for a_primeira_DAG_v0 to 2023-10-18 00:00:00+00:00, run_after=2023-10-19 00:00:00+00:00
[2024-05-03T20:02:15.603-0300] {processor.py:183} INFO - Processing /mnt/c/Users/Tilto/Desktop/Work/Airflow/dags/primeira_dag.py took 0.162 seconds
[2024-05-03T20:02:49.860-0300] {processor.py:161} INFO - Started process (PID=1075) to work on /mnt/c/Users/Tilto/Desktop/Work/Airflow/dags/primeira_dag.py
[2024-05-03T20:02:49.861-0300] {processor.py:830} INFO - Processing file /mnt/c/Users/Tilto/Desktop/Work/Airflow/dags/primeira_dag.py for tasks to queue
[2024-05-03T20:02:49.863-0300] {logging_mixin.py:188} INFO - [2024-05-03T20:02:49.863-0300] {dagbag.py:540} INFO - Filling up the DagBag from /mnt/c/Users/Tilto/Desktop/Work/Airflow/dags/primeira_dag.py
[2024-05-03T20:02:49.897-0300] {processor.py:840} INFO - DAG(s) 'a_primeira_DAG_v0' retrieved from /mnt/c/Users/Tilto/Desktop/Work/Airflow/dags/primeira_dag.py
[2024-05-03T20:02:50.047-0300] {logging_mixin.py:188} INFO - [2024-05-03T20:02:50.047-0300] {dag.py:3096} INFO - Sync 1 DAGs
[2024-05-03T20:02:50.078-0300] {logging_mixin.py:188} INFO - [2024-05-03T20:02:50.078-0300] {dag.py:3954} INFO - Setting next_dagrun for a_primeira_DAG_v0 to 2023-10-22 00:00:00+00:00, run_after=2023-10-23 00:00:00+00:00
[2024-05-03T20:02:50.165-0300] {processor.py:183} INFO - Processing /mnt/c/Users/Tilto/Desktop/Work/Airflow/dags/primeira_dag.py took 0.310 seconds
[2024-05-03T20:03:27.795-0300] {processor.py:161} INFO - Started process (PID=1273) to work on /mnt/c/Users/Tilto/Desktop/Work/Airflow/dags/primeira_dag.py
[2024-05-03T20:03:27.796-0300] {processor.py:830} INFO - Processing file /mnt/c/Users/Tilto/Desktop/Work/Airflow/dags/primeira_dag.py for tasks to queue
[2024-05-03T20:03:27.798-0300] {logging_mixin.py:188} INFO - [2024-05-03T20:03:27.798-0300] {dagbag.py:540} INFO - Filling up the DagBag from /mnt/c/Users/Tilto/Desktop/Work/Airflow/dags/primeira_dag.py
[2024-05-03T20:03:27.827-0300] {processor.py:840} INFO - DAG(s) 'a_primeira_DAG_v0' retrieved from /mnt/c/Users/Tilto/Desktop/Work/Airflow/dags/primeira_dag.py
[2024-05-03T20:03:27.860-0300] {logging_mixin.py:188} INFO - [2024-05-03T20:03:27.859-0300] {dag.py:3096} INFO - Sync 1 DAGs
[2024-05-03T20:03:27.891-0300] {logging_mixin.py:188} INFO - [2024-05-03T20:03:27.891-0300] {dag.py:3954} INFO - Setting next_dagrun for a_primeira_DAG_v0 to 2023-10-26 00:00:00+00:00, run_after=2023-10-27 00:00:00+00:00
[2024-05-03T20:03:27.977-0300] {processor.py:183} INFO - Processing /mnt/c/Users/Tilto/Desktop/Work/Airflow/dags/primeira_dag.py took 0.187 seconds
[2024-05-03T20:04:11.710-0300] {processor.py:161} INFO - Started process (PID=1490) to work on /mnt/c/Users/Tilto/Desktop/Work/Airflow/dags/primeira_dag.py
[2024-05-03T20:04:11.711-0300] {processor.py:830} INFO - Processing file /mnt/c/Users/Tilto/Desktop/Work/Airflow/dags/primeira_dag.py for tasks to queue
[2024-05-03T20:04:11.713-0300] {logging_mixin.py:188} INFO - [2024-05-03T20:04:11.713-0300] {dagbag.py:540} INFO - Filling up the DagBag from /mnt/c/Users/Tilto/Desktop/Work/Airflow/dags/primeira_dag.py
[2024-05-03T20:04:11.738-0300] {processor.py:840} INFO - DAG(s) 'a_primeira_DAG_v0' retrieved from /mnt/c/Users/Tilto/Desktop/Work/Airflow/dags/primeira_dag.py
[2024-05-03T20:04:11.767-0300] {logging_mixin.py:188} INFO - [2024-05-03T20:04:11.766-0300] {dag.py:3096} INFO - Sync 1 DAGs
[2024-05-03T20:04:11.796-0300] {logging_mixin.py:188} INFO - [2024-05-03T20:04:11.795-0300] {dag.py:3954} INFO - Setting next_dagrun for a_primeira_DAG_v0 to 2023-10-31 00:00:00+00:00, run_after=2023-11-01 00:00:00+00:00
[2024-05-03T20:04:11.870-0300] {processor.py:183} INFO - Processing /mnt/c/Users/Tilto/Desktop/Work/Airflow/dags/primeira_dag.py took 0.164 seconds
[2024-05-03T20:04:47.853-0300] {processor.py:161} INFO - Started process (PID=1674) to work on /mnt/c/Users/Tilto/Desktop/Work/Airflow/dags/primeira_dag.py
[2024-05-03T20:04:47.854-0300] {processor.py:830} INFO - Processing file /mnt/c/Users/Tilto/Desktop/Work/Airflow/dags/primeira_dag.py for tasks to queue
[2024-05-03T20:04:47.856-0300] {logging_mixin.py:188} INFO - [2024-05-03T20:04:47.855-0300] {dagbag.py:540} INFO - Filling up the DagBag from /mnt/c/Users/Tilto/Desktop/Work/Airflow/dags/primeira_dag.py
[2024-05-03T20:04:47.882-0300] {processor.py:840} INFO - DAG(s) 'a_primeira_DAG_v0' retrieved from /mnt/c/Users/Tilto/Desktop/Work/Airflow/dags/primeira_dag.py
[2024-05-03T20:04:47.911-0300] {logging_mixin.py:188} INFO - [2024-05-03T20:04:47.911-0300] {dag.py:3096} INFO - Sync 1 DAGs
[2024-05-03T20:04:47.939-0300] {logging_mixin.py:188} INFO - [2024-05-03T20:04:47.939-0300] {dag.py:3954} INFO - Setting next_dagrun for a_primeira_DAG_v0 to 2023-11-04 00:00:00+00:00, run_after=2023-11-05 00:00:00+00:00
[2024-05-03T20:04:48.001-0300] {processor.py:183} INFO - Processing /mnt/c/Users/Tilto/Desktop/Work/Airflow/dags/primeira_dag.py took 0.153 seconds
[2024-05-03T20:05:30.094-0300] {processor.py:161} INFO - Started process (PID=1884) to work on /mnt/c/Users/Tilto/Desktop/Work/Airflow/dags/primeira_dag.py
[2024-05-03T20:05:30.096-0300] {processor.py:830} INFO - Processing file /mnt/c/Users/Tilto/Desktop/Work/Airflow/dags/primeira_dag.py for tasks to queue
[2024-05-03T20:05:30.098-0300] {logging_mixin.py:188} INFO - [2024-05-03T20:05:30.097-0300] {dagbag.py:540} INFO - Filling up the DagBag from /mnt/c/Users/Tilto/Desktop/Work/Airflow/dags/primeira_dag.py
[2024-05-03T20:05:30.129-0300] {processor.py:840} INFO - DAG(s) 'a_primeira_DAG_v0' retrieved from /mnt/c/Users/Tilto/Desktop/Work/Airflow/dags/primeira_dag.py
[2024-05-03T20:05:30.171-0300] {logging_mixin.py:188} INFO - [2024-05-03T20:05:30.171-0300] {dag.py:3096} INFO - Sync 1 DAGs
[2024-05-03T20:05:30.211-0300] {logging_mixin.py:188} INFO - [2024-05-03T20:05:30.211-0300] {dag.py:3954} INFO - Setting next_dagrun for a_primeira_DAG_v0 to 2023-11-08 00:00:00+00:00, run_after=2023-11-09 00:00:00+00:00
[2024-05-03T20:05:30.343-0300] {processor.py:183} INFO - Processing /mnt/c/Users/Tilto/Desktop/Work/Airflow/dags/primeira_dag.py took 0.254 seconds
[2024-05-03T20:06:09.331-0300] {processor.py:161} INFO - Started process (PID=2075) to work on /mnt/c/Users/Tilto/Desktop/Work/Airflow/dags/primeira_dag.py
[2024-05-03T20:06:09.332-0300] {processor.py:830} INFO - Processing file /mnt/c/Users/Tilto/Desktop/Work/Airflow/dags/primeira_dag.py for tasks to queue
[2024-05-03T20:06:09.334-0300] {logging_mixin.py:188} INFO - [2024-05-03T20:06:09.334-0300] {dagbag.py:540} INFO - Filling up the DagBag from /mnt/c/Users/Tilto/Desktop/Work/Airflow/dags/primeira_dag.py
[2024-05-03T20:06:09.357-0300] {processor.py:840} INFO - DAG(s) 'a_primeira_DAG_v0' retrieved from /mnt/c/Users/Tilto/Desktop/Work/Airflow/dags/primeira_dag.py
[2024-05-03T20:06:09.387-0300] {logging_mixin.py:188} INFO - [2024-05-03T20:06:09.386-0300] {dag.py:3096} INFO - Sync 1 DAGs
[2024-05-03T20:06:09.420-0300] {logging_mixin.py:188} INFO - [2024-05-03T20:06:09.419-0300] {dag.py:3954} INFO - Setting next_dagrun for a_primeira_DAG_v0 to 2023-11-11 00:00:00+00:00, run_after=2023-11-12 00:00:00+00:00
[2024-05-03T20:06:09.492-0300] {processor.py:183} INFO - Processing /mnt/c/Users/Tilto/Desktop/Work/Airflow/dags/primeira_dag.py took 0.166 seconds
[2024-05-03T20:52:40.094-0300] {processor.py:161} INFO - Started process (PID=13134) to work on /mnt/c/Users/Tilto/Desktop/Work/Airflow/dags/primeira_dag.py
[2024-05-03T20:52:40.096-0300] {processor.py:830} INFO - Processing file /mnt/c/Users/Tilto/Desktop/Work/Airflow/dags/primeira_dag.py for tasks to queue
[2024-05-03T20:52:40.098-0300] {logging_mixin.py:188} INFO - [2024-05-03T20:52:40.098-0300] {dagbag.py:540} INFO - Filling up the DagBag from /mnt/c/Users/Tilto/Desktop/Work/Airflow/dags/primeira_dag.py
[2024-05-03T20:52:40.120-0300] {processor.py:840} INFO - DAG(s) 'a_primeira_DAG_v0' retrieved from /mnt/c/Users/Tilto/Desktop/Work/Airflow/dags/primeira_dag.py
[2024-05-03T20:52:40.135-0300] {logging_mixin.py:188} INFO - [2024-05-03T20:52:40.134-0300] {dag.py:3096} INFO - Sync 1 DAGs
[2024-05-03T20:52:40.158-0300] {logging_mixin.py:188} INFO - [2024-05-03T20:52:40.158-0300] {dag.py:3954} INFO - Setting next_dagrun for a_primeira_DAG_v0 to 2023-11-18 00:00:00+00:00, run_after=2023-11-19 00:00:00+00:00
[2024-05-03T20:52:40.216-0300] {processor.py:183} INFO - Processing /mnt/c/Users/Tilto/Desktop/Work/Airflow/dags/primeira_dag.py took 0.125 seconds
[2024-05-03T20:53:14.304-0300] {processor.py:161} INFO - Started process (PID=13312) to work on /mnt/c/Users/Tilto/Desktop/Work/Airflow/dags/primeira_dag.py
[2024-05-03T20:53:14.305-0300] {processor.py:830} INFO - Processing file /mnt/c/Users/Tilto/Desktop/Work/Airflow/dags/primeira_dag.py for tasks to queue
[2024-05-03T20:53:14.306-0300] {logging_mixin.py:188} INFO - [2024-05-03T20:53:14.306-0300] {dagbag.py:540} INFO - Filling up the DagBag from /mnt/c/Users/Tilto/Desktop/Work/Airflow/dags/primeira_dag.py
[2024-05-03T20:53:14.327-0300] {processor.py:840} INFO - DAG(s) 'a_primeira_DAG_v0' retrieved from /mnt/c/Users/Tilto/Desktop/Work/Airflow/dags/primeira_dag.py
[2024-05-03T20:53:14.424-0300] {logging_mixin.py:188} INFO - [2024-05-03T20:53:14.424-0300] {dag.py:3096} INFO - Sync 1 DAGs
[2024-05-03T20:53:14.449-0300] {logging_mixin.py:188} INFO - [2024-05-03T20:53:14.449-0300] {dag.py:3954} INFO - Setting next_dagrun for a_primeira_DAG_v0 to 2023-11-23 00:00:00+00:00, run_after=2023-11-24 00:00:00+00:00
[2024-05-03T20:53:14.516-0300] {processor.py:183} INFO - Processing /mnt/c/Users/Tilto/Desktop/Work/Airflow/dags/primeira_dag.py took 0.216 seconds
[2024-05-03T20:53:47.944-0300] {processor.py:161} INFO - Started process (PID=13488) to work on /mnt/c/Users/Tilto/Desktop/Work/Airflow/dags/primeira_dag.py
[2024-05-03T20:53:47.945-0300] {processor.py:830} INFO - Processing file /mnt/c/Users/Tilto/Desktop/Work/Airflow/dags/primeira_dag.py for tasks to queue
[2024-05-03T20:53:47.948-0300] {logging_mixin.py:188} INFO - [2024-05-03T20:53:47.948-0300] {dagbag.py:540} INFO - Filling up the DagBag from /mnt/c/Users/Tilto/Desktop/Work/Airflow/dags/primeira_dag.py
[2024-05-03T20:53:47.966-0300] {processor.py:840} INFO - DAG(s) 'a_primeira_DAG_v0' retrieved from /mnt/c/Users/Tilto/Desktop/Work/Airflow/dags/primeira_dag.py
[2024-05-03T20:53:47.987-0300] {logging_mixin.py:188} INFO - [2024-05-03T20:53:47.987-0300] {dag.py:3096} INFO - Sync 1 DAGs
[2024-05-03T20:53:48.010-0300] {logging_mixin.py:188} INFO - [2024-05-03T20:53:48.010-0300] {dag.py:3954} INFO - Setting next_dagrun for a_primeira_DAG_v0 to 2023-11-27 00:00:00+00:00, run_after=2023-11-28 00:00:00+00:00
[2024-05-03T20:53:48.074-0300] {processor.py:183} INFO - Processing /mnt/c/Users/Tilto/Desktop/Work/Airflow/dags/primeira_dag.py took 0.135 seconds
[2024-05-03T20:54:20.317-0300] {processor.py:161} INFO - Started process (PID=13656) to work on /mnt/c/Users/Tilto/Desktop/Work/Airflow/dags/primeira_dag.py
[2024-05-03T20:54:20.318-0300] {processor.py:830} INFO - Processing file /mnt/c/Users/Tilto/Desktop/Work/Airflow/dags/primeira_dag.py for tasks to queue
[2024-05-03T20:54:20.319-0300] {logging_mixin.py:188} INFO - [2024-05-03T20:54:20.319-0300] {dagbag.py:540} INFO - Filling up the DagBag from /mnt/c/Users/Tilto/Desktop/Work/Airflow/dags/primeira_dag.py
[2024-05-03T20:54:20.336-0300] {processor.py:840} INFO - DAG(s) 'a_primeira_DAG_v0' retrieved from /mnt/c/Users/Tilto/Desktop/Work/Airflow/dags/primeira_dag.py
[2024-05-03T20:54:20.360-0300] {logging_mixin.py:188} INFO - [2024-05-03T20:54:20.360-0300] {dag.py:3096} INFO - Sync 1 DAGs
[2024-05-03T20:54:20.381-0300] {logging_mixin.py:188} INFO - [2024-05-03T20:54:20.381-0300] {dag.py:3954} INFO - Setting next_dagrun for a_primeira_DAG_v0 to 2023-12-01 00:00:00+00:00, run_after=2023-12-02 00:00:00+00:00
[2024-05-03T20:54:20.427-0300] {processor.py:183} INFO - Processing /mnt/c/Users/Tilto/Desktop/Work/Airflow/dags/primeira_dag.py took 0.114 seconds
[2024-05-03T20:54:54.897-0300] {processor.py:161} INFO - Started process (PID=13843) to work on /mnt/c/Users/Tilto/Desktop/Work/Airflow/dags/primeira_dag.py
[2024-05-03T20:54:54.897-0300] {processor.py:830} INFO - Processing file /mnt/c/Users/Tilto/Desktop/Work/Airflow/dags/primeira_dag.py for tasks to queue
[2024-05-03T20:54:54.899-0300] {logging_mixin.py:188} INFO - [2024-05-03T20:54:54.898-0300] {dagbag.py:540} INFO - Filling up the DagBag from /mnt/c/Users/Tilto/Desktop/Work/Airflow/dags/primeira_dag.py
[2024-05-03T20:54:54.918-0300] {processor.py:840} INFO - DAG(s) 'a_primeira_DAG_v0' retrieved from /mnt/c/Users/Tilto/Desktop/Work/Airflow/dags/primeira_dag.py
[2024-05-03T20:54:54.942-0300] {logging_mixin.py:188} INFO - [2024-05-03T20:54:54.942-0300] {dag.py:3096} INFO - Sync 1 DAGs
[2024-05-03T20:54:54.966-0300] {logging_mixin.py:188} INFO - [2024-05-03T20:54:54.966-0300] {dag.py:3954} INFO - Setting next_dagrun for a_primeira_DAG_v0 to 2023-12-06 00:00:00+00:00, run_after=2023-12-07 00:00:00+00:00
[2024-05-03T20:54:55.023-0300] {processor.py:183} INFO - Processing /mnt/c/Users/Tilto/Desktop/Work/Airflow/dags/primeira_dag.py took 0.131 seconds
[2024-05-03T20:56:20.088-0300] {processor.py:161} INFO - Started process (PID=14256) to work on /mnt/c/Users/Tilto/Desktop/Work/Airflow/dags/primeira_dag.py
[2024-05-03T20:56:20.089-0300] {processor.py:830} INFO - Processing file /mnt/c/Users/Tilto/Desktop/Work/Airflow/dags/primeira_dag.py for tasks to queue
[2024-05-03T20:56:20.090-0300] {logging_mixin.py:188} INFO - [2024-05-03T20:56:20.090-0300] {dagbag.py:540} INFO - Filling up the DagBag from /mnt/c/Users/Tilto/Desktop/Work/Airflow/dags/primeira_dag.py
[2024-05-03T20:56:20.114-0300] {processor.py:840} INFO - DAG(s) 'a_primeira_DAG_v0' retrieved from /mnt/c/Users/Tilto/Desktop/Work/Airflow/dags/primeira_dag.py
[2024-05-03T20:56:20.140-0300] {logging_mixin.py:188} INFO - [2024-05-03T20:56:20.139-0300] {dag.py:3096} INFO - Sync 1 DAGs
[2024-05-03T20:56:20.166-0300] {logging_mixin.py:188} INFO - [2024-05-03T20:56:20.166-0300] {dag.py:3954} INFO - Setting next_dagrun for a_primeira_DAG_v0 to 2023-12-11 00:00:00+00:00, run_after=2023-12-12 00:00:00+00:00
[2024-05-03T20:56:20.246-0300] {processor.py:183} INFO - Processing /mnt/c/Users/Tilto/Desktop/Work/Airflow/dags/primeira_dag.py took 0.163 seconds
[2024-05-03T20:56:51.809-0300] {processor.py:161} INFO - Started process (PID=14427) to work on /mnt/c/Users/Tilto/Desktop/Work/Airflow/dags/primeira_dag.py
[2024-05-03T20:56:51.810-0300] {processor.py:830} INFO - Processing file /mnt/c/Users/Tilto/Desktop/Work/Airflow/dags/primeira_dag.py for tasks to queue
[2024-05-03T20:56:51.811-0300] {logging_mixin.py:188} INFO - [2024-05-03T20:56:51.811-0300] {dagbag.py:540} INFO - Filling up the DagBag from /mnt/c/Users/Tilto/Desktop/Work/Airflow/dags/primeira_dag.py
[2024-05-03T20:56:51.830-0300] {processor.py:840} INFO - DAG(s) 'a_primeira_DAG_v0' retrieved from /mnt/c/Users/Tilto/Desktop/Work/Airflow/dags/primeira_dag.py
[2024-05-03T20:56:51.854-0300] {logging_mixin.py:188} INFO - [2024-05-03T20:56:51.854-0300] {dag.py:3096} INFO - Sync 1 DAGs
[2024-05-03T20:56:51.875-0300] {logging_mixin.py:188} INFO - [2024-05-03T20:56:51.875-0300] {dag.py:3954} INFO - Setting next_dagrun for a_primeira_DAG_v0 to 2023-12-15 00:00:00+00:00, run_after=2023-12-16 00:00:00+00:00
[2024-05-03T20:56:51.933-0300] {processor.py:183} INFO - Processing /mnt/c/Users/Tilto/Desktop/Work/Airflow/dags/primeira_dag.py took 0.128 seconds
[2024-05-03T20:57:30.206-0300] {processor.py:161} INFO - Started process (PID=14633) to work on /mnt/c/Users/Tilto/Desktop/Work/Airflow/dags/primeira_dag.py
[2024-05-03T20:57:30.207-0300] {processor.py:830} INFO - Processing file /mnt/c/Users/Tilto/Desktop/Work/Airflow/dags/primeira_dag.py for tasks to queue
[2024-05-03T20:57:30.209-0300] {logging_mixin.py:188} INFO - [2024-05-03T20:57:30.208-0300] {dagbag.py:540} INFO - Filling up the DagBag from /mnt/c/Users/Tilto/Desktop/Work/Airflow/dags/primeira_dag.py
[2024-05-03T20:57:30.236-0300] {processor.py:840} INFO - DAG(s) 'a_primeira_DAG_v0' retrieved from /mnt/c/Users/Tilto/Desktop/Work/Airflow/dags/primeira_dag.py
[2024-05-03T20:57:30.302-0300] {logging_mixin.py:188} INFO - [2024-05-03T20:57:30.302-0300] {dag.py:3096} INFO - Sync 1 DAGs
[2024-05-03T20:57:30.339-0300] {logging_mixin.py:188} INFO - [2024-05-03T20:57:30.339-0300] {dag.py:3954} INFO - Setting next_dagrun for a_primeira_DAG_v0 to 2023-12-20 00:00:00+00:00, run_after=2023-12-21 00:00:00+00:00
[2024-05-03T20:57:30.427-0300] {processor.py:183} INFO - Processing /mnt/c/Users/Tilto/Desktop/Work/Airflow/dags/primeira_dag.py took 0.225 seconds
[2024-05-03T20:58:05.143-0300] {processor.py:161} INFO - Started process (PID=14819) to work on /mnt/c/Users/Tilto/Desktop/Work/Airflow/dags/primeira_dag.py
[2024-05-03T20:58:05.144-0300] {processor.py:830} INFO - Processing file /mnt/c/Users/Tilto/Desktop/Work/Airflow/dags/primeira_dag.py for tasks to queue
[2024-05-03T20:58:05.146-0300] {logging_mixin.py:188} INFO - [2024-05-03T20:58:05.146-0300] {dagbag.py:540} INFO - Filling up the DagBag from /mnt/c/Users/Tilto/Desktop/Work/Airflow/dags/primeira_dag.py
[2024-05-03T20:58:05.169-0300] {processor.py:840} INFO - DAG(s) 'a_primeira_DAG_v0' retrieved from /mnt/c/Users/Tilto/Desktop/Work/Airflow/dags/primeira_dag.py
[2024-05-03T20:58:05.196-0300] {logging_mixin.py:188} INFO - [2024-05-03T20:58:05.195-0300] {dag.py:3096} INFO - Sync 1 DAGs
[2024-05-03T20:58:05.221-0300] {logging_mixin.py:188} INFO - [2024-05-03T20:58:05.220-0300] {dag.py:3954} INFO - Setting next_dagrun for a_primeira_DAG_v0 to 2023-12-25 00:00:00+00:00, run_after=2023-12-26 00:00:00+00:00
[2024-05-03T20:58:05.281-0300] {processor.py:183} INFO - Processing /mnt/c/Users/Tilto/Desktop/Work/Airflow/dags/primeira_dag.py took 0.142 seconds
[2024-05-03T20:58:41.161-0300] {processor.py:161} INFO - Started process (PID=15005) to work on /mnt/c/Users/Tilto/Desktop/Work/Airflow/dags/primeira_dag.py
[2024-05-03T20:58:41.162-0300] {processor.py:830} INFO - Processing file /mnt/c/Users/Tilto/Desktop/Work/Airflow/dags/primeira_dag.py for tasks to queue
[2024-05-03T20:58:41.165-0300] {logging_mixin.py:188} INFO - [2024-05-03T20:58:41.164-0300] {dagbag.py:540} INFO - Filling up the DagBag from /mnt/c/Users/Tilto/Desktop/Work/Airflow/dags/primeira_dag.py
[2024-05-03T20:58:41.187-0300] {processor.py:840} INFO - DAG(s) 'a_primeira_DAG_v0' retrieved from /mnt/c/Users/Tilto/Desktop/Work/Airflow/dags/primeira_dag.py
[2024-05-03T20:58:41.213-0300] {logging_mixin.py:188} INFO - [2024-05-03T20:58:41.213-0300] {dag.py:3096} INFO - Sync 1 DAGs
[2024-05-03T20:58:41.238-0300] {logging_mixin.py:188} INFO - [2024-05-03T20:58:41.237-0300] {dag.py:3954} INFO - Setting next_dagrun for a_primeira_DAG_v0 to 2023-12-30 00:00:00+00:00, run_after=2023-12-31 00:00:00+00:00
[2024-05-03T20:58:41.299-0300] {processor.py:183} INFO - Processing /mnt/c/Users/Tilto/Desktop/Work/Airflow/dags/primeira_dag.py took 0.143 seconds
[2024-05-03T20:59:13.624-0300] {processor.py:161} INFO - Started process (PID=15176) to work on /mnt/c/Users/Tilto/Desktop/Work/Airflow/dags/primeira_dag.py
[2024-05-03T20:59:13.625-0300] {processor.py:830} INFO - Processing file /mnt/c/Users/Tilto/Desktop/Work/Airflow/dags/primeira_dag.py for tasks to queue
[2024-05-03T20:59:13.627-0300] {logging_mixin.py:188} INFO - [2024-05-03T20:59:13.627-0300] {dagbag.py:540} INFO - Filling up the DagBag from /mnt/c/Users/Tilto/Desktop/Work/Airflow/dags/primeira_dag.py
[2024-05-03T20:59:13.652-0300] {processor.py:840} INFO - DAG(s) 'a_primeira_DAG_v0' retrieved from /mnt/c/Users/Tilto/Desktop/Work/Airflow/dags/primeira_dag.py
[2024-05-03T20:59:13.679-0300] {logging_mixin.py:188} INFO - [2024-05-03T20:59:13.678-0300] {dag.py:3096} INFO - Sync 1 DAGs
[2024-05-03T20:59:13.705-0300] {logging_mixin.py:188} INFO - [2024-05-03T20:59:13.704-0300] {dag.py:3954} INFO - Setting next_dagrun for a_primeira_DAG_v0 to 2024-01-03 00:00:00+00:00, run_after=2024-01-04 00:00:00+00:00
[2024-05-03T20:59:13.777-0300] {processor.py:183} INFO - Processing /mnt/c/Users/Tilto/Desktop/Work/Airflow/dags/primeira_dag.py took 0.157 seconds
[2024-05-03T20:59:46.387-0300] {processor.py:161} INFO - Started process (PID=15346) to work on /mnt/c/Users/Tilto/Desktop/Work/Airflow/dags/primeira_dag.py
[2024-05-03T20:59:46.388-0300] {processor.py:830} INFO - Processing file /mnt/c/Users/Tilto/Desktop/Work/Airflow/dags/primeira_dag.py for tasks to queue
[2024-05-03T20:59:46.390-0300] {logging_mixin.py:188} INFO - [2024-05-03T20:59:46.389-0300] {dagbag.py:540} INFO - Filling up the DagBag from /mnt/c/Users/Tilto/Desktop/Work/Airflow/dags/primeira_dag.py
[2024-05-03T20:59:46.420-0300] {processor.py:840} INFO - DAG(s) 'a_primeira_DAG_v0' retrieved from /mnt/c/Users/Tilto/Desktop/Work/Airflow/dags/primeira_dag.py
[2024-05-03T20:59:46.483-0300] {logging_mixin.py:188} INFO - [2024-05-03T20:59:46.482-0300] {dag.py:3096} INFO - Sync 1 DAGs
[2024-05-03T20:59:46.559-0300] {logging_mixin.py:188} INFO - [2024-05-03T20:59:46.557-0300] {dag.py:3954} INFO - Setting next_dagrun for a_primeira_DAG_v0 to 2024-01-07 00:00:00+00:00, run_after=2024-01-08 00:00:00+00:00
[2024-05-03T20:59:46.767-0300] {processor.py:183} INFO - Processing /mnt/c/Users/Tilto/Desktop/Work/Airflow/dags/primeira_dag.py took 0.384 seconds
