[2024-05-03T21:05:13.109-0300] {local_task_job_runner.py:120} INFO - ::group::Pre task execution logs
[2024-05-03T21:05:13.134-0300] {taskinstance.py:2073} INFO - Dependencies all met for dep_context=non-requeueable deps ti=<TaskInstance: a_primeira_DAG_v0.hello scheduled__2024-02-14T00:00:00+00:00 [queued]>
[2024-05-03T21:05:13.149-0300] {taskinstance.py:2073} INFO - Dependencies all met for dep_context=requeueable deps ti=<TaskInstance: a_primeira_DAG_v0.hello scheduled__2024-02-14T00:00:00+00:00 [queued]>
[2024-05-03T21:05:13.150-0300] {taskinstance.py:2303} INFO - Starting attempt 1 of 1
[2024-05-03T21:05:13.189-0300] {taskinstance.py:2327} INFO - Executing <Task(BashOperator): hello> on 2024-02-14 00:00:00+00:00
[2024-05-03T21:05:13.191-0300] {standard_task_runner.py:63} INFO - Started process 17050 to run task
[2024-05-03T21:05:13.193-0300] {standard_task_runner.py:90} INFO - Running: ['airflow', 'tasks', 'run', 'a_primeira_DAG_v0', 'hello', 'scheduled__2024-02-14T00:00:00+00:00', '--job-id', '813', '--raw', '--subdir', 'DAGS_FOLDER/primeira_dag.py', '--cfg-path', '/tmp/tmppf1_thcc']
[2024-05-03T21:05:13.195-0300] {standard_task_runner.py:91} INFO - Job 813: Subtask hello
[2024-05-03T21:05:13.283-0300] {task_command.py:426} INFO - Running <TaskInstance: a_primeira_DAG_v0.hello scheduled__2024-02-14T00:00:00+00:00 [running]> on host PC-Tilto.
[2024-05-03T21:05:13.516-0300] {taskinstance.py:2644} INFO - Exporting env vars: AIRFLOW_CTX_DAG_OWNER='airflow' AIRFLOW_CTX_DAG_ID='a_primeira_DAG_v0' AIRFLOW_CTX_TASK_ID='hello' AIRFLOW_CTX_EXECUTION_DATE='2024-02-14T00:00:00+00:00' AIRFLOW_CTX_TRY_NUMBER='1' AIRFLOW_CTX_DAG_RUN_ID='scheduled__2024-02-14T00:00:00+00:00'
[2024-05-03T21:05:13.516-0300] {taskinstance.py:430} INFO - ::endgroup::
[2024-05-03T21:05:13.528-0300] {subprocess.py:63} INFO - Tmp dir root location: /tmp
[2024-05-03T21:05:13.530-0300] {subprocess.py:75} INFO - Running command: ['/usr/bin/bash', '-c', 'echo hello world']
[2024-05-03T21:05:13.535-0300] {subprocess.py:86} INFO - Output:
[2024-05-03T21:05:13.536-0300] {subprocess.py:93} INFO - hello world
[2024-05-03T21:05:13.537-0300] {subprocess.py:97} INFO - Command exited with return code 0
[2024-05-03T21:05:13.538-0300] {taskinstance.py:441} INFO - ::group::Post task execution logs
[2024-05-03T21:05:13.586-0300] {taskinstance.py:1205} INFO - Marking task as SUCCESS. dag_id=a_primeira_DAG_v0, task_id=hello, execution_date=20240214T000000, start_date=20240504T000513, end_date=20240504T000513
[2024-05-03T21:05:13.648-0300] {local_task_job_runner.py:240} INFO - Task exited with return code 0
[2024-05-03T21:05:13.668-0300] {taskinstance.py:3482} INFO - 0 downstream tasks scheduled from follow-on schedule check
[2024-05-03T21:05:13.670-0300] {local_task_job_runner.py:222} INFO - ::endgroup::
